# stats: dump at 1615341671
stats: users 9 9
stats: {load,"tsung_controller@ip-172-31-45-27"} 1 0.28125 0 0.28125 0.28125 0 0
stats: {freemem,"tsung_controller@ip-172-31-45-27"} 1 689.88671875 0 689.88671875 689.88671875 0 0
stats: {cpu,"tsung_controller@ip-172-31-45-27"} 1 13.58966126183978 0 13.58966126183978 13.58966126183978 0 0
stats: users_count 9 9
stats: finish_users_count 0 0
stats: request 17 98.48511764705881 96.13103483320985 282.092 8.138 0 0
stats: connect 8 5.315750000000001 10.639018173097556 33.453 0.918 0 0
stats: page 17 98.48511764705881 96.13103483320985 282.092 8.138 0 0
stats: 302 4 4
stats: 200 13 13
stats: size_rcv 57052 57052
stats: size_sent 6858 6858
stats: connected 8 8
# stats: dump at 1615341681
stats: users 19 19
stats: {load,"tsung_controller@ip-172-31-45-27"} 1 0.23046875 0.0 0.28125 0.23046875 0.28125 1
stats: {freemem,"tsung_controller@ip-172-31-45-27"} 1 689.359375 0.0 689.88671875 689.359375 689.88671875 1
stats: {cpu,"tsung_controller@ip-172-31-45-27"} 1 0.49975012493753124 0.0 13.58966126183978 0.49975012493753124 13.58966126183978 1
stats: users_count 10 19
stats: finish_users_count 0 0
stats: request 52 67.13365384615383 91.40375679513829 294.337 8.108 98.48511764705881 17
stats: connect 11 1.454090909090909 0.3580872048551746 33.453 0.918 5.315750000000001 8
stats: page 48 72.73870833333335 93.11918159160297 294.337 8.138 98.48511764705881 17
stats: 302 9 13
stats: 200 43 56
stats: size_rcv 177293 234345
stats: size_sent 27528 34386
stats: connected 11 19
# stats: dump at 1615341691
stats: users 13 19
stats: {load,"tsung_controller@ip-172-31-45-27"} 1 0.19921875 0.0 0.28125 0.19921875 0.255859375 2
stats: {freemem,"tsung_controller@ip-172-31-45-27"} 1 685.35546875 0.0 689.88671875 685.35546875 689.623046875 2
stats: {cpu,"tsung_controller@ip-172-31-45-27"} 1 0.3001500750375188 0.0 13.58966126183978 0.3001500750375188 7.044705693388655 2
stats: session 10 17785.3532 1984.397953600074 20682.186 13412.461 0 0
stats: users_count 4 23
stats: finish_users_count 10 10
stats: request 78 38.62896153846155 72.72671866008133 294.337 7.802 74.85792753623187 69
stats: connect 4 1.903 1.03265458891151 33.453 0.918 3.080052631578948 19
stats: page 59 51.10028813559322 80.30791855421359 294.337 7.972 79.47238461538461 65
stats: 302 18 31
stats: 200 60 116
stats: size_rcv 227978 462323
stats: size_sent 48401 82787
stats: connected -6 13
# stats: dump at 1615341701
stats: users 13 19
stats: {load,"tsung_controller@ip-172-31-45-27"} 1 0.171875 0.0 0.28125 0.171875 0.23697916666666666 3
stats: {freemem,"tsung_controller@ip-172-31-45-27"} 1 681.59375 0.0 689.88671875 681.59375 688.2005208333334 3
stats: {cpu,"tsung_controller@ip-172-31-45-27"} 1 0.2001000500250125 0.0 13.58966126183978 0.2001000500250125 4.79652048727161 3
stats: session 11 18399.744363636364 1350.7798605197922 20682.186 13412.461 17785.3532 10
stats: users_count 11 34
stats: finish_users_count 11 21
stats: request 69 33.62434782608697 67.60066724733429 294.337 7.633 55.63439455782313 147
stats: connect 9 1.269777777777778 0.25340954019477724 33.453 0.894 2.875347826086957 23
stats: page 50 46.43842000000001 76.21217809276678 294.337 7.972 65.97275806451613 124
stats: 302 17 48
stats: 200 52 168
stats: size_rcv 183196 645519
stats: newphase 1 1
stats: size_sent 40224 123011
stats: connected -2 11
# stats: dump at 1615341711
stats: users 29 30
stats: {load,"tsung_controller@ip-172-31-45-27"} 1 0.140625 0.0 0.28125 0.140625 0.220703125 4
stats: {freemem,"tsung_controller@ip-172-31-45-27"} 1 684.87890625 0.0 689.88671875 681.59375 686.548828125 4
stats: {cpu,"tsung_controller@ip-172-31-45-27"} 1 0.2001000500250125 0.0 13.58966126183978 0.2001000500250125 3.6474153779599603 4
stats: session 3 17039.953666666668 1187.2526530016914 20682.186 13412.461 18107.17714285714 21
stats: users_count 19 53
stats: finish_users_count 3 24
stats: request 91 57.80734065934066 92.41621775284409 294.337 7.416 48.60340740740741 216
stats: connect 21 1.3866190476190479 0.4567819607177896 33.453 0.869 2.42378125 32
stats: page 86 61.17368604651164 94.04519964843001 294.337 7.416 60.35944252873564 174
stats: 302 19 67
stats: 200 72 240
stats: size_rcv 311053 956572
stats: newphase 0 1
stats: size_sent 49846 172857
stats: connected 19 30
# stats: dump at 1615341721
stats: users 32 39
stats: {load,"tsung_controller@ip-172-31-45-27"} 1 0.12109375 0.0 0.28125 0.12109375 0.2046875 5
stats: {freemem,"tsung_controller@ip-172-31-45-27"} 1 681.5625 0.0 689.88671875 681.5625 686.21484375 5
stats: {cpu,"tsung_controller@ip-172-31-45-27"} 1 0.3003003003003003 0.0 13.58966126183978 0.2001000500250125 2.9579523123729707 5
stats: session 14 18468.70935714286 1747.9318292128062 21691.927 13412.461 17973.774208333332 24
stats: users_count 17 70
stats: finish_users_count 14 38
stats: request 160 43.05330625000001 79.94585207806256 294.337 6.805 51.33160912052117 307
stats: connect 17 1.3130000000000002 0.29524187491933174 33.453 0.869 2.0128301886792452 53
stats: page 126 54.69790476190476 86.80477412959115 294.337 7.416 60.628769230769244 260
stats: 302 35 102
stats: 200 125 365
stats: size_rcv 483161 1439733
stats: newphase 0 1
stats: size_sent 92383 265240
stats: connected 3 33
# stats: dump at 1615341731
stats: users 46 47
stats: {load,"tsung_controller@ip-172-31-45-27"} 1 0.1015625 0.0 0.28125 0.1015625 0.19075520833333334 6
stats: {freemem,"tsung_controller@ip-172-31-45-27"} 1 673.203125 0.0 689.88671875 673.203125 685.439453125 6
stats: {cpu,"tsung_controller@ip-172-31-45-27"} 1 0.45045045045045046 0.0 13.58966126183978 0.2001000500250125 2.515010310360859 6
stats: session 17 18553.018705882354 1716.2179635596044 21691.927 13412.461 18156.11873684211 38
stats: users_count 31 101
stats: finish_users_count 17 55
stats: request 184 37.26842934782608 73.80801602656462 294.337 6.619 48.49535974304069 467
stats: connect 30 2.1723666666666666 3.7527973165212223 33.453 0.869 1.8428714285714287 70
stats: page 146 46.99307534246576 80.39420301965531 294.337 7.416 58.69278756476685 386
stats: 302 37 139
stats: 200 147 512
stats: size_rcv 534071 1973804
stats: newphase 1 2
stats: size_sent 102943 368183
stats: connected 13 46
# stats: dump at 1615341741
stats: users 65 67
stats: {load,"tsung_controller@ip-172-31-45-27"} 1 0.078125 0.0 0.28125 0.078125 0.17801339285714285 7
stats: {freemem,"tsung_controller@ip-172-31-45-27"} 1 671.09765625 0.0 689.88671875 671.09765625 683.69140625 7
stats: {cpu,"tsung_controller@ip-172-31-45-27"} 1 0.45090180360721444 0.0 13.58966126183978 0.2001000500250125 2.220073187516515 7
stats: session 19 17337.64857894737 1526.2382296984933 21691.927 13412.461 18278.79690909091 55
stats: users_count 38 139
stats: finish_users_count 19 74
stats: request 265 51.41750566037738 88.66305006663086 294.337 6.619 45.322156682027654 651
stats: connect 39 1.4386410256410256 0.7640603240776982 33.453 0.826 1.94172 100
stats: page 227 60.040814977973575 93.26103835427371 294.337 7.119 55.4819642857143 532
stats: 302 64 203
stats: 200 201 713
stats: size_rcv 862987 2836791
stats: newphase 0 2
stats: size_sent 151835 520018
stats: connected 19 65
# stats: dump at 1615341751
stats: users 68 74
stats: {load,"tsung_controller@ip-172-31-45-27"} 1 0.0703125 0.0 0.28125 0.0703125 0.16552734375 8
stats: {freemem,"tsung_controller@ip-172-31-45-27"} 1 662.0703125 0.0 689.88671875 662.0703125 682.1171875 8
stats: {cpu,"tsung_controller@ip-172-31-45-27"} 1 0.5015045135406219 0.0 13.58966126183978 0.2001000500250125 1.9989267645278523 8
stats: session 37 17521.49727027027 1852.4988090963473 21691.927 12674.503 18037.15071621622 74
stats: users_count 40 179
stats: finish_users_count 37 111
stats: request 348 33.001686781609216 68.58745553643345 294.337 6.619 47.08554912663757 916
stats: connect 38 1.4751052631578945 0.7466482223022003 33.453 0.791 1.8005683453237409 139
stats: page 267 43.04211235955058 75.95495394905527 294.337 7.119 56.845415019762854 759
stats: 302 67 270
stats: 200 281 994
stats: size_rcv 986754 3823545
stats: newphase 0 2
stats: size_sent 205514 725532
stats: connected 3 68
# stats: dump at 1615341761
stats: users 93 94
stats: {load,"tsung_controller@ip-172-31-45-27"} 1 0.05859375 0.0 0.28125 0.05859375 0.15494791666666666 9
stats: {freemem,"tsung_controller@ip-172-31-45-27"} 1 656.171875 0.0 689.88671875 656.171875 679.8897569444445 9
stats: {cpu,"tsung_controller@ip-172-31-45-27"} 1 0.8508508508508509 0.0 13.58966126183978 0.2001000500250125 1.83254651441816 9
stats: session 36 17766.297749999998 2021.4962153066015 23170.128 12674.503 17865.266234234234 111
stats: users_count 61 240
stats: finish_users_count 36 147
stats: request 361 43.26003324099724 81.40664441893021 294.337 6.607 43.208030063291154 1264
stats: connect 61 1.3894426229508197 0.6211792203197517 33.453 0.791 1.730694915254237 177
stats: page 295 52.96124745762709 87.4107010630197 294.337 6.607 53.253327485380126 1026
stats: 302 86 356
stats: 200 275 1269
stats: size_rcv 1100588 4924133
stats: newphase 1 3
stats: size_sent 202413 927945
stats: connected 24 92
# stats: dump at 1615341771
stats: users 131 132
stats: {load,"tsung_controller@ip-172-31-45-27"} 1 0.05078125 0.0 0.28125 0.05078125 0.1453125 10
stats: {freemem,"tsung_controller@ip-172-31-45-27"} 1 652.08203125 0.0 689.88671875 652.08203125 677.51796875 10
stats: {cpu,"tsung_controller@ip-172-31-45-27"} 1 1.1488511488511488 0.0 13.58966126183978 0.2001000500250125 1.734376948061429 10
stats: session 39 18156.16069230769 1959.040725576262 23170.128 12674.503 17841.029054421768 147
stats: users_count 77 317
stats: finish_users_count 39 186
stats: request 528 44.550276515151516 82.45798193358787 294.337 6.57 43.219582769230776 1625
stats: connect 75 1.3785199999999997 0.4698434167535676 33.453 0.75 1.6432310924369746 238
stats: page 443 53.12493002257337 87.6718110065926 294.337 6.57 53.188101438304315 1321
stats: 302 113 469
stats: 200 415 1684
stats: size_rcv 1641023 6565156
stats: newphase 0 3
stats: size_sent 303608 1231553
stats: connected 36 128
# stats: dump at 1615341781
stats: users 145 148
stats: {load,"tsung_controller@ip-172-31-45-27"} 1 0.0390625 0.0 0.28125 0.0390625 0.13671875 11
stats: {freemem,"tsung_controller@ip-172-31-45-27"} 1 634.87890625 0.0 689.88671875 634.87890625 675.2056107954545 11
stats: {cpu,"tsung_controller@ip-172-31-45-27"} 1 1.5944195316392624 0.0 13.58966126183978 0.2001000500250125 1.681147329951404 11
stats: session 70 18023.240300000005 2007.3636815231662 23170.128 12674.503 17907.10504301075 186
stats: users_count 84 401
stats: finish_users_count 70 256
stats: request 693 39.39858152958151 77.6400089917965 294.337 6.118 43.54592104040874 2153
stats: connect 87 1.3441034482758625 0.355785775480255 33.453 0.75 1.5798019169329072 313
stats: page 547 49.9384954296161 84.62390070589649 294.337 6.569 53.17223696145125 1764
stats: 302 151 620
stats: 200 542 2226
stats: size_rcv 2047162 8612318
stats: newphase 0 3
stats: size_sent 400734 1632287
stats: connected 17 145
# stats: dump at 1615341791
stats: users 201 202
stats: {load,"tsung_controller@ip-172-31-45-27"} 1 0.109375 0.0 0.28125 0.0390625 0.12858072916666666 12
stats: {freemem,"tsung_controller@ip-172-31-45-27"} 1 628.9921875 0.0 689.88671875 628.9921875 671.8450520833334 12
stats: {cpu,"tsung_controller@ip-172-31-45-27"} 1 1.4536340852130327 0.0 13.58966126183978 0.2001000500250125 1.673920013425392 12
stats: session 80 17930.326774999998 1976.9106589831586 23170.128 12674.503 17938.860777343747 256
stats: users_count 136 537
stats: finish_users_count 80 336
stats: 302 193 813
stats: request 865 42.50415144508679 81.40107853202606 294.337 6.118 42.53604532677442 2846
stats: 200 672 2898
stats: size_rcv 2606918 11219236
stats: connect 135 1.4449185185185183 0.8639122044886689 33.453 0.696 1.5285374999999999 400
stats: newphase 1 4
stats: page 704 52.247916193181844 87.63626447901187 294.337 6.569 52.40682951103419 2311
stats: size_sent 491656 2123943
stats: connected 55 200
# stats: dump at 1615341801
stats: users 272 274
stats: {load,"tsung_controller@ip-172-31-45-27"} 1 0.08984375 0.0 0.28125 0.0390625 0.1271033653846154 13
stats: {freemem,"tsung_controller@ip-172-31-45-27"} 1 614.203125 0.0 689.88671875 614.203125 668.5486778846154 13
stats: {cpu,"tsung_controller@ip-172-31-45-27"} 1 2.3892483822797415 0.0 13.58966126183978 0.2001000500250125 1.656974942024441 13
stats: session 92 17440.999173913056 1859.9267693243514 23170.128 12632.816 17936.82887202381 336
stats: users_count 163 700
stats: finish_users_count 92 428
stats: request 1143 43.34099737532814 82.20569920072742 294.337 6.118 42.52861115602266 3711
stats: 302 243 1056
stats: connect 164 1.4441951219512197 1.2090606658206777 33.453 0.696 1.50743738317757 535
stats: page 942 52.59879936305738 88.05095587947865 294.337 6.182 52.36972338308458 3015
stats: 200 900 3798
stats: size_rcv 3492824 14712060
stats: newphase 0 4
stats: size_sent 652939 2776882
stats: connected 73 273
# stats: dump at 1615341811
stats: users 279 290
stats: {load,"tsung_controller@ip-172-31-45-27"} 1 0.078125 0.0 0.28125 0.0390625 0.12444196428571429 14
stats: {freemem,"tsung_controller@ip-172-31-45-27"} 1 581.109375 0.0 689.88671875 581.109375 664.6668526785714 14
stats: {cpu,"tsung_controller@ip-172-31-45-27"} 1 3.798100949525238 0.0 13.58966126183978 0.2001000500250125 1.7092801877569628 14
stats: session 144 17741.545430555554 1795.7435141562628 23170.128 12632.816 17830.24865654206 428
stats: users_count 151 851
stats: finish_users_count 144 572
stats: request 1393 39.379140703517635 77.90526189800849 294.337 6.105 42.71990852904824 4854
stats: connect 146 1.411760273972603 0.6664221409352276 33.453 0.696 1.4925994277539343 699
stats: page 1096 50.08424908759137 85.04172943378144 294.337 6.182 52.42425701288857 3957
stats: 302 308 1364
stats: 200 1085 4883
stats: size_rcv 4127313 18839373
stats: newphase 0 4
stats: size_sent 824061 3600943
stats: connected 1 274
# stats: dump at 1615341821
stats: users 378 379
stats: {load,"tsung_controller@ip-172-31-45-27"} 1 0.05859375 0.0 0.28125 0.0390625 0.12135416666666667 15
stats: {freemem,"tsung_controller@ip-172-31-45-27"} 1 561.59765625 0.0 689.88671875 561.59765625 659.0963541666666 15
stats: {cpu,"tsung_controller@ip-172-31-45-27"} 1 4.4110275689223055 0.0 13.58966126183978 0.2001000500250125 1.848534905208181 15
stats: session 162 17746.05645679012 1932.890402485286 23170.128 12632.816 17807.917774475525 572
stats: users_count 261 1112
stats: finish_users_count 162 734
stats: request 1622 44.61881011097396 84.387680959682 394.431 5.925 41.97496062109816 6247
stats: 302 366 1730
stats: 200 1256 6139
stats: size_rcv 4862477 23701850
stats: connect 263 1.4651064638783273 0.8958989474414284 33.453 0.69 1.4786319526627218 845
stats: newphase 1 5
stats: size_sent 923223 4524166
stats: page 1296 55.867645833333256 91.5688120004974 394.431 6.103 51.91670730259256 5053
stats: connected 103 377
# stats: dump at 1615341831
stats: users 538 538
stats: {load,"tsung_controller@ip-172-31-45-27"} 1 0.140625 0.0 0.28125 0.0390625 0.117431640625 16
stats: {freemem,"tsung_controller@ip-172-31-45-27"} 1 537.2890625 0.0 689.88671875 537.2890625 653.002685546875 16
stats: {cpu,"tsung_controller@ip-172-31-45-27"} 1 4.972375690607735 0.0 13.58966126183978 0.2001000500250125 2.008690696690314 16
stats: session 147 17664.1149659864 1881.9870662438743 23170.128 12632.816 17794.264459128066 734
stats: users_count 307 1419
stats: finish_users_count 147 881
stats: connect 306 1.4867254901960794 1.5476113356437382 33.453 0.69 1.4754214801444043 1108
stats: page 1786 61.3140195968645 98.71989142728277 548.639 6.103 52.72319908647033 6349
stats: 302 445 2175
stats: request 2129 51.42185767966189 92.70683126971961 548.639 5.51 42.51992489515821 7869
stats: 200 1684 7823
stats: size_rcv 6636460 30338310
stats: newphase 0 5
stats: size_sent 1210778 5734944
stats: connected 159 536
# stats: dump at 1615341841
stats: users 576 582
stats: {load,"tsung_controller@ip-172-31-45-27"} 1 0.109375 0.0 0.28125 0.0390625 0.11879595588235294 17
stats: {freemem,"tsung_controller@ip-172-31-45-27"} 1 478.96484375 0.0 689.88671875 478.96484375 646.1960018382352 17
stats: {cpu,"tsung_controller@ip-172-31-45-27"} 1 7.383224510296333 0.0 13.58966126183978 0.2001000500250125 2.183025108097221 17
stats: session 286 17788.501923076943 1965.4293048974016 23301.281 12632.816 17772.5482553916 881
stats: users_count 324 1743
stats: finish_users_count 286 1167
stats: request 2755 51.91772123411966 97.35259070536381 716.455 5.326 44.41552550510104 9998
stats: connect 327 1.3778042813455658 0.7591962865093319 33.453 0.69 1.4778677510608207 1414
stats: page 2178 65.69808907254357 107.26321051555861 716.455 6.103 54.60927228027045 8135
stats: 302 610 2785
stats: 200 2145 9968
stats: size_rcv 8148031 38486341
stats: newphase 0 5
stats: size_sent 1605782 7340726
stats: connected 41 577
# stats: dump at 1615341851
stats: users 766 775
stats: {load,"tsung_controller@ip-172-31-45-27"} 1 0.1015625 0.0 0.28125 0.0390625 0.11827256944444445 18
stats: {freemem,"tsung_controller@ip-172-31-45-27"} 1 442.5625 0.0 689.88671875 442.5625 636.9053819444445 18
stats: {cpu,"tsung_controller@ip-172-31-45-27"} 1 8.50956696878147 0.0 13.58966126183978 0.2001000500250125 2.4719250748860606 18
stats: session 308 18020.281577922073 1979.8366400847826 23301.281 11747.467 17776.45806598115 1167
stats: users_count 498 2241
stats: finish_users_count 308 1475
stats: request 3089 131.64930009711819 223.88370239393285 2022.047 5.326 46.03620685328941 12753
stats: connect 496 1.419816532258065 1.402630765786175 33.453 0.661 1.4590735209649628 1741
stats: page 2458 160.97975305126096 247.78188243189524 2022.047 6.103 56.951116842819744 10313
stats: 302 700 3485
stats: 200 2389 12357
stats: size_rcv 9026747 47513088
stats: newphase 1 6
stats: size_sent 1824985 9165711
stats: connected 193 770
# stats: dump at 1615341861
stats: users 1189 1189
stats: {load,"tsung_controller@ip-172-31-45-27"} 1 0.08984375 0.0 0.28125 0.0390625 0.11739309210526316 19
stats: {freemem,"tsung_controller@ip-172-31-45-27"} 1 412.94140625 0.0 689.88671875 412.94140625 626.6768092105264 19
stats: {cpu,"tsung_controller@ip-172-31-45-27"} 1 10.65 0.0 13.58966126183978 0.2001000500250125 2.789695700880556 19
stats: session 211 19628.813545023713 2153.8027202219746 24585.923 11747.467 17827.371721355936 1475
stats: users_count 634 2875
stats: finish_users_count 211 1686
stats: connect 631 1.344835182250396 0.9638311733285035 33.453 0.661 1.4503692445239162 2237
stats: request 3299 720.8891367080928 598.959367005761 3118.258 5.326 62.729733240752296 15842
stats: page 2789 818.307962352099 667.4861205738608 3831.28 6.103 76.97322848641448 12771
stats: 302 758 4243
stats: 200 2541 14898
stats: size_rcv 10059727 57572815
stats: newphase 0 6
stats: size_sent 2014965 11180676
stats: connected 412 1182
# stats: dump at 1615341871
stats: users 1662 1663
stats: {load,"tsung_controller@ip-172-31-45-27"} 1 0.1484375 0.0 0.28125 0.0390625 0.116015625 20
stats: {freemem,"tsung_controller@ip-172-31-45-27"} 1 289.89453125 0.0 689.88671875 289.89453125 615.9900390625 20
stats: {cpu,"tsung_controller@ip-172-31-45-27"} 1 11.514841351074718 0.0 13.58966126183978 0.2001000500250125 3.1827109158365277 20
stats: session 219 23551.958881278555 2447.3631719147465 29807.75 11747.467 18052.819067022545 1686
stats: users_count 692 3567
stats: finish_users_count 219 1905
stats: connect 689 1.288386066763425 0.5379883096725487 33.453 0.661 1.427150278940028 2868
stats: page 2947 1909.8194570749902 869.5244033034118 5531.934 6.103 209.85128586118276 15560
stats: request 3553 1634.7152735716313 614.4642146251299 3750.728 5.326 176.1651792487329 19141
stats: 302 766 5009
stats: 200 2788 17686
stats: size_rcv 10715505 68288320
stats: newphase 0 6
stats: size_sent 2203359 13384035
stats: connected 471 1653
# stats: dump at 1615341881
stats: users 2439 2439
stats: {load,"tsung_controller@ip-172-31-45-27"} 1 0.26953125 0.0 0.28125 0.0390625 0.11755952380952381 21
stats: {freemem,"tsung_controller@ip-172-31-45-27"} 1 178.16015625 0.0 689.88671875 178.16015625 600.461681547619 21
stats: {cpu,"tsung_controller@ip-172-31-45-27"} 1 13.056528264132067 0.0 13.58966126183978 0.2001000500250125 3.579479031800251 21
stats: session 347 28227.389224783852 2466.727615516847 34372.35 11747.467 18685.003644094497 1905
stats: users_count 1124 4691
stats: finish_users_count 347 2252
stats: request 5075 1843.478636256157 1286.4584785542459 5044.309 0.537 404.5175404512207 22694
stats: 302 777 5786
stats: page 4316 2178.282132761805 1608.09632695714 8078.121 0.576 480.54919479116006 18507
stats: 200 2794 20480
stats: size_rcv 11389281 79677601
stats: newphase 1 7
stats: connect 1125 1.282751111111113 0.873251966851421 33.453 0.626 1.4002712960359855 3557
stats: 502 1503 1503
stats: size_sent 2680879 16064914
stats: connected 777 2430
# stats: dump at 1615341891
stats: users 3099 3099
stats: {load,"tsung_controller@ip-172-31-45-27"} 1 0.30859375 0.0 0.30859375 0.0390625 0.12446732954545454 22
stats: {freemem,"tsung_controller@ip-172-31-45-27"} 1 99.81640625 0.0 689.88671875 99.81640625 581.2661576704545 22
stats: {cpu,"tsung_controller@ip-172-31-45-27"} 1 18.48101265822785 0.0 18.48101265822785 0.2001000500250125 4.0102539969062425 22
stats: session 547 30015.49036014625 3446.733521673016 38697.106 11747.467 20155.344583925405 2252
stats: users_count 1207 5898
stats: finish_users_count 547 2799
stats: connect 1211 1.2420148637489663 0.5301727634945876 33.453 0.553 1.3720333190944045 4682
stats: page 7281 1377.0148412305964 1814.6952012545412 8554.194 0.546 801.6031912106187 22823
stats: 302 738 6524
stats: request 8499 1174.2331396634895 1594.0656573562906 5331.818 0.537 667.498834743779 27769
stats: 200 2361 22841
stats: size_rcv 11867186 91544787
stats: newphase 0 7
stats: 502 5400 6903
stats: size_sent 4081931 20146845
stats: connected 666 3096
# stats: dump at 1615341901
stats: users 3446 3468
stats: {load,"tsung_controller@ip-172-31-45-27"} 1 0.421875 0.0 0.421875 0.0390625 0.1324728260869565 23
stats: {freemem,"tsung_controller@ip-172-31-45-27"} 1 50.30078125 0.0 689.88671875 50.30078125 560.3335597826087 23
stats: {cpu,"tsung_controller@ip-172-31-45-27"} 1 22.760041194644696 0.0 22.760041194644696 0.2001000500250125 4.639417416963704 23
stats: session 965 28450.33051917097 5401.586286932934 40822.496 11747.467 22082.28268310111 2799
stats: users_count 1312 7210
stats: finish_users_count 965 3764
stats: request 11349 946.0680385937079 1283.2215869489505 5367.926 0.518 786.246349288629 36268
stats: 302 1104 7628
stats: connect 1315 1.2561581749049424 0.47833249894130836 33.453 0.553 1.3453147802477514 5893
stats: page 9082 1185.2179349262267 1505.6200937893866 8554.194 0.53 940.7731428381584 30104
stats: 200 3175 26016
stats: size_rcv 14928861 106473648
stats: newphase 0 7
stats: 502 7072 13975
stats: size_sent 5365550 25512395
stats: connected 348 3444
# stats: dump at 1615341911
stats: users 2510 3468
stats: {load,"tsung_controller@ip-172-31-45-27"} 1 0.48046875 0.0 0.48046875 0.0390625 0.14453125 24
stats: {freemem,"tsung_controller@ip-172-31-45-27"} 1 21.9375 0.0 689.88671875 21.9375 539.0821940104167 24
stats: {cpu,"tsung_controller@ip-172-31-45-27"} 1 27.95535261288686 0.0 27.95535261288686 0.2001000500250125 5.394443407700412 24
stats: session 1312 26919.915769054896 5014.63342396007 42056.648 11747.467 23714.898560308182 3764
stats: users_count 376 7586
stats: finish_users_count 1312 5076
stats: page 7499 1281.2640280037347 1388.8976707786296 8554.194 0.53 997.4272438370823 39186
stats: request 10064 973.4624824125608 1173.7385149582592 5367.926 0.518 824.3381306256166 47617
stats: connect 378 1.509825396825397 0.9776152802510804 33.453 0.553 1.3290493895671474 7208
stats: 302 1401 9029
stats: 200 3079 29095
stats: size_rcv 14135527 120609175
stats: newphase 0 7
stats: 502 5582 19557
stats: size_sent 5250260 30762655
stats: connected -872 2572
