# stats: dump at 1615427353
stats: users 6 6
stats: {load,"tsung_controller@ip-172-31-45-17"} 1 0.01953125 0 0.01953125 0.01953125 0 0
stats: {freemem,"tsung_controller@ip-172-31-45-17"} 1 659.60546875 0 659.60546875 659.60546875 0 0
stats: {cpu,"tsung_controller@ip-172-31-45-17"} 1 3.0883362999870596 0 3.0883362999870596 3.0883362999870596 0 0
stats: users_count 6 6
stats: finish_users_count 0 0
stats: request 15 69.63513333333334 96.37656781387383 231.867 6.342 0 0
stats: connect 6 5.461833333333334 9.003156824445277 25.593 1.341 0 0
stats: page 15 69.63513333333334 96.37656781387383 231.867 6.342 0 0
stats: 302 4 4
stats: 200 11 11
stats: size_rcv 45374 45374
stats: size_sent 6497 6497
stats: connected 6 6
# stats: dump at 1615427363
stats: users 16 16
stats: {load,"tsung_controller@ip-172-31-45-17"} 1 0.01953125 0.0 0.01953125 0.01953125 0.01953125 1
stats: {freemem,"tsung_controller@ip-172-31-45-17"} 1 658.4453125 0.0 659.60546875 658.4453125 659.60546875 1
stats: {cpu,"tsung_controller@ip-172-31-45-17"} 1 0.44999999999999996 0.0 3.0883362999870596 0.44999999999999996 3.0883362999870596 1
stats: session 1 15580.345 0 15580.345 15580.345 0 0
stats: users_count 11 17
stats: finish_users_count 1 1
stats: request 54 45.4177962962963 81.22132694370083 231.867 5.834 69.63513333333334 15
stats: connect 10 1.4004 0.1475216594266754 25.593 1.266 5.461833333333334 6
stats: page 48 51.10852083333334 84.58291913067457 231.867 5.834 69.63513333333334 15
stats: 302 10 14
stats: 200 44 55
stats: size_rcv 129424 174798
stats: size_sent 28766 35263
stats: connected 9 15
# stats: dump at 1615427373
stats: users 16 18
stats: {load,"tsung_controller@ip-172-31-45-17"} 1 0.01953125 0.0 0.01953125 0.01953125 0.01953125 2
stats: {freemem,"tsung_controller@ip-172-31-45-17"} 1 654.0546875 0.0 659.60546875 654.0546875 659.025390625 2
stats: {cpu,"tsung_controller@ip-172-31-45-17"} 1 0.3001500750375188 0.0 3.0883362999870596 0.3001500750375188 1.7691681499935297 2
stats: session 8 16335.119499999999 748.2469287185554 17159.458 14741.425 15580.345 1
stats: users_count 8 25
stats: finish_users_count 8 9
stats: request 71 29.928154929577456 64.71625145846406 231.867 5.47 50.682434782608695 69
stats: connect 9 1.3894444444444445 0.06234511673136002 25.593 1.266 2.9234375000000004 16
stats: page 56 37.974642857142875 71.01732490195327 231.867 5.47 55.51961904761905 63
stats: 302 13 27
stats: 200 58 113
stats: size_rcv 132436 307234
stats: size_sent 40750 76013
stats: connected 3 18
# stats: dump at 1615427383
stats: users 29 29
stats: {load,"tsung_controller@ip-172-31-45-17"} 1 0.01171875 0.0 0.01953125 0.01171875 0.01953125 3
stats: {freemem,"tsung_controller@ip-172-31-45-17"} 1 651.7265625 0.0 659.60546875 651.7265625 657.3684895833334 3
stats: {cpu,"tsung_controller@ip-172-31-45-17"} 1 0.25037556334501754 0.0 3.0883362999870596 0.25037556334501754 1.2794954583415261 3
stats: session 8 18102.524625 1897.5216203737266 20810.941 14741.425 16251.255666666664 9
stats: users_count 21 46
stats: finish_users_count 8 17
stats: request 100 41.811550000000004 77.62350686362669 231.867 5.47 40.15704999999999 140
stats: connect 19 1.436578947368421 0.43466675871952076 25.593 1.068 2.3712000000000004 25
stats: page 84 49.79379761904761 82.51425829844425 231.867 5.47 47.26315966386555 119
stats: 302 25 52
stats: 200 75 188
stats: size_rcv 218447 525681
stats: newphase 1 1
stats: size_sent 54161 130174
stats: connected 9 27
# stats: dump at 1615427393
stats: users 27 31
stats: {load,"tsung_controller@ip-172-31-45-17"} 1 0.01171875 0.0 0.01953125 0.01171875 0.017578125 4
stats: {freemem,"tsung_controller@ip-172-31-45-17"} 1 649.7890625 0.0 659.60546875 649.7890625 655.9580078125 4
stats: {cpu,"tsung_controller@ip-172-31-45-17"} 1 0.4 0.0 3.0883362999870596 0.25037556334501754 1.022215484592399 4
stats: session 10 17748.3862 2348.659294188061 21799.6 14596.778 17122.441058823526 17
stats: users_count 8 54
stats: finish_users_count 10 27
stats: request 130 35.63159230769232 71.3516707525475 231.867 4.959 40.846424999999996 240
stats: connect 10 1.4336 0.2040834143187535 25.593 1.068 1.9676136363636365 44
stats: page 105 44.05827619047617 77.21909515922493 231.867 4.959 48.31032019704433 203
stats: 302 26 78
stats: 200 104 292
stats: size_rcv 266377 792058
stats: newphase 0 1
stats: size_sent 77011 207185
stats: connected 0 27
# stats: dump at 1615427403
stats: users 26 31
stats: {load,"tsung_controller@ip-172-31-45-17"} 1 0.01171875 0.0 0.01953125 0.01171875 0.01640625 5
stats: {freemem,"tsung_controller@ip-172-31-45-17"} 1 647.1875 0.0 659.60546875 647.1875 654.72421875 5
stats: {cpu,"tsung_controller@ip-172-31-45-17"} 1 0.4995004995004995 0.0 3.0883362999870596 0.25037556334501754 0.8977723876739192 5
stats: session 19 18090.520210526316 1851.8768530876594 21799.6 14254.943 17354.27259259259 27
stats: users_count 18 72
stats: finish_users_count 19 46
stats: request 142 33.54127464788732 70.54588042604998 270.617 4.959 39.014186486486494 370
stats: connect 18 1.3743333333333334 0.0772449207247815 25.593 1.068 1.8687222222222222 54
stats: page 106 45.04969811320755 78.95044991330091 272.215 4.959 46.86075974025973 308
stats: 302 34 112
stats: 200 108 400
stats: size_rcv 261186 1053244
stats: newphase 0 1
stats: size_sent 81521 288706
stats: connected -1 26
# stats: dump at 1615427413
stats: users 48 48
stats: {load,"tsung_controller@ip-172-31-45-17"} 1 0.01171875 0.0 0.01953125 0.01171875 0.015625 6
stats: {freemem,"tsung_controller@ip-172-31-45-17"} 1 647.88671875 0.0 659.60546875 647.1875 653.4680989583334 6
stats: {cpu,"tsung_controller@ip-172-31-45-17"} 1 0.845771144278607 0.0 3.0883362999870596 0.25037556334501754 0.8313937396450161 6
stats: session 16 17667.337625000007 2085.2361218306582 21816.283 14002.227 17658.374869565218 46
stats: users_count 38 110
stats: finish_users_count 16 62
stats: request 177 40.34642372881359 76.89160650295823 270.617 4.953 37.49630859375001 512
stats: connect 35 1.578714285714286 1.251023228548274 25.593 1.068 1.745125 72
stats: page 150 47.62837999999999 81.5769050230656 272.215 4.953 46.39705797101449 414
stats: 302 40 152
stats: 200 137 537
stats: size_rcv 387445 1440689
stats: newphase 1 2
stats: size_sent 94957 383663
stats: connected 21 47
# stats: dump at 1615427423
stats: users 65 68
stats: {load,"tsung_controller@ip-172-31-45-17"} 1 0.0 0.0 0.01953125 0.0 0.015066964285714286 7
stats: {freemem,"tsung_controller@ip-172-31-45-17"} 1 638.89453125 0.0 659.60546875 638.89453125 652.6707589285714 7
stats: {cpu,"tsung_controller@ip-172-31-45-17"} 1 0.6503251625812907 0.0 3.0883362999870596 0.25037556334501754 0.8334476545926719 7
stats: session 20 17714.9503 2062.1173728739373 22857.677 14002.227 17660.68783870968 62
stats: users_count 37 147
stats: finish_users_count 20 82
stats: request 279 38.84444086021509 75.39417699653505 270.617 4.779 38.22848621190132 689
stats: connect 39 1.4782564102564102 0.48459111593011667 25.593 1.068 1.6906915887850467 107
stats: page 236 45.93992372881359 80.12648546164284 272.215 4.779 46.72453723404254 564
stats: 302 59 211
stats: 200 220 757
stats: size_rcv 601284 2041973
stats: newphase 0 2
stats: size_sent 155316 538979
stats: connected 19 66
# stats: dump at 1615427433
stats: users 68 74
stats: {load,"tsung_controller@ip-172-31-45-17"} 1 0.0 0.0 0.01953125 0.0 0.01318359375 8
stats: {freemem,"tsung_controller@ip-172-31-45-17"} 1 632.60546875 0.0 659.60546875 632.60546875 650.94873046875 8
stats: {cpu,"tsung_controller@ip-172-31-45-17"} 1 0.7992007992007992 0.0 3.0883362999870596 0.25037556334501754 0.8105573430912492 8
stats: session 35 17503.900371428565 1657.921136009517 22857.677 14002.227 17673.922585365857 82
stats: users_count 38 185
stats: finish_users_count 35 117
stats: request 349 34.58376790830938 70.87753522269331 270.617 4.779 38.406018595041346 968
stats: connect 39 1.3088205128205128 0.09841483935294118 25.593 1.068 1.6339452054794519 146
stats: page 270 44.69576666666666 78.05268470790881 272.215 4.779 46.49307625 800
stats: 302 78 289
stats: 200 271 1028
stats: size_rcv 684853 2726826
stats: newphase 0 2
stats: size_sent 203083 742062
stats: connected 3 69
# stats: dump at 1615427443
stats: users 94 94
stats: {load,"tsung_controller@ip-172-31-45-17"} 1 0.0 0.0 0.01953125 0.0 0.01171875 9
stats: {freemem,"tsung_controller@ip-172-31-45-17"} 1 625.08984375 0.0 659.60546875 625.08984375 648.9105902777778 9
stats: {cpu,"tsung_controller@ip-172-31-45-17"} 1 0.8495752123938031 0.0 3.0883362999870596 0.25037556334501754 0.8092955048811992 9
stats: session 39 18178.269923076925 2510.3668673726106 23199.88 12541.733 17623.06123931624 117
stats: users_count 65 250
stats: finish_users_count 39 156
stats: request 398 34.53360552763819 71.25616714328964 270.617 4.76 37.39313667425968 1317
stats: connect 60 1.322733333333334 0.1252023517705992 25.593 1.068 1.5654054054054052 185
stats: page 317 43.41355520504734 77.68142290657103 279.191 4.76 46.03954953271028 1070
stats: 302 85 374
stats: 200 313 1341
stats: size_rcv 785206 3512032
stats: newphase 1 3
stats: size_sent 220815 962877
stats: connected 21 90
# stats: dump at 1615427453
stats: users 150 150
stats: {load,"tsung_controller@ip-172-31-45-17"} 1 0.0 0.0 0.01953125 0.0 0.010546875 10
stats: {freemem,"tsung_controller@ip-172-31-45-17"} 1 625.23046875 0.0 659.60546875 625.08984375 646.528515625 10
stats: {cpu,"tsung_controller@ip-172-31-45-17"} 1 0.9519038076152305 0.0 3.0883362999870596 0.25037556334501754 0.8133234756324595 10
stats: session 37 17711.51343243244 1584.651235344002 23199.88 12541.733 17761.863410256414 156
stats: users_count 93 343
stats: finish_users_count 37 193
stats: request 562 43.22254448398579 80.53866668031601 270.617 4.564 36.72952536443149 1715
stats: connect 93 1.3992903225806443 0.4528437642858561 25.593 1.068 1.5059755102040817 245
stats: page 485 50.081742268041246 84.85018567247316 279.191 4.564 45.439376351838504 1387
stats: 302 125 499
stats: 200 437 1778
stats: size_rcv 1279212 4791244
stats: newphase 0 3
stats: size_sent 311366 1274243
stats: connected 56 146
# stats: dump at 1615427463
stats: users 158 171
stats: {load,"tsung_controller@ip-172-31-45-17"} 1 0.0 0.0 0.01953125 0.0 0.009588068181818182 11
stats: {freemem,"tsung_controller@ip-172-31-45-17"} 1 607.51953125 0.0 659.60546875 607.51953125 644.5923295454545 11
stats: {cpu,"tsung_controller@ip-172-31-45-17"} 1 1.3986013986013985 0.0 3.0883362999870596 0.25037556334501754 0.8259216876308934 11
stats: session 79 17658.873632911378 1720.4112238526823 23199.88 12541.733 17752.210823834204 193
stats: users_count 87 430
stats: finish_users_count 79 272
stats: request 777 34.93805405405408 72.43372962122936 270.617 4.425 38.332106280193244 2277
stats: connect 92 1.41608695652174 0.544124119715304 25.593 1.068 1.4766213017751477 338
stats: page 612 44.38503921568629 79.35814829407963 279.191 4.425 46.64212606837607 1872
stats: 302 166 665
stats: 200 611 2389
stats: size_rcv 1510735 6301979
stats: newphase 0 3
stats: size_sent 444835 1719078
stats: connected 15 161
# stats: dump at 1615427473
stats: users 194 195
stats: {load,"tsung_controller@ip-172-31-45-17"} 1 0.0 0.0 0.01953125 0.0 0.0087890625 12
stats: {freemem,"tsung_controller@ip-172-31-45-17"} 1 593.98046875 0.0 659.60546875 593.98046875 641.5029296875 12
stats: {cpu,"tsung_controller@ip-172-31-45-17"} 1 1.7456359102244388 0.0 3.0883362999870596 0.25037556334501754 0.8736449968784354 12
stats: session 92 17976.369554347828 1938.4508018257864 23199.88 12541.733 17725.10186029412 272
stats: users_count 128 558
stats: finish_users_count 92 364
stats: connect 122 1.5585163934426218 1.862601262440786 25.593 1.068 1.4636697674418606 430
stats: page 660 46.41970606060607 82.67206335049796 448.211 4.425 46.08603220611917 2484
stats: request 845 36.22432899408291 74.99867744546351 448.211 4.425 37.46859004584153 3054
stats: 302 187 852
stats: 200 658 3047
stats: size_rcv 1613121 7915100
stats: newphase 1 4
stats: size_sent 475732 2194810
stats: connected 28 189
# stats: dump at 1615427483
stats: users 285 285
stats: {load,"tsung_controller@ip-172-31-45-17"} 1 0.0 0.0 0.01953125 0.0 0.00811298076923077 13
stats: {freemem,"tsung_controller@ip-172-31-45-17"} 1 582.78125 0.0 659.60546875 582.78125 637.8473557692307 13
stats: {cpu,"tsung_controller@ip-172-31-45-17"} 1 3.4808552958727 0.0 3.4808552958727 0.25037556334501754 0.9407212209819741 13
stats: session 73 18095.14346575343 1748.224382848645 23199.88 12541.733 17788.60907967033 364
stats: users_count 164 722
stats: finish_users_count 73 437
stats: page 961 62.81978459937556 103.77794679244815 519.227 4.425 46.156078244274816 3144
stats: 302 248 1100
stats: 200 875 3922
stats: request 1123 53.7431211041852 97.64180920855837 512.309 4.425 37.19893100795078 3899
stats: size_rcv 2543493 10458593
stats: connect 166 1.4563734939759048 1.0374192807716214 25.593 1.068 1.4846322463768116 552
stats: newphase 0 4
stats: size_sent 623204 2818014
stats: connected 92 281
# stats: dump at 1615427493
stats: users 280 307
stats: {load,"tsung_controller@ip-172-31-45-17"} 1 0.0 0.0 0.01953125 0.0 0.007533482142857144 14
stats: {freemem,"tsung_controller@ip-172-31-45-17"} 1 554.1875 0.0 659.60546875 554.1875 633.9140625 14
stats: {cpu,"tsung_controller@ip-172-31-45-17"} 1 3.790523690773067 0.0 3.790523690773067 0.25037556334501754 1.1221593691884546 14
stats: session 162 17537.759185185183 1955.0537272081035 23253.796 12541.733 17839.815052631577 437
stats: users_count 157 879
stats: finish_users_count 162 599
stats: request 1474 35.49302781546815 74.27809723370241 512.309 4.425 40.89847809637596 5022
stats: connect 161 1.397453416149068 0.4133706013266122 25.593 1.068 1.478098885793872 718
stats: page 1142 45.8402005253941 81.98721379419327 519.227 4.425 50.05713105968329 4105
stats: 302 318 1418
stats: 200 1156 5078
stats: size_rcv 2793340 13251933
stats: newphase 0 4
stats: size_sent 856174 3674188
stats: connected 1 282
# stats: dump at 1615427503
stats: users 385 387
stats: {load,"tsung_controller@ip-172-31-45-17"} 1 0.0 0.0 0.01953125 0.0 0.007031250000000001 15
stats: {freemem,"tsung_controller@ip-172-31-45-17"} 1 535.74609375 0.0 659.60546875 535.74609375 628.5989583333334 15
stats: {cpu,"tsung_controller@ip-172-31-45-17"} 1 3.6108324974924777 0.0 3.790523690773067 0.25037556334501754 1.300050323960762 15
stats: session 157 17949.328006369422 1735.5792974655385 23253.796 12541.733 17758.1238163606 599
stats: users_count 262 1141
stats: finish_users_count 157 756
stats: connect 254 1.4276299212598424 0.5413200008836613 25.593 1.068 1.4633276450511947 879
stats: page 1221 129.40763144963154 230.9048175295092 1561.916 4.425 49.13932380407852 5247
stats: request 1543 104.42966882696038 201.83254628413724 1295.436 4.344 39.67193349753696 6496
stats: 302 338 1756
stats: 200 1205 6283
stats: size_rcv 2982481 16234414
stats: newphase 1 5
stats: size_sent 863884 4538072
stats: connected 98 380
# stats: dump at 1615427513
stats: users 584 584
stats: {load,"tsung_controller@ip-172-31-45-17"} 1 0.0 0.0 0.01953125 0.0 0.006591796875000001 16
stats: {freemem,"tsung_controller@ip-172-31-45-17"} 1 506.61328125 0.0 659.60546875 506.61328125 622.795654296875 16
stats: {cpu,"tsung_controller@ip-172-31-45-17"} 1 5.591612581128307 0.0 5.591612581128307 0.25037556334501754 1.4444742098064942 16
stats: session 124 19397.28903225805 2000.8383929169236 23808.609 12541.733 17797.831564814813 756
stats: users_count 323 1464
stats: finish_users_count 124 880
stats: request 1816 509.98847907488926 477.8607110032187 2121.281 4.344 52.101487622838654 8039
stats: connect 326 1.485957055214724 1.299438632214673 25.593 1.068 1.45532480141218 1133
stats: page 1557 592.2237642903002 551.4999950938293 3419.977 4.425 64.29201453308598 6468
stats: 302 414 2170
stats: 200 1402 7685
stats: size_rcv 4088378 20322792
stats: newphase 0 5
stats: size_sent 1035525 5573597
stats: connected 202 582
# stats: dump at 1615427523
stats: users 784 786
stats: {load,"tsung_controller@ip-172-31-45-17"} 1 0.0 0.0 0.01953125 0.0 0.006204044117647059 17
stats: {freemem,"tsung_controller@ip-172-31-45-17"} 1 452.88671875 0.0 659.60546875 452.88671875 615.9613970588235 17
stats: {cpu,"tsung_controller@ip-172-31-45-17"} 1 6.428930185836264 0.0 6.428930185836264 0.25037556334501754 1.6884235257666007 17
stats: session 121 22184.837371900827 2060.718823217239 26700.609 12541.733 18023.209662499998 880
stats: users_count 321 1785
stats: finish_users_count 121 1001
stats: connect 555 1.4581945945945944 0.6525827895892431 25.593 0.868 1.462169294037012 1459
stats: page 1619 1420.4552056825214 742.7904765760579 4348.185 0.67 166.72064186915856 8025
stats: request 1980 1208.4695388888863 574.1173335844819 2836.834 0.67 136.4772132927447 9855
stats: 302 429 2599
stats: 200 1550 9235
stats: size_rcv 4065775 24388567
stats: newphase 0 5
stats: size_sent 1241503 6815100
stats: connected 83 665
# stats: dump at 1615427533
stats: users 1068 1068
stats: {load,"tsung_controller@ip-172-31-45-17"} 1 0.0 0.0 0.01953125 0.0 0.005859375000000001 18
stats: {freemem,"tsung_controller@ip-172-31-45-17"} 1 402.609375 0.0 659.60546875 402.609375 606.9016927083334 18
stats: {cpu,"tsung_controller@ip-172-31-45-17"} 1 9.481481481481481 0.0 9.481481481481481 0.25037556334501754 1.951785006881582 18
stats: session 243 25697.536633744858 2168.548868276501 30482.957 12541.733 18526.26356143856 1001
stats: users_count 527 2312
stats: finish_users_count 243 1244
stats: request 2798 1237.649314152967 804.031822474526 3120.245 0.67 315.82193696662387 11835
stats: 302 475 3074
stats: connect 1850 1.2826583783783763 0.8012305886994336 27.245 0.868 1.4610739821251242 2014
stats: page 2310 1505.3147991342005 1060.0496293035671 4652.143 0.67 377.1930867897138 9644
stats: 200 1631 10866
stats: size_rcv 4453668 28842235
stats: newphase 1 6
stats: 502 691 691
stats: size_sent 1486206 8301306
stats: connected 5 670
# stats: dump at 1615427543
stats: users 1428 1431
stats: {load,"tsung_controller@ip-172-31-45-17"} 1 0.0 0.0 0.01953125 0.0 0.005550986842105264 19
stats: {freemem,"tsung_controller@ip-172-31-45-17"} 1 410.35546875 0.0 659.60546875 402.609375 596.1494654605264 19
stats: {cpu,"tsung_controller@ip-172-31-45-17"} 1 15.755785327424915 0.0 15.755785327424915 0.25037556334501754 2.3480848213342083 19
stats: session 308 26956.7537987013 2933.1360769643693 33752.147 12541.733 19927.082979903535 1244
stats: users_count 668 2980
stats: finish_users_count 308 1552
stats: request 4384 868.3277417883216 1100.1233791722386 4043.348 0.67 492.0860660835096 14633
stats: 302 438 3512
stats: connect 2939 1.1950990132698156 0.4704980978538484 27.245 0.833 1.3756524327122144 3864
stats: 200 1356 12222
stats: size_rcv 4599902 33442137
stats: page 3724 1025.4630526315793 1322.6455755049026 6126.054 0.67 595.1921796051533 11954
stats: newphase 0 6
stats: 502 2590 3281
stats: size_sent 2074571 10375877
stats: connected 73 743
# stats: dump at 1615427553
stats: users 1573 1581
stats: {load,"tsung_controller@ip-172-31-45-17"} 1 0.0703125 0.0 0.0703125 0.0 0.0052734375 20
stats: {freemem,"tsung_controller@ip-172-31-45-17"} 1 361.0 0.0 659.60546875 361.0 586.859765625 20
stats: {cpu,"tsung_controller@ip-172-31-45-17"} 1 18.79775853285787 0.0 18.79775853285787 0.25037556334501754 3.0184698466387436 20
stats: session 499 24783.845052104236 4420.449505640796 38006.704 12541.733 21322.146518685568 1552
stats: users_count 644 3624
stats: finish_users_count 499 2051
stats: request 5661 694.3645636813276 907.9655127766802 4043.348 0.67 578.821277015302 19017
stats: 302 620 4132
stats: 200 1690 13912
stats: connect 3594 1.2215055648302737 0.6254930570213736 27.245 0.823 1.2976505953255892 6803
stats: size_rcv 5430922 38873059
stats: page 4529 868.7804387281943 1108.4758311830535 6126.054 0.67 697.394547965302 15678
stats: newphase 0 6
stats: 502 3351 6632
stats: size_sent 2664954 13040831
stats: connected 57 800
# stats: dump at 1615427563
stats: users 1982 1984
stats: {load,"tsung_controller@ip-172-31-45-17"} 1 0.05859375 0.0 0.0703125 0.0 0.008370535714285714 21
stats: {freemem,"tsung_controller@ip-172-31-45-17"} 1 296.16796875 0.0 659.60546875 296.16796875 576.1045386904761 21
stats: {cpu,"tsung_controller@ip-172-31-45-17"} 1 22.239185750636132 0.0 22.239185750636132 0.25037556334501754 3.7698645459825117 21
stats: session 721 23792.993062413334 4030.107057892411 38813.666 12541.733 22164.363763042424 2051
stats: users_count 1130 4754
stats: finish_users_count 721 2772
stats: request 7007 530.1903122591688 820.5750781141456 4043.348 0.67 605.326283329281 24678
stats: connect 4405 1.2337872871736633 0.5500463428392617 27.245 0.823 1.2713290372222743 10397
stats: page 5586 668.8151695309687 990.4423057275505 6126.054 0.67 735.8073108328795 20207
stats: 302 685 4817
stats: 200 1636 15548
stats: size_rcv 5577079 44450138
stats: newphase 1 7
stats: 502 4686 11318
stats: size_sent 3064569 16105400
stats: connected 67 867
# stats: dump at 1615427573
stats: users 2479 2479
stats: {load,"tsung_controller@ip-172-31-45-17"} 1 0.12890625 0.0 0.12890625 0.0 0.01065340909090909 22
stats: {freemem,"tsung_controller@ip-172-31-45-17"} 1 275.6484375 0.0 659.60546875 275.6484375 563.3801491477273 22
stats: {cpu,"tsung_controller@ip-172-31-45-17"} 1 25.672877846790893 0.0 25.672877846790893 0.25037556334501754 4.6093791461940405 22
stats: session 709 22643.06945557129 3810.3420333838744 38813.666 12541.733 22587.971888888897 2772
stats: users_count 1206 5960
stats: finish_users_count 709 3481
stats: request 9042 423.8371532846721 858.4790567171978 4326.736 0.67 588.7102899794853 31685
stats: connect 5746 1.2495257570483782 0.6455633485684878 27.245 0.806 1.2601568031347097 14802
stats: page 7540 510.6966494694962 978.4749376126243 6126.054 0.67 721.2987968441043 25793
stats: 302 544 5361
stats: 200 1425 16973
stats: size_rcv 6248235 50698373
stats: newphase 0 7
stats: 502 7074 18392
stats: size_sent 3461300 19566700
stats: connected 137 1004
# stats: dump at 1615427583
stats: users 2568 2607
stats: {load,"tsung_controller@ip-172-31-45-17"} 1 0.33984375 0.0 0.33984375 0.0 0.01579483695652174 23
stats: {freemem,"tsung_controller@ip-172-31-45-17"} 1 229.38671875 0.0 659.60546875 229.38671875 550.8700747282609 23
stats: {cpu,"tsung_controller@ip-172-31-45-17"} 1 30.909090909090907 0.0 30.909090909090907 0.25037556334501754 5.525183437524339 23
stats: session 1158 20843.177078583758 3329.7674859927915 38813.666 12541.733 22599.194001723663 3481
stats: users_count 1247 7207
stats: finish_users_count 1158 4639
stats: request 11104 342.789083303315 715.9821324073911 4326.736 0.67 552.1060003928598 40727
stats: connect 6489 1.2958195407612887 0.62278980751875 27.245 0.806 1.257183959509439 20548
stats: page 8639 439.1240027780993 830.695137998735 6126.054 0.67 673.6601147211468 33333
stats: 302 727 6088
stats: 200 1646 18619
stats: size_rcv 6901634 57600007
stats: newphase 0 7
stats: 502 8731 27123
stats: size_sent 4288663 23855363
stats: connected 146 1150
# stats: dump at 1615427593
stats: users 1564 2607
stats: {load,"tsung_controller@ip-172-31-45-17"} 1 0.2890625 0.0 0.33984375 0.0 0.029296875 24
stats: {freemem,"tsung_controller@ip-172-31-45-17"} 1 174.671875 0.0 659.60546875 174.671875 537.4749348958334 24
stats: {cpu,"tsung_controller@ip-172-31-45-17"} 1 36.40973630831643 0.0 36.40973630831643 0.25037556334501754 6.582846248839613 24
stats: session 1286 21083.471167962663 3299.7474940921566 38813.666 12541.733 22160.852204569965 4639
stats: users_count 282 7489
stats: finish_users_count 1286 5925
stats: connect 4719 1.2572470862470935 0.5713352899484344 27.245 0.806 1.266456670488588 27037
stats: page 6809 578.9303225143174 904.2714071792382 6207.942 0.67 625.3860874868957 41972
stats: request 9145 426.95711634773215 746.9515853256845 4326.736 0.67 507.2630483494435 51831
stats: 302 1052 7140
stats: 200 2265 20884
stats: size_rcv 7115134 64715141
stats: newphase 0 7
stats: 502 5827 32950
stats: size_sent 3689932 27545295
stats: connected 0 1150
# stats: dump at 1615427603
stats: users 245 2607
stats: {load,"tsung_controller@ip-172-31-45-17"} 1 0.23828125 0.0 0.33984375 0.0 0.0396875 25
stats: {freemem,"tsung_controller@ip-172-31-45-17"} 1 163.32421875 0.0 659.60546875 163.32421875 522.9628125 25
stats: {cpu,"tsung_controller@ip-172-31-45-17"} 1 28.774783934926283 0.0 36.40973630831643 0.25037556334501754 7.775921851218686 25
stats: session 1319 19916.211960576176 2649.015059951181 38813.666 12541.733 21927.010514599166 5925
stats: users_count 0 7489
stats: finish_users_count 1319 7244
stats: page 3324 22.485460589650994 101.48805544811728 6207.942 0.67 618.9016508476656 48781
stats: request 5790 11.633036614853223 58.97694667152041 4326.736 0.67 495.2190023615852 60976
stats: connect 565 1.2457327433628305 0.33668443418118943 27.245 0.806 1.265088109333669 31756
stats: 302 2159 9299
stats: 200 3631 24515
stats: size_rcv 5142094 69857235
stats: newphase 0 7
stats: 502 0 32950
stats: size_sent 3537698 31082993
stats: connected -872 278
# stats: dump at 1615427613
stats: users 0 2607
stats: {load,"tsung_controller@ip-172-31-45-17"} 1 0.19921875 0.0 0.33984375 0.0 0.04732572115384615 26
stats: {freemem,"tsung_controller@ip-172-31-45-17"} 1 546.9765625 0.0 659.60546875 163.32421875 509.13055889423083 26
stats: {cpu,"tsung_controller@ip-172-31-45-17"} 1 10.9963861641714 0.0 36.40973630831643 0.25037556334501754 8.583570392899748 26
stats: session 245 21548.420604081624 2099.490417868582 38813.666 12541.733 21560.880849668694 7244
stats: users_count 0 7489
stats: finish_users_count 245 7489
stats: request 635 5.323051968503933 1.4089820725487756 4326.736 0.67 453.28204729952404 66766
stats: page 318 10.739918238993717 2.3358437339192824 6207.942 0.67 580.8537203915166 52105
stats: connect 0 0 0 27.245 0.806 1.2647497602178148 32321
stats: 302 289 9588
stats: 200 346 24861
stats: size_rcv 494603 70351838
stats: newphase 0 7
stats: 502 0 32950
stats: size_sent 460452 31543445
stats: connected -278 0
# stats: dump at 1615427623
stats: users 0 2607
stats: {load,"tsung_controller@ip-172-31-45-17"} 1 0.171875 0.0 0.33984375 0.0 0.05295138888888889 27
stats: {freemem,"tsung_controller@ip-172-31-45-17"} 1 643.9921875 0.0 659.60546875 163.32421875 510.5322627314815 27
stats: {cpu,"tsung_controller@ip-172-31-45-17"} 1 1.0015022533800702 0.0 36.40973630831643 0.25037556334501754 8.672933939983883 27
stats: session 0 0 0 38813.666 12541.733 21560.473217118444 7489
stats: users_count 0 7489
stats: finish_users_count 0 7489
stats: request 0 0 0 4326.736 0.67 449.06172472218543 67401
stats: connect 0 0 0 27.245 0.806 1.2647497602178148 32321
stats: page 0 0 0 6207.942 0.67 577.3953874253663 52423
stats: 302 0 9588
stats: 200 0 24861
stats: size_rcv 0 70351838
stats: newphase 0 7
stats: 502 0 32950
stats: size_sent 0 31543445
stats: connected 0 0
