
=INFO REPORT==== 7-Mar-2021::05:13:52 ===
    ts_config_server:(5:<0.127.0>) Config server started, logdir is "/home/ec2-user/.tsung/log/20210307-0513"
 
=INFO REPORT==== 7-Mar-2021::05:13:52 ===
              ts_mon:(5:<0.110.0>) starting monitor, global 

=INFO REPORT==== 7-Mar-2021::05:13:52 ===
           ts_config:(5:<0.127.0>) Reading config file: tsung_example.xml

=INFO REPORT==== 7-Mar-2021::05:13:53 ===
           ts_config:(5:<0.127.0>) Session name for id 1 is "comment_test"

=INFO REPORT==== 7-Mar-2021::05:13:53 ===
    ts_config_server:(4:<0.127.0>) SYSINFO:Tsung version: 1.7.0

=INFO REPORT==== 7-Mar-2021::05:13:53 ===
    ts_config_server:(4:<0.127.0>) SYSINFO:Erlang version: Erlang/OTP 22 [erts-10.6] [source] [64-bit] [smp:2:2] [ds:2:2:10] [async-threads:8] [hipe]


=INFO REPORT==== 7-Mar-2021::05:13:53 ===
    ts_config_server:(4:<0.127.0>) SYSINFO:System architecture x86_64-redhat-linux-gnu

=INFO REPORT==== 7-Mar-2021::05:13:53 ===
    ts_config_server:(4:<0.127.0>) SYSINFO:Current path: /usr/lib/tsung/tsung-1.7.0/ebin/tsung.beam

=INFO REPORT==== 7-Mar-2021::05:13:53 ===
              ts_mon:(5:<0.128.0>) Activate clients with text backend

=INFO REPORT==== 7-Mar-2021::05:13:53 ===
              ts_mon:(5:<0.128.0>) Starting tsung clients on hosts: [localhost]

=INFO REPORT==== 7-Mar-2021::05:13:53 ===
    ts_config_server:(5:<0.127.0>) Start a launcher on the controller beam localhost

=INFO REPORT==== 7-Mar-2021::05:13:53 ===
  ts_launcher_static:(5:<0.182.0>) Launch msg receive ("localhost")

=INFO REPORT==== 7-Mar-2021::05:13:53 ===
         ts_launcher:(5:<0.183.0>) Launch msg receive ("localhost")

=INFO REPORT==== 7-Mar-2021::05:13:53 ===
    ts_config_server:(5:<0.127.0>) New arrival phase 1 for client "localhost" (last ? true): will start 5 users

=INFO REPORT==== 7-Mar-2021::05:13:53 ===
    ts_config_server:(5:<0.127.0>) New arrival phase 2 for client "localhost" (last ? true): will start 10 users

=INFO REPORT==== 7-Mar-2021::05:13:53 ===
    ts_config_server:(5:<0.127.0>) New arrival phase 3 for client "localhost" (last ? true): will start 20 users

=INFO REPORT==== 7-Mar-2021::05:13:53 ===
    ts_config_server:(5:<0.127.0>) New arrival phase 4 for client "localhost" (last ? true): will start 40 users

=INFO REPORT==== 7-Mar-2021::05:13:53 ===
    ts_config_server:(5:<0.127.0>) New arrival phase 5 for client "localhost" (last ? true): will start 80 users

=INFO REPORT==== 7-Mar-2021::05:13:53 ===
    ts_config_server:(5:<0.127.0>) New arrival phase 6 for client "localhost" (last ? true): will start 160 users

=INFO REPORT==== 7-Mar-2021::05:13:53 ===
    ts_config_server:(5:<0.127.0>) New arrival phase 7 for client "localhost" (last ? true): will start 320 users

=INFO REPORT==== 7-Mar-2021::05:13:53 ===
         ts_launcher:(5:<0.183.0>) Expected duration of first phase: 5.0 sec (5 users) 

=INFO REPORT==== 7-Mar-2021::05:13:53 ===
         ts_launcher:(5:<0.183.0>) Activate launcher (5 users) in 2456 msec 

=INFO REPORT==== 7-Mar-2021::05:13:57 ===
         ts_launcher:(4:<0.183.0>) Need to wait 2.748 sec before changing phase, going to sleep

=INFO REPORT==== 7-Mar-2021::05:14:00 ===
         ts_launcher:(5:<0.183.0>) Waking up

=INFO REPORT==== 7-Mar-2021::05:14:00 ===
         ts_launcher:(5:<0.183.0>) Start a new arrival phase (10 users, 0.002); expected duration=5.0 sec

=INFO REPORT==== 7-Mar-2021::05:14:04 ===
         ts_launcher:(4:<0.183.0>) Need to wait 0.139 sec before changing phase, going to sleep

=INFO REPORT==== 7-Mar-2021::05:14:05 ===
         ts_launcher:(5:<0.183.0>) Waking up

=INFO REPORT==== 7-Mar-2021::05:14:05 ===
         ts_launcher:(5:<0.183.0>) Start a new arrival phase (20 users, 0.004); expected duration=5.0 sec

=INFO REPORT==== 7-Mar-2021::05:14:08 ===
         ts_launcher:(4:<0.183.0>) Need to wait 1.23 sec before changing phase, going to sleep

=INFO REPORT==== 7-Mar-2021::05:14:10 ===
         ts_launcher:(5:<0.183.0>) Waking up

=INFO REPORT==== 7-Mar-2021::05:14:10 ===
         ts_launcher:(5:<0.183.0>) Start a new arrival phase (40 users, 0.008); expected duration=5.0 sec

=INFO REPORT==== 7-Mar-2021::05:14:15 ===
         ts_launcher:(4:<0.183.0>) Phase duration exceeded, more than 20% (30.0%) of users were not launched in time (12 users), tsung may be overloaded !

=INFO REPORT==== 7-Mar-2021::05:14:15 ===
         ts_launcher:(5:<0.183.0>) Start a new arrival phase (80 users, 0.016); expected duration=5.0 sec

=INFO REPORT==== 7-Mar-2021::05:14:20 ===
         ts_launcher:(5:<0.183.0>) Phase duration exceeded, but not all users were launched (8 users, 10.0% of phase)

=INFO REPORT==== 7-Mar-2021::05:14:20 ===
         ts_launcher:(5:<0.183.0>) Start a new arrival phase (160 users, 0.032); expected duration=5.0 sec

=INFO REPORT==== 7-Mar-2021::05:14:25 ===
         ts_launcher:(5:<0.183.0>) Phase duration exceeded, but not all users were launched (1 users, 0.6% of phase)

=INFO REPORT==== 7-Mar-2021::05:14:25 ===
         ts_launcher:(5:<0.183.0>) Start a new arrival phase (320 users, 0.064); expected duration=5.0 sec

=INFO REPORT==== 7-Mar-2021::05:14:30 ===
         ts_launcher:(5:<0.183.0>) Phase duration exceeded, but not all users were launched (15 users, 4.7% of phase)

=INFO REPORT==== 7-Mar-2021::05:14:30 ===
         ts_launcher:(5:<0.183.0>) This was the last phase, wait for connected users to finish their session

=INFO REPORT==== 7-Mar-2021::05:14:55 ===
     ts_launcher_mgr:(5:<0.176.0>) No more active users 'tsung_controller@ip-172-31-43-202' "2580"
