# stats: dump at 1615094043
stats: users 4 6
stats: {load,"tsung_controller@ip-172-31-43-202"} 1 0.0 0 0.0 0.0 0 0
stats: {cpu,"tsung_controller@ip-172-31-43-202"} 1 2.911679068262698 0 2.911679068262698 2.911679068262698 0 0
stats: {freemem,"tsung_controller@ip-172-31-43-202"} 1 690.61328125 0 690.61328125 690.61328125 0 0
stats: session 3 5796.209 581.5964735008858 6613.45 5307.155 0 0
stats: users_count 7 7
stats: finish_users_count 3 3
stats: request 36 54.15308333333334 76.64857239098708 228.252 4.033 0 0
stats: connect 7 2.714428571428571 3.918258026111051 12.261 0.836 0 0
stats: page 15 130.15033333333338 154.76321719395156 380.651 6.31 0 0
stats: 302 16 16
stats: 200 20 20
stats: size_rcv 1611858 1611858
stats: newphase 1 1
stats: size_sent 20872 20872
stats: connected 4 4
# stats: dump at 1615094053
stats: users 36 38
stats: {load,"tsung_controller@ip-172-31-43-202"} 1 0.0 0.0 0.0 0.0 0.0 1
stats: {cpu,"tsung_controller@ip-172-31-43-202"} 1 0.997506234413965 0.0 2.911679068262698 0.997506234413965 2.911679068262698 1
stats: {freemem,"tsung_controller@ip-172-31-43-202"} 1 688.24609375 0.0 690.61328125 688.24609375 690.61328125 1
stats: session 10 8254.495299999999 1066.4825274625034 10076.335 5307.155 5796.209 3
stats: users_count 42 49
stats: finish_users_count 10 13
stats: connect 41 1.3206585365853654 0.994603551605438 12.261 0.833 2.714428571428571 7
stats: page 68 486.1504411764705 638.4174496842214 3043.292 5.13 130.15033333333338 15
stats: request 158 275.2702911392406 318.37172954839565 1426.603 4.033 54.15308333333334 36
stats: 302 63 79
stats: 200 95 115
stats: size_rcv 7717766 9329624
stats: newphase 2 3
stats: size_sent 91004 111876
stats: connected 33 37
# stats: dump at 1615094063
stats: users 175 175
stats: {load,"tsung_controller@ip-172-31-43-202"} 1 0.0 0.0 0.0 0.0 0.0 2
stats: {cpu,"tsung_controller@ip-172-31-43-202"} 1 2.0874751491053676 0.0 2.911679068262698 0.997506234413965 1.9545926513383316 2
stats: {freemem,"tsung_controller@ip-172-31-43-202"} 1 672.234375 0.0 690.61328125 672.234375 689.4296875 2
stats: session 29 9002.46165517241 1374.3679538162203 12054.56 5307.155 7687.198461538461 13
stats: users_count 168 217
stats: finish_users_count 29 42
stats: request 356 460.1813314606739 513.6586828558591 3060.823 3.944 234.23823195876298 194
stats: connect 164 0.9925182926829258 0.22632443453011816 12.261 0.73 1.523916666666666 48
stats: page 173 682.5292254335261 696.2671712425852 4398.931 4.78 421.81307228915654 83
stats: 302 139 218
stats: 200 217 332
stats: size_rcv 11679029 21008653
stats: newphase 2 5
stats: size_sent 221197 333073
stats: connected 134 171
# stats: dump at 1615094073
stats: users 462 536
stats: {load,"tsung_controller@ip-172-31-43-202"} 1 0.078125 0.0 0.078125 0.0 0.0 3
stats: {cpu,"tsung_controller@ip-172-31-43-202"} 1 5.097087378640777 0.0 5.097087378640777 0.997506234413965 1.9988868172606769 3
stats: {freemem,"tsung_controller@ip-172-31-43-202"} 1 652.12109375 0.0 690.61328125 652.12109375 683.6979166666666 3
stats: session 95 9395.634747368425 3632.7618498659613 20240.166 4573.353 8595.356380952378 42
stats: users_count 382 599
stats: finish_users_count 95 137
stats: request 1781 634.0867697922522 1635.0218867505805 7494.43 0.335 380.4850381818181 550
stats: 302 85 303
stats: 200 177 509
stats: page 729 1071.9624759945125 2214.5205515904995 12327.217 1.089 598.00016015625 256
stats: size_rcv 9565094 30573747
stats: newphase 1 6
stats: 502 1519 1519
stats: size_sent 655428 988501
stats: connected 308 479
stats: connect 387 1.180134366925064 1.3201932176073046 16.645 0.67 1.1128349056603764 212
# stats: dump at 1615094083
stats: users 214 536
stats: {load,"tsung_controller@ip-172-31-43-202"} 1 0.1484375 0.0 0.1484375 0.0 0.01953125 4
stats: {cpu,"tsung_controller@ip-172-31-43-202"} 1 9.375 0.0 9.375 0.997506234413965 2.7734369576057016 4
stats: {freemem,"tsung_controller@ip-172-31-43-202"} 1 611.8828125 0.0 690.61328125 611.8828125 675.8037109375 4
stats: session 248 11047.704036290324 4577.015836239693 27325.179 4409.563 9150.293934306572 137
stats: users_count 0 599
stats: finish_users_count 248 385
stats: 302 78 381
stats: request 1570 1100.8472955414013 2633.734827969388 9315.045 0.335 574.2493813813819 2331
stats: 200 158 667
stats: size_rcv 14849210 45422957
stats: newphase 0 6
stats: 502 1334 2853
stats: connect 0 0 0 16.645 0.67 1.15631552587646 599
stats: size_sent 730070 1718571
stats: page 490 2196.281316326525 4150.230176428829 21971.79 1.089 948.780391878172 985
stats: connected -260 219
# stats: dump at 1615094093
stats: users 45 536
stats: {load,"tsung_controller@ip-172-31-43-202"} 1 0.19921875 0.0 0.19921875 0.0 0.0453125 5
stats: {cpu,"tsung_controller@ip-172-31-43-202"} 1 3.7717121588089335 0.0 9.375 0.997506234413965 4.093749566084561 5
stats: {freemem,"tsung_controller@ip-172-31-43-202"} 1 605.953125 0.0 690.61328125 605.953125 663.01953125 5
stats: session 169 25430.651674556222 5429.125364039609 35347.401 4409.563 10372.52174025974 385
stats: users_count 0 599
stats: finish_users_count 169 554
stats: request 732 3104.4975532786875 3196.4217255983804 10419.992 0.335 786.1844557805694 3901
stats: 302 422 803
stats: 200 262 929
stats: page 269 12375.372706319702 8009.316794920731 26279.02 1.089 1363.204427796608 1475
stats: size_rcv 16230999 61653956
stats: newphase 0 6
stats: 502 48 2901
stats: size_sent 386530 2105101
stats: connected -166 53
stats: connect 0 0 0 16.645 0.67 1.15631552587646 599
# stats: dump at 1615094095
stats: users 0 536
stats: {load,"tsung_controller@ip-172-31-43-202"} 1 0.171875 0.0 0.19921875 0.0 0.07096354166666667 6
stats: {cpu,"tsung_controller@ip-172-31-43-202"} 1 3.2657100445324097 0.0 9.375 0.997506234413965 4.040076664871957 6
stats: {freemem,"tsung_controller@ip-172-31-43-202"} 1 677.21484375 0.0 690.61328125 605.953125 653.5084635416666 6
stats: session 45 27792.663355555545 3243.3850259207907 35347.401 4409.563 14966.066792418775 554
stats: users_count 0 599
stats: finish_users_count 45 599
stats: connect 0 0 0 16.645 0.67 1.15631552587646 599
stats: request 159 6.869276729559745 2.3913177807335013 10419.992 0.335 1152.4709197064537 4633
stats: page 53 20.896905660377364 4.1752082188012265 26279.02 1.089 3061.7556129587138 1744
stats: 302 106 909
stats: 200 53 982
stats: size_rcv 84082 61738038
stats: newphase 0 6
stats: 502 0 2901
stats: size_sent 113702 2218803
stats: connected -53 0
EndMonitor:{1615,94095,784472}
