# stats: dump at 1615422552
stats: users 8 8
stats: {load,"tsung_controller@ip-172-31-45-17"} 1 0.01171875 0 0.01171875 0.01171875 0 0
stats: {freemem,"tsung_controller@ip-172-31-45-17"} 1 672.91015625 0 672.91015625 672.91015625 0 0
stats: {cpu,"tsung_controller@ip-172-31-45-17"} 1 5.640515021459228 0 5.640515021459228 5.640515021459228 0 0
stats: users_count 8 8
stats: finish_users_count 0 0
stats: page 14 60.41671428571429 90.56531424370603 238.025 8.47 0 0
stats: 302 3 3
stats: request 14 60.41671428571429 90.56531424370603 238.025 8.47 0 0
stats: 200 11 11
stats: size_rcv 37385 37385
stats: connect 8 2.679375 3.1445660248077156 10.964 1.294 0 0
stats: size_sent 4736 4736
stats: connected 8 8
# stats: dump at 1615422562
stats: users 19 19
stats: {load,"tsung_controller@ip-172-31-45-17"} 1 0.01171875 0.0 0.01171875 0.01171875 0.01171875 1
stats: {freemem,"tsung_controller@ip-172-31-45-17"} 1 674.765625 0.0 674.765625 672.91015625 672.91015625 1
stats: {cpu,"tsung_controller@ip-172-31-45-17"} 1 0.5991013479780329 0.0 5.640515021459228 0.5991013479780329 5.640515021459228 1
stats: users_count 11 19
stats: finish_users_count 0 0
stats: request 56 50.75178571428574 83.50824718718212 238.148 7.391 60.41671428571429 14
stats: connect 10 1.3715000000000002 0.14692940481741565 10.964 1.246 2.679375 8
stats: page 52 54.66525000000003 85.5282341777972 238.148 7.391 60.41671428571429 14
stats: 302 10 13
stats: 200 46 57
stats: size_rcv 141015 178400
stats: size_sent 30006 34742
stats: connected 10 18
# stats: dump at 1615422572
stats: users 19 25
stats: {load,"tsung_controller@ip-172-31-45-17"} 1 0.01171875 0.0 0.01171875 0.01171875 0.01171875 2
stats: {freemem,"tsung_controller@ip-172-31-45-17"} 1 668.4765625 0.0 674.765625 668.4765625 673.837890625 2
stats: {cpu,"tsung_controller@ip-172-31-45-17"} 1 0.4 0.0 5.640515021459228 0.4 3.1198081847186305 2
stats: session 11 17036.517454545457 1479.4339291553601 19216.43 14458.043 0 0
stats: users_count 11 30
stats: finish_users_count 11 11
stats: request 108 42.91005555555557 77.47026631718889 238.148 6.946 52.684771428571445 70
stats: connect 12 1.735916666666667 1.4068851207741009 10.964 1.13 1.9527777777777777 18
stats: page 88 52.68589772727273 83.0546997146021 238.148 6.946 55.8852575757576 66
stats: 302 27 40
stats: 200 81 138
stats: size_rcv 233723 412123
stats: size_sent 63516 98258
stats: connected 1 19
# stats: dump at 1615422582
stats: users 19 25
stats: {load,"tsung_controller@ip-172-31-45-17"} 1 0.01171875 0.0 0.01171875 0.01171875 0.01171875 3
stats: {freemem,"tsung_controller@ip-172-31-45-17"} 1 663.96484375 0.0 674.765625 663.96484375 672.05078125 3
stats: {cpu,"tsung_controller@ip-172-31-45-17"} 1 0.7976071784646062 0.0 5.640515021459228 0.4 2.2132054564790873 3
stats: session 15 17242.890866666672 1506.6502763226276 19812.861 14458.043 17036.517454545457 11
stats: users_count 15 45
stats: finish_users_count 15 26
stats: request 103 27.063417475728144 58.192513531860875 238.148 6.946 46.75404494382024 178
stats: connect 14 1.2862857142857143 0.08438299470816593 10.964 1.064 1.8660333333333334 30
stats: page 75 37.05285333333332 65.98768297385875 238.148 6.946 54.057051948051964 154
stats: 302 20 60
stats: 200 83 221
stats: size_rcv 172722 584845
stats: newphase 1 1
stats: size_sent 57731 155989
stats: connected 3 22
# stats: dump at 1615422592
stats: users 35 35
stats: {load,"tsung_controller@ip-172-31-45-17"} 1 0.01171875 0.0 0.01171875 0.01171875 0.01171875 4
stats: {freemem,"tsung_controller@ip-172-31-45-17"} 1 666.3828125 0.0 674.765625 663.96484375 670.029296875 4
stats: {cpu,"tsung_controller@ip-172-31-45-17"} 1 0.7492507492507493 0.0 5.640515021459228 0.4 1.8593058869754668 4
stats: session 6 17449.1565 2404.744326346133 21077.653 13413.092 17155.579038461543 26
stats: users_count 22 67
stats: finish_users_count 6 32
stats: request 133 51.68015037593985 85.0948093648169 242.958 6.848 39.53648398576513 281
stats: connect 21 1.267761904761905 0.03920386856749723 10.964 1.064 1.681568181818182 44
stats: page 118 58.3620847457627 88.28799352298618 242.958 6.848 48.487991266375545 229
stats: 302 30 90
stats: 200 103 324
stats: size_rcv 319845 904690
stats: newphase 0 1
stats: size_sent 75150 231139
stats: connected 13 35
# stats: dump at 1615422602
stats: users 30 37
stats: {load,"tsung_controller@ip-172-31-45-17"} 1 0.0 0.0 0.01171875 0.0 0.01171875 5
stats: {freemem,"tsung_controller@ip-172-31-45-17"} 1 659.73046875 0.0 674.765625 659.73046875 669.3 5
stats: {cpu,"tsung_controller@ip-172-31-45-17"} 1 0.798004987531172 0.0 5.640515021459228 0.4 1.6372948594305232 5
stats: session 20 17701.7591 1632.135465445773 22169.443 13413.092 17210.624812500006 32
stats: users_count 15 82
stats: finish_users_count 20 52
stats: request 167 29.335437125748513 59.92100985929247 242.958 6.848 43.43771014492754 414
stats: connect 15 2.133266666666667 2.3919553916316154 10.964 1.064 1.5478769230769232 65
stats: page 125 39.060832 67.17603698078487 242.958 6.848 51.84575216138328 347
stats: 302 34 124
stats: 200 133 457
stats: size_rcv 288343 1193033
stats: newphase 0 1
stats: size_sent 97053 328192
stats: connected -3 32
# stats: dump at 1615422612
stats: users 43 43
stats: {load,"tsung_controller@ip-172-31-45-17"} 1 0.16015625 0.0 0.16015625 0.0 0.009765625 6
stats: {freemem,"tsung_controller@ip-172-31-45-17"} 1 659.14453125 0.0 674.765625 659.14453125 667.705078125 6
stats: {cpu,"tsung_controller@ip-172-31-45-17"} 1 0.7944389275074478 0.0 5.640515021459228 0.4 1.4974132141139647 6
stats: session 19 18114.054947368422 1768.8900909087024 22169.443 13413.092 17399.52261538462 52
stats: users_count 32 114
stats: finish_users_count 19 71
stats: request 195 44.17176923076924 78.44172620214566 245.11 6.848 39.38421686746989 581
stats: connect 33 1.7026969696969698 1.6328982318091239 10.964 1.064 1.6576375000000003 80
stats: page 159 54.34716352201263 83.97459832883386 245.11 6.848 48.45991525423728 472
stats: 302 50 174
stats: 200 145 602
stats: size_rcv 412007 1605040
stats: newphase 1 2
stats: size_sent 107829 436021
stats: connected 10 42
# stats: dump at 1615422622
stats: users 71 74
stats: {load,"tsung_controller@ip-172-31-45-17"} 1 0.140625 0.0 0.16015625 0.0 0.03125 7
stats: {freemem,"tsung_controller@ip-172-31-45-17"} 1 656.5 0.0 674.765625 656.5 666.4821428571429 7
stats: {cpu,"tsung_controller@ip-172-31-45-17"} 1 1.4413518886679921 0.0 5.640515021459228 0.4 1.3969883160273195 7
stats: session 20 17581.2169 1887.8221669032519 22169.443 13413.092 17590.73549295775 71
stats: users_count 48 162
stats: finish_users_count 20 91
stats: request 298 44.58383892617446 80.1376876926145 287.701 6.434 40.587274484536096 776
stats: connect 49 1.4741836734693887 0.5300245151615348 10.964 1.064 1.6707964601769913 113
stats: page 254 52.32706299212599 84.65546408536098 287.701 6.434 49.94338985736926 631
stats: 302 63 237
stats: 200 235 837
stats: size_rcv 667384 2272424
stats: newphase 0 2
stats: size_sent 162145 598166
stats: connected 30 72
# stats: dump at 1615422632
stats: users 67 74
stats: {load,"tsung_controller@ip-172-31-45-17"} 1 0.12109375 0.0 0.16015625 0.0 0.044921875 8
stats: {freemem,"tsung_controller@ip-172-31-45-17"} 1 647.109375 0.0 674.765625 647.109375 665.234375 8
stats: {cpu,"tsung_controller@ip-172-31-45-17"} 1 1.0494752623688157 0.0 5.640515021459228 0.4 1.4025337626074035 8
stats: session 35 17413.998914285712 1776.5142259567483 22169.443 13413.092 17588.643494505497 91
stats: users_count 31 193
stats: finish_users_count 35 126
stats: request 344 36.073279069767395 69.49198742019233 287.701 6.292 41.69619087523277 1074
stats: connect 28 1.3504285714285715 0.16149644590769274 10.964 1.064 1.6113271604938277 162
stats: page 265 46.85756981132077 76.62461883585111 287.701 6.292 50.6275175141243 885
stats: 302 71 308
stats: 200 273 1110
stats: size_rcv 640096 2912520
stats: newphase 0 2
stats: size_sent 204107 802273
stats: connected -8 64
# stats: dump at 1615422642
stats: users 109 109
stats: {load,"tsung_controller@ip-172-31-45-17"} 1 0.1015625 0.0 0.16015625 0.0 0.053385416666666664 9
stats: {freemem,"tsung_controller@ip-172-31-45-17"} 1 643.82421875 0.0 674.765625 643.82421875 663.2204861111111 9
stats: {cpu,"tsung_controller@ip-172-31-45-17"} 1 1.347305389221557 0.0 5.640515021459228 0.4 1.3633050403586715 9
stats: session 43 18166.979209302328 1539.5139457391501 22169.443 13413.092 17540.13111111111 126
stats: users_count 85 278
stats: finish_users_count 43 169
stats: request 434 86.04907142857141 154.5430617398383 924.845 6.088 40.33209943582509 1418
stats: connect 86 1.370837209302326 0.4012829675064924 10.964 1.007 1.5728789473684215 190
stats: 302 104 412
stats: page 357 104.62982072829129 170.1054008880341 936.121 6.292 49.75879043478262 1150
stats: 200 330 1440
stats: size_rcv 902534 3815054
stats: newphase 1 3
stats: size_sent 236735 1039008
stats: connected 44 108
# stats: dump at 1615422652
stats: users 136 141
stats: {load,"tsung_controller@ip-172-31-45-17"} 1 0.078125 0.0 0.16015625 0.0 0.058203125 10
stats: {freemem,"tsung_controller@ip-172-31-45-17"} 1 635.359375 0.0 674.765625 635.359375 661.280859375 10
stats: {cpu,"tsung_controller@ip-172-31-45-17"} 1 1.9860973187686197 0.0 5.640515021459228 0.4 1.36170507524496 10
stats: session 38 17539.97257894737 2118.798996107349 22791.86 13413.092 17699.62500591716 169
stats: users_count 65 343
stats: finish_users_count 38 207
stats: connect 67 1.384641791044776 0.5784625970310928 10.964 1.007 1.5099239130434787 276
stats: page 476 71.81398529411781 108.51822980100961 936.121 6.257 62.75743530192435 1507
stats: request 569 60.056302284709965 102.27024788949062 924.845 6.088 51.04547192224621 1852
stats: 302 110 522
stats: 200 459 1899
stats: size_rcv 1238053 5053107
stats: newphase 0 3
stats: size_sent 320610 1359618
stats: connected 33 141
# stats: dump at 1615422662
stats: users 123 141
stats: {load,"tsung_controller@ip-172-31-45-17"} 1 0.0703125 0.0 0.16015625 0.0 0.060014204545454544 11
stats: {freemem,"tsung_controller@ip-172-31-45-17"} 1 618.75 0.0 674.765625 618.75 658.9243607954545 11
stats: {cpu,"tsung_controller@ip-172-31-45-17"} 1 2.0438683948155534 0.0 5.640515021459228 0.4 1.4184680064743835 11
stats: session 79 17992.91215189873 1707.1384967088331 22791.86 13413.092 17670.316830917876 207
stats: users_count 66 409
stats: finish_users_count 79 286
stats: request 664 47.071960843373446 94.89470757681286 924.845 6.088 53.16325898389093 2421
stats: connect 65 1.403353846153847 0.41891333529168917 10.964 1.007 1.485451895043732 343
stats: page 500 62.54533399999995 106.34719234218849 936.121 6.257 64.93137266767528 1983
stats: 302 152 674
stats: 200 513 2412
stats: size_rcv 1212243 6265350
stats: newphase 0 3
stats: size_sent 388356 1747974
stats: connected -19 122
# stats: dump at 1615422672
stats: users 217 217
stats: {load,"tsung_controller@ip-172-31-45-17"} 1 0.05859375 0.0 0.16015625 0.0 0.060872395833333336 12
stats: {freemem,"tsung_controller@ip-172-31-45-17"} 1 619.37890625 0.0 674.765625 618.75 655.5764973958334 12
stats: {cpu,"tsung_controller@ip-172-31-45-17"} 1 2.432969215491559 0.0 5.640515021459228 0.4 1.4705847055028143 12
stats: session 61 18252.23996721311 2181.178579270661 22791.86 13413.092 17759.42532867133 286
stats: users_count 155 564
stats: finish_users_count 61 347
stats: connect 149 1.3933221476510063 0.5639219598116424 10.964 1.007 1.4723725490196082 408
stats: page 584 202.55681849315098 307.0065746476026 1778.531 6.021 64.45089770438986 2483
stats: 302 159 833
stats: request 712 170.25319101123603 266.6852039043148 1556.944 6.021 51.852198379254425 3085
stats: 200 552 2964
stats: size_rcv 1435283 7700633
stats: newphase 1 4
stats: size_sent 407850 2155824
stats: connected 88 210
# stats: dump at 1615422682
stats: users 334 334
stats: {load,"tsung_controller@ip-172-31-45-17"} 1 0.05078125 0.0 0.16015625 0.0 0.060697115384615384 13
stats: {freemem,"tsung_controller@ip-172-31-45-17"} 1 598.34375 0.0 674.765625 598.34375 652.7920673076923 13
stats: {cpu,"tsung_controller@ip-172-31-45-17"} 1 3.76051459673429 0.0 5.640515021459228 0.4 1.5446142831942564 13
stats: session 50 20717.831819999985 2313.9255754775877 25615.989 13413.092 17846.05844956772 347
stats: users_count 167 731
stats: finish_users_count 50 397
stats: request 866 863.6606743648949 631.9660770548868 3084.179 6.021 74.05433342112192 3797
stats: 302 196 1029
stats: connect 174 1.4583218390804602 1.1542814602700049 15.079 1.007 1.4512262118491923 557
stats: 200 671 3635
stats: size_rcv 1985035 9685668
stats: page 757 979.6810779392329 741.8783242929036 4356.312 6.021 90.74821030322796 3067
stats: newphase 0 4
stats: size_sent 503047 2658871
stats: connected 124 334
# stats: dump at 1615422692
stats: users 445 447
stats: {load,"tsung_controller@ip-172-31-45-17"} 1 0.0390625 0.0 0.16015625 0.0 0.05998883928571429 14
stats: {freemem,"tsung_controller@ip-172-31-45-17"} 1 563.34765625 0.0 674.765625 563.34765625 648.9029017857143 14
stats: {cpu,"tsung_controller@ip-172-31-45-17"} 1 5.276134122287968 0.0 5.640515021459228 0.4 1.7028928770185445 14
stats: session 58 24233.77305172414 2249.7504125874 29120.02 13413.092 18207.74275314861 397
stats: users_count 169 900
stats: finish_users_count 58 455
stats: request 970 1672.5295113402078 491.8848648777847 3372.227 6.021 220.697930087926 4663
stats: connect 166 1.4030963855421685 0.47011609984804115 15.079 1.007 1.4529151846785227 731
stats: page 805 1967.358156521741 825.2415000392465 4927.09 6.021 266.72158394351453 3824
stats: 302 207 1236
stats: 200 762 4397
stats: size_rcv 2037154 11722822
stats: newphase 0 4
stats: size_sent 610649 3269520
stats: connected 110 444
# stats: dump at 1615422702
stats: users 569 569
stats: {load,"tsung_controller@ip-172-31-45-17"} 1 0.03125 0.0 0.16015625 0.0 0.05859375 15
stats: {freemem,"tsung_controller@ip-172-31-45-17"} 1 524.6953125 0.0 674.765625 524.6953125 643.19921875 15
stats: {cpu,"tsung_controller@ip-172-31-45-17"} 1 5.192878338278932 0.0 5.640515021459228 0.4 1.941108960036506 15
stats: session 110 28463.30730909091 2636.308582884447 34164.16 13413.092 18975.89606593406 455
stats: users_count 234 1134
stats: finish_users_count 110 565
stats: request 1305 1813.9988720306492 989.7463779727274 4468.41 0.682 470.7026582638027 5633
stats: connect 232 1.3836120689655171 0.994201041831318 15.087 1.007 1.4436956521739133 897
stats: page 1062 2221.99364689265 1374.9253439213774 6132.478 0.706 562.468492763016 4629
stats: 302 239 1475
stats: 200 885 5282
stats: size_rcv 2322267 14045089
stats: newphase 1 5
stats: 502 181 181
stats: size_sent 697001 3966521
stats: connected 122 566
# stats: dump at 1615422712
stats: users 740 741
stats: {load,"tsung_controller@ip-172-31-45-17"} 1 0.03125 0.0 0.16015625 0.0 0.056884765625 16
stats: {freemem,"tsung_controller@ip-172-31-45-17"} 1 504.71484375 0.0 674.765625 504.71484375 635.792724609375 16
stats: {cpu,"tsung_controller@ip-172-31-45-17"} 1 7.289628180039139 0.0 7.289628180039139 0.4 2.1443445461766575 16
stats: session 155 29431.50813548386 3980.2904027529 37566.238 13413.092 20823.00267964601 565
stats: users_count 326 1460
stats: finish_users_count 155 720
stats: connect 326 1.3462546012269947 0.46968704457414173 15.087 1.007 1.4313489813994686 1129
stats: page 1746 1362.667277777777 1719.7159098037052 6902.166 0.684 872.1532078720778 5691
stats: 302 218 1693
stats: request 2063 1158.8881444498272 1386.9763171845893 4468.41 0.68 723.3693574517149 6938
stats: 200 672 5954
stats: size_rcv 2141702 16186791
stats: newphase 0 5
stats: 502 1173 1354
stats: size_sent 1004411 4970932
stats: connected 173 739
# stats: dump at 1615422722
stats: users 852 854
stats: {load,"tsung_controller@ip-172-31-45-17"} 1 0.01953125 0.0 0.16015625 0.0 0.055376838235294115 17
stats: {freemem,"tsung_controller@ip-172-31-45-17"} 1 485.80078125 0.0 674.765625 485.80078125 628.0822610294117 17
stats: {cpu,"tsung_controller@ip-172-31-45-17"} 1 7.825656265477959 0.0 7.825656265477959 0.4 2.447008289345039 17
stats: session 211 28641.1188815166 5847.420574809725 40962.307 13413.092 22676.222604166658 720
stats: users_count 323 1783
stats: finish_users_count 211 931
stats: connect 706 1.3167535410764866 0.590059990127459 15.087 0.896 1.4122831615120277 1455
stats: page 2130 1207.4034615023472 1604.72332646981 6902.166 0.684 987.3122190399346 7437
stats: 302 258 1951
stats: request 2609 986.4878006899214 1296.7011674965759 4468.41 0.679 823.1888505721577 9001
stats: 200 749 6703
stats: size_rcv 2493032 18679823
stats: newphase 0 5
stats: 502 1600 2954
stats: size_sent 1195646 6166578
stats: connected 47 786
# stats: dump at 1615422732
stats: users 1034 1034
stats: {load,"tsung_controller@ip-172-31-45-17"} 1 0.01953125 0.0 0.16015625 0.0 0.053385416666666664 18
stats: {freemem,"tsung_controller@ip-172-31-45-17"} 1 484.91796875 0.0 674.765625 484.91796875 620.177734375 18
stats: {cpu,"tsung_controller@ip-172-31-45-17"} 1 12.870325400679942 0.0 12.870325400679942 0.4 2.7458220657968675 18
stats: session 366 26080.707297814184 5374.408420017152 40962.307 13413.092 24028.094907626204 931
stats: users_count 548 2331
stats: finish_users_count 366 1297
stats: connect 1822 1.262094401756312 0.9728163652204201 23.051 0.833 1.3810735770476632 2161
stats: page 2840 873.1243461267627 1401.6285793460868 6902.166 0.67 1036.3134050381514 9567
stats: 302 311 2262
stats: request 3578 696.5323747903852 1126.8701957367175 4468.41 0.67 859.8854018949178 11610
stats: error_send_einval 1 1
stats: 200 732 7435
stats: size_rcv 2589744 21269567
stats: newphase 1 6
stats: 502 2535 5489
stats: size_sent 1556532 7723110
stats: connected 18 804
# stats: dump at 1615422742
stats: users 1296 1299
stats: {load,"tsung_controller@ip-172-31-45-17"} 1 0.1015625 0.0 0.16015625 0.0 0.051603618421052634 19
stats: {freemem,"tsung_controller@ip-172-31-45-17"} 1 478.6875 0.0 674.765625 478.6875 613.0587993421053 19
stats: {cpu,"tsung_controller@ip-172-31-45-17"} 1 18.929254302103253 0.0 18.929254302103253 0.4 3.278690662369661 19
stats: session 364 24699.338019230756 5237.26966608406 43213.898 13413.092 24607.32091750192 1297
stats: users_count 626 2957
stats: finish_users_count 364 1661
stats: connect 2887 1.1848624870107345 0.4927424813173909 23.051 0.815 1.326647250815968 3983
stats: page 3747 716.1700224179375 1362.3518398304166 7017.899 0.666 998.958933585879 12407
stats: 302 267 2529
stats: error_send_einval 0 1
stats: request 4518 586.8163629924795 1150.1591305910179 4623.14 0.39 821.4025778904394 15188
stats: 200 725 8160
stats: size_rcv 3017278 24286845
stats: newphase 0 6
stats: 502 3526 9015
stats: size_sent 1701030 9424140
stats: connected 55 859
# stats: dump at 1615422752
stats: users 1427 1427
stats: {load,"tsung_controller@ip-172-31-45-17"} 1 0.078125 0.0 0.16015625 0.0 0.0541015625 20
stats: {freemem,"tsung_controller@ip-172-31-45-17"} 1 450.8046875 0.0 674.765625 450.8046875 606.3402343750001 20
stats: {cpu,"tsung_controller@ip-172-31-45-17"} 1 23.649289099526065 0.0 23.649289099526065 0.4 4.061218844356341 20
stats: session 541 22027.815116451027 4388.260303328004 43213.898 12962.801 24627.486013847072 1661
stats: users_count 672 3629
stats: finish_users_count 541 2202
stats: connect 3509 1.1698270162439426 0.4904923896134344 23.051 0.794 1.2670646288209593 6870
stats: page 4440 570.3627376126141 1198.0730201162655 7017.899 0.666 933.3646504271395 16154
stats: request 5594 456.95853575259315 1008.9656521331889 4623.14 0.39 767.6189323556284 19706
stats: 302 311 2840
stats: error_send_einval 0 1
stats: 200 705 8865
stats: size_rcv 3226486 27513331
stats: newphase 0 6
stats: 502 4577 13592
stats: size_sent 2047919 11472059
stats: connected 57 916
# stats: dump at 1615422762
stats: users 1840 1840
stats: {load,"tsung_controller@ip-172-31-45-17"} 1 0.140625 0.0 0.16015625 0.0 0.05524553571428571 21
stats: {freemem,"tsung_controller@ip-172-31-45-17"} 1 417.24609375 0.0 674.765625 417.24609375 598.9337797619049 21
stats: {cpu,"tsung_controller@ip-172-31-45-17"} 1 27.07547169811321 0.0 27.07547169811321 0.4 4.993984094602517 21
stats: session 667 21634.813572713607 4037.697641635873 43213.898 12376.643 23988.783945049952 2202
stats: users_count 1080 4709
stats: finish_users_count 667 2869
stats: request 6906 366.24691065739904 903.1966670870562 4623.14 0.39 698.9298312252972 25300
stats: connect 4350 1.155039540229883 0.4873506687167256 23.051 0.794 1.2341899026881187 10379
stats: page 5575 455.75722690582893 1074.8972884378907 7017.899 0.657 855.1026084296407 20594
stats: 302 324 3164
stats: error_send_einval 0 1
stats: 200 732 9597
stats: size_rcv 3632532 31145863
stats: newphase 1 7
stats: 502 5850 19442
stats: size_sent 2317611 13789670
stats: connected 65 981
# stats: dump at 1615422772
stats: users 2340 2342
stats: {load,"tsung_controller@ip-172-31-45-17"} 1 0.26953125 0.0 0.26953125 0.0 0.059126420454545456 22
stats: {freemem,"tsung_controller@ip-172-31-45-17"} 1 400.92578125 0.0 674.765625 400.92578125 590.6752485795456 22
stats: {cpu,"tsung_controller@ip-172-31-45-17"} 1 33.164673413063475 0.0 33.164673413063475 0.4 5.997688076580276 22
stats: session 731 20754.741328317345 3957.769286201134 43213.898 12350.101 23441.520704078066 2869
stats: users_count 1231 5940
stats: finish_users_count 731 3600
stats: connect 5687 1.2234789871637122 0.6498392138910132 23.051 0.791 1.21081397243533 14729
stats: page 7487 329.34122893014626 963.8040718183327 7017.899 0.657 770.0267361381793 26169
stats: request 9067 267.22740200727867 832.7991475789586 4623.14 0.39 627.5919361299142 32206
stats: 302 274 3438
stats: error_send_einval 0 1
stats: 200 615 10212
stats: size_rcv 4299260 35445123
stats: newphase 0 7
stats: 502 8178 27620
stats: size_sent 2654128 16443798
stats: connected 124 1105
# stats: dump at 1615422782
stats: users 2437 2441
stats: {load,"tsung_controller@ip-172-31-45-17"} 1 0.46875 0.0 0.46875 0.0 0.06827445652173914 23
stats: {freemem,"tsung_controller@ip-172-31-45-17"} 1 365.84375 0.0 674.765625 365.84375 582.4252717391306 23
stats: {cpu,"tsung_controller@ip-172-31-45-17"} 1 38.13049514113836 0.0 38.13049514113836 0.4 7.1788613520795455 23
stats: session 1121 19779.663987511176 3339.3214210053816 43213.898 12185.063 22895.955225277765 3600
stats: users_count 1218 7158
stats: finish_users_count 1121 4721
stats: request 10935 255.93788696844922 807.6131266853528 4805.43 0.39 548.425768638093 41273
stats: connect 6516 1.2488985573971771 0.7159517985816722 23.051 0.778 1.214341888714734 20416
stats: page 8584 324.4596629776338 934.060964810992 7060.48 0.657 671.9933277573098 33656
stats: 302 355 3793
stats: error_send_einval 0 1
stats: 200 740 10952
stats: size_rcv 5178511 40623634
stats: newphase 0 7
stats: 502 9840 37460
stats: size_sent 3039140 19482938
stats: connected 82 1187
# stats: dump at 1615422792
stats: users 1501 2450
stats: {load,"tsung_controller@ip-172-31-45-17"} 1 0.55078125 0.0 0.55078125 0.0 0.0849609375 24
stats: {freemem,"tsung_controller@ip-172-31-45-17"} 1 326.91796875 0.0 674.765625 326.91796875 573.4010416666669 24
stats: {cpu,"tsung_controller@ip-172-31-45-17"} 1 41.86580882352941 0.0 41.86580882352941 0.4 8.468512759956996 24
stats: session 1220 19993.292947541 3309.913881274794 43213.898 12185.063 22155.992828002538 4721
stats: users_count 284 7442
stats: finish_users_count 1220 5941
stats: request 8823 294.03673637084944 734.5063323938604 4805.43 0.39 487.16398910128726 52208
stats: connect 4765 1.2337513116474315 0.6220104175656462 23.051 0.778 1.2227026214169023 26932
stats: page 6464 397.0873219368797 889.866043439524 7060.48 0.657 601.3676417140158 42240
stats: 302 466 4259
stats: error_send_einval 0 1
stats: 200 901 11853
stats: size_rcv 4499868 45123502
stats: newphase 0 7
stats: 502 7456 44916
stats: size_sent 2762901 22245839
stats: connected -52 1135
# stats: dump at 1615422802
stats: users 211 2450
stats: {load,"tsung_controller@ip-172-31-45-17"} 1 0.5390625 0.0 0.55078125 0.0 0.10359375 25
stats: {freemem,"tsung_controller@ip-172-31-45-17"} 1 311.1640625 0.0 674.765625 311.1640625 563.5417187500002 25
stats: {cpu,"tsung_controller@ip-172-31-45-17"} 1 33.41198678621991 0.0 41.86580882352941 0.4 9.804404602499893 25
stats: session 1290 19562.543070542662 2887.044456822383 43213.898 12185.063 21711.87671048645 5941
stats: users_count 0 7442
stats: finish_users_count 1290 7231
stats: connect 609 1.2234811165845643 0.4580562273816263 23.051 0.778 1.2243635675300508 31697
stats: request 5375 90.43199720930298 168.21271462694992 4805.43 0.39 459.2443785617147 61031
stats: page 3104 176.25342590206213 316.0039081435577 7060.48 0.657 574.2555361982592 48704
stats: 302 2140 6399
stats: error_send_einval 0 1
stats: 200 3235 15088
stats: size_rcv 4628434 49751936
stats: newphase 0 7
stats: 502 0 44916
stats: size_sent 2957269 25203108
stats: connected -871 264
# stats: dump at 1615422812
stats: users 0 2450
stats: {load,"tsung_controller@ip-172-31-45-17"} 1 0.5390625 0.0 0.55078125 0.0 0.12034254807692307 26
stats: {freemem,"tsung_controller@ip-172-31-45-17"} 1 587.9375 0.0 674.765625 311.1640625 553.8348858173078 26
stats: {cpu,"tsung_controller@ip-172-31-45-17"} 1 12.375249500998004 0.0 41.86580882352941 0.4 10.71238853264297 26
stats: session 211 21392.773521326995 2095.598779365936 43213.898 12185.063 21328.438680403822 7231
stats: users_count 0 7442
stats: finish_users_count 211 7442
stats: connect 0 0 0 23.051 0.778 1.2243469324583676 32306
stats: 302 273 6672
stats: request 572 6.6376520979021 2.552348058451592 4805.43 0.39 429.3921581333014 66406
stats: error_send_einval 0 1
stats: 200 299 15387
stats: page 286 13.37065734265735 4.237828043460777 7060.48 0.657 550.4098260693331 51808
stats: size_rcv 431041 50182977
stats: newphase 0 7
stats: 502 0 44916
stats: size_sent 433086 25636194
stats: connected -264 0
# stats: dump at 1615422822
stats: users 0 2450
stats: {load,"tsung_controller@ip-172-31-45-17"} 1 0.44921875 0.0 0.55078125 0.0 0.13585069444444445 27
stats: {freemem,"tsung_controller@ip-172-31-45-17"} 1 648.73828125 0.0 674.765625 311.1640625 555.097945601852 27
stats: {cpu,"tsung_controller@ip-172-31-45-17"} 1 1.2980529206190714 0.0 41.86580882352941 0.4 10.773975975915379 27
stats: session 0 0 0 43213.898 12185.063 21330.262739989255 7442
stats: users_count 0 7442
stats: finish_users_count 0 7442
stats: request 0 0 0 4805.43 0.39 425.7817849144497 66978
stats: connect 0 0 0 23.051 0.778 1.2243469324583676 32306
stats: page 0 0 0 7060.48 0.657 547.4614404154031 52094
stats: 302 0 6672
stats: error_send_einval 0 1
stats: 200 0 15387
stats: size_rcv 0 50182977
stats: newphase 0 7
stats: 502 0 44916
stats: size_sent 0 25636194
stats: connected 0 0
# stats: dump at 1615422832
stats: users 0 2450
stats: {load,"tsung_controller@ip-172-31-45-17"} 1 0.37890625 0.0 0.55078125 0.0 0.14704241071428573 28
stats: {freemem,"tsung_controller@ip-172-31-45-17"} 1 651.92578125 0.0 674.765625 311.1640625 558.4422433035716 28
stats: {cpu,"tsung_controller@ip-172-31-45-17"} 1 0.2 0.0 41.86580882352941 0.2 10.435550152511938 28
stats: session 0 0 0 43213.898 12185.063 21330.262739989255 7442
stats: users_count 0 7442
stats: finish_users_count 0 7442
stats: request 0 0 0 4805.43 0.39 425.7817849144497 66978
stats: page 0 0 0 7060.48 0.657 547.4614404154031 52094
stats: 302 0 6672
stats: connect 0 0 0 23.051 0.778 1.2243469324583676 32306
stats: error_send_einval 0 1
stats: 200 0 15387
stats: size_rcv 0 50182977
stats: newphase 0 7
stats: 502 0 44916
stats: size_sent 0 25636194
stats: connected 0 0
# stats: dump at 1615422842
stats: users 0 2450
stats: {load,"tsung_controller@ip-172-31-45-17"} 1 0.3203125 0.0 0.55078125 0.0 0.15503771551724138 29
stats: {freemem,"tsung_controller@ip-172-31-45-17"} 1 653.71875 0.0 674.765625 311.1640625 561.6658135775863 29
stats: {cpu,"tsung_controller@ip-172-31-45-17"} 1 0.2001000500250125 0.0 41.86580882352941 0.2 10.082600147252906 29
stats: session 0 0 0 43213.898 12185.063 21330.262739989255 7442
stats: users_count 0 7442
stats: finish_users_count 0 7442
stats: request 0 0 0 4805.43 0.39 425.7817849144497 66978
stats: connect 0 0 0 23.051 0.778 1.2243469324583676 32306
stats: page 0 0 0 7060.48 0.657 547.4614404154031 52094
stats: 302 0 6672
stats: error_send_einval 0 1
stats: 200 0 15387
stats: size_rcv 0 50182977
stats: newphase 0 7
stats: 502 0 44916
stats: size_sent 0 25636194
stats: connected 0 0
# stats: dump at 1615422845
stats: users 0 2450
stats: {load,"tsung_controller@ip-172-31-45-17"} 1 0.26953125 0.0 0.55078125 0.0 0.160546875 30
stats: {freemem,"tsung_controller@ip-172-31-45-17"} 1 654.2890625 0.0 674.765625 311.1640625 564.7342447916667 30
stats: {cpu,"tsung_controller@ip-172-31-45-17"} 1 0.24987506246876562 0.0 41.86580882352941 0.2 9.75318347734531 30
stats: session 0 0 0 43213.898 12185.063 21330.262739989255 7442
stats: users_count 0 7442
stats: finish_users_count 0 7442
stats: request 0 0 0 4805.43 0.39 425.7817849144497 66978
stats: connect 0 0 0 23.051 0.778 1.2243469324583676 32306
stats: page 0 0 0 7060.48 0.657 547.4614404154031 52094
stats: 302 0 6672
stats: error_send_einval 0 1
stats: 200 0 15387
stats: size_rcv 0 50182977
stats: newphase 0 7
stats: 502 0 44916
stats: size_sent 0 25636194
stats: connected 0 0
EndMonitor:{1615,422845,41286}
