# stats: dump at 1615437354
stats: users 1 3
stats: {freemem,"tsung_controller@ip-172-31-50-170"} 1 675.1953125 0 675.1953125 675.1953125 0 0
stats: {load,"tsung_controller@ip-172-31-50-170"} 1 0.05859375 0 0.05859375 0.05859375 0 0
stats: {cpu,"tsung_controller@ip-172-31-50-170"} 1 10.752520528011642 0 10.752520528011642 10.752520528011642 0 0
stats: session 7 1923.603142857143 546.1284947431403 2795.432 1330.354 0 0
stats: users_count 8 8
stats: finish_users_count 7 7
stats: 200 38 38
stats: request 38 36.65413157894738 25.97145228917711 90.257 7.791 0 0
stats: size_rcv 168662 168662
stats: connect 8 2.7017499999999997 4.066457633801193 13.46 1.109 0 0
stats: size_sent 15285 15285
stats: page 15 93.00406666666667 62.91007960093165 224.531 30.833 0 0
stats: connected 1 1
# stats: dump at 1615437364
stats: users 6 6
stats: {freemem,"tsung_controller@ip-172-31-50-170"} 1 674.5234375 0.0 675.1953125 674.5234375 675.1953125 1
stats: {load,"tsung_controller@ip-172-31-50-170"} 1 0.05078125 0.0 0.05859375 0.05078125 0.05859375 1
stats: {cpu,"tsung_controller@ip-172-31-50-170"} 1 0.39980009995002497 0.0 10.752520528011642 0.39980009995002497 10.752520528011642 1
stats: session 7 1944.9275714285716 483.68619255252594 2938.356 1330.354 1923.603142857143 7
stats: users_count 12 20
stats: finish_users_count 7 14
stats: request 44 19.63002272727273 17.647556081751784 95.66 7.791 36.65413157894738 38
stats: connect 10 1.2375999999999998 0.20960209922612894 13.46 1.063 2.7017499999999997 8
stats: page 17 50.95847058823529 25.586340131170743 224.531 27.751 93.00406666666667 15
stats: 200 44 82
stats: size_rcv 191502 360164
stats: size_sent 17415 32700
stats: connected 3 4
# stats: dump at 1615437374
stats: users 0 7
stats: {freemem,"tsung_controller@ip-172-31-50-170"} 1 672.37890625 0.0 675.1953125 672.37890625 674.859375 2
stats: {load,"tsung_controller@ip-172-31-50-170"} 1 0.0390625 0.0 0.05859375 0.0390625 0.0546875 2
stats: {cpu,"tsung_controller@ip-172-31-50-170"} 1 0.7492507492507493 0.0 10.752520528011642 0.39980009995002497 5.576160313980833 2
stats: session 16 2148.9617499999995 605.6618298449948 2982.664 1142.528 1934.2653571428575 14
stats: users_count 10 30
stats: finish_users_count 16 30
stats: request 68 14.944205882352945 4.942928994619258 95.66 6.49 27.51924390243903 82
stats: connect 12 1.2845 0.23640590094157976 13.46 1.063 1.888333333333333 18
stats: page 28 36.432785714285714 9.467222787661886 224.531 25.767 70.66734375 32
stats: 200 68 150
stats: size_rcv 310247 670411
stats: size_sent 28346 61046
stats: connected -4 0
# stats: dump at 1615437384
stats: users 5 11
stats: {freemem,"tsung_controller@ip-172-31-50-170"} 1 671.18359375 0.0 675.1953125 671.18359375 674.0325520833334 3
stats: {load,"tsung_controller@ip-172-31-50-170"} 1 0.0390625 0.0 0.05859375 0.0390625 0.049479166666666664 3
stats: {cpu,"tsung_controller@ip-172-31-50-170"} 1 0.25 0.0 10.752520528011642 0.25 3.967190459070805 3
stats: session 16 2248.7348125000003 602.3582090705269 3044.391 1142.528 2048.7700999999997 30
stats: users_count 21 51
stats: finish_users_count 16 46
stats: request 93 14.340322580645159 4.948888475532012 95.66 6.49 21.818560000000005 150
stats: connect 21 1.2014285714285713 0.12348069886908353 13.46 1.027 1.6467999999999998 30
stats: page 36 37.192249999999994 8.686541535856872 224.531 21.48 54.69121666666667 60
stats: 200 94 244
stats: size_rcv 406614 1077025
stats: newphase 1 1
stats: size_sent 37457 98503
stats: connected 6 6
# stats: dump at 1615437394
stats: users 2 11
stats: {freemem,"tsung_controller@ip-172-31-50-170"} 1 670.7890625 0.0 675.1953125 670.7890625 673.3203125 4
stats: {load,"tsung_controller@ip-172-31-50-170"} 1 0.03125 0.0 0.05859375 0.03125 0.046875 4
stats: {cpu,"tsung_controller@ip-172-31-50-170"} 1 0.5494505494505495 0.0 10.752520528011642 0.25 3.0378928443031037 4
stats: session 23 2062.0890434782605 574.4040168591744 3044.391 1142.017 2118.3230434782604 46
stats: users_count 20 71
stats: finish_users_count 23 69
stats: request 106 16.44102830188678 6.172506870408224 95.66 6.49 18.956518518518518 243
stats: connect 20 1.2850000000000004 0.3204579535602136 13.46 1.027 1.4634117647058822 51
stats: page 43 40.66251162790698 10.48116274699208 224.531 21.48 48.12910416666667 96
stats: 200 105 349
stats: size_rcv 478611 1555636
stats: newphase 0 1
stats: size_sent 43189 141692
stats: connected -3 3
# stats: dump at 1615437404
stats: users 2 11
stats: {freemem,"tsung_controller@ip-172-31-50-170"} 1 671.15625 0.0 675.1953125 670.7890625 672.8140625 5
stats: {load,"tsung_controller@ip-172-31-50-170"} 1 0.03125 0.0 0.05859375 0.03125 0.04375 5
stats: {cpu,"tsung_controller@ip-172-31-50-170"} 1 0.49975012493753124 0.0 10.752520528011642 0.25 2.5402043853325926 5
stats: session 11 2092.2384545454547 691.585111205787 3060.241 1142.017 2099.578376811594 69
stats: users_count 11 82
stats: finish_users_count 11 80
stats: request 57 14.179736842105259 4.3124071534426935 95.66 6.49 18.192501432664752 349
stats: connect 11 1.2215454545454547 0.14084960621261225 13.46 1.027 1.4131549295774646 71
stats: page 23 35.2797391304348 5.766433968628774 224.531 21.48 45.81929496402878 139
stats: 200 57 406
stats: size_rcv 256125 1811761
stats: newphase 0 1
stats: size_sent 23397 165089
stats: connected -1 2
# stats: dump at 1615437414
stats: users 11 19
stats: {freemem,"tsung_controller@ip-172-31-50-170"} 1 671.3515625 0.0 675.1953125 670.7890625 672.5377604166666 6
stats: {load,"tsung_controller@ip-172-31-50-170"} 1 0.01953125 0.0 0.05859375 0.01953125 0.041666666666666664 6
stats: {cpu,"tsung_controller@ip-172-31-50-170"} 1 0.2502502502502503 0.0 10.752520528011642 0.25 2.200128675266749 6
stats: session 38 2151.690631578947 625.2672954810868 3060.241 1097.122 2098.5691374999997 80
stats: users_count 47 129
stats: finish_users_count 38 118
stats: request 202 12.783980198019808 4.495166966755943 95.66 6.322 17.629133004926103 406
stats: connect 44 1.3573409090909092 1.0839152085082748 13.46 1.026 1.3874512195121949 82
stats: page 79 32.831772151898754 7.3136017135221865 224.531 20.394 44.32293827160494 162
stats: 200 202 608
stats: size_rcv 888664 2700425
stats: newphase 1 2
stats: size_sent 81002 246091
stats: connected 9 11
# stats: dump at 1615437424
stats: users 11 19
stats: {freemem,"tsung_controller@ip-172-31-50-170"} 1 667.26171875 0.0 675.1953125 667.26171875 672.3683035714286 7
stats: {load,"tsung_controller@ip-172-31-50-170"} 1 0.01953125 0.0 0.05859375 0.01953125 0.03850446428571429 7
stats: {cpu,"tsung_controller@ip-172-31-50-170"} 1 0.9485771342985523 0.0 10.752520528011642 0.25 1.9215746145501065 7
stats: session 39 2015.3736410256406 620.7487739503774 3060.241 1084.035 2115.676059322034 118
stats: users_count 39 168
stats: finish_users_count 39 157
stats: connect 41 1.1786585365853663 0.13954606019136329 13.46 0.993 1.3769365079365077 126
stats: 200 207 815
stats: request 207 12.431545893719811 4.535182303732343 95.66 5.752 16.019394736842106 608
stats: page 83 31.145216867469884 7.15244614664657 224.531 18.259 40.55612448132781 241
stats: size_rcv 926236 3626661
stats: newphase 0 2
stats: size_sent 84643 330734
stats: connected -1 10
# stats: dump at 1615437434
stats: users 6 19
stats: {freemem,"tsung_controller@ip-172-31-50-170"} 1 669.578125 0.0 675.1953125 667.26171875 671.72998046875 8
stats: {load,"tsung_controller@ip-172-31-50-170"} 1 0.01171875 0.0 0.05859375 0.01171875 0.0361328125 8
stats: {cpu,"tsung_controller@ip-172-31-50-170"} 1 0.75 0.0 10.752520528011642 0.25 1.7999499295186623 8
stats: session 41 1884.766707317073 561.728709341138 3060.241 1070.407 2090.760171974522 157
stats: users_count 36 204
stats: finish_users_count 41 198
stats: request 191 12.10537172774869 3.7834574942120844 95.66 5.631 15.108125153374232 815
stats: connect 37 1.2451891891891895 0.12353199341320396 13.46 0.993 1.32825748502994 167
stats: page 77 30.182493506493504 6.379071225852812 224.531 18.259 38.14530555555556 324
stats: 200 191 1006
stats: size_rcv 859209 4485870
stats: newphase 0 2
stats: size_sent 78245 408979
stats: connected -3 7
# stats: dump at 1615437444
stats: users 13 20
stats: {freemem,"tsung_controller@ip-172-31-50-170"} 1 668.72265625 0.0 675.1953125 667.26171875 671.4908854166666 9
stats: {load,"tsung_controller@ip-172-31-50-170"} 1 0.01171875 0.0 0.05859375 0.01171875 0.03342013888888889 9
stats: {cpu,"tsung_controller@ip-172-31-50-170"} 1 0.7992007992007992 0.0 10.752520528011642 0.25 1.6832888262388108 9
stats: session 61 1948.2012459016396 542.2385970645635 3060.241 1070.407 2048.1049595959594 198
stats: users_count 68 272
stats: finish_users_count 61 259
stats: connect 63 1.1834126984126982 0.23417546229342134 13.46 0.91 1.3131911764705884 204
stats: page 122 30.793934426229516 7.499906841757727 224.531 18.259 36.6162867830424 401
stats: 200 307 1313
stats: request 307 12.176234527687297 4.4514084690890305 95.66 5.631 14.538019880715705 1006
stats: size_rcv 1365919 5851789
stats: newphase 1 3
stats: size_sent 124546 533525
stats: connected 4 11
# stats: dump at 1615437454
stats: users 19 24
stats: {freemem,"tsung_controller@ip-172-31-50-170"} 1 668.203125 0.0 675.1953125 667.26171875 671.2140625 10
stats: {load,"tsung_controller@ip-172-31-50-170"} 1 0.01171875 0.0 0.05859375 0.01171875 0.03125 10
stats: {cpu,"tsung_controller@ip-172-31-50-170"} 1 1.3486513486513485 0.0 10.752520528011642 0.25 1.5948800235350098 10
stats: session 76 1970.7787763157899 544.9051520308154 3060.241 1070.407 2024.5755135135134 259
stats: users_count 82 354
stats: finish_users_count 76 335
stats: request 416 12.396850961538483 4.330817228562134 95.66 5.631 13.985797410510282 1313
stats: connect 87 1.3425057471264368 0.7151791974391656 13.46 0.91 1.2825692883895132 267
stats: page 164 31.45505487804879 6.880600307273474 224.531 18.144 35.25810898661568 523
stats: 200 416 1729
stats: size_rcv 1847690 7699479
stats: newphase 0 3
stats: size_sent 168592 702117
stats: connected 9 20
# stats: dump at 1615437464
stats: users 10 24
stats: {freemem,"tsung_controller@ip-172-31-50-170"} 1 667.05078125 0.0 675.1953125 667.05078125 670.9403409090909 11
stats: {load,"tsung_controller@ip-172-31-50-170"} 1 0.01171875 0.0 0.05859375 0.01171875 0.02947443181818182 11
stats: {cpu,"tsung_controller@ip-172-31-50-170"} 1 1.6450648055832504 0.0 10.752520528011642 0.25 1.5724955985455862 11
stats: session 83 2074.4392891566267 575.6306418311384 3060.241 1061.06 2012.370880597015 335
stats: users_count 74 428
stats: finish_users_count 83 418
stats: request 385 12.051493506493513 3.1687415152103475 95.66 5.631 13.603494505494512 1729
stats: connect 74 1.2990135135135132 0.4664486731487719 13.46 0.91 1.2972994350282487 354
stats: page 156 30.02078846153846 5.139179955548149 224.531 18.144 34.35024745269287 687
stats: 200 385 2114
stats: size_rcv 1727559 9427038
stats: newphase 0 3
stats: size_sent 157582 859699
stats: connected -7 13
# stats: dump at 1615437474
stats: users 26 47
stats: {freemem,"tsung_controller@ip-172-31-50-170"} 1 667.94140625 0.0 675.1953125 667.05078125 670.6162109375 12
stats: {load,"tsung_controller@ip-172-31-50-170"} 1 0.01171875 0.0 0.05859375 0.01171875 0.027994791666666668 12
stats: {cpu,"tsung_controller@ip-172-31-50-170"} 1 1.6450648055832504 0.0 10.752520528011642 0.25 1.5785430324653913 12
stats: session 135 2011.9042000000004 581.2710903793998 3060.241 1060.946 2024.6954688995215 418
stats: users_count 151 579
stats: finish_users_count 135 553
stats: request 716 11.764455307262565 3.76147483845008 95.66 5.631 13.320845316934728 2114
stats: 200 716 2830
stats: connect 150 1.261699999999999 0.7305560964087562 13.46 0.91 1.2975957943925234 428
stats: size_rcv 3170755 12597793
stats: newphase 1 4
stats: page 283 29.867939929328625 6.390659059002105 224.531 18.144 33.549066429418744 843
stats: size_sent 289706 1149405
stats: connected 16 29
# stats: dump at 1615437484
stats: users 24 47
stats: {freemem,"tsung_controller@ip-172-31-50-170"} 1 665.37109375 0.0 675.1953125 665.37109375 670.4104567307693 13
stats: {load,"tsung_controller@ip-172-31-50-170"} 1 0.0 0.0 0.05859375 0.0 0.02674278846153846 13
stats: {cpu,"tsung_controller@ip-172-31-50-170"} 1 2.9193468579910937 0.0 10.752520528011642 0.25 1.5836600919359958 13
stats: session 152 2063.6707236842108 565.8374024412286 3060.241 1060.946 2021.5728264014467 553
stats: users_count 150 729
stats: finish_users_count 152 705
stats: connect 148 1.2477094594594593 0.4581159603787691 13.46 0.91 1.2882802768166088 578
stats: page 303 29.418488448844894 5.72687153484337 224.531 18.144 32.62388099467141 1126
stats: request 754 11.756822281167102 3.673042962227406 95.66 5.631 12.92707314487633 2830
stats: 200 754 3584
stats: size_rcv 3380283 15978076
stats: newphase 0 4
stats: size_sent 308161 1457566
stats: connected -6 23
# stats: dump at 1615437494
stats: users 43 47
stats: {freemem,"tsung_controller@ip-172-31-50-170"} 1 664.4921875 0.0 675.1953125 664.4921875 670.0505022321429 14
stats: {load,"tsung_controller@ip-172-31-50-170"} 1 0.0 0.0 0.05859375 0.0 0.024832589285714284 14
stats: {cpu,"tsung_controller@ip-172-31-50-170"} 1 2.690582959641256 0.0 10.752520528011642 0.25 1.67906628951136 14
stats: session 137 2015.0961386861309 569.3829594929382 3060.241 1060.946 2030.6492524822695 705
stats: users_count 156 885
stats: finish_users_count 137 842
stats: request 723 11.586147994467506 3.6643845033797158 95.66 5.572 12.680876395089287 3584
stats: connect 153 1.2237712418300646 0.21508765493092943 13.46 0.91 1.280009641873278 726
stats: page 285 29.55479298245614 5.583611689354357 224.531 18.144 31.94422113365991 1429
stats: 200 723 4307
stats: size_rcv 3196736 19174812
stats: newphase 0 4
stats: size_sent 291391 1748957
stats: connected 21 44
# stats: dump at 1615437504
stats: users 78 79
stats: {freemem,"tsung_controller@ip-172-31-50-170"} 1 663.1640625 0.0 675.1953125 663.1640625 669.6799479166667 15
stats: {load,"tsung_controller@ip-172-31-50-170"} 1 0.0 0.0 0.05859375 0.0 0.023177083333333334 15
stats: {cpu,"tsung_controller@ip-172-31-50-170"} 1 3.1746031746031744 0.0 10.752520528011642 0.25 1.7465007341866863 15
stats: session 248 1993.7566209677418 570.8806313492651 3060.241 1060.946 2028.118638954869 842
stats: users_count 283 1168
stats: finish_users_count 248 1090
stats: connect 287 1.2754529616724737 0.6108904767768637 13.46 0.91 1.2702207053469847 879
stats: page 540 30.679146296296267 6.769980219545834 224.531 18.097 31.546912485414243 1714
stats: request 1368 12.06476096491227 4.337703769488973 95.66 5.527 12.49710842814024 4307
stats: 200 1368 5675
stats: size_rcv 6062828 25237640
stats: newphase 1 5
stats: size_sent 553643 2302600
stats: connected 34 78
# stats: dump at 1615437514
stats: users 86 86
stats: {freemem,"tsung_controller@ip-172-31-50-170"} 1 646.7578125 0.0 675.1953125 646.7578125 669.272705078125 16
stats: {load,"tsung_controller@ip-172-31-50-170"} 1 0.0 0.0 0.05859375 0.0 0.021728515625 16
stats: {cpu,"tsung_controller@ip-172-31-50-170"} 1 4.702351175587794 0.0 10.752520528011642 0.25 1.8357571367127168 16
stats: session 309 2026.8366893203884 592.728729565772 3060.241 1054.803 2020.3004917431192 1090
stats: users_count 317 1485
stats: finish_users_count 309 1399
stats: request 1534 11.644422425032591 3.832676966087942 95.66 5.457 12.392887929515418 5675
stats: connect 307 1.217179153094462 0.4702062446730967 13.46 0.904 1.2715085763293308 1166
stats: page 614 29.216817589576536 6.201690012858301 224.531 18.046 31.339018189884648 2254
stats: 200 1534 7209
stats: size_rcv 6851985 32089625
stats: newphase 0 5
stats: size_sent 625440 2928040
stats: connected -2 76
# stats: dump at 1615437524
stats: users 53 92
stats: {freemem,"tsung_controller@ip-172-31-50-170"} 1 641.33984375 0.0 675.1953125 641.33984375 667.9482996323529 17
stats: {load,"tsung_controller@ip-172-31-50-170"} 1 0.0703125 0.0 0.0703125 0.0 0.020450367647058824 17
stats: {cpu,"tsung_controller@ip-172-31-50-170"} 1 5.544455544455545 0.0 10.752520528011642 0.25 2.0043803154700743 17
stats: session 354 2078.960211864411 578.8207252977833 3060.241 1054.803 2021.7441551107934 1399
stats: users_count 321 1806
stats: finish_users_count 354 1753
stats: request 1703 11.489053435114489 3.934908951839969 95.66 5.457 12.233622277708418 7209
stats: 200 1703 8912
stats: connect 331 1.2871722054380659 0.6812004358405799 13.46 0.904 1.2601853360488797 1473
stats: page 686 28.667142857142853 6.029475050036177 224.531 18.046 30.88468375174337 2868
stats: size_rcv 7646382 39736007
stats: newphase 0 5
stats: size_sent 696792 3624832
stats: connected -22 54
# stats: dump at 1615437534
stats: users 128 139
stats: {freemem,"tsung_controller@ip-172-31-50-170"} 1 642.66796875 0.0 675.1953125 641.33984375 666.4700520833334 18
stats: {load,"tsung_controller@ip-172-31-50-170"} 1 0.140625 0.0 0.140625 0.0 0.023220486111111112 18
stats: {cpu,"tsung_controller@ip-172-31-50-170"} 1 6.246901338621715 0.0 10.752520528011642 0.25 2.2010511615248225 18
stats: session 477 2045.6653710691821 569.3208070304598 3089.099 1054.803 2033.2983388476905 1753
stats: users_count 552 2358
stats: finish_users_count 477 2230
stats: request 2592 12.028617283950606 4.760310539636608 95.66 5.457 12.091342122980247 8912
stats: connect 549 1.1995154826958074 0.6401850442848865 13.46 0.843 1.2651369179600886 1804
stats: page 1022 30.620483365949102 6.991709840822596 224.531 18.046 30.456649690489588 3554
stats: 200 2592 11504
stats: size_rcv 11462275 51198282
stats: newphase 1 6
stats: size_sent 1045254 4670086
stats: connected 74 128
# stats: dump at 1615437544
stats: users 120 140
stats: {freemem,"tsung_controller@ip-172-31-50-170"} 1 634.8671875 0.0 675.1953125 634.8671875 665.2173108552631 19
stats: {load,"tsung_controller@ip-172-31-50-170"} 1 0.12109375 0.0 0.140625 0.0 0.02939967105263158 19
stats: {cpu,"tsung_controller@ip-172-31-50-170"} 1 10.406342913776017 0.0 10.752520528011642 0.25 2.413990644529922 19
stats: session 612 2091.679679738559 573.3033787430364 3089.099 1054.803 2035.9436636771304 2230
stats: users_count 604 2962
stats: finish_users_count 612 2842
stats: request 3031 11.57952820851205 4.3965086191264175 95.66 5.457 12.077209405424195 11504
stats: 200 3031 14535
stats: connect 603 1.2438656716417908 0.7707115621115824 13.46 0.843 1.2498261793455157 2353
stats: size_rcv 13548729 64747011
stats: newphase 0 6
stats: page 1213 29.058052761747724 6.301562190971409 224.531 18.046 30.49324016608391 4576
stats: size_sent 1236765 5906851
stats: connected -5 123
# stats: dump at 1615437554
stats: users 127 149
stats: {freemem,"tsung_controller@ip-172-31-50-170"} 1 634.36328125 0.0 675.1953125 634.36328125 663.6998046875 20
stats: {load,"tsung_controller@ip-172-31-50-170"} 1 0.1015625 0.0 0.140625 0.0 0.033984375 20
stats: {cpu,"tsung_controller@ip-172-31-50-170"} 1 11.005502751375689 0.0 11.005502751375689 0.25 2.8136082579922266 20
stats: session 621 2013.7411159420283 588.0580227275383 3089.099 1054.803 2047.9459303307526 2842
stats: users_count 628 3590
stats: finish_users_count 621 3463
stats: request 3134 11.34938544990424 4.494231506591106 95.66 5.457 11.97342738218094 14535
stats: connect 632 1.2673892405063296 0.7135728146327943 13.46 0.776 1.2486102841677937 2956
stats: page 1252 28.531353035143717 6.383815339646161 224.531 17.615 30.192517705994124 5789
stats: 200 3134 17669
stats: size_rcv 13980082 78727093
stats: newphase 0 6
stats: size_sent 1278449 7185300
stats: connected 8 131
# stats: dump at 1615437564
stats: users 244 264
stats: {freemem,"tsung_controller@ip-172-31-50-170"} 1 618.76953125 0.0 675.1953125 618.76953125 662.3028273809524 21
stats: {load,"tsung_controller@ip-172-31-50-170"} 1 0.23828125 0.0 0.23828125 0.0 0.03720238095238095 21
stats: {cpu,"tsung_controller@ip-172-31-50-170"} 1 11.517548195748887 0.0 11.517548195748887 0.25 3.2036984719628676 21
stats: session 977 2020.3041791197531 575.6641538592112 3093.923 1054.803 2041.8121764366151 3463
stats: users_count 1094 4684
stats: finish_users_count 977 4440
stats: connect 1087 1.1770533578656843 0.6884967404732997 16.609 0.72 1.2519180602006685 3588
stats: page 2070 32.56339516908205 9.577301751889209 224.531 17.615 29.897136628319828 7041
stats: request 5231 12.849881284649195 6.671581375072406 95.66 5.457 11.86273931744863 17669
stats: 200 5231 22900
stats: size_rcv 23215178 101942271
stats: newphase 1 7
stats: size_sent 2115100 9300400
stats: connected 104 235
# stats: dump at 1615437574
stats: users 279 289
stats: {freemem,"tsung_controller@ip-172-31-50-170"} 1 605.51171875 0.0 675.1953125 605.51171875 660.3240411931819 22
stats: {load,"tsung_controller@ip-172-31-50-170"} 1 0.28125 0.0 0.28125 0.0 0.046342329545454544 22
stats: {cpu,"tsung_controller@ip-172-31-50-170"} 1 20.078740157480315 0.0 20.078740157480315 0.25 3.581600732134959 22
stats: session 1226 2052.937163132134 581.8519117380524 3093.923 1054.803 2037.0794481981973 4440
stats: users_count 1261 5945
stats: finish_users_count 1226 5666
stats: connect 1268 1.1738911671924264 0.6285310781744442 16.609 0.718 1.2345110160427804 4675
stats: page 2491 32.69391850662392 8.365048903548276 224.531 17.615 30.50290495006034 9111
stats: request 6250 12.98312495999999 6.295463816805329 95.66 5.457 12.088230131004359 22900
stats: 200 6250 29150
stats: size_rcv 27855262 129797533
stats: newphase 0 7
stats: size_sent 2541586 11841986
stats: connected 46 281
# stats: dump at 1615437584
stats: users 246 304
stats: {freemem,"tsung_controller@ip-172-31-50-170"} 1 595.1875 0.0 675.1953125 595.1875 657.9408967391305 23
stats: {load,"tsung_controller@ip-172-31-50-170"} 1 0.390625 0.0 0.390625 0.0 0.05655570652173913 23
stats: {cpu,"tsung_controller@ip-172-31-50-170"} 1 22.271604938271604 0.0 22.271604938271604 0.25 4.298867663671714 23
stats: session 1202 2071.1524850249552 567.7033697222389 3093.923 1054.803 2040.510715142957 5666
stats: users_count 1169 7114
stats: finish_users_count 1202 6868
stats: request 5913 12.29870759343814 5.726121232438469 95.66 5.457 12.280102950257282 29150
stats: 200 5913 35063
stats: size_rcv 26465282 156262815
stats: page 2372 30.760507166947722 7.1449519989866905 224.531 17.615 30.97332511635925 11602
stats: newphase 0 7
stats: size_sent 2417669 14259655
stats: connected -36 245
stats: connect 1170 1.1775025641025614 0.7018084858764015 16.609 0.718 1.2215771495877494 5943
# stats: dump at 1615437594
stats: users 517 540
stats: {freemem,"tsung_controller@ip-172-31-50-170"} 1 598.62890625 0.0 675.1953125 595.1875 655.3261718750001 24
stats: {load,"tsung_controller@ip-172-31-50-170"} 1 0.48828125 0.0 0.48828125 0.0 0.07047526041666667 24
stats: {cpu,"tsung_controller@ip-172-31-50-170"} 1 20.67094227923039 0.0 22.271604938271604 0.25 5.047731716780043 24
stats: session 1936 2072.9202794421494 572.8637112283207 3123.611 1054.803 2045.8734710250424 6868
stats: users_count 2207 9321
stats: finish_users_count 1936 8804
stats: connect 2078 1.0996732435033678 0.577398904788852 16.609 0.715 1.2143274286517631 7113
stats: page 3887 46.944266529457074 16.00000811311439 224.531 17.615 30.937200586804064 13974
stats: request 9853 18.471806860854443 11.925409503977546 121.332 5.457 12.283240424378961 35063
stats: 200 9853 44916
stats: size_rcv 43610179 199872994
stats: newphase 1 8
stats: size_sent 3977339 18236994
stats: connected 264 509
# stats: dump at 1615437604
stats: users 493 566
stats: {freemem,"tsung_controller@ip-172-31-50-170"} 1 542.65625 0.0 675.1953125 542.65625 653.0582812500002 25
stats: {load,"tsung_controller@ip-172-31-50-170"} 1 0.48828125 0.0 0.48828125 0.0 0.0871875 25
stats: {cpu,"tsung_controller@ip-172-31-50-170"} 1 36.30573248407643 0.0 36.30573248407643 0.25 5.672660139278057 25
stats: session 2400 2108.1749787500007 584.3058247850565 3227.072 1054.803 2051.821065424806 8804
stats: users_count 2376 11697
stats: finish_users_count 2400 11204
stats: request 12021 21.135601946593425 14.844207420784638 222.84 5.457 13.640795529432683 44916
stats: connect 2392 1.1666714046822728 0.5424236224320201 16.609 0.706 1.1884051789794354 9191
stats: page 4813 52.90448909204227 20.867850570485118 267.572 17.615 34.42073820054866 17861
stats: 200 12021 56937
stats: size_rcv 53773455 253646449
stats: newphase 0 8
stats: size_sent 4908387 23145381
stats: connected -34 475
# stats: dump at 1615437614
stats: users 514 566
stats: {freemem,"tsung_controller@ip-172-31-50-170"} 1 538.265625 0.0 675.1953125 538.265625 648.8120492788463 26
stats: {load,"tsung_controller@ip-172-31-50-170"} 1 0.5703125 0.0 0.5703125 0.0 0.1026141826923077 26
stats: {cpu,"tsung_controller@ip-172-31-50-170"} 1 38.72970391595034 0.0 38.72970391595034 0.25 6.85085522946261 26
stats: session 2406 2094.3974231088905 577.408134630056 3227.072 1054.803 2063.892592734737 11204
stats: users_count 2427 14124
stats: finish_users_count 2406 13610
stats: connect 2447 1.1848823048630934 0.5658145395955598 16.609 0.706 1.1839169472502795 11583
stats: page 4841 51.84455980169369 17.16407564314264 267.572 17.615 38.34427586663134 22674
stats: request 12128 20.62988580145114 13.444550851927419 222.84 5.457 15.223159685266136 56937
stats: 200 12128 69065
stats: size_rcv 54060786 307707235
stats: newphase 0 8
stats: size_sent 4938788 28084169
stats: connected 50 525
# stats: dump at 1615437624
stats: users 1681 1768
stats: {freemem,"tsung_controller@ip-172-31-50-170"} 1 537.25390625 0.0 675.1953125 537.25390625 644.7177372685187 27
stats: {load,"tsung_controller@ip-172-31-50-170"} 1 0.62890625 0.0 0.62890625 0.0 0.11993634259259259 27
stats: {cpu,"tsung_controller@ip-172-31-50-170"} 1 38.74219875180029 0.0 38.74219875180029 0.25 8.031553328962154 27
stats: session 3517 3012.5245265851604 840.0125390571726 5393.791 1019.082 2069.285290889051 13610
stats: users_count 4684 18808
stats: finish_users_count 3517 17127
stats: connect 7760 1.214273324742265 0.5816040017532894 16.609 0.705 1.184085317177475 14030
stats: page 7617 556.1276520939963 431.54603989475953 1646.628 1.344 40.719521170270696 27515
stats: request 19930 219.48042764676393 214.76588722874763 800.196 0.066 16.172595352204407 69065
stats: error_send_einval 15 15
stats: 200 13598 82663
stats: size_rcv 62105275 369812510
stats: newphase 1 9
stats: 502 5558 5558
stats: size_sent 7257517 35341686
stats: connected 298 823
stats: error_connection_closed 259 259
# stats: dump at 1615437634
stats: users 1698 1768
stats: {freemem,"tsung_controller@ip-172-31-50-170"} 1 312.30859375 0.0 675.1953125 312.30859375 640.8797433035716 28
stats: {load,"tsung_controller@ip-172-31-50-170"} 1 0.6796875 0.0 0.6796875 0.0 0.13811383928571427 28
stats: {cpu,"tsung_controller@ip-172-31-50-170"} 1 63.06436119116234 0.0 63.06436119116234 0.25 9.128362094063515 28
stats: session 5074 3260.4530315333027 813.7521796640391 5569.26 1019.082 2262.9778460325797 17127
stats: users_count 5091 23899
stats: finish_users_count 5074 22201
stats: request 25447 252.33832817227972 227.68627295114172 800.196 0.058 61.70240149446601 88995
stats: connect 11045 1.279919239474884 0.6199258731342189 16.609 0.686 1.1948360715924713 21790
stats: page 10184 631.4887051256864 420.1176378815674 1673.365 1.331 152.46561399863282 35132
stats: error_send_einval 33 48
stats: 200 14191 96854
stats: size_rcv 66611665 436424175
stats: newphase 0 9
stats: 502 9538 15096
stats: size_sent 8596059 43937745
stats: connected 4 827
stats: error_connection_closed 524 783
# stats: dump at 1615437644
stats: users 1606 1768
stats: {freemem,"tsung_controller@ip-172-31-50-170"} 1 316.23046875 0.0 675.1953125 312.30859375 629.5497036637933 29
stats: {load,"tsung_controller@ip-172-31-50-170"} 1 0.80859375 0.0 0.80859375 0.0 0.1567887931034483 29
stats: {cpu,"tsung_controller@ip-172-31-50-170"} 1 68.26923076923077 0.0 68.26923076923077 0.25 10.988224131894508 29
stats: session 5118 3258.097952911294 807.2572580033843 5569.26 1019.082 2490.949067654609 22201
stats: users_count 5026 28925
stats: finish_users_count 5118 27319
stats: error_send_einval 20 68
stats: 200 14189 111043
stats: request 25523 251.0725366923953 227.67730017686418 800.196 0.048 104.09166790164453 114442
stats: size_rcv 66993457 503417632
stats: newphase 0 9
stats: connect 10658 1.2251571589416346 0.5075738726843839 16.609 0.674 1.2234562509517297 32835
stats: 502 10126 25222
stats: size_sent 8632316 52570061
stats: page 10234 627.62679890561 413.70343209941814 1696.197 1.331 260.117903698472 45316
stats: connected -22 805
stats: error_connection_closed 419 1202
# stats: dump at 1615437654
stats: users 0 1768
stats: {freemem,"tsung_controller@ip-172-31-50-170"} 1 325.57421875 0.0 675.1953125 312.30859375 619.1057291666668 30
stats: {load,"tsung_controller@ip-172-31-50-170"} 1 0.921875 0.0 0.921875 0.0 0.178515625 30
stats: {cpu,"tsung_controller@ip-172-31-50-170"} 1 67.8048780487805 0.0 68.26923076923077 0.25 12.897591019805718 30
stats: session 2472 3421.16853883495 744.034887738244 5569.26 1019.082 2634.6683836890065 27319
stats: users_count 866 29791
stats: finish_users_count 2472 29791
stats: request 8990 275.9520337041161 213.7528186046676 800.196 0.048 130.89403073625556 139965
stats: error_send_einval 4 72
stats: 200 6878 117921
stats: connect 3070 1.313805863192183 1.4139396831044382 26.631 0.671 1.2238730600326486 43493
stats: size_rcv 32996001 536413633
stats: newphase 0 9
stats: 502 1892 27114
stats: page 4032 649.7950178571407 433.74098641481845 1712.83 1.331 327.8242229342929 55550
stats: size_sent 3278834 55848895
stats: connected -805 0
stats: error_connection_closed 106 1308
# stats: dump at 1615437664
stats: users 0 1768
stats: {freemem,"tsung_controller@ip-172-31-50-170"} 1 500.1484375 0.0 675.1953125 312.30859375 609.6369707661291 31
stats: {load,"tsung_controller@ip-172-31-50-170"} 1 0.8515625 0.0 0.921875 0.0 0.20249495967741934 31
stats: {cpu,"tsung_controller@ip-172-31-50-170"} 1 15.75 0.0 68.26923076923077 0.25 14.668793827192001 31
stats: session 0 0 0 5569.26 1019.082 2699.9306569769383 29791
stats: users_count 0 29791
stats: finish_users_count 0 29791
stats: request 0 0 0 800.196 0.048 139.64883216407648 148955
stats: connect 0 0 0 26.631 0.671 1.229802525610463 46563
stats: page 0 0 0 1712.83 1.331 349.61245168003694 59582
stats: error_send_einval 0 72
stats: 200 0 117921
stats: size_rcv 0 536413633
stats: newphase 0 9
stats: 502 0 27114
stats: size_sent 0 55848895
stats: connected 0 0
stats: error_connection_closed 0 1308
# stats: dump at 1615437674
stats: users 0 1768
stats: {freemem,"tsung_controller@ip-172-31-50-170"} 1 511.88671875 0.0 675.1953125 312.30859375 606.2154541015626 32
stats: {load,"tsung_controller@ip-172-31-50-170"} 1 0.71875 0.0 0.921875 0.0 0.2227783203125 32
stats: {cpu,"tsung_controller@ip-172-31-50-170"} 1 0.15 0.0 68.26923076923077 0.15 14.70258152009225 32
stats: session 0 0 0 5569.26 1019.082 2699.9306569769383 29791
stats: users_count 0 29791
stats: finish_users_count 0 29791
stats: request 0 0 0 800.196 0.048 139.64883216407648 148955
stats: connect 0 0 0 26.631 0.671 1.229802525610463 46563
stats: page 0 0 0 1712.83 1.331 349.61245168003694 59582
stats: error_send_einval 0 72
stats: 200 0 117921
stats: size_rcv 0 536413633
stats: newphase 0 9
stats: 502 0 27114
stats: size_sent 0 55848895
stats: connected 0 0
stats: error_connection_closed 0 1308
# stats: dump at 1615437684
stats: users 0 1768
stats: {freemem,"tsung_controller@ip-172-31-50-170"} 1 512.1328125 0.0 675.1953125 312.30859375 603.3570075757577 33
stats: {load,"tsung_controller@ip-172-31-50-170"} 1 0.609375 0.0 0.921875 0.0 0.23780776515151514 33
stats: {cpu,"tsung_controller@ip-172-31-50-170"} 1 0.05002501250625312 0.0 68.26923076923077 0.05002501250625312 14.261594201301575 33
stats: session 0 0 0 5569.26 1019.082 2699.9306569769383 29791
stats: users_count 0 29791
stats: finish_users_count 0 29791
stats: request 0 0 0 800.196 0.048 139.64883216407648 148955
stats: connect 0 0 0 26.631 0.671 1.229802525610463 46563
stats: page 0 0 0 1712.83 1.331 349.61245168003694 59582
stats: error_send_einval 0 72
stats: 200 0 117921
stats: size_rcv 0 536413633
stats: newphase 0 9
stats: 502 0 27114
stats: size_sent 0 55848895
stats: connected 0 0
stats: error_connection_closed 0 1308
# stats: dump at 1615437694
stats: users 0 1768
stats: {freemem,"tsung_controller@ip-172-31-50-170"} 1 512.54296875 0.0 675.1953125 312.30859375 600.673943014706 34
stats: {load,"tsung_controller@ip-172-31-50-170"} 1 0.51171875 0.0 0.921875 0.0 0.24873621323529413 34
stats: {cpu,"tsung_controller@ip-172-31-50-170"} 1 0.0 0.0 68.26923076923077 0.0 13.84360687221936 34
stats: session 0 0 0 5569.26 1019.082 2699.9306569769383 29791
stats: users_count 0 29791
stats: finish_users_count 0 29791
stats: request 0 0 0 800.196 0.048 139.64883216407648 148955
stats: connect 0 0 0 26.631 0.671 1.229802525610463 46563
stats: page 0 0 0 1712.83 1.331 349.61245168003694 59582
stats: error_send_einval 0 72
stats: 200 0 117921
stats: size_rcv 0 536413633
stats: newphase 0 9
stats: 502 0 27114
stats: size_sent 0 55848895
stats: connected 0 0
stats: error_connection_closed 0 1308
# stats: dump at 1615437704
stats: users 0 1768
stats: {freemem,"tsung_controller@ip-172-31-50-170"} 1 520.74609375 0.0 675.1953125 312.30859375 598.1559151785715 35
stats: {load,"tsung_controller@ip-172-31-50-170"} 1 0.4296875 0.0 0.921875 0.0 0.25625 35
stats: {cpu,"tsung_controller@ip-172-31-50-170"} 1 0.14992503748125938 0.0 68.26923076923077 0.0 13.448075247298807 35
stats: session 0 0 0 5569.26 1019.082 2699.9306569769383 29791
stats: users_count 0 29791
stats: finish_users_count 0 29791
stats: request 0 0 0 800.196 0.048 139.64883216407648 148955
stats: connect 0 0 0 26.631 0.671 1.229802525610463 46563
stats: page 0 0 0 1712.83 1.331 349.61245168003694 59582
stats: error_send_einval 0 72
stats: 200 0 117921
stats: size_rcv 0 536413633
stats: newphase 0 9
stats: 502 0 27114
stats: size_sent 0 55848895
stats: connected 0 0
stats: error_connection_closed 0 1308
# stats: dump at 1615437706
stats: users 0 1768
stats: {freemem,"tsung_controller@ip-172-31-50-170"} 1 521.29296875 0.0 675.1953125 312.30859375 596.0056423611112 36
stats: {load,"tsung_controller@ip-172-31-50-170"} 1 0.37109375 0.0 0.921875 0.0 0.2610677083333333 36
stats: {cpu,"tsung_controller@ip-172-31-50-170"} 1 0.05002501250625312 0.0 68.26923076923077 0.0 13.078682185914985 36
stats: session 0 0 0 5569.26 1019.082 2699.9306569769383 29791
stats: users_count 0 29791
stats: finish_users_count 0 29791
stats: request 0 0 0 800.196 0.048 139.64883216407648 148955
stats: connect 0 0 0 26.631 0.671 1.229802525610463 46563
stats: page 0 0 0 1712.83 1.331 349.61245168003694 59582
stats: error_send_einval 0 72
stats: 200 0 117921
stats: size_rcv 0 536413633
stats: newphase 0 9
stats: 502 0 27114
stats: size_sent 0 55848895
stats: connected 0 0
stats: error_connection_closed 0 1308
EndMonitor:{1615,437706,311259}
