# stats: dump at 1615456648
stats: users 4 4
stats: {load,"tsung_controller@ip-172-31-53-64"} 1 0.171875 0 0.171875 0.171875 0 0
stats: {freemem,"tsung_controller@ip-172-31-53-64"} 1 673.3515625 0 673.3515625 673.3515625 0 0
stats: {cpu,"tsung_controller@ip-172-31-53-64"} 1 5.217221763464538 0 5.217221763464538 5.217221763464538 0 0
stats: session 7 2241.702428571429 392.36201988865065 2762.895 1745.184 0 0
stats: users_count 11 11
stats: finish_users_count 7 7
stats: request 44 42.76 30.19000992050185 116.74 7.624 0 0
stats: connect 10 2.4460999999999995 3.10729584848305 11.744 1.176 0 0
stats: page 17 110.82676470588235 47.47048972414883 241.807 47.084 0 0
stats: 200 44 44
stats: size_rcv 220289 220289
stats: size_sent 17503 17503
stats: connected 3 3
# stats: dump at 1615456658
stats: users 1 5
stats: {load,"tsung_controller@ip-172-31-53-64"} 1 0.140625 0.0 0.171875 0.140625 0.171875 1
stats: {freemem,"tsung_controller@ip-172-31-53-64"} 1 671.65234375 0.0 673.3515625 671.65234375 673.3515625 1
stats: {cpu,"tsung_controller@ip-172-31-53-64"} 1 0.5002501250625313 0.0 5.217221763464538 0.5002501250625313 5.217221763464538 1
stats: session 11 1874.7399090909091 384.1475820880338 2762.895 1257.923 2241.702428571429 7
stats: users_count 8 19
stats: finish_users_count 11 18
stats: request 49 22.124734693877556 12.343335798879426 116.74 7.582 42.76 44
stats: connect 9 1.465 0.23565747271080634 11.744 1.115 2.4460999999999995 10
stats: page 20 54.354099999999995 18.545185027116872 241.807 25.495 110.82676470588235 17
stats: 200 49 93
stats: size_rcv 257528 477817
stats: size_sent 20264 37767
stats: connected -2 1
# stats: dump at 1615456668
stats: users 1 5
stats: {load,"tsung_controller@ip-172-31-53-64"} 1 0.12109375 0.0 0.171875 0.12109375 0.15625 2
stats: {freemem,"tsung_controller@ip-172-31-53-64"} 1 671.29296875 0.0 673.3515625 671.29296875 672.501953125 2
stats: {cpu,"tsung_controller@ip-172-31-53-64"} 1 0.2 0.0 5.217221763464538 0.2 2.8587359442635347 2
stats: session 8 2334.58275 501.01150509138756 3059.957 1257.923 2017.4475555555557 18
stats: users_count 8 27
stats: finish_users_count 8 26
stats: 200 35 128
stats: request 35 20.95857142857143 16.191350414492856 116.74 7.582 31.887655913978495 93
stats: connect 7 1.4021428571428571 0.24578296382402592 11.744 1.115 1.9813684210526312 19
stats: page 14 52.55064285714286 33.75692914818092 241.807 25.495 80.30099999999999 37
stats: size_rcv 182681 660498
stats: size_sent 14276 52043
stats: connected 0 1
# stats: dump at 1615456678
stats: users 2 6
stats: {load,"tsung_controller@ip-172-31-53-64"} 1 0.1015625 0.0 0.171875 0.1015625 0.14453125 3
stats: {freemem,"tsung_controller@ip-172-31-53-64"} 1 671.66796875 0.0 673.3515625 671.29296875 672.0989583333334 3
stats: {cpu,"tsung_controller@ip-172-31-53-64"} 1 0.3494757863205192 0.0 5.217221763464538 0.2 1.9724906295090232 3
stats: session 12 2140.34175 432.1251754025533 3059.957 1257.923 2115.0276153846157 26
stats: users_count 13 40
stats: finish_users_count 12 38
stats: 200 65 193
stats: request 65 14.996153846153845 5.218922907534935 116.74 7.512 28.899234375000002 128
stats: connect 13 1.4090000000000003 0.3340736906271291 11.744 1.07 1.8254230769230766 26
stats: page 26 37.627269230769244 9.78734517534561 241.807 25.495 72.68325490196078 51
stats: size_rcv 338494 998992
stats: newphase 1 1
stats: size_sent 26527 78570
stats: connected 0 1
# stats: dump at 1615456688
stats: users 5 6
stats: {load,"tsung_controller@ip-172-31-53-64"} 1 0.078125 0.0 0.171875 0.078125 0.1337890625 4
stats: {freemem,"tsung_controller@ip-172-31-53-64"} 1 671.515625 0.0 673.3515625 671.29296875 671.9912109375 4
stats: {cpu,"tsung_controller@ip-172-31-53-64"} 1 0.15015015015015015 0.0 5.217221763464538 0.15015015015015015 1.5667369187118971 4
stats: session 15 2183.6627333333336 517.9703084193748 3059.957 1257.923 2123.021552631579 38
stats: users_count 18 58
stats: finish_users_count 15 53
stats: connect 18 1.4042222222222225 0.17549154951340898 11.744 1.07 1.6866153846153844 39
stats: page 33 34.796151515151514 6.919868408808435 241.807 24.961 60.846168831168825 77
stats: 200 84 277
stats: request 84 13.601761904761899 3.3838668203102165 116.74 7.207 24.216849740932645 193
stats: size_rcv 424141 1423133
stats: newphase 0 1
stats: size_sent 33774 112344
stats: connected 3 4
# stats: dump at 1615456698
stats: users 3 6
stats: {load,"tsung_controller@ip-172-31-53-64"} 1 0.0703125 0.0 0.171875 0.0703125 0.12265625 5
stats: {freemem,"tsung_controller@ip-172-31-53-64"} 1 670.6875 0.0 673.3515625 670.6875 671.89609375 5
stats: {cpu,"tsung_controller@ip-172-31-53-64"} 1 0.40060090135202797 0.0 5.217221763464538 0.15015015015015015 1.2834195649995477 5
stats: session 18 1897.017111111111 655.2858144884303 3059.957 1086.312 2140.1841509433966 53
stats: users_count 16 74
stats: finish_users_count 18 71
stats: request 80 12.760662500000002 2.391187800778883 116.74 7.207 20.997833935018054 277
stats: connect 16 1.6744375000000002 1.0104002281738411 11.744 1.07 1.597438596491228 57
stats: page 32 32.0444375 4.712927732163283 241.807 24.125 53.03116363636364 110
stats: 200 80 357
stats: size_rcv 412542 1835675
stats: newphase 0 1
stats: size_sent 32639 144983
stats: connected 0 4
# stats: dump at 1615456708
stats: users 6 8
stats: {load,"tsung_controller@ip-172-31-53-64"} 1 0.05859375 0.0 0.171875 0.05859375 0.11393229166666667 6
stats: {freemem,"tsung_controller@ip-172-31-53-64"} 1 670.80859375 0.0 673.3515625 670.6875 671.6946614583334 6
stats: {cpu,"tsung_controller@ip-172-31-53-64"} 1 0.3003003003003003 0.0 5.217221763464538 0.15015015015015015 1.1362831210582944 6
stats: session 19 2342.0303684210526 405.81007731789873 3059.957 1086.312 2078.536169014085 71
stats: users_count 22 96
stats: finish_users_count 19 90
stats: request 101 12.702138613861381 2.64490595774985 116.74 6.73 19.15196918767507 357
stats: connect 21 1.7850952380952378 1.8097744112184628 11.744 1.034 1.6143150684931507 73
stats: page 40 32.220899999999986 4.690393649791027 241.807 23.594 48.301760563380284 142
stats: 200 101 458
stats: size_rcv 513967 2349642
stats: newphase 1 2
stats: size_sent 40954 185937
stats: connected 2 6
# stats: dump at 1615456718
stats: users 8 16
stats: {load,"tsung_controller@ip-172-31-53-64"} 1 0.05078125 0.0 0.171875 0.05078125 0.10602678571428571 7
stats: {freemem,"tsung_controller@ip-172-31-53-64"} 1 671.62890625 0.0 673.3515625 670.6875 671.5680803571429 7
stats: {cpu,"tsung_controller@ip-172-31-53-64"} 1 0.3498250874562719 0.0 5.217221763464538 0.15015015015015015 1.0168570038071523 7
stats: session 50 2066.9858200000012 533.486412170008 3059.957 1086.312 2134.1627222222223 90
stats: users_count 52 148
stats: finish_users_count 50 140
stats: request 258 13.518689922480613 5.2871648581432815 116.74 6.197 17.729626637554585 458
stats: connect 52 1.4318269230769227 0.7458755237755531 11.744 1.034 1.6524680851063829 94
stats: page 103 34.009514563106805 8.551827302451388 241.807 23.594 44.76750549450549 182
stats: 200 258 716
stats: size_rcv 1328787 3678429
stats: newphase 0 2
stats: size_sent 105147 291084
stats: connected 1 7
# stats: dump at 1615456728
stats: users 9 16
stats: {load,"tsung_controller@ip-172-31-53-64"} 1 0.0390625 0.0 0.171875 0.0390625 0.09912109375 8
stats: {freemem,"tsung_controller@ip-172-31-53-64"} 1 663.86328125 0.0 673.3515625 663.86328125 671.57568359375 8
stats: {cpu,"tsung_controller@ip-172-31-53-64"} 1 0.8008008008008007 0.0 5.217221763464538 0.15015015015015015 0.9334780142632922 8
stats: session 34 2061.9012352941177 554.0187897774533 3059.957 1086.312 2110.170971428572 140
stats: users_count 35 183
stats: finish_users_count 34 174
stats: request 176 12.992624999999993 3.41224251879937 116.74 6.197 16.21227793296089 716
stats: connect 36 1.3951388888888883 0.23952825775977268 11.744 1.034 1.5738835616438354 146
stats: page 70 32.824385714285704 6.149301944803763 241.807 23.405 40.87952982456141 285
stats: 200 176 892
stats: size_rcv 901193 4579622
stats: newphase 0 2
stats: size_sent 71453 362537
stats: connected 2 9
# stats: dump at 1615456738
stats: users 16 21
stats: {load,"tsung_controller@ip-172-31-53-64"} 1 0.03125 0.0 0.171875 0.03125 0.09244791666666667 9
stats: {freemem,"tsung_controller@ip-172-31-53-64"} 1 664.58984375 0.0 673.3515625 663.86328125 670.71875 9
stats: {cpu,"tsung_controller@ip-172-31-53-64"} 1 0.5012531328320802 0.0 5.217221763464538 0.15015015015015015 0.9187361016563488 9
stats: session 55 2034.675672727273 638.6119809692398 3059.957 1086.312 2100.738954022989 174
stats: users_count 62 245
stats: finish_users_count 55 229
stats: request 287 12.943519163763064 4.515674637009746 116.74 6.197 15.577010089686096 892
stats: connect 60 1.530116666666667 0.9146826424443009 11.744 0.988 1.5385274725274722 182
stats: page 113 32.902353982300895 7.242497513197978 241.807 23.064 39.291191549295775 355
stats: 200 287 1179
stats: size_rcv 1468228 6047850
stats: newphase 1 3
stats: size_sent 116447 478984
stats: connected 7 16
# stats: dump at 1615456748
stats: users 21 23
stats: {load,"tsung_controller@ip-172-31-53-64"} 1 0.109375 0.0 0.171875 0.03125 0.086328125 10
stats: {freemem,"tsung_controller@ip-172-31-53-64"} 1 661.13671875 0.0 673.3515625 661.13671875 670.105859375 10
stats: {cpu,"tsung_controller@ip-172-31-53-64"} 1 1.0468594217347957 0.0 5.217221763464538 0.15015015015015015 0.8769878047739219 10
stats: session 75 2095.0492133333337 580.1333566349791 3059.957 1086.312 2084.8722270742364 229
stats: users_count 80 325
stats: finish_users_count 75 304
stats: request 389 12.8513059125964 4.363263638601194 116.74 6.057 14.935948261238334 1179
stats: 200 389 1568
stats: connect 79 1.5634556962025319 1.2756032556240564 11.744 0.988 1.5364421487603304 242
stats: page 155 32.40556774193546 7.622130382087413 241.807 22.584 37.74858760683761 468
stats: size_rcv 1992914 8040764
stats: newphase 0 3
stats: size_sent 157957 636941
stats: connected 3 19
# stats: dump at 1615456758
stats: users 17 23
stats: {load,"tsung_controller@ip-172-31-53-64"} 1 0.08984375 0.0 0.171875 0.03125 0.08842329545454546 11
stats: {freemem,"tsung_controller@ip-172-31-53-64"} 1 663.890625 0.0 673.3515625 661.13671875 669.2904829545455 11
stats: {cpu,"tsung_controller@ip-172-31-53-64"} 1 1.098901098901099 0.0 5.217221763464538 0.15015015015015015 0.8924306790430923 11
stats: session 85 2052.8139176470595 615.1752458916598 3059.957 1070.988 2087.382996710527 304
stats: users_count 81 406
stats: finish_users_count 85 389
stats: request 423 12.613241134751783 2.6381332829199096 116.74 5.536 14.41877614795918 1568
stats: connect 85 1.487705882352941 0.7052660378063338 11.744 0.969 1.5430903426791278 321
stats: page 169 31.64144378698225 4.682461708879647 241.807 20.706 36.41926484751203 623
stats: 200 423 1991
stats: size_rcv 2176315 10217079
stats: newphase 0 3
stats: size_sent 172218 809159
stats: connected 0 19
# stats: dump at 1615456768
stats: users 35 44
stats: {load,"tsung_controller@ip-172-31-53-64"} 1 0.078125 0.0 0.171875 0.03125 0.08854166666666667 12
stats: {freemem,"tsung_controller@ip-172-31-53-64"} 1 666.6171875 0.0 673.3515625 661.13671875 668.8404947916666 12
stats: {cpu,"tsung_controller@ip-172-31-53-64"} 1 1.05 0.0 5.217221763464538 0.15015015015015015 0.9096365473645928 12
stats: session 121 2014.3932148760318 583.7595365965269 3072.578 1070.988 2079.8293419023144 389
stats: users_count 139 545
stats: finish_users_count 121 510
stats: connect 136 1.4161911764705888 0.8396033247095449 11.744 0.883 1.5314950738916258 406
stats: page 255 32.71468235294119 7.641587957155469 241.807 20.59 35.39975505050505 792
stats: 200 645 2636
stats: request 645 12.85552558139535 4.796499045101089 116.74 5.536 14.035179306880964 1991
stats: size_rcv 3282388 13499467
stats: newphase 1 4
stats: size_sent 259948 1069107
stats: connected 17 36
# stats: dump at 1615456778
stats: users 37 47
stats: {load,"tsung_controller@ip-172-31-53-64"} 1 0.0703125 0.0 0.171875 0.03125 0.08774038461538461 13
stats: {freemem,"tsung_controller@ip-172-31-53-64"} 1 661.5 0.0 673.3515625 661.13671875 668.6694711538462 13
stats: {cpu,"tsung_controller@ip-172-31-53-64"} 1 1.8527791687531296 0.0 5.217221763464538 0.15015015015015015 0.9204337360288549 13
stats: session 168 2086.6207083333347 578.1442856036949 3072.578 1064.734 2064.3043000000002 510
stats: users_count 170 715
stats: finish_users_count 168 678
stats: request 834 12.492677458033567 2.951796195075406 116.74 5.294 13.746531107738999 2636
stats: connect 168 1.4056190476190484 0.5791552017658362 11.744 0.883 1.5025627306273066 542
stats: page 333 31.42334234234234 5.235537404396205 241.807 19.407 34.745797516714426 1047
stats: 200 834 3470
stats: size_rcv 4285104 17784571
stats: newphase 0 4
stats: size_sent 339298 1408405
stats: connected 3 39
# stats: dump at 1615456788
stats: users 36 47
stats: {load,"tsung_controller@ip-172-31-53-64"} 1 0.05859375 0.0 0.171875 0.03125 0.08649553571428571 14
stats: {freemem,"tsung_controller@ip-172-31-53-64"} 1 658.94921875 0.0 673.3515625 658.94921875 668.1573660714286 14
stats: {cpu,"tsung_controller@ip-172-31-53-64"} 1 2.2533800701051576 0.0 5.217221763464538 0.15015015015015015 0.9870298383663031 14
stats: session 158 2108.7976012658223 566.463312618642 3072.578 1064.734 2069.834029498526 678
stats: users_count 157 872
stats: finish_users_count 158 836
stats: request 801 12.582833957553065 3.2550420082621048 116.74 4.982 13.445172622478385 3470
stats: page 321 31.548417445482848 5.508259844753881 241.807 19.404 33.94407463768116 1380
stats: 200 801 4271
stats: connect 159 1.3962201257861637 0.5927937654867703 11.744 0.883 1.4796239436619723 710
stats: size_rcv 4127587 21912158
stats: newphase 0 4
stats: size_sent 326917 1735322
stats: connected -3 36
# stats: dump at 1615456798
stats: users 72 77
stats: {load,"tsung_controller@ip-172-31-53-64"} 1 0.05078125 0.0 0.171875 0.03125 0.08463541666666667 15
stats: {freemem,"tsung_controller@ip-172-31-53-64"} 1 651.53125 0.0 673.3515625 651.53125 667.5434895833333 15
stats: {cpu,"tsung_controller@ip-172-31-53-64"} 1 3.4739454094292808 0.0 5.217221763464538 0.15015015015015015 1.0714531871488935 15
stats: session 197 2073.1412335025375 577.765616106084 3072.578 1064.734 2077.197958133972 836
stats: users_count 233 1105
stats: finish_users_count 197 1033
stats: connect 232 1.3998318965517242 0.6802754843975088 11.744 0.883 1.4643636363636368 869
stats: page 427 31.417271662763465 5.338163038796721 241.807 18.758 33.49198412698413 1701
stats: request 1086 12.299023941068143 3.225202618069697 116.74 4.982 13.283446265511591 4271
stats: 200 1086 5357
stats: size_rcv 5538516 27450674
stats: newphase 1 5
stats: size_sent 437877 2173199
stats: connected 37 73
# stats: dump at 1615456808
stats: users 66 81
stats: {load,"tsung_controller@ip-172-31-53-64"} 1 0.0390625 0.0 0.171875 0.03125 0.08251953125 16
stats: {freemem,"tsung_controller@ip-172-31-53-64"} 1 641.9765625 0.0 673.3515625 641.9765625 666.542724609375 16
stats: {cpu,"tsung_controller@ip-172-31-53-64"} 1 4.108216432865731 0.0 5.217221763464538 0.15015015015015015 1.2216089510414176 16
stats: session 313 2126.1466709265183 567.650367544531 3072.578 1064.734 2076.4243136495647 1033
stats: users_count 307 1412
stats: finish_users_count 313 1346
stats: request 1552 12.706119845360812 3.5208513941603394 116.74 4.831 13.083878850102671 5357
stats: connect 306 1.4478006535947707 0.5333455967948811 11.744 0.883 1.4507656675749323 1101
stats: page 623 31.8189598715891 6.204247946969463 241.807 18.758 33.07567669172933 2128
stats: 200 1552 6909
stats: size_rcv 7999820 35450494
stats: newphase 0 5
stats: size_sent 632724 2805923
stats: connected -10 63
# stats: dump at 1615456818
stats: users 67 81
stats: {load,"tsung_controller@ip-172-31-53-64"} 1 0.03125 0.0 0.171875 0.03125 0.07996323529411764 17
stats: {freemem,"tsung_controller@ip-172-31-53-64"} 1 652.65625 0.0 673.3515625 641.9765625 665.09765625 17
stats: {cpu,"tsung_controller@ip-172-31-53-64"} 1 4.609218436873747 0.0 5.217221763464538 0.15015015015015015 1.3914093911487302 17
stats: session 300 2102.7243433333338 573.2992784959459 3072.578 1064.476 2087.9867934621107 1346
stats: users_count 301 1713
stats: finish_users_count 300 1646
stats: request 1500 12.679624 3.2015696981258004 116.74 4.831 12.999021131856997 6909
stats: connect 302 1.4281192052980143 0.6698583069224494 11.744 0.883 1.450120824449183 1407
stats: page 599 31.88987479131887 5.392201992064184 241.807 18.626 32.79107669938205 2751
stats: 200 1500 8409
stats: size_rcv 7695495 43145989
stats: newphase 0 5
stats: size_sent 610692 3416615
stats: connected 5 68
# stats: dump at 1615456828
stats: users 165 167
stats: {load,"tsung_controller@ip-172-31-53-64"} 1 0.03125 0.0 0.171875 0.03125 0.07725694444444445 18
stats: {freemem,"tsung_controller@ip-172-31-53-64"} 1 650.8125 0.0 673.3515625 641.9765625 664.4064670138889 18
stats: {cpu,"tsung_controller@ip-172-31-53-64"} 1 4.8490846115784265 0.0 5.217221763464538 0.15015015015015015 1.5701765603556757 18
stats: session 437 2054.0462082379877 596.5193005710547 3072.578 1064.476 2090.672859659782 1646
stats: users_count 535 2248
stats: finish_users_count 437 2083
stats: request 2465 12.597840973630857 4.21901595025472 116.74 4.831 12.942046973480794 8409
stats: 200 2465 10874
stats: size_rcv 12494389 55640378
stats: page 966 32.237349896480396 6.893147264559622 241.807 16.494 32.62993641791046 3350
stats: newphase 1 6
stats: size_sent 991711 4408326
stats: connected 95 163
stats: connect 532 1.356592105263159 0.6761370518949485 11.744 0.883 1.4462328847279113 1709
# stats: dump at 1615456838
stats: users 148 169
stats: {load,"tsung_controller@ip-172-31-53-64"} 1 0.01953125 0.0 0.171875 0.01953125 0.07483552631578948 19
stats: {freemem,"tsung_controller@ip-172-31-53-64"} 1 617.6640625 0.0 673.3515625 617.6640625 663.6909950657895 19
stats: {cpu,"tsung_controller@ip-172-31-53-64"} 1 8.20253164556962 0.0 8.20253164556962 0.15015015015015015 1.742750668314768 19
stats: session 657 2051.6162557077655 573.542609865136 3072.578 1058.507 2082.9888238118106 2083
stats: users_count 640 2888
stats: finish_users_count 657 2740
stats: request 3237 12.263431572443631 3.6653212526472525 116.74 4.831 12.864019771933057 10874
stats: 200 3237 14111
stats: connect 640 1.3060124999999982 0.47823865299529034 11.744 0.883 1.42495269968764 2241
stats: page 1298 30.69853775038524 5.988125758072533 241.807 15.797 32.5420683503244 4316
stats: size_rcv 16582270 72222648
stats: newphase 0 6
stats: size_sent 1322704 5731030
stats: connected -17 146
# stats: dump at 1615456848
stats: users 123 169
stats: {load,"tsung_controller@ip-172-31-53-64"} 1 0.1015625 0.0 0.171875 0.01953125 0.0720703125 20
stats: {freemem,"tsung_controller@ip-172-31-53-64"} 1 618.1171875 0.0 673.3515625 617.6640625 661.3896484375 20
stats: {cpu,"tsung_controller@ip-172-31-53-64"} 1 10.534274193548388 0.0 10.534274193548388 0.15015015015015015 2.0657397171775105 20
stats: session 638 2066.405478056422 569.5497277367878 3082.392 1058.507 2075.466277372264 2740
stats: users_count 613 3501
stats: finish_users_count 638 3378
stats: connect 612 1.2973774509803926 0.45468700684913355 11.744 0.859 1.3985307185005207 2881
stats: page 1249 30.919019215372252 6.858752351695495 241.807 15.797 32.11582988956184 5614
stats: 200 3107 17218
stats: size_rcv 15941479 88164127
stats: newphase 0 6
stats: request 3107 12.371958480849713 4.002384169722877 116.74 4.792 12.72624753738219 14111
stats: size_sent 1270749 7001779
stats: connected -26 120
# stats: dump at 1615456858
stats: users 237 253
stats: {load,"tsung_controller@ip-172-31-53-64"} 1 0.078125 0.0 0.171875 0.01953125 0.07347470238095238 21
stats: {freemem,"tsung_controller@ip-172-31-53-64"} 1 618.06640625 0.0 673.3515625 617.6640625 659.3290550595239 21
stats: {cpu,"tsung_controller@ip-172-31-53-64"} 1 9.414758269720101 0.0 10.534274193548388 0.15015015015015015 2.469003263671362 21
stats: session 822 2006.5790024330888 587.1295767633985 3082.392 1055.363 2073.7549718768505 3378
stats: users_count 936 4437
stats: finish_users_count 822 4200
stats: connect 937 1.2977086446104589 0.6992025915985747 14.264 0.732 1.3808079015173205 3493
stats: page 1762 32.30030419977308 8.049567942062914 241.807 15.053 31.898021856331066 6863
stats: 200 4464 21682
stats: size_rcv 22672993 110837120
stats: newphase 1 7
stats: size_sent 1802695 8804474
stats: connected 113 233
stats: request 4464 12.711428987455177 4.894242844454579 116.74 4.584 12.662315832268563 17218
# stats: dump at 1615456868
stats: users 271 285
stats: {load,"tsung_controller@ip-172-31-53-64"} 1 0.0703125 0.0 0.171875 0.01953125 0.07368607954545454 22
stats: {freemem,"tsung_controller@ip-172-31-53-64"} 1 597.48828125 0.0 673.3515625 597.48828125 657.4534801136364 22
stats: {cpu,"tsung_controller@ip-172-31-53-64"} 1 15.415617128463477 0.0 15.415617128463477 0.15015015015015015 2.784719400309941 22
stats: session 1179 2055.8347031382514 569.9462856243182 3082.392 1055.363 2060.6076749999997 4200
stats: users_count 1213 5650
stats: finish_users_count 1179 5379
stats: request 5999 12.825858476412684 4.854942795378619 116.74 4.584 12.672427497463335 21682
stats: 200 5999 27681
stats: size_rcv 30590638 141427758
stats: newphase 0 7
stats: connect 1218 1.280591133004924 0.4386117208816648 14.264 0.732 1.3632313769751692 4430
stats: size_sent 2442534 11247008
stats: page 2390 32.285322175732105 7.6754859951597325 241.807 15.053 31.980204057971044 8625
stats: connected 40 273
# stats: dump at 1615456878
stats: users 268 291
stats: {load,"tsung_controller@ip-172-31-53-64"} 1 0.21875 0.0 0.21875 0.01953125 0.07353940217391304 23
stats: {freemem,"tsung_controller@ip-172-31-53-64"} 1 586.10546875 0.0 673.3515625 586.10546875 654.8462975543479 23
stats: {cpu,"tsung_controller@ip-172-31-53-64"} 1 19.18987341772152 0.0 19.18987341772152 0.15015015015015015 3.333888866751399 23
stats: session 1304 2042.7428842024572 577.5312020267268 3103.733 1055.363 2059.5615077151883 5379
stats: users_count 1301 6951
stats: finish_users_count 1304 6683
stats: connect 1303 1.2501534919416732 0.42385695803671863 14.264 0.723 1.3454098796033989 5648
stats: request 6528 12.848749234068585 5.258001410381241 116.74 4.584 12.705678913334046 27681
stats: page 2613 32.235101033295045 8.281261272154358 241.807 15.053 32.04640762596459 11015
stats: 200 6528 34209
stats: size_rcv 33331826 174759584
stats: newphase 0 7
stats: size_sent 2661423 13908431
stats: connected -5 268
# stats: dump at 1615456888
stats: users 532 547
stats: {load,"tsung_controller@ip-172-31-53-64"} 1 0.33984375 0.0 0.33984375 0.01953125 0.07958984375 24
stats: {freemem,"tsung_controller@ip-172-31-53-64"} 1 590.34765625 0.0 673.3515625 586.10546875 651.9820963541667 24
stats: {cpu,"tsung_controller@ip-172-31-53-64"} 1 18.833849329205364 0.0 19.18987341772152 0.15015015015015015 3.9945548897084877 24
stats: session 1759 2023.698538942575 574.8158677721781 3136.639 1055.363 2056.2798250785577 6683
stats: users_count 2023 8974
stats: finish_users_count 1759 8442
stats: request 8975 16.410346406685328 9.552976086357585 116.74 4.584 12.732980589903224 34209
stats: 200 8975 43184
stats: size_rcv 45574650 220334234
stats: connect 1902 1.3131713985278681 0.8742786902619193 21.125 0.72 1.327553589411595 6951
stats: newphase 1 8
stats: size_sent 3619618 17528049
stats: connected 261 529
stats: page 3538 41.763265969474354 15.920618745012996 241.807 15.053 32.082587246844724 13628
# stats: dump at 1615456898
stats: users 520 547
stats: {load,"tsung_controller@ip-172-31-53-64"} 1 0.2890625 0.0 0.33984375 0.01953125 0.09 25
stats: {freemem,"tsung_controller@ip-172-31-53-64"} 1 533.74609375 0.0 673.3515625 533.74609375 649.5167187500001 25
stats: {cpu,"tsung_controller@ip-172-31-53-64"} 1 29.033942558746734 0.0 29.033942558746734 0.15015015015015015 4.588126667288363 25
stats: session 2449 2086.735881584316 577.9469321686577 3136.639 1055.363 2049.491092276711 8442
stats: users_count 2437 11411
stats: finish_users_count 2449 10891
stats: request 12256 17.584991106396867 9.494997495237435 116.74 4.584 13.497253427195263 43184
stats: 200 12256 55440
stats: connect 2456 1.2545814332247562 0.48450677332850894 21.125 0.708 1.3244636846266804 8853
stats: page 4897 44.09730916887873 14.100221050640586 241.807 15.053 34.07782442036585 17166
stats: size_rcv 62883246 283217480
stats: newphase 0 8
stats: size_sent 4999364 22527413
stats: connected 7 536
# stats: dump at 1615456908
stats: users 524 554
stats: {load,"tsung_controller@ip-172-31-53-64"} 1 0.23828125 0.0 0.33984375 0.01953125 0.09765625 26
stats: {freemem,"tsung_controller@ip-172-31-53-64"} 1 530.8515625 0.0 673.3515625 530.8515625 645.0640024038463 26
stats: {cpu,"tsung_controller@ip-172-31-53-64"} 1 33.45473465140479 0.0 33.45473465140479 0.15015015015015015 5.528350355421377 26
stats: session 2365 2098.2996152219926 576.638855774667 3146.052 1055.363 2057.8661257001177 10891
stats: users_count 2369 13780
stats: finish_users_count 2365 13256
stats: request 11864 17.298621122724178 11.491061907476551 148.354 4.584 14.400920689033194 55440
stats: connect 2368 1.2300709459459502 0.43984334880380205 21.125 0.708 1.3092872048810684 11309
stats: page 4747 43.379063829787235 19.068835072749923 241.807 15.053 36.30170226170509 22063
stats: 200 11864 67304
stats: size_rcv 60877088 344094568
stats: newphase 0 8
stats: size_sent 4832810 27360223
stats: connected -2 534
# stats: dump at 1615456918
stats: users 2003 2011
stats: {load,"tsung_controller@ip-172-31-53-64"} 1 0.19921875 0.0 0.33984375 0.01953125 0.10286458333333333 27
stats: {freemem,"tsung_controller@ip-172-31-53-64"} 1 531.2421875 0.0 673.3515625 530.8515625 640.8339120370372 27
stats: {cpu,"tsung_controller@ip-172-31-53-64"} 1 32.863849765258216 0.0 33.45473465140479 0.15015015015015015 6.562660884902245 27
stats: session 2556 2697.927078638494 863.0351491869093 4896.705 1055.363 2065.079855537115 13256
stats: users_count 4035 17815
stats: finish_users_count 2556 15812
stats: request 15568 224.25882733812958 248.5659608953332 899.713 0.861 14.911712290502793 67304
stats: 200 14488 81792
stats: connect 3926 1.3126530820173183 0.7820969698665923 28.502 0.689 1.2955719090443818 13677
stats: page 5752 539.2957081015284 568.9056389749726 2092.373 2.077 37.55482555016782 26810
stats: size_rcv 73946801 418041369
stats: newphase 1 9
stats: 502 1080 1080
stats: size_sent 6390175 33750398
stats: connected 1408 1942
# stats: dump at 1615456928
stats: users 1994 2136
stats: {load,"tsung_controller@ip-172-31-53-64"} 1 0.328125 0.0 0.33984375 0.01953125 0.10630580357142858 28
stats: {freemem,"tsung_controller@ip-172-31-53-64"} 1 251.0703125 0.0 673.3515625 251.0703125 636.9199218750001 28
stats: {cpu,"tsung_controller@ip-172-31-53-64"} 1 47.43521946060286 0.0 47.43521946060286 0.15015015015015015 7.501989059200673 28
stats: session 5088 4017.357837657214 937.4605685143973 6457.406 1019.868 2167.3792169238545 15812
stats: users_count 5079 22894
stats: finish_users_count 5088 20900
stats: connect 5093 1.3711229138032592 0.8262786773195624 28.502 0.689 1.2993815258762713 17603
stats: page 10233 1007.3170865826203 575.6366231371039 2349.334 1.937 126.18616135372491 32562
stats: 200 15716 97508
stats: request 25606 400.9644797313135 320.29339512206144 943.402 0.838 54.23881779129261 82872
stats: size_rcv 85467016 503508385
stats: newphase 0 9
stats: 502 9892 10972
stats: size_sent 9210647 42961045
stats: connected 81 2023
# stats: dump at 1615456938
stats: users 2082 2136
stats: {load,"tsung_controller@ip-172-31-53-64"} 1 0.44140625 0.0 0.44140625 0.01953125 0.11395474137931035 29
stats: {freemem,"tsung_controller@ip-172-31-53-64"} 1 211.8515625 0.0 673.3515625 211.8515625 623.6147629310346 29
stats: {cpu,"tsung_controller@ip-172-31-53-64"} 1 56.574122577265584 0.0 56.574122577265584 0.15015015015015015 8.87899700407661 29
stats: session 4928 4056.1644439934835 958.4417389490296 6494.797 1019.868 2617.7472179904257 20900
stats: users_count 5016 27910
stats: finish_users_count 4928 25828
stats: connect 5049 1.342436125965541 0.5701286758281069 28.502 0.684 1.3154803489601692 22696
stats: page 9991 1031.8883974577113 563.549736438312 2349.334 1.921 336.87929741792135 42795
stats: request 25026 411.2900640134286 311.2197104442136 943.402 0.838 136.08266907575745 108478
stats: 200 16009 113517
stats: size_rcv 86816127 590324512
stats: newphase 0 9
stats: 502 9017 19989
stats: size_sent 8988927 51949972
stats: connected 62 2085
# stats: dump at 1615456948
stats: users 0 2136
stats: {load,"tsung_controller@ip-172-31-53-64"} 1 0.58984375 0.0 0.58984375 0.01953125 0.12486979166666666 30
stats: {freemem,"tsung_controller@ip-172-31-53-64"} 1 217.04296875 0.0 673.3515625 211.8515625 609.8893229166667 30
stats: {cpu,"tsung_controller@ip-172-31-53-64"} 1 56.22406639004149 0.0 56.574122577265584 0.15015015015015015 10.46883452318291 30
stats: session 4166 4069.8401627460316 880.6584715663121 6494.797 1019.868 2892.198204893905 25828
stats: users_count 2084 29994
stats: finish_users_count 4166 29994
stats: request 16466 409.0342267703169 297.2656189444915 943.402 0.838 187.67168712548 133504
stats: connect 2249 1.345890618052467 0.4667696262497661 28.502 0.684 1.320385727158047 27745
stats: 200 12103 125620
stats: page 7202 982.3240195778923 577.3916191917385 2349.334 1.88 468.42622119501266 52786
stats: size_rcv 66214114 656538626
stats: newphase 0 9
stats: 502 4361 24350
stats: size_sent 6029963 57979935
stats: connected -2085 0
# stats: dump at 1615456958
stats: users 0 2136
stats: {load,"tsung_controller@ip-172-31-53-64"} 1 0.6484375 0.0 0.6484375 0.01953125 0.13986895161290322 31
stats: {freemem,"tsung_controller@ip-172-31-53-64"} 1 476.5546875 0.0 673.3515625 211.8515625 597.2168598790324 31
stats: {cpu,"tsung_controller@ip-172-31-53-64"} 1 27.52953261427838 0.0 56.574122577265584 0.15015015015015015 11.944809744694476 31
stats: session 0 0 0 6494.797 1019.868 3055.766131692997 29994
stats: users_count 0 29994
stats: finish_users_count 0 29994
stats: request 0 0 0 943.402 0.838 211.97625189037888 149970
stats: connect 0 0 0 28.502 0.684 1.3222981262919253 29994
stats: page 0 0 0 2349.334 1.88 530.1234263686057 59988
stats: 200 0 125620
stats: size_rcv 0 656538626
stats: newphase 0 9
stats: 502 0 24350
stats: size_sent 0 57979935
stats: connected 0 0
# stats: dump at 1615456968
stats: users 0 2136
stats: {load,"tsung_controller@ip-172-31-53-64"} 1 0.55078125 0.0 0.6484375 0.01953125 0.15576171875 32
stats: {freemem,"tsung_controller@ip-172-31-53-64"} 1 534.86328125 0.0 673.3515625 211.8515625 593.4461669921876 32
stats: {cpu,"tsung_controller@ip-172-31-53-64"} 1 0.10005002501250625 0.0 56.574122577265584 0.10005002501250625 12.431832334368973 32
stats: session 0 0 0 6494.797 1019.868 3055.766131692997 29994
stats: users_count 0 29994
stats: finish_users_count 0 29994
stats: request 0 0 0 943.402 0.838 211.97625189037888 149970
stats: connect 0 0 0 28.502 0.684 1.3222981262919253 29994
stats: page 0 0 0 2349.334 1.88 530.1234263686057 59988
stats: 200 0 125620
stats: size_rcv 0 656538626
stats: newphase 0 9
stats: 502 0 24350
stats: size_sent 0 57979935
stats: connected 0 0
# stats: dump at 1615456978
stats: users 0 2136
stats: {load,"tsung_controller@ip-172-31-53-64"} 1 0.4609375 0.0 0.6484375 0.01953125 0.16773200757575757 33
stats: {freemem,"tsung_controller@ip-172-31-53-64"} 1 551.03125 0.0 673.3515625 211.8515625 591.6709280303031 33
stats: {cpu,"tsung_controller@ip-172-31-53-64"} 1 0.10005002501250625 0.0 56.574122577265584 0.10005002501250625 12.05814196135817 33
stats: session 0 0 0 6494.797 1019.868 3055.766131692997 29994
stats: users_count 0 29994
stats: finish_users_count 0 29994
stats: request 0 0 0 943.402 0.838 211.97625189037888 149970
stats: connect 0 0 0 28.502 0.684 1.3222981262919253 29994
stats: page 0 0 0 2349.334 1.88 530.1234263686057 59988
stats: 200 0 125620
stats: size_rcv 0 656538626
stats: newphase 0 9
stats: 502 0 24350
stats: size_sent 0 57979935
stats: connected 0 0
# stats: dump at 1615456988
stats: users 0 2136
stats: {load,"tsung_controller@ip-172-31-53-64"} 1 0.390625 0.0 0.6484375 0.01953125 0.17635569852941177 34
stats: {freemem,"tsung_controller@ip-172-31-53-64"} 1 551.58984375 0.0 673.3515625 211.8515625 590.475643382353 34
stats: {cpu,"tsung_controller@ip-172-31-53-64"} 1 0.04997501249375312 0.0 56.574122577265584 0.04997501249375312 11.706433374995061 34
stats: session 0 0 0 6494.797 1019.868 3055.766131692997 29994
stats: users_count 0 29994
stats: finish_users_count 0 29994
stats: request 0 0 0 943.402 0.838 211.97625189037888 149970
stats: connect 0 0 0 28.502 0.684 1.3222981262919253 29994
stats: page 0 0 0 2349.334 1.88 530.1234263686057 59988
stats: 200 0 125620
stats: size_rcv 0 656538626
stats: newphase 0 9
stats: 502 0 24350
stats: size_sent 0 57979935
stats: connected 0 0
# stats: dump at 1615456998
stats: users 0 2136
stats: {load,"tsung_controller@ip-172-31-53-64"} 1 0.328125 0.0 0.6484375 0.01953125 0.18247767857142858 35
stats: {freemem,"tsung_controller@ip-172-31-53-64"} 1 552.125 0.0 673.3515625 211.8515625 589.3646205357144 35
stats: {cpu,"tsung_controller@ip-172-31-53-64"} 1 0.05002501250625312 0.0 56.574122577265584 0.04997501249375312 11.373391707495024 35
stats: session 0 0 0 6494.797 1019.868 3055.766131692997 29994
stats: users_count 0 29994
stats: finish_users_count 0 29994
stats: request 0 0 0 943.402 0.838 211.97625189037888 149970
stats: connect 0 0 0 28.502 0.684 1.3222981262919253 29994
stats: page 0 0 0 2349.334 1.88 530.1234263686057 59988
stats: 200 0 125620
stats: size_rcv 0 656538626
stats: newphase 0 9
stats: 502 0 24350
stats: size_sent 0 57979935
stats: connected 0 0
# stats: dump at 1615457002
stats: users 0 2136
stats: {load,"tsung_controller@ip-172-31-53-64"} 1 0.28125 0.0 0.6484375 0.01953125 0.1865234375 36
stats: {freemem,"tsung_controller@ip-172-31-53-64"} 1 591.2265625 0.0 673.3515625 211.8515625 588.3301866319446 36
stats: {cpu,"tsung_controller@ip-172-31-53-64"} 1 0.7003501750875438 0.0 56.574122577265584 0.04997501249375312 11.058853743745336 36
stats: session 0 0 0 6494.797 1019.868 3055.766131692997 29994
stats: users_count 0 29994
stats: finish_users_count 0 29994
stats: request 0 0 0 943.402 0.838 211.97625189037888 149970
stats: connect 0 0 0 28.502 0.684 1.3222981262919253 29994
stats: page 0 0 0 2349.334 1.88 530.1234263686057 59988
stats: 200 0 125620
stats: size_rcv 0 656538626
stats: newphase 0 9
stats: 502 0 24350
stats: size_sent 0 57979935
stats: connected 0 0
EndMonitor:{1615,457002,628392}
