# stats: dump at 1615167570
stats: users 1 6
stats: {freemem,"tsung_controller@ip-172-31-53-120"} 1 681.0078125 0 681.0078125 681.0078125 0 0
stats: {load,"tsung_controller@ip-172-31-53-120"} 1 0.0 0 0.0 0.0 0 0
stats: {cpu,"tsung_controller@ip-172-31-53-120"} 1 2.77497041471231 0 2.77497041471231 2.77497041471231 0 0
stats: session 7 2313.4567142857145 617.6939429487978 3259.902 1224.099 0 0
stats: users_count 8 8
stats: finish_users_count 7 7
stats: request 38 52.17118421052631 48.4186982872783 160.858 8.081 0 0
stats: connect 8 2.2598750000000005 2.857711253673996 9.819 1.1 0 0
stats: page 15 132.3388 26.271932437996753 190.464 104.388 0 0
stats: 200 38 38
stats: size_rcv 4779206 4779206
stats: size_sent 15591 15591
stats: connected 1 1
# stats: dump at 1615167580
stats: users 1 6
stats: {freemem,"tsung_controller@ip-172-31-53-120"} 1 679.453125 0.0 681.0078125 679.453125 681.0078125 1
stats: {load,"tsung_controller@ip-172-31-53-120"} 1 0.0 0.0 0.0 0.0 0.0 1
stats: {cpu,"tsung_controller@ip-172-31-53-120"} 1 0.949050949050949 0.0 2.77497041471231 0.949050949050949 2.77497041471231 1
stats: session 10 2245.0184 612.299044392395 3259.902 1224.099 2313.4567142857145 7
stats: users_count 10 18
stats: finish_users_count 10 17
stats: request 45 55.22377777777777 52.73359494999955 185.313 7.783 52.17118421052631 38
stats: connect 9 1.2038888888888888 0.08519578033948819 9.819 1.095 2.2598750000000005 8
stats: page 18 138.2070555555555 39.823365933515596 245.694 104.388 132.3388 15
stats: 200 45 83
stats: size_rcv 5748240 10527446
stats: size_sent 19027 34618
stats: connected 0 1
# stats: dump at 1615167590
stats: users 2 6
stats: {freemem,"tsung_controller@ip-172-31-53-120"} 1 678.60546875 0.0 681.0078125 678.60546875 680.23046875 2
stats: {load,"tsung_controller@ip-172-31-53-120"} 1 0.0 0.0 0.0 0.0 0.0 2
stats: {cpu,"tsung_controller@ip-172-31-53-120"} 1 0.3501750875437719 0.0 2.77497041471231 0.3501750875437719 1.8620106818816295 2
stats: session 11 2025.155909090909 652.4320898567221 3259.902 1224.099 2273.1988823529414 17
stats: users_count 12 30
stats: finish_users_count 11 28
stats: request 63 56.36582539682539 54.00464084189041 185.313 7.446 53.82620481927711 83
stats: connect 13 1.1594615384615385 0.06403918918505525 9.819 1.091 1.7008235294117648 17
stats: page 25 142.19003999999998 45.63926558171594 317.747 104.388 135.53966666666665 33
stats: 200 63 146
stats: size_rcv 7981548 18508994
stats: size_sent 25377 59995
stats: connected 1 2
# stats: dump at 1615167600
stats: users 8 11
stats: {freemem,"tsung_controller@ip-172-31-53-120"} 1 678.3046875 0.0 681.0078125 678.3046875 679.6888020833334 3
stats: {load,"tsung_controller@ip-172-31-53-120"} 1 0.0 0.0 0.0 0.0 0.0 3
stats: {cpu,"tsung_controller@ip-172-31-53-120"} 1 0.4995004995004995 0.0 2.77497041471231 0.3501750875437719 1.3580654837690105 3
stats: session 11 2038.6053636363642 541.0267051266798 3261.022 1224.099 2175.7534285714287 28
stats: users_count 17 47
stats: finish_users_count 11 39
stats: request 70 76.22707142857142 80.04842421922254 392.329 7.446 54.92206849315068 146
stats: connect 16 1.174375 0.08352535169037002 9.819 1.081 1.4662333333333335 30
stats: page 27 197.78011111111107 101.882552356944 418.957 104.388 138.4062068965517 58
stats: 200 70 216
stats: size_rcv 8617271 27126265
stats: newphase 1 1
stats: size_sent 28215 88210
stats: connected 5 7
# stats: dump at 1615167610
stats: users 5 11
stats: {freemem,"tsung_controller@ip-172-31-53-120"} 1 676.87109375 0.0 681.0078125 676.87109375 679.3427734375 4
stats: {load,"tsung_controller@ip-172-31-53-120"} 1 0.0 0.0 0.0 0.0 0.0 4
stats: {cpu,"tsung_controller@ip-172-31-53-120"} 1 0.7956240676280457 0.0 2.77497041471231 0.3501750875437719 1.1434242377018828 4
stats: session 21 2436.3779999999997 619.9013155223829 3370.367 1224.099 2137.070641025641 39
stats: users_count 18 65
stats: finish_users_count 21 60
stats: request 95 58.66135789473684 54.04159058606539 392.329 7.017 61.82646759259259 216
stats: connect 19 1.2227894736842106 0.2627533522140546 9.819 1.008 1.3647173913043478 46
stats: page 38 146.81181578947368 41.879018935409434 418.957 104.388 157.26615294117647 85
stats: 200 95 311
stats: size_rcv 12126253 39252518
stats: newphase 0 1
stats: size_sent 39739 127949
stats: connected 0 7
# stats: dump at 1615167620
stats: users 6 11
stats: {freemem,"tsung_controller@ip-172-31-53-120"} 1 677.5234375 0.0 681.0078125 676.87109375 678.8484375 5
stats: {load,"tsung_controller@ip-172-31-53-120"} 1 0.0 0.0 0.0 0.0 0.0 5
stats: {cpu,"tsung_controller@ip-172-31-53-120"} 1 0.9476309226932668 0.0 2.77497041471231 0.3501750875437719 1.0738642036871153 5
stats: session 21 2327.3442857142854 519.9760416735464 3370.367 1224.099 2241.828216666667 60
stats: users_count 22 87
stats: finish_users_count 21 81
stats: request 105 68.2339333333333 66.65319858266605 392.329 7.017 60.859633440514465 311
stats: connect 21 1.1721904761904762 0.09214203272671674 9.819 1.008 1.3232307692307692 65
stats: page 42 170.73271428571422 66.49332421926198 418.957 103.852 154.03635772357725 123
stats: 200 105 416
stats: size_rcv 13362722 52615240
stats: newphase 0 1
stats: size_sent 43005 170954
stats: connected 0 7
# stats: dump at 1615167630
stats: users 7 12
stats: {freemem,"tsung_controller@ip-172-31-53-120"} 1 676.9609375 0.0 681.0078125 676.87109375 678.6276041666666 6
stats: {load,"tsung_controller@ip-172-31-53-120"} 1 0.0 0.0 0.0 0.0 0.0 6
stats: {cpu,"tsung_controller@ip-172-31-53-120"} 1 0.80040020010005 0.0 2.77497041471231 0.3501750875437719 1.052825323521474 6
stats: session 21 2233.5644761904764 618.7737237661215 3415.372 1224.099 2263.9990493827163 81
stats: users_count 22 109
stats: finish_users_count 21 102
stats: request 106 78.49789622641511 89.22182289124338 566.826 6.655 62.72093509615383 416
stats: connect 22 2.1368636363636373 4.139421723946196 21.077 1.008 1.2863488372093024 86
stats: page 42 198.07452380952384 133.45126126279357 586.642 103.852 158.2863393939394 165
stats: 200 107 523
stats: size_rcv 13407498 66022738
stats: newphase 1 2
stats: size_sent 44957 215911
stats: connected 1 8
# stats: dump at 1615167640
stats: users 7 16
stats: {freemem,"tsung_controller@ip-172-31-53-120"} 1 674.97265625 0.0 681.0078125 674.97265625 678.3895089285714 7
stats: {load,"tsung_controller@ip-172-31-53-120"} 1 0.0 0.0 0.0 0.0 0.0 7
stats: {cpu,"tsung_controller@ip-172-31-53-120"} 1 1.1488511488511488 0.0 2.77497041471231 0.3501750875437719 1.0167645916041277 7
stats: session 37 2496.833486486487 580.7637246420335 3773.487 1224.099 2257.733107843137 102
stats: users_count 37 146
stats: finish_users_count 37 139
stats: request 191 96.68408900523562 90.41230739587685 566.826 6.655 65.92468582375477 522
stats: connect 37 1.2462432432432438 0.23763831311417702 21.077 1.008 1.459601851851852 108
stats: page 77 240.10022077922065 153.90880570975528 784.376 103.852 166.3593043478261 207
stats: 200 190 713
stats: size_rcv 24533947 90556685
stats: newphase 0 2
stats: size_sent 77973 293884
stats: connected -2 6
# stats: dump at 1615167650
stats: users 9 16
stats: {freemem,"tsung_controller@ip-172-31-53-120"} 1 671.6328125 0.0 681.0078125 671.6328125 677.96240234375 8
stats: {load,"tsung_controller@ip-172-31-53-120"} 1 0.0 0.0 0.0 0.0 0.0 8
stats: {cpu,"tsung_controller@ip-172-31-53-120"} 1 2.091633466135458 0.0 2.77497041471231 0.3501750875437719 1.0332754112600053 8
stats: session 28 2744.0976785714297 677.9943560248681 3803.406 1224.099 2321.3785323741004 139
stats: users_count 30 176
stats: finish_users_count 28 167
stats: request 146 97.63719178082181 112.55181294544163 566.826 6.655 74.16458204768583 713
stats: connect 31 1.2350000000000003 0.19913879095875844 21.077 1.008 1.4051586206896556 145
stats: page 58 245.94558620689656 174.8249700262833 861.208 103.852 186.35244014084506 284
stats: 200 146 859
stats: size_rcv 18529010 109085695
stats: newphase 0 2
stats: size_sent 60191 354075
stats: connected 3 9
# stats: dump at 1615167660
stats: users 45 45
stats: {freemem,"tsung_controller@ip-172-31-53-120"} 1 670.8984375 0.0 681.0078125 670.8984375 677.2591145833334 9
stats: {load,"tsung_controller@ip-172-31-53-120"} 1 0.0703125 0.0 0.0703125 0.0 0.0 9
stats: {cpu,"tsung_controller@ip-172-31-53-120"} 1 1.3479780329505742 0.0 2.77497041471231 0.3501750875437719 1.1508707506906113 9
stats: session 37 3390.5845675675673 868.3089835882635 5151.931 1224.099 2392.253598802395 167
stats: users_count 73 249
stats: finish_users_count 37 204
stats: request 244 335.14849590163954 265.0646780956736 961.557 6.655 78.15410593713618 859
stats: connect 71 1.2014788732394364 0.5453555464913429 21.077 0.921 1.3751875000000005 176
stats: page 86 834.9717558139535 466.31423225750416 1808.15 103.852 196.45888011695908 342
stats: 200 244 1103
stats: size_rcv 30879269 139964964
stats: newphase 1 3
stats: size_sent 109308 463383
stats: connected 35 44
# stats: dump at 1615167670
stats: users 72 73
stats: {freemem,"tsung_controller@ip-172-31-53-120"} 1 658.83984375 0.0 681.0078125 658.83984375 676.623046875 10
stats: {load,"tsung_controller@ip-172-31-53-120"} 1 0.05859375 0.0 0.0703125 0.0 0.00703125 10
stats: {cpu,"tsung_controller@ip-172-31-53-120"} 1 2.0459081836327346 0.0 2.77497041471231 0.3501750875437719 1.1705814789166076 10
stats: session 53 6568.2550566037735 1957.6896959458572 10858.377 1224.099 2573.323431372549 204
stats: users_count 80 329
stats: finish_users_count 53 257
stats: request 309 1268.9068964401283 772.7644255258897 2778.691 6.655 135.00508612873983 1103
stats: 200 309 1412
stats: connect 78 1.4061538461538459 0.807761564796277 21.077 0.921 1.3252550607287452 247
stats: size_rcv 38910030 178874994
stats: newphase 0 3
stats: page 111 2827.3769459459468 1507.9184293422618 6564.793 103.852 324.75819626168226 428
stats: size_sent 133249 596632
stats: connected 25 69
# stats: dump at 1615167680
stats: users 105 105
stats: {freemem,"tsung_controller@ip-172-31-53-120"} 1 650.59375 0.0 681.0078125 650.59375 675.0063920454545 11
stats: {load,"tsung_controller@ip-172-31-53-120"} 1 0.12890625 0.0 0.12890625 0.0 0.01171875 11
stats: {cpu,"tsung_controller@ip-172-31-53-120"} 1 3.2835820895522385 0.0 3.2835820895522385 0.3501750875437719 1.250156633890801 11
stats: session 47 11104.215978723403 1647.9155388912804 14172.952 1224.099 3397.1809260700384 257
stats: users_count 80 409
stats: finish_users_count 47 304
stats: request 301 2254.5544019933573 492.67342735303686 3611.594 6.655 383.1464879603398 1412
stats: connect 81 1.3121975308641975 0.5932885005898689 21.077 0.921 1.3446707692307693 325
stats: page 109 5306.068761467892 1062.1200708110575 8081.164 103.852 840.1397940630799 539
stats: 200 301 1713
stats: size_rcv 38649632 217524626
stats: newphase 0 3
stats: size_sent 133403 730035
stats: connected 33 102
# stats: dump at 1615167690
stats: users 166 166
stats: {freemem,"tsung_controller@ip-172-31-53-120"} 1 635.02734375 0.0 681.0078125 635.02734375 672.9720052083334 12
stats: {load,"tsung_controller@ip-172-31-53-120"} 1 0.1796875 0.0 0.1796875 0.0 0.021484375 12
stats: {cpu,"tsung_controller@ip-172-31-53-120"} 1 3.429423459244533 0.0 3.429423459244533 0.3501750875437719 1.419608755195921 12
stats: session 49 14496.423551020405 1115.0813630781604 16650.201 1224.099 4588.72910855263 304
stats: users_count 110 519
stats: finish_users_count 49 353
stats: request 317 3062.5161261829685 288.8405132509663 3819.6 6.655 711.9811535318158 1713
stats: connect 110 1.316454545454546 0.5561526545891977 21.077 0.921 1.338192118226601 406
stats: page 114 7533.169324561403 1388.926280239256 9751.407 103.852 1591.353154320988 648
stats: 200 317 2030
stats: size_rcv 38669721 256194347
stats: newphase 1 4
stats: size_sent 140775 870810
stats: connected 61 163
# stats: dump at 1615167700
stats: users 227 228
stats: {freemem,"tsung_controller@ip-172-31-53-120"} 1 616.12890625 0.0 681.0078125 616.12890625 670.0531850961538 13
stats: {load,"tsung_controller@ip-172-31-53-120"} 1 0.1484375 0.0 0.1796875 0.0 0.03365384615384615 13
stats: {cpu,"tsung_controller@ip-172-31-53-120"} 1 4.597132970835393 0.0 4.597132970835393 0.3501750875437719 1.5742098862765832 13
stats: session 87 13805.607195402308 6667.942119414986 22545.12 1078.691 5964.018138810196 353
stats: users_count 148 667
stats: finish_users_count 87 440
stats: request 587 2720.0885843270917 2544.9281757538447 6904.634 0.631 1079.0351369458135 2030
stats: connect 146 1.4295821917808216 1.4980072368318769 21.077 0.921 1.333558139534884 516
stats: page 203 5598.470467980296 5050.875136767008 14500.853 1.387 2480.2862821522313 762
stats: 200 324 2354
stats: size_rcv 38407827 294602174
stats: newphase 0 4
stats: 502 263 263
stats: size_sent 194961 1065771
stats: connected 62 225
# stats: dump at 1615167710
stats: users 223 237
stats: {freemem,"tsung_controller@ip-172-31-53-120"} 1 585.65234375 0.0 681.0078125 585.65234375 666.2014508928571 14
stats: {load,"tsung_controller@ip-172-31-53-120"} 1 0.12890625 0.0 0.1796875 0.0 0.04185267857142857 14
stats: {cpu,"tsung_controller@ip-172-31-53-120"} 1 5.0495049504950495 0.0 5.0495049504950495 0.3501750875437719 1.7901329637450696 14
stats: session 165 11365.992987878792 8244.914365610195 26637.612 1027.728 7514.5141568181825 440
stats: users_count 161 828
stats: finish_users_count 165 605
stats: connect 164 1.2453902439024398 0.474635193829842 21.077 0.921 1.354735649546828 662
stats: page 345 4840.500243478262 6721.622764788299 18761.462 1.352 3136.2359088082903 965
stats: 200 262 2616
stats: size_rcv 37809395 332411569
stats: request 852 2094.3849636150276 3170.4411938723497 8354.392 0.624 1447.1277520061155 2617
stats: newphase 0 4
stats: 502 590 853
stats: size_sent 227263 1293034
stats: connected 1 226
# stats: dump at 1615167720
stats: users 260 265
stats: {freemem,"tsung_controller@ip-172-31-53-120"} 1 569.546875 0.0 681.0078125 569.546875 660.8315104166667 15
stats: {load,"tsung_controller@ip-172-31-53-120"} 1 0.109375 0.0 0.1796875 0.0 0.04765625 15
stats: {cpu,"tsung_controller@ip-172-31-53-120"} 1 5.870744943265911 0.0 5.870744943265911 0.3501750875437719 2.0074244295284016 15
stats: session 236 11206.292305084737 9743.264796534248 32254.956 1018.455 8564.917474380167 605
stats: users_count 273 1101
stats: finish_users_count 236 841
stats: request 1253 1586.6919369513175 2825.1023377848724 8354.392 0.608 1606.0966607091405 3469
stats: connect 268 1.3125597014925363 0.6132162764144573 21.077 0.921 1.3330254237288137 826
stats: page 503 4310.4188807157 6858.099800544243 21516.801 1.352 3585.0688824427484 1310
stats: 200 302 2918
stats: size_rcv 39567738 371979307
stats: newphase 1 5
stats: 502 951 1804
stats: size_sent 277753 1570787
stats: connected 32 258
# stats: dump at 1615167730
stats: users 258 272
stats: {freemem,"tsung_controller@ip-172-31-53-120"} 1 575.33984375 0.0 681.0078125 569.546875 655.126220703125 16
stats: {load,"tsung_controller@ip-172-31-53-120"} 1 0.08984375 0.0 0.1796875 0.0 0.051513671875 16
stats: {cpu,"tsung_controller@ip-172-31-53-120"} 1 6.824925816023739 0.0 6.824925816023739 0.3501750875437719 2.2488819616369957 16
stats: session 308 8703.658146103895 9342.663325894106 35710.69 1012.614 9306.135619500592 841
stats: users_count 306 1407
stats: finish_users_count 308 1149
stats: connect 308 1.2121655844155848 0.3379831441043834 21.077 0.921 1.3280118829981717 1094
stats: page 632 2768.518169303796 5593.476978474245 21709.601 1.352 3786.3104980694966 1813
stats: request 1590 1089.2997150943381 2430.6796151871495 8354.392 0.608 1600.9475461668803 4722
stats: 200 267 3185
stats: size_rcv 38350058 410329365
stats: newphase 0 5
stats: 502 1323 3127
stats: size_sent 315687 1886474
stats: connected -2 256
# stats: dump at 1615167740
stats: users 250 273
stats: {freemem,"tsung_controller@ip-172-31-53-120"} 1 594.26953125 0.0 681.0078125 569.546875 650.4329044117648 17
stats: {load,"tsung_controller@ip-172-31-53-120"} 1 0.078125 0.0 0.1796875 0.0 0.05376838235294118 17
stats: {cpu,"tsung_controller@ip-172-31-53-120"} 1 6.820412168792934 0.0 6.824925816023739 0.3501750875437719 2.518061011895039 17
stats: session 340 8038.36465882353 8736.032159298768 38150.054 1009.371 9144.63600087032 1149
stats: users_count 332 1739
stats: finish_users_count 340 1489
stats: connect 330 1.2011333333333327 0.39895130003294854 21.077 0.915 1.3025620542082739 1402
stats: page 655 3167.1710152671726 6198.344466344946 22291.463 1.338 3523.224710020449 2445
stats: 200 276 3461
stats: request 1631 1318.9814009809907 2939.4592945898216 9318.006 0.608 1472.0628738910023 6312
stats: size_rcv 39338398 449667763
stats: newphase 0 5
stats: 502 1355 4482
stats: size_sent 302244 2188718
stats: connected -3 253
# stats: dump at 1615167750
stats: users 315 332
stats: {freemem,"tsung_controller@ip-172-31-53-120"} 1 586.90625 0.0 681.0078125 569.546875 647.3127170138889 18
stats: {load,"tsung_controller@ip-172-31-53-120"} 1 0.05859375 0.0 0.1796875 0.0 0.055121527777777776 18
stats: {cpu,"tsung_controller@ip-172-31-53-120"} 1 6.726013847675569 0.0 6.824925816023739 0.3501750875437719 2.757080520611589 18
stats: session 444 6590.388772522525 7550.305774498619 38150.054 1009.371 8892.028709872397 1489
stats: users_count 509 2248
stats: finish_users_count 444 1933
stats: request 2384 751.1341262583886 2150.7875389179158 9318.006 0.603 1440.629425280121 7943
stats: connect 509 1.2317092337917488 0.7150909911830262 21.077 0.852 1.2832367205542725 1732
stats: page 946 2089.9127727272726 5041.053035464458 23130.094 1.265 3447.994009999999 3100
stats: 200 261 3722
stats: size_rcv 38584026 488251789
stats: newphase 1 6
stats: 502 2123 6605
stats: size_sent 405499 2594217
stats: connected 65 318
# stats: dump at 1615167760
stats: users 324 332
stats: {freemem,"tsung_controller@ip-172-31-53-120"} 1 605.5390625 0.0 681.0078125 569.546875 644.1334292763158 19
stats: {load,"tsung_controller@ip-172-31-53-120"} 1 0.05078125 0.0 0.1796875 0.0 0.05530427631578947 19
stats: {cpu,"tsung_controller@ip-172-31-53-120"} 1 9.375 0.0 9.375 0.3501750875437719 2.9659717483517984 19
stats: session 596 5294.252632550336 6357.954297413737 38150.054 1007.371 8363.354042421108 1933
stats: users_count 605 2853
stats: finish_users_count 596 2529
stats: request 3038 640.0099499670839 2016.9191646078914 9318.006 0.595 1281.4586309673673 10327
stats: 200 278 4000
stats: size_rcv 38818336 527070125
stats: connect 598 1.1938311036789293 0.5140305385392543 21.077 0.852 1.271533244087461 2241
stats: newphase 0 6
stats: page 1214 1606.5606416803937 4370.800481301044 23130.094 1.265 3130.4594448838347 4046
stats: 502 2760 9365
stats: size_sent 498032 3092249
stats: connected -5 313
# stats: dump at 1615167770
stats: users 311 337
stats: {freemem,"tsung_controller@ip-172-31-53-120"} 1 591.58984375 0.0 681.0078125 569.546875 642.2037109375 20
stats: {load,"tsung_controller@ip-172-31-53-120"} 1 0.12890625 0.0 0.1796875 0.0 0.055078125 20
stats: {cpu,"tsung_controller@ip-172-31-53-120"} 1 10.798816568047338 0.0 10.798816568047338 0.3501750875437719 3.2864231609342083 20
stats: session 626 4933.335226837056 5896.480241335508 40519.303 1007.371 7640.070357058126 2529
stats: users_count 613 3466
stats: finish_users_count 626 3155
stats: request 3101 603.3357520154774 2049.917458716493 9318.006 0.595 1135.6508424990648 13365
stats: 200 248 4248
stats: size_rcv 38774501 565844626
stats: connect 619 1.1775735056542807 0.4288434674290036 21.077 0.759 1.2551662557238463 2839
stats: page 1241 1458.1439435938764 4277.615621421684 23130.094 1.265 2778.7459188212915 5260
stats: newphase 0 6
stats: 502 2853 12218
stats: size_sent 482618 3574867
stats: connected -4 309
# stats: dump at 1615167780
stats: users 452 465
stats: {freemem,"tsung_controller@ip-172-31-53-120"} 1 588.16796875 0.0 681.0078125 569.546875 639.7935267857143 21
stats: {load,"tsung_controller@ip-172-31-53-120"} 1 0.109375 0.0 0.1796875 0.0 0.05859375 21
stats: {cpu,"tsung_controller@ip-172-31-53-120"} 1 11.02868447082097 0.0 11.02868447082097 0.3501750875437719 3.644156180320548 21
stats: session 908 4249.481796255512 5421.72835752103 40519.303 1007.371 7103.012927099841 3155
stats: users_count 1049 4515
stats: finish_users_count 908 4063
stats: connect 1047 1.132524355300859 0.408436010086263 21.077 0.759 1.2412767495662234 3458
stats: page 1949 1089.9564684453562 3658.9229361959915 23130.094 1.265 2526.651310106137 6501
stats: request 4952 404.941200525041 1657.7548905200024 9318.006 0.595 1035.4012921778206 16466
stats: 200 279 4527
stats: size_rcv 39109146 604953772
stats: newphase 1 7
stats: 502 4673 16891
stats: size_sent 711837 4286704
stats: connected 140 449
# stats: dump at 1615167790
stats: users 420 470
stats: {freemem,"tsung_controller@ip-172-31-53-120"} 1 583.91015625 0.0 681.0078125 569.546875 637.4469105113637 22
stats: {load,"tsung_controller@ip-172-31-53-120"} 1 0.08984375 0.0 0.1796875 0.0 0.06090198863636364 22
stats: {cpu,"tsung_controller@ip-172-31-53-120"} 1 15.643564356435643 0.0 15.643564356435643 0.3501750875437719 3.979816557161477 22
stats: session 1166 3926.956498284742 4795.648850207975 40519.303 1007.371 6465.305256214621 4063
stats: users_count 1134 5649
stats: finish_users_count 1166 5229
stats: request 5787 335.5454988767939 1518.071877574985 9318.006 0.595 889.6342563264542 21418
stats: 200 269 4796
stats: size_rcv 38405503 643359275
stats: newphase 0 7
stats: connect 1137 1.2892919964819667 1.1965764205504743 21.077 0.759 1.2160017758046615 4505
stats: 502 5518 22409
stats: page 2321 905.5994110297275 3169.197013156091 23130.094 1.265 2195.2763697041414 8450
stats: size_sent 823401 5110105
stats: connected -34 415
# stats: dump at 1615167800
stats: users 407 471
stats: {freemem,"tsung_controller@ip-172-31-53-120"} 1 587.07421875 0.0 681.0078125 569.546875 635.1192255434784 23
stats: {load,"tsung_controller@ip-172-31-53-120"} 1 0.078125 0.0 0.1796875 0.0 0.06216032608695652 23
stats: {cpu,"tsung_controller@ip-172-31-53-120"} 1 15.834165834165834 0.0 15.834165834165834 0.3501750875437719 4.486936026695136 23
stats: session 1206 3680.2955406301826 4152.167766230993 40519.303 1007.371 5899.286007458408 5229
stats: users_count 1193 6842
stats: finish_users_count 1206 6435
stats: request 5937 323.11630486777847 1513.1975185147583 9318.006 0.595 771.7694653188753 27205
stats: 200 259 5055
stats: size_rcv 38747316 682106591
stats: newphase 0 7
stats: connect 1198 1.1342737896494177 0.4938818319571914 21.077 0.737 1.2307715349166954 5642
stats: 502 5679 28088
stats: page 2391 816.2956085319944 2914.173180397354 23130.094 1.265 1917.369005384829 10771
stats: size_sent 820500 5930605
stats: connected -8 407
# stats: dump at 1615167810
stats: users 191 471
stats: {freemem,"tsung_controller@ip-172-31-53-120"} 1 598.484375 0.0 681.0078125 569.546875 633.1173502604167 24
stats: {load,"tsung_controller@ip-172-31-53-120"} 1 0.05859375 0.0 0.1796875 0.0 0.06282552083333333 24
stats: {cpu,"tsung_controller@ip-172-31-53-120"} 1 15.79739217652959 0.0 15.834165834165834 0.3501750875437719 4.959737268673082 24
stats: session 589 4073.2088064516165 4420.570387400358 40519.303 1007.371 5483.419262626265 6435
stats: users_count 373 7215
stats: finish_users_count 589 7024
stats: request 2468 760.1552467585101 2180.5081320919417 9318.006 0.595 691.3985216945266 33142
stats: page 1001 1330.2624845154837 3645.2365931805334 23130.094 1.265 1717.3487583194035 13162
stats: 200 267 5322
stats: size_rcv 36421344 718527935
stats: newphase 0 7
stats: 502 2200 30288
stats: size_sent 415400 6346005
stats: connected -213 194
stats: connect 375 1.121210666666667 0.4232665050369829 21.077 0.737 1.2138703216374265 6840
# stats: dump at 1615167820
stats: users 118 471
stats: {freemem,"tsung_controller@ip-172-31-53-120"} 1 590.890625 0.0 681.0078125 569.546875 631.7320312500001 25
stats: {load,"tsung_controller@ip-172-31-53-120"} 1 0.05078125 0.0 0.1796875 0.0 0.06265625 25
stats: {cpu,"tsung_controller@ip-172-31-53-120"} 1 6.475903614457831 0.0 15.834165834165834 0.3501750875437719 5.393243464987343 25
stats: session 73 17024.72549315068 2483.2562987282413 40519.303 1007.371 5365.165566913442 7024
stats: users_count 0 7215
stats: finish_users_count 73 7097
stats: request 233 7963.881085836906 781.6757489869343 9318.006 0.595 696.1638010390342 35610
stats: connect 0 0 0 21.077 0.737 1.209054331254331 7215
stats: page 106 16422.931037735845 3688.837912534016 23130.094 1.265 1689.9906166772566 14163
stats: 200 233 5555
stats: size_rcv 39456430 757984365
stats: newphase 0 7
stats: 502 0 30288
stats: size_sent 80952 6426957
stats: connected -66 128
# stats: dump at 1615167829
stats: users 0 471
stats: {freemem,"tsung_controller@ip-172-31-53-120"} 1 589.7734375 0.0 681.0078125 569.546875 630.1612079326923 26
stats: {load,"tsung_controller@ip-172-31-53-120"} 1 0.0390625 0.0 0.1796875 0.0 0.06219951923076923 26
stats: {cpu,"tsung_controller@ip-172-31-53-120"} 1 3.093812375249501 0.0 15.834165834165834 0.3501750875437719 5.434884239966976 26
stats: session 118 24700.213618644077 4394.303856687465 40519.303 1007.371 5485.096224179233 7097
stats: users_count 0 7215
stats: finish_users_count 118 7215
stats: connect 0 0 0 21.077 0.737 1.209054331254331 7215
stats: 200 232 5787
stats: request 232 3028.9621422413798 2157.0922402051137 9318.006 0.595 743.4081200792345 35843
stats: size_rcv 22790894 780775259
stats: newphase 0 7
stats: 502 0 30288
stats: page 161 10398.380633540362 6569.5893848182695 23130.094 1.265 1799.437086971756 14269
stats: size_sent 58632 6485589
stats: connected -128 0
EndMonitor:{1615,167829,451542}
