# stats: dump at 1615422047
stats: users 2 4
stats: {load,"tsung_controller@ip-172-31-45-17"} 1 0.1015625 0 0.1015625 0.1015625 0 0
stats: {freemem,"tsung_controller@ip-172-31-45-17"} 1 675.26171875 0 675.26171875 675.26171875 0 0
stats: {cpu,"tsung_controller@ip-172-31-45-17"} 1 9.750593003707712 0 9.750593003707712 9.750593003707712 0 0
stats: session 6 2070.255333333333 409.69065977054214 2540.053 1444.311 0 0
stats: users_count 8 8
stats: finish_users_count 6 6
stats: request 36 26.13983333333334 16.365989367350274 83.868 8.369 0 0
stats: connect 8 5.332125 10.301508644823585 32.584 1.27 0 0
stats: page 14 67.405 38.06011683414243 176.91 28.403 0 0
stats: 200 36 36
stats: size_rcv 157864 157864
stats: size_sent 14362 14362
stats: connected 2 2
# stats: dump at 1615422057
stats: users 3 5
stats: {load,"tsung_controller@ip-172-31-45-17"} 1 0.08984375 0.0 0.1015625 0.08984375 0.1015625 1
stats: {freemem,"tsung_controller@ip-172-31-45-17"} 1 675.61328125 0.0 675.61328125 675.26171875 675.26171875 1
stats: {cpu,"tsung_controller@ip-172-31-45-17"} 1 0.798801797304044 0.0 9.750593003707712 0.798801797304044 9.750593003707712 1
stats: session 9 2055.139111111111 448.42023655456757 2892.508 1444.311 2070.255333333333 6
stats: users_count 10 18
stats: finish_users_count 9 15
stats: request 48 14.416750000000002 7.028952872168559 83.868 8.024 26.13983333333334 36
stats: connect 10 1.3031000000000001 0.057420292580236836 32.584 1.231 5.332125 8
stats: page 19 36.563842105263156 9.363067959095895 176.91 27.525 67.405 14
stats: 200 48 84
stats: size_rcv 212424 370288
stats: size_sent 19355 33717
stats: connected 1 3
# stats: dump at 1615422067
stats: users 4 5
stats: {load,"tsung_controller@ip-172-31-45-17"} 1 0.0703125 0.0 0.1015625 0.0703125 0.095703125 2
stats: {freemem,"tsung_controller@ip-172-31-45-17"} 1 674.65625 0.0 675.61328125 674.65625 675.4375 2
stats: {cpu,"tsung_controller@ip-172-31-45-17"} 1 0.4491017964071856 0.0 9.750593003707712 0.4491017964071856 5.274697400505878 2
stats: session 9 1790.168222222222 543.6517690204473 2892.508 1134.281 2061.1856 15
stats: users_count 10 28
stats: finish_users_count 9 24
stats: request 48 13.273229166666669 2.9796963578496785 83.868 7.891 19.44092857142858 84
stats: connect 10 1.3804 0.22338316856916499 32.584 1.183 3.093777777777778 18
stats: page 19 33.68226315789473 5.037902830617909 176.91 27.525 49.647969696969696 33
stats: 200 48 132
stats: size_rcv 212577 582865
stats: size_sent 19392 53109
stats: connected 1 4
# stats: dump at 1615422077
stats: users 5 5
stats: {load,"tsung_controller@ip-172-31-45-17"} 1 0.05859375 0.0 0.1015625 0.05859375 0.08723958333333333 3
stats: {freemem,"tsung_controller@ip-172-31-45-17"} 1 674.3828125 0.0 675.61328125 674.3828125 675.1770833333334 3
stats: {cpu,"tsung_controller@ip-172-31-45-17"} 1 0.5982053838484547 0.0 9.750593003707712 0.4491017964071856 3.6661655324729807 3
stats: session 12 2071.3684166666662 440.40763897769716 2892.508 1134.281 1959.5540833333332 24
stats: users_count 13 41
stats: finish_users_count 12 36
stats: request 55 13.018636363636361 2.459423978116061 83.868 7.561 17.198128787878794 132
stats: connect 11 1.3459999999999999 0.1411665682801704 32.584 1.183 2.481857142857143 28
stats: page 22 32.68327272727274 4.167438925568929 176.91 27.525 43.81434615384615 52
stats: 200 55 187
stats: size_rcv 246112 828977
stats: newphase 1 1
stats: size_sent 22420 75529
stats: connected 0 4
# stats: dump at 1615422087
stats: users 4 6
stats: {load,"tsung_controller@ip-172-31-45-17"} 1 0.05078125 0.0 0.1015625 0.05078125 0.080078125 4
stats: {freemem,"tsung_controller@ip-172-31-45-17"} 1 674.296875 0.0 675.61328125 674.296875 674.978515625 4
stats: {cpu,"tsung_controller@ip-172-31-45-17"} 1 0.5491762356465303 0.0 9.750593003707712 0.4491017964071856 2.8991754953168494 4
stats: session 17 2158.004294117647 642.1465338417031 3015.435 1113.659 1996.8255277777773 36
stats: users_count 16 57
stats: finish_users_count 17 53
stats: request 90 13.135399999999997 2.531873982294976 83.868 7.561 15.968866310160433 187
stats: connect 18 1.4955 0.4872662117478607 32.584 1.108 2.1614871794871795 39
stats: page 36 32.98891666666666 4.326824627156347 176.91 26.358 40.50510810810811 74
stats: 200 90 277
stats: size_rcv 402171 1231148
stats: newphase 0 1
stats: size_sent 36651 112180
stats: connected 0 4
# stats: dump at 1615422097
stats: users 4 8
stats: {load,"tsung_controller@ip-172-31-45-17"} 1 0.0390625 0.0 0.1015625 0.0390625 0.07421875 5
stats: {freemem,"tsung_controller@ip-172-31-45-17"} 1 674.54296875 0.0 675.61328125 674.296875 674.8421875 5
stats: {cpu,"tsung_controller@ip-172-31-45-17"} 1 0.7972097658196312 0.0 9.750593003707712 0.4491017964071856 2.4291756433827856 5
stats: session 21 2114.2179999999994 517.0826214050737 3015.435 1113.659 2048.5243773584903 53
stats: users_count 21 78
stats: finish_users_count 21 74
stats: 200 99 376
stats: request 99 13.528575757575755 5.830119190858308 83.868 6.536 15.048245487364623 277
stats: connect 19 1.4709999999999999 0.32570021734556354 32.584 1.091 1.9511754385964912 57
stats: page 40 33.62695000000001 9.593870212145877 176.91 21.358 38.045263636363636 110
stats: size_rcv 444549 1675697
stats: newphase 0 1
stats: size_sent 40696 152876
stats: connected -2 2
# stats: dump at 1615422107
stats: users 12 12
stats: {load,"tsung_controller@ip-172-31-45-17"} 1 0.0390625 0.0 0.1015625 0.0390625 0.068359375 6
stats: {freemem,"tsung_controller@ip-172-31-45-17"} 1 674.43359375 0.0 675.61328125 674.296875 674.7923177083334 6
stats: {cpu,"tsung_controller@ip-172-31-45-17"} 1 0.7972097658196312 0.0 9.750593003707712 0.4491017964071856 2.157181330455593 6
stats: session 28 1981.1643214285718 491.7007303258801 3015.435 1083.371 2067.1671621621617 74
stats: users_count 36 114
stats: finish_users_count 28 102
stats: request 158 13.293936708860759 4.029567459093673 83.868 6.536 14.648119680851064 376
stats: page 62 34.07622580645162 7.904273389754379 176.91 21.358 36.867046666666674 150
stats: 200 158 534
stats: size_rcv 696537 2372234
stats: newphase 1 2
stats: size_sent 63495 216371
stats: connected 6 8
stats: connect 34 1.6746176470588232 1.5074690322583724 32.584 1.091 1.8311315789473683 76
# stats: dump at 1615422117
stats: users 9 16
stats: {load,"tsung_controller@ip-172-31-45-17"} 1 0.03125 0.0 0.1015625 0.03125 0.06417410714285714 7
stats: {freemem,"tsung_controller@ip-172-31-45-17"} 1 670.9453125 0.0 675.61328125 670.9453125 674.7410714285714 7
stats: {cpu,"tsung_controller@ip-172-31-45-17"} 1 1.345291479820628 0.0 9.750593003707712 0.4491017964071856 1.9628996783647412 7
stats: session 46 2227.8339347826077 531.3284830535381 3015.435 1083.371 2043.5585392156859 102
stats: users_count 43 157
stats: finish_users_count 46 148
stats: request 231 13.492571428571429 3.226456366736794 83.868 6.145 14.247443820224719 534
stats: connect 47 1.3662978723404258 0.1789346623763221 32.584 1.091 1.7827545454545453 110
stats: page 92 34.03064130434783 5.230056595382372 176.91 21.076 36.050863207547174 212
stats: 200 231 765
stats: size_rcv 1027874 3400108
stats: newphase 0 2
stats: size_sent 93783 310154
stats: connected 2 10
# stats: dump at 1615422127
stats: users 7 16
stats: {load,"tsung_controller@ip-172-31-45-17"} 1 0.01953125 0.0 0.1015625 0.01953125 0.06005859374999999 8
stats: {freemem,"tsung_controller@ip-172-31-45-17"} 1 670.390625 0.0 675.61328125 670.390625 674.2666015625 8
stats: {cpu,"tsung_controller@ip-172-31-45-17"} 1 1.5399900645802287 0.0 9.750593003707712 0.4491017964071856 1.885698653546727 8
stats: session 46 2214.1655652173904 537.4717913123098 3050.072 1083.371 2100.8333243243237 148
stats: users_count 44 201
stats: finish_users_count 46 194
stats: request 221 13.704972850678729 3.9439292520231986 83.868 6.145 14.019501960784314 765
stats: connect 43 1.4719767441860467 0.720771372594799 32.584 1.091 1.6580828025477705 157
stats: 200 221 986
stats: page 89 34.17404494382021 6.821592060888064 176.91 21.076 35.439480263157904 304
stats: size_rcv 990734 4390842
stats: newphase 0 2
stats: size_sent 90683 400837
stats: connected -3 7
# stats: dump at 1615422137
stats: users 23 24
stats: {load,"tsung_controller@ip-172-31-45-17"} 1 0.01953125 0.0 0.1015625 0.01953125 0.05555555555555555 9
stats: {freemem,"tsung_controller@ip-172-31-45-17"} 1 670.640625 0.0 675.61328125 670.390625 673.8359375 9
stats: {cpu,"tsung_controller@ip-172-31-45-17"} 1 1.3406156901688182 0.0 9.750593003707712 0.4491017964071856 1.8472865881060048 9
stats: session 55 2111.7113818181824 561.6917152992052 3050.072 1083.371 2127.7059175257723 194
stats: users_count 71 272
stats: finish_users_count 55 249
stats: request 292 13.050972602739721 3.4321953395114986 83.868 6.145 13.94900405679513 986
stats: connect 62 1.3830322580645167 0.5840519742598571 32.584 1.059 1.61807 200
stats: page 115 33.27827826086956 5.166527188754172 176.91 21.076 35.152905852417305 393
stats: 200 292 1278
stats: size_rcv 1292365 5683207
stats: newphase 1 3
stats: size_sent 117720 518557
stats: connected 9 16
# stats: dump at 1615422147
stats: users 25 25
stats: {load,"tsung_controller@ip-172-31-45-17"} 1 0.01953125 0.0 0.1015625 0.01953125 0.051953125 10
stats: {freemem,"tsung_controller@ip-172-31-45-17"} 1 668.18359375 0.0 675.61328125 668.18359375 673.51640625 10
stats: {cpu,"tsung_controller@ip-172-31-45-17"} 1 1.5912481352560914 0.0 9.750593003707712 0.4491017964071856 1.796619498312286 10
stats: session 75 2133.5047866666678 599.8224202069208 3065.941 1083.371 2124.1729879518066 249
stats: users_count 77 349
stats: finish_users_count 75 324
stats: request 406 13.175625615763545 3.3614040686948687 83.868 6.05 13.743820031298904 1278
stats: connect 84 1.2911666666666661 0.1241970240933767 32.584 1.059 1.5624503816793893 262
stats: page 161 33.36363354037264 4.959880285183011 176.91 21.076 34.72853149606299 508
stats: 200 406 1684
stats: size_rcv 1804262 7487469
stats: newphase 0 3
stats: size_sent 164407 682964
stats: connected 7 23
# stats: dump at 1615422157
stats: users 15 25
stats: {load,"tsung_controller@ip-172-31-45-17"} 1 0.01171875 0.0 0.1015625 0.01171875 0.049005681818181816 11
stats: {freemem,"tsung_controller@ip-172-31-45-17"} 1 667.89453125 0.0 675.61328125 667.89453125 673.0316051136364 11
stats: {cpu,"tsung_controller@ip-172-31-45-17"} 1 2.180376610505451 0.0 9.750593003707712 0.4491017964071856 1.7779493743980865 11
stats: session 99 2092.4726969696953 581.4543395431882 3065.941 1071.773 2126.3331265432093 324
stats: users_count 89 438
stats: finish_users_count 99 423
stats: request 460 13.101002173913049 3.918790977317919 83.868 6.05 13.606832541567695 1684
stats: connect 88 1.4569772727272723 0.6951572251406795 32.584 1.059 1.4965895953757224 346
stats: page 186 32.53479032258061 6.3851335251077375 176.91 19.777 34.40005829596412 669
stats: 200 460 2144
stats: size_rcv 2070487 9557956
stats: newphase 0 3
stats: size_sent 189021 871985
stats: connected -10 13
# stats: dump at 1615422167
stats: users 28 34
stats: {load,"tsung_controller@ip-172-31-45-17"} 1 0.01171875 0.0 0.1015625 0.01171875 0.0458984375 12
stats: {freemem,"tsung_controller@ip-172-31-45-17"} 1 669.60546875 0.0 675.61328125 667.89453125 672.603515625 12
stats: {cpu,"tsung_controller@ip-172-31-45-17"} 1 2.4245423057892133 0.0 9.750593003707712 0.4491017964071856 1.8114849774070336 12
stats: session 98 1996.599316326531 552.9582026018838 3076.883 1071.773 2118.4083451536635 423
stats: users_count 111 549
stats: finish_users_count 98 521
stats: connect 112 1.5633392857142867 1.9466378779172948 32.584 1.059 1.4885576036866357 434
stats: page 210 35.3854523809524 7.338622341201378 176.91 19.777 33.99428070175438 855
stats: request 532 13.91119360902255 4.34597064074988 83.868 6.05 13.498305503731345 2144
stats: 200 532 2676
stats: size_rcv 2356036 11913992
stats: newphase 1 4
stats: size_sent 214659 1086644
stats: connected 14 27
# stats: dump at 1615422177
stats: users 32 47
stats: {load,"tsung_controller@ip-172-31-45-17"} 1 0.01171875 0.0 0.1015625 0.01171875 0.04326923076923077 13
stats: {freemem,"tsung_controller@ip-172-31-45-17"} 1 668.23828125 0.0 675.61328125 667.89453125 672.3728966346154 13
stats: {cpu,"tsung_controller@ip-172-31-45-17"} 1 3.1620553359683794 0.0 9.750593003707712 0.4491017964071856 1.858643233436432 13
stats: session 172 2089.640017441858 578.6462422710549 3076.883 1071.773 2095.496090211132 521
stats: users_count 176 725
stats: finish_users_count 172 693
stats: request 866 13.602846420323315 4.245526870109263 83.868 6.05 13.58038938714499 2676
stats: connect 174 1.4332011494252874 0.6942725373299975 32.584 1.01 1.5038974358974357 546
stats: page 346 34.193274566473995 6.43470644531124 176.91 19.777 34.26859624413146 1065
stats: 200 866 3542
stats: size_rcv 3867145 15781137
stats: newphase 0 4
stats: size_sent 352342 1438986
stats: connected 2 29
# stats: dump at 1615422187
stats: users 31 47
stats: {load,"tsung_controller@ip-172-31-45-17"} 1 0.01171875 0.0 0.1015625 0.01171875 0.041015625 14
stats: {freemem,"tsung_controller@ip-172-31-45-17"} 1 661.78125 0.0 675.61328125 661.78125 672.0775669642857 14
stats: {cpu,"tsung_controller@ip-172-31-45-17"} 1 4.213620774130328 0.0 9.750593003707712 0.4491017964071856 1.9517440979029996 14
stats: session 146 2043.9064931506848 553.8004181751421 3076.883 1071.773 2094.042634920634 693
stats: users_count 145 870
stats: finish_users_count 146 839
stats: connect 144 1.4616249999999988 0.6823409346079616 32.584 1.01 1.4868124999999999 720
stats: page 290 33.940686206896515 7.923710898407002 176.91 19.42 34.250126151665484 1411
stats: 200 724 4266
stats: request 724 13.539736187845284 4.8126634105300825 83.868 5.963 13.585880011293051 3542
stats: size_rcv 3239275 19020412
stats: newphase 0 4
stats: size_sent 295659 1734645
stats: connected -2 27
# stats: dump at 1615422197
stats: users 72 86
stats: {load,"tsung_controller@ip-172-31-45-17"} 1 0.01171875 0.0 0.1015625 0.01171875 0.0390625 15
stats: {freemem,"tsung_controller@ip-172-31-45-17"} 1 663.0390625 0.0 675.61328125 661.78125 671.3911458333333 15
stats: {cpu,"tsung_controller@ip-172-31-45-17"} 1 3.893543617545589 0.0 9.750593003707712 0.4491017964071856 2.102535876318155 15
stats: session 238 2025.83005882353 598.6108415806863 3084.117 1071.773 2085.31810965435 839
stats: users_count 279 1149
stats: finish_users_count 238 1077
stats: request 1295 15.728097297297307 7.788378562710799 83.868 5.963 13.578048757618372 4266
stats: connect 281 1.334669039145908 0.43054151213066566 32.584 1.01 1.482614583333333 864
stats: page 505 40.13167722772276 13.752425263872277 176.91 19.42 34.197370370370365 1701
stats: 200 1295 5561
stats: size_rcv 5711840 24732252
stats: newphase 1 5
stats: size_sent 523144 2257789
stats: connected 55 82
# stats: dump at 1615422207
stats: users 57 86
stats: {load,"tsung_controller@ip-172-31-45-17"} 1 0.078125 0.0 0.1015625 0.01171875 0.037353515625 16
stats: {freemem,"tsung_controller@ip-172-31-45-17"} 1 653.5546875 0.0 675.61328125 653.5546875 670.869140625 16
stats: {cpu,"tsung_controller@ip-172-31-45-17"} 1 6.809338521400778 0.0 9.750593003707712 0.4491017964071856 2.21447386014487 16
stats: session 294 2016.8587993197286 584.122599582628 3091.021 1071.773 2072.1721894150414 1077
stats: users_count 279 1428
stats: finish_users_count 294 1371
stats: request 1451 15.00549276361129 6.957006945669306 85.235 5.963 14.078734400287717 5561
stats: 200 1451 7012
stats: connect 281 1.5277153024911034 1.1925966454778332 32.584 1.01 1.4463065502183405 1145
stats: page 587 37.471819420783596 11.239860933019868 176.91 19.197 35.55585856754306 2206
stats: size_rcv 6510886 31243138
stats: newphase 0 5
stats: size_sent 592025 2849814
stats: connected -26 56
# stats: dump at 1615422217
stats: users 75 90
stats: {load,"tsung_controller@ip-172-31-45-17"} 1 0.0703125 0.0 0.1015625 0.01171875 0.039751838235294115 17
stats: {freemem,"tsung_controller@ip-172-31-45-17"} 1 647.94140625 0.0 675.61328125 647.94140625 669.8506433823529 17
stats: {cpu,"tsung_controller@ip-172-31-45-17"} 1 7.815533980582525 0.0 9.750593003707712 0.4491017964071856 2.484760016689335 17
stats: session 334 2042.9264940119779 589.6544871758656 3125.392 1071.773 2060.310674690007 1371
stats: users_count 352 1780
stats: finish_users_count 334 1705
stats: request 1711 15.61481823495033 7.276636160886819 85.235 5.957 14.270509412435821 7012
stats: page 681 39.41640088105726 11.968624477926705 176.91 18.978 35.9585327604726 2793
stats: 200 1711 8723
stats: connect 350 1.4334685714285702 0.7925771619114907 32.584 1.01 1.4623485273492287 1426
stats: size_rcv 7613261 38856399
stats: newphase 0 5
stats: size_sent 694756 3544570
stats: connected 21 77
# stats: dump at 1615422227
stats: users 143 144
stats: {load,"tsung_controller@ip-172-31-45-17"} 1 0.05859375 0.0 0.1015625 0.01171875 0.041449652777777776 18
stats: {freemem,"tsung_controller@ip-172-31-45-17"} 1 645.80078125 0.0 675.61328125 645.80078125 668.6334635416666 18
stats: {cpu,"tsung_controller@ip-172-31-45-17"} 1 9.227053140096618 0.0 9.750593003707712 0.4491017964071856 2.780914125794512 18
stats: session 478 2117.0562029288703 574.0488319445393 3196.986 1071.773 2056.905210557185 1705
stats: users_count 546 2326
stats: finish_users_count 478 2183
stats: connect 540 1.4564777777777773 1.7710632424522381 32.584 1.006 1.4566570945945945 1776
stats: page 1009 68.4238007928643 46.51551646435254 260.415 18.978 36.63637046632123 3474
stats: 200 2561 11284
stats: request 2561 27.04960093713398 23.801601846055885 187.328 5.957 14.534193052848789 8723
stats: size_rcv 11348268 50204667
stats: newphase 1 6
stats: size_sent 1037797 4582367
stats: connected 64 141
# stats: dump at 1615422237
stats: users 114 160
stats: {load,"tsung_controller@ip-172-31-45-17"} 1 0.05078125 0.0 0.1015625 0.01171875 0.04235197368421053 19
stats: {freemem,"tsung_controller@ip-172-31-45-17"} 1 634.06640625 0.0 675.61328125 634.06640625 667.4317434210526 19
stats: {cpu,"tsung_controller@ip-172-31-45-17"} 1 13.128893148059415 0.0 13.128893148059415 0.4491017964071856 3.1201846002314646 19
stats: session 647 2166.6136367851605 600.0849708560529 3494.716 1071.773 2070.0761562070547 2183
stats: users_count 618 2944
stats: finish_users_count 647 2830
stats: connect 623 1.3523178170144463 0.7673688583744714 32.584 0.996 1.456615284974093 2316
stats: page 1279 81.18793979671632 55.640794299325584 469.954 18.978 43.79084675440554 4483
stats: request 3180 32.49298018867931 28.126852226347996 214.348 5.846 17.374671570365127 11284
stats: 200 3180 14464
stats: size_rcv 14240940 64445607
stats: newphase 0 6
stats: size_sent 1296387 5878754
stats: connected -26 115
# stats: dump at 1615422247
stats: users 134 160
stats: {load,"tsung_controller@ip-172-31-45-17"} 1 0.19921875 0.0 0.19921875 0.01171875 0.042773437500000004 20
stats: {freemem,"tsung_controller@ip-172-31-45-17"} 1 622.36328125 0.0 675.61328125 622.36328125 665.7634765625 20
stats: {cpu,"tsung_controller@ip-172-31-45-17"} 1 16.168800379326694 0.0 16.168800379326694 0.4491017964071856 3.620620027622862 20
stats: session 586 2097.1809334470995 593.2615134569485 3494.716 1071.773 2092.146739222615 2830
stats: users_count 606 3550
stats: finish_users_count 586 3416
stats: request 2994 21.33823213092846 14.339727243992039 214.348 5.846 20.69852537334073 14464
stats: connect 608 1.3523996710526316 0.6127497877878884 32.584 0.996 1.434506634909833 2939
stats: 200 2994 17458
stats: page 1193 53.641202849958084 25.01922060795992 469.954 18.978 52.091937001041345 5762
stats: size_rcv 13338661 77784268
stats: newphase 0 6
stats: size_sent 1218575 7097329
stats: connected 18 133
# stats: dump at 1615422257
stats: users 511 522
stats: {load,"tsung_controller@ip-172-31-45-17"} 1 0.23828125 0.0 0.23828125 0.01171875 0.05022321428571429 21
stats: {freemem,"tsung_controller@ip-172-31-45-17"} 1 619.34765625 0.0 675.61328125 619.34765625 663.6968005952381 21
stats: {cpu,"tsung_controller@ip-172-31-45-17"} 1 15.362731152204837 0.0 16.168800379326694 0.4491017964071856 4.218152425323045 21
stats: session 728 3206.455619505495 1038.0257384713575 5846.833 1037.912 2093.0103334309133 3416
stats: users_count 1105 4655
stats: finish_users_count 728 4144
stats: request 4513 322.07399246620906 295.2261769819069 904.586 0.694 20.80823336006416 17458
stats: 200 3659 21117
stats: connect 1104 1.3284121376811602 1.0246364543861517 32.584 0.962 1.4204324781505495 3547
stats: size_rcv 16501872 94286140
stats: newphase 1 7
stats: page 1685 800.8696356083095 663.6019575652904 2252.605 1.574 52.357684543493924 6955
stats: 502 854 854
stats: size_sent 1766152 8863481
stats: connected 381 514
# stats: dump at 1615422267
stats: users 519 532
stats: {load,"tsung_controller@ip-172-31-45-17"} 1 0.2890625 0.0 0.2890625 0.01171875 0.058771306818181816 22
stats: {freemem,"tsung_controller@ip-172-31-45-17"} 1 556.203125 0.0 675.61328125 556.203125 661.6809303977273 22
stats: {cpu,"tsung_controller@ip-172-31-45-17"} 1 23.3953488372093 0.0 23.3953488372093 0.4491017964071856 4.7247241856358535 22
stats: session 1210 4140.481848760328 1074.0168621282105 6468.85 1037.912 2288.6155863899617 4144
stats: users_count 1218 5873
stats: finish_users_count 1210 5354
stats: request 6065 419.76858516075777 329.0486107835577 928.593 0.684 82.69036757544042 21971
stats: connect 1216 1.237638157894737 0.409672302439499 32.584 0.868 1.3985897656417976 4651
stats: page 2426 1053.201760511129 665.0121473516707 2303.5 1.493 198.33484166666688 8640
stats: 200 3780 24897
stats: size_rcv 18086051 112372191
stats: newphase 0 7
stats: 502 2285 3139
stats: size_sent 2114538 10978019
stats: connected 3 517
# stats: dump at 1615422277
stats: users 511 534
stats: {load,"tsung_controller@ip-172-31-45-17"} 1 0.3203125 0.0 0.3203125 0.01171875 0.06878396739130435 23
stats: {freemem,"tsung_controller@ip-172-31-45-17"} 1 544.89453125 0.0 675.61328125 544.89453125 657.0949388586956 23
stats: {cpu,"tsung_controller@ip-172-31-45-17"} 1 26.124885215794308 0.0 26.124885215794308 0.4491017964071856 5.536490474834699 23
stats: session 1255 4036.002199203185 1073.4898109551784 6468.85 1028.476 2707.1359781471792 5354
stats: users_count 1247 7120
stats: finish_users_count 1255 6609
stats: connect 1252 1.2427252396166155 0.4412646864958325 32.584 0.868 1.3652307823419125 5867
stats: page 2508 1020.4882683413078 661.3744404122812 2303.5 1.468 385.74737963130315 11066
stats: request 6272 408.4703362563755 327.8448766874179 928.593 0.684 155.61016318305028 28036
stats: 200 3833 28730
stats: size_rcv 18433836 130806027
stats: newphase 0 7
stats: 502 2439 5578
stats: size_sent 2135966 13113985
stats: connected -7 510
# stats: dump at 1615422285
stats: users 0 553
stats: {load,"tsung_controller@ip-172-31-45-17"} 1 0.4296875 0.0 0.4296875 0.01171875 0.07926432291666667 24
stats: {freemem,"tsung_controller@ip-172-31-45-17"} 1 547.41015625 0.0 675.61328125 544.89453125 652.419921875 24
stats: {cpu,"tsung_controller@ip-172-31-45-17"} 1 26.813590449954088 0.0 26.813590449954088 0.4491017964071856 6.394340255708016 24
stats: session 863 4168.885825028971 956.6736188619439 6489.564 1028.476 2959.4778010288987 6609
stats: users_count 352 7472
stats: finish_users_count 863 7472
stats: connect 353 1.2330283286118964 0.4625365760492087 32.584 0.868 1.3436860514117157 7119
stats: page 1370 1028.9474788321168 626.6398890158655 2303.5 1.468 503.02527479003976 13574
stats: request 3052 429.5193152031464 304.5152425725065 928.593 0.684 201.83667028098358 34308
stats: 200 2304 31034
stats: size_rcv 11128532 141934559
stats: newphase 0 7
stats: 502 748 6326
stats: size_sent 1090182 14204167
stats: connected -510 0
EndMonitor:{1615,422285,417481}
