# stats: dump at 1615317705
stats: users 2 3
stats: {load,"tsung_controller@ip-172-31-52-155"} 1 0.0 0 0.0 0.0 0 0
stats: {cpu,"tsung_controller@ip-172-31-52-155"} 1 0.7047139201772666 0 0.7047139201772666 0.7047139201772666 0 0
stats: {freemem,"tsung_controller@ip-172-31-52-155"} 1 672.2578125 0 672.2578125 672.2578125 0 0
stats: session 4 1921.7637500000003 365.70068322767406 2357.972 1355.64 0 0
stats: users_count 6 6
stats: finish_users_count 4 4
stats: request 24 75.24883333333331 89.35841908230522 231.994 8.249 0 0
stats: connect 6 3.1633333333333336 4.167199165973339 12.476 1.197 0 0
stats: page 20 90.32905 92.64993442009282 231.994 8.249 0 0
stats: 302 10 10
stats: 200 14 14
stats: match 4 4
stats: size_rcv 50537 50537
stats: size_sent 13284 13284
stats: connected 2 2
# stats: dump at 1615317715
stats: users 0 4
stats: {load,"tsung_controller@ip-172-31-52-155"} 1 0.0 0.0 0.0 0.0 0.0 1
stats: {cpu,"tsung_controller@ip-172-31-52-155"} 1 0.25037556334501754 0.0 0.7047139201772666 0.25037556334501754 0.7047139201772666 1
stats: {freemem,"tsung_controller@ip-172-31-52-155"} 1 672.23828125 0.0 672.2578125 672.23828125 672.2578125 1
stats: session 9 2275.3140000000003 555.0433685069625 2900.596 1355.64 1921.7637500000003 4
stats: users_count 7 13
stats: finish_users_count 9 13
stats: request 38 53.34518421052631 82.09811132094372 231.994 8.249 75.24883333333331 24
stats: connect 7 1.3804285714285716 0.2359629856825958 12.476 1.188 3.1633333333333336 6
stats: page 30 67.61693333333338 87.82741058497753 231.994 8.249 90.32905 20
stats: 302 15 25
stats: 200 23 37
stats: match 8 12
stats: size_rcv 94624 145161
stats: size_sent 22767 36051
stats: connected -1 1
# stats: dump at 1615317725
stats: users 1 6
stats: {load,"tsung_controller@ip-172-31-52-155"} 1 0.0 0.0 0.0 0.0 0.0 2
stats: {cpu,"tsung_controller@ip-172-31-52-155"} 1 0.24987506246876562 0.0 0.7047139201772666 0.24987506246876562 0.4775447417611421 2
stats: {freemem,"tsung_controller@ip-172-31-52-155"} 1 673.16015625 0.0 673.16015625 672.23828125 672.248046875 2
stats: session 9 2553.468777777778 552.6692381103784 3150.874 1355.64 2166.5293076923076 13
stats: users_count 10 23
stats: finish_users_count 9 22
stats: request 50 67.82128 110.33476251989488 457.843 8.245 61.824016129032245 62
stats: connect 10 1.3444999999999996 0.22158034660140774 12.476 1.109 2.203307692307692 13
stats: page 40 84.81895000000002 118.00977390897543 457.843 8.245 76.70178000000003 50
stats: 302 20 45
stats: 200 30 67
stats: match 10 22
stats: size_rcv 121043 266204
stats: size_sent 29476 65527
stats: connected 0 1
# stats: dump at 1615317735
stats: users 6 8
stats: {load,"tsung_controller@ip-172-31-52-155"} 1 0.0 0.0 0.0 0.0 0.0 3
stats: {cpu,"tsung_controller@ip-172-31-52-155"} 1 0.29955067398901647 0.0 0.7047139201772666 0.24987506246876562 0.4016548486636833 3
stats: {freemem,"tsung_controller@ip-172-31-52-155"} 1 670.171875 0.0 673.16015625 670.171875 672.5520833333334 3
stats: session 17 2206.57594117647 556.3472290278766 3150.874 1354.862 2324.8227272727277 22
stats: users_count 22 45
stats: finish_users_count 17 39
stats: request 91 60.60075824175828 87.29054648956581 457.843 7.562 64.50136607142856 112
stats: connect 21 1.3903809523809525 0.43700784303635043 12.476 1.109 1.8299130434782607 23
stats: page 74 74.56058108108112 92.03229526418855 457.843 7.562 80.30941111111113 90
stats: 302 36 81
stats: 200 55 122
stats: match 17 39
stats: size_rcv 214650 480854
stats: newphase 1 1
stats: size_sent 53064 118591
stats: connected 4 5
# stats: dump at 1615317745
stats: users 2 9
stats: {load,"tsung_controller@ip-172-31-52-155"} 1 0.0 0.0 0.0 0.0 0.0 4
stats: {cpu,"tsung_controller@ip-172-31-52-155"} 1 0.3501750875437719 0.0 0.7047139201772666 0.24987506246876562 0.37612880499501655 4
stats: {freemem,"tsung_controller@ip-172-31-52-155"} 1 670.2890625 0.0 673.16015625 670.171875 671.95703125 4
stats: session 23 2343.6806086956517 631.3477720231427 3300.396 1354.862 2273.2792564102565 39
stats: users_count 19 64
stats: finish_users_count 23 62
stats: request 109 60.497458715596345 86.03020209136626 457.843 7.562 62.75281773399016 203
stats: connect 19 1.2384210526315786 0.08755348187459855 12.476 1.109 1.6201363636363637 44
stats: page 86 76.72266279069764 91.11998109158317 457.843 7.562 77.71542682926832 164
stats: 302 44 125
stats: 200 65 187
stats: match 23 62
stats: size_rcv 282025 762879
stats: newphase 0 1
stats: size_sent 64788 183379
stats: connected -4 1
# stats: dump at 1615317755
stats: users 5 9
stats: {load,"tsung_controller@ip-172-31-52-155"} 1 0.0 0.0 0.0 0.0 0.0 5
stats: {cpu,"tsung_controller@ip-172-31-52-155"} 1 0.35000000000000003 0.0 0.7047139201772666 0.24987506246876562 0.3709380615047676 5
stats: {freemem,"tsung_controller@ip-172-31-52-155"} 1 670.05078125 0.0 673.16015625 670.05078125 671.6234375 5
stats: session 19 2117.030421052631 532.9321527618705 3300.396 1294.554 2299.395887096774 62
stats: users_count 22 86
stats: finish_users_count 19 81
stats: request 100 74.62371999999998 96.82946977300664 457.843 7.562 61.964887820512836 312
stats: connect 23 1.4797826086956518 0.9813729936884451 12.476 1.109 1.5050158730158731 63
stats: page 82 91.04124390243899 100.37798995924149 457.843 7.562 77.37391600000001 250
stats: 302 41 166
stats: 200 59 246
stats: match 18 80
stats: size_rcv 237494 1000373
stats: newphase 0 1
stats: size_sent 56592 239971
stats: connected 5 6
# stats: dump at 1615317765
stats: users 9 9
stats: {load,"tsung_controller@ip-172-31-52-155"} 1 0.0 0.0 0.0 0.0 0.0 6
stats: {cpu,"tsung_controller@ip-172-31-52-155"} 1 0.3003003003003003 0.0 0.7047139201772666 0.24987506246876562 0.3674483845873064 6
stats: {freemem,"tsung_controller@ip-172-31-52-155"} 1 670.04296875 0.0 673.16015625 670.04296875 671.361328125 6
stats: session 15 2395.040933333333 389.19411394358065 3300.396 1294.554 2256.6188024691355 81
stats: users_count 19 105
stats: finish_users_count 15 96
stats: request 77 54.698337662337664 83.0592845389349 457.843 7.562 65.03741990291262 412
stats: connect 15 1.6802000000000001 1.4388500593645375 12.476 1.108 1.4982674418604651 86
stats: page 61 69.08849180327869 88.77108833077502 457.843 7.562 80.74958132530121 332
stats: 302 30 196
stats: 200 47 293
stats: match 16 96
stats: size_rcv 204747 1205120
stats: newphase 1 2
stats: size_sent 46361 286332
stats: connected -1 5
# stats: dump at 1615317775
stats: users 7 11
stats: {load,"tsung_controller@ip-172-31-52-155"} 1 0.0 0.0 0.0 0.0 0.0 7
stats: {cpu,"tsung_controller@ip-172-31-52-155"} 1 0.3501750875437719 0.0 0.7047139201772666 0.24987506246876562 0.3578558011177341 7
stats: {freemem,"tsung_controller@ip-172-31-52-155"} 1 667.8125 0.0 673.16015625 667.8125 671.1729910714286 7
stats: session 31 2408.3880000000004 590.0023355212387 3457.143 1294.554 2278.2472604166664 96
stats: users_count 29 134
stats: finish_users_count 31 127
stats: request 154 81.15643506493504 106.75154998436305 470.108 7.562 63.4093844580777 489
stats: connect 32 1.2671562500000004 0.23763576506060172 12.476 1.108 1.5252871287128713 101
stats: page 124 100.83300806451612 116.73233659672277 503.452 7.562 78.9395903307888 393
stats: 302 62 258
stats: 200 92 385
stats: match 30 126
stats: size_rcv 397747 1602867
stats: newphase 0 2
stats: size_sent 90080 376412
stats: connected 2 7
# stats: dump at 1615317785
stats: users 14 14
stats: {load,"tsung_controller@ip-172-31-52-155"} 1 0.0 0.0 0.0 0.0 0.0 8
stats: {cpu,"tsung_controller@ip-172-31-52-155"} 1 0.5499999999999999 0.0 0.7047139201772666 0.24987506246876562 0.3568957119209888 8
stats: {freemem,"tsung_controller@ip-172-31-52-155"} 1 667.20703125 0.0 673.16015625 667.20703125 670.7529296875 8
stats: session 37 2466.773027027027 626.7781740020337 3715.564 1294.554 2310.013897637795 127
stats: users_count 44 178
stats: finish_users_count 37 164
stats: 302 80 338
stats: request 198 95.41192424242422 122.51584046344357 789.933 7.562 67.65984447900466 643
stats: 200 118 503
stats: match 38 164
stats: connect 42 1.268047619047619 0.24012069905232805 12.476 1.108 1.4631804511278197 133
stats: size_rcv 521222 2124089
stats: newphase 0 2
stats: page 160 118.111725 128.76881956164453 789.933 7.562 84.19062282398451 517
stats: size_sent 114913 491325
stats: connected 4 11
# stats: dump at 1615317795
stats: users 36 36
stats: {load,"tsung_controller@ip-172-31-52-155"} 1 0.0 0.0 0.0 0.0 0.0 9
stats: {cpu,"tsung_controller@ip-172-31-52-155"} 1 0.4014049172102358 0.0 0.7047139201772666 0.24987506246876562 0.3783517439297678 9
stats: {freemem,"tsung_controller@ip-172-31-52-155"} 1 668.1640625 0.0 673.16015625 667.20703125 670.3589409722222 9
stats: session 54 3316.7329814814834 1007.2207853079623 5686.011 1294.554 2345.380286585366 164
stats: users_count 76 254
stats: finish_users_count 54 218
stats: page 251 363.083235059761 362.5075227760325 2095.399 7.562 92.20742688330871 677
stats: 302 122 460
stats: request 306 308.190205882353 301.8797904373366 1285.958 7.562 74.19362782401902 841
stats: connect 75 1.3341333333333338 0.595699103761473 12.476 0.978 1.4163485714285715 175
stats: 200 184 687
stats: match 55 219
stats: size_rcv 847183 2971272
stats: newphase 1 3
stats: size_sent 184688 676013
stats: connected 24 35
# stats: dump at 1615317805
stats: users 45 52
stats: {load,"tsung_controller@ip-172-31-52-155"} 1 0.0 0.0 0.0 0.0 0.0 10
stats: {cpu,"tsung_controller@ip-172-31-52-155"} 1 1.4507253626813406 0.0 1.4507253626813406 0.24987506246876562 0.38065706125781457 10
stats: {freemem,"tsung_controller@ip-172-31-52-155"} 1 660.8046875 0.0 673.16015625 660.8046875 670.139453125 10
stats: session 65 5320.211153846152 1433.4358799618835 8503.319 1294.554 2585.9905871559636 218
stats: users_count 74 328
stats: finish_users_count 65 283
stats: request 349 738.1692636103148 553.9600383165284 2552.224 7.562 136.61991630340017 1147
stats: connect 77 1.3222597402597411 0.4873743168682463 12.476 0.978 1.3916840000000001 250
stats: page 277 883.0100180505415 708.4223107923287 3517.438 7.562 165.47232758620692 928
stats: 302 142 602
stats: 200 207 894
stats: match 72 291
stats: size_rcv 1007845 3979117
stats: newphase 0 3
stats: size_sent 213072 889085
stats: connected 13 48
# stats: dump at 1615317815
stats: users 39 52
stats: {load,"tsung_controller@ip-172-31-52-155"} 1 0.0 0.0 0.0 0.0 0.0 11
stats: {cpu,"tsung_controller@ip-172-31-52-155"} 1 1.2512512512512513 0.0 1.4507253626813406 0.24987506246876562 0.47793599775086243 11
stats: {freemem,"tsung_controller@ip-172-31-52-155"} 1 650.8515625 0.0 673.16015625 650.8515625 669.2908380681819 11
stats: session 76 6058.647407894737 1780.0042132398403 9524.841 1294.554 3213.991777385159 283
stats: users_count 70 398
stats: finish_users_count 76 359
stats: request 359 777.135955431755 549.9274837152184 2552.224 7.562 276.95462366310153 1496
stats: connect 71 1.2932535211267604 0.3073355150737217 12.476 0.978 1.3753363914373093 327
stats: page 291 1014.533642611684 799.1630657851949 3941.869 7.562 330.4166763485477 1205
stats: 302 141 743
stats: 200 218 1112
stats: match 68 359
stats: size_rcv 1063535 5042652
stats: newphase 0 3
stats: size_sent 203162 1092247
stats: connected -9 39
# stats: dump at 1615317825
stats: users 132 132
stats: {load,"tsung_controller@ip-172-31-52-155"} 1 0.0 0.0 0.0 0.0 0.0 12
stats: {cpu,"tsung_controller@ip-172-31-52-155"} 1 1.1038635223281485 0.0 1.4507253626813406 0.24987506246876562 0.5423789355425614 12
stats: {freemem,"tsung_controller@ip-172-31-52-155"} 1 652.78125 0.0 673.16015625 650.8515625 667.7542317708334 12
stats: session 35 6421.727057142858 2250.3830956104966 10782.353 1294.554 3816.2029972144846 359
stats: users_count 128 526
stats: finish_users_count 35 394
stats: request 322 1585.967127329194 996.9441681871327 4778.835 7.562 373.7552156334231 1855
stats: connect 126 1.3736190476190473 0.813382657141628 12.476 0.954 1.3606934673366837 398
stats: page 275 1741.1568218181826 1098.7546678483502 6431.229 7.562 463.49023061497326 1496
stats: 302 122 865
stats: 200 200 1312
stats: match 47 406
stats: size_rcv 962622 6005274
stats: newphase 1 4
stats: size_sent 209087 1301334
stats: connected 91 130
# stats: dump at 1615317835
stats: users 230 232
stats: {load,"tsung_controller@ip-172-31-52-155"} 1 0.0 0.0 0.0 0.0 0.0 13
stats: {cpu,"tsung_controller@ip-172-31-52-155"} 1 1.4536340852130327 0.0 1.4536340852130327 0.24987506246876562 0.5855700576029912 13
stats: {freemem,"tsung_controller@ip-172-31-52-155"} 1 638.046875 0.0 673.16015625 638.046875 666.6024639423077 13
stats: session 63 11158.754873015872 4460.359635630149 17714.181 1169.602 4047.6581802030455 394
stats: users_count 161 687
stats: finish_users_count 63 457
stats: request 419 3065.829992840091 1966.6021295628523 5889.075 0.622 553.0534405144696 2177
stats: connect 157 1.5261210191082804 1.6382271734953546 18.414 0.94 1.3638015267175574 524
stats: 302 114 979
stats: page 354 3470.1551638418055 2271.8973047028403 9830.046 0.622 661.8856640316206 1771
stats: match_stop 26 26
stats: 200 194 1506
stats: match 39 445
stats: size_rcv 904129 6909403
stats: newphase 0 4
stats: 502 111 111
stats: nomatch 26 26
stats: size_sent 228639 1529973
stats: connected 98 228
# stats: dump at 1615317845
stats: users 221 240
stats: {load,"tsung_controller@ip-172-31-52-155"} 1 0.0 0.0 0.0 0.0 0.0 14
stats: {cpu,"tsung_controller@ip-172-31-52-155"} 1 2.048975512243878 0.0 2.048975512243878 0.24987506246876562 0.6475746310037085 14
stats: {freemem,"tsung_controller@ip-172-31-52-155"} 1 621.890625 0.0 673.16015625 621.890625 664.5627790178571 14
stats: session 168 9700.752815476197 7192.141620417827 24802.404 1016.963 5027.962538293216 457
stats: users_count 159 846
stats: finish_users_count 168 625
stats: request 749 2384.2933484646214 3442.2973773779636 9423.348 0.614 958.6209965331273 2596
stats: connect 161 1.3049378881987577 0.39807469397166334 18.414 0.911 1.4012232011747432 681
stats: page 573 2933.6096317626516 3901.882445689083 14301.992 0.614 1129.7103242352937 2125
stats: 302 111 1090
stats: match_stop 140 166
stats: 200 139 1645
stats: match 36 481
stats: size_rcv 946412 7855815
stats: newphase 0 4
stats: 502 499 610
stats: nomatch 140 166
stats: size_sent 291637 1821610
stats: connected -8 220
# stats: dump at 1615317855
stats: users 247 272
stats: {load,"tsung_controller@ip-172-31-52-155"} 1 0.0 0.0 0.0 0.0 0.0 15
stats: {cpu,"tsung_controller@ip-172-31-52-155"} 1 2.062374245472837 0.0 2.062374245472837 0.24987506246876562 0.7410013564197198 15
stats: {freemem,"tsung_controller@ip-172-31-52-155"} 1 617.3515625 0.0 673.16015625 617.3515625 661.71796875 15
stats: session 261 11157.42121455939 9717.470984498445 31277.681 1008.764 6284.008564800001 625
stats: users_count 287 1133
stats: finish_users_count 261 886
stats: request 1132 1886.6193666077756 2862.6818864362285 9670.827 0.613 1277.852264573991 3345
stats: page 881 2533.1605425652665 3805.3265971291667 16263.692 0.613 1512.8216300963672 2698
stats: connect 286 1.318811188811188 0.5757136823722488 18.414 0.911 1.382812351543943 842
stats: 302 146 1236
stats: match_stop 179 345
stats: 200 212 1857
stats: match 72 553
stats: size_rcv 1467735 9323550
stats: newphase 1 5
stats: 502 774 1384
stats: nomatch 179 345
stats: size_sent 389124 2210734
stats: connected 29 249
# stats: dump at 1615317865
stats: users 265 280
stats: {load,"tsung_controller@ip-172-31-52-155"} 1 0.0703125 0.0 0.0703125 0.0 0.0 16
stats: {cpu,"tsung_controller@ip-172-31-52-155"} 1 4.114400401404917 0.0 4.114400401404917 0.24987506246876562 0.8235871619855396 16
stats: {freemem,"tsung_controller@ip-172-31-52-155"} 1 617.05859375 0.0 673.16015625 617.05859375 658.945068359375 16
stats: session 321 8733.174392523366 8559.676111891342 34595.845 1008.764 7719.6301241535 886
stats: users_count 339 1472
stats: finish_users_count 321 1207
stats: request 1400 1354.2096364285721 2244.2387910602083 9670.827 0.613 1431.777741344651 4477
stats: connect 337 1.266192878338278 0.5012037215674681 18.414 0.911 1.3665851063829786 1128
stats: page 1081 1776.7855245143385 2789.8576620535227 16263.692 0.613 1763.9863637887674 3579
stats: 302 140 1376
stats: match_stop 252 597
stats: 200 246 2103
stats: match 67 620
stats: size_rcv 1898921 11222471
stats: newphase 0 5
stats: 502 1014 2398
stats: nomatch 252 597
stats: size_sent 466043 2676777
stats: connected 15 264
# stats: dump at 1615317875
stats: users 259 280
stats: {load,"tsung_controller@ip-172-31-52-155"} 1 0.05859375 0.0 0.0703125 0.0 0.004136029411764706 17
stats: {cpu,"tsung_controller@ip-172-31-52-155"} 1 4.720812182741117 0.0 4.720812182741117 0.24987506246876562 1.01716441136315 17
stats: {freemem,"tsung_controller@ip-172-31-52-155"} 1 610.359375 0.0 673.16015625 610.359375 656.4811580882352 17
stats: session 331 7650.505948640481 7737.699608372253 36941.383 1008.764 7989.180836785419 1207
stats: users_count 325 1797
stats: finish_users_count 331 1538
stats: request 1412 1377.0022018413583 2287.983613545283 9670.827 0.606 1413.29971737281 5877
stats: connect 326 1.2613803680981606 0.46382580436248105 18.414 0.911 1.3434914675767915 1465
stats: page 1072 1793.8859197761208 2812.2976013060284 16263.692 0.606 1766.9554394849781 4660
stats: 302 157 1533
stats: match_stop 252 849
stats: 200 239 2342
stats: match 88 708
stats: size_rcv 1997966 13220437
stats: newphase 0 5
stats: 502 1016 3414
stats: nomatch 252 849
stats: size_sent 465450 3142227
stats: connected -4 260
# stats: dump at 1615317885
stats: users 329 344
stats: {load,"tsung_controller@ip-172-31-52-155"} 1 0.2109375 0.0 0.2109375 0.0 0.007161458333333333 18
stats: {cpu,"tsung_controller@ip-172-31-52-155"} 1 5.432595573440644 0.0 5.432595573440644 0.24987506246876562 1.2229226208841482 18
stats: {freemem,"tsung_controller@ip-172-31-52-155"} 1 607.359375 0.0 673.16015625 607.359375 653.9188368055555 18
stats: session 496 6162.712058467737 6617.662147182883 36941.383 1007.094 7916.293068270481 1538
stats: users_count 566 2363
stats: finish_users_count 496 2034
stats: request 2146 841.0547334575947 1841.9929508764435 9670.827 0.603 1406.2682875565924 7289
stats: connect 560 1.195785714285716 0.4762194315006216 18.414 0.9 1.3285455053042992 1791
stats: page 1660 1097.2656957831348 2256.3323246480227 16263.692 0.603 1771.991984298674 5732
stats: 302 153 1686
stats: match_stop 407 1256
stats: 200 231 2573
stats: match 79 787
stats: size_rcv 2070166 15290603
stats: newphase 1 6
stats: 502 1762 5176
stats: nomatch 407 1256
stats: size_sent 605925 3748152
stats: connected 65 325
# stats: dump at 1615317895
stats: users 331 344
stats: {load,"tsung_controller@ip-172-31-52-155"} 1 0.328125 0.0 0.328125 0.0 0.017886513157894735 19
stats: {cpu,"tsung_controller@ip-172-31-52-155"} 1 8.066132264529058 0.0 8.066132264529058 0.24987506246876562 1.4444843552292268 19
stats: {freemem,"tsung_controller@ip-172-31-52-155"} 1 606.828125 0.0 673.16015625 606.828125 651.4683388157895 19
stats: session 646 5208.48994272445 5637.256240074135 36941.383 1007.094 7488.674493608652 2034
stats: users_count 648 3011
stats: finish_users_count 646 2680
stats: 302 147 1833
stats: request 2697 715.417368928436 1782.2769584408 9670.827 0.602 1277.70991054584 9435
stats: match_stop 574 1830
stats: 200 243 2816
stats: match 75 862
stats: connect 654 1.2414480122324156 0.7365986273522034 18.414 0.9 1.2969225861335605 2351
stats: size_rcv 2225883 17516486
stats: newphase 0 6
stats: page 2048 950.8080126953123 2187.526488435387 16263.692 0.602 1620.4706586850652 7392
stats: 502 2307 7483
stats: nomatch 574 1830
stats: size_sent 741626 4489778
stats: connected 2 327
# stats: dump at 1615317905
stats: users 342 344
stats: {load,"tsung_controller@ip-172-31-52-155"} 1 0.4296875 0.0 0.4296875 0.0 0.0333984375 20
stats: {cpu,"tsung_controller@ip-172-31-52-155"} 1 9.779338014042125 0.0 9.779338014042125 0.24987506246876562 1.7755667506942185 20
stats: {freemem,"tsung_controller@ip-172-31-52-155"} 1 616.6328125 0.0 673.16015625 606.828125 649.236328125 20
stats: session 614 5131.958359934856 5158.931360994072 36941.383 1007.094 6939.047919029848 2680
stats: users_count 625 3636
stats: finish_users_count 614 3294
stats: connect 627 1.3301451355661889 0.8639688526201096 18.414 0.894 1.2848492512479202 3005
stats: page 1931 977.5582180217498 2232.368300145867 16263.692 0.602 1475.1879151483054 9440
stats: 302 143 1976
stats: request 2548 744.141950941915 1869.1774595536958 9670.827 0.602 1152.7096645235733 12132
stats: match_stop 548 2378
stats: 200 226 3042
stats: match 69 931
stats: size_rcv 2289778 19806264
stats: newphase 0 6
stats: 502 2179 9662
stats: nomatch 548 2378
stats: size_sent 707659 5197437
stats: connected 14 341
# stats: dump at 1615317915
stats: users 460 478
stats: {load,"tsung_controller@ip-172-31-52-155"} 1 0.359375 0.0 0.4296875 0.0 0.05226934523809524 21
stats: {cpu,"tsung_controller@ip-172-31-52-155"} 1 10.16949152542373 0.0 10.16949152542373 0.24987506246876562 2.1566987156155473 21
stats: {freemem,"tsung_controller@ip-172-31-52-155"} 1 612.31640625 0.0 673.16015625 606.828125 647.6837797619048 21
stats: session 1099 3880.4734385805255 4275.285686410903 36941.383 1007.094 6602.2073029751045 3294
stats: users_count 1217 4853
stats: finish_users_count 1099 4393
stats: 302 140 2116
stats: request 4704 408.172094175169 1478.2501771812551 9670.827 0.602 1081.7947779972747 14680
stats: match_stop 1020 3398
stats: 200 207 3249
stats: match 69 1000
stats: connect 1217 1.1398767460969597 0.616644321965737 18.414 0.89 1.2926687775330399 3632
stats: size_rcv 2785048 22591312
stats: newphase 1 7
stats: page 3615 541.871014661133 1788.0021562343607 16263.692 0.602 1390.6814561604083 11371
stats: 502 4357 14019
stats: nomatch 1020 3398
stats: size_sent 1126159 6323596
stats: connected 117 458
# stats: dump at 1615317925
stats: users 405 478
stats: {load,"tsung_controller@ip-172-31-52-155"} 1 0.30859375 0.0 0.4296875 0.0 0.06622869318181818 22
stats: {cpu,"tsung_controller@ip-172-31-52-155"} 1 17.34592445328032 0.0 17.34592445328032 0.24987506246876562 2.5209165706068286 22
stats: {freemem,"tsung_controller@ip-172-31-52-155"} 1 610.59765625 0.0 673.16015625 606.828125 646.0761718750001 22
stats: session 1277 3680.008682850431 3667.694244828772 36941.383 1007.094 5921.309165718186 4393
stats: users_count 1222 6075
stats: finish_users_count 1277 5670
stats: request 5091 406.01959418581947 1362.1607144245004 9670.827 0.602 918.3238171687983 19384
stats: connect 1221 1.1307174447174457 0.4537441177815052 18.414 0.881 1.2543210971334298 4849
stats: page 3810 540.2038598425207 1615.352799428733 16263.692 0.602 1185.9270356332577 14986
stats: 302 168 2284
stats: match_stop 1182 4580
stats: 200 287 3536
stats: match 99 1099
stats: size_rcv 3737367 26328679
stats: newphase 0 7
stats: 502 4636 18655
stats: nomatch 1182 4580
stats: size_sent 1268060 7591656
stats: connected -55 403
# stats: dump at 1615317935
stats: users 425 478
stats: {load,"tsung_controller@ip-172-31-52-155"} 1 0.26171875 0.0 0.4296875 0.0 0.07676630434782608 23
stats: {cpu,"tsung_controller@ip-172-31-52-155"} 1 17.775571002979145 0.0 17.775571002979145 0.24987506246876562 3.165482130723067 23
stats: {freemem,"tsung_controller@ip-172-31-52-155"} 1 615.48828125 0.0 673.16015625 606.828125 644.5336277173914 23
stats: session 1205 3500.0373477178446 3317.250658016505 36941.383 1007.094 5416.522443209875 5670
stats: users_count 1225 7300
stats: finish_users_count 1205 6875
stats: request 4958 398.2276710367089 1366.1411705473708 9670.827 0.602 811.7603524412664 24475
stats: page 3753 525.792942712497 1604.976095562169 16263.692 0.602 1055.0372027027029 18796
stats: connect 1228 1.1341482084690546 0.44307428093394113 18.414 0.881 1.2294578253706758 6070
stats: 302 159 2443
stats: match_stop 1118 5698
stats: 200 250 3786
stats: match 87 1186
stats: size_rcv 3182910 29511589
stats: newphase 0 7
stats: 502 4549 23204
stats: nomatch 1118 5698
stats: size_sent 1214595 8806251
stats: connected 22 425
# stats: dump at 1615317945
stats: users 158 478
stats: {load,"tsung_controller@ip-172-31-52-155"} 1 0.21875 0.0 0.4296875 0.0 0.08447265625 24
stats: {cpu,"tsung_controller@ip-172-31-52-155"} 1 17.43027888446215 0.0 17.775571002979145 0.24987506246876562 3.774235833733737 24
stats: {freemem,"tsung_controller@ip-172-31-52-155"} 1 609.0 0.0 673.16015625 606.828125 643.3234049479167 24
stats: session 425 4933.418112941174 4729.452584235079 36941.383 1007.094 5080.614873745453 6875
stats: users_count 158 7458
stats: finish_users_count 425 7300
stats: request 1405 1281.5209644128117 2174.284009307114 9670.827 0.602 742.1006156015355 29433
stats: connect 160 1.1255125000000006 0.52797540174117 18.414 0.881 1.213420526171554 7298
stats: page 963 1801.9319044652123 2693.258497991825 16263.692 0.602 966.951092110515 22549
stats: 302 153 2596
stats: match_stop 355 6053
stats: 200 233 4019
stats: match 87 1273
stats: size_rcv 2214939 31726528
stats: newphase 0 7
stats: 502 1019 24223
stats: nomatch 355 6053
stats: size_sent 460278 9266529
stats: connected -261 164
# stats: dump at 1615317952
stats: users 0 478
stats: {load,"tsung_controller@ip-172-31-52-155"} 1 0.1796875 0.0 0.4296875 0.0 0.08984375 25
stats: {cpu,"tsung_controller@ip-172-31-52-155"} 1 4.127299850820487 0.0 17.775571002979145 0.24987506246876562 4.320477555762874 25
stats: {freemem,"tsung_controller@ip-172-31-52-155"} 1 600.921875 0.0 673.16015625 600.921875 641.95046875 25
stats: session 158 14293.832556962025 3233.7988014985344 36941.383 1007.094 5072.045199315067 7300
stats: users_count 0 7458
stats: finish_users_count 158 7458
stats: connect 0 0 0 18.414 0.881 1.2115345937248594 7458
stats: 302 155 2751
stats: request 399 1831.2368671679224 1876.6857059519284 9670.827 0.602 766.6769691289966 30838
stats: match_stop 0 6053
stats: 200 244 4263
stats: match 132 1405
stats: page 267 3108.4770486891375 2337.696670142031 16263.692 0.602 1001.150076556652 23512
stats: size_rcv 1454515 33181043
stats: newphase 0 7
stats: 502 0 24223
stats: nomatch 0 6053
stats: size_sent 180628 9447157
stats: connected -164 0
EndMonitor:{1615,317952,343624}
