# timestamp userid sessionid requestid event transaction name
1615458035.953156 2396 1 21 match_stop - -
1615458040.005318 2518 1 21 match_stop - -
1615458040.333071 2538 1 21 match_stop - -
1615458041.198944 2710 1 21 match_stop - -
1615458042.293914 2835 1 21 match_stop - -
1615458042.828408 2914 1 21 match_stop - -
1615458042.932815 2785 1 21 match_stop - -
1615458043.055847 2973 1 21 match_stop - -
1615458043.093617 2986 1 21 match_stop - -
1615458043.098208 2907 1 21 match_stop - -
1615458043.130693 3226 1 21 match_stop - -
1615458043.153602 2723 1 21 match_stop - -
1615458043.324690 3041 1 21 match_stop - -
1615458043.336186 2880 1 21 match_stop - -
1615458043.345262 2695 1 21 match_stop - -
1615458043.374570 3036 1 21 match_stop - -
1615458043.385573 2938 1 21 match_stop - -
1615458043.405531 2963 1 21 match_stop - -
1615458043.494187 2863 1 21 match_stop - -
1615458043.692550 2982 1 21 match_stop - -
1615458043.700743 3153 1 21 match_stop - -
1615458043.717457 2935 1 21 match_stop - -
1615458043.742658 2812 1 21 match_stop - -
1615458043.994445 3117 1 21 match_stop - -
1615458044.022967 2849 1 21 match_stop - -
1615458044.059004 2985 1 21 match_stop - -
1615458044.225886 3176 1 21 match_stop - -
1615458044.242167 2910 1 21 match_stop - -
1615458044.386722 2846 1 21 match_stop - -
1615458044.478490 3014 1 21 match_stop - -
1615458044.483036 2908 1 21 match_stop - -
1615458044.502619 3095 1 21 match_stop - -
1615458044.542722 2730 1 21 match_stop - -
1615458044.568962 3173 1 21 match_stop - -
1615458044.769566 2843 1 21 match_stop - -
1615458044.959315 3187 1 21 match_stop - -
1615458044.975277 3136 1 21 match_stop - -
1615458045.007442 3156 1 21 match_stop - -
1615458045.034901 2839 1 21 match_stop - -
1615458045.082556 3215 1 21 match_stop - -
1615458045.102981 2860 1 21 match_stop - -
1615458045.250490 3123 1 21 match_stop - -
1615458045.297403 3206 1 21 match_stop - -
1615458045.340927 2851 1 21 match_stop - -
1615458045.366974 3119 1 21 match_stop - -
1615458045.371207 3183 1 21 match_stop - -
1615458045.485620 3028 1 21 match_stop - -
1615458045.514999 3612 1 21 match_stop - -
1615458045.537383 2987 1 21 match_stop - -
1615458045.551627 3197 1 21 match_stop - -
1615458045.570574 3279 1 21 match_stop - -
1615458045.602294 3185 1 21 match_stop - -
1615458045.609447 2968 1 21 match_stop - -
1615458045.632949 3442 1 21 match_stop - -
1615458045.654452 3688 1 21 match_stop - -
1615458045.700041 2883 1 21 match_stop - -
1615458045.702006 2776 1 21 match_stop - -
1615458045.702718 3126 1 21 match_stop - -
1615458045.740814 3220 1 21 match_stop - -
1615458045.744441 3155 1 21 match_stop - -
1615458045.751394 3229 1 21 match_stop - -
1615458045.792342 2979 1 21 match_stop - -
1615458045.804091 3471 1 21 match_stop - -
1615458045.824529 2797 1 21 match_stop - -
1615458045.897289 3455 1 21 match_stop - -
1615458045.909935 3137 1 21 match_stop - -
1615458045.910797 3205 1 21 match_stop - -
1615458045.956873 2998 1 21 match_stop - -
1615458045.961853 2882 1 21 match_stop - -
1615458045.987070 3010 1 21 match_stop - -
1615458046.080468 3110 1 21 match_stop - -
1615458046.083165 2899 1 21 match_stop - -
1615458046.089572 3059 1 21 match_stop - -
1615458046.141757 3121 1 21 match_stop - -
1615458046.143678 3516 1 21 match_stop - -
1615458046.149738 3139 1 21 match_stop - -
1615458046.161486 3021 1 21 match_stop - -
1615458046.201661 2964 1 21 match_stop - -
1615458046.247397 3031 1 21 match_stop - -
1615458046.313682 3114 1 21 match_stop - -
1615458046.315539 3706 1 21 match_stop - -
1615458046.319363 3202 1 21 match_stop - -
1615458046.328004 3188 1 21 match_stop - -
1615458046.342804 3400 1 21 match_stop - -
1615458046.343129 3138 1 21 match_stop - -
1615458046.348982 3233 1 21 match_stop - -
1615458046.350382 3237 1 21 match_stop - -
1615458046.364373 3216 1 21 match_stop - -
1615458046.383989 3208 1 21 match_stop - -
1615458046.398387 2897 1 21 match_stop - -
1615458046.413781 3435 1 21 match_stop - -
1615458046.436523 3211 1 21 match_stop - -
1615458046.454386 3175 1 21 match_stop - -
1615458046.466349 3186 1 21 match_stop - -
1615458046.467699 3734 1 21 match_stop - -
1615458046.548166 2915 1 21 match_stop - -
1615458046.557428 3240 1 21 match_stop - -
1615458046.586743 2930 1 21 match_stop - -
1615458046.626367 3241 1 21 match_stop - -
1615458046.628215 3276 1 21 match_stop - -
1615458046.641815 3337 1 21 match_stop - -
1615458046.651489 3027 1 21 match_stop - -
1615458046.653437 3109 1 21 match_stop - -
1615458046.742260 2905 1 21 match_stop - -
1615458046.748000 3729 1 21 match_stop - -
1615458046.749641 3122 1 21 match_stop - -
1615458046.754380 2989 1 21 match_stop - -
1615458046.756335 3514 1 21 match_stop - -
1615458046.774548 2999 1 21 match_stop - -
1615458046.784029 2741 1 21 match_stop - -
1615458046.814040 2890 1 21 match_stop - -
1615458046.854957 3271 1 21 match_stop - -
1615458046.869725 2969 1 21 match_stop - -
1615458046.923972 3038 1 21 match_stop - -
1615458046.931281 3733 1 21 match_stop - -
1615458046.935971 3771 1 21 match_stop - -
1615458046.947209 3053 1 21 match_stop - -
1615458046.951681 2950 1 21 match_stop - -
1615458046.970362 3475 1 21 match_stop - -
1615458046.970673 3219 1 21 match_stop - -
1615458047.046789 3249 1 21 match_stop - -
1615458047.081594 3529 1 21 match_stop - -
1615458047.097801 3482 1 21 match_stop - -
1615458047.102472 2974 1 21 match_stop - -
1615458047.168852 3224 1 21 match_stop - -
1615458047.177238 3507 1 21 match_stop - -
1615458047.180424 3480 1 21 match_stop - -
1615458047.184334 3297 1 21 match_stop - -
1615458047.185727 3510 1 21 match_stop - -
1615458047.196732 3765 1 21 match_stop - -
1615458047.253528 2953 1 21 match_stop - -
1615458047.264346 3144 1 21 match_stop - -
1615458047.291495 3813 1 21 match_stop - -
1615458047.299454 3545 1 21 match_stop - -
1615458047.310920 3172 1 21 match_stop - -
1615458047.317420 3354 1 21 match_stop - -
1615458047.332525 3160 1 21 match_stop - -
1615458047.353361 3865 1 21 match_stop - -
1615458047.362392 3234 1 21 match_stop - -
1615458047.409209 3077 1 21 match_stop - -
1615458047.437887 2929 1 21 match_stop - -
1615458047.467297 3365 1 21 match_stop - -
1615458047.473085 3049 1 21 match_stop - -
1615458047.476491 2868 1 21 match_stop - -
1615458047.516665 2896 1 21 match_stop - -
1615458047.588662 3791 1 21 match_stop - -
1615458047.597031 3484 1 21 match_stop - -
1615458047.604517 3310 1 21 match_stop - -
1615458047.606714 3203 1 21 match_stop - -
1615458047.619986 3163 1 21 match_stop - -
1615458047.651114 2933 1 21 match_stop - -
1615458047.668672 3070 1 21 match_stop - -
1615458047.688353 3866 1 21 match_stop - -
1615458047.712693 3255 1 21 match_stop - -
1615458047.732502 3745 1 21 match_stop - -
1615458047.746863 3861 1 21 match_stop - -
1615458047.750594 3306 1 21 match_stop - -
1615458047.755521 3497 1 21 match_stop - -
1615458047.756710 3869 1 21 match_stop - -
1615458047.760702 3742 1 21 match_stop - -
1615458047.761874 3358 1 21 match_stop - -
1615458047.767585 3324 1 21 match_stop - -
1615458047.784285 3878 1 21 match_stop - -
1615458047.795333 3814 1 21 match_stop - -
1615458047.807079 3019 1 21 match_stop - -
1615458047.816357 3112 1 21 match_stop - -
1615458047.817343 3305 1 21 match_stop - -
1615458047.834890 3888 1 21 match_stop - -
1615458047.846374 3566 1 21 match_stop - -
1615458047.849750 2920 1 21 match_stop - -
1615458047.897035 3950 1 21 match_stop - -
1615458047.909875 3084 1 21 match_stop - -
1615458047.922290 3292 1 21 match_stop - -
1615458047.940498 3259 1 21 match_stop - -
1615458048.004695 2957 1 21 match_stop - -
1615458048.036388 3875 1 21 match_stop - -
1615458048.084803 3284 1 21 match_stop - -
1615458048.115345 3033 1 21 match_stop - -
1615458048.132540 3964 1 21 match_stop - -
1615458048.143331 3925 1 21 match_stop - -
1615458048.172121 3039 1 21 match_stop - -
1615458048.198876 3073 1 21 match_stop - -
1615458048.203140 3530 1 21 match_stop - -
1615458048.218793 3005 1 21 match_stop - -
1615458048.287057 3022 1 21 match_stop - -
1615458048.291385 3212 1 21 match_stop - -
1615458048.299194 3081 1 21 match_stop - -
1615458048.305978 3329 1 21 match_stop - -
1615458048.326671 3253 1 21 match_stop - -
1615458048.347770 3898 1 21 match_stop - -
1615458048.351388 3972 1 21 match_stop - -
1615458048.358956 3542 1 21 match_stop - -
1615458048.363756 3534 1 21 match_stop - -
1615458048.367340 3006 1 21 match_stop - -
1615458048.371655 3859 1 21 match_stop - -
1615458048.437324 2879 1 21 match_stop - -
1615458048.438989 3150 1 21 match_stop - -
1615458048.459539 3850 1 21 match_stop - -
1615458048.480244 3298 1 21 match_stop - -
1615458048.491480 3463 1 21 match_stop - -
1615458048.536383 3905 1 21 match_stop - -
1615458048.542518 3942 1 21 match_stop - -
1615458048.543353 3886 1 21 match_stop - -
1615458048.547490 3518 1 21 match_stop - -
1615458048.547557 3464 1 21 match_stop - -
1615458048.567500 3353 1 21 match_stop - -
1615458048.588198 3893 1 21 match_stop - -
1615458048.604224 3065 1 21 match_stop - -
1615458048.612517 3810 1 21 match_stop - -
1615458048.669979 3388 1 21 match_stop - -
1615458048.676252 3023 1 21 match_stop - -
1615458048.726885 3288 1 21 match_stop - -
1615458048.727089 3251 1 21 match_stop - -
1615458048.730988 4047 1 21 match_stop - -
1615458048.736783 3895 1 21 match_stop - -
1615458048.748072 3235 1 21 match_stop - -
1615458048.750153 3295 1 21 match_stop - -
1615458048.754358 3969 1 21 match_stop - -
1615458048.771864 3937 1 21 match_stop - -
1615458048.785595 3598 1 21 match_stop - -
1615458048.791579 3145 1 21 match_stop - -
1615458048.801951 3984 1 21 match_stop - -
1615458048.817454 3347 1 21 match_stop - -
1615458048.822146 3004 1 21 match_stop - -
1615458048.867644 4029 1 21 match_stop - -
1615458048.874155 3883 1 21 match_stop - -
1615458048.874391 3318 1 21 match_stop - -
1615458048.884396 3293 1 21 match_stop - -
1615458048.886385 3860 1 21 match_stop - -
1615458048.887683 3268 1 21 match_stop - -
1615458048.892491 3977 1 21 match_stop - -
1615458048.894308 3488 1 21 match_stop - -
1615458048.897797 3275 1 21 match_stop - -
1615458048.903578 4058 1 21 match_stop - -
1615458048.904300 3312 1 21 match_stop - -
1615458048.907895 3903 1 21 match_stop - -
1615458048.910108 3373 1 21 match_stop - -
1615458048.915306 3168 1 21 match_stop - -
1615458048.916390 4053 1 21 match_stop - -
1615458048.922524 3158 1 21 match_stop - -
1615458048.967589 3568 1 21 match_stop - -
1615458048.969377 3221 1 21 match_stop - -
1615458049.024144 3245 1 21 match_stop - -
1615458049.048796 4045 1 21 match_stop - -
1615458049.055282 3894 1 21 match_stop - -
1615458049.063205 2981 1 21 match_stop - -
1615458049.063641 4005 1 21 match_stop - -
1615458049.068517 3264 1 21 match_stop - -
1615458049.072229 3061 1 21 match_stop - -
1615458049.072596 3532 1 21 match_stop - -
1615458049.083662 3889 1 21 match_stop - -
1615458049.090593 3973 1 21 match_stop - -
1615458049.095395 3533 1 21 match_stop - -
1615458049.102342 4041 1 21 match_stop - -
1615458049.103600 3902 1 21 match_stop - -
1615458049.110456 3332 1 21 match_stop - -
1615458049.116626 4027 1 21 match_stop - -
1615458049.144540 3901 1 21 match_stop - -
1615458049.155524 3333 1 21 match_stop - -
1615458049.168124 3243 1 21 match_stop - -
1615458049.173126 3593 1 21 match_stop - -
1615458049.205687 4050 1 21 match_stop - -
1615458049.228061 4074 1 21 match_stop - -
1615458049.229362 4052 1 21 match_stop - -
1615458049.237117 3115 1 21 match_stop - -
1615458049.240562 3111 1 21 match_stop - -
1615458049.307167 3359 1 21 match_stop - -
1615458049.307492 4070 1 21 match_stop - -
1615458049.325745 3936 1 21 match_stop - -
1615458049.335432 4066 1 21 match_stop - -
1615458049.355516 4072 1 21 match_stop - -
1615458049.390596 2856 1 21 match_stop - -
1615458049.409410 3585 1 21 match_stop - -
1615458049.420757 4091 1 21 match_stop - -
1615458049.422537 3044 1 21 match_stop - -
1615458049.428259 3262 1 21 match_stop - -
1615458049.430335 3966 1 21 match_stop - -
1615458049.450670 4112 1 21 match_stop - -
1615458049.473846 2916 1 21 match_stop - -
1615458049.482256 4107 1 21 match_stop - -
1615458049.494597 4007 1 21 match_stop - -
1615458049.502177 4097 1 21 match_stop - -
1615458049.502568 4086 1 21 match_stop - -
1615458049.506488 4012 1 21 match_stop - -
1615458049.514266 4148 1 21 match_stop - -
1615458049.525281 4039 1 21 match_stop - -
1615458049.529840 3938 1 21 match_stop - -
1615458049.609325 4022 1 21 match_stop - -
1615458049.655457 3157 1 21 match_stop - -
1615458049.695196 3323 1 21 match_stop - -
1615458049.698092 3000 1 21 match_stop - -
1615458049.730185 3063 1 21 match_stop - -
1615458049.751516 3552 1 21 match_stop - -
1615458049.765565 4073 1 21 match_stop - -
1615458049.766037 4051 1 21 match_stop - -
1615458049.780899 3997 1 21 match_stop - -
1615458049.791853 3537 1 21 match_stop - -
1615458049.803168 3980 1 21 match_stop - -
1615458049.821124 3001 1 21 match_stop - -
1615458049.871158 3032 1 21 match_stop - -
1615458049.878740 3443 1 21 match_stop - -
1615458049.894550 4016 1 21 match_stop - -
1615458049.900997 3151 1 21 match_stop - -
1615458049.969776 4156 1 21 match_stop - -
1615458049.970198 2978 1 21 match_stop - -
1615458049.977277 3331 1 21 match_stop - -
1615458049.992225 3505 1 21 match_stop - -
1615458049.995539 3047 1 21 match_stop - -
1615458049.998333 3604 1 21 match_stop - -
1615458050.000256 3107 1 21 match_stop - -
1615458050.006471 4101 1 21 match_stop - -
1615458050.017736 4171 1 21 match_stop - -
1615458050.024412 3399 1 21 match_stop - -
1615458050.024813 2984 1 21 match_stop - -
1615458050.025167 4015 1 21 match_stop - -
1615458050.026919 3618 1 21 match_stop - -
1615458050.032280 3617 1 21 match_stop - -
1615458050.036388 3024 1 21 match_stop - -
1615458050.051398 2906 1 21 match_stop - -
1615458050.052902 3587 1 21 match_stop - -
1615458050.060304 3546 1 21 match_stop - -
1615458050.079398 4044 1 21 match_stop - -
1615458050.088975 3369 1 21 match_stop - -
1615458050.094704 3232 1 21 match_stop - -
1615458050.106272 4035 1 21 match_stop - -
1615458050.108327 4179 1 21 match_stop - -
1615458050.109902 3976 1 21 match_stop - -
1615458050.112267 4136 1 21 match_stop - -
1615458050.124053 3596 1 21 match_stop - -
1615458050.132011 4013 1 21 match_stop - -
1615458050.198119 3090 1 21 match_stop - -
1615458050.198483 4194 1 21 match_stop - -
1615458050.207580 4046 1 21 match_stop - -
1615458050.211339 3569 1 21 match_stop - -
1615458050.221554 3658 1 21 match_stop - -
1615458050.222487 3996 1 21 match_stop - -
1615458050.252362 3370 1 21 match_stop - -
1615458050.261824 3177 1 21 match_stop - -
1615458050.264613 4227 1 21 match_stop - -
1615458050.269517 3695 1 21 match_stop - -
1615458050.270159 4126 1 21 match_stop - -
1615458050.283512 3656 1 21 match_stop - -
1615458050.290085 4009 1 21 match_stop - -
1615458050.306819 4158 1 21 match_stop - -
1615458050.312342 4186 1 21 match_stop - -
1615458050.318864 3427 1 21 match_stop - -
1615458050.370955 3020 1 21 match_stop - -
1615458050.372434 3130 1 21 match_stop - -
1615458050.376650 4199 1 21 match_stop - -
1615458050.397545 4040 1 21 match_stop - -
1615458050.401849 3665 1 21 match_stop - -
1615458050.401952 3544 1 21 match_stop - -
1615458050.403456 3366 1 21 match_stop - -
1615458050.412272 4023 1 21 match_stop - -
1615458050.421368 4177 1 21 match_stop - -
1615458050.461775 4222 1 21 match_stop - -
1615458050.482233 3424 1 21 match_stop - -
1615458050.502244 3051 1 21 match_stop - -
1615458050.503078 3561 1 21 match_stop - -
1615458050.503922 3616 1 21 match_stop - -
1615458050.522610 3597 1 21 match_stop - -
1615458050.529285 4244 1 21 match_stop - -
1615458050.540503 3705 1 21 match_stop - -
1615458050.567184 4134 1 21 match_stop - -
1615458050.597891 3562 1 21 match_stop - -
1615458050.613359 4178 1 21 match_stop - -
1615458050.621815 3267 1 21 match_stop - -
1615458050.625784 3426 1 21 match_stop - -
1615458050.630226 4212 1 21 match_stop - -
1615458050.645533 4198 1 21 match_stop - -
1615458050.650921 4203 1 21 match_stop - -
1615458050.663993 3067 1 21 match_stop - -
1615458050.682325 3415 1 21 match_stop - -
1615458050.690568 3652 1 21 match_stop - -
1615458050.701974 3620 1 21 match_stop - -
1615458050.710773 4137 1 21 match_stop - -
1615458050.730920 3420 1 21 match_stop - -
1615458050.755014 4065 1 21 match_stop - -
1615458050.769507 4106 1 21 match_stop - -
1615458050.770381 3609 1 21 match_stop - -
1615458050.773365 3380 1 21 match_stop - -
1615458050.776461 3579 1 21 match_stop - -
1615458050.837595 4243 1 21 match_stop - -
1615458050.839338 3104 1 21 match_stop - -
1615458050.848671 4304 1 21 match_stop - -
1615458050.855207 3694 1 21 match_stop - -
1615458050.859207 3595 1 21 match_stop - -
1615458050.864266 4313 1 21 match_stop - -
1615458050.867307 3572 1 21 match_stop - -
1615458050.870833 4125 1 21 match_stop - -
1615458050.879331 4285 1 21 match_stop - -
1615458050.897479 4099 1 21 match_stop - -
1615458050.899471 3406 1 21 match_stop - -
1615458050.904350 3342 1 21 match_stop - -
1615458050.933446 4147 1 21 match_stop - -
1615458050.934288 3591 1 21 match_stop - -
1615458050.970282 4089 1 21 match_stop - -
1615458050.995582 4168 1 21 match_stop - -
1615458050.995902 3638 1 21 match_stop - -
1615458051.034251 4220 1 21 match_stop - -
1615458051.056986 3401 1 21 match_stop - -
1615458051.064587 3368 1 21 match_stop - -
1615458051.070707 4145 1 21 match_stop - -
1615458051.084586 3146 1 21 match_stop - -
1615458051.101922 3344 1 21 match_stop - -
1615458051.126275 3225 1 21 match_stop - -
1615458051.131377 3132 1 21 match_stop - -
1615458051.134184 4360 1 21 match_stop - -
1615458051.155858 3582 1 21 match_stop - -
1615458051.167585 3007 1 21 match_stop - -
1615458051.168069 3303 1 21 match_stop - -
1615458051.170677 4128 1 21 match_stop - -
1615458051.176628 3327 1 21 match_stop - -
1615458051.183176 4362 1 21 match_stop - -
1615458051.216652 3179 1 21 match_stop - -
1615458051.226061 3098 1 21 match_stop - -
1615458051.228545 4262 1 21 match_stop - -
1615458051.236459 3712 1 21 match_stop - -
1615458051.236955 3131 1 21 match_stop - -
1615458051.239380 3148 1 21 match_stop - -
1615458051.260341 4242 1 21 match_stop - -
1615458051.260789 3433 1 21 match_stop - -
1615458051.272540 4253 1 21 match_stop - -
1615458051.289142 4141 1 21 match_stop - -
1615458051.289374 3479 1 21 match_stop - -
1615458051.291839 4348 1 21 match_stop - -
1615458051.296549 3538 1 21 match_stop - -
1615458051.332600 3718 1 21 match_stop - -
1615458051.351478 4170 1 21 match_stop - -
1615458051.400843 4317 1 21 match_stop - -
1615458051.406786 3343 1 21 match_stop - -
1615458051.416146 3549 1 21 match_stop - -
1615458051.422317 4332 1 21 match_stop - -
1615458051.437763 3091 1 21 match_stop - -
1615458051.445953 3075 1 21 match_stop - -
1615458051.447132 3374 1 21 match_stop - -
1615458051.481856 3404 1 21 match_stop - -
1615458051.484797 3362 1 21 match_stop - -
1615458051.487336 4385 1 21 match_stop - -
1615458051.491815 3410 1 21 match_stop - -
1615458051.493436 4237 1 21 match_stop - -
1615458051.494569 4364 1 21 match_stop - -
1615458051.498281 4191 1 21 match_stop - -
1615458051.506576 3079 1 21 match_stop - -
1615458051.576476 4246 1 21 match_stop - -
1615458051.592694 4377 1 21 match_stop - -
1615458051.596621 3417 1 21 match_stop - -
1615458051.603964 4264 1 21 match_stop - -
1615458051.615914 3614 1 21 match_stop - -
1615458051.638703 4352 1 21 match_stop - -
1615458051.643526 4375 1 21 match_stop - -
1615458051.663731 2992 1 21 match_stop - -
1615458051.663831 3526 1 21 match_stop - -
1615458051.665467 3647 1 21 match_stop - -
1615458051.763017 4265 1 21 match_stop - -
1615458051.770162 4351 1 21 match_stop - -
1615458051.774910 3349 1 21 match_stop - -
1615458051.791875 4440 1 21 match_stop - -
1615458051.803011 4397 1 21 match_stop - -
1615458051.808315 3405 1 21 match_stop - -
1615458051.811423 3412 1 21 match_stop - -
1615458051.824995 4247 1 21 match_stop - -
1615458051.826509 3066 1 21 match_stop - -
1615458051.840914 4434 1 21 match_stop - -
1615458051.845404 4376 1 21 match_stop - -
1615458051.845426 4350 1 21 match_stop - -
1615458051.845718 3338 1 21 match_stop - -
1615458051.851255 3416 1 21 match_stop - -
1615458051.852781 3449 1 21 match_stop - -
1615458051.853129 3256 1 21 match_stop - -
1615458051.878659 3103 1 21 match_stop - -
1615458051.906801 3648 1 21 match_stop - -
1615458051.908661 3384 1 21 match_stop - -
1615458051.934131 3460 1 21 match_stop - -
1615458051.935401 3431 1 21 match_stop - -
1615458051.938156 4417 1 21 match_stop - -
1615458051.949458 4371 1 21 match_stop - -
1615458051.951316 4298 1 21 match_stop - -
1615458051.952359 3441 1 21 match_stop - -
1615458051.960891 4458 1 21 match_stop - -
1615458051.960973 3425 1 21 match_stop - -
1615458051.975548 4316 1 21 match_stop - -
1615458051.976214 3387 1 21 match_stop - -
1615458052.031526 4423 1 21 match_stop - -
1615458052.035612 3676 1 21 match_stop - -
1615458052.036387 3456 1 21 match_stop - -
1615458052.045636 3326 1 21 match_stop - -
1615458052.049567 3231 1 21 match_stop - -
1615458052.052392 4465 1 21 match_stop - -
1615458052.109498 4224 1 21 match_stop - -
1615458052.146491 3448 1 21 match_stop - -
1615458052.153752 4349 1 21 match_stop - -
1615458052.154739 4378 1 21 match_stop - -
1615458052.159479 4343 1 21 match_stop - -
1615458052.163461 4476 1 21 match_stop - -
1615458052.167960 3164 1 21 match_stop - -
1615458052.186089 3478 1 21 match_stop - -
1615458052.201787 3217 1 21 match_stop - -
1615458052.205334 4380 1 21 match_stop - -
1615458052.219703 3696 1 21 match_stop - -
1615458052.236850 3437 1 21 match_stop - -
1615458052.253391 4241 1 21 match_stop - -
1615458052.258425 3498 1 21 match_stop - -
1615458052.317603 4500 1 21 match_stop - -
1615458052.347994 4357 1 21 match_stop - -
1615458052.348358 4425 1 21 match_stop - -
1615458052.350760 4294 1 21 match_stop - -
1615458052.361572 3524 1 21 match_stop - -
1615458052.365075 3260 1 21 match_stop - -
1615458052.366545 3636 1 21 match_stop - -
1615458052.369433 3101 1 21 match_stop - -
1615458052.382951 4310 1 21 match_stop - -
1615458052.383429 4456 1 21 match_stop - -
1615458052.388523 4356 1 21 match_stop - -
1615458052.396476 3610 1 21 match_stop - -
1615458052.412568 3154 1 21 match_stop - -
1615458052.453979 3257 1 21 match_stop - -
1615458052.487894 4473 1 21 match_stop - -
1615458052.491585 4383 1 21 match_stop - -
1615458052.507852 3467 1 21 match_stop - -
1615458052.512541 4354 1 21 match_stop - -
1615458052.545442 3805 1 21 match_stop - -
1615458052.570961 3127 1 21 match_stop - -
1615458052.587445 3737 1 21 match_stop - -
1615458052.590039 4387 1 21 match_stop - -
1615458052.607796 4336 1 21 match_stop - -
1615458052.610636 3389 1 21 match_stop - -
1615458052.626499 3248 1 21 match_stop - -
1615458052.631671 4386 1 21 match_stop - -
1615458052.663570 3689 1 21 match_stop - -
1615458052.683500 4521 1 21 match_stop - -
1615458052.692423 4487 1 21 match_stop - -
1615458052.728618 3236 1 21 match_stop - -
1615458052.763250 3727 1 21 match_stop - -
1615458052.764075 3281 1 21 match_stop - -
1615458052.768404 3230 1 21 match_stop - -
1615458052.806900 3789 1 21 match_stop - -
1615458052.823932 3379 1 21 match_stop - -
1615458052.847052 3750 1 21 match_stop - -
1615458052.882445 3744 1 21 match_stop - -
1615458052.910426 3499 1 21 match_stop - -
1615458052.910541 4381 1 21 match_stop - -
1615458052.941334 4337 1 21 match_stop - -
1615458052.954149 3458 1 21 match_stop - -
1615458052.958000 4347 1 21 match_stop - -
1615458052.966171 3828 1 21 match_stop - -
1615458052.975162 3887 1 21 match_stop - -
1615458052.975519 4353 1 21 match_stop - -
1615458052.985255 3837 1 21 match_stop - -
1615458052.992273 3378 1 21 match_stop - -
1615458053.024495 4519 1 21 match_stop - -
1615458053.024888 4545 1 21 match_stop - -
1615458053.027595 4616 1 21 match_stop - -
1615458053.027956 4405 1 21 match_stop - -
1615458053.031852 3191 1 21 match_stop - -
1615458053.034513 4390 1 21 match_stop - -
1615458053.038310 4475 1 21 match_stop - -
1615458053.039641 3830 1 21 match_stop - -
1615458053.040503 4549 1 21 match_stop - -
1615458053.046601 4358 1 21 match_stop - -
1615458053.047502 3848 1 21 match_stop - -
1615458053.051298 3853 1 21 match_stop - -
1615458053.051513 3907 1 21 match_stop - -
1615458053.052851 3707 1 21 match_stop - -
1615458053.053392 3675 1 21 match_stop - -
1615458053.055908 3439 1 21 match_stop - -
1615458053.065892 3539 1 21 match_stop - -
1615458053.085769 3699 1 21 match_stop - -
1615458053.117062 3774 1 21 match_stop - -
1615458053.117801 3402 1 21 match_stop - -
1615458053.121997 3454 1 21 match_stop - -
1615458053.124225 3757 1 21 match_stop - -
1615458053.128785 4611 1 21 match_stop - -
1615458053.140725 4624 1 21 match_stop - -
1615458053.142706 4591 1 21 match_stop - -
1615458053.143124 4421 1 21 match_stop - -
1615458053.148582 4506 1 21 match_stop - -
1615458053.155567 3351 1 21 match_stop - -
1615458053.163253 3496 1 21 match_stop - -
1615458053.185010 3286 1 21 match_stop - -
1615458053.207312 3352 1 21 match_stop - -
1615458053.217901 3759 1 21 match_stop - -
1615458053.222827 3210 1 21 match_stop - -
1615458053.265116 3263 1 21 match_stop - -
1615458053.305447 4442 1 21 match_stop - -
1615458053.317581 4493 1 21 match_stop - -
1615458053.325314 3891 1 21 match_stop - -
1615458053.333319 3261 1 21 match_stop - -
1615458053.345404 3840 1 21 match_stop - -
1615458053.361249 4415 1 21 match_stop - -
1615458053.368869 3428 1 21 match_stop - -
1615458053.375424 3501 1 21 match_stop - -
1615458053.412455 4433 1 21 match_stop - -
1615458053.441471 3766 1 21 match_stop - -
1615458053.466369 3890 1 21 match_stop - -
1615458053.468282 4551 1 21 match_stop - -
1615458053.472529 4463 1 21 match_stop - -
1615458053.478789 3481 1 21 match_stop - -
1615458053.487457 4645 1 21 match_stop - -
1615458053.508155 3451 1 21 match_stop - -
1615458053.518118 4060 1 21 match_stop - -
1615458053.526840 4048 1 21 match_stop - -
1615458053.528973 3946 1 21 match_stop - -
1615458053.530823 3291 1 21 match_stop - -
1615458053.532229 3908 1 21 match_stop - -
1615458053.565231 4486 1 21 match_stop - -
1615458053.578595 4638 1 21 match_stop - -
1615458053.601386 4663 1 21 match_stop - -
1615458053.606368 3906 1 21 match_stop - -
1615458053.608868 3294 1 21 match_stop - -
1615458053.613374 3465 1 21 match_stop - -
1615458053.635928 3919 1 21 match_stop - -
1615458053.638826 3778 1 21 match_stop - -
1615458053.647646 3788 1 21 match_stop - -
1615458053.659532 3822 1 21 match_stop - -
1615458053.664539 4627 1 21 match_stop - -
1615458053.675188 3398 1 21 match_stop - -
1615458053.679471 3793 1 21 match_stop - -
1615458053.683547 3213 1 21 match_stop - -
1615458053.689345 4653 1 21 match_stop - -
1615458053.696324 3939 1 21 match_stop - -
1615458053.703585 3395 1 21 match_stop - -
1615458053.705985 4451 1 21 match_stop - -
1615458053.711481 4608 1 21 match_stop - -
1615458053.717683 3864 1 21 match_stop - -
1615458053.719568 4497 1 21 match_stop - -
1615458053.731216 3768 1 21 match_stop - -
1615458053.745427 3708 1 21 match_stop - -
1615458053.750307 3521 1 21 match_stop - -
1615458053.760695 3273 1 21 match_stop - -
1615458053.805762 3981 1 21 match_stop - -
1615458053.809008 3301 1 21 match_stop - -
1615458053.823675 3934 1 21 match_stop - -
1615458053.825975 4474 1 21 match_stop - -
1615458053.826630 3949 1 21 match_stop - -
1615458053.836758 3825 1 21 match_stop - -
1615458053.841263 4102 1 21 match_stop - -
1615458053.861799 3780 1 21 match_stop - -
1615458053.866353 4619 1 21 match_stop - -
1615458053.869457 3826 1 21 match_stop - -
1615458053.876367 4674 1 21 match_stop - -
1615458053.883749 3577 1 21 match_stop - -
1615458053.889514 4715 1 21 match_stop - -
1615458053.904707 3858 1 21 match_stop - -
1615458053.906416 4543 1 21 match_stop - -
1615458053.930679 4585 1 21 match_stop - -
1615458053.935263 3811 1 21 match_stop - -
1615458053.955490 4617 1 21 match_stop - -
1615458053.956885 3912 1 21 match_stop - -
1615458053.957877 3446 1 21 match_stop - -
1615458053.965846 3877 1 21 match_stop - -
1615458053.985052 4730 1 21 match_stop - -
1615458053.994489 4576 1 21 match_stop - -
1615458053.995317 4507 1 21 match_stop - -
1615458053.996387 4618 1 21 match_stop - -
1615458054.006413 4546 1 21 match_stop - -
1615458054.012743 3477 1 21 match_stop - -
1615458054.013261 3754 1 21 match_stop - -
1615458054.027279 3506 1 21 match_stop - -
1615458054.042676 3820 1 21 match_stop - -
1615458054.065895 4670 1 21 match_stop - -
1615458054.069439 4502 1 21 match_stop - -
1615458054.082564 4533 1 21 match_stop - -
1615458054.082639 3551 1 21 match_stop - -
1615458054.085995 4034 1 21 match_stop - -
1615458054.093214 4623 1 21 match_stop - -
1615458054.143340 3941 1 21 match_stop - -
1615458054.178486 4651 1 21 match_stop - -
1615458054.188522 3472 1 21 match_stop - -
1615458054.194751 3985 1 21 match_stop - -
1615458054.203318 4568 1 21 match_stop - -
1615458054.207601 4610 1 21 match_stop - -
1615458054.208455 3885 1 21 match_stop - -
1615458054.208502 3995 1 21 match_stop - -
1615458054.211179 4650 1 21 match_stop - -
1615458054.240206 3944 1 21 match_stop - -
1615458054.246031 4542 1 21 match_stop - -
1615458054.273575 4745 1 21 match_stop - -
1615458054.280407 3803 1 21 match_stop - -
1615458054.302863 4523 1 21 match_stop - -
1615458054.305295 4038 1 21 match_stop - -
1615458054.311300 4741 1 21 match_stop - -
1615458054.312558 3795 1 21 match_stop - -
1615458054.335426 4664 1 21 match_stop - -
1615458054.373626 4698 1 21 match_stop - -
1615458054.376635 3393 1 21 match_stop - -
1615458054.386703 3796 1 21 match_stop - -
1615458054.407408 3747 1 21 match_stop - -
1615458054.441603 4114 1 21 match_stop - -
1615458054.527224 4195 1 21 match_stop - -
1615458054.532206 3603 1 21 match_stop - -
1615458054.559801 4613 1 21 match_stop - -
1615458054.563506 3494 1 21 match_stop - -
1615458054.576691 4010 1 21 match_stop - -
1615458054.583783 4594 1 21 match_stop - -
1615458054.622914 4700 1 21 match_stop - -
1615458054.630428 3313 1 21 match_stop - -
1615458054.637240 4025 1 21 match_stop - -
1615458054.641101 4078 1 21 match_stop - -
1615458054.668674 4115 1 21 match_stop - -
1615458054.685426 3971 1 21 match_stop - -
1615458054.731005 3951 1 21 match_stop - -
1615458054.742456 3583 1 21 match_stop - -
1615458054.743120 4714 1 21 match_stop - -
1615458054.779413 3786 1 21 match_stop - -
1615458054.787292 3834 1 21 match_stop - -
1615458054.798678 3511 1 21 match_stop - -
1615458054.799239 3955 1 21 match_stop - -
1615458054.815471 4108 1 21 match_stop - -
1615458054.818120 4743 1 21 match_stop - -
1615458054.822311 4017 1 21 match_stop - -
1615458054.831827 3764 1 21 match_stop - -
1615458054.835454 4081 1 21 match_stop - -
1615458054.836794 3567 1 21 match_stop - -
1615458054.837315 4037 1 21 match_stop - -
1615458054.849489 4117 1 21 match_stop - -
1615458054.849557 4707 1 21 match_stop - -
1615458054.856350 3440 1 21 match_stop - -
1615458054.858934 3285 1 21 match_stop - -
1615458054.892884 3953 1 21 match_stop - -
1615458054.893406 3999 1 21 match_stop - -
1615458054.899358 4120 1 21 match_stop - -
1615458054.899416 4123 1 21 match_stop - -
1615458054.911467 4849 1 21 match_stop - -
1615458054.915000 3929 1 21 match_stop - -
1615458054.917596 3543 1 21 match_stop - -
1615458054.932251 3258 1 21 match_stop - -
1615458054.955379 4667 1 21 match_stop - -
1615458055.008505 4151 1 21 match_stop - -
1615458055.008794 4830 1 21 match_stop - -
1615458055.009506 4061 1 21 match_stop - -
1615458055.031396 4146 1 21 match_stop - -
1615458055.032543 4740 1 21 match_stop - -
1615458055.035090 3868 1 21 match_stop - -
1615458055.040542 4762 1 21 match_stop - -
1615458055.047253 4695 1 21 match_stop - -
1615458055.064254 4749 1 21 match_stop - -
1615458055.077048 4160 1 21 match_stop - -
1615458055.089360 3382 1 21 match_stop - -
1615458055.097929 4640 1 21 match_stop - -
1615458055.101318 4863 1 21 match_stop - -
1615458055.111015 3341 1 21 match_stop - -
1615458055.118291 3605 1 21 match_stop - -
1615458055.123363 3346 1 21 match_stop - -
1615458055.175308 3909 1 21 match_stop - -
1615458055.233001 3896 1 21 match_stop - -
1615458055.245964 4153 1 21 match_stop - -
1615458055.246592 4828 1 21 match_stop - -
1615458055.250116 4851 1 21 match_stop - -
1615458055.250470 3553 1 21 match_stop - -
1615458055.262408 3491 1 21 match_stop - -
1615458055.274122 4717 1 21 match_stop - -
1615458055.315680 4067 1 21 match_stop - -
1615458055.318354 4870 1 21 match_stop - -
1615458055.320408 3672 1 21 match_stop - -
1615458055.322280 4895 1 21 match_stop - -
1615458055.334663 4184 1 21 match_stop - -
1615458055.339366 3844 1 21 match_stop - -
1615458055.342324 4150 1 21 match_stop - -
1615458055.350427 3625 1 21 match_stop - -
1615458055.354498 4087 1 21 match_stop - -
1615458055.358146 4872 1 21 match_stop - -
1615458055.359547 4744 1 21 match_stop - -
1615458055.368362 4030 1 21 match_stop - -
1615458055.368608 4218 1 21 match_stop - -
1615458055.378622 4043 1 21 match_stop - -
1615458055.379320 4920 1 21 match_stop - -
1615458055.380424 4850 1 21 match_stop - -
1615458055.380463 3674 1 21 match_stop - -
1615458055.383483 3601 1 21 match_stop - -
1615458055.391875 3880 1 21 match_stop - -
1615458055.396369 3414 1 21 match_stop - -
1615458055.404007 4913 1 21 match_stop - -
1615458055.406216 4154 1 21 match_stop - -
1615458055.410820 4152 1 21 match_stop - -
1615458055.454232 3571 1 21 match_stop - -
1615458055.515534 3564 1 21 match_stop - -
1615458055.523632 4785 1 21 match_stop - -
1615458055.538534 4163 1 21 match_stop - -
1615458055.549603 4781 1 21 match_stop - -
1615458055.555935 4812 1 21 match_stop - -
1615458055.588028 3954 1 21 match_stop - -
1615458055.596289 4736 1 21 match_stop - -
1615458055.611661 4095 1 21 match_stop - -
1615458055.615818 4197 1 21 match_stop - -
1615458055.633394 4788 1 21 match_stop - -
1615458055.647518 4159 1 21 match_stop - -
1615458055.660187 3643 1 21 match_stop - -
1615458055.667759 3002 1 21 match_stop - -
1615458055.676468 4706 1 21 match_stop - -
1615458055.690956 3227 1 21 match_stop - -
1615458055.723963 3701 1 21 match_stop - -
1615458055.732808 4036 1 21 match_stop - -
1615458055.748907 4104 1 21 match_stop - -
1615458055.781575 4308 1 21 match_stop - -
1615458055.782489 3957 1 21 match_stop - -
1615458055.792565 3319 1 21 match_stop - -
1615458055.795073 4175 1 21 match_stop - -
1615458055.839530 4173 1 21 match_stop - -
1615458055.854558 4119 1 21 match_stop - -
1615458055.861382 3992 1 21 match_stop - -
1615458055.885752 3932 1 21 match_stop - -
1615458055.893145 4858 1 21 match_stop - -
1615458055.894262 4144 1 21 match_stop - -
1615458055.917439 3320 1 21 match_stop - -
1615458055.918006 3815 1 21 match_stop - -
1615458055.960491 3928 1 21 match_stop - -
1615458055.960578 4414 1 21 match_stop - -
1615458055.969767 3457 1 21 match_stop - -
1615458055.976522 4983 1 21 match_stop - -
1615458055.978439 4912 1 21 match_stop - -
1615458055.989404 4116 1 21 match_stop - -
1615458055.993866 4938 1 21 match_stop - -
1615458056.005804 4774 1 21 match_stop - -
1615458056.050493 4255 1 21 match_stop - -
1615458056.052469 3372 1 21 match_stop - -
1615458056.059820 4909 1 21 match_stop - -
1615458056.065792 4424 1 21 match_stop - -
1615458056.073944 4143 1 21 match_stop - -
1615458056.075193 3447 1 21 match_stop - -
1615458056.083149 4793 1 21 match_stop - -
1615458056.096655 4900 1 21 match_stop - -
1615458056.098051 3639 1 21 match_stop - -
1615458056.111574 4967 1 21 match_stop - -
1615458056.118263 3504 1 21 match_stop - -
1615458056.128276 3586 1 21 match_stop - -
1615458056.133122 4228 1 21 match_stop - -
1615458056.139328 4312 1 21 match_stop - -
1615458056.141607 3576 1 21 match_stop - -
1615458056.144273 4213 1 21 match_stop - -
1615458056.147884 4165 1 21 match_stop - -
1615458056.171547 4251 1 21 match_stop - -
1615458056.173172 4868 1 21 match_stop - -
1615458056.174734 3476 1 21 match_stop - -
1615458056.175104 4852 1 21 match_stop - -
1615458056.186278 4933 1 21 match_stop - -
1615458056.189259 4118 1 21 match_stop - -
1615458056.193615 3687 1 21 match_stop - -
1615458056.197258 3630 1 21 match_stop - -
1615458056.210170 4775 1 21 match_stop - -
1615458056.227645 4865 1 21 match_stop - -
1615458056.230043 4778 1 21 match_stop - -
1615458056.282857 3580 1 21 match_stop - -
1615458056.294981 3554 1 21 match_stop - -
1615458056.308437 4200 1 21 match_stop - -
1615458056.328020 3336 1 21 match_stop - -
1615458056.330011 4300 1 21 match_stop - -
1615458056.335979 4292 1 21 match_stop - -
1615458056.343878 3228 1 21 match_stop - -
1615458056.373878 4526 1 21 match_stop - -
1615458056.374358 4814 1 21 match_stop - -
1615458056.376665 4056 1 21 match_stop - -
1615458056.426413 4261 1 21 match_stop - -
1615458056.432961 4911 1 21 match_stop - -
1615458056.438824 3536 1 21 match_stop - -
1615458056.455414 4155 1 21 match_stop - -
1615458056.476888 4068 1 21 match_stop - -
1615458056.486288 4368 1 21 match_stop - -
1615458056.488506 4093 1 21 match_stop - -
1615458056.490952 4869 1 21 match_stop - -
1615458056.499201 5028 1 21 match_stop - -
1615458056.502175 4992 1 21 match_stop - -
1615458056.510410 3599 1 21 match_stop - -
1615458056.519462 5044 1 21 match_stop - -
1615458056.529858 4071 1 21 match_stop - -
1615458056.544807 3550 1 21 match_stop - -
1615458056.554044 4258 1 21 match_stop - -
1615458056.563488 4818 1 21 match_stop - -
1615458056.570859 4326 1 21 match_stop - -
1615458056.598479 4249 1 21 match_stop - -
1615458056.601052 5004 1 21 match_stop - -
1615458056.601409 4271 1 21 match_stop - -
1615458056.669686 3396 1 21 match_stop - -
1615458056.682466 3684 1 21 match_stop - -
1615458056.697851 5003 1 21 match_stop - -
1615458056.707407 5046 1 21 match_stop - -
1615458056.754349 3308 1 21 match_stop - -
1615458056.771377 4492 1 21 match_stop - -
1615458056.773358 4993 1 21 match_stop - -
1615458056.777273 5089 1 21 match_stop - -
1615458056.779443 4011 1 21 match_stop - -
1615458056.797894 4328 1 21 match_stop - -
1615458056.873812 3246 1 21 match_stop - -
1615458056.881523 4874 1 21 match_stop - -
1615458056.885285 5064 1 21 match_stop - -
1615458056.887906 3421 1 21 match_stop - -
1615458056.907840 3492 1 21 match_stop - -
1615458056.913633 3741 1 21 match_stop - -
1615458056.913983 4452 1 21 match_stop - -
1615458056.929279 4558 1 21 match_stop - -
1615458056.929311 5104 1 21 match_stop - -
1615458056.947240 4873 1 21 match_stop - -
1615458056.974360 4338 1 21 match_stop - -
1615458056.992846 5041 1 21 match_stop - -
1615458056.996979 3641 1 21 match_stop - -
1615458057.009333 3660 1 21 match_stop - -
1615458057.030509 5083 1 21 match_stop - -
1615458057.043246 3710 1 21 match_stop - -
1615458057.052271 4389 1 21 match_stop - -
1615458057.052653 4020 1 21 match_stop - -
1615458057.058563 3500 1 21 match_stop - -
1615458057.063356 4489 1 21 match_stop - -
1615458057.078560 3723 1 21 match_stop - -
1615458057.081407 4976 1 21 match_stop - -
1615458057.083584 5117 1 21 match_stop - -
1615458057.084508 4516 1 21 match_stop - -
1615458057.108689 4907 1 21 match_stop - -
1615458057.112567 5034 1 21 match_stop - -
1615458057.138829 4204 1 21 match_stop - -
1615458057.151655 4239 1 21 match_stop - -
1615458057.153060 3711 1 21 match_stop - -
1615458057.153439 3377 1 21 match_stop - -
1615458057.177550 4295 1 21 match_stop - -
1615458057.187275 4279 1 21 match_stop - -
1615458057.208452 4484 1 21 match_stop - -
1615458057.210387 4369 1 21 match_stop - -
1615458057.223926 4483 1 21 match_stop - -
1615458057.270812 3364 1 21 match_stop - -
1615458057.275961 4260 1 21 match_stop - -
1615458057.294589 4974 1 21 match_stop - -
1615458057.296722 4330 1 21 match_stop - -
1615458057.305318 5116 1 21 match_stop - -
1615458057.316007 4306 1 21 match_stop - -
1615458057.316780 5043 1 21 match_stop - -
1615458057.323397 4355 1 21 match_stop - -
1615458057.337145 3489 1 21 match_stop - -
1615458057.343702 5139 1 21 match_stop - -
1615458057.351824 4280 1 21 match_stop - -
1615458057.352523 3804 1 21 match_stop - -
1615458057.370812 4540 1 21 match_stop - -
1615458057.395382 4981 1 21 match_stop - -
1615458057.395791 4277 1 21 match_stop - -
1615458057.410362 4411 1 21 match_stop - -
1615458057.464612 3806 1 21 match_stop - -
1615458057.502459 5146 1 21 match_stop - -
1615458057.525675 4970 1 21 match_stop - -
1615458057.537079 5192 1 21 match_stop - -
1615458057.545617 4406 1 21 match_stop - -
1615458057.560860 3863 1 21 match_stop - -
1615458057.561526 4435 1 21 match_stop - -
1615458057.564729 5185 1 21 match_stop - -
1615458057.573198 4345 1 21 match_stop - -
1615458057.581883 4428 1 21 match_stop - -
1615458057.585554 4430 1 21 match_stop - -
1615458057.589146 4975 1 21 match_stop - -
1615458057.589696 3434 1 21 match_stop - -
1615458057.603311 3644 1 21 match_stop - -
1615458057.605199 5087 1 21 match_stop - -
1615458057.606205 4257 1 21 match_stop - -
1615458057.614494 3626 1 21 match_stop - -
1615458057.615336 4240 1 21 match_stop - -
1615458057.627268 3681 1 21 match_stop - -
1615458057.627786 5027 1 21 match_stop - -
1615458057.632614 3728 1 21 match_stop - -
1615458057.636229 5068 1 21 match_stop - -
1615458057.649134 4958 1 21 match_stop - -
1615458057.651439 5184 1 21 match_stop - -
1615458057.659926 3748 1 21 match_stop - -
1615458057.673256 4181 1 21 match_stop - -
1615458057.678418 4520 1 21 match_stop - -
1615458057.682361 4648 1 21 match_stop - -
1615458057.685044 4219 1 21 match_stop - -
1615458057.697840 3453 1 21 match_stop - -
1615458057.714250 3600 1 21 match_stop - -
1615458057.730904 3692 1 21 match_stop - -
1615458057.762713 3594 1 21 match_stop - -
1615458057.776201 3668 1 21 match_stop - -
1615458057.783153 4412 1 21 match_stop - -
1615458057.848816 5215 1 21 match_stop - -
1615458057.849123 4450 1 21 match_stop - -
1615458057.879053 5190 1 21 match_stop - -
1615458057.885719 3634 1 21 match_stop - -
1615458057.905298 5029 1 21 match_stop - -
1615458057.919458 4999 1 21 match_stop - -
1615458057.922627 4505 1 21 match_stop - -
1615458057.939416 5170 1 21 match_stop - -
1615458057.944027 4413 1 21 match_stop - -
1615458057.944568 4553 1 21 match_stop - -
1615458057.946321 5221 1 21 match_stop - -
1615458057.963262 3631 1 21 match_stop - -
1615458057.966017 3915 1 21 match_stop - -
1615458057.974202 3761 1 21 match_stop - -
1615458057.983700 4459 1 21 match_stop - -
1615458057.987044 5182 1 21 match_stop - -
1615458057.999505 5001 1 21 match_stop - -
1615458058.009175 3608 1 21 match_stop - -
1615458058.041332 4544 1 21 match_stop - -
1615458058.059943 4293 1 21 match_stop - -
1615458058.066187 4535 1 21 match_stop - -
1615458058.132017 5124 1 21 match_stop - -
1615458058.154192 5031 1 21 match_stop - -
1615458058.198543 3918 1 21 match_stop - -
1615458058.208658 5074 1 21 match_stop - -
1615458058.232582 3787 1 21 match_stop - -
1615458058.279427 3763 1 21 match_stop - -
1615458058.325507 4302 1 21 match_stop - -
1615458058.337423 4468 1 21 match_stop - -
1615458058.346495 5214 1 21 match_stop - -
1615458058.364420 5111 1 21 match_stop - -
1615458058.385643 5141 1 21 match_stop - -
1615458058.452228 3812 1 21 match_stop - -
1615458058.452913 4531 1 21 match_stop - -
1615458058.461015 3485 1 21 match_stop - -
1615458058.539522 4510 1 21 match_stop - -
1615458058.548127 4391 1 21 match_stop - -
1615458058.548446 5158 1 21 match_stop - -
1615458058.553331 4420 1 21 match_stop - -
1615458058.554441 3974 1 21 match_stop - -
1615458058.584456 5327 1 21 match_stop - -
1615458058.586800 4307 1 21 match_stop - -
1615458058.587129 5107 1 21 match_stop - -
1615458058.595415 5204 1 21 match_stop - -
1615458058.607398 3978 1 21 match_stop - -
1615458058.608746 5268 1 21 match_stop - -
1615458058.616946 3573 1 21 match_stop - -
1615458058.632101 4575 1 21 match_stop - -
1615458058.652634 5224 1 21 match_stop - -
1615458058.657397 3871 1 21 match_stop - -
1615458058.659837 5340 1 21 match_stop - -
1615458058.678357 5220 1 21 match_stop - -
1615458058.720287 4408 1 21 match_stop - -
1615458058.759917 5109 1 21 match_stop - -
1615458058.770354 5144 1 21 match_stop - -
1615458058.774029 3547 1 21 match_stop - -
1615458058.777074 4432 1 21 match_stop - -
1615458058.780668 4169 1 21 match_stop - -
1615458058.784665 5110 1 21 match_stop - -
1615458058.785648 4696 1 21 match_stop - -
1615458058.791065 4527 1 21 match_stop - -
1615458058.809389 5226 1 21 match_stop - -
1615458058.812710 4687 1 21 match_stop - -
1615458058.860175 4656 1 21 match_stop - -
1615458058.867469 5343 1 21 match_stop - -
1615458058.883526 3965 1 21 match_stop - -
1615458058.883737 4267 1 21 match_stop - -
1615458058.928092 5261 1 21 match_stop - -
1615458058.932438 4232 1 21 match_stop - -
1615458058.932619 3419 1 21 match_stop - -
1615458059.020023 5309 1 21 match_stop - -
1615458059.028075 4556 1 21 match_stop - -
1615458059.028859 4603 1 21 match_stop - -
1615458059.029578 5380 1 21 match_stop - -
1615458059.030718 4266 1 21 match_stop - -
1615458059.034477 3987 1 21 match_stop - -
1615458059.035480 5217 1 21 match_stop - -
1615458059.038158 5181 1 21 match_stop - -
1615458059.043951 5312 1 21 match_stop - -
1615458059.044552 4472 1 21 match_stop - -
1615458059.052745 3649 1 21 match_stop - -
1615458059.073317 4478 1 21 match_stop - -
1615458059.083695 5319 1 21 match_stop - -
1615458059.085286 5242 1 21 match_stop - -
1615458059.111335 3709 1 21 match_stop - -
1615458059.135317 4581 1 21 match_stop - -
1615458059.180225 4235 1 21 match_stop - -
1615458059.186933 3767 1 21 match_stop - -
1615458059.196013 4564 1 21 match_stop - -
1615458059.205663 4470 1 21 match_stop - -
1615458059.235885 3799 1 21 match_stop - -
1615458059.256180 5328 1 21 match_stop - -
1615458059.257050 4469 1 21 match_stop - -
1615458059.262059 3469 1 21 match_stop - -
1615458059.266937 4673 1 21 match_stop - -
1615458059.270273 5385 1 21 match_stop - -
1615458059.271660 4477 1 21 match_stop - -
1615458059.278374 4555 1 21 match_stop - -
1615458059.343705 3755 1 21 match_stop - -
1615458059.348335 4629 1 21 match_stop - -
1615458059.363685 4517 1 21 match_stop - -
1615458059.368536 3753 1 21 match_stop - -
1615458059.369739 5195 1 21 match_stop - -
1615458059.385371 4577 1 21 match_stop - -
1615458059.390868 4449 1 21 match_stop - -
1615458059.407797 5196 1 21 match_stop - -
1615458059.412627 5260 1 21 match_stop - -
1615458059.426905 3920 1 21 match_stop - -
1615458059.427162 4609 1 21 match_stop - -
1615458059.433958 3794 1 21 match_stop - -
1615458059.444878 4455 1 21 match_stop - -
1615458059.451442 5399 1 21 match_stop - -
1615458059.457365 5232 1 21 match_stop - -
1615458059.468618 5247 1 21 match_stop - -
1615458059.486810 3839 1 21 match_stop - -
1615458059.497021 4427 1 21 match_stop - -
1615458059.498891 5266 1 21 match_stop - -
1615458059.510923 3621 1 21 match_stop - -
1615458059.520109 4496 1 21 match_stop - -
1615458059.543473 5362 1 21 match_stop - -
1615458059.554434 3958 1 21 match_stop - -
1615458059.561523 5229 1 21 match_stop - -
1615458059.579086 4528 1 21 match_stop - -
1615458059.598458 4769 1 21 match_stop - -
1615458059.603408 5296 1 21 match_stop - -
1615458059.621397 3693 1 21 match_stop - -
1615458059.641230 4761 1 21 match_stop - -
1615458059.662358 5301 1 21 match_stop - -
1615458059.666514 5396 1 21 match_stop - -
1615458059.669105 3749 1 21 match_stop - -
1615458059.676615 5289 1 21 match_stop - -
1615458059.680536 5293 1 21 match_stop - -
1615458059.692408 4590 1 21 match_stop - -
1615458059.694473 4495 1 21 match_stop - -
1615458059.694874 4334 1 21 match_stop - -
1615458059.698480 4587 1 21 match_stop - -
1615458059.699213 4002 1 21 match_stop - -
1615458059.701201 4511 1 21 match_stop - -
1615458059.707168 4529 1 21 match_stop - -
1615458059.733843 4713 1 21 match_stop - -
1615458059.742285 5249 1 21 match_stop - -
1615458059.744167 5419 1 21 match_stop - -
1615458059.745706 3790 1 21 match_stop - -
1615458059.746087 4291 1 21 match_stop - -
1615458059.756892 5325 1 21 match_stop - -
1615458059.789921 4755 1 21 match_stop - -
1615458059.811084 3792 1 21 match_stop - -
1615458059.811802 4571 1 21 match_stop - -
1615458059.887422 3704 1 21 match_stop - -
1615458059.887712 4683 1 21 match_stop - -
1615458059.906902 4724 1 21 match_stop - -
1615458059.927242 5341 1 21 match_stop - -
1615458059.985391 3508 1 21 match_stop - -
1615458060.023025 4325 1 21 match_stop - -
1615458060.039626 3851 1 21 match_stop - -
1615458060.084356 5334 1 21 match_stop - -
1615458060.085462 4518 1 21 match_stop - -
1615458060.087410 4649 1 21 match_stop - -
1615458060.089866 3773 1 21 match_stop - -
1615458060.153347 4601 1 21 match_stop - -
1615458060.161985 4681 1 21 match_stop - -
1615458060.211193 4701 1 21 match_stop - -
1615458060.214360 5445 1 21 match_stop - -
1615458060.218729 4539 1 21 match_stop - -
1615458060.226758 4757 1 21 match_stop - -
1615458060.246678 4612 1 21 match_stop - -
1615458060.253365 3873 1 21 match_stop - -
1615458060.267469 4641 1 21 match_stop - -
1615458060.288509 5479 1 21 match_stop - -
1615458060.301477 4632 1 21 match_stop - -
1615458060.325465 4130 1 21 match_stop - -
1615458060.397033 5442 1 21 match_stop - -
1615458060.410562 4719 1 21 match_stop - -
1615458060.412220 5383 1 21 match_stop - -
1615458060.417457 4642 1 21 match_stop - -
1615458060.426827 4901 1 21 match_stop - -
1615458060.437134 5390 1 21 match_stop - -
1615458060.441559 4508 1 21 match_stop - -
1615458060.455709 4914 1 21 match_stop - -
1615458060.458545 3998 1 21 match_stop - -
1615458060.518413 4705 1 21 match_stop - -
1615458060.526499 5317 1 21 match_stop - -
1615458060.543459 5482 1 21 match_stop - -
1615458060.572671 4760 1 21 match_stop - -
1615458060.605922 5344 1 21 match_stop - -
1615458060.613967 4647 1 21 match_stop - -
1615458060.656442 3959 1 21 match_stop - -
1615458060.665760 4680 1 21 match_stop - -
1615458060.669678 3779 1 21 match_stop - -
1615458060.670215 5391 1 21 match_stop - -
1615458060.685031 4809 1 21 match_stop - -
1615458060.728022 4054 1 21 match_stop - -
1615458060.731635 4821 1 21 match_stop - -
1615458060.738248 4661 1 21 match_stop - -
1615458060.772475 4803 1 21 match_stop - -
1615458060.782711 4644 1 21 match_stop - -
1615458060.792298 4718 1 21 match_stop - -
1615458060.793915 5511 1 21 match_stop - -
1615458060.809451 3760 1 21 match_stop - -
1615458060.824411 5564 1 21 match_stop - -
1615458060.846505 4021 1 21 match_stop - -
1615458060.851800 4861 1 21 match_stop - -
1615458060.856409 5524 1 21 match_stop - -
1615458060.860795 4860 1 21 match_stop - -
1615458060.909317 4090 1 21 match_stop - -
1615458060.911547 3509 1 21 match_stop - -
1615458060.912830 5440 1 21 match_stop - -
1615458060.942546 5520 1 21 match_stop - -
1615458060.963542 4797 1 21 match_stop - -
1615458060.971746 5535 1 21 match_stop - -
1615458061.075115 4057 1 21 match_stop - -
1615458061.087494 4652 1 21 match_stop - -
1615458061.107086 4890 1 21 match_stop - -
1615458061.150845 4636 1 21 match_stop - -
1615458061.152784 4783 1 21 match_stop - -
1615458061.160034 5428 1 21 match_stop - -
1615458061.160490 4801 1 21 match_stop - -
1615458061.211467 4161 1 21 match_stop - -
1615458061.214759 3963 1 21 match_stop - -
1615458061.223509 5533 1 21 match_stop - -
1615458061.238309 3829 1 21 match_stop - -
1615458061.246213 5522 1 21 match_stop - -
1615458061.253979 4795 1 21 match_stop - -
1615458061.294191 4720 1 21 match_stop - -
1615458061.312709 5006 1 21 match_stop - -
1615458061.328612 4988 1 21 match_stop - -
1615458061.406543 4605 1 21 match_stop - -
1615458061.423546 5492 1 21 match_stop - -
1615458061.490406 4324 1 21 match_stop - -
1615458061.502493 4824 1 21 match_stop - -
1615458061.510061 3503 1 21 match_stop - -
1615458061.535459 5058 1 21 match_stop - -
1615458061.541008 4082 1 21 match_stop - -
1615458061.553984 3535 1 21 match_stop - -
1615458061.580898 4438 1 21 match_stop - -
1615458061.594165 3962 1 21 match_stop - -
1615458061.604835 5598 1 21 match_stop - -
1615458061.604991 5544 1 21 match_stop - -
1615458061.615311 5012 1 21 match_stop - -
1615458061.624265 4019 1 21 match_stop - -
1615458061.626227 5565 1 21 match_stop - -
1615458061.628281 4786 1 21 match_stop - -
1615458061.628769 4080 1 21 match_stop - -
1615458061.630151 4834 1 21 match_stop - -
1615458061.630713 3956 1 21 match_stop - -
1615458061.645786 4747 1 21 match_stop - -
1615458061.646522 4129 1 21 match_stop - -
1615458061.666305 4940 1 21 match_stop - -
1615458061.682460 5583 1 21 match_stop - -
1615458061.689803 4121 1 21 match_stop - -
1615458061.707377 4085 1 21 match_stop - -
1615458061.708692 5481 1 21 match_stop - -
1615458061.710518 5612 1 21 match_stop - -
1615458061.711310 4766 1 21 match_stop - -
1615458061.711686 4216 1 21 match_stop - -
1615458061.712620 4726 1 21 match_stop - -
1615458061.726397 4891 1 21 match_stop - -
1615458061.726616 4485 1 21 match_stop - -
1615458061.758081 4862 1 21 match_stop - -
1615458061.775328 4709 1 21 match_stop - -
1615458061.780978 4008 1 21 match_stop - -
1615458061.802353 3940 1 21 match_stop - -
1615458061.831093 4396 1 21 match_stop - -
1615458061.891541 5137 1 21 match_stop - -
1615458061.938279 3602 1 21 match_stop - -
1615458061.974317 5108 1 21 match_stop - -
1615458061.990199 4883 1 21 match_stop - -
1615458062.003034 5021 1 21 match_stop - -
1615458062.004392 4810 1 21 match_stop - -
1615458062.005645 4711 1 21 match_stop - -
1615458062.019577 5015 1 21 match_stop - -
1615458062.024131 4904 1 21 match_stop - -
1615458062.032082 4879 1 21 match_stop - -
1615458062.035125 4802 1 21 match_stop - -
1615458062.037145 5586 1 21 match_stop - -
1615458062.056288 5543 1 21 match_stop - -
1615458062.064796 5500 1 21 match_stop - -
1615458062.067994 5679 1 21 match_stop - -
1615458062.069411 4751 1 21 match_stop - -
1615458062.069736 4525 1 21 match_stop - -
1615458062.071379 5098 1 21 match_stop - -
1615458062.096476 4202 1 21 match_stop - -
1615458062.102523 4273 1 21 match_stop - -
1615458062.109739 4098 1 21 match_stop - -
1615458062.161449 4274 1 21 match_stop - -
1615458062.161724 5686 1 21 match_stop - -
1615458062.233533 5045 1 21 match_stop - -
1615458062.241787 5699 1 21 match_stop - -
1615458062.241886 4569 1 21 match_stop - -
1615458062.273563 5722 1 21 match_stop - -
1615458062.290519 4964 1 21 match_stop - -
1615458062.309823 5065 1 21 match_stop - -
1615458062.310032 4939 1 21 match_stop - -
1615458062.379058 5036 1 21 match_stop - -
1615458062.390273 5732 1 21 match_stop - -
1615458062.394244 4950 1 21 match_stop - -
1615458062.402375 4902 1 21 match_stop - -
1615458062.427938 4329 1 21 match_stop - -
1615458062.439503 3685 1 21 match_stop - -
1615458062.439865 4878 1 21 match_stop - -
1615458062.521474 5729 1 21 match_stop - -
1615458062.529704 4142 1 21 match_stop - -
1615458062.547463 5153 1 21 match_stop - -
1615458062.552805 4372 1 21 match_stop - -
1615458062.560302 5752 1 21 match_stop - -
1615458062.578367 5105 1 21 match_stop - -
1615458062.599129 4777 1 21 match_stop - -
1615458062.611148 4182 1 21 match_stop - -
1615458062.631441 3633 1 21 match_stop - -
1615458062.660463 5203 1 21 match_stop - -
1615458062.683671 4374 1 21 match_stop - -
1615458062.690272 4445 1 21 match_stop - -
1615458062.690894 4096 1 21 match_stop - -
1615458062.692129 5050 1 21 match_stop - -
1615458062.693067 4936 1 21 match_stop - -
1615458062.701496 5788 1 21 match_stop - -
1615458062.712204 5078 1 21 match_stop - -
1615458062.723130 5749 1 21 match_stop - -
1615458062.782372 4382 1 21 match_stop - -
1615458062.793641 4208 1 21 match_stop - -
1615458062.799364 5745 1 21 match_stop - -
1615458062.813531 4322 1 21 match_stop - -
1615458062.822575 5669 1 21 match_stop - -
1615458062.823697 3736 1 21 match_stop - -
1615458062.855857 4366 1 21 match_stop - -
1615458062.881512 5097 1 21 match_stop - -
1615458062.883453 5310 1 21 match_stop - -
1615458062.897622 5804 1 21 match_stop - -
1615458062.917695 4947 1 21 match_stop - -
1615458062.922889 5755 1 21 match_stop - -
1615458062.928500 5149 1 21 match_stop - -
1615458062.929312 4934 1 21 match_stop - -
1615458062.932015 4805 1 21 match_stop - -
1615458062.939422 4598 1 21 match_stop - -
1615458062.942959 5297 1 21 match_stop - -
1615458062.950501 4816 1 21 match_stop - -
1615458062.951130 5821 1 21 match_stop - -
1615458062.954695 5688 1 21 match_stop - -
1615458062.968459 4894 1 21 match_stop - -
1615458062.984426 5054 1 21 match_stop - -
1615458062.987257 5163 1 21 match_stop - -
1615458063.000306 5701 1 21 match_stop - -
1615458063.009043 4207 1 21 match_stop - -
1615458063.012224 4997 1 21 match_stop - -
1615458063.021460 5684 1 21 match_stop - -
1615458063.025175 4910 1 21 match_stop - -
1615458063.034749 5725 1 21 match_stop - -
1615458063.039584 4190 1 21 match_stop - -
1615458063.041712 5000 1 21 match_stop - -
1615458063.042160 5007 1 21 match_stop - -
1615458063.055580 4971 1 21 match_stop - -
1615458063.060537 4896 1 21 match_stop - -
1615458063.070404 4847 1 21 match_stop - -
1615458063.070655 5819 1 21 match_stop - -
1615458063.082620 5757 1 21 match_stop - -
1615458063.104869 4990 1 21 match_stop - -
1615458063.109600 4284 1 21 match_stop - -
1615458063.137525 5291 1 21 match_stop - -
1615458063.154435 4094 1 21 match_stop - -
1615458063.165012 5810 1 21 match_stop - -
1615458063.178051 5642 1 21 match_stop - -
1615458063.187397 4946 1 21 match_stop - -
1615458063.206697 5188 1 21 match_stop - -
1615458063.207592 3857 1 21 match_stop - -
1615458063.220523 5674 1 21 match_stop - -
1615458063.228533 4281 1 21 match_stop - -
1615458063.248615 5053 1 21 match_stop - -
1615458063.249535 5814 1 21 match_stop - -
1615458063.258656 5841 1 21 match_stop - -
1615458063.271873 4283 1 21 match_stop - -
1615458063.303316 5721 1 21 match_stop - -
1615458063.315329 4987 1 21 match_stop - -
1615458063.350571 5801 1 21 match_stop - -
1615458063.351221 5095 1 21 match_stop - -
1615458063.359664 5762 1 21 match_stop - -
1615458063.364091 5805 1 21 match_stop - -
1615458063.367759 5114 1 21 match_stop - -
1615458063.376250 5403 1 21 match_stop - -
1615458063.396726 5668 1 21 match_stop - -
1615458063.399471 5052 1 21 match_stop - -
1615458063.414344 5048 1 21 match_stop - -
1615458063.417744 5211 1 21 match_stop - -
1615458063.421294 5197 1 21 match_stop - -
1615458063.434537 4965 1 21 match_stop - -
1615458063.437852 5763 1 21 match_stop - -
1615458063.447493 4394 1 21 match_stop - -
1615458063.453809 5161 1 21 match_stop - -
1615458063.458548 4234 1 21 match_stop - -
1615458063.458691 4866 1 21 match_stop - -
1615458063.468456 5666 1 21 match_stop - -
1615458063.470441 5842 1 21 match_stop - -
1615458063.470875 5750 1 21 match_stop - -
1615458063.478627 4388 1 21 match_stop - -
1615458063.482184 4133 1 21 match_stop - -
1615458063.568433 4998 1 21 match_stop - -
1615458063.595853 3947 1 21 match_stop - -
1615458063.634351 5434 1 21 match_stop - -
1615458063.642866 5740 1 21 match_stop - -
1615458063.643747 5691 1 21 match_stop - -
1615458063.698385 4524 1 21 match_stop - -
1615458063.720107 5148 1 21 match_stop - -
1615458063.757557 5055 1 21 match_stop - -
1615458063.770636 5806 1 21 match_stop - -
1615458063.771297 4688 1 21 match_stop - -
1615458063.778382 5346 1 21 match_stop - -
1615458063.785353 3872 1 21 match_stop - -
1615458063.788608 5212 1 21 match_stop - -
1615458063.795502 5818 1 21 match_stop - -
1615458063.803606 5747 1 21 match_stop - -
1615458063.808378 4961 1 21 match_stop - -
1615458063.826698 3715 1 21 match_stop - -
1615458063.830979 5131 1 21 match_stop - -
1615458063.836475 4403 1 21 match_stop - -
1615458063.838404 4923 1 21 match_stop - -
1615458063.844366 5370 1 21 match_stop - -
1615458063.862480 4689 1 21 match_stop - -
1615458063.885325 4446 1 21 match_stop - -
1615458063.908083 4367 1 21 match_stop - -
1615458063.961336 5193 1 21 match_stop - -
1615458064.010451 5485 1 21 match_stop - -
1615458064.033384 5348 1 21 match_stop - -
1615458064.038712 5228 1 21 match_stop - -
1615458064.054831 4620 1 21 match_stop - -
1615458064.062442 5766 1 21 match_stop - -
1615458064.072027 4286 1 21 match_stop - -
1615458064.117436 5860 1 21 match_stop - -
1615458064.121851 4690 1 21 match_stop - -
1615458064.167921 5938 1 21 match_stop - -
1615458064.170630 4363 1 21 match_stop - -
1615458064.171128 5005 1 21 match_stop - -
1615458064.173579 5878 1 21 match_stop - -
1615458064.186228 5265 1 21 match_stop - -
1615458064.195807 5200 1 21 match_stop - -
1615458064.204450 5198 1 21 match_stop - -
1615458064.209603 5257 1 21 match_stop - -
1615458064.222346 4989 1 21 match_stop - -
1615458064.226958 5278 1 21 match_stop - -
1615458064.237394 4006 1 21 match_stop - -
1615458064.241803 4595 1 21 match_stop - -
1615458064.262442 6005 1 21 match_stop - -
1615458064.264229 5937 1 21 match_stop - -
1615458064.265069 5855 1 21 match_stop - -
1615458064.273118 5760 1 21 match_stop - -
1615458064.279060 4499 1 21 match_stop - -
1615458064.286642 5335 1 21 match_stop - -
1615458064.309477 5292 1 21 match_stop - -
1615458064.325478 6007 1 21 match_stop - -
1615458064.338134 4593 1 21 match_stop - -
1615458064.341844 4409 1 21 match_stop - -
1615458064.356778 5253 1 21 match_stop - -
1615458064.393415 6030 1 21 match_stop - -
1615458064.404592 4288 1 21 match_stop - -
1615458064.413164 4633 1 21 match_stop - -
1615458064.438989 4738 1 21 match_stop - -
1615458064.459127 5988 1 21 match_stop - -
1615458064.496096 5901 1 21 match_stop - -
1615458064.516964 5791 1 21 match_stop - -
1615458064.526495 5243 1 21 match_stop - -
1615458064.533342 3979 1 21 match_stop - -
1615458064.551782 5815 1 21 match_stop - -
1615458064.553429 5925 1 21 match_stop - -
1615458064.572063 5999 1 21 match_stop - -
1615458064.584851 5194 1 21 match_stop - -
1615458064.588761 4607 1 21 match_stop - -
1615458064.599775 5499 1 21 match_stop - -
1615458064.608063 5504 1 21 match_stop - -
1615458064.609715 5971 1 21 match_stop - -
1615458064.615100 4236 1 21 match_stop - -
1615458064.616501 3645 1 21 match_stop - -
1615458064.618529 4754 1 21 match_stop - -
1615458064.632801 5371 1 21 match_stop - -
1615458064.634141 5913 1 21 match_stop - -
1615458064.643072 5189 1 21 match_stop - -
1615458064.645811 4453 1 21 match_stop - -
1615458064.658378 5115 1 21 match_stop - -
1615458064.658581 6014 1 21 match_stop - -
1615458064.665308 5537 1 21 match_stop - -
1615458064.682653 5979 1 21 match_stop - -
1615458064.696643 3651 1 21 match_stop - -
1615458064.699606 5912 1 21 match_stop - -
1615458064.699887 5384 1 21 match_stop - -
1615458064.704816 5202 1 21 match_stop - -
1615458064.718448 4031 1 21 match_stop - -
1615458064.718519 6052 1 21 match_stop - -
1615458064.725439 4819 1 21 match_stop - -
1615458064.726856 6066 1 21 match_stop - -
1615458064.728810 5300 1 21 match_stop - -
1615458064.747226 4512 1 21 match_stop - -
1615458064.754809 5259 1 21 match_stop - -
1615458064.845068 4941 1 21 match_stop - -
1615458064.866299 4677 1 21 match_stop - -
1615458064.893086 3821 1 21 match_stop - -
1615458064.893628 5443 1 21 match_stop - -
1615458064.895250 5983 1 21 match_stop - -
1615458064.896449 6034 1 21 match_stop - -
1615458064.927677 5539 1 21 match_stop - -
1615458064.928601 5450 1 21 match_stop - -
1615458064.931438 5849 1 21 match_stop - -
1615458064.935133 5057 1 21 match_stop - -
1615458064.970549 5541 1 21 match_stop - -
1615458064.974394 5283 1 21 match_stop - -
1615458064.990985 4759 1 21 match_stop - -
1615458064.998230 5891 1 21 match_stop - -
1615458064.998549 5549 1 21 match_stop - -
1615458065.012810 6032 1 21 match_stop - -
1615458065.020317 4937 1 21 match_stop - -
1615458065.028475 5389 1 21 match_stop - -
1615458065.033560 5336 1 21 match_stop - -
1615458065.070108 5209 1 21 match_stop - -
1615458065.080402 5883 1 21 match_stop - -
1615458065.092947 6017 1 21 match_stop - -
1615458065.097379 5269 1 21 match_stop - -
1615458065.102410 5218 1 21 match_stop - -
1615458065.102943 5258 1 21 match_stop - -
1615458065.104868 4798 1 21 match_stop - -
1615458065.107952 6076 1 21 match_stop - -
1615458065.166517 5235 1 21 match_stop - -
1615458065.168554 4635 1 21 match_stop - -
1615458065.186594 6078 1 21 match_stop - -
1615458065.189525 5405 1 21 match_stop - -
1615458065.202311 5210 1 21 match_stop - -
1615458065.227657 5992 1 21 match_stop - -
1615458065.230030 6031 1 21 match_stop - -
1615458065.232433 5502 1 21 match_stop - -
1615458065.235674 6071 1 21 match_stop - -
1615458065.242151 4229 1 21 match_stop - -
1615458065.246265 3731 1 21 match_stop - -
1615458065.247089 4880 1 21 match_stop - -
1615458065.273142 5898 1 21 match_stop - -
1615458065.293432 3735 1 21 match_stop - -
1615458065.300357 5894 1 21 match_stop - -
1615458065.389819 5374 1 21 match_stop - -
1615458065.391921 3698 1 21 match_stop - -
1615458065.400250 5286 1 21 match_stop - -
1615458065.409657 5284 1 21 match_stop - -
1615458065.414914 5498 1 21 match_stop - -
1615458065.417276 6049 1 21 match_stop - -
1615458065.449862 5244 1 21 match_stop - -
1615458065.453655 6033 1 21 match_stop - -
1615458065.454432 6074 1 21 match_stop - -
1615458065.494442 5392 1 21 match_stop - -
1615458065.499602 6121 1 21 match_stop - -
1615458065.519821 5581 1 21 match_stop - -
1615458065.537054 5626 1 21 match_stop - -
1615458065.539516 5456 1 21 match_stop - -
1615458065.549219 4655 1 21 match_stop - -
1615458065.560320 6124 1 21 match_stop - -
1615458065.565208 5281 1 21 match_stop - -
1615458065.629221 5368 1 21 match_stop - -
1615458065.636592 5175 1 21 match_stop - -
1615458065.645338 5475 1 21 match_stop - -
1615458065.662972 4916 1 21 match_stop - -
1615458065.674799 6039 1 21 match_stop - -
1615458065.676629 6167 1 21 match_stop - -
1615458065.686415 4770 1 21 match_stop - -
1615458065.689529 5991 1 21 match_stop - -
1615458065.735247 6150 1 21 match_stop - -
1615458065.741568 5439 1 21 match_stop - -
1615458065.745657 5472 1 21 match_stop - -
1615458065.749153 6163 1 21 match_stop - -
1615458065.764291 5560 1 21 match_stop - -
1615458065.773218 6168 1 21 match_stop - -
1615458065.778616 6022 1 21 match_stop - -
1615458065.779581 5285 1 21 match_stop - -
1615458065.785210 4957 1 21 match_stop - -
1615458065.809727 5361 1 21 match_stop - -
1615458065.842483 4800 1 21 match_stop - -
1615458065.863287 5416 1 21 match_stop - -
1615458065.929291 6179 1 21 match_stop - -
1615458065.930120 4768 1 21 match_stop - -
1615458065.952670 4628 1 21 match_stop - -
1615458065.990834 4614 1 21 match_stop - -
1615458066.019490 5118 1 21 match_stop - -
1615458066.022819 6153 1 21 match_stop - -
1615458066.032038 4886 1 21 match_stop - -
1615458066.084504 4582 1 21 match_stop - -
1615458066.129904 5638 1 21 match_stop - -
1615458066.163277 5410 1 21 match_stop - -
1615458066.169625 6222 1 21 match_stop - -
1615458066.222716 5444 1 21 match_stop - -
1615458066.231396 4172 1 21 match_stop - -
1615458066.266016 4727 1 21 match_stop - -
1615458066.271655 5459 1 21 match_stop - -
1615458066.271969 5514 1 21 match_stop - -
1615458066.278571 6229 1 21 match_stop - -
1615458066.285711 4813 1 21 match_stop - -
1615458066.297839 6211 1 21 match_stop - -
1615458066.298582 5650 1 21 match_stop - -
1615458066.305277 4767 1 21 match_stop - -
1615458066.308271 5469 1 21 match_stop - -
1615458066.336809 4771 1 21 match_stop - -
1615458066.338669 4943 1 21 match_stop - -
1615458066.380007 5412 1 21 match_stop - -
1615458066.383392 5521 1 21 match_stop - -
1615458066.389372 5577 1 21 match_stop - -
1615458066.394366 6072 1 21 match_stop - -
1615458066.402345 4537 1 21 match_stop - -
1615458066.415403 5647 1 21 match_stop - -
1615458066.417811 6185 1 21 match_stop - -
1615458066.469255 4127 1 21 match_stop - -
1615458066.476050 5530 1 21 match_stop - -
1615458066.497365 6235 1 21 match_stop - -
1615458066.511003 5501 1 21 match_stop - -
1615458066.515306 6198 1 21 match_stop - -
1615458066.548889 5303 1 21 match_stop - -
1615458066.557738 6242 1 21 match_stop - -
1615458066.558580 6105 1 21 match_stop - -
1615458066.569603 5531 1 21 match_stop - -
1615458066.585998 4877 1 21 match_stop - -
1615458066.630542 5659 1 21 match_stop - -
1615458066.634855 6282 1 21 match_stop - -
1615458066.657897 5322 1 21 match_stop - -
1615458066.663239 5425 1 21 match_stop - -
1615458066.664015 4712 1 21 match_stop - -
1615458066.708037 5587 1 21 match_stop - -
1615458066.710251 5623 1 21 match_stop - -
1615458066.711574 5528 1 21 match_stop - -
1615458066.737314 5032 1 21 match_stop - -
1615458066.741445 5011 1 21 match_stop - -
1615458066.742248 5550 1 21 match_stop - -
1615458066.755650 5426 1 21 match_stop - -
1615458066.797816 5461 1 21 match_stop - -
1615458066.805807 6160 1 21 match_stop - -
1615458066.821933 5563 1 21 match_stop - -
1615458066.842384 5017 1 21 match_stop - -
1615458066.849400 4780 1 21 match_stop - -
1615458066.854682 6239 1 21 match_stop - -
1615458066.862034 4794 1 21 match_stop - -
1615458066.867542 4110 1 21 match_stop - -
1615458066.907683 4954 1 21 match_stop - -
1615458066.909295 4124 1 21 match_stop - -
1615458066.925245 4924 1 21 match_stop - -
1615458066.953008 4855 1 21 match_stop - -
1615458067.012391 4210 1 21 match_stop - -
1615458067.015875 5183 1 21 match_stop - -
1615458067.032109 6335 1 21 match_stop - -
1615458067.055559 5585 1 21 match_stop - -
1615458067.055991 5548 1 21 match_stop - -
1615458067.061144 6255 1 21 match_stop - -
1615458067.067382 5631 1 21 match_stop - -
1615458067.085843 5432 1 21 match_stop - -
1615458067.092607 5378 1 21 match_stop - -
1615458067.111460 4721 1 21 match_stop - -
1615458067.125480 6218 1 21 match_stop - -
1615458067.142210 4931 1 21 match_stop - -
1615458067.148682 6219 1 21 match_stop - -
1615458067.156503 5555 1 21 match_stop - -
1615458067.210116 4238 1 21 match_stop - -
1615458067.215325 4773 1 21 match_stop - -
1615458067.238548 5603 1 21 match_stop - -
1615458067.294588 4843 1 21 match_stop - -
1615458067.325437 5572 1 21 match_stop - -
1615458067.327600 4692 1 21 match_stop - -
1615458067.328381 6276 1 21 match_stop - -
1615458067.330308 6329 1 21 match_stop - -
1615458067.349439 5611 1 21 match_stop - -
1615458067.350532 6404 1 21 match_stop - -
1615458067.353578 6384 1 21 match_stop - -
1615458067.356362 6245 1 21 match_stop - -
1615458067.383766 6288 1 21 match_stop - -
1615458067.387113 5780 1 21 match_stop - -
1615458067.391820 5559 1 21 match_stop - -
1615458067.393345 5245 1 21 match_stop - -
1615458067.398330 5771 1 21 match_stop - -
1615458067.400432 5645 1 21 match_stop - -
1615458067.402283 6203 1 21 match_stop - -
1615458067.411378 5487 1 21 match_stop - -
1615458067.426556 6188 1 21 match_stop - -
1615458067.428914 4972 1 21 match_stop - -
1615458067.436327 5529 1 21 match_stop - -
1615458067.436349 6265 1 21 match_stop - -
1615458067.462682 5634 1 21 match_stop - -
1615458067.481890 5393 1 21 match_stop - -
1615458067.504967 4917 1 21 match_stop - -
1615458067.515462 5692 1 21 match_stop - -
1615458067.518307 5667 1 21 match_stop - -
1615458067.518664 5651 1 21 match_stop - -
1615458067.526954 5712 1 21 match_stop - -
1615458067.557022 5618 1 21 match_stop - -
1615458067.578136 5823 1 21 match_stop - -
1615458067.579719 4944 1 21 match_stop - -
1615458067.589596 5165 1 21 match_stop - -
1615458067.604708 5179 1 21 match_stop - -
1615458067.627380 5515 1 21 match_stop - -
1615458067.632200 4893 1 21 match_stop - -
1615458067.636578 4419 1 21 match_stop - -
1615458067.649156 5491 1 21 match_stop - -
1615458067.673122 5234 1 21 match_stop - -
1615458067.676465 6225 1 21 match_stop - -
1615458067.683933 6252 1 21 match_stop - -
1615458067.686324 5088 1 21 match_stop - -
1615458067.719353 5778 1 21 match_stop - -
1615458067.721392 5717 1 21 match_stop - -
1615458067.722525 6297 1 21 match_stop - -
1615458067.742401 6394 1 21 match_stop - -
1615458067.742699 6326 1 21 match_stop - -
1615458067.747437 6430 1 21 match_stop - -
1615458067.747817 5154 1 21 match_stop - -
1615458067.750465 5527 1 21 match_stop - -
1615458067.752824 5571 1 21 match_stop - -
1615458067.772277 5635 1 21 match_stop - -
1615458067.786899 5010 1 21 match_stop - -
1615458067.793100 5632 1 21 match_stop - -
1615458067.794258 6216 1 21 match_stop - -
1615458067.797940 5120 1 21 match_stop - -
1615458067.837269 5633 1 21 match_stop - -
1615458067.842428 5716 1 21 match_stop - -
1615458067.843093 5094 1 21 match_stop - -
1615458067.852451 6325 1 21 match_stop - -
1615458067.879956 6336 1 21 match_stop - -
1615458067.897767 6236 1 21 match_stop - -
1615458067.905272 5825 1 21 match_stop - -
1615458067.934696 5018 1 21 match_stop - -
1615458067.935547 5741 1 21 match_stop - -
1615458067.936442 4833 1 21 match_stop - -
1615458067.949872 5735 1 21 match_stop - -
1615458067.968226 5073 1 21 match_stop - -
1615458067.970297 5813 1 21 match_stop - -
1615458067.982627 5773 1 21 match_stop - -
1615458067.987495 5826 1 21 match_stop - -
1615458067.997256 6380 1 21 match_stop - -
1615458068.027026 4831 1 21 match_stop - -
1615458068.037233 4799 1 21 match_stop - -
1615458068.039447 6267 1 21 match_stop - -
1615458068.054270 6304 1 21 match_stop - -
1615458068.064492 5077 1 21 match_stop - -
1615458068.066622 5727 1 21 match_stop - -
1615458068.068689 5489 1 21 match_stop - -
1615458068.086577 6228 1 21 match_stop - -
1615458068.094306 6415 1 21 match_stop - -
1615458068.127531 5082 1 21 match_stop - -
1615458068.133488 5604 1 21 match_stop - -
1615458068.137384 6488 1 21 match_stop - -
1615458068.139319 4926 1 21 match_stop - -
1615458068.145038 6279 1 21 match_stop - -
1615458068.178309 5133 1 21 match_stop - -
1615458068.217453 6409 1 21 match_stop - -
1615458068.227578 4001 1 21 match_stop - -
1615458068.243590 5802 1 21 match_stop - -
1615458068.260064 5682 1 21 match_stop - -
1615458068.291010 5807 1 21 match_stop - -
1615458068.299284 6381 1 21 match_stop - -
1615458068.305978 5993 1 21 match_stop - -
1615458068.320981 6271 1 21 match_stop - -
1615458068.333937 5694 1 21 match_stop - -
1615458068.339299 6445 1 21 match_stop - -
1615458068.344349 5656 1 21 match_stop - -
1615458068.345286 5899 1 21 match_stop - -
1615458068.351293 6280 1 21 match_stop - -
1615458068.356168 5700 1 21 match_stop - -
1615458068.365884 5861 1 21 match_stop - -
1615458068.369888 6294 1 21 match_stop - -
1615458068.378722 5517 1 21 match_stop - -
1615458068.391244 4209 1 21 match_stop - -
1615458068.402109 5754 1 21 match_stop - -
1615458068.438636 6376 1 21 match_stop - -
1615458068.455575 6411 1 21 match_stop - -
1615458068.476725 6364 1 21 match_stop - -
1615458068.504926 5714 1 21 match_stop - -
1615458068.537206 5653 1 21 match_stop - -
1615458068.544739 6451 1 21 match_stop - -
1615458068.547050 5663 1 21 match_stop - -
1615458068.549582 5093 1 21 match_stop - -
1615458068.550480 5706 1 21 match_stop - -
1615458068.552342 5063 1 21 match_stop - -
1615458068.562794 5246 1 21 match_stop - -
1615458068.571562 5357 1 21 match_stop - -
1615458068.580017 5152 1 21 match_stop - -
1615458068.580076 6324 1 21 match_stop - -
1615458068.581122 6553 1 21 match_stop - -
1615458068.588463 6543 1 21 match_stop - -
1615458068.590066 6493 1 21 match_stop - -
1615458068.590540 6439 1 21 match_stop - -
1615458068.594117 5851 1 21 match_stop - -
1615458068.597803 5879 1 21 match_stop - -
1615458068.598485 6398 1 21 match_stop - -
1615458068.599643 6390 1 21 match_stop - -
1615458068.605466 6311 1 21 match_stop - -
1615458068.610549 5270 1 21 match_stop - -
1615458068.610628 5738 1 21 match_stop - -
1615458068.613616 6464 1 21 match_stop - -
1615458068.623786 6327 1 21 match_stop - -
1615458068.628780 4660 1 21 match_stop - -
1615458068.634508 6505 1 21 match_stop - -
1615458068.641422 6511 1 21 match_stop - -
1615458068.674621 6312 1 21 match_stop - -
1615458068.675370 5733 1 21 match_stop - -
1615458068.709866 5989 1 21 match_stop - -
1615458068.752591 6416 1 21 match_stop - -
1615458068.770344 6581 1 21 match_stop - -
1615458068.782171 4973 1 21 match_stop - -
1615458068.801325 5753 1 21 match_stop - -
1615458068.818325 6587 1 21 match_stop - -
1615458068.818695 6396 1 21 match_stop - -
1615458068.823564 5123 1 21 match_stop - -
1615458068.825135 5119 1 21 match_stop - -
1615458068.870578 6467 1 21 match_stop - -
1615458068.875921 5024 1 21 match_stop - -
1615458068.902407 5776 1 21 match_stop - -
1615458068.924437 5978 1 21 match_stop - -
1615458068.953292 5768 1 21 match_stop - -
1615458068.972537 5795 1 21 match_stop - -
1615458068.974588 6410 1 21 match_stop - -
1615458068.977765 5796 1 21 match_stop - -
1615458069.002668 5847 1 21 match_stop - -
1615458069.014494 5853 1 21 match_stop - -
1615458069.048469 5126 1 21 match_stop - -
1615458069.051834 5608 1 21 match_stop - -
1615458069.104240 5657 1 21 match_stop - -
1615458069.131824 5066 1 21 match_stop - -
1615458069.205483 4447 1 21 match_stop - -
1615458069.225082 6611 1 21 match_stop - -
1615458069.232173 5092 1 21 match_stop - -
1615458069.254388 6639 1 21 match_stop - -
1615458069.267837 5168 1 21 match_stop - -
1615458069.293070 5734 1 21 match_stop - -
1615458069.299463 6539 1 21 match_stop - -
1615458069.312393 5730 1 21 match_stop - -
1615458069.330061 5157 1 21 match_stop - -
1615458069.347845 6461 1 21 match_stop - -
1615458069.351720 6585 1 21 match_stop - -
1615458069.370296 5838 1 21 match_stop - -
1615458069.374915 5493 1 21 match_stop - -
1615458069.386208 5086 1 21 match_stop - -
1615458069.399459 6510 1 21 match_stop - -
1615458069.401148 5091 1 21 match_stop - -
1615458069.401768 6562 1 21 match_stop - -
1615458069.412352 5916 1 21 match_stop - -
1615458069.434411 5307 1 21 match_stop - -
1615458069.435482 5900 1 21 match_stop - -
1615458069.439753 6605 1 21 match_stop - -
1615458069.445229 6521 1 21 match_stop - -
1615458069.456019 5964 1 21 match_stop - -
1615458069.457589 6055 1 21 match_stop - -
1615458069.474468 6463 1 21 match_stop - -
1615458069.483881 5241 1 21 match_stop - -
1615458069.487335 5884 1 21 match_stop - -
1615458069.506758 5910 1 21 match_stop - -
1615458069.509479 5512 1 21 match_stop - -
1615458069.536892 5765 1 21 match_stop - -
1615458069.565973 5369 1 21 match_stop - -
1615458069.568630 5987 1 21 match_stop - -
1615458069.584741 5886 1 21 match_stop - -
1615458069.585450 5695 1 21 match_stop - -
1615458069.606572 5223 1 21 match_stop - -
1615458069.609590 6498 1 21 match_stop - -
1615458069.615608 5758 1 21 match_stop - -
1615458069.622514 5326 1 21 match_stop - -
1615458069.641842 5882 1 21 match_stop - -
1615458069.652350 6573 1 21 match_stop - -
1615458069.671253 5375 1 21 match_stop - -
1615458069.684695 5236 1 21 match_stop - -
1615458069.691046 5151 1 21 match_stop - -
1615458069.703382 6478 1 21 match_stop - -
1615458069.722256 6524 1 21 match_stop - -
1615458069.725580 5724 1 21 match_stop - -
1615458069.726874 5162 1 21 match_stop - -
1615458069.727571 5059 1 21 match_stop - -
1615458069.735107 5274 1 21 match_stop - -
1615458069.746325 5953 1 21 match_stop - -
1615458069.746445 6544 1 21 match_stop - -
1615458069.762391 5950 1 21 match_stop - -
1615458069.783352 6692 1 21 match_stop - -
1615458069.788298 6592 1 21 match_stop - -
1615458069.793342 5895 1 21 match_stop - -
1615458069.805474 5785 1 21 match_stop - -
1615458069.807245 5848 1 21 match_stop - -
1615458069.823344 5267 1 21 match_stop - -
1615458069.833518 5944 1 21 match_stop - -
1615458069.842735 6546 1 21 match_stop - -
1615458069.847326 6061 1 21 match_stop - -
1615458069.847550 5276 1 21 match_stop - -
1615458069.850389 6588 1 21 match_stop - -
1615458069.850405 6086 1 21 match_stop - -
1615458069.852566 6141 1 21 match_stop - -
1615458069.858338 6056 1 21 match_stop - -
1615458069.878361 5931 1 21 match_stop - -
1615458069.904567 5909 1 21 match_stop - -
1615458069.916228 5250 1 21 match_stop - -
1615458069.941454 6106 1 21 match_stop - -
1615458069.960938 5271 1 21 match_stop - -
1615458069.968639 6018 1 21 match_stop - -
1615458069.968991 4407 1 21 match_stop - -
1615458069.988194 6051 1 21 match_stop - -
1615458070.023327 5921 1 21 match_stop - -
1615458070.027751 5844 1 21 match_stop - -
1615458070.035360 5817 1 21 match_stop - -
1615458070.039155 6542 1 21 match_stop - -
1615458070.059359 6048 1 21 match_stop - -
1615458070.061604 6601 1 21 match_stop - -
1615458070.069564 6683 1 21 match_stop - -
1615458070.073398 6147 1 21 match_stop - -
1615458070.077928 5696 1 21 match_stop - -
1615458070.087003 5955 1 21 match_stop - -
1615458070.087834 6603 1 21 match_stop - -
1615458070.091640 5478 1 21 match_stop - -
1615458070.092889 5911 1 21 match_stop - -
1615458070.101895 5345 1 21 match_stop - -
1615458070.117364 6118 1 21 match_stop - -
1615458070.125228 5238 1 21 match_stop - -
1615458070.132711 6574 1 21 match_stop - -
1615458070.137671 5990 1 21 match_stop - -
1615458070.148325 6624 1 21 match_stop - -
1615458070.154165 6689 1 21 match_stop - -
1615458070.173455 5299 1 21 match_stop - -
1615458070.176970 5970 1 21 match_stop - -
1615458070.177922 6057 1 21 match_stop - -
1615458070.216656 6563 1 21 match_stop - -
1615458070.218662 6092 1 21 match_stop - -
1615458070.228033 5963 1 21 match_stop - -
1615458070.232455 5995 1 21 match_stop - -
1615458070.260245 5030 1 21 match_stop - -
1615458070.262905 5952 1 21 match_stop - -
1615458070.304936 6054 1 21 match_stop - -
1615458070.330645 5939 1 21 match_stop - -
1615458070.332716 6772 1 21 match_stop - -
1615458070.363658 6582 1 21 match_stop - -
1615458070.371306 5975 1 21 match_stop - -
1615458070.376036 6021 1 21 match_stop - -
1615458070.378332 6642 1 21 match_stop - -
1615458070.403207 6713 1 21 match_stop - -
1615458070.408075 5977 1 21 match_stop - -
1615458070.429476 6688 1 21 match_stop - -
1615458070.434669 4694 1 21 match_stop - -
1615458070.436786 6767 1 21 match_stop - -
1615458070.437751 6765 1 21 match_stop - -
1615458070.465515 6578 1 21 match_stop - -
1615458070.473840 6576 1 21 match_stop - -
1615458070.474277 6613 1 21 match_stop - -
1615458070.480519 5536 1 21 match_stop - -
1615458070.575855 5411 1 21 match_stop - -
1615458070.587790 6662 1 21 match_stop - -
1615458070.613838 6797 1 21 match_stop - -
1615458070.623607 6691 1 21 match_stop - -
1615458070.630754 6784 1 21 match_stop - -
1615458070.636296 4578 1 21 match_stop - -
1615458070.641696 6726 1 21 match_stop - -
1615458070.643346 5974 1 21 match_stop - -
1615458070.645338 5863 1 21 match_stop - -
1615458070.676375 5972 1 21 match_stop - -
1615458070.677586 6246 1 21 match_stop - -
1615458070.717458 5620 1 21 match_stop - -
1615458070.719485 5545 1 21 match_stop - -
1615458070.726810 6608 1 21 match_stop - -
1615458070.734432 5222 1 21 match_stop - -
1615458070.735491 6607 1 21 match_stop - -
1615458070.742094 5923 1 21 match_stop - -
1615458070.748515 6770 1 21 match_stop - -
1615458070.756052 5867 1 21 match_stop - -
1615458070.756422 6102 1 21 match_stop - -
1615458070.759855 5954 1 21 match_stop - -
1615458070.790278 6699 1 21 match_stop - -
1615458070.793355 6724 1 21 match_stop - -
1615458070.818676 5166 1 21 match_stop - -
1615458070.822756 5277 1 21 match_stop - -
1615458070.822901 6685 1 21 match_stop - -
1615458070.830105 6089 1 21 match_stop - -
1615458070.839517 6231 1 21 match_stop - -
1615458070.846983 6686 1 21 match_stop - -
1615458070.852760 4763 1 21 match_stop - -
1615458070.852844 6142 1 21 match_stop - -
1615458070.883079 5526 1 21 match_stop - -
1615458070.965003 5462 1 21 match_stop - -
1615458070.978976 6122 1 21 match_stop - -
1615458070.995530 6755 1 21 match_stop - -
1615458070.998171 6794 1 21 match_stop - -
1615458071.003231 5329 1 21 match_stop - -
1615458071.005108 5945 1 21 match_stop - -
1615458071.011307 6069 1 21 match_stop - -
1615458071.043396 6248 1 21 match_stop - -
1615458071.055588 6113 1 21 match_stop - -
1615458071.057234 6674 1 21 match_stop - -
1615458071.072553 6832 1 21 match_stop - -
1615458071.073179 5746 1 21 match_stop - -
1615458071.084409 6873 1 21 match_stop - -
1615458071.084945 6732 1 21 match_stop - -
1615458071.087485 5998 1 21 match_stop - -
1615458071.094929 5282 1 21 match_stop - -
1615458071.094999 5486 1 21 match_stop - -
1615458071.119953 6081 1 21 match_stop - -
1615458071.124450 6868 1 21 match_stop - -
1615458071.127952 5430 1 21 match_stop - -
1615458071.132555 6009 1 21 match_stop - -
1615458071.153066 6735 1 21 match_stop - -
1615458071.156976 6663 1 21 match_stop - -
1615458071.201731 6693 1 21 match_stop - -
1615458071.205566 6669 1 21 match_stop - -
1615458071.209158 6659 1 21 match_stop - -
1615458071.210565 6817 1 21 match_stop - -
1615458071.211010 6140 1 21 match_stop - -
1615458071.213986 5637 1 21 match_stop - -
1615458071.220511 6761 1 21 match_stop - -
1615458071.224799 6358 1 21 match_stop - -
1615458071.241211 5596 1 21 match_stop - -
1615458071.245566 6768 1 21 match_stop - -
1615458071.251820 5641 1 21 match_stop - -
1615458071.258826 6011 1 21 match_stop - -
1615458071.278103 6127 1 21 match_stop - -
1615458071.278476 4925 1 21 match_stop - -
1615458071.281124 5605 1 21 match_stop - -
1615458071.301683 5599 1 21 match_stop - -
1615458071.315638 5415 1 21 match_stop - -
1615458071.370503 6872 1 21 match_stop - -
1615458071.380234 6362 1 21 match_stop - -
1615458071.392018 6785 1 21 match_stop - -
1615458071.407198 6290 1 21 match_stop - -
1615458071.417297 6221 1 21 match_stop - -
1615458071.417898 6110 1 21 match_stop - -
1615458071.430672 6250 1 21 match_stop - -
1615458071.454527 6943 1 21 match_stop - -
1615458071.459282 6875 1 21 match_stop - -
1615458071.490242 6138 1 21 match_stop - -
1615458071.499375 5567 1 21 match_stop - -
1615458071.506523 6143 1 21 match_stop - -
1615458071.514530 6757 1 21 match_stop - -
1615458071.526937 6880 1 21 match_stop - -
1615458071.527649 5406 1 21 match_stop - -
1615458071.542665 6027 1 21 match_stop - -
1615458071.551501 6205 1 21 match_stop - -
1615458071.554678 6175 1 21 match_stop - -
1615458071.558588 6886 1 21 match_stop - -
1615458071.559252 4710 1 21 match_stop - -
1615458071.566167 6254 1 21 match_stop - -
1615458071.620580 5233 1 21 match_stop - -
1615458071.622592 5353 1 21 match_stop - -
1615458071.628230 6177 1 21 match_stop - -
1615458071.715020 6085 1 21 match_stop - -
1615458071.724451 5576 1 21 match_stop - -
1615458071.726909 6299 1 21 match_stop - -
1615458071.768903 6025 1 21 match_stop - -
1615458071.769697 5100 1 21 match_stop - -
1615458071.810721 6149 1 21 match_stop - -
1615458071.810974 5574 1 21 match_stop - -
1615458071.818615 6866 1 21 match_stop - -
1615458071.832125 6877 1 21 match_stop - -
1615458071.847924 6347 1 21 match_stop - -
1615458071.849085 5615 1 21 match_stop - -
1615458071.854614 6842 1 21 match_stop - -
1615458071.861285 6925 1 21 match_stop - -
1615458071.867335 6914 1 21 match_stop - -
1615458071.871960 6778 1 21 match_stop - -
1615458071.878260 6117 1 21 match_stop - -
1615458071.886123 5628 1 21 match_stop - -
1615458071.896182 5507 1 21 match_stop - -
1615458071.910222 6402 1 21 match_stop - -
1615458071.912570 6940 1 21 match_stop - -
1615458071.920186 6191 1 21 match_stop - -
1615458071.923296 5649 1 21 match_stop - -
1615458071.928231 5710 1 21 match_stop - -
1615458071.933844 6359 1 21 match_stop - -
1615458071.948463 6165 1 21 match_stop - -
1615458071.948892 5833 1 21 match_stop - -
1615458071.952644 6178 1 21 match_stop - -
1615458071.959186 6945 1 21 match_stop - -
1615458071.967878 4889 1 21 match_stop - -
1615458071.968402 6745 1 21 match_stop - -
1615458071.993107 6137 1 21 match_stop - -
1615458072.017364 5597 1 21 match_stop - -
1615458072.022222 6293 1 21 match_stop - -
1615458072.027518 6223 1 21 match_stop - -
1615458072.034499 6129 1 21 match_stop - -
1615458072.057263 5775 1 21 match_stop - -
1615458072.091015 5570 1 21 match_stop - -
1615458072.137175 6985 1 21 match_stop - -
1615458072.166276 6067 1 21 match_stop - -
1615458072.169510 6240 1 21 match_stop - -
1615458072.171877 6186 1 21 match_stop - -
1615458072.174021 6226 1 21 match_stop - -
1615458072.176581 6173 1 21 match_stop - -
1615458072.178065 6947 1 21 match_stop - -
1615458072.180010 6184 1 21 match_stop - -
1615458072.187152 5474 1 21 match_stop - -
1615458072.193502 6196 1 21 match_stop - -
1615458072.204257 6776 1 21 match_stop - -
1615458072.204556 5554 1 21 match_stop - -
1615458072.208054 6003 1 21 match_stop - -
1615458072.214625 6220 1 21 match_stop - -
1615458072.222298 5715 1 21 match_stop - -
1615458072.253596 5395 1 21 match_stop - -
1615458072.261979 5518 1 21 match_stop - -
1615458072.271643 6099 1 21 match_stop - -
1615458072.272419 6120 1 21 match_stop - -
1615458072.272787 6065 1 21 match_stop - -
1615458072.299975 5673 1 21 match_stop - -
1615458072.324529 6287 1 21 match_stop - -
1615458072.327421 6159 1 21 match_stop - -
1615458072.330062 4716 1 21 match_stop - -
1615458072.332383 6247 1 21 match_stop - -
1615458072.345767 6937 1 21 match_stop - -
1615458072.423693 6154 1 21 match_stop - -
1615458072.441287 6308 1 21 match_stop - -
1615458072.457626 6460 1 21 match_stop - -
1615458072.460246 6930 1 21 match_stop - -
1615458072.471488 6210 1 21 match_stop - -
1615458072.473798 6214 1 21 match_stop - -
1615458072.475546 6319 1 21 match_stop - -
1615458072.488120 6388 1 21 match_stop - -
1615458072.501436 6487 1 21 match_stop - -
1615458072.505089 6189 1 21 match_stop - -
1615458072.511305 6016 1 21 match_stop - -
1615458072.512698 6915 1 21 match_stop - -
1615458072.515383 6301 1 21 match_stop - -
1615458072.515991 6270 1 21 match_stop - -
1615458072.526473 6869 1 21 match_stop - -
1615458072.546830 5584 1 21 match_stop - -
1615458072.583492 6204 1 21 match_stop - -
1615458072.637973 5470 1 21 match_stop - -
1615458072.639283 6352 1 21 match_stop - -
1615458072.643133 4887 1 21 match_stop - -
1615458072.664685 5314 1 21 match_stop - -
1615458072.674396 6837 1 21 match_stop - -
1615458072.683794 5786 1 21 match_stop - -
1615458072.698195 6826 1 21 match_stop - -
1615458072.706556 5767 1 21 match_stop - -
1615458072.708479 5113 1 21 match_stop - -
1615458072.710277 7048 1 21 match_stop - -
1615458072.723272 5609 1 21 match_stop - -
1615458072.723645 7041 1 21 match_stop - -
1615458072.726220 6834 1 21 match_stop - -
1615458072.742321 6244 1 21 match_stop - -
1615458072.751574 5573 1 21 match_stop - -
1615458072.756586 6888 1 21 match_stop - -
1615458072.764154 6202 1 21 match_stop - -
1615458072.766533 5984 1 21 match_stop - -
1615458072.779491 5705 1 21 match_stop - -
1615458072.799990 6371 1 21 match_stop - -
1615458072.806976 6525 1 21 match_stop - -
1615458072.817543 5436 1 21 match_stop - -
1615458072.825322 6350 1 21 match_stop - -
1615458072.844127 6867 1 21 match_stop - -
1615458072.845933 7076 1 21 match_stop - -
1615458072.867994 7103 1 21 match_stop - -
1615458072.870164 6454 1 21 match_stop - -
1615458072.896633 6449 1 21 match_stop - -
1615458072.906912 6224 1 21 match_stop - -
1615458072.919431 5839 1 21 match_stop - -
1615458072.936971 6341 1 21 match_stop - -
1615458072.939652 6931 1 21 match_stop - -
1615458072.940776 7087 1 21 match_stop - -
1615458072.960329 6260 1 21 match_stop - -
1615458072.974826 7073 1 21 match_stop - -
1615458073.035131 7042 1 21 match_stop - -
1615458073.047577 6353 1 21 match_stop - -
1615458073.067351 7059 1 21 match_stop - -
1615458073.068758 6469 1 21 match_stop - -
1615458073.069170 5816 1 21 match_stop - -
1615458073.078540 5588 1 21 match_stop - -
1615458073.099407 6934 1 21 match_stop - -
1615458073.134193 7105 1 21 match_stop - -
1615458073.138425 6423 1 21 match_stop - -
1615458073.139315 6977 1 21 match_stop - -
1615458073.141197 7086 1 21 match_stop - -
1615458073.144658 6338 1 21 match_stop - -
1615458073.162839 7053 1 21 match_stop - -
1615458073.186126 5614 1 21 match_stop - -
1615458073.190970 6082 1 21 match_stop - -
1615458073.192434 6391 1 21 match_stop - -
1615458073.193685 6272 1 21 match_stop - -
1615458073.195151 6156 1 21 match_stop - -
1615458073.195935 5689 1 21 match_stop - -
1615458073.220942 6984 1 21 match_stop - -
1615458073.221863 4882 1 21 match_stop - -
1615458073.239201 7150 1 21 match_stop - -
1615458073.254585 5893 1 21 match_stop - -
1615458073.292228 6425 1 21 match_stop - -
1615458073.292568 6387 1 21 match_stop - -
1615458073.310063 6990 1 21 match_stop - -
1615458073.311497 4897 1 21 match_stop - -
1615458073.314727 6455 1 21 match_stop - -
1615458073.314907 6360 1 21 match_stop - -
1615458073.319229 6949 1 21 match_stop - -
1615458073.329660 6334 1 21 match_stop - -
1615458073.337682 5683 1 21 match_stop - -
1615458073.348895 6501 1 21 match_stop - -
1615458073.367620 6372 1 21 match_stop - -
1615458073.368080 5510 1 21 match_stop - -
1615458073.374252 5809 1 21 match_stop - -
1615458073.425539 5885 1 21 match_stop - -
1615458073.463798 5121 1 21 match_stop - -
1615458073.471126 5640 1 21 match_stop - -
1615458073.494193 4842 1 21 match_stop - -
1615458073.497325 6197 1 21 match_stop - -
1615458073.521396 6337 1 21 match_stop - -
1615458073.537651 5675 1 21 match_stop - -
1615458073.592903 6331 1 21 match_stop - -
1615458073.610585 7168 1 21 match_stop - -
1615458073.634485 6408 1 21 match_stop - -
1615458073.654512 6983 1 21 match_stop - -
1615458073.689396 5568 1 21 match_stop - -
1615458073.693584 6419 1 21 match_stop - -
1615458073.739794 6349 1 21 match_stop - -
1615458073.744796 6431 1 21 match_stop - -
1615458073.749846 6182 1 21 match_stop - -
1615458073.767953 6289 1 21 match_stop - -
1615458073.772036 6321 1 21 match_stop - -
1615458073.779997 6296 1 21 match_stop - -
1615458073.784512 6383 1 21 match_stop - -
1615458073.798604 5324 1 21 match_stop - -
1615458073.802375 6330 1 21 match_stop - -
1615458073.811325 7111 1 21 match_stop - -
1615458073.936332 5617 1 21 match_stop - -
1615458073.947810 6617 1 21 match_stop - -
1615458073.951522 6382 1 21 match_stop - -
1615458073.965008 6315 1 21 match_stop - -
1615458073.974368 6172 1 21 match_stop - -
1615458073.978536 5906 1 21 match_stop - -
1615458073.984647 7106 1 21 match_stop - -
1615458074.003849 7154 1 21 match_stop - -
1615458074.010106 5920 1 21 match_stop - -
1615458074.014621 7022 1 21 match_stop - -
1615458074.034301 7132 1 21 match_stop - -
1615458074.037680 6457 1 21 match_stop - -
1615458074.061372 5792 1 21 match_stop - -
1615458074.068400 6637 1 21 match_stop - -
1615458074.069993 6740 1 21 match_stop - -
1615458074.091041 6340 1 21 match_stop - -
1615458074.108561 6466 1 21 match_stop - -
1615458074.123498 5770 1 21 match_stop - -
1615458074.149576 7228 1 21 match_stop - -
1615458074.163023 6559 1 21 match_stop - -
1615458074.170635 6131 1 21 match_stop - -
1615458074.187634 6420 1 21 match_stop - -
1615458074.198279 7057 1 21 match_stop - -
1615458074.200886 6442 1 21 match_stop - -
1615458074.210461 7124 1 21 match_stop - -
1615458074.211121 6429 1 21 match_stop - -
1615458074.246255 6010 1 21 match_stop - -
1615458074.248414 7277 1 21 match_stop - -
1615458074.261331 7241 1 21 match_stop - -
1615458074.267469 6535 1 21 match_stop - -
1615458074.287535 7233 1 21 match_stop - -
1615458074.295284 7092 1 21 match_stop - -
1615458074.304347 7224 1 21 match_stop - -
1615458074.310311 5875 1 21 match_stop - -
1615458074.310964 7185 1 21 match_stop - -
1615458074.313715 7239 1 21 match_stop - -
1615458074.314076 6274 1 21 match_stop - -
1615458074.337320 6266 1 21 match_stop - -
1615458074.340481 6378 1 21 match_stop - -
1615458074.357273 7189 1 21 match_stop - -
1615458074.361651 7202 1 21 match_stop - -
1615458074.364088 5940 1 21 match_stop - -
1615458074.365992 5942 1 21 match_stop - -
1615458074.372753 7198 1 21 match_stop - -
1615458074.377283 5793 1 21 match_stop - -
1615458074.379586 6480 1 21 match_stop - -
1615458074.382703 6452 1 21 match_stop - -
1615458074.405397 7072 1 21 match_stop - -
1615458074.439072 6303 1 21 match_stop - -
1615458074.462070 6690 1 21 match_stop - -
1615458074.464292 5824 1 21 match_stop - -
1615458074.472833 7110 1 21 match_stop - -
1615458074.482519 6577 1 21 match_stop - -
1615458074.501970 6491 1 21 match_stop - -
1615458074.512847 5828 1 21 match_stop - -
1615458074.523338 6058 1 21 match_stop - -
1615458074.523847 6531 1 21 match_stop - -
1615458074.573026 6672 1 21 match_stop - -
1615458074.574877 7302 1 21 match_stop - -
1615458074.589436 6556 1 21 match_stop - -
1615458074.610508 7112 1 21 match_stop - -
1615458074.626363 6519 1 21 match_stop - -
1615458074.632426 6307 1 21 match_stop - -
1615458074.661307 7146 1 21 match_stop - -
1615458074.675763 5852 1 21 match_stop - -
1615458074.699465 6444 1 21 match_stop - -
1615458074.711263 5099 1 21 match_stop - -
1615458074.755628 4962 1 21 match_stop - -
1615458074.786892 7282 1 21 match_stop - -
1615458074.806007 7262 1 21 match_stop - -
1615458074.808943 7116 1 21 match_stop - -
1615458074.898355 5836 1 21 match_stop - -
1615458074.906221 5890 1 21 match_stop - -
1615458074.919784 7303 1 21 match_stop - -
1615458074.927928 7216 1 21 match_stop - -
1615458074.930956 6437 1 21 match_stop - -
1615458074.931527 6774 1 21 match_stop - -
1615458074.948437 7313 1 21 match_stop - -
1615458074.951064 7180 1 21 match_stop - -
1615458074.976299 6123 1 21 match_stop - -
1615458074.991459 6393 1 21 match_stop - -
1615458075.015788 7315 1 21 match_stop - -
1615458075.046967 7279 1 21 match_stop - -
1615458075.071728 5870 1 21 match_stop - -
1615458075.074849 6522 1 21 match_stop - -
1615458075.075326 6532 1 21 match_stop - -
1615458075.081692 5914 1 21 match_stop - -
1615458075.088480 6548 1 21 match_stop - -
1615458075.089380 7335 1 21 match_stop - -
1615458075.112500 5488 1 21 match_stop - -
1615458075.118935 5946 1 21 match_stop - -
1615458075.145389 6412 1 21 match_stop - -
1615458075.156776 5240 1 21 match_stop - -
1615458075.165380 6712 1 21 match_stop - -
1615458075.169880 7248 1 21 match_stop - -
1615458075.174300 5930 1 21 match_stop - -
1615458075.177482 6552 1 21 match_stop - -
1615458075.194046 5323 1 21 match_stop - -
1615458075.214603 7331 1 21 match_stop - -
1615458075.220421 7317 1 21 match_stop - -
1615458075.275355 6610 1 21 match_stop - -
1615458075.290435 7286 1 21 match_stop - -
1615458075.300102 5138 1 21 match_stop - -
1615458075.302684 6730 1 21 match_stop - -
1615458075.326550 7201 1 21 match_stop - -
1615458075.386970 7421 1 21 match_stop - -
1615458075.388343 6620 1 21 match_stop - -
1615458075.388680 5866 1 21 match_stop - -
1615458075.401281 5697 1 21 match_stop - -
1615458075.414387 5239 1 21 match_stop - -
1615458075.453746 6541 1 21 match_stop - -
1615458075.520946 6827 1 21 match_stop - -
1615458075.619831 6077 1 21 match_stop - -
1615458075.680404 6091 1 21 match_stop - -
1615458076.228285 6036 1 21 match_stop - -
1615458076.345368 6756 1 21 match_stop - -
1615458076.371290 6752 1 21 match_stop - -
1615458076.376852 6787 1 21 match_stop - -
1615458076.417445 6100 1 21 match_stop - -
1615458076.725581 6241 1 21 match_stop - -
1615458076.737387 7055 1 21 match_stop - -
1615458077.040919 6422 1 21 match_stop - -
1615458077.042330 7033 1 21 match_stop - -
1615458077.070885 7009 1 21 match_stop - -
1615458077.244686 6944 1 21 match_stop - -
1615458077.347294 6207 1 21 match_stop - -
1615458077.416722 6864 1 21 match_stop - -
1615458077.423683 6980 1 21 match_stop - -
1615458077.652562 7019 1 21 match_stop - -
1615458078.650178 7194 1 21 match_stop - -
