# stats: dump at 1615457843
stats: users 5 6
stats: {load,"tsung_controller@ip-172-31-53-64"} 1 0.0 0 0.0 0.0 0 0
stats: {freemem,"tsung_controller@ip-172-31-53-64"} 1 661.55078125 0 661.55078125 661.55078125 0 0
stats: {cpu,"tsung_controller@ip-172-31-53-64"} 1 5.258499073331305 0 5.258499073331305 5.258499073331305 0 0
stats: session 7 2444.7561428571425 560.6665571568564 3002.218 1585.374 0 0
stats: users_count 12 12
stats: finish_users_count 7 7
stats: request 40 89.74915 106.24009700262656 296.073 7.308 0 0
stats: connect 11 3.977727272727272 7.0864370595064985 26.036 1.149 0 0
stats: page 34 105.61858823529411 108.54500999886626 296.073 7.308 0 0
stats: 302 17 17
stats: 200 23 23
stats: match 6 6
stats: size_rcv 118833 118833
stats: size_sent 21327 21327
stats: connected 5 5
# stats: dump at 1615457853
stats: users 2 6
stats: {load,"tsung_controller@ip-172-31-53-64"} 1 0.0 0.0 0.0 0.0 0.0 1
stats: {freemem,"tsung_controller@ip-172-31-53-64"} 1 659.9453125 0.0 661.55078125 659.9453125 661.55078125 1
stats: {cpu,"tsung_controller@ip-172-31-53-64"} 1 0.5002501250625313 0.0 5.258499073331305 0.5002501250625313 5.258499073331305 1
stats: session 11 2095.227909090909 563.5243956839772 3086.711 1475.693 2444.7561428571425 7
stats: users_count 8 20
stats: finish_users_count 11 18
stats: request 49 56.34444897959183 87.40125685409774 296.073 7.308 89.74915 40
stats: connect 8 1.475625 0.3018037182922039 26.036 1.13 3.977727272727272 11
stats: page 38 72.7038947368421 94.2263801850543 296.073 7.308 105.61858823529411 34
stats: 302 19 36
stats: 200 30 53
stats: match 11 17
stats: size_rcv 174814 293647
stats: size_sent 30147 51474
stats: connected -3 2
# stats: dump at 1615457863
stats: users 0 6
stats: {load,"tsung_controller@ip-172-31-53-64"} 1 0.0 0.0 0.0 0.0 0.0 2
stats: {freemem,"tsung_controller@ip-172-31-53-64"} 1 660.203125 0.0 661.55078125 659.9453125 660.748046875 2
stats: {cpu,"tsung_controller@ip-172-31-53-64"} 1 0.10015022533800699 0.0 5.258499073331305 0.10015022533800699 2.879374599196918 2
stats: session 12 2115.9985833333335 401.88584794927755 3086.711 1475.693 2231.1555555555556 18
stats: users_count 10 30
stats: finish_users_count 12 30
stats: request 61 57.74818032786885 89.46010628949719 296.073 7.308 71.35779775280898 89
stats: connect 11 1.3179090909090911 0.22606011048771738 26.036 1.068 2.924210526315789 19
stats: page 48 73.43379166666668 95.92831758856853 296.073 7.308 88.24694444444444 72
stats: 302 24 60
stats: 200 37 90
stats: match 13 30
stats: size_rcv 215281 508928
stats: size_sent 36882 88356
stats: connected -2 0
# stats: dump at 1615457873
stats: users 4 8
stats: {load,"tsung_controller@ip-172-31-53-64"} 1 0.0 0.0 0.0 0.0 0.0 3
stats: {freemem,"tsung_controller@ip-172-31-53-64"} 1 659.4921875 0.0 661.55078125 659.4921875 660.56640625 3
stats: {cpu,"tsung_controller@ip-172-31-53-64"} 1 0.25 0.0 5.258499073331305 0.10015022533800699 1.9529664745772812 3
stats: session 12 2294.1655833333334 634.3917948261492 3213.874 1352.226 2185.0927666666666 30
stats: users_count 16 46
stats: finish_users_count 12 42
stats: request 66 68.75331818181822 97.41664786559048 296.073 7.308 65.82322 150
stats: connect 15 1.3034666666666668 0.20024647035313475 26.036 1.019 2.3352333333333335 30
stats: page 54 84.06583333333334 102.2872234256991 296.073 7.308 82.32168333333334 120
stats: 302 27 87
stats: 200 39 129
stats: match 12 42
stats: size_rcv 216730 725658
stats: newphase 1 1
stats: size_sent 37501 125857
stats: connected 3 3
# stats: dump at 1615457883
stats: users 5 8
stats: {load,"tsung_controller@ip-172-31-53-64"} 1 0.0 0.0 0.0 0.0 0.0 4
stats: {freemem,"tsung_controller@ip-172-31-53-64"} 1 659.6875 0.0 661.55078125 659.4921875 660.2978515625 4
stats: {cpu,"tsung_controller@ip-172-31-53-64"} 1 0.10025062656641603 0.0 5.258499073331305 0.10015022533800699 1.5272248559329609 4
stats: session 18 2250.8650000000002 444.6216935913047 3213.874 1352.226 2216.2564285714284 42
stats: users_count 19 65
stats: finish_users_count 18 60
stats: request 94 64.68665957446805 95.27186225593526 296.073 6.513 66.71852777777778 216
stats: connect 20 1.57245 1.058710936705577 26.036 1.019 1.9913111111111113 45
stats: page 76 80.04938157894736 100.75200842453752 296.073 6.513 82.86297126436783 174
stats: 302 38 125
stats: 200 56 185
stats: match 18 60
stats: size_rcv 320597 1046255
stats: newphase 0 1
stats: size_sent 54398 180255
stats: connected 2 5
# stats: dump at 1615457893
stats: users 7 8
stats: {load,"tsung_controller@ip-172-31-53-64"} 1 0.0 0.0 0.0 0.0 0.0 5
stats: {freemem,"tsung_controller@ip-172-31-53-64"} 1 659.3359375 0.0 661.55078125 659.3359375 660.17578125 5
stats: {cpu,"tsung_controller@ip-172-31-53-64"} 1 0.3001500750375188 0.0 5.258499073331305 0.10015022533800699 1.2418300100596518 5
stats: session 21 2480.3098571428573 563.5991660889168 3289.463 1352.226 2226.639 60
stats: users_count 23 88
stats: finish_users_count 21 81
stats: request 105 63.37506666666666 94.99166998178781 296.073 6.513 66.10241290322581 310
stats: connect 23 1.386521739130434 0.29715694426920297 26.036 1.019 1.8624307692307693 65
stats: page 85 78.32588235294122 100.55935966914522 296.073 6.513 82.00764000000001 250
stats: 302 42 167
stats: 200 63 248
stats: match 20 80
stats: size_rcv 360240 1406495
stats: newphase 0 1
stats: size_sent 60983 241238
stats: connected 3 8
# stats: dump at 1615457903
stats: users 6 16
stats: {load,"tsung_controller@ip-172-31-53-64"} 1 0.0 0.0 0.0 0.0 0.0 6
stats: {freemem,"tsung_controller@ip-172-31-53-64"} 1 658.55078125 0.0 661.55078125 658.55078125 660.0358072916666 6
stats: {cpu,"tsung_controller@ip-172-31-53-64"} 1 0.40040040040040037 0.0 5.258499073331305 0.10015022533800699 1.0848833542226297 6
stats: session 39 2379.9211794871803 585.46362152369 3373.62 1329.699 2292.4055185185184 81
stats: users_count 38 126
stats: finish_users_count 39 120
stats: request 196 60.396571428571384 92.01166979330972 296.073 6.461 65.41236144578315 415
stats: connect 38 1.5498421052631575 1.1369765661223439 26.036 1.019 1.7380454545454542 88
stats: page 156 75.92707051282053 98.19826885263956 296.073 6.461 81.07346268656718 335
stats: 302 78 245
stats: 200 118 366
stats: match 40 120
stats: size_rcv 714014 2120509
stats: newphase 1 2
stats: size_sent 116054 357292
stats: connected -2 6
# stats: dump at 1615457913
stats: users 8 16
stats: {load,"tsung_controller@ip-172-31-53-64"} 1 0.0 0.0 0.0 0.0 0.0 7
stats: {freemem,"tsung_controller@ip-172-31-53-64"} 1 653.8984375 0.0 661.55078125 653.8984375 659.8236607142857 7
stats: {cpu,"tsung_controller@ip-172-31-53-64"} 1 0.4506760140210316 0.0 5.258499073331305 0.10015022533800699 0.9871000751051684 7
stats: session 33 2082.3253939393944 595.7548879484593 3373.62 1322.059 2320.8481083333336 120
stats: users_count 35 161
stats: finish_users_count 33 153
stats: request 161 66.86122981366462 97.21893252765511 296.073 6.461 63.80336824877249 611
stats: connect 35 1.344085714285714 0.23563317392307312 26.036 1.019 1.6812857142857138 126
stats: page 131 82.21053435114509 102.45163606033658 296.073 6.461 79.43835641547864 491
stats: 302 66 311
stats: 200 95 461
stats: match 30 150
stats: size_rcv 569518 2690027
stats: newphase 0 2
stats: size_sent 91954 449246
stats: connected 5 11
# stats: dump at 1615457923
stats: users 11 16
stats: {load,"tsung_controller@ip-172-31-53-64"} 1 0.0 0.0 0.0 0.0 0.0 8
stats: {freemem,"tsung_controller@ip-172-31-53-64"} 1 653.71875 0.0 661.55078125 653.71875 659.0830078125 8
stats: {cpu,"tsung_controller@ip-172-31-53-64"} 1 0.4012036108324975 0.0 5.258499073331305 0.10015022533800699 0.9200470674696514 8
stats: session 39 2493.3556153846157 601.810581620318 3373.62 1322.059 2269.402032679739 153
stats: users_count 42 203
stats: finish_users_count 39 192
stats: 302 80 391
stats: request 202 60.04741089108908 92.19566329293498 296.073 6.461 64.4410829015544 772
stats: 200 122 583
stats: match 41 191
stats: connect 40 1.391325 0.4418136704256671 26.036 1.019 1.607981366459627 161
stats: size_rcv 760548 3450575
stats: page 161 75.37922981366457 98.25067260802112 296.073 6.461 80.02220739549841 622
stats: newphase 0 2
stats: size_sent 119682 568928
stats: connected -1 10
# stats: dump at 1615457933
stats: users 24 26
stats: {load,"tsung_controller@ip-172-31-53-64"} 1 0.0 0.0 0.0 0.0 0.0 9
stats: {freemem,"tsung_controller@ip-172-31-53-64"} 1 657.16796875 0.0 661.55078125 653.71875 658.4869791666666 9
stats: {cpu,"tsung_controller@ip-172-31-53-64"} 1 0.5007511266900351 0.0 5.258499073331305 0.10015022533800699 0.8623977945099676 9
stats: session 58 2265.2061206896556 570.1737143794674 3373.62 1322.059 2314.892604166667 192
stats: users_count 71 274
stats: finish_users_count 58 250
stats: request 311 65.14869453376201 96.58781334148719 296.073 6.461 63.529869609856256 974
stats: connect 72 1.3678750000000004 0.3212983183507191 26.036 0.939 1.5648656716417908 201
stats: page 254 79.80335039370075 101.89638703569624 296.073 6.461 79.06752107279694 783
stats: 302 124 515
stats: 200 187 770
stats: match 57 248
stats: size_rcv 1145469 4596044
stats: newphase 1 3
stats: size_sent 180012 748940
stats: connected 15 25
# stats: dump at 1615457943
stats: users 21 27
stats: {load,"tsung_controller@ip-172-31-53-64"} 1 0.0 0.0 0.0 0.0 0.0 10
stats: {freemem,"tsung_controller@ip-172-31-53-64"} 1 653.58203125 0.0 661.55078125 653.58203125 658.355078125 10
stats: {cpu,"tsung_controller@ip-172-31-53-64"} 1 0.7035175879396985 0.0 5.258499073331305 0.10015022533800699 0.8262331277279744 10
stats: session 83 2334.8001445783143 615.5470743179606 3373.62 1322.059 2303.36534 250
stats: users_count 80 354
stats: finish_users_count 83 333
stats: request 407 65.06944717444718 98.11231523064764 525.552 6.461 63.921663035019435 1285
stats: connect 81 1.3325679012345684 0.2848552128766517 26.036 0.933 1.5129120879120879 273
stats: page 327 81.02847094801226 104.0435932265743 525.552 6.461 79.24775313404048 1037
stats: 302 166 681
stats: 200 241 1011
stats: match 80 328
stats: size_rcv 1586829 6182873
stats: newphase 0 3
stats: size_sent 236438 985378
stats: connected 1 26
# stats: dump at 1615457953
stats: users 19 27
stats: {load,"tsung_controller@ip-172-31-53-64"} 1 0.0 0.0 0.0 0.0 0.0 11
stats: {freemem,"tsung_controller@ip-172-31-53-64"} 1 648.703125 0.0 661.55078125 648.703125 657.9211647727273 11
stats: {cpu,"tsung_controller@ip-172-31-53-64"} 1 1.0510510510510511 0.0 5.258499073331305 0.10015022533800699 0.8150771695654039 11
stats: session 78 2327.640166666667 575.8132191952396 3373.62 1320.064 2311.200441441442 333
stats: users_count 76 430
stats: finish_users_count 78 411
stats: request 396 60.29190151515153 92.45461644563231 525.552 5.992 64.19775531914892 1692
stats: connect 76 1.4434342105263158 0.7196948610627746 26.036 0.916 1.4716468926553672 354
stats: page 314 76.03848089171973 98.77534579927098 525.552 5.992 79.67465542521994 1364
stats: 302 157 838
stats: 200 239 1250
stats: match 82 410
stats: size_rcv 1651195 7834068
stats: newphase 0 3
stats: size_sent 235719 1221097
stats: connected -5 21
# stats: dump at 1615457963
stats: users 37 40
stats: {load,"tsung_controller@ip-172-31-53-64"} 1 0.0 0.0 0.0 0.0 0.0 12
stats: {freemem,"tsung_controller@ip-172-31-53-64"} 1 650.6953125 0.0 661.55078125 648.703125 657.1529947916666 12
stats: {cpu,"tsung_controller@ip-172-31-53-64"} 1 1.0015022533800702 0.0 5.258499073331305 0.10015022533800699 0.8347416596892078 12
stats: session 118 2303.864203389831 539.3923867065225 3373.62 1312.338 2314.3203892944043 411
stats: users_count 136 566
stats: finish_users_count 118 529
stats: request 610 66.02427868852455 96.64581871958076 525.552 5.992 63.45698994252872 2088
stats: connect 131 1.528503816793892 1.3148792030782606 26.036 0.916 1.4666604651162791 430
stats: page 493 81.76490669371192 102.1008382078514 525.552 5.992 78.99422705601907 1678
stats: 302 245 1083
stats: 200 365 1615
stats: match 117 527
stats: size_rcv 2531308 10365376
stats: newphase 1 4
stats: size_sent 352742 1573839
stats: connected 13 34
# stats: dump at 1615457973
stats: users 42 48
stats: {load,"tsung_controller@ip-172-31-53-64"} 1 0.0 0.0 0.0 0.0 0.0 13
stats: {freemem,"tsung_controller@ip-172-31-53-64"} 1 645.73046875 0.0 661.55078125 645.73046875 656.65625 13
stats: {cpu,"tsung_controller@ip-172-31-53-64"} 1 1.8463073852295409 0.0 5.258499073331305 0.10015022533800699 0.8475693976654279 13
stats: session 162 2374.7540802469134 557.1894348415195 3373.62 1312.338 2311.988007561437 529
stats: users_count 167 733
stats: finish_users_count 162 691
stats: request 819 66.31762271062277 97.29937363318199 525.552 5.992 64.03743699036322 2698
stats: 302 331 1414
stats: 200 488 2103
stats: connect 169 1.4047988165680474 0.5947282963736259 26.036 0.916 1.4811016042780747 561
stats: match 159 686
stats: size_rcv 3578873 13944249
stats: newphase 0 4
stats: page 660 82.3317893939395 102.93471491451714 525.552 5.992 79.6234048825426 2171
stats: size_sent 475680 2049519
stats: connected 10 44
# stats: dump at 1615457983
stats: users 43 48
stats: {load,"tsung_controller@ip-172-31-53-64"} 1 0.0 0.0 0.0 0.0 0.0 14
stats: {freemem,"tsung_controller@ip-172-31-53-64"} 1 641.74609375 0.0 661.55078125 641.74609375 655.8758370535714 14
stats: {cpu,"tsung_controller@ip-172-31-53-64"} 1 2.155388471177945 0.0 5.258499073331305 0.10015022533800699 0.9189078253485788 14
stats: session 160 2355.727937499999 577.0776339962165 3384.523 1312.338 2326.7030636758327 691
stats: users_count 161 894
stats: finish_users_count 160 851
stats: request 803 63.51301743462016 95.07202249249849 525.552 5.992 64.56842138185955 3517
stats: connect 161 1.3168633540372683 0.42170247226771246 26.036 0.906 1.4634369863013699 730
stats: 302 321 1735
stats: page 642 79.48017289719627 100.99168772318478 525.552 5.992 80.2548191451784 2831
stats: 200 482 2585
stats: match 161 847
stats: size_rcv 3746190 17690439
stats: newphase 0 4
stats: size_sent 472083 2521602
stats: connected 0 44
# stats: dump at 1615457993
stats: users 66 79
stats: {load,"tsung_controller@ip-172-31-53-64"} 1 0.0 0.0 0.0 0.0 0.0 15
stats: {freemem,"tsung_controller@ip-172-31-53-64"} 1 642.56640625 0.0 661.55078125 641.74609375 654.9338541666667 15
stats: {cpu,"tsung_controller@ip-172-31-53-64"} 1 2.206619859578736 0.0 5.258499073331305 0.10015022533800699 1.00133986840387 15
stats: session 247 2303.015376518219 612.8005362039613 3425.836 1312.338 2332.1601492361933 851
stats: users_count 270 1164
stats: finish_users_count 247 1098
stats: request 1278 67.99637402190913 98.85223670874504 525.552 5.992 64.37224328703704 4320
stats: connect 266 1.3071541353383462 0.4423526502913045 26.036 0.906 1.4369517396184064 891
stats: page 1029 84.48515160349862 104.49404528095451 525.552 5.992 80.11162222862082 3473
stats: 302 513 2248
stats: 200 765 3350
stats: match 249 1096
stats: size_rcv 6279118 23969557
stats: newphase 1 5
stats: size_sent 744775 3266377
stats: connected 17 61
# stats: dump at 1615458003
stats: users 80 91
stats: {load,"tsung_controller@ip-172-31-53-64"} 1 0.0 0.0 0.0 0.0 0.0 16
stats: {freemem,"tsung_controller@ip-172-31-53-64"} 1 634.171875 0.0 661.55078125 634.171875 654.160888671875 16
stats: {cpu,"tsung_controller@ip-172-31-53-64"} 1 3.9579158316633265 0.0 5.258499073331305 0.10015022533800699 1.076669867852299 16
stats: session 314 2361.0309554140144 604.7149802550015 3657.357 1312.338 2325.6039025500913 1098
stats: users_count 328 1492
stats: finish_users_count 314 1412
stats: request 1592 72.9562713567839 103.05217651512393 526.852 5.876 65.1996171847088 5598
stats: connect 329 1.3888753799392095 0.5945201735428967 26.036 0.903 1.4071106309420915 1157
stats: page 1278 90.90171205007819 109.45890163059767 544.322 5.876 81.11125832963131 4502
stats: 302 636 2884
stats: 200 956 4306
stats: match 314 1410
stats: size_rcv 8529432 32498989
stats: newphase 0 5
stats: size_sent 935120 4201497
stats: connected 16 77
# stats: dump at 1615458013
stats: users 78 99
stats: {load,"tsung_controller@ip-172-31-53-64"} 1 0.0 0.0 0.0 0.0 0.0 17
stats: {freemem,"tsung_controller@ip-172-31-53-64"} 1 626.89453125 0.0 661.55078125 626.89453125 652.9850643382352 17
stats: {cpu,"tsung_controller@ip-172-31-53-64"} 1 5.628140703517588 0.0 5.628140703517588 0.10015022533800699 1.2461549245470653 17
stats: session 338 2442.5223550295873 587.7370343981066 3818.002 1312.338 2333.4821565155817 1412
stats: users_count 336 1828
stats: finish_users_count 338 1750
stats: request 1689 76.18048845470697 111.08163775656047 759.964 5.876 66.91708497913767 7190
stats: connect 335 1.3485970149253743 0.6384804783116858 26.036 0.878 1.4030733512786 1486
stats: page 1349 95.44039955522624 118.04963655532083 759.964 5.876 83.27599878892735 5780
stats: 302 674 3558
stats: 200 1015 5321
stats: match 340 1750
stats: size_rcv 9983891 42482880
stats: newphase 0 5
stats: size_sent 994791 5196288
stats: connected -6 71
# stats: dump at 1615458023
stats: users 413 414
stats: {load,"tsung_controller@ip-172-31-53-64"} 1 0.0 0.0 0.0 0.0 0.0 18
stats: {freemem,"tsung_controller@ip-172-31-53-64"} 1 628.46484375 0.0 661.55078125 626.89453125 651.5355902777778 18
stats: {cpu,"tsung_controller@ip-172-31-53-64"} 1 5.055055055055055 0.0 5.628140703517588 0.10015022533800699 1.4895985789343165 18
stats: session 235 3835.7174212765963 1554.7928906685925 8625.824 1312.338 2354.542492000001 1750
stats: users_count 570 2398
stats: finish_users_count 235 1985
stats: request 1795 537.44816545961 664.6280631738999 4086.178 5.876 68.67920779367044 8879
stats: connect 570 1.5151508771929816 2.0791820680192763 27.882 0.878 1.3930516199890168 1821
stats: page 1529 586.9592766514056 724.6458581715597 5169.549 5.876 85.5778330761678 7129
stats: 302 703 4261
stats: 200 1092 6413
stats: match 266 2016
stats: size_rcv 11248381 53731261
stats: newphase 1 6
stats: size_sent 1129647 6325935
stats: connected 337 408
# stats: dump at 1615458033
stats: users 810 811
stats: {load,"tsung_controller@ip-172-31-53-64"} 1 0.0 0.0 0.0 0.0 0.0 19
stats: {freemem,"tsung_controller@ip-172-31-53-64"} 1 563.296875 0.0 661.55078125 563.296875 650.3213404605264 19
stats: {cpu,"tsung_controller@ip-172-31-53-64"} 1 7.070193285859613 0.0 7.070193285859613 0.10015022533800699 1.6772541829406713 19
stats: session 255 9196.110745098036 2221.178245064153 14975.455 1312.338 2529.8956952141066 1985
stats: users_count 652 3050
stats: finish_users_count 255 2240
stats: connect 655 1.3360320610687038 0.7859746750448023 27.882 0.859 1.4221593475533247 2391
stats: page 1584 2448.241994949493 1482.9030171985048 11238.544 5.876 174.12163386463382 8658
stats: 302 758 5019
stats: request 1897 2194.756148655771 1188.1175846072554 10816.02 5.876 147.5100377552932 10674
stats: 200 1139 7552
stats: match 313 2329
stats: size_rcv 12417654 66148915
stats: newphase 0 6
stats: size_sent 1204722 7530657
stats: connected 401 809
# stats: dump at 1615458043
stats: users 1102 1105
stats: {load,"tsung_controller@ip-172-31-53-64"} 1 0.078125 0.0 0.078125 0.0 0.0 20
stats: {freemem,"tsung_controller@ip-172-31-53-64"} 1 491.41015625 0.0 661.55078125 491.41015625 645.9701171875 20
stats: {cpu,"tsung_controller@ip-172-31-53-64"} 1 7.124681933842239 0.0 7.124681933842239 0.10015022533800699 1.9469011380866186 20
stats: session 297 15040.188286195287 2279.1925929578515 21490.591 1312.338 3288.7728549107146 2240
stats: users_count 589 3639
stats: finish_users_count 297 2537
stats: request 2079 3672.3194627224643 1425.5327050737274 15730.15 0.885 456.44535494391835 12571
stats: connect 592 1.3093766891891903 0.7824642304646304 27.882 0.859 1.403638870650033 3046
stats: page 1758 4171.944283276439 2026.5880759447916 14979.862 0.885 525.8309339972658 10242
stats: 302 760 5779
stats: match_stop 16 16
stats: 200 1207 8759
stats: match 305 2634
stats: size_rcv 13691003 79839918
stats: newphase 0 6
stats: nomatch 16 16
stats: 502 95 95
stats: size_sent 1277695 8808352
stats: connected 294 1103
stats: 500 18 18
# stats: dump at 1615458053
stats: users 1285 1310
stats: {load,"tsung_controller@ip-172-31-53-64"} 1 0.1484375 0.0 0.1484375 0.0 0.003720238095238095 21
stats: {freemem,"tsung_controller@ip-172-31-53-64"} 1 416.0859375 0.0 661.55078125 416.0859375 638.610119047619 21
stats: {cpu,"tsung_controller@ip-172-31-53-64"} 1 7.8760162601626025 0.0 7.8760162601626025 0.10015022533800699 2.1934621283606957 21
stats: session 969 12614.107011351922 7341.249735945262 29620.37 1019.305 4664.480534489555 2537
stats: users_count 1152 4791
stats: finish_users_count 969 3506
stats: request 4583 2141.460479816721 2911.4936769557985 17357.081 0.835 912.8141105802048 14650
stats: connect 1145 1.2100427947598258 0.3917503760311835 27.882 0.817 1.388299890049478 3638
stats: page 3626 2696.7549856591304 3550.2728612163987 21697.793 0.835 1059.9865396666646 12000
stats: 302 813 6592
stats: match_stop 576 592
stats: 200 907 9666
stats: match 381 3015
stats: size_rcv 12886836 92726754
stats: newphase 1 7
stats: nomatch 576 592
stats: 502 2859 2954
stats: size_sent 1849837 10658189
stats: connected 177 1280
stats: 500 3 21
# stats: dump at 1615458063
stats: users 1287 1310
stats: {load,"tsung_controller@ip-172-31-53-64"} 1 0.12109375 0.0 0.1484375 0.0 0.010298295454545454 22
stats: {freemem,"tsung_controller@ip-172-31-53-64"} 1 381.01953125 0.0 661.55078125 381.01953125 628.4953835227273 22
stats: {cpu,"tsung_controller@ip-172-31-53-64"} 1 15.684264479753974 0.0 15.684264479753974 0.10015022533800699 2.4517600434426003 22
stats: session 1251 10854.856724220614 7601.10893439444 33903.23 1010.393 6861.624874500859 3506
stats: users_count 1253 6044
stats: finish_users_count 1251 4757
stats: connect 1259 1.255189038919777 0.4680813448113425 27.882 0.817 1.3456270123353549 4783
stats: page 4183 2567.7865170929954 3381.510422806243 21697.793 0.835 1439.7972644310753 15626
stats: 302 953 7545
stats: request 5410 1944.7250458410354 2730.9022235844527 17357.081 0.835 1205.586237144493 19233
stats: match_stop 759 1351
stats: 200 1062 10728
stats: match 468 3483
stats: size_rcv 17028905 109755659
stats: newphase 0 7
stats: nomatch 759 1351
stats: 502 3375 6329
stats: size_sent 2153799 12811988
stats: connected 8 1288
stats: 500 20 41
# stats: dump at 1615458073
stats: users 1275 1315
stats: {load,"tsung_controller@ip-172-31-53-64"} 1 0.1796875 0.0 0.1796875 0.0 0.015115489130434782 23
stats: {freemem,"tsung_controller@ip-172-31-53-64"} 1 387.76953125 0.0 661.55078125 381.01953125 617.7355638586956 23
stats: {cpu,"tsung_controller@ip-172-31-53-64"} 1 16.408668730650156 0.0 16.408668730650156 0.10015022533800699 3.0270863232822256 23
stats: session 1278 10141.184691705794 6919.504534387525 38914.607 1010.393 7911.768461635484 4757
stats: users_count 1266 7310
stats: finish_users_count 1278 6035
stats: request 5640 1817.8444484042523 2524.4792599399666 17357.081 0.835 1367.8530453678543 24643
stats: connect 1268 1.237234227129336 0.45147842089991763 27.882 0.751 1.3267820258192655 6042
stats: page 4340 2347.3176417050727 3029.084482355358 21697.793 0.835 1677.9909664798822 19809
stats: 302 1018 8563
stats: match_stop 795 2146
stats: 200 1096 11824
stats: match 505 3988
stats: size_rcv 19165408 128921067
stats: newphase 0 7
stats: nomatch 795 2146
stats: 502 3526 9855
stats: size_sent 2274774 15086762
stats: connected -13 1275
stats: 500 0 41
# stats: dump at 1615458083
stats: users 763 1315
stats: {load,"tsung_controller@ip-172-31-53-64"} 1 0.21875 0.0 0.21875 0.0 0.02197265625 24
stats: {freemem,"tsung_controller@ip-172-31-53-64"} 1 403.765625 0.0 661.55078125 381.01953125 608.1536458333334 24
stats: {cpu,"tsung_controller@ip-172-31-53-64"} 1 18.62845445240532 0.0 18.62845445240532 0.10015022533800699 3.5846522569225563 24
stats: session 720 13286.923498611106 6974.864094014934 38914.607 1010.393 8383.880133885667 6035
stats: users_count 208 7518
stats: finish_users_count 720 6755
stats: connect 208 1.261860576923078 0.6941339961417156 27.882 0.751 1.3112489740082078 7310
stats: page 2319 4205.993786545919 2725.639353298723 21697.793 0.835 1798.2807412315212 24149
stats: request 3059 3290.972990519778 2287.180379430646 17357.081 0.835 1451.6608422547308 30283
stats: 302 1045 9608
stats: match_stop 152 2298
stats: 200 1315 13139
stats: match 588 4576
stats: size_rcv 24307508 153228575
stats: newphase 0 7
stats: nomatch 152 2298
stats: 502 699 10554
stats: size_sent 1556418 16643180
stats: connected -448 827
stats: 500 0 41
# stats: dump at 1615458093
stats: users 0 1315
stats: {load,"tsung_controller@ip-172-31-53-64"} 1 0.19140625 0.0 0.21875 0.0 0.02984375 25
stats: {freemem,"tsung_controller@ip-172-31-53-64"} 1 378.98046875 0.0 661.55078125 378.98046875 599.978125 25
stats: {cpu,"tsung_controller@ip-172-31-53-64"} 1 9.768378650553878 0.0 18.62845445240532 0.10015022533800699 4.186404344741867 25
stats: session 763 15994.169372214941 4296.40484448343 38914.607 1010.393 8906.484311917098 6755
stats: users_count 0 7518
stats: finish_users_count 763 7518
stats: connect 0 0 0 27.882 0.751 1.3098825485501464 7518
stats: 302 714 10322
stats: request 1950 1681.8446102564099 1723.7463022256209 17357.081 0.835 1620.4106431527807 33342
stats: match_stop 0 2298
stats: 200 1236 14375
stats: page 1306 3132.098219754973 2781.165730528574 21697.793 0.835 2009.2330818724492 26468
stats: match 644 5220
stats: size_rcv 18741312 171969887
stats: newphase 0 7
stats: nomatch 0 2298
stats: 502 0 10554
stats: size_sent 915478 17558658
stats: connected -827 0
stats: 500 0 41
# stats: dump at 1615458103
stats: users 0 1315
stats: {load,"tsung_controller@ip-172-31-53-64"} 1 0.16015625 0.0 0.21875 0.0 0.036057692307692304 26
stats: {freemem,"tsung_controller@ip-172-31-53-64"} 1 641.140625 0.0 661.55078125 378.98046875 591.4782151442307 26
stats: {cpu,"tsung_controller@ip-172-31-53-64"} 1 4.354354354354354 0.0 18.62845445240532 0.10015022533800699 4.401095664196175 26
stats: session 0 0 0 38914.607 1010.393 9625.811752859803 7518
stats: users_count 0 7518
stats: finish_users_count 0 7518
stats: request 0 0 0 17357.081 0.835 1623.8050735010772 35292
stats: connect 0 0 0 27.882 0.751 1.3098825485501464 7518
stats: page 0 0 0 21697.793 0.835 2062.0328899690353 27774
stats: 302 0 10322
stats: match_stop 0 2298
stats: 200 0 14375
stats: match 0 5220
stats: size_rcv 0 171969887
stats: newphase 0 7
stats: nomatch 0 2298
stats: 502 0 10554
stats: size_sent 0 17558658
stats: connected 0 0
stats: 500 0 41
# stats: dump at 1615458113
stats: users 0 1315
stats: {load,"tsung_controller@ip-172-31-53-64"} 1 0.12890625 0.0 0.21875 0.0 0.04065393518518518 27
stats: {freemem,"tsung_controller@ip-172-31-53-64"} 1 642.84375 0.0 661.55078125 378.98046875 593.3175636574074 27
stats: {cpu,"tsung_controller@ip-172-31-53-64"} 1 0.0 0.0 18.62845445240532 0.0 4.399364504572405 27
stats: session 0 0 0 38914.607 1010.393 9625.811752859803 7518
stats: users_count 0 7518
stats: finish_users_count 0 7518
stats: request 0 0 0 17357.081 0.835 1623.8050735010772 35292
stats: connect 0 0 0 27.882 0.751 1.3098825485501464 7518
stats: page 0 0 0 21697.793 0.835 2062.0328899690353 27774
stats: 302 0 10322
stats: match_stop 0 2298
stats: 200 0 14375
stats: match 0 5220
stats: size_rcv 0 171969887
stats: newphase 0 7
stats: nomatch 0 2298
stats: 502 0 10554
stats: size_sent 0 17558658
stats: connected 0 0
stats: 500 0 41
# stats: dump at 1615458123
stats: users 0 1315
stats: {load,"tsung_controller@ip-172-31-53-64"} 1 0.109375 0.0 0.21875 0.0 0.04380580357142857 28
stats: {freemem,"tsung_controller@ip-172-31-53-64"} 1 643.078125 0.0 661.55078125 378.98046875 595.0863560267857 28
stats: {cpu,"tsung_controller@ip-172-31-53-64"} 1 0.0 0.0 18.62845445240532 0.0 4.242244343694819 28
stats: session 0 0 0 38914.607 1010.393 9625.811752859803 7518
stats: users_count 0 7518
stats: finish_users_count 0 7518
stats: request 0 0 0 17357.081 0.835 1623.8050735010772 35292
stats: connect 0 0 0 27.882 0.751 1.3098825485501464 7518
stats: page 0 0 0 21697.793 0.835 2062.0328899690353 27774
stats: 302 0 10322
stats: match_stop 0 2298
stats: 200 0 14375
stats: match 0 5220
stats: size_rcv 0 171969887
stats: newphase 0 7
stats: nomatch 0 2298
stats: 502 0 10554
stats: size_sent 0 17558658
stats: connected 0 0
stats: 500 0 41
# stats: dump at 1615458133
stats: users 0 1315
stats: {load,"tsung_controller@ip-172-31-53-64"} 1 0.1015625 0.0 0.21875 0.0 0.04606681034482758 29
stats: {freemem,"tsung_controller@ip-172-31-53-64"} 1 643.578125 0.0 661.55078125 378.98046875 596.741244612069 29
stats: {cpu,"tsung_controller@ip-172-31-53-64"} 1 0.1 0.0 18.62845445240532 0.0 4.095960055981204 29
stats: session 0 0 0 38914.607 1010.393 9625.811752859803 7518
stats: users_count 0 7518
stats: finish_users_count 0 7518
stats: request 0 0 0 17357.081 0.835 1623.8050735010772 35292
stats: connect 0 0 0 27.882 0.751 1.3098825485501464 7518
stats: page 0 0 0 21697.793 0.835 2062.0328899690353 27774
stats: 302 0 10322
stats: match_stop 0 2298
stats: 200 0 14375
stats: match 0 5220
stats: size_rcv 0 171969887
stats: newphase 0 7
stats: nomatch 0 2298
stats: 502 0 10554
stats: size_sent 0 17558658
stats: connected 0 0
stats: 500 0 41
# stats: dump at 1615458135
stats: users 0 1315
stats: {load,"tsung_controller@ip-172-31-53-64"} 1 0.078125 0.0 0.21875 0.0 0.04791666666666667 30
stats: {freemem,"tsung_controller@ip-172-31-53-64"} 1 643.6875 0.0 661.55078125 378.98046875 598.3024739583333 30
stats: {cpu,"tsung_controller@ip-172-31-53-64"} 1 0.0 0.0 18.62845445240532 0.0 3.9627613874484973 30
stats: session 0 0 0 38914.607 1010.393 9625.811752859803 7518
stats: users_count 0 7518
stats: finish_users_count 0 7518
stats: connect 0 0 0 27.882 0.751 1.3098825485501464 7518
stats: request 0 0 0 17357.081 0.835 1623.8050735010772 35292
stats: page 0 0 0 21697.793 0.835 2062.0328899690353 27774
stats: 302 0 10322
stats: match_stop 0 2298
stats: 200 0 14375
stats: match 0 5220
stats: size_rcv 0 171969887
stats: newphase 0 7
stats: nomatch 0 2298
stats: 502 0 10554
stats: size_sent 0 17558658
stats: connected 0 0
stats: 500 0 41
EndMonitor:{1615,458135,713549}
