# stats: dump at 1615367738
stats: users 8 8
stats: {load,"tsung_controller@ip-172-31-50-238"} 1 0.0 0 0.0 0.0 0 0
stats: {cpu,"tsung_controller@ip-172-31-50-238"} 1 1.8667695443631276 0 1.8667695443631276 1.8667695443631276 0 0
stats: {freemem,"tsung_controller@ip-172-31-50-238"} 1 674.71875 0 674.71875 674.71875 0 0
stats: users_count 8 8
stats: finish_users_count 0 0
stats: 302 4 4
stats: request 16 72.16799999999999 95.59444227634262 247.129 7.028 0 0
stats: 200 12 12
stats: size_rcv 46728 46728
stats: connect 7 2.490571428571428 3.1302787578809683 10.147 1.043 0 0
stats: size_sent 6596 6596
stats: connected 7 7
stats: page 16 72.16799999999999 95.59444227634262 247.129 7.028 0 0
# stats: dump at 1615367748
stats: users 14 15
stats: {load,"tsung_controller@ip-172-31-50-238"} 1 0.0 0.0 0.0 0.0 0.0 1
stats: {cpu,"tsung_controller@ip-172-31-50-238"} 1 0.15022533800701052 0.0 1.8667695443631276 0.15022533800701052 1.8667695443631276 1
stats: {freemem,"tsung_controller@ip-172-31-50-238"} 1 673.859375 0.0 674.71875 673.859375 674.71875 1
stats: session 2 15886.015500000001 666.3414999999991 16552.357 15219.674 0 0
stats: users_count 8 16
stats: finish_users_count 2 2
stats: 302 9 13
stats: request 48 59.14066666666667 91.92717824119747 337.221 7.028 72.16799999999999 16
stats: 200 39 51
stats: size_rcv 115949 162677
stats: size_sent 27296 33892
stats: connected 6 13
stats: connect 7 1.187 0.051934024080008044 10.147 1.043 2.490571428571428 7
stats: page 44 64.52809090909089 95.20880863726894 348.537 7.028 72.16799999999999 16
# stats: dump at 1615367758
stats: users 17 18
stats: {load,"tsung_controller@ip-172-31-50-238"} 1 0.0 0.0 0.0 0.0 0.0 2
stats: {cpu,"tsung_controller@ip-172-31-50-238"} 1 0.40040040040040037 0.0 1.8667695443631276 0.15022533800701052 1.0084974411850691 2
stats: {freemem,"tsung_controller@ip-172-31-50-238"} 1 670.1953125 0.0 674.71875 670.1953125 674.2890625 2
stats: session 9 17917.418555555556 1816.6387175751645 21004.943 15219.674 15886.015500000001 2
stats: users_count 12 28
stats: finish_users_count 9 11
stats: request 88 39.047806818181826 70.03296957113353 337.221 7.028 62.397499999999994 64
stats: connect 14 1.2070714285714286 0.062292471782843306 10.147 1.043 1.8387857142857142 14
stats: page 69 49.83681159420289 76.55944203060108 348.537 7.028 66.56539999999998 60
stats: 302 19 32
stats: 200 69 120
stats: size_rcv 162508 325185
stats: size_sent 47957 81849
stats: connected 4 17
# stats: dump at 1615367768
stats: users 22 22
stats: {load,"tsung_controller@ip-172-31-50-238"} 1 0.0 0.0 0.0 0.0 0.0 3
stats: {cpu,"tsung_controller@ip-172-31-50-238"} 1 0.25037556334501754 0.0 1.8667695443631276 0.15022533800701052 0.8057984275901795 3
stats: {freemem,"tsung_controller@ip-172-31-50-238"} 1 663.71875 0.0 674.71875 663.71875 672.9244791666666 3
stats: session 8 17884.273624999998 2247.558666045279 22104.046 15219.674 17548.072545454546 11
stats: users_count 13 41
stats: finish_users_count 8 19
stats: request 88 33.583363636363636 66.35105550766623 337.221 7.028 48.87925657894738 152
stats: connect 11 1.251 0.2041376540919921 10.147 1.043 1.5229285714285712 28
stats: page 69 42.86052173913044 72.68965423976032 348.537 7.028 57.61755038759689 129
stats: 302 17 49
stats: 200 71 191
stats: size_rcv 166621 491806
stats: newphase 1 1
stats: size_sent 50029 131878
stats: connected 3 20
# stats: dump at 1615367778
stats: users 41 42
stats: {load,"tsung_controller@ip-172-31-50-238"} 1 0.0 0.0 0.0 0.0 0.0 4
stats: {cpu,"tsung_controller@ip-172-31-50-238"} 1 0.25037556334501754 0.0 1.8667695443631276 0.15022533800701052 0.6669427115288891 4
stats: {freemem,"tsung_controller@ip-172-31-50-238"} 1 659.0546875 0.0 674.71875 659.0546875 670.623046875 4
stats: session 11 18161.219363636363 1817.0511836463486 22104.046 14454.59 17689.63089473684 19
stats: users_count 30 71
stats: finish_users_count 11 30
stats: request 155 105.68936129032262 161.30574680620703 818.119 7.028 43.270762500000004 240
stats: connect 31 1.3507741935483868 0.7424120110644336 10.147 1.043 1.446230769230769 39
stats: page 137 119.59113868613134 169.41238352340997 818.119 7.028 52.47494949494949 198
stats: 302 41 90
stats: 200 114 305
stats: size_rcv 387517 879323
stats: newphase 0 1
stats: size_sent 83720 215598
stats: connected 20 40
# stats: dump at 1615367788
stats: users 38 49
stats: {load,"tsung_controller@ip-172-31-50-238"} 1 0.0 0.0 0.0 0.0 0.0 5
stats: {cpu,"tsung_controller@ip-172-31-50-238"} 1 0.4506760140210316 0.0 1.8667695443631276 0.15022533800701052 0.5836292818921148 5
stats: {freemem,"tsung_controller@ip-172-31-50-238"} 1 657.234375 0.0 674.71875 657.234375 668.309375 5
stats: session 15 17817.03613333333 1959.1410068576097 22104.046 14454.59 17862.546666666665 30
stats: users_count 12 83
stats: finish_users_count 15 45
stats: request 195 46.99057948717951 91.93799960462538 818.119 6.931 67.76413670886078 395
stats: connect 13 1.1712307692307695 0.09221893168404598 10.147 1.043 1.4039571428571427 70
stats: page 153 59.92084313725485 100.33289381084874 818.119 6.931 79.92246567164176 335
stats: 302 34 124
stats: 200 161 466
stats: size_rcv 373258 1252581
stats: newphase 0 1
stats: size_sent 116080 331678
stats: connected -1 39
# stats: dump at 1615367798
stats: users 39 49
stats: {load,"tsung_controller@ip-172-31-50-238"} 1 0.0 0.0 0.0 0.0 0.0 6
stats: {cpu,"tsung_controller@ip-172-31-50-238"} 1 0.2008032128514056 0.0 1.8667695443631276 0.15022533800701052 0.5614704039136009 6
stats: {freemem,"tsung_controller@ip-172-31-50-238"} 1 653.0703125 0.0 674.71875 653.0703125 666.4635416666666 6
stats: session 28 18340.565142857144 1690.1272686495436 23182.198 14454.59 17847.376488888884 45
stats: users_count 29 112
stats: finish_users_count 28 73
stats: request 207 60.897347826086914 109.17009579959849 818.119 6.931 60.89830000000002 590
stats: connect 28 1.5648571428571427 1.370691606303853 10.147 0.937 1.3675060240963854 83
stats: page 157 80.32619745222924 120.51255290915034 818.119 6.931 73.65146516393439 488
stats: 302 53 177
stats: 200 154 620
stats: size_rcv 398368 1650949
stats: newphase 1 2
stats: size_sent 118069 449747
stats: connected 0 39
# stats: dump at 1615367808
stats: users 57 58
stats: {load,"tsung_controller@ip-172-31-50-238"} 1 0.0 0.0 0.0 0.0 0.0 7
stats: {cpu,"tsung_controller@ip-172-31-50-238"} 1 0.40060090135202797 0.0 1.8667695443631276 0.15022533800701052 0.5099465194761444 7
stats: {freemem,"tsung_controller@ip-172-31-50-238"} 1 654.7578125 0.0 674.71875 653.0703125 664.5502232142857 7
stats: session 14 17501.364 2508.6803833887884 23182.198 12531.375 18036.544739726025 73
stats: users_count 32 144
stats: finish_users_count 14 87
stats: request 196 64.41211224489798 115.5007049232736 818.119 6.931 60.89805269761606 797
stats: connect 33 1.1740606060606062 0.21551797216683674 10.147 0.937 1.4172882882882882 111
stats: page 163 76.8850736196319 123.51429236816807 818.119 6.931 75.27616744186041 645
stats: 302 39 216
stats: 200 157 777
stats: size_rcv 384741 2035690
stats: newphase 0 2
stats: size_sent 112578 562325
stats: connected 18 57
# stats: dump at 1615367818
stats: users 73 74
stats: {load,"tsung_controller@ip-172-31-50-238"} 1 0.0 0.0 0.0 0.0 0.0 8
stats: {cpu,"tsung_controller@ip-172-31-50-238"} 1 0.7003501750875438 0.0 1.8667695443631276 0.15022533800701052 0.49627831721062987 8
stats: {freemem,"tsung_controller@ip-172-31-50-238"} 1 647.90234375 0.0 674.71875 647.90234375 663.326171875 8
stats: session 27 18568.325148148146 1728.8433141874714 23182.198 12531.375 17950.423701149422 87
stats: users_count 43 187
stats: finish_users_count 27 114
stats: 302 66 282
stats: request 299 109.1670969899666 166.5763585854826 818.119 6.931 61.591663645518636 993
stats: page 246 133.1024065040651 187.13034184839768 889.712 6.931 75.60073638613856 808
stats: connect 43 1.3042093023255814 0.7949372524056877 10.147 0.937 1.361548611111111 144
stats: 200 233 1010
stats: size_rcv 635819 2671509
stats: newphase 0 2
stats: size_sent 161886 724211
stats: connected 16 73
# stats: dump at 1615367828
stats: users 114 114
stats: {load,"tsung_controller@ip-172-31-50-238"} 1 0.0 0.0 0.0 0.0 0.0 9
stats: {cpu,"tsung_controller@ip-172-31-50-238"} 1 0.45203415369161226 0.0 1.8667695443631276 0.15022533800701052 0.5189529680858426 9
stats: {freemem,"tsung_controller@ip-172-31-50-238"} 1 641.015625 0.0 674.71875 641.015625 661.6124131944445 9
stats: session 30 18685.356466666668 1843.6580394631885 23182.198 12531.375 18096.76878070175 114
stats: users_count 71 258
stats: finish_users_count 30 144
stats: request 370 197.56172432432444 273.850349251231 1305.263 6.931 72.60176780185759 1292
stats: 302 81 363
stats: connect 69 1.2614347826086953 0.45218883057890225 10.147 0.937 1.3483636363636364 187
stats: page 300 235.19039000000018 302.83673835988134 1638.062 6.931 89.02142979127132 1054
stats: 200 289 1299
stats: size_rcv 724613 3396122
stats: newphase 1 3
stats: size_sent 224327 948538
stats: connected 39 112
# stats: dump at 1615367838
stats: users 162 162
stats: {load,"tsung_controller@ip-172-31-50-238"} 1 0.0 0.0 0.0 0.0 0.0 10
stats: {cpu,"tsung_controller@ip-172-31-50-238"} 1 0.9514271407110666 0.0 1.8667695443631276 0.15022533800701052 0.5122610866464196 10
stats: {freemem,"tsung_controller@ip-172-31-50-238"} 1 633.85546875 0.0 674.71875 633.85546875 659.552734375 10
stats: session 32 20101.150999999998 1962.503304340498 24455.42 12531.375 18219.391215277774 144
stats: users_count 80 338
stats: finish_users_count 32 176
stats: request 433 774.8195011547351 480.0482416634562 2417.166 6.931 100.42077135980749 1662
stats: connect 80 1.222025 0.38668798710976265 10.147 0.917 1.32493359375 256
stats: page 366 911.7612486338795 584.7748008600332 3656.795 6.931 121.40746233382572 1354
stats: 302 101 464
stats: 200 332 1631
stats: size_rcv 960950 4357072
stats: newphase 0 3
stats: size_sent 253289 1201827
stats: connected 48 160
# stats: dump at 1615367848
stats: users 199 203
stats: {load,"tsung_controller@ip-172-31-50-238"} 1 0.0 0.0 0.0 0.0 0.0 11
stats: {cpu,"tsung_controller@ip-172-31-50-238"} 1 1.2042147516307076 0.0 1.8667695443631276 0.15022533800701052 0.5521852733795692 11
stats: {freemem,"tsung_controller@ip-172-31-50-238"} 1 616.12890625 0.0 674.71875 616.12890625 657.2166193181819 11
stats: session 34 23759.640352941173 2057.8508959265487 29096.05 12531.375 18561.529357954543 176
stats: users_count 71 409
stats: finish_users_count 34 210
stats: request 532 1416.431206766917 589.511485134758 3416.054 6.931 239.80723914081165 2095
stats: connect 71 1.3166619718309855 0.7150668036094817 10.147 0.917 1.3004315476190476 336
stats: page 439 1678.6388451025055 838.8976199132966 5291.894 6.931 289.5873959302325 1720
stats: 302 108 572
stats: 200 424 2055
stats: size_rcv 1165252 5522324
stats: newphase 0 3
stats: size_sent 301611 1503438
stats: connected 42 202
# stats: dump at 1615367858
stats: users 326 326
stats: {load,"tsung_controller@ip-172-31-50-238"} 1 0.0 0.0 0.0 0.0 0.0 12
stats: {cpu,"tsung_controller@ip-172-31-50-238"} 1 1.4543630892678034 0.0 1.8667695443631276 0.15022533800701052 0.6065210632338308 12
stats: {freemem,"tsung_controller@ip-172-31-50-238"} 1 603.125 0.0 674.71875 603.125 653.7926432291667 12
stats: session 47 28166.21036170211 2317.9826878215863 32273.391 12531.375 19403.128280952376 210
stats: users_count 174 583
stats: finish_users_count 47 257
stats: request 598 1835.5949515050174 626.0793428302555 3416.054 0.587 478.0881492196423 2627
stats: connect 173 1.3321907514450861 1.2332255294099503 14.509 0.898 1.3032628992628992 407
stats: page 489 2140.547482617587 900.015846832333 5444.949 0.601 572.0300018527095 2159
stats: 302 124 696
stats: 200 458 2513
stats: size_rcv 1061777 6584101
stats: newphase 1 4
stats: 502 16 16
stats: size_sent 365544 1868982
stats: connected 122 324
# stats: dump at 1615367868
stats: users 423 425
stats: {load,"tsung_controller@ip-172-31-50-238"} 1 0.0 0.0 0.0 0.0 0.0 13
stats: {cpu,"tsung_controller@ip-172-31-50-238"} 1 1.7650025214321734 0.0 1.8667695443631276 0.15022533800701052 0.6717396806210594 13
stats: {freemem,"tsung_controller@ip-172-31-50-238"} 1 588.359375 0.0 674.71875 588.359375 649.8951322115385 13
stats: session 50 30910.911540000012 3644.848214319625 39227.505 12531.375 21005.715276264582 257
stats: users_count 147 730
stats: finish_users_count 50 307
stats: request 883 1812.5829479048712 2477.8596301574858 7256.478 0.585 729.8056896124032 3225
stats: connect 146 1.3024315068493144 1.0576418516702986 14.509 0.898 1.3118913793103446 580
stats: page 781 1973.5461702944958 2832.177117894842 10314.58 0.587 861.6844762084592 2648
stats: 302 95 791
stats: 200 229 2742
stats: size_rcv 791091 7375192
stats: newphase 0 4
stats: 502 560 576
stats: size_sent 415238 2284220
stats: connected 97 421
# stats: dump at 1615367878
stats: users 511 511
stats: {load,"tsung_controller@ip-172-31-50-238"} 1 0.0 0.0 0.0 0.0 0.0 14
stats: {cpu,"tsung_controller@ip-172-31-50-238"} 1 1.710261569416499 0.0 1.8667695443631276 0.15022533800701052 0.7498298835361389 14
stats: {freemem,"tsung_controller@ip-172-31-50-238"} 1 577.0703125 0.0 674.71875 577.0703125 645.4997209821429 14
stats: session 84 32345.959773809525 6775.6634665572465 42711.998 12531.375 22618.93942345276 307
stats: users_count 172 902
stats: finish_users_count 84 391
stats: request 1281 1724.652628415303 2116.868533291814 7256.478 0.577 962.5448130477122 4108
stats: 302 119 910
stats: connect 173 1.326768786127167 1.6863312964354995 22.469 0.898 1.309988980716253 726
stats: page 1082 2077.827385397417 2721.507315015346 11558.867 0.577 1114.9256494604845 3429
stats: 200 418 3160
stats: size_rcv 1412183 8787375
stats: newphase 0 4
stats: 502 743 1319
stats: size_sent 546502 2830722
stats: connected 88 509
# stats: dump at 1615367888
stats: users 608 610
stats: {load,"tsung_controller@ip-172-31-50-238"} 1 0.0 0.0 0.0 0.0 0.0 15
stats: {cpu,"tsung_controller@ip-172-31-50-238"} 1 2.8268551236749118 0.0 2.8268551236749118 0.15022533800701052 0.8138586625948296 15
stats: {freemem,"tsung_controller@ip-172-31-50-238"} 1 569.90625 0.0 674.71875 569.90625 640.9377604166667 15
stats: session 181 29294.92554143647 6439.470698346942 43318.232 12531.375 24708.631774936053 391
stats: users_count 278 1180
stats: finish_users_count 181 572
stats: connect 275 1.1820618181818194 0.303759210554502 22.469 0.889 1.3132180200222465 899
stats: page 1457 1300.8478188057638 2018.6650960724432 11558.867 0.571 1345.8854540013315 4511
stats: 302 163 1073
stats: request 1842 1013.3342877307279 1558.190876169312 7256.478 0.571 1143.7027480051966 5389
stats: 200 415 3575
stats: size_rcv 1427774 10215149
stats: newphase 1 5
stats: 502 1264 2583
stats: size_sent 804118 3634840
stats: connected 98 607
# stats: dump at 1615367898
stats: users 750 753
stats: {load,"tsung_controller@ip-172-31-50-238"} 1 0.0 0.0 0.0 0.0 0.0 16
stats: {cpu,"tsung_controller@ip-172-31-50-238"} 1 5.326633165829145 0.0 5.326633165829145 0.15022533800701052 0.9396709414123348 16
stats: {freemem,"tsung_controller@ip-172-31-50-238"} 1 553.03125 0.0 674.71875 553.03125 636.498291015625 16
stats: session 216 29006.31610648147 7726.289202640677 48079.938 12531.375 26159.889068181816 572
stats: users_count 358 1538
stats: finish_users_count 216 788
stats: request 2512 705.0718598726116 1554.3504223578457 7256.478 0.569 1110.4931360807639 7231
stats: connect 361 1.1381800554016617 0.5097446411282809 22.469 0.879 1.282495741056218 1174
stats: page 2073 857.8872392667633 1888.163669831065 11558.867 0.571 1334.8901734249337 5968
stats: 302 145 1218
stats: 200 297 3872
stats: size_rcv 1416896 11632045
stats: newphase 0 5
stats: 502 2070 4653
stats: size_sent 968087 4602927
stats: connected 144 751
# stats: dump at 1615367908
stats: users 778 787
stats: {load,"tsung_controller@ip-172-31-50-238"} 1 0.1484375 0.0 0.1484375 0.0 0.0 17
stats: {cpu,"tsung_controller@ip-172-31-50-238"} 1 6.092648539778449 0.0 6.092648539778449 0.15022533800701052 1.1977275428486176 17
stats: {freemem,"tsung_controller@ip-172-31-50-238"} 1 541.65625 0.0 674.71875 541.65625 631.5884650735294 17
stats: session 281 24173.894836298932 6930.655338282374 55915.993 11994.32 26940.127951776645 788
stats: users_count 309 1847
stats: finish_users_count 281 1069
stats: request 2891 665.4588388100984 1630.0829980152535 7256.478 0.553 1005.964936775121 9743
stats: connect 307 1.22171661237785 0.5989023519600771 22.469 0.846 1.2485557003257328 1535
stats: page 2306 827.0921418039885 1961.8374692604655 11558.867 0.571 1211.9170254943422 8041
stats: 302 137 1355
stats: 200 287 4159
stats: size_rcv 1557568 13189613
stats: newphase 0 5
stats: 502 2467 7120
stats: size_sent 993584 5596511
stats: connected 25 776
# stats: dump at 1615367918
stats: users 949 951
stats: {load,"tsung_controller@ip-172-31-50-238"} 1 0.12890625 0.0 0.1484375 0.0 0.008246527777777778 18
stats: {cpu,"tsung_controller@ip-172-31-50-238"} 1 6.9674185463659155 0.0 6.9674185463659155 0.15022533800701052 1.4696675982336083 18
stats: {freemem,"tsung_controller@ip-172-31-50-238"} 1 536.19921875 0.0 674.71875 536.19921875 626.5922309027778 18
stats: session 350 23362.588768571437 5701.194525739021 55915.993 11994.32 26212.989031805424 1069
stats: users_count 521 2368
stats: finish_users_count 350 1419
stats: request 3400 596.9851367647026 1447.2618644996555 7256.478 0.553 928.0479564666772 12634
stats: 302 160 1515
stats: connect 889 1.0734780652418443 0.4911544031351972 22.469 0.684 1.2440825190010858 1842
stats: page 2682 762.5772244593581 1815.8237163705933 11558.867 0.564 1126.1524384845852 10347
stats: 200 372 4531
stats: size_rcv 1821243 15010856
stats: newphase 1 6
stats: 502 2868 9988
stats: size_sent 1083208 6679719
stats: connected 60 836
# stats: dump at 1615367928
stats: users 1202 1202
stats: {load,"tsung_controller@ip-172-31-50-238"} 1 0.109375 0.0 0.1484375 0.0 0.01459703947368421 19
stats: {cpu,"tsung_controller@ip-172-31-50-238"} 1 9.533572526909277 0.0 9.533572526909277 0.15022533800701052 1.7590229112932034 19
stats: {freemem,"tsung_controller@ip-172-31-50-238"} 1 532.94921875 0.0 674.71875 532.94921875 621.8347039473684 19
stats: session 364 22821.0012554945 5802.348895669837 55915.993 11994.32 25509.930474982386 1419
stats: users_count 617 2985
stats: finish_users_count 364 1783
stats: connect 2449 1.0290318497345823 0.4373763613505427 22.469 0.672 1.188547052361772 2731
stats: request 4448 420.97678080035905 1348.1942124646905 7256.478 0.548 857.8462858301102 16034
stats: page 3697 499.70572653502757 1559.9967959249893 11558.867 0.548 1051.3110290122038 13029
stats: 302 137 1652
stats: 200 269 4800
stats: size_rcv 2030148 17041004
stats: newphase 0 6
stats: 502 4042 14030
stats: size_sent 1264225 7943944
stats: connected 68 904
# stats: dump at 1615367938
stats: users 1310 1316
stats: {load,"tsung_controller@ip-172-31-50-238"} 1 0.08984375 0.0 0.1484375 0.0 0.0193359375 20
stats: {cpu,"tsung_controller@ip-172-31-50-238"} 1 13.829229963331588 0.0 13.829229963331588 0.15022533800701052 2.147750392074007 20
stats: {freemem,"tsung_controller@ip-172-31-50-238"} 1 507.05078125 0.0 674.71875 507.05078125 617.3904296875 20
stats: session 514 20730.08380155642 5078.482419312213 55915.993 11994.32 24960.984745372967 1783
stats: users_count 622 3607
stats: finish_users_count 514 2297
stats: request 5402 388.12324361347555 1199.508864126234 7256.478 0.548 762.9729551801574 20482
stats: 302 170 1822
stats: 200 363 5163
stats: size_rcv 2430373 19471377
stats: newphase 0 6
stats: 502 4868 18898
stats: size_sent 1439434 9383378
stats: connected 8 912
stats: connect 3243 0.999223558433549 0.4195178101183754 22.469 0.672 1.1131314671814656 5180
stats: page 4260 493.3338821596244 1453.9478907944165 11558.867 0.548 929.3879868468254 16726
# stats: dump at 1615367948
stats: users 1733 1735
stats: {load,"tsung_controller@ip-172-31-50-238"} 1 0.078125 0.0 0.1484375 0.0 0.02269345238095238 21
stats: {cpu,"tsung_controller@ip-172-31-50-238"} 1 14.231805929919137 0.0 14.231805929919137 0.15022533800701052 2.7040113240386536 21
stats: {freemem,"tsung_controller@ip-172-31-50-238"} 1 493.83203125 0.0 674.71875 493.83203125 612.1361607142857 21
stats: session 657 21017.65241552511 4469.23710419158 55915.993 11539.13 24014.235470178493 2297
stats: users_count 1080 4687
stats: finish_users_count 657 2954
stats: request 6671 264.8659553290343 882.3814030499781 7256.478 0.548 684.7416871426356 25884
stats: connect 4256 1.026858082706774 0.46880489159354777 22.469 0.646 1.0692749614151718 8423
stats: page 5390 335.7510389610375 1082.9358039939762 11558.867 0.548 840.8722865720005 20986
stats: 302 176 1998
stats: 200 393 5556
stats: size_rcv 2826387 22297764
stats: newphase 1 7
stats: 502 6102 25000
stats: size_sent 1740188 11123566
stats: connected 17 929
# stats: dump at 1615367958
stats: users 2224 2229
stats: {load,"tsung_controller@ip-172-31-50-238"} 1 0.05859375 0.0 0.1484375 0.0 0.02521306818181818 22
stats: {cpu,"tsung_controller@ip-172-31-50-238"} 1 19.795037756202806 0.0 19.795037756202806 0.15022533800701052 3.228001987942312 22
stats: {freemem,"tsung_controller@ip-172-31-50-238"} 1 479.3984375 0.0 674.71875 479.3984375 606.7587002840909 22
stats: session 712 20065.837255617942 4168.6275687667685 55915.993 11539.13 23347.7645605958 2954
stats: users_count 1203 5890
stats: finish_users_count 712 3666
stats: request 9012 214.73024345317353 952.4511367721839 7256.478 0.548 598.7029524804168 32555
stats: 302 135 2133
stats: connect 5799 1.0137501293326467 0.5177455112031354 22.469 0.643 1.055036753687201 12679
stats: page 7461 258.0247444042342 1089.2724276175145 11558.867 0.548 737.6495263117985 26376
stats: 200 310 5866
stats: size_rcv 3610766 25908530
stats: newphase 0 7
stats: 502 8567 33567
stats: size_sent 2083070 13206636
stats: connected 192 1121
# stats: dump at 1615367968
stats: users 2395 2403
stats: {load,"tsung_controller@ip-172-31-50-238"} 1 0.05078125 0.0 0.1484375 0.0 0.026664402173913044 23
stats: {cpu,"tsung_controller@ip-172-31-50-238"} 1 24.399776661083195 0.0 24.399776661083195 0.15022533800701052 3.948307890910159 23
stats: {freemem,"tsung_controller@ip-172-31-50-238"} 1 433.0546875 0.0 674.71875 433.0546875 601.2212975543479 23
stats: session 1107 19068.167987353198 3460.3715131835174 55915.993 11520.447 22710.358057283134 3666
stats: users_count 1278 7168
stats: finish_users_count 1107 4773
stats: connect 6597 0.996891768985903 0.4788630303517507 22.469 0.643 1.042079662301117 18478
stats: page 8576 235.66086042444007 970.6388334408075 11558.867 0.548 631.8930911132779 33837
stats: 302 175 2308
stats: 200 365 6231
stats: size_rcv 4132929 30041459
stats: newphase 0 7
stats: 502 10352 43919
stats: size_sent 2408167 15614803
stats: connected 47 1168
stats: request 10891 183.76272123771986 813.8638970018402 7256.478 0.548 515.4551344095067 41567
# stats: dump at 1615367978
stats: users 1371 2403
stats: {load,"tsung_controller@ip-172-31-50-238"} 1 0.2890625 0.0 0.2890625 0.0 0.027669270833333332 24
stats: {cpu,"tsung_controller@ip-172-31-50-238"} 1 28.547486033519554 0.0 28.547486033519554 0.15022533800701052 4.800452423000702 24
stats: {freemem,"tsung_controller@ip-172-31-50-238"} 1 394.50390625 0.0 674.71875 394.50390625 594.2143554687501 24
stats: session 1218 19298.1333300493 3415.602915962947 55915.993 11520.447 21865.62635658914 4773
stats: users_count 194 7362
stats: finish_users_count 1218 5991
stats: connect 4607 1.0631925331018044 0.6456835436949488 22.469 0.643 1.0301911465603206 25075
stats: page 6210 340.02034396135195 1055.1738565209932 11558.867 0.548 551.7740801876779 42413
stats: request 8564 246.05282648295253 843.8467999277747 7256.478 0.548 446.5912419268743 52458
stats: 302 309 2617
stats: 200 600 6831
stats: size_rcv 3785240 33826699
stats: newphase 0 7
stats: 502 7654 51573
stats: size_sent 2086365 17701168
stats: connected -47 1121
# stats: dump at 1615367988
stats: users 183 2403
stats: {load,"tsung_controller@ip-172-31-50-238"} 1 0.23828125 0.0 0.2890625 0.0 0.038125 25
stats: {cpu,"tsung_controller@ip-172-31-50-238"} 1 20.420258620689655 0.0 28.547486033519554 0.15022533800701052 5.750333767421456 25
stats: {freemem,"tsung_controller@ip-172-31-50-238"} 1 396.5234375 0.0 674.71875 394.50390625 586.2259375000001 25
stats: session 1188 19983.103052188537 2878.025556006108 55915.993 11520.447 21343.642296110833 5991
stats: users_count 0 7362
stats: finish_users_count 1188 7179
stats: request 4760 289.03790714285583 198.71281164457642 7256.478 0.548 418.4471137458618 61022
stats: connect 528 1.2115265151515149 0.7675336035837644 22.469 0.643 1.0353133548952242 29682
stats: 302 1809 4426
stats: page 2673 522.865066217732 310.01317326941535 11558.867 0.548 524.7294572321737 48623
stats: 200 2388 9219
stats: size_rcv 3551630 37378329
stats: newphase 0 7
stats: 502 563 52136
stats: size_sent 2436428 20137596
stats: connected -903 218
# stats: dump at 1615367998
stats: users 0 2403
stats: {load,"tsung_controller@ip-172-31-50-238"} 1 0.19921875 0.0 0.2890625 0.0 0.045823317307692304 26
stats: {cpu,"tsung_controller@ip-172-31-50-238"} 1 8.045384218669417 0.0 28.547486033519554 0.15022533800701052 6.31456164639331 26
stats: {freemem,"tsung_controller@ip-172-31-50-238"} 1 606.89453125 0.0 674.71875 394.50390625 578.9296875000001 26
stats: session 183 22414.5758852459 2414.1313866721457 55915.993 11520.447 21118.496646050982 7179
stats: users_count 0 7362
stats: finish_users_count 183 7362
stats: request 476 7.6612962184873945 4.035755072696117 7256.478 0.548 409.0830350703836 65782
stats: page 238 15.422163865546215 6.520054565751345 11558.867 0.548 524.6323050725199 51296
stats: connect 0 0 0 22.469 0.643 1.0383931479642519 30210
stats: 302 227 4653
stats: 200 249 9468
stats: size_rcv 357186 37735515
stats: newphase 0 7
stats: 502 0 52136
stats: size_sent 362919 20500515
stats: connected -218 0
# stats: dump at 1615368008
stats: users 0 2403
stats: {load,"tsung_controller@ip-172-31-50-238"} 1 0.171875 0.0 0.2890625 0.0 0.05150462962962963 27
stats: {cpu,"tsung_controller@ip-172-31-50-238"} 1 0.5012531328320802 0.0 28.547486033519554 0.15022533800701052 6.37866618610724 27
stats: {freemem,"tsung_controller@ip-172-31-50-238"} 1 653.55078125 0.0 674.71875 394.50390625 579.9654224537038 27
stats: session 0 0 0 55915.993 11520.447 21150.713774653625 7362
stats: users_count 0 7362
stats: finish_users_count 0 7362
stats: request 0 0 0 7256.478 0.548 406.1992059826734 66258
stats: connect 0 0 0 22.469 0.643 1.0383931479642519 30210
stats: page 0 0 0 11558.867 0.548 522.2806146621645 51534
stats: 302 0 4653
stats: 200 0 9468
stats: size_rcv 0 37735515
stats: newphase 0 7
stats: 502 0 52136
stats: size_sent 0 20500515
stats: connected 0 0
# stats: dump at 1615368018
stats: users 0 2403
stats: {load,"tsung_controller@ip-172-31-50-238"} 1 0.1484375 0.0 0.2890625 0.0 0.05580357142857143 28
stats: {cpu,"tsung_controller@ip-172-31-50-238"} 1 0.09995002498750624 0.0 28.547486033519554 0.09995002498750624 6.168758577061699 28
stats: {freemem,"tsung_controller@ip-172-31-50-238"} 1 655.73046875 0.0 674.71875 394.50390625 582.593470982143 28
stats: session 0 0 0 55915.993 11520.447 21150.713774653625 7362
stats: users_count 0 7362
stats: finish_users_count 0 7362
stats: request 0 0 0 7256.478 0.548 406.1992059826734 66258
stats: connect 0 0 0 22.469 0.643 1.0383931479642519 30210
stats: page 0 0 0 11558.867 0.548 522.2806146621645 51534
stats: 302 0 4653
stats: 200 0 9468
stats: size_rcv 0 37735515
stats: newphase 0 7
stats: 502 0 52136
stats: size_sent 0 20500515
stats: connected 0 0
# stats: dump at 1615368028
stats: users 0 2403
stats: {load,"tsung_controller@ip-172-31-50-238"} 1 0.12109375 0.0 0.2890625 0.0 0.05899784482758621 29
stats: {cpu,"tsung_controller@ip-172-31-50-238"} 1 0.0 0.0 28.547486033519554 0.0 5.959489316645347 29
stats: {freemem,"tsung_controller@ip-172-31-50-238"} 1 656.22265625 0.0 674.71875 394.50390625 585.115436422414 29
stats: session 0 0 0 55915.993 11520.447 21150.713774653625 7362
stats: users_count 0 7362
stats: finish_users_count 0 7362
stats: request 0 0 0 7256.478 0.548 406.1992059826734 66258
stats: connect 0 0 0 22.469 0.643 1.0383931479642519 30210
stats: page 0 0 0 11558.867 0.548 522.2806146621645 51534
stats: 302 0 4653
stats: 200 0 9468
stats: size_rcv 0 37735515
stats: newphase 0 7
stats: 502 0 52136
stats: size_sent 0 20500515
stats: connected 0 0
# stats: dump at 1615368030
stats: users 0 2403
stats: {load,"tsung_controller@ip-172-31-50-238"} 1 0.1015625 0.0 0.2890625 0.0 0.06106770833333333 30
stats: {cpu,"tsung_controller@ip-172-31-50-238"} 1 0.05002501250625312 0.0 28.547486033519554 0.0 5.760839672757169 30
stats: {freemem,"tsung_controller@ip-172-31-50-238"} 1 656.68359375 0.0 674.71875 394.50390625 587.4856770833335 30
stats: session 0 0 0 55915.993 11520.447 21150.713774653625 7362
stats: users_count 0 7362
stats: finish_users_count 0 7362
stats: request 0 0 0 7256.478 0.548 406.1992059826734 66258
stats: connect 0 0 0 22.469 0.643 1.0383931479642519 30210
stats: page 0 0 0 11558.867 0.548 522.2806146621645 51534
stats: 302 0 4653
stats: 200 0 9468
stats: size_rcv 0 37735515
stats: newphase 0 7
stats: 502 0 52136
stats: size_sent 0 20500515
stats: connected 0 0
EndMonitor:{1615,368030,446766}
