# stats: dump at 1615438620
stats: users 5 5
stats: {freemem,"tsung_controller@ip-172-31-50-170"} 1 733.40234375 0 733.40234375 733.40234375 0 0
stats: {load,"tsung_controller@ip-172-31-50-170"} 1 0.0390625 0 0.0390625 0.0390625 0 0
stats: {cpu,"tsung_controller@ip-172-31-50-170"} 1 7.671365333644216 0 7.671365333644216 7.671365333644216 0 0
stats: session 2 5411.921 1182.8239999999998 6594.745 4229.097 0 0
stats: users_count 7 7
stats: finish_users_count 2 2
stats: request 34 56.564705882352946 86.06129342971698 225.728 6.489 0 0
stats: connect 7 3.674285714285715 4.057776967548531 11.845 1.173 0 0
stats: page 20 96.24600000000001 95.77737551165202 225.728 7.519 0 0
stats: 302 15 15
stats: 200 19 19
stats: size_rcv 59464 59464
stats: size_sent 19155 19155
stats: connected 5 5
# stats: dump at 1615438630
stats: users 7 7
stats: {freemem,"tsung_controller@ip-172-31-50-170"} 1 730.58984375 0.0 733.40234375 730.58984375 733.40234375 1
stats: {load,"tsung_controller@ip-172-31-50-170"} 1 0.0390625 0.0 0.0390625 0.0390625 0.0390625 1
stats: {cpu,"tsung_controller@ip-172-31-50-170"} 1 0.7992007992007992 0.0 7.671365333644216 0.7992007992007992 7.671365333644216 1
stats: session 6 5871.967833333335 599.3217795782206 6946.305 4229.097 5411.921 2
stats: users_count 8 15
stats: finish_users_count 6 8
stats: request 56 38.16996428571429 70.99500775757916 227.783 5.581 56.564705882352946 34
stats: connect 7 1.1904285714285714 0.09160139915159919 11.845 1.067 3.674285714285715 7
stats: page 26 82.35796153846155 88.14931659427079 227.783 6.813 96.24600000000001 20
stats: 302 25 40
stats: 200 31 50
stats: size_rcv 93288 152752
stats: size_sent 33891 53046
stats: connected 1 6
# stats: dump at 1615438640
stats: users 7 8
stats: {freemem,"tsung_controller@ip-172-31-50-170"} 1 730.11328125 0.0 733.40234375 730.11328125 731.99609375 2
stats: {load,"tsung_controller@ip-172-31-50-170"} 1 0.03125 0.0 0.0390625 0.03125 0.0390625 2
stats: {cpu,"tsung_controller@ip-172-31-50-170"} 1 0.2001000500250125 0.0 7.671365333644216 0.2001000500250125 4.235283066422507 2
stats: session 10 5481.7612 571.7898329293378 6946.305 4229.097 5756.956125000001 8
stats: users_count 10 25
stats: finish_users_count 10 18
stats: request 87 35.94442528735632 68.283777508923 227.783 5.321 45.119088888888896 90
stats: connect 10 1.2048999999999999 0.09767133663465455 11.845 1.067 2.432357142857143 14
stats: page 39 80.31979487179488 86.25729755532377 227.783 6.813 88.3962391304348 46
stats: 302 39 79
stats: 200 48 98
stats: size_rcv 142656 295408
stats: size_sent 53430 106476
stats: connected 0 6
# stats: dump at 1615438650
stats: users 9 10
stats: {freemem,"tsung_controller@ip-172-31-50-170"} 1 730.4765625 0.0 733.40234375 730.11328125 731.3684895833334 3
stats: {load,"tsung_controller@ip-172-31-50-170"} 1 0.03125 0.0 0.0390625 0.03125 0.036458333333333336 3
stats: {cpu,"tsung_controller@ip-172-31-50-170"} 1 0.3001500750375188 0.0 7.671365333644216 0.2001000500250125 2.8902220609566758 3
stats: session 12 5842.373416666668 812.9917571883755 7241.186 4229.097 5604.070055555556 18
stats: users_count 14 39
stats: finish_users_count 12 30
stats: request 115 37.736373913043465 69.97274420533617 227.783 5.321 40.60950847457627 177
stats: connect 14 1.1829285714285713 0.04880641685814083 11.845 1.067 1.9209166666666668 24
stats: page 53 82.01607547169813 87.16271476022109 227.783 6.813 84.69057647058824 85
stats: 302 51 130
stats: 200 64 162
stats: size_rcv 197856 493264
stats: newphase 1 1
stats: size_sent 69998 176474
stats: connected 2 8
# stats: dump at 1615438660
stats: users 16 16
stats: {freemem,"tsung_controller@ip-172-31-50-170"} 1 728.98828125 0.0 733.40234375 728.98828125 731.1455078125 4
stats: {load,"tsung_controller@ip-172-31-50-170"} 1 0.01953125 0.0 0.0390625 0.01953125 0.03515625 4
stats: {cpu,"tsung_controller@ip-172-31-50-170"} 1 0.39980009995002497 0.0 7.671365333644216 0.2001000500250125 2.2427040644768867 4
stats: session 17 5890.895294117647 1226.538365974159 8147.019 3870.663 5699.391400000001 30
stats: users_count 24 63
stats: finish_users_count 17 47
stats: 302 74 204
stats: request 167 39.85108383233534 72.6718365533779 229.259 5.215 39.477965753424655 292
stats: connect 23 1.2978260869565217 0.5432220021936673 11.845 1.028 1.6490263157894738 38
stats: page 80 83.33651249999998 89.24811325750727 229.259 6.543 83.66341304347827 138
stats: 200 93 255
stats: size_rcv 280150 773414
stats: newphase 0 1
stats: size_sent 101575 278049
stats: connected 6 14
# stats: dump at 1615438670
stats: users 14 17
stats: {freemem,"tsung_controller@ip-172-31-50-170"} 1 730.71875 0.0 733.40234375 728.98828125 730.7140625 5
stats: {load,"tsung_controller@ip-172-31-50-170"} 1 0.01953125 0.0 0.0390625 0.01953125 0.03203125 5
stats: {cpu,"tsung_controller@ip-172-31-50-170"} 1 0.5002501250625313 0.0 7.671365333644216 0.2001000500250125 1.8741232715715141 5
stats: session 23 5850.703217391304 1019.8141512503724 8147.019 3870.663 5768.658765957448 47
stats: users_count 21 84
stats: finish_users_count 23 70
stats: request 208 35.25778846153843 67.87954382498414 241.102 5.215 39.61371895424837 459
stats: connect 22 1.2583636363636368 0.20809384802722267 11.845 1.026 1.5166065573770493 61
stats: page 91 80.72729670329667 87.39522904139382 268.166 6.08 83.54344954128442 218
stats: 302 92 296
stats: 200 116 371
stats: size_rcv 362374 1135788
stats: newphase 0 1
stats: size_sent 127902 405951
stats: connected -1 13
# stats: dump at 1615438680
stats: users 24 24
stats: {freemem,"tsung_controller@ip-172-31-50-170"} 1 733.9375 0.0 733.9375 728.98828125 730.71484375 6
stats: {load,"tsung_controller@ip-172-31-50-170"} 1 0.01171875 0.0 0.0390625 0.01171875 0.029947916666666668 6
stats: {cpu,"tsung_controller@ip-172-31-50-170"} 1 0.6503251625812907 0.0 7.671365333644216 0.2001000500250125 1.6451444138200173 6
stats: session 26 5554.671153846153 895.80334480122 8147.019 3870.663 5795.616228571429 70
stats: users_count 36 120
stats: finish_users_count 26 96
stats: request 252 40.700682539682546 74.25823564669129 241.102 5.199 38.25534782608695 667
stats: connect 35 1.7737999999999998 3.3122975694480448 21.035 1.026 1.4481566265060244 83
stats: page 121 84.45038842975208 90.91450674789343 268.166 6.08 82.71409708737863 309
stats: 302 112 408
stats: 200 140 511
stats: size_rcv 421085 1556873
stats: newphase 1 2
stats: size_sent 152443 558394
stats: connected 10 23
# stats: dump at 1615438690
stats: users 25 32
stats: {freemem,"tsung_controller@ip-172-31-50-170"} 1 732.75 0.0 733.9375 728.98828125 731.1752232142857 7
stats: {load,"tsung_controller@ip-172-31-50-170"} 1 0.01171875 0.0 0.0390625 0.01171875 0.02734375 7
stats: {cpu,"tsung_controller@ip-172-31-50-170"} 1 0.7996001999000499 0.0 7.671365333644216 0.2001000500250125 1.5030273779287706 7
stats: session 47 5536.290659574469 1052.3885435248485 8147.019 3483.753 5730.360270833334 96
stats: users_count 48 168
stats: finish_users_count 47 143
stats: request 424 35.78708254716982 68.15315473339054 241.102 5.012 38.9258857453754 919
stats: connect 49 1.3365714285714283 0.4729988997700455 21.035 0.935 1.5447457627118646 118
stats: page 192 79.43957291666668 86.30345260634668 268.166 6.061 83.20268139534883 430
stats: 302 186 594
stats: 200 238 749
stats: size_rcv 756623 2313496
stats: newphase 0 2
stats: size_sent 259728 818122
stats: connected 5 28
# stats: dump at 1615438700
stats: users 20 40
stats: {freemem,"tsung_controller@ip-172-31-50-170"} 1 728.5625 0.0 733.9375 728.5625 731.3720703125 8
stats: {load,"tsung_controller@ip-172-31-50-170"} 1 0.01171875 0.0 0.0390625 0.01171875 0.025390625 8
stats: {cpu,"tsung_controller@ip-172-31-50-170"} 1 1.1988011988011988 0.0 7.671365333644216 0.2001000500250125 1.4150989806751806 8
stats: session 46 5831.075956521743 1055.3309250555105 8147.019 3483.753 5666.5751538461545 143
stats: users_count 41 209
stats: finish_users_count 46 189
stats: request 432 33.487527777777785 65.68063647233684 241.102 5.012 37.93493075204765 1343
stats: 302 193 787
stats: connect 42 1.2723095238095234 0.49288936690147334 21.035 0.935 1.4836646706586827 167
stats: page 185 78.16467567567562 84.75081089649662 268.166 6.061 82.04107877813505 622
stats: 200 239 988
stats: size_rcv 744568 3058064
stats: newphase 0 2
stats: size_sent 267318 1085440
stats: connected -7 21
# stats: dump at 1615438710
stats: users 47 51
stats: {freemem,"tsung_controller@ip-172-31-50-170"} 1 733.16015625 0.0 733.9375 728.5625 731.0598958333334 9
stats: {load,"tsung_controller@ip-172-31-50-170"} 1 0.01171875 0.0 0.0390625 0.01171875 0.023871527777777776 9
stats: {cpu,"tsung_controller@ip-172-31-50-170"} 1 1.1511511511511512 0.0 7.671365333644216 0.2001000500250125 1.3910658938002938 9
stats: session 27 6207.442296296294 927.8208271070528 8147.019 3483.753 5706.612386243388 189
stats: users_count 54 263
stats: finish_users_count 27 216
stats: page 164 90.16809146341465 95.16517898862352 268.166 6.061 81.15243618339528 807
stats: 302 137 924
stats: request 305 48.40242295081966 81.67674128597763 241.102 5.012 36.85252056338028 1775
stats: 200 168 1156
stats: size_rcv 486854 3544918
stats: connect 54 1.3166851851851846 0.6482835691862148 21.035 0.935 1.4411913875598086 209
stats: newphase 1 3
stats: size_sent 177011 1262451
stats: connected 27 48
# stats: dump at 1615438720
stats: users 43 53
stats: {freemem,"tsung_controller@ip-172-31-50-170"} 1 725.53515625 0.0 733.9375 725.53515625 731.269921875 10
stats: {load,"tsung_controller@ip-172-31-50-170"} 1 0.01171875 0.0 0.0390625 0.01171875 0.02265625 10
stats: {cpu,"tsung_controller@ip-172-31-50-170"} 1 1.4955134596211366 0.0 7.671365333644216 0.2001000500250125 1.3670744195353794 10
stats: session 87 5758.810839080461 1015.2494461054612 8147.019 3483.753 5769.216125000002 216
stats: users_count 83 346
stats: finish_users_count 87 303
stats: request 739 34.43210284167796 66.97811699060988 241.102 4.898 38.54613605769231 2080
stats: 302 330 1254
stats: connect 78 1.3288205128205126 0.75992743822953 21.035 0.935 1.4156273764258553 263
stats: page 322 79.24461180124227 86.16681405112975 268.335 6.0 82.67516271884654 971
stats: 200 409 1565
stats: size_rcv 1236195 4781113
stats: newphase 0 3
stats: size_sent 456391 1718842
stats: connected -9 39
# stats: dump at 1615438730
stats: users 41 59
stats: {freemem,"tsung_controller@ip-172-31-50-170"} 1 723.0390625 0.0 733.9375 723.0390625 730.7485795454545 11
stats: {load,"tsung_controller@ip-172-31-50-170"} 1 0.0 0.0 0.0390625 0.0 0.02166193181818182 11
stats: {cpu,"tsung_controller@ip-172-31-50-170"} 1 1.8924302788844622 0.0 7.671365333644216 0.2001000500250125 1.3787506959068119 11
stats: session 82 5658.856121951221 1070.6028959345063 8147.019 3483.753 5766.2284686468665 303
stats: users_count 80 426
stats: finish_users_count 82 385
stats: request 749 35.66324566088118 68.32961345761258 241.102 4.898 37.46764349059951 2819
stats: connect 85 1.2475294117647056 0.5057685029207659 21.035 0.935 1.3957712609970672 341
stats: page 335 79.86152238805974 86.78888540913485 268.335 6.0 81.82084145398298 1293
stats: 302 332 1586
stats: 200 417 1982
stats: size_rcv 1286025 6067138
stats: newphase 0 3
stats: size_sent 461174 2180016
stats: connected 3 42
# stats: dump at 1615438740
stats: users 102 107
stats: {freemem,"tsung_controller@ip-172-31-50-170"} 1 719.65234375 0.0 733.9375 719.65234375 730.1061197916666 12
stats: {load,"tsung_controller@ip-172-31-50-170"} 1 0.078125 0.0 0.078125 0.0 0.019856770833333336 12
stats: {cpu,"tsung_controller@ip-172-31-50-170"} 1 2.1934197407776668 0.0 7.671365333644216 0.2001000500250125 1.421557327821616 12
stats: session 88 5829.541863636362 1002.6913763702895 8212.378 3483.753 5743.359553246755 385
stats: users_count 149 575
stats: finish_users_count 88 473
stats: request 956 46.86530334728031 80.18345090097552 245.43 4.898 37.08886154708521 3568
stats: 302 422 2008
stats: connect 146 1.633013698630137 2.2372395110826506 21.204 0.934 1.3661924882629106 426
stats: page 484 92.67278099173558 97.3555654022878 501.56 6.0 81.41766461916463 1628
stats: 200 534 2516
stats: size_rcv 1662164 7729302
stats: newphase 1 4
stats: size_sent 566941 2746957
stats: connected 62 104
# stats: dump at 1615438750
stats: users 98 107
stats: {freemem,"tsung_controller@ip-172-31-50-170"} 1 708.03125 0.0 733.9375 708.03125 729.3019831730769 13
stats: {load,"tsung_controller@ip-172-31-50-170"} 1 0.0703125 0.0 0.078125 0.0 0.024338942307692308 13
stats: {cpu,"tsung_controller@ip-172-31-50-170"} 1 3.7332005973120954 0.0 7.671365333644216 0.2001000500250125 1.480931359587466 13
stats: session 161 5753.266093167704 979.9869294525429 8212.378 3483.753 5759.393471458775 473
stats: users_count 157 732
stats: finish_users_count 161 634
stats: request 1456 37.0312094780219 69.90116310814604 248.47 4.842 39.154793987621574 4524
stats: connect 157 1.2313566878980893 0.41504440730467607 21.204 0.933 1.4342972027972025 572
stats: page 640 84.37472968749991 89.62153975049951 501.56 6.0 83.99696212121214 2112
stats: 302 647 2655
stats: 200 809 3325
stats: size_rcv 2491052 10220354
stats: newphase 0 4
stats: size_sent 897653 3644610
stats: connected -7 97
# stats: dump at 1615438760
stats: users 96 107
stats: {freemem,"tsung_controller@ip-172-31-50-170"} 1 709.66796875 0.0 733.9375 708.03125 727.7826450892857 14
stats: {load,"tsung_controller@ip-172-31-50-170"} 1 0.05859375 0.0 0.078125 0.0 0.027622767857142856 14
stats: {cpu,"tsung_controller@ip-172-31-50-170"} 1 3.681592039800995 0.0 7.671365333644216 0.2001000500250125 1.6418077337106538 14
stats: session 156 5862.842128205124 967.8782858921145 8212.378 3426.493 5757.837465299685 634
stats: users_count 154 886
stats: finish_users_count 156 790
stats: connect 150 1.3108266666666661 0.955200772938455 21.204 0.933 1.39059122085048 729
stats: page 605 87.12881818181819 94.13658424784298 501.56 6.0 84.08481504360464 2752
stats: request 1373 38.35618281136204 73.0517224855891 460.646 4.842 38.6377473244147 5980
stats: 302 610 3265
stats: 200 763 4088
stats: size_rcv 2345808 12566162
stats: newphase 0 4
stats: size_sent 847129 4491739
stats: connected -4 93
# stats: dump at 1615438770
stats: users 193 193
stats: {freemem,"tsung_controller@ip-172-31-50-170"} 1 707.80078125 0.0 733.9375 707.80078125 726.575 15
stats: {load,"tsung_controller@ip-172-31-50-170"} 1 0.05078125 0.0 0.078125 0.0 0.0296875 15
stats: {cpu,"tsung_controller@ip-172-31-50-170"} 1 2.902902902902903 0.0 7.671365333644216 0.2001000500250125 1.7777933541166768 15
stats: session 177 5714.848796610174 1099.625661340548 8256.242 3426.493 5778.57256329114 790
stats: users_count 274 1160
stats: finish_users_count 177 967
stats: connect 274 1.4613832116788326 1.9815352751287227 29.101 0.933 1.3769795221843002 879
stats: page 940 102.33429255319159 102.84698226333647 511.601 6.0 84.63340661304736 3357
stats: request 1916 50.443291753653526 83.84781477860429 460.646 4.842 38.585171766625855 7353
stats: 302 844 4109
stats: 200 1072 5160
stats: size_rcv 3346894 15913056
stats: newphase 1 5
stats: size_sent 1151608 5643347
stats: connected 97 190
# stats: dump at 1615438780
stats: users 228 234
stats: {freemem,"tsung_controller@ip-172-31-50-170"} 1 676.796875 0.0 733.9375 676.796875 725.401611328125 16
stats: {load,"tsung_controller@ip-172-31-50-170"} 1 0.0390625 0.0 0.078125 0.0 0.031005859375 16
stats: {cpu,"tsung_controller@ip-172-31-50-170"} 1 6.107249255213505 0.0 7.671365333644216 0.2001000500250125 1.8481127009158158 16
stats: session 328 5999.333192073172 1003.5235657911538 8357.616 3426.493 5766.908543950362 967
stats: users_count 363 1523
stats: finish_users_count 328 1295
stats: connect 362 1.2635359116022093 1.1519051574692591 29.101 0.917 1.3970372940156113 1153
stats: page 1373 119.82773488710846 120.5934252042336 607.704 6.0 88.50560414242496 4297
stats: 302 1338 5447
stats: request 3004 54.67975499334221 90.87747289921288 544.607 4.842 41.03637015859317 9269
stats: 200 1666 6826
stats: size_rcv 5089066 21002122
stats: newphase 0 5
stats: size_sent 1831453 7474800
stats: connected 37 227
# stats: dump at 1615438790
stats: users 167 234
stats: {freemem,"tsung_controller@ip-172-31-50-170"} 1 645.734375 0.0 733.9375 645.734375 722.5425091911765 17
stats: {load,"tsung_controller@ip-172-31-50-170"} 1 0.03125 0.0 0.078125 0.0 0.031479779411764705 17
stats: {cpu,"tsung_controller@ip-172-31-50-170"} 1 8.559919436052366 0.0 8.559919436052366 0.2001000500250125 2.098650145286268 17
stats: session 343 5948.9031457725905 994.5394035329914 8409.601 3426.493 5825.777489575291 1295
stats: users_count 282 1805
stats: finish_users_count 343 1638
stats: request 2953 43.20565492719252 78.3254730177908 544.607 4.842 44.375792308319085 12273
stats: connect 287 1.185620209059233 0.36136874717978007 29.101 0.908 1.3651379537953794 1515
stats: page 1257 101.96691805887025 105.85302439692019 731.351 6.0 96.09031058201057 5670
stats: 302 1315 6762
stats: 200 1638 8464
stats: size_rcv 5044750 26046872
stats: newphase 0 5
stats: size_sent 1833127 9307927
stats: connected -62 165
# stats: dump at 1615438800
stats: users 482 482
stats: {freemem,"tsung_controller@ip-172-31-50-170"} 1 682.234375 0.0 733.9375 645.734375 718.275390625 18
stats: {load,"tsung_controller@ip-172-31-50-170"} 1 0.03125 0.0 0.078125 0.0 0.03146701388888889 18
stats: {cpu,"tsung_controller@ip-172-31-50-170"} 1 8.26281732205077 0.0 8.559919436052366 0.2001000500250125 2.4576095503288293 18
stats: session 227 6472.695436123348 1347.1089702442775 11245.699 3426.493 5851.560212454213 1638
stats: users_count 542 2347
stats: finish_users_count 227 1865
stats: request 2863 216.3921005937833 293.4319761957253 2043.533 4.842 44.148850518849315 15226
stats: connect 537 1.1957430167597776 1.1802805718077383 29.101 0.892 1.3365466148723637 1802
stats: page 1497 383.20985504342093 488.1234995242156 3936.743 6.0 97.15670232423847 6927
stats: 302 1234 7996
stats: 200 1629 10093
stats: size_rcv 5040427 31087299
stats: newphase 1 6
stats: size_sent 1748802 11056729
stats: connected 310 475
# stats: dump at 1615438810
stats: users 841 842
stats: {freemem,"tsung_controller@ip-172-31-50-170"} 1 607.73046875 0.0 733.9375 607.73046875 716.3784950657895 19
stats: {load,"tsung_controller@ip-172-31-50-170"} 1 0.01953125 0.0 0.078125 0.0 0.03145559210526316 19
stats: {cpu,"tsung_controller@ip-172-31-50-170"} 1 10.35175879396985 0.0 10.35175879396985 0.2001000500250125 2.7631468014720895 19
stats: session 279 10330.921942652325 1990.8557501139503 15131.837 3426.493 5927.162194101877 1865
stats: users_count 638 2985
stats: finish_users_count 279 2144
stats: connect 1060 2.0615150943396237 2.455592907452428 38.447 0.727 1.3042201795639161 2339
stats: page 1853 1530.3960232056145 1162.482384228779 6010.736 0.383 147.9902219848054 8424
stats: 302 1574 9570
stats: 200 2274 12367
stats: size_rcv 7390982 38478281
stats: newphase 0 6
stats: size_sent 2547522 13604251
stats: connected 90 565
stats: error_connection_closed 9 9
stats: request 3946 855.6234640141937 550.8444886709999 2915.628 0.317 71.41030360992876 18089
# stats: dump at 1615438820
stats: users 974 987
stats: {freemem,"tsung_controller@ip-172-31-50-170"} 1 535.29296875 0.0 733.9375 535.29296875 710.94609375 20
stats: {load,"tsung_controller@ip-172-31-50-170"} 1 0.01953125 0.0 0.078125 0.0 0.030859375 20
stats: {cpu,"tsung_controller@ip-172-31-50-170"} 1 15.208428767750801 0.0 15.208428767750801 0.2001000500250125 3.1425774010969776 20
stats: session 489 14166.258415132916 2452.974422906126 19380.935 3426.493 6500.226079291045 2144
stats: users_count 622 3607
stats: finish_users_count 489 2633
stats: connect 2662 1.041863260706235 0.3745913807932244 38.447 0.683 1.5403874669020303 3399
stats: page 2420 2344.716285950412 1911.0193450747174 8483.337 0.196 397.2456418215437 10277
stats: request 5201 1102.5112912901382 742.6795219420924 3473.969 0.078 211.84620698888176 22035
stats: 302 1820 11390
stats: error_send_einval 8 8
stats: 200 2288 14655
stats: size_rcv 7249901 45728182
stats: newphase 0 6
stats: size_sent 3078285 16682536
stats: connected 85 650
stats: error_connection_closed 168 177
# stats: dump at 1615438830
stats: users 1280 1281
stats: {freemem,"tsung_controller@ip-172-31-50-170"} 1 489.765625 0.0 733.9375 489.765625 702.5816592261905 21
stats: {load,"tsung_controller@ip-172-31-50-170"} 1 0.01953125 0.0 0.078125 0.0 0.030319940476190476 21
stats: {cpu,"tsung_controller@ip-172-31-50-170"} 1 21.924603174603174 0.0 21.924603174603174 0.2001000500250125 3.7171417518900167 21
stats: session 750 14134.313392000005 3619.4682027328486 23050.588 3206.246 7923.959391948347 2633
stats: users_count 1056 4663
stats: finish_users_count 750 3383
stats: request 7255 835.2644605099917 808.1767545494944 3473.969 0.061 381.9280509986789 27236
stats: 302 1943 13333
stats: error_send_einval 12 20
stats: 200 2358 17013
stats: connect 3776 1.046053495762713 0.4375635350942031 38.447 0.681 1.3214349117307373 6061
stats: size_rcv 7214973 52943155
stats: newphase 1 7
stats: page 3518 1732.825148095507 1813.4034689961275 8483.337 0.094 768.4261536583446 12697
stats: 502 1177 1177
stats: size_sent 3910254 20592790
stats: connected 51 701
stats: error_connection_closed 209 386
# stats: dump at 1615438840
stats: users 1306 1346
stats: {freemem,"tsung_controller@ip-172-31-50-170"} 1 478.45703125 0.0 733.9375 478.45703125 692.908203125 22
stats: {load,"tsung_controller@ip-172-31-50-170"} 1 0.46875 0.0 0.46875 0.0 0.029829545454545456 22
stats: {cpu,"tsung_controller@ip-172-31-50-170"} 1 27.317798710956865 0.0 27.317798710956865 0.2001000500250125 4.544753634740615 22
stats: session 1161 11362.877730404829 3856.1192350587953 23050.588 3206.246 9300.774496896245 3383
stats: users_count 1187 5850
stats: finish_users_count 1161 4544
stats: request 10707 608.6975170449257 827.668115497652 3557.468 0.051 477.2849745730773 34491
stats: 302 1910 15243
stats: error_send_einval 5 25
stats: connect 3775 1.0501443708609262 0.43413828001792554 38.447 0.681 1.215727864186236 9837
stats: 200 2631 19644
stats: page 4817 1386.962034461287 1644.25895710346 9938.754 0.051 977.6617788467465 16215
stats: size_rcv 10253415 63196570
stats: newphase 0 7
stats: 502 5588 6765
stats: size_sent 5492409 26085199
stats: connected 30 731
stats: error_connection_closed 95 481
# stats: dump at 1615438850
stats: users 1340 1351
stats: {freemem,"tsung_controller@ip-172-31-50-170"} 1 446.6953125 0.0 733.9375 446.6953125 683.5842391304348 23
stats: {load,"tsung_controller@ip-172-31-50-170"} 1 0.55859375 0.0 0.55859375 0.0 0.04891304347826087 23
stats: {cpu,"tsung_controller@ip-172-31-50-170"} 1 31.589338598223097 0.0 31.589338598223097 0.2001000500250125 5.534886029358713 23
stats: session 1222 10753.427162847778 3351.837132495961 24677.866 3160.398 9827.645503521127 4544
stats: users_count 1256 7106
stats: finish_users_count 1222 5766
stats: connect 4044 1.0800378338278973 0.5119705755512931 38.447 0.681 1.1698067881281222 13612
stats: page 4985 1273.0989077231645 1460.545215647381 9938.754 0.051 1071.404615062762 21032
stats: 302 1950 17193
stats: error_send_einval 8 33
stats: 200 2748 22392
stats: size_rcv 10459060 73655630
stats: newphase 0 7
stats: 502 5813 12578
stats: size_sent 5695768 31780967
stats: connected 3 734
stats: error_connection_closed 154 635
stats: request 11194 565.8941676791126 770.372279791103 3557.468 0.051 508.4154248639327 45198
# stats: dump at 1615438860
stats: users 101 1351
stats: {freemem,"tsung_controller@ip-172-31-50-170"} 1 454.5859375 0.0 733.9375 446.6953125 673.7138671875 24
stats: {load,"tsung_controller@ip-172-31-50-170"} 1 0.62109375 0.0 0.62109375 0.0 0.07014973958333333 24
stats: {cpu,"tsung_controller@ip-172-31-50-170"} 1 34.300919206579586 0.0 34.300919206579586 0.2001000500250125 6.620488219728062 24
stats: session 1603 10320.55405427323 2999.963151725164 24677.866 3160.398 10023.848276274712 5766
stats: users_count 364 7470
stats: finish_users_count 1603 7369
stats: connect 1956 1.1251707566462152 0.7171402317165464 38.447 0.681 1.149245752152244 17656
stats: page 3670 1418.1148073569482 1468.409067036184 9938.754 0.051 1110.0503485797742 26017
stats: request 10103 471.20210363258764 670.018445088366 3557.468 0.051 519.8251469357358 56392
stats: 302 3441 20634
stats: error_send_einval 0 33
stats: 200 4098 26490
stats: size_rcv 13210274 86865904
stats: newphase 0 7
stats: 502 2533 15111
stats: size_sent 5568154 37349121
stats: connected -571 163
stats: error_connection_closed 2 637
# stats: dump at 1615438870
stats: users 0 1351
stats: {freemem,"tsung_controller@ip-172-31-50-170"} 1 687.59375 0.0 733.9375 446.6953125 664.94875 25
stats: {load,"tsung_controller@ip-172-31-50-170"} 1 0.53125 0.0 0.62109375 0.0 0.0921875 25
stats: {cpu,"tsung_controller@ip-172-31-50-170"} 1 24.430128840436076 0.0 34.300919206579586 0.2001000500250125 7.727705459202123 25
stats: session 101 9512.000673267325 1011.6289863057807 24677.866 3160.398 10088.391547021301 7369
stats: users_count 0 7470
stats: finish_users_count 101 7470
stats: page 193 44.15482383419689 10.844437132716585 9938.754 0.051 1148.1342426651393 29687
stats: 302 359 20993
stats: error_send_einval 0 33
stats: request 735 11.282386394557836 5.60451007626152 3557.468 0.051 512.4375447627648 66495
stats: 200 376 26866
stats: connect 6 1.2025 0.12197643214982147 38.447 0.681 1.1468446359371822 19612
stats: size_rcv 784773 87650677
stats: newphase 0 7
stats: 502 0 15111
stats: size_sent 485655 37834776
stats: connected -163 0
stats: error_connection_closed 0 637
# stats: dump at 1615438880
stats: users 0 1351
stats: {freemem,"tsung_controller@ip-172-31-50-170"} 1 710.8203125 0.0 733.9375 446.6953125 665.8197115384615 26
stats: {load,"tsung_controller@ip-172-31-50-170"} 1 0.51953125 0.0 0.62109375 0.0 0.10907451923076923 26
stats: {cpu,"tsung_controller@ip-172-31-50-170"} 1 0.5499999999999999 0.0 34.300919206579586 0.2001000500250125 8.370106358480353 26
stats: session 0 0 0 24677.866 3160.398 10080.598310307894 7470
stats: users_count 0 7470
stats: finish_users_count 0 7470
stats: request 0 0 0 3557.468 0.051 506.9586061728401 67230
stats: connect 0 0 0 38.447 0.681 1.1468616576613324 19618
stats: page 0 0 0 9938.754 0.051 1141.00345190763 29880
stats: 302 0 20993
stats: error_send_einval 0 33
stats: 200 0 26866
stats: size_rcv 0 87650677
stats: newphase 0 7
stats: 502 0 15111
stats: size_sent 0 37834776
stats: connected 0 0
stats: error_connection_closed 0 637
# stats: dump at 1615438890
stats: users 0 1351
stats: {freemem,"tsung_controller@ip-172-31-50-170"} 1 712.390625 0.0 733.9375 446.6953125 667.4864004629629 27
stats: {load,"tsung_controller@ip-172-31-50-170"} 1 0.44140625 0.0 0.62109375 0.0 0.12427662037037036 27
stats: {cpu,"tsung_controller@ip-172-31-50-170"} 1 0.09995002498750624 0.0 34.300919206579586 0.09995002498750624 8.080472789647748 27
stats: session 0 0 0 24677.866 3160.398 10080.598310307894 7470
stats: users_count 0 7470
stats: finish_users_count 0 7470
stats: request 0 0 0 3557.468 0.051 506.9586061728401 67230
stats: connect 0 0 0 38.447 0.681 1.1468616576613324 19618
stats: page 0 0 0 9938.754 0.051 1141.00345190763 29880
stats: 302 0 20993
stats: error_send_einval 0 33
stats: 200 0 26866
stats: size_rcv 0 87650677
stats: newphase 0 7
stats: 502 0 15111
stats: size_sent 0 37834776
stats: connected 0 0
stats: error_connection_closed 0 637
# stats: dump at 1615438900
stats: users 0 1351
stats: {freemem,"tsung_controller@ip-172-31-50-170"} 1 713.23828125 0.0 733.9375 446.6953125 669.0901227678571 28
stats: {load,"tsung_controller@ip-172-31-50-170"} 1 0.37109375 0.0 0.62109375 0.0 0.13560267857142858 28
stats: {cpu,"tsung_controller@ip-172-31-50-170"} 1 0.0 0.0 34.300919206579586 0.0 7.795454119481311 28
stats: session 0 0 0 24677.866 3160.398 10080.598310307894 7470
stats: users_count 0 7470
stats: finish_users_count 0 7470
stats: request 0 0 0 3557.468 0.051 506.9586061728401 67230
stats: connect 0 0 0 38.447 0.681 1.1468616576613324 19618
stats: page 0 0 0 9938.754 0.051 1141.00345190763 29880
stats: 302 0 20993
stats: error_send_einval 0 33
stats: 200 0 26866
stats: size_rcv 0 87650677
stats: newphase 0 7
stats: 502 0 15111
stats: size_sent 0 37834776
stats: connected 0 0
stats: error_connection_closed 0 637
# stats: dump at 1615438910
stats: users 0 1351
stats: {freemem,"tsung_controller@ip-172-31-50-170"} 1 713.79296875 0.0 733.9375 446.6953125 670.6124730603449 29
stats: {load,"tsung_controller@ip-172-31-50-170"} 1 0.30859375 0.0 0.62109375 0.0 0.1437230603448276 29
stats: {cpu,"tsung_controller@ip-172-31-50-170"} 1 0.15 0.0 34.300919206579586 0.0 7.526645356740576 29
stats: session 0 0 0 24677.866 3160.398 10080.598310307894 7470
stats: users_count 0 7470
stats: finish_users_count 0 7470
stats: request 0 0 0 3557.468 0.051 506.9586061728401 67230
stats: connect 0 0 0 38.447 0.681 1.1468616576613324 19618
stats: page 0 0 0 9938.754 0.051 1141.00345190763 29880
stats: 302 0 20993
stats: error_send_einval 0 33
stats: 200 0 26866
stats: size_rcv 0 87650677
stats: newphase 0 7
stats: 502 0 15111
stats: size_sent 0 37834776
stats: connected 0 0
stats: error_connection_closed 0 637
# stats: dump at 1615438913
stats: users 0 1351
stats: {freemem,"tsung_controller@ip-172-31-50-170"} 1 713.90234375 0.0 733.9375 446.6953125 672.0518229166667 30
stats: {load,"tsung_controller@ip-172-31-50-170"} 1 0.26171875 0.0 0.62109375 0.0 0.14921875 30
stats: {cpu,"tsung_controller@ip-172-31-50-170"} 1 0.1 0.0 34.300919206579586 0.0 7.280757178182557 30
stats: session 0 0 0 24677.866 3160.398 10080.598310307894 7470
stats: users_count 0 7470
stats: finish_users_count 0 7470
stats: connect 0 0 0 38.447 0.681 1.1468616576613324 19618
stats: request 0 0 0 3557.468 0.051 506.9586061728401 67230
stats: page 0 0 0 9938.754 0.051 1141.00345190763 29880
stats: 302 0 20993
stats: error_send_einval 0 33
stats: 200 0 26866
stats: size_rcv 0 87650677
stats: newphase 0 7
stats: 502 0 15111
stats: size_sent 0 37834776
stats: connected 0 0
stats: error_connection_closed 0 637
EndMonitor:{1615,438913,713543}
