# stats: dump at 1615356385
stats: users 0 1
stats: {cpu,"tsung_controller@ip-172-31-59-214"} 1 3.6144487956212132 0 3.6144487956212132 3.6144487956212132 0 0
stats: {freemem,"tsung_controller@ip-172-31-59-214"} 1 671.90234375 0 671.90234375 671.90234375 0 0
stats: {load,"tsung_controller@ip-172-31-59-214"} 1 0.109375 0 0.109375 0.109375 0 0
stats: session 6 79.22483333333334 9.682331355217208 92.929 67.653 0 0
stats: users_count 6 6
stats: finish_users_count 6 6
stats: request 5 78.7702 8.116210184562746 87.231 66.452 0 0
stats: connect 5 2.9264 3.557084907617472 10.04 1.09 0 0
stats: page 5 78.7702 8.116210184562746 87.231 66.452 0 0
stats: 200 5 5
stats: size_rcv 129363 129363
stats: size_sent 613 613
stats: connected 0 0
# stats: dump at 1615356395
stats: users 0 2
stats: {cpu,"tsung_controller@ip-172-31-59-214"} 1 0.25012506253126565 0.0 3.6144487956212132 0.25012506253126565 3.6144487956212132 1
stats: {freemem,"tsung_controller@ip-172-31-59-214"} 1 673.23046875 0.0 673.23046875 671.90234375 671.90234375 1
stats: {load,"tsung_controller@ip-172-31-59-214"} 1 0.1015625 0.0 0.109375 0.1015625 0.109375 1
stats: session 14 74.10492857142857 13.688415756524547 110.906 65.511 79.22483333333334 6
stats: users_count 14 20
stats: finish_users_count 14 20
stats: request 15 71.57593333333332 13.328324348127522 108.785 63.526 78.7702 5
stats: connect 15 1.2003333333333333 0.17651880604878586 10.04 1.076 2.9264 5
stats: page 15 71.57593333333332 13.328324348127522 108.785 63.526 78.7702 5
stats: 200 15 20
stats: size_rcv 373618 502981
stats: size_sent 1857 2470
stats: connected 0 0
# stats: dump at 1615356405
stats: users 0 2
stats: {cpu,"tsung_controller@ip-172-31-59-214"} 1 0.448654037886341 0.0 3.6144487956212132 0.25012506253126565 1.9322869290762394 2
stats: {freemem,"tsung_controller@ip-172-31-59-214"} 1 672.9765625 0.0 673.23046875 671.90234375 672.56640625 2
stats: {load,"tsung_controller@ip-172-31-59-214"} 1 0.078125 0.0 0.109375 0.078125 0.10546875 2
stats: session 10 76.15440000000001 15.337890781981722 118.467 65.511 75.64090000000002 20
stats: users_count 10 30
stats: finish_users_count 10 30
stats: request 9 69.42988888888888 6.3286413399620445 108.785 63.526 73.37449999999998 20
stats: connect 10 1.1212 0.05007753987567673 10.04 1.041 1.63185 20
stats: page 9 69.42988888888888 6.3286413399620445 108.785 63.526 73.37449999999998 20
stats: 200 9 29
stats: size_rcv 229967 732948
stats: size_sent 1241 3711
stats: connected 1 1
# stats: dump at 1615356415
stats: users 1 3
stats: {cpu,"tsung_controller@ip-172-31-59-214"} 1 0.24962556165751376 0.0 3.6144487956212132 0.24962556165751376 1.4377426320129398 3
stats: {freemem,"tsung_controller@ip-172-31-59-214"} 1 672.98828125 0.0 673.23046875 671.90234375 672.703125 3
stats: {load,"tsung_controller@ip-172-31-59-214"} 1 0.0703125 0.0 0.109375 0.0703125 0.09635416666666667 3
stats: session 17 74.44088235294119 11.787790507342027 118.467 64.797 75.81206666666667 30
stats: users_count 18 48
stats: finish_users_count 17 47
stats: request 17 75.5859411764706 15.380385860954013 116.489 62.769 72.15031034482757 29
stats: connect 16 1.3918750000000002 0.9877800789522939 10.04 0.921 1.4616333333333336 30
stats: page 17 75.5859411764706 15.380385860954013 116.489 62.769 72.15031034482757 29
stats: 200 17 46
stats: size_rcv 392959 1125907
stats: newphase 1 1
stats: size_sent 1975 5686
stats: connected -1 0
# stats: dump at 1615356425
stats: users 0 3
stats: {cpu,"tsung_controller@ip-172-31-59-214"} 1 0.5483549351944167 0.0 3.6144487956212132 0.24962556165751376 1.1407133644240832 4
stats: {freemem,"tsung_controller@ip-172-31-59-214"} 1 672.97265625 0.0 673.23046875 671.90234375 672.7744140625 4
stats: {load,"tsung_controller@ip-172-31-59-214"} 1 0.05859375 0.0 0.109375 0.05859375 0.08984375 4
stats: session 15 71.85993333333336 8.580199830358781 118.467 64.797 75.31610638297872 47
stats: users_count 14 62
stats: finish_users_count 15 62
stats: request 16 69.38768749999998 8.47542014975327 116.489 62.769 73.41999999999999 46
stats: connect 16 1.255125 0.25650216251525043 10.04 0.921 1.4373695652173912 46
stats: page 16 69.38768749999998 8.47542014975327 116.489 62.769 73.41999999999999 46
stats: 200 16 62
stats: size_rcv 366020 1491927
stats: newphase 0 1
stats: size_sent 1979 7665
stats: connected 0 0
# stats: dump at 1615356435
stats: users 0 3
stats: {cpu,"tsung_controller@ip-172-31-59-214"} 1 0.34930139720558884 0.0 3.6144487956212132 0.24962556165751376 1.0222416785781498 5
stats: {freemem,"tsung_controller@ip-172-31-59-214"} 1 672.96875 0.0 673.23046875 671.90234375 672.8140625 5
stats: {load,"tsung_controller@ip-172-31-59-214"} 1 0.05078125 0.0 0.109375 0.05078125 0.08359375 5
stats: session 19 69.5975263157895 4.548199567074758 118.467 64.674 74.47993548387096 62
stats: users_count 19 81
stats: finish_users_count 19 81
stats: request 18 67.5603888888889 4.686430318114546 116.489 62.657 72.37940322580644 62
stats: connect 18 1.1446666666666665 0.07005949852327907 10.04 0.921 1.3903387096774193 62
stats: page 18 67.5603888888889 4.686430318114546 116.489 62.657 72.37940322580644 62
stats: 200 18 80
stats: size_rcv 477372 1969299
stats: newphase 0 1
stats: size_sent 2217 9882
stats: connected 0 0
# stats: dump at 1615356445
stats: users 0 3
stats: {cpu,"tsung_controller@ip-172-31-59-214"} 1 0.4985044865403789 0.0 3.6144487956212132 0.24962556165751376 0.9100849650160563 6
stats: {freemem,"tsung_controller@ip-172-31-59-214"} 1 672.83984375 0.0 673.23046875 671.90234375 672.83984375 6
stats: {load,"tsung_controller@ip-172-31-59-214"} 1 0.0390625 0.0 0.109375 0.0390625 0.078125 6
stats: session 32 70.68809375000001 6.531472146266943 118.467 64.674 73.33467901234567 81
stats: users_count 32 113
stats: finish_users_count 32 113
stats: request 31 68.77987096774193 6.5822814347744565 116.489 62.657 71.29512499999998 80
stats: connect 31 1.5346451612903222 1.272385885583232 10.04 0.921 1.3350624999999998 80
stats: page 31 68.77987096774193 6.5822814347744565 116.489 62.657 71.29512499999998 80
stats: 200 31 111
stats: size_rcv 780840 2750139
stats: newphase 1 2
stats: size_sent 3819 13701
stats: connected 0 0
# stats: dump at 1615356455
stats: users 1 3
stats: {cpu,"tsung_controller@ip-172-31-59-214"} 1 0.499001996007984 0.0 3.6144487956212132 0.24962556165751376 0.8512877538052452 7
stats: {freemem,"tsung_controller@ip-172-31-59-214"} 1 672.9609375 0.0 673.23046875 671.90234375 672.83984375 7
stats: {load,"tsung_controller@ip-172-31-59-214"} 1 0.03125 0.0 0.109375 0.03125 0.07254464285714286 7
stats: session 39 73.0067948717949 8.956189992887131 118.467 64.674 72.58520353982301 113
stats: users_count 40 153
stats: finish_users_count 39 152
stats: request 41 70.71929268292679 8.79470638798829 116.489 62.657 70.59266666666664 111
stats: connect 41 1.1796829268292686 0.197377988125099 10.04 0.921 1.3908018018018014 111
stats: page 41 70.71929268292679 8.79470638798829 116.489 62.657 70.59266666666664 111
stats: 200 41 152
stats: size_rcv 943100 3693239
stats: newphase 0 2
stats: size_sent 5056 18757
stats: connected 0 0
# stats: dump at 1615356465
stats: users 0 3
stats: {cpu,"tsung_controller@ip-172-31-59-214"} 1 0.7470119521912351 0.0 3.6144487956212132 0.24962556165751376 0.8072520340805877 8
stats: {freemem,"tsung_controller@ip-172-31-59-214"} 1 672.72265625 0.0 673.23046875 671.90234375 672.85498046875 8
stats: {load,"tsung_controller@ip-172-31-59-214"} 1 0.03125 0.0 0.109375 0.03125 0.0673828125 8
stats: session 53 76.64490566037736 11.498598655002962 118.467 64.674 72.69337500000002 152
stats: users_count 52 205
stats: finish_users_count 53 205
stats: request 50 74.58422 11.712622671784484 116.489 62.657 70.62682236842103 152
stats: connect 51 1.1317450980392152 0.10185954249622083 10.04 0.921 1.3338552631578946 152
stats: page 50 74.58422 11.712622671784484 116.489 62.657 70.62682236842103 152
stats: 200 50 202
stats: size_rcv 1203123 4896362
stats: newphase 0 2
stats: size_sent 6301 25058
stats: connected 1 1
# stats: dump at 1615356475
stats: users 0 4
stats: {cpu,"tsung_controller@ip-172-31-59-214"} 1 0.6480558325024925 0.0 3.6144487956212132 0.24962556165751376 0.8005586916484373 9
stats: {freemem,"tsung_controller@ip-172-31-59-214"} 1 673.09375 0.0 673.23046875 671.90234375 672.8402777777778 9
stats: {load,"tsung_controller@ip-172-31-59-214"} 1 0.01953125 0.0 0.109375 0.01953125 0.06336805555555555 9
stats: session 73 90.4070410958904 20.86053983293814 162.912 64.096 73.71499024390245 205
stats: users_count 73 278
stats: finish_users_count 73 278
stats: request 74 87.72314864864862 20.853784550999972 160.951 62.03 71.60637623762375 202
stats: connect 75 1.13496 0.12468557147213677 10.04 0.921 1.28307881773399 203
stats: page 74 87.72314864864862 20.853784550999972 160.951 62.03 71.60637623762375 202
stats: 200 74 276
stats: size_rcv 1837214 6733576
stats: newphase 1 3
stats: size_sent 9232 34290
stats: connected 1 2
# stats: dump at 1615356485
stats: users 0 4
stats: {cpu,"tsung_controller@ip-172-31-59-214"} 1 0.8470353761833582 0.0 3.6144487956212132 0.24962556165751376 0.7853084057338429 10
stats: {freemem,"tsung_controller@ip-172-31-59-214"} 1 672.48828125 0.0 673.23046875 671.90234375 672.865625 10
stats: {load,"tsung_controller@ip-172-31-59-214"} 1 0.01953125 0.0 0.109375 0.01953125 0.058984375 10
stats: session 75 84.31193333333329 18.820005471719597 162.912 64.096 78.098154676259 278
stats: users_count 75 353
stats: finish_users_count 75 353
stats: request 76 82.38107894736844 18.685232908962856 160.951 61.939 75.92753985507245 276
stats: connect 75 1.232786666666666 0.4755971767040769 10.04 0.904 1.243118705035971 278
stats: page 76 82.38107894736844 18.685232908962856 160.951 61.939 75.92753985507245 276
stats: 200 76 352
stats: size_rcv 1905676 8639252
stats: newphase 0 3
stats: size_sent 9240 43530
stats: connected -1 1
# stats: dump at 1615356495
stats: users 0 5
stats: {cpu,"tsung_controller@ip-172-31-59-214"} 1 1.093983092988563 0.0 3.6144487956212132 0.24962556165751376 0.7909199485019806 11
stats: {freemem,"tsung_controller@ip-172-31-59-214"} 1 673.08984375 0.0 673.23046875 671.90234375 672.8313210227273 11
stats: {load,"tsung_controller@ip-172-31-59-214"} 1 0.1015625 0.0 0.109375 0.01953125 0.05539772727272727 11
stats: session 88 85.85906818181816 24.14454774835561 205.138 64.096 79.4183626062323 353
stats: users_count 88 441
stats: finish_users_count 88 441
stats: request 88 84.00857954545455 24.1313635562639 203.148 61.939 77.32091761363635 352
stats: 200 88 440
stats: connect 88 1.224 0.400895361545991 10.04 0.904 1.2409235127478753 353
stats: page 88 84.00857954545455 24.1313635562639 203.148 61.939 77.32091761363635 352
stats: size_rcv 2183279 10822531
stats: newphase 0 3
stats: size_sent 10847 54377
stats: connected 0 1
# stats: dump at 1615356505
stats: users 0 6
stats: {cpu,"tsung_controller@ip-172-31-59-214"} 1 1.0468594217347957 0.0 3.6144487956212132 0.24962556165751376 0.8161752105425291 12
stats: {freemem,"tsung_controller@ip-172-31-59-214"} 1 672.61328125 0.0 673.23046875 671.90234375 672.8528645833334 12
stats: {load,"tsung_controller@ip-172-31-59-214"} 1 0.078125 0.0 0.109375 0.01953125 0.059244791666666664 12
stats: session 125 110.40200799999995 35.55366008241537 228.285 64.096 80.70358276643991 441
stats: users_count 125 566
stats: finish_users_count 125 566
stats: request 123 107.9903983739837 35.96102351445453 226.15 61.939 78.65844999999999 440
stats: connect 122 1.1875655737704913 0.5492033274484128 10.04 0.888 1.2375464852607712 441
stats: 200 123 563
stats: page 123 107.9903983739837 35.96102351445453 226.15 61.939 78.65844999999999 440
stats: size_rcv 3034394 13856925
stats: newphase 1 4
stats: size_sent 15066 69443
stats: connected -1 0
# stats: dump at 1615356515
stats: users 1 8
stats: {cpu,"tsung_controller@ip-172-31-59-214"} 1 1.488833746898263 0.0 3.6144487956212132 0.24962556165751376 0.8339201498650112 13
stats: {freemem,"tsung_controller@ip-172-31-59-214"} 1 672.61328125 0.0 673.23046875 671.90234375 672.8344350961538 13
stats: {load,"tsung_controller@ip-172-31-59-214"} 1 0.0703125 0.0 0.109375 0.01953125 0.060697115384615384 13
stats: session 155 134.98587096774193 60.63412754000992 398.412 64.096 87.26242226148409 566
stats: users_count 156 722
stats: finish_users_count 155 721
stats: request 153 131.67167320261441 59.90003021612929 396.453 61.939 85.06667317939608 563
stats: connect 157 1.1726496815286613 0.3835990785613894 10.04 0.888 1.226715808170515 563
stats: 200 153 716
stats: page 153 131.67167320261441 59.90003021612929 396.453 61.939 85.06667317939608 563
stats: size_rcv 3756771 17613696
stats: newphase 0 4
stats: size_sent 19377 88820
stats: connected 4 4
# stats: dump at 1615356525
stats: users 2 9
stats: {cpu,"tsung_controller@ip-172-31-59-214"} 1 2.2266204849084614 0.0 3.6144487956212132 0.24962556165751376 0.8806996925102435 14
stats: {freemem,"tsung_controller@ip-172-31-59-214"} 1 672.26171875 0.0 673.23046875 671.90234375 672.8186383928571 14
stats: {load,"tsung_controller@ip-172-31-59-214"} 1 0.05859375 0.0 0.109375 0.01953125 0.06138392857142857 14
stats: session 178 162.62668539325833 79.77503228096566 398.412 64.096 97.52197087378639 721
stats: users_count 179 901
stats: finish_users_count 178 899
stats: connect 178 1.214241573033708 0.5642686756073589 10.04 0.885 1.2149263888888886 720
stats: page 181 161.4389502762429 79.28678751727607 396.453 61.939 95.02556284916201 716
stats: request 181 161.4389502762429 79.28678751727607 396.453 61.939 95.02556284916201 716
stats: 200 181 897
stats: size_rcv 4421950 22035646
stats: newphase 0 4
stats: size_sent 21935 110755
stats: connected -3 1
# stats: dump at 1615356535
stats: users 71 77
stats: {cpu,"tsung_controller@ip-172-31-59-214"} 1 2.9585798816568047 0.0 3.6144487956212132 0.24962556165751376 0.9704277453367912 15
stats: {freemem,"tsung_controller@ip-172-31-59-214"} 1 671.8671875 0.0 673.23046875 671.8671875 672.7815104166667 15
stats: {load,"tsung_controller@ip-172-31-59-214"} 1 0.05078125 0.0 0.109375 0.01953125 0.061197916666666664 15
stats: session 209 1130.9631578947367 678.4361304576101 2752.909 64.096 110.41255951056726 899
stats: users_count 278 1179
stats: finish_users_count 209 1108
stats: request 206 1087.9990533980585 660.4256540228482 2611.609 61.939 108.42670345596429 897
stats: connect 276 1.2662318840579714 0.7570457435478966 10.04 0.866 1.2147906458797326 898
stats: page 206 1087.9990533980585 660.4256540228482 2611.609 61.939 108.42670345596429 897
stats: 200 206 1103
stats: size_rcv 5148894 27184540
stats: newphase 1 5
stats: size_sent 34043 144798
stats: connected 70 71
# stats: dump at 1615356545
stats: users 152 156
stats: {cpu,"tsung_controller@ip-172-31-59-214"} 1 4.923682914820286 0.0 4.923682914820286 0.24962556165751376 1.094687253856792 16
stats: {freemem,"tsung_controller@ip-172-31-59-214"} 1 665.67578125 0.0 673.23046875 665.67578125 672.724365234375 16
stats: {load,"tsung_controller@ip-172-31-59-214"} 1 0.0390625 0.0 0.109375 0.01953125 0.060546875 16
stats: session 243 3634.428119341564 710.9475394618523 4884.936 64.096 302.9171398916967 1108
stats: users_count 324 1503
stats: finish_users_count 243 1351
stats: request 242 3578.01526859504 709.8665852424432 4815.25 61.939 291.374939256573 1103
stats: connect 325 1.2192799999999995 0.5448531192899605 10.04 0.838 1.226884156729131 1174
stats: page 242 3578.01526859504 709.8665852424432 4815.25 61.939 291.374939256573 1103
stats: 200 242 1345
stats: size_rcv 5924743 33109283
stats: newphase 0 5
stats: size_sent 40042 184840
stats: connected 83 154
# stats: dump at 1615356555
stats: users 189 194
stats: {cpu,"tsung_controller@ip-172-31-59-214"} 1 3.781925343811395 0.0 4.923682914820286 0.24962556165751376 1.3199222927369976 17
stats: {freemem,"tsung_controller@ip-172-31-59-214"} 1 660.83203125 0.0 673.23046875 660.83203125 672.3097426470588 17
stats: {load,"tsung_controller@ip-172-31-59-214"} 1 0.03125 0.0 0.109375 0.01953125 0.059283088235294115 17
stats: session 245 5816.731522448978 1048.4524291075882 7107.201 3.746 902.145243523316 1351
stats: users_count 282 1785
stats: finish_users_count 245 1596
stats: request 246 5765.904666666663 1044.0660152300684 7105.065 1.765 882.7258386617099 1345
stats: 200 242 1587
stats: connect 281 1.1989110320284706 0.3888457633456851 10.04 0.838 1.2252354903268843 1499
stats: page 246 5765.904666666663 1044.0660152300684 7105.065 1.765 882.7258386617099 1345
stats: size_rcv 5928221 39037504
stats: newphase 0 5
stats: 502 4 4
stats: size_sent 34658 219498
stats: connected 35 189
# stats: dump at 1615356565
stats: users 193 197
stats: {cpu,"tsung_controller@ip-172-31-59-214"} 1 3.6836935166994107 0.0 4.923682914820286 0.24962556165751376 1.4567002400189084 18
stats: {freemem,"tsung_controller@ip-172-31-59-214"} 1 660.96875 0.0 673.23046875 660.83203125 671.6720920138889 18
stats: {load,"tsung_controller@ip-172-31-59-214"} 1 0.03125 0.0 0.109375 0.01953125 0.05772569444444445 18
stats: session 590 2996.493240677968 3650.3750192152324 8237.283 3.138 1656.5773477443606 1596
stats: users_count 594 2379
stats: finish_users_count 590 2186
stats: request 591 3021.2839526226758 3649.8145508878706 8235.181 1.362 1637.7616599622872 1591
stats: 200 241 1828
stats: connect 594 1.2488872053872044 0.7615911987044245 10.04 0.735 1.2210797752808988 1780
stats: page 591 3021.2839526226758 3649.8145508878706 8235.181 1.362 1637.7616599622872 1591
stats: size_rcv 6011531 45049035
stats: newphase 1 6
stats: 502 350 354
stats: size_sent 73266 292764
stats: connected 3 192
# stats: dump at 1615356575
stats: users 193 197
stats: {cpu,"tsung_controller@ip-172-31-59-214"} 1 7.008216529724505 0.0 7.008216529724505 0.24962556165751376 1.5739104124757768 19
stats: {freemem,"tsung_controller@ip-172-31-59-214"} 1 660.62890625 0.0 673.23046875 660.62890625 671.1087582236842 19
stats: {load,"tsung_controller@ip-172-31-59-214"} 1 0.1015625 0.0 0.109375 0.01953125 0.05633223684210526 19
stats: session 664 2910.2655647590373 3850.93009500565 8335.548 2.935 2018.2197891125347 2186
stats: users_count 664 3043
stats: finish_users_count 664 2850
stats: request 664 2920.2363237951854 3854.3254422309287 8333.458 1.362 2012.4920334555457 2182
stats: connect 665 1.279736842105263 0.7079780219894566 10.04 0.735 1.22803748946925 2374
stats: 200 242 2070
stats: size_rcv 5991138 51040173
stats: newphase 0 6
stats: 502 422 776
stats: size_sent 82001 374765
stats: connected 1 193
stats: page 664 2920.2363237951854 3854.3254422309287 8333.458 1.362 2012.4920334555457 2182
# stats: dump at 1615356585
stats: users 193 197
stats: {cpu,"tsung_controller@ip-172-31-59-214"} 1 7.524271844660194 0.0 7.524271844660194 0.24962556165751376 1.8456257183382132 20
stats: {freemem,"tsung_controller@ip-172-31-59-214"} 1 660.91796875 0.0 673.23046875 660.62890625 670.584765625 20
stats: {load,"tsung_controller@ip-172-31-59-214"} 1 0.16015625 0.0 0.16015625 0.01953125 0.05859375 20
stats: session 673 2855.752826151561 3831.232578725827 8343.909 2.837 2226.0508049122814 2850
stats: users_count 673 3716
stats: finish_users_count 673 3523
stats: request 671 2862.097260804772 3833.699789827703 8341.899 1.362 2224.2777709065367 2846
stats: connect 671 1.1883666169895686 0.8403254743549117 15.754 0.735 1.239350444225074 3039
stats: 200 240 2310
stats: size_rcv 5989781 57029954
stats: newphase 0 6
stats: 502 431 1207
stats: size_sent 82734 457499
stats: connected 0 193
stats: page 671 2862.097260804772 3833.699789827703 8341.899 1.362 2224.2777709065367 2846
# stats: dump at 1615356595
stats: users 193 200
stats: {cpu,"tsung_controller@ip-172-31-59-214"} 1 7.083939835031538 0.0 7.524271844660194 0.24962556165751376 2.1160374386392595 21
stats: {freemem,"tsung_controller@ip-172-31-59-214"} 1 659.1015625 0.0 673.23046875 659.1015625 670.1244419642857 21
stats: {load,"tsung_controller@ip-172-31-59-214"} 1 0.140625 0.0 0.16015625 0.01953125 0.06343005952380952 21
stats: session 1099 1708.8212666060072 3279.779625040292 8541.716 2.837 2346.343016179393 3523
stats: users_count 1099 4815
stats: finish_users_count 1099 4622
stats: connect 1098 1.1302823315118367 0.5455031304033093 15.754 0.713 1.2301293800539086 3710
stats: page 1099 1714.0709717925374 3284.9591625205576 8539.65 1.362 2345.9658225760604 3517
stats: request 1099 1714.0709717925374 3284.9591625205576 8539.65 1.362 2345.9658225760604 3517
stats: 200 235 2545
stats: size_rcv 6069055 63099009
stats: newphase 1 7
stats: 502 864 2071
stats: size_sent 135374 592873
stats: connected -1 192
# stats: dump at 1615356605
stats: users 194 200
stats: {cpu,"tsung_controller@ip-172-31-59-214"} 1 11.59351145038168 0.0 11.59351145038168 0.24962556165751376 2.3418511839298173 22
stats: {freemem,"tsung_controller@ip-172-31-59-214"} 1 656.9921875 0.0 673.23046875 656.9921875 669.6234019886363 22
stats: {load,"tsung_controller@ip-172-31-59-214"} 1 0.19921875 0.0 0.19921875 0.01953125 0.06693892045454546 22
stats: session 1225 1608.5759616326507 3242.9880806091433 8611.298 2.837 2194.7557373431423 4622
stats: users_count 1226 6041
stats: finish_users_count 1225 5847
stats: connect 1226 1.2035187601957593 0.7981472121879656 15.754 0.713 1.2073273710482524 4808
stats: request 1225 1606.4489983673436 3242.9924845147348 8609.146 1.362 2195.521186308493 4616
stats: page 1225 1606.4489983673436 3242.9924845147348 8609.146 1.362 2195.521186308493 4616
stats: 200 241 2786
stats: size_rcv 6130868 69229877
stats: newphase 0 7
stats: 502 984 3055
stats: size_sent 151167 744040
stats: connected 1 193
# stats: dump at 1615356615
stats: users 192 200
stats: {cpu,"tsung_controller@ip-172-31-59-214"} 1 13.472485768500949 0.0 13.472485768500949 0.24962556165751376 2.7440972824712024 23
stats: {freemem,"tsung_controller@ip-172-31-59-214"} 1 657.94921875 0.0 673.23046875 656.9921875 669.0742187499999 23
stats: {load,"tsung_controller@ip-172-31-59-214"} 1 0.16015625 0.0 0.19921875 0.01953125 0.07269021739130435 23
stats: session 1222 1577.4150605564637 3208.1494921773838 8611.298 2.753 2071.9457107918593 5847
stats: users_count 1220 7261
stats: finish_users_count 1222 7069
stats: request 1224 1559.401450163399 3195.660100312683 8609.146 1.341 2071.978397363465 5841
stats: 200 235 3021
stats: size_rcv 6087464 75317341
stats: newphase 0 7
stats: 502 989 4044
stats: size_sent 150996 895036
stats: connected 1 194
stats: connect 1225 1.1231575510204097 0.5537556556804492 15.754 0.705 1.2065535299966852 6034
stats: page 1224 1559.401450163399 3195.660100312683 8609.146 1.341 2071.978397363465 5841
# stats: dump at 1615356625
stats: users 193 201
stats: {cpu,"tsung_controller@ip-172-31-59-214"} 1 12.32876712328767 0.0 13.472485768500949 0.24962556165751376 3.1911134693891086 24
stats: {freemem,"tsung_controller@ip-172-31-59-214"} 1 656.6796875 0.0 673.23046875 656.6796875 668.6106770833333 24
stats: {load,"tsung_controller@ip-172-31-59-214"} 1 0.140625 0.0 0.19921875 0.01953125 0.07633463541666667 24
stats: session 2215 872.6302144469526 2498.125645223053 8611.298 2.753 1986.457458622153 7069
stats: users_count 2216 9477
stats: finish_users_count 2215 9284
stats: connect 2087 1.11643555342597 0.5519937557726937 15.754 0.69 1.192479955916793 7259
stats: request 2088 888.7073793103476 2520.99485947921 8609.146 1.334 1983.1752574663833 7065
stats: page 2088 888.7073793103476 2520.99485947921 8609.146 1.334 1983.1752574663833 7065
stats: 200 230 3251
stats: size_rcv 6225011 81542352
stats: newphase 1 8
stats: 502 1858 5902
stats: size_sent 257340 1152376
stats: connected -1 193
# stats: dump at 1615356635
stats: users 193 201
stats: {cpu,"tsung_controller@ip-172-31-59-214"} 1 19.24510717614166 0.0 19.24510717614166 0.24962556165751376 3.5566196155450513 25
stats: {freemem,"tsung_controller@ip-172-31-59-214"} 1 656.10546875 0.0 673.23046875 656.10546875 668.1334375 25
stats: {load,"tsung_controller@ip-172-31-59-214"} 1 0.12109375 0.0 0.19921875 0.01953125 0.07890625 25
stats: session 2387 822.4285073313758 2432.01199078833 8611.298 2.753 1720.717761740629 9284
stats: users_count 2387 11864
stats: finish_users_count 2387 11671
stats: request 2402 815.3055029142386 2425.4897499546546 8609.146 1.332 1733.5031358024694 9153
stats: 200 243 3494
stats: connect 2402 1.043822647793503 0.3913111760345912 15.754 0.69 1.1754989300235394 9346
stats: size_rcv 6612707 88155059
stats: newphase 0 8
stats: page 2402 815.3055029142386 2425.4897499546546 8609.146 1.332 1733.5031358024694 9153
stats: 502 2159 8061
stats: size_sent 296102 1448478
stats: connected 0 193
# stats: dump at 1615356645
stats: users 193 203
stats: {cpu,"tsung_controller@ip-172-31-59-214"} 1 19.210897134805073 0.0 19.24510717614166 0.24962556165751376 4.160022983260306 26
stats: {freemem,"tsung_controller@ip-172-31-59-214"} 1 654.7421875 0.0 673.23046875 654.7421875 667.6708233173077 26
stats: {load,"tsung_controller@ip-172-31-59-214"} 1 0.171875 0.0 0.19921875 0.01953125 0.08052884615384616 26
stats: session 2387 791.6069585253468 2395.586907303435 8611.298 2.753 1536.996019792648 11671
stats: users_count 2387 14251
stats: finish_users_count 2387 14058
stats: request 2376 803.0315643939405 2413.2069082534495 8609.146 1.322 1542.6324552141932 11555
stats: connect 2376 1.0473438552188552 0.48095694543577905 15.754 0.69 1.1485763534218587 11748
stats: page 2376 803.0315643939405 2413.2069082534495 8609.146 1.322 1542.6324552141932 11555
stats: 200 236 3730
stats: size_rcv 6453994 94609053
stats: newphase 0 8
stats: 502 2140 10201
stats: size_sent 292967 1741445
stats: connected 0 193
# stats: dump at 1615356655
stats: users 194 208
stats: {cpu,"tsung_controller@ip-172-31-59-214"} 1 19.16588566073102 0.0 19.24510717614166 0.24962556165751376 4.717462766650852 27
stats: {freemem,"tsung_controller@ip-172-31-59-214"} 1 652.37109375 0.0 673.23046875 652.37109375 667.1919849537037 27
stats: {load,"tsung_controller@ip-172-31-59-214"} 1 0.30859375 0.0 0.30859375 0.01953125 0.08391203703703703 27
stats: session 4477 437.01469443823856 1828.2568182388288 8611.298 2.753 1410.4315234741782 14058
stats: users_count 4478 18729
stats: finish_users_count 4477 18535
stats: connect 4393 1.035694513999543 0.5820528417537565 15.754 0.68 1.131546587369017 14124
stats: page 4393 441.23872934213483 1840.5252062191428 8609.146 1.278 1416.4899157992968 13931
stats: request 4393 441.23872934213483 1840.5252062191428 8609.146 1.278 1416.4899157992968 13931
stats: 200 237 3967
stats: size_rcv 7042787 101651840
stats: newphase 1 9
stats: 502 4156 14357
stats: size_sent 541415 2282860
stats: connected 0 193
# stats: dump at 1615356665
stats: users 194 208
stats: {cpu,"tsung_controller@ip-172-31-59-214"} 1 31.048570131638677 0.0 31.048570131638677 0.24962556165751376 5.233477870010859 28
stats: {freemem,"tsung_controller@ip-172-31-59-214"} 1 652.7421875 0.0 673.23046875 652.37109375 666.6626674107143 28
stats: {load,"tsung_controller@ip-172-31-59-214"} 1 0.41015625 0.0 0.41015625 0.01953125 0.09193638392857142 28
stats: session 5048 393.12175851822485 1731.216978564908 8611.298 2.753 1175.309476342055 18535
stats: users_count 5048 23777
stats: finish_users_count 5048 23583
stats: request 5073 386.3202278730542 1722.2284877387078 8609.146 1.278 1182.6829706941717 18324
stats: page 5073 386.3202278730542 1722.2284877387078 8609.146 1.278 1182.6829706941717 18324
stats: 200 241 4208
stats: size_rcv 7507832 109159672
stats: connect 5073 1.0303595505617944 0.41673770721330217 15.754 0.651 1.108806502133174 18517
stats: newphase 0 9
stats: 502 4832 19189
stats: size_sent 625615 2908475
stats: connected 0 193
# stats: dump at 1615356675
stats: users 195 216
stats: {cpu,"tsung_controller@ip-172-31-59-214"} 1 32.30209281164696 0.0 32.30209281164696 0.24962556165751376 6.123653465239404 29
stats: {freemem,"tsung_controller@ip-172-31-59-214"} 1 650.53125 0.0 673.23046875 650.53125 666.182650862069 29
stats: {load,"tsung_controller@ip-172-31-59-214"} 1 0.51171875 0.0 0.51171875 0.01953125 0.10290948275862069 29
stats: session 4997 392.3244242545542 1721.722685557889 8611.298 2.753 1007.8802434380693 23583
stats: users_count 4998 28775
stats: finish_users_count 4997 28580
stats: request 4939 396.304020044543 1734.1452789166024 8609.146 1.278 1010.0134748472028 23397
stats: page 4939 396.304020044543 1734.1452789166024 8609.146 1.278 1010.0134748472028 23397
stats: 200 243 4451
stats: size_rcv 7610055 116769727
stats: newphase 0 9
stats: 502 4696 23885
stats: connect 4939 1.0885185260174133 1.0249991334328747 25.35 0.651 1.0919365832980064 23590
stats: size_sent 609276 3517751
stats: connected 0 193
# stats: dump at 1615356685
stats: users 7 216
stats: {cpu,"tsung_controller@ip-172-31-59-214"} 1 30.794090489381347 0.0 32.30209281164696 0.24962556165751376 6.996268110119656 30
stats: {freemem,"tsung_controller@ip-172-31-59-214"} 1 650.046875 0.0 673.23046875 650.046875 665.6609375 30
stats: {load,"tsung_controller@ip-172-31-59-214"} 1 0.73828125 0.0 0.73828125 0.01953125 0.11653645833333333 30
stats: session 1261 1524.8193497224431 3137.588268678462 8611.298 2.753 900.2548960461859 28580
stats: users_count 1073 29848
stats: finish_users_count 1261 29841
stats: request 1495 1284.874551170569 2934.5137930015726 8609.146 1.249 903.0431545031057 28336
stats: page 1495 1284.874551170569 2934.5137930015726 8609.146 1.249 903.0431545031057 28336
stats: 200 240 4691
stats: size_rcv 6254098 123023825
stats: newphase 0 9
stats: 502 1255 25140
stats: size_sent 162663 3680414
stats: connected -176 17
stats: connect 1319 1.017572403335864 0.5340497948202938 25.35 0.651 1.0913448420905034 28529
# stats: dump at 1615356688
stats: users 0 216
stats: {cpu,"tsung_controller@ip-172-31-59-214"} 1 4.220456802383317 0.0 32.30209281164696 0.24962556165751376 7.763939799773259 31
stats: {freemem,"tsung_controller@ip-172-31-59-214"} 1 657.6796875 0.0 673.23046875 650.046875 665.1572580645161 31
stats: {load,"tsung_controller@ip-172-31-59-214"} 1 0.62890625 0.0 0.73828125 0.01953125 0.13659274193548387 31
stats: session 7 8014.167857142858 21.43464751570401 8611.298 2.753 926.6473016654935 29841
stats: users_count 0 29848
stats: finish_users_count 7 29848
stats: request 17 8012.29094117647 119.60505745428823 8609.146 1.249 922.1788837115754 29831
stats: connect 0 0 0 25.35 0.651 1.088084796301259 29848
stats: page 17 8012.29094117647 119.60505745428823 8609.146 1.249 922.1788837115754 29831
stats: 200 17 4708
stats: size_rcv 403322 123427147
stats: newphase 0 9
stats: 502 0 25140
stats: size_sent 0 3680414
stats: connected -17 0
EndMonitor:{1615,356688,106262}
