# stats: dump at 1615099413
stats: users 8 8
stats: {cpu,"tsung_controller@ip-172-31-36-20"} 1 5.7881261001760285 0 5.7881261001760285 5.7881261001760285 0 0
stats: {load,"tsung_controller@ip-172-31-36-20"} 1 0.01953125 0 0.01953125 0.01953125 0 0
stats: {freemem,"tsung_controller@ip-172-31-36-20"} 1 690.5625 0 690.5625 690.5625 0 0
stats: users_count 8 8
stats: finish_users_count 0 0
stats: request 24 64.03116666666668 81.94488014750458 232.352 6.277 0 0
stats: connect 8 4.433375 9.137620135154174 28.609 0.928 0 0
stats: page 12 128.19258333333335 160.47835799646958 364.005 6.277 0 0
stats: 302 8 8
stats: 200 16 16
stats: size_rcv 1285629 1285629
stats: size_sent 11864 11864
stats: connected 8 8
# stats: dump at 1615099423
stats: users 11 11
stats: {cpu,"tsung_controller@ip-172-31-36-20"} 1 0.949050949050949 0.0 5.7881261001760285 0.949050949050949 5.7881261001760285 1
stats: {load,"tsung_controller@ip-172-31-36-20"} 1 0.01953125 0.0 0.01953125 0.01953125 0.01953125 1
stats: {freemem,"tsung_controller@ip-172-31-36-20"} 1 687.24609375 0.0 690.5625 687.24609375 690.5625 1
stats: session 9 7098.165555555555 433.72147553959894 7872.769 6404.335 0 0
stats: users_count 12 20
stats: finish_users_count 9 9
stats: page 32 152.38468749999998 183.6602031532072 558.59 6.16 128.19258333333335 12
stats: 302 40 48
stats: request 83 58.67439759036145 87.4631727601718 366.845 4.021 64.03116666666668 24
stats: connect 12 1.3632499999999999 1.176056696833391 28.609 0.864 4.433375 8
stats: 200 43 59
stats: size_rcv 3542128 4827757
stats: size_sent 51097 62961
stats: connected 3 11
# stats: dump at 1615099433
stats: users 6 13
stats: {cpu,"tsung_controller@ip-172-31-36-20"} 1 0.5505505505505506 0.0 5.7881261001760285 0.5505505505505506 3.3685885246134886 2
stats: {load,"tsung_controller@ip-172-31-36-20"} 1 0.01171875 0.0 0.01953125 0.01171875 0.01953125 2
stats: {freemem,"tsung_controller@ip-172-31-36-20"} 1 686.640625 0.0 690.5625 686.640625 688.904296875 2
stats: session 14 7798.879571428572 1177.0388144318968 9869.261 5984.301 7098.165555555555 9
stats: users_count 9 29
stats: finish_users_count 14 23
stats: request 96 49.66472916666667 76.50923254030076 366.845 3.955 59.875915887850475 107
stats: 302 51 99
stats: connect 9 1.1122222222222222 0.24464658308932896 28.609 0.864 2.5912999999999995 20
stats: page 34 133.81300000000002 166.0790226187522 558.59 6.16 145.7868409090909 44
stats: 200 46 105
stats: size_rcv 3532867 8360624
stats: size_sent 62777 125738
stats: connected -5 6
# stats: dump at 1615099443
stats: users 11 13
stats: {cpu,"tsung_controller@ip-172-31-36-20"} 1 0.5497251374312844 0.0 5.7881261001760285 0.5497251374312844 2.429242533259176 3
stats: {load,"tsung_controller@ip-172-31-36-20"} 1 0.01171875 0.0 0.01953125 0.01171875 0.016927083333333332 3
stats: {freemem,"tsung_controller@ip-172-31-36-20"} 1 683.875 0.0 690.5625 683.875 688.1497395833334 3
stats: session 8 7014.6495 1911.8737817901317 9869.261 4770.706 7524.687130434782 23
stats: users_count 13 42
stats: finish_users_count 8 31
stats: connect 10 1.1180999999999996 0.2729470461463177 28.609 0.864 2.132275862068965 29
stats: 302 29 128
stats: request 61 40.19196721311477 68.53694527435484 366.845 3.955 55.046980295566506 203
stats: page 25 107.30196 152.12542052779477 558.59 6.16 140.56747435897435 78
stats: 200 31 136
stats: size_rcv 2262844 10623468
stats: newphase 1 1
stats: size_sent 36972 162710
stats: connected 2 8
# stats: dump at 1615099453
stats: users 10 14
stats: {cpu,"tsung_controller@ip-172-31-36-20"} 1 0.3003003003003003 0.0 5.7881261001760285 0.3003003003003003 1.959363184302203 4
stats: {load,"tsung_controller@ip-172-31-36-20"} 1 0.01171875 0.0 0.01953125 0.01171875 0.015625 4
stats: {freemem,"tsung_controller@ip-172-31-36-20"} 1 681.65234375 0.0 690.5625 681.65234375 687.0810546875 4
stats: session 15 7065.9626 1350.257757298302 9869.261 4770.706 7393.064516129032 31
stats: users_count 14 56
stats: finish_users_count 15 46
stats: request 125 62.07199200000001 94.36680750420635 487.229 3.955 51.614571969696975 264
stats: 302 62 190
stats: connect 16 1.1500625 0.5270027832884281 28.609 0.863 1.8722307692307687 39
stats: page 47 165.31970212765964 211.49959924492134 764.524 5.259 132.4933203883495 103
stats: 200 63 199
stats: size_rcv 5154793 15778261
stats: newphase 0 1
stats: size_sent 78104 240814
stats: connected 1 9
# stats: dump at 1615099463
stats: users 18 24
stats: {cpu,"tsung_controller@ip-172-31-36-20"} 1 0.7492507492507493 0.0 5.7881261001760285 0.3003003003003003 1.6275506075018225 5
stats: {load,"tsung_controller@ip-172-31-36-20"} 1 0.08984375 0.0 0.08984375 0.01171875 0.01484375 5
stats: {freemem,"tsung_controller@ip-172-31-36-20"} 1 678.65234375 0.0 690.5625 678.65234375 685.9953125 5
stats: session 16 7857.755999999999 1350.0436828731226 10876.827 4770.706 7286.400847826088 46
stats: users_count 24 80
stats: finish_users_count 16 62
stats: request 164 108.89613414634151 166.2996914736708 883.269 3.955 54.97492544987147 389
stats: connect 24 0.9869583333333334 0.16540643860066498 28.609 0.728 1.6621454545454541 55
stats: page 63 283.674380952381 385.2170074412367 1657.742 5.259 142.77892000000003 150
stats: 302 78 268
stats: 200 86 285
stats: size_rcv 7394325 23172586
stats: newphase 0 1
stats: size_sent 99938 340752
stats: connected 8 17
# stats: dump at 1615099473
stats: users 20 24
stats: {cpu,"tsung_controller@ip-172-31-36-20"} 1 0.8512769153730596 0.0 5.7881261001760285 0.3003003003003003 1.4811672977933101 6
stats: {load,"tsung_controller@ip-172-31-36-20"} 1 0.0703125 0.0 0.08984375 0.01171875 0.02734375 6
stats: {freemem,"tsung_controller@ip-172-31-36-20"} 1 680.671875 0.0 690.5625 678.65234375 684.771484375 6
stats: session 19 8297.216263157892 1359.692355573934 10876.827 4770.706 7433.847338709678 62
stats: users_count 21 101
stats: finish_users_count 19 81
stats: request 150 67.02944000000002 100.84431552120193 883.269 3.875 70.96602531645573 553
stats: connect 22 1.414909090909091 1.6698776196065417 28.609 0.728 1.4570253164556959 79
stats: page 57 148.74517543859653 198.84383284483673 1657.742 5.259 184.45222535211272 213
stats: 302 73 341
stats: 200 77 362
stats: size_rcv 5798234 28970820
stats: newphase 1 2
stats: size_sent 96600 437352
stats: connected 3 20
# stats: dump at 1615099483
stats: users 51 51
stats: {cpu,"tsung_controller@ip-172-31-36-20"} 1 0.9004502251125562 0.0 5.7881261001760285 0.3003003003003003 1.39118295744756 7
stats: {load,"tsung_controller@ip-172-31-36-20"} 1 0.05859375 0.0 0.08984375 0.01171875 0.033482142857142856 7
stats: {freemem,"tsung_controller@ip-172-31-36-20"} 1 681.5234375 0.0 690.5625 678.65234375 684.1858258928571 7
stats: session 18 8802.562444444446 1603.9927097680068 12289.792 4770.706 7636.365975308641 81
stats: users_count 49 150
stats: finish_users_count 18 99
stats: page 100 1134.5757799999997 1332.3699906243355 4802.246 5.259 176.9140703703704 270
stats: request 245 511.8322408163265 549.6960927434052 2357.943 3.875 70.12607112375537 703
stats: connect 49 1.0978367346938775 0.45942925315064814 28.609 0.728 1.4478514851485147 101
stats: 302 109 450
stats: 200 136 498
stats: size_rcv 11238626 40209446
stats: newphase 0 2
stats: size_sent 145465 582817
stats: connected 31 51
# stats: dump at 1615099493
stats: users 50 61
stats: {cpu,"tsung_controller@ip-172-31-36-20"} 1 1.4970059880239521 0.0 5.7881261001760285 0.3003003003003003 1.3298413659056845 8
stats: {load,"tsung_controller@ip-172-31-36-20"} 1 0.05078125 0.0 0.08984375 0.01171875 0.03662109375 8
stats: {freemem,"tsung_controller@ip-172-31-36-20"} 1 670.90625 0.0 690.5625 670.90625 683.85302734375 8
stats: session 44 11331.247227272725 2122.184269116341 17027.524 4770.706 7848.401696969696 99
stats: users_count 43 193
stats: finish_users_count 44 143
stats: request 334 537.0448502994017 503.3111778206509 2357.943 3.875 184.2800917721519 948
stats: connect 41 1.2000975609756097 0.7993905240832238 28.609 0.728 1.3335133333333333 150
stats: page 119 1313.242882352942 1229.9789475953376 4914.452 5.259 435.7415594594594 370
stats: 302 167 617
stats: 200 168 666
stats: size_rcv 14129209 54338655
stats: newphase 0 2
stats: size_sent 220734 803551
stats: connected 0 51
# stats: dump at 1615099503
stats: users 50 61
stats: {cpu,"tsung_controller@ip-172-31-36-20"} 1 1.7500000000000002 0.0 5.7881261001760285 0.3003003003003003 1.3484152128077143 9
stats: {load,"tsung_controller@ip-172-31-36-20"} 1 0.0390625 0.0 0.08984375 0.01171875 0.03819444444444445 9
stats: {freemem,"tsung_controller@ip-172-31-36-20"} 1 663.70703125 0.0 690.5625 663.70703125 682.4144965277778 9
stats: session 54 10300.84388888889 2238.006185812925 17027.524 4770.706 8920.046475524474 143
stats: users_count 54 247
stats: finish_users_count 54 197
stats: request 403 278.79640446650126 437.3741810031221 2357.943 3.875 276.1860429017162 1282
stats: connect 51 1.034333333333333 0.2227461992516276 28.609 0.728 1.3048743455497382 191
stats: page 162 917.1352160493822 1405.387826302479 6626.103 5.259 649.2848261758692 489
stats: 302 204 821
stats: 200 198 864
stats: size_rcv 14190808 68529463
stats: newphase 1 3
stats: size_sent 240789 1044340
stats: connected -6 45
# stats: dump at 1615099513
stats: users 120 120
stats: {cpu,"tsung_controller@ip-172-31-36-20"} 1 1.945137157107232 0.0 5.7881261001760285 0.3003003003003003 1.3885736915269429 10
stats: {load,"tsung_controller@ip-172-31-36-20"} 1 0.0390625 0.0 0.08984375 0.01171875 0.03828125 10
stats: {freemem,"tsung_controller@ip-172-31-36-20"} 1 669.75 0.0 690.5625 663.70703125 680.54375 10
stats: session 15 11316.155200000001 2085.855837919044 17027.524 4770.706 9298.539167512688 197
stats: users_count 85 332
stats: finish_users_count 15 212
stats: connect 87 1.0030459770114943 0.16310506507748473 28.609 0.649 1.2478595041322313 242
stats: 302 109 930
stats: request 264 1313.2621780303032 719.3326399577232 3225.159 3.875 276.81036083086065 1685
stats: page 103 2008.7308932038839 1780.1972147751997 7363.211 5.259 715.9388402457756 651
stats: 200 155 1019
stats: size_rcv 12227912 80757375
stats: newphase 0 3
stats: size_sent 191283 1235623
stats: connected 72 117
# stats: dump at 1615099523
stats: users 201 202
stats: {cpu,"tsung_controller@ip-172-31-36-20"} 1 0.9547738693467337 0.0 5.7881261001760285 0.3003003003003003 1.4391703702160603 11
stats: {load,"tsung_controller@ip-172-31-36-20"} 1 0.03125 0.0 0.08984375 0.01171875 0.03835227272727273 11
stats: {freemem,"tsung_controller@ip-172-31-36-20"} 1 648.2578125 0.0 690.5625 648.2578125 679.5625 11
stats: session 10 19341.9727 3618.9151206996853 23685.285 4770.706 9441.295018867922 212
stats: users_count 91 423
stats: finish_users_count 10 222
stats: request 280 3961.515539285716 544.6891196099491 5356.128 3.875 417.2019871729093 1949
stats: connect 92 1.0405434782608693 0.43299260494346525 28.609 0.649 1.1831215805471123 329
stats: page 115 5757.739469565221 3210.5312810932064 13756.81 5.259 892.5404071618036 754
stats: 302 95 1025
stats: 200 185 1204
stats: size_rcv 15729576 96486951
stats: newphase 0 3
stats: size_sent 186332 1421955
stats: connected 83 200
# stats: dump at 1615099533
stats: users 276 276
stats: {cpu,"tsung_controller@ip-172-31-36-20"} 1 1.7517517517517518 0.0 5.7881261001760285 0.3003003003003003 1.3988039951436164 12
stats: {load,"tsung_controller@ip-172-31-36-20"} 1 0.01953125 0.0 0.08984375 0.01171875 0.037760416666666664 12
stats: {freemem,"tsung_controller@ip-172-31-36-20"} 1 628.75390625 0.0 690.5625 628.75390625 676.9537760416666 12
stats: session 34 21806.337382352936 6623.019467107492 32241.078 4770.706 9887.27149099099 222
stats: users_count 109 532
stats: finish_users_count 34 256
stats: request 510 2769.8994019607867 3058.7396457924706 8488.3 0.354 862.427556751907 2229
stats: page 201 5484.174328358209 6669.969271105087 21262.264 1.116 1536.3814798619107 869
stats: connect 107 1.1677383177570098 1.5148432467960258 28.609 0.649 1.151964370546318 421
stats: 302 119 1144
stats: 200 122 1326
stats: size_rcv 9438659 105925610
stats: newphase 1 4
stats: 502 269 269
stats: size_sent 276943 1698898
stats: connected 74 274
# stats: dump at 1615099543
stats: users 304 313
stats: {cpu,"tsung_controller@ip-172-31-36-20"} 1 1.8509254627313656 0.0 5.7881261001760285 0.3003003003003003 1.4259538225750115 13
stats: {load,"tsung_controller@ip-172-31-36-20"} 1 0.01953125 0.0 0.08984375 0.01171875 0.03635817307692308 13
stats: {freemem,"tsung_controller@ip-172-31-36-20"} 1 621.3671875 0.0 690.5625 621.3671875 673.24609375 13
stats: session 122 20244.803237704935 11056.766980314867 39073.534 4480.578 11470.272429687499 256
stats: users_count 150 682
stats: finish_users_count 122 378
stats: 302 107 1251
stats: request 1157 1857.5800406223018 3202.9938538988313 9193.6 0.34 1217.5975607886096 2739
stats: connect 151 0.9398145695364233 0.16665725640436993 28.609 0.649 1.1551609848484847 528
stats: 200 189 1515
stats: page 436 4179.862571100916 6984.0360343955645 25205.289 1.103 2277.9762112149538 1070
stats: size_rcv 18858512 124784122
stats: newphase 0 4
stats: 502 862 1131
stats: size_sent 523150 2222048
stats: connected 28 302
# stats: dump at 1615099553
stats: users 299 313
stats: {cpu,"tsung_controller@ip-172-31-36-20"} 1 3.2835820895522385 0.0 5.7881261001760285 0.3003003003003003 1.4563089397290365 14
stats: {load,"tsung_controller@ip-172-31-36-20"} 1 0.01953125 0.0 0.08984375 0.01171875 0.03515625000000001 14
stats: {freemem,"tsung_controller@ip-172-31-36-20"} 1 600.35546875 0.0 690.5625 600.35546875 669.5404575892857 14
stats: session 151 20547.322238410623 12651.0609705557 46159.234 4480.578 14302.263854497358 378
stats: users_count 146 828
stats: finish_users_count 151 529
stats: 302 153 1404
stats: request 1234 1550.6588630469998 2690.9967252293586 9193.6 0.331 1407.6539594455865 3896
stats: 200 158 1673
stats: size_rcv 10945324 135729446
stats: connect 149 1.0243221476510072 0.6906268941759698 28.609 0.649 1.1072709867452133 679
stats: newphase 0 4
stats: 502 922 2053
stats: page 468 4717.722602564114 8224.406060219042 28348.654 1.088 2828.588729747676 1506
stats: size_sent 542001 2764049
stats: connected -2 300
# stats: dump at 1615099563
stats: users 378 379
stats: {cpu,"tsung_controller@ip-172-31-36-20"} 1 3.537618335824614 0.0 5.7881261001760285 0.3003003003003003 1.5781271497172502 15
stats: {load,"tsung_controller@ip-172-31-36-20"} 1 0.01171875 0.0 0.08984375 0.01171875 0.034114583333333344 15
stats: {freemem,"tsung_controller@ip-172-31-36-20"} 1 604.03515625 0.0 690.5625 600.35546875 664.928125 15
stats: session 168 20090.936339285712 13624.615570453605 50198.721 4465.535 16084.879763705114 529
stats: users_count 247 1075
stats: finish_users_count 168 697
stats: connect 242 1.0147603305785122 0.45631428608201086 28.609 0.649 1.0923442028985506 828
stats: page 591 3428.338923857865 6639.107583418176 29284.778 1.062 3276.468492907804 1974
stats: 302 141 1545
stats: request 1515 1335.0958217821806 2559.8215736951734 9193.6 0.331 1442.0531896686166 5130
stats: 200 189 1862
stats: size_rcv 15810730 151540176
stats: newphase 1 5
stats: 502 1185 3238
stats: size_sent 599555 3363604
stats: connected 76 376
# stats: dump at 1615099573
stats: users 431 440
stats: {cpu,"tsung_controller@ip-172-31-36-20"} 1 4.757135703555333 0.0 5.7881261001760285 0.3003003003003003 1.7005953488489605 16
stats: {load,"tsung_controller@ip-172-31-36-20"} 1 0.01171875 0.0 0.08984375 0.01171875 0.03271484375000001 16
stats: {freemem,"tsung_controller@ip-172-31-36-20"} 1 584.76953125 0.0 690.5625 584.76953125 661.122314453125 16
stats: session 300 14835.952389999995 11400.214819585171 55294.997 4169.999 17050.471592539463 697
stats: users_count 353 1428
stats: finish_users_count 300 997
stats: connect 355 1.0996929577464778 0.7095799224107421 28.609 0.649 1.0747971962616822 1070
stats: page 976 2077.724253073773 5063.332180945825 29284.778 1.062 3311.460861208578 2565
stats: 302 171 1716
stats: request 2504 693.2209728434498 1731.2009758041365 9193.6 0.331 1417.667875545524 6645
stats: 200 186 2048
stats: size_rcv 11703148 163243324
stats: newphase 0 5
stats: 502 2147 5385
stats: size_sent 870869 4234473
stats: connected 62 438
# stats: dump at 1615099583
stats: users 407 443
stats: {cpu,"tsung_controller@ip-172-31-36-20"} 1 6.19647355163728 0.0 6.19647355163728 0.3003003003003003 1.8803918403022764 17
stats: {load,"tsung_controller@ip-172-31-36-20"} 1 0.08984375 0.0 0.08984375 0.01171875 0.03147977941176471 17
stats: {freemem,"tsung_controller@ip-172-31-36-20"} 1 600.17578125 0.0 690.5625 584.76953125 656.6309742647059 17
stats: session 326 13042.298199386501 8970.423477127664 55552.864 4169.999 16384.116767301908 997
stats: users_count 302 1730
stats: finish_users_count 326 1323
stats: request 2659 774.7473685596088 2118.626997150436 9193.6 0.331 1219.3931958684016 9149
stats: 302 148 1864
stats: 200 172 2220
stats: connect 302 0.9668576158940395 0.3621988352867218 28.609 0.643 1.0809992982456138 1425
stats: size_rcv 12674985 175918309
stats: page 976 1918.5372961065582 4709.240584288987 29284.778 1.012 2971.4080711663387 3541
stats: newphase 0 5
stats: 502 2339 7724
stats: size_sent 908454 5142927
stats: connected -31 407
# stats: dump at 1615099593
stats: users 561 561
stats: {cpu,"tsung_controller@ip-172-31-36-20"} 1 6.1871227364185115 0.0 6.19647355163728 0.3003003003003003 2.1201741575986657 18
stats: {load,"tsung_controller@ip-172-31-36-20"} 1 0.078125 0.0 0.08984375 0.01171875 0.03472222222222223 18
stats: {freemem,"tsung_controller@ip-172-31-36-20"} 1 595.203125 0.0 690.5625 584.76953125 653.4945746527778 18
stats: session 345 13793.103536231873 9263.010889418209 60115.466 4169.999 15560.660340136057 1323
stats: users_count 499 2229
stats: finish_users_count 345 1668
stats: connect 495 1.0695292929292946 1.0776490905082403 28.609 0.643 1.0610393746381006 1727
stats: page 1187 1824.9749216512187 4639.387882264275 29284.778 1.012 2743.9115299977875 4517
stats: request 2951 659.502206370723 1790.897727586923 9193.6 0.331 1119.2650408197837 11808
stats: 302 166 2030
stats: 200 200 2420
stats: size_rcv 13419151 189337460
stats: newphase 1 6
stats: 502 2585 10309
stats: size_sent 953728 6096655
stats: connected 148 555
# stats: dump at 1615099603
stats: users 672 672
stats: {cpu,"tsung_controller@ip-172-31-36-20"} 1 6.670061099796334 0.0 6.670061099796334 0.3003003003003003 2.33422408279971 19
stats: {load,"tsung_controller@ip-172-31-36-20"} 1 0.05859375 0.0 0.08984375 0.01171875 0.037006578947368425 19
stats: {freemem,"tsung_controller@ip-172-31-36-20"} 1 601.6953125 0.0 690.5625 584.76953125 650.426603618421 19
stats: session 515 10384.669031067955 6859.231173573881 60115.466 4169.999 15195.068555155874 1668
stats: users_count 626 2855
stats: finish_users_count 515 2183
stats: connect 624 0.9715240384615387 0.4976374208470267 28.609 0.628 1.062930693069307 2222
stats: page 1780 956.0618983146076 3245.0132434369093 29284.778 1.012 2552.681208450211 5704
stats: request 4698 369.4329284802034 1426.4663656970217 9193.6 0.324 1027.337395013213 14759
stats: 302 132 2162
stats: 200 170 2590
stats: size_rcv 12046603 201384063
stats: newphase 0 6
stats: 502 4396 14705
stats: size_sent 1344233 7440888
stats: connected 116 671
# stats: dump at 1615099613
stats: users 613 673
stats: {cpu,"tsung_controller@ip-172-31-36-20"} 1 8.599382080329557 0.0 8.599382080329557 0.3003003003003003 2.5510159336495413 20
stats: {load,"tsung_controller@ip-172-31-36-20"} 1 0.05078125 0.0 0.08984375 0.01171875 0.03808593750000001 20
stats: {freemem,"tsung_controller@ip-172-31-36-20"} 1 591.78515625 0.0 690.5625 584.76953125 647.9900390625 20
stats: session 663 10015.94456410257 6119.549191419603 60115.466 4169.999 14060.228539166283 2183
stats: users_count 604 3459
stats: finish_users_count 663 2846
stats: request 5150 390.03691941747627 1596.5396476903602 9193.6 0.324 868.4827317160921 19457
stats: connect 609 0.9841050903119862 0.6190322752145804 28.609 0.628 1.0428893183415322 2846
stats: page 1910 1061.0408324607324 3586.125908902541 29284.778 1.012 2172.940111170498 7484
stats: 302 134 2296
stats: 200 164 2754
stats: size_rcv 14389988 215774051
stats: newphase 0 6
stats: 502 4852 19557
stats: size_sent 1452997 8893885
stats: connected -59 612
# stats: dump at 1615099623
stats: users 308 673
stats: {cpu,"tsung_controller@ip-172-31-36-20"} 1 8.623376623376624 0.0 8.623376623376624 0.3003003003003003 2.8390333692057323 21
stats: {load,"tsung_controller@ip-172-31-36-20"} 1 0.0390625 0.0 0.08984375 0.01171875 0.0386904761904762 21
stats: {freemem,"tsung_controller@ip-172-31-36-20"} 1 590.75390625 0.0 690.5625 584.76953125 645.3136160714286 21
stats: session 578 10477.225064013846 6655.516590816235 60115.466 4169.999 13118.078055867885 2846
stats: users_count 273 3732
stats: finish_users_count 578 3424
stats: connect 277 0.9084729241877257 0.3094664154044673 28.609 0.628 1.0325276410998554 3455
stats: page 1378 1421.6037024673433 3916.0950197173484 29284.778 1.012 1946.8673389397493 9394
stats: 302 167 2463
stats: 200 196 2950
stats: size_rcv 10917268 226691319
stats: newphase 0 6
stats: 502 3636 23193
stats: size_sent 1232319 10126204
stats: connected -302 310
stats: request 3999 486.81074493623345 1573.673899519231 9193.6 0.324 768.3487887999352 24607
# stats: dump at 1615099633
stats: users 159 673
stats: {cpu,"tsung_controller@ip-172-31-36-20"} 1 6.740442655935613 0.0 8.623376623376624 0.3003003003003003 3.1019580625771366 22
stats: {load,"tsung_controller@ip-172-31-36-20"} 1 0.0390625 0.0 0.08984375 0.01171875 0.038707386363636374 22
stats: {freemem,"tsung_controller@ip-172-31-36-20"} 1 593.12109375 0.0 690.5625 584.76953125 642.8336292613636 22
stats: session 149 15578.55863758389 8039.140260940899 60115.466 4169.999 12672.279858060749 3424
stats: users_count 0 3732
stats: finish_users_count 149 3573
stats: request 730 2952.93166164384 3302.2022534919893 9193.6 0.324 728.9909394882193 28606
stats: connect 0 0 0 28.609 0.628 1.0233199356913183 3732
stats: page 195 6870.991215384615 7811.220703575303 29284.778 1.012 1879.673383215745 10772
stats: 302 196 2659
stats: 200 168 3118
stats: size_rcv 16468341 243159660
stats: newphase 0 6
stats: 502 366 23559
stats: size_sent 382117 10508321
stats: connected -150 160
# stats: dump at 1615099643
stats: users 0 673
stats: {cpu,"tsung_controller@ip-172-31-36-20"} 1 2.694610778443114 0.0 8.623376623376624 0.3003003003003003 3.26015304489707 23
stats: {load,"tsung_controller@ip-172-31-36-20"} 1 0.03125 0.0 0.08984375 0.01171875 0.038722826086956534 23
stats: {freemem,"tsung_controller@ip-172-31-36-20"} 1 589.6171875 0.0 690.5625 584.76953125 640.672214673913 23
stats: session 159 24406.773578616336 5803.1686876728 60115.466 4169.999 12793.47648222782 3573
stats: users_count 0 3732
stats: finish_users_count 159 3732
stats: request 520 869.5008423076906 1304.9910444779953 9193.6 0.324 784.331706026725 29336
stats: connect 0 0 0 28.609 0.628 1.0233199356913183 3732
stats: page 229 8189.875515283838 7421.467669101922 29284.778 1.012 1968.4220817908274 10967
stats: 302 357 3016
stats: 200 163 3281
stats: size_rcv 4078997 247238657
stats: newphase 0 6
stats: 502 0 23559
stats: size_sent 273339 10781660
stats: connected -160 0
EndMonitor:{1615,99643,159694}
