# stats: dump at 1615333818
stats: users 5 6
stats: {load,"tsung_controller@ip-172-31-57-169"} 1 0.078125 0 0.078125 0.078125 0 0
stats: {cpu,"tsung_controller@ip-172-31-57-169"} 1 4.742299064397877 0 4.742299064397877 4.742299064397877 0 0
stats: {freemem,"tsung_controller@ip-172-31-57-169"} 1 691.53125 0 691.53125 691.53125 0 0
stats: session 2 6376.2315 649.1315000000002 7025.363 5727.1 0 0
stats: users_count 7 7
stats: finish_users_count 2 2
stats: request 28 98.70610714285714 106.21522759517893 321.047 10.133 0 0
stats: connect 7 3.2221428571428574 4.737956293248672 14.823 1.191 0 0
stats: page 18 153.6171111111111 109.24060167247997 321.047 11.94 0 0
stats: 302 13 13
stats: 200 15 15
stats: size_rcv 64847 64847
stats: size_sent 15459 15459
stats: connected 5 5
# stats: dump at 1615333828
stats: users 3 7
stats: {load,"tsung_controller@ip-172-31-57-169"} 1 0.0703125 0.0 0.078125 0.0703125 0.078125 1
stats: {cpu,"tsung_controller@ip-172-31-57-169"} 1 0.5497251374312844 0.0 4.742299064397877 0.5497251374312844 4.742299064397877 1
stats: {freemem,"tsung_controller@ip-172-31-57-169"} 1 691.93359375 0.0 691.93359375 691.53125 691.53125 1
stats: session 10 5472.285099999999 998.0352466371564 7510.918 3842.753 6376.2315 2
stats: users_count 8 15
stats: finish_users_count 10 12
stats: request 83 37.67450602409639 67.89349440707983 321.047 6.298 98.70610714285714 28
stats: connect 7 1.4248571428571428 0.5669407700410105 14.823 1.115 3.2221428571428574 7
stats: page 34 92.14600000000002 88.44688195049449 321.047 6.298 153.6171111111111 18
stats: 302 36 49
stats: 200 47 62
stats: size_rcv 238112 302959
stats: size_sent 53276 68735
stats: connected -2 3
# stats: dump at 1615333838
stats: users 6 7
stats: {load,"tsung_controller@ip-172-31-57-169"} 1 0.05859375 0.0 0.078125 0.05859375 0.07421875 2
stats: {cpu,"tsung_controller@ip-172-31-57-169"} 1 0.25037556334501754 0.0 4.742299064397877 0.25037556334501754 2.646012100914581 2
stats: {freemem,"tsung_controller@ip-172-31-57-169"} 1 687.93359375 0.0 691.93359375 687.93359375 691.732421875 2
stats: session 6 5809.802 691.7879750928023 7510.918 3842.753 5622.9428333333335 12
stats: users_count 9 24
stats: finish_users_count 6 18
stats: request 69 47.53197101449273 83.30091224824892 321.047 6.298 53.06986486486487 111
stats: connect 10 1.246 0.21216031674184505 14.823 1.093 2.3235 14
stats: page 34 96.58838235294117 100.18089416797487 321.047 6.298 113.42446153846154 52
stats: 302 31 80
stats: 200 38 100
stats: size_rcv 181364 484323
stats: size_sent 42018 110753
stats: connected 3 6
# stats: dump at 1615333848
stats: users 12 15
stats: {load,"tsung_controller@ip-172-31-57-169"} 1 0.05078125 0.0 0.078125 0.05078125 0.06901041666666667 3
stats: {cpu,"tsung_controller@ip-172-31-57-169"} 1 0.10015022533800699 0.0 4.742299064397877 0.10015022533800699 1.8474665883913932 3
stats: {freemem,"tsung_controller@ip-172-31-57-169"} 1 688.41015625 0.0 691.93359375 687.93359375 690.4661458333334 3
stats: session 18 5491.701277777777 1025.878283242749 7567.106 3732.001 5685.229222222221 18
stats: users_count 24 48
stats: finish_users_count 18 36
stats: request 162 44.56004938271605 81.26730950272918 321.047 5.338 50.94700555555555 180
stats: connect 22 1.1970454545454545 0.1433823487528513 14.823 1.059 1.8745416666666668 24
stats: page 78 92.66951282051278 99.37554262335244 321.047 6.298 106.76833720930232 86
stats: 302 72 152
stats: 200 90 190
stats: size_rcv 432353 916676
stats: newphase 1 1
stats: size_sent 99397 210150
stats: connected 6 12
# stats: dump at 1615333858
stats: users 14 15
stats: {load,"tsung_controller@ip-172-31-57-169"} 1 0.0390625 0.0 0.078125 0.0390625 0.064453125 4
stats: {cpu,"tsung_controller@ip-172-31-57-169"} 1 0.4502251125562781 0.0 4.742299064397877 0.10015022533800699 1.4106374976280467 4
stats: {freemem,"tsung_controller@ip-172-31-57-169"} 1 683.640625 0.0 691.93359375 683.640625 689.9521484375 4
stats: session 18 5838.601944444445 1051.9093574263723 7567.106 3558.168 5588.465249999999 36
stats: users_count 20 68
stats: finish_users_count 18 54
stats: request 171 38.773163742690066 76.39845296248419 321.047 5.338 47.92160526315789 342
stats: connect 21 1.1890952380952382 0.10960009765459015 14.823 1.046 1.5505217391304351 46
stats: page 78 85.13543589743588 96.83624459795844 321.047 6.298 100.06279878048778 164
stats: 302 76 228
stats: 200 95 285
stats: size_rcv 442924 1359600
stats: newphase 0 1
stats: size_sent 106849 316999
stats: connected 2 14
# stats: dump at 1615333868
stats: users 7 17
stats: {load,"tsung_controller@ip-172-31-57-169"} 1 0.03125 0.0 0.078125 0.03125 0.059375 5
stats: {cpu,"tsung_controller@ip-172-31-57-169"} 1 0.2004008016032064 0.0 4.742299064397877 0.10015022533800699 1.2185550206136928 5
stats: {freemem,"tsung_controller@ip-172-31-57-169"} 1 684.73828125 0.0 691.93359375 683.640625 688.68984375 5
stats: session 19 5647.384105263159 933.1305017219072 7567.106 3558.168 5671.844148148148 54
stats: users_count 12 80
stats: finish_users_count 19 73
stats: request 159 26.629270440251574 60.327029551743415 321.047 5.036 44.87212475633529 513
stats: connect 11 1.2996363636363637 0.3659325006627893 14.823 1.046 1.4372388059701495 67
stats: page 61 69.59175409836064 84.24332703401025 321.047 5.987 95.25149999999998 242
stats: 302 70 298
stats: 200 89 374
stats: size_rcv 435655 1795255
stats: newphase 0 1
stats: size_sent 103323 420322
stats: connected -9 5
# stats: dump at 1615333878
stats: users 33 37
stats: {load,"tsung_controller@ip-172-31-57-169"} 1 0.03125 0.0 0.078125 0.03125 0.0546875 6
stats: {cpu,"tsung_controller@ip-172-31-57-169"} 1 0.35052578868302453 0.0 4.742299064397877 0.10015022533800699 1.0488626507786116 6
stats: {freemem,"tsung_controller@ip-172-31-57-169"} 1 688.37109375 0.0 691.93359375 683.640625 688.03125 6
stats: session 21 5594.206000000001 899.8381165337728 7567.106 3558.168 5665.477835616438 73
stats: users_count 47 127
stats: finish_users_count 21 94
stats: request 259 55.922810810810795 93.48364043346801 321.047 5.036 40.55573511904762 672
stats: connect 49 1.887285714285715 3.631252979906747 25.79 0.959 1.4178333333333337 78
stats: page 146 99.2935479452055 107.3066886868956 321.047 5.987 90.08567656765673 303
stats: 302 114 412
stats: 200 145 519
stats: size_rcv 703799 2499054
stats: newphase 1 2
stats: size_sent 151154 571476
stats: connected 32 37
# stats: dump at 1615333888
stats: users 24 37
stats: {load,"tsung_controller@ip-172-31-57-169"} 1 0.01953125 0.0 0.078125 0.01953125 0.05133928571428571 7
stats: {cpu,"tsung_controller@ip-172-31-57-169"} 1 0.6509764646970456 0.0 4.742299064397877 0.10015022533800699 0.9491002419078135 7
stats: {freemem,"tsung_controller@ip-172-31-57-169"} 1 678.28125 0.0 691.93359375 678.28125 688.0797991071429 7
stats: session 47 5809.8966595744705 1127.6792230333394 8004.752 3558.168 5649.5554042553185 94
stats: users_count 38 165
stats: finish_users_count 47 141
stats: request 407 31.95389680589679 68.57151668230914 321.047 5.036 44.83078625134264 931
stats: connect 37 1.1478108108108107 0.07553801185150243 25.79 0.955 1.5989606299212604 127
stats: page 168 77.5674880952381 91.69380109357424 321.047 5.987 93.0797728285078 449
stats: 302 182 594
stats: 200 225 744
stats: size_rcv 1058512 3557566
stats: newphase 0 2
stats: size_sent 259699 831175
stats: connected -14 23
# stats: dump at 1615333898
stats: users 29 37
stats: {load,"tsung_controller@ip-172-31-57-169"} 1 0.01953125 0.0 0.078125 0.01953125 0.04736328125 8
stats: {cpu,"tsung_controller@ip-172-31-57-169"} 1 2.3976023976023977 0.0 4.742299064397877 0.10015022533800699 0.9118347697564675 8
stats: {freemem,"tsung_controller@ip-172-31-57-169"} 1 681.48828125 0.0 691.93359375 678.28125 686.85498046875 8
stats: session 36 6129.672361111111 865.1057979371384 8004.752 3558.168 5703.002489361702 141
stats: users_count 41 206
stats: finish_users_count 36 177
stats: request 342 40.319511695906456 79.67326650518723 321.047 5.036 40.91382511210762 1338
stats: connect 42 1.1517857142857142 0.10578944400357268 25.79 0.955 1.497176829268293 164
stats: page 159 86.8507547169811 100.24008462132059 321.047 5.987 88.85600648298218 617
stats: 302 152 746
stats: 200 190 934
stats: size_rcv 913432 4470998
stats: newphase 0 2
stats: size_sent 211502 1042677
stats: connected 7 30
# stats: dump at 1615333908
stats: users 40 41
stats: {load,"tsung_controller@ip-172-31-57-169"} 1 0.01953125 0.0 0.078125 0.01953125 0.044270833333333336 9
stats: {cpu,"tsung_controller@ip-172-31-57-169"} 1 0.8512769153730596 0.0 4.742299064397877 0.10015022533800699 1.0769200617393486 9
stats: {freemem,"tsung_controller@ip-172-31-57-169"} 1 680.984375 0.0 691.93359375 678.28125 686.2586805555555 9
stats: session 37 6152.616216216216 1153.832402614731 8030.037 3558.168 5789.782802259887 177
stats: users_count 48 254
stats: finish_users_count 37 214
stats: request 357 39.46546218487391 78.84170057049762 321.047 5.005 40.79283988095238 1680
stats: connect 47 1.1653404255319155 0.09941044865579564 25.79 0.955 1.4267572815533982 206
stats: page 167 84.40485628742519 99.5205497839953 321.047 5.987 88.44513659793813 776
stats: 302 157 903
stats: 200 200 1134
stats: size_rcv 959878 5430876
stats: newphase 1 3
stats: size_sent 222244 1264921
stats: connected 10 40
# stats: dump at 1615333918
stats: users 33 44
stats: {load,"tsung_controller@ip-172-31-57-169"} 1 0.01171875 0.0 0.078125 0.01171875 0.041796875 10
stats: {cpu,"tsung_controller@ip-172-31-57-169"} 1 0.8521303258145364 0.0 4.742299064397877 0.10015022533800699 1.0543557471027198 10
stats: {freemem,"tsung_controller@ip-172-31-57-169"} 1 674.20703125 0.0 691.93359375 674.20703125 685.73125 10
stats: session 62 6058.277064516132 1107.421911910109 8030.037 3551.889 5852.51568224299 214
stats: users_count 55 309
stats: finish_users_count 62 276
stats: request 529 37.02229300567108 76.69335559170712 396.456 4.922 40.560206676485016 2037
stats: connect 53 1.2410943396226417 0.34828275566339545 25.79 0.955 1.3781936758893283 253
stats: page 228 86.0971798245614 100.80977301854719 421.791 5.987 87.72962566277836 943
stats: 302 237 1140
stats: 200 292 1426
stats: size_rcv 1393266 6824142
stats: newphase 0 3
stats: size_sent 333200 1598121
stats: connected -9 31
# stats: dump at 1615333928
stats: users 49 50
stats: {load,"tsung_controller@ip-172-31-57-169"} 1 0.01171875 0.0 0.078125 0.01171875 0.0390625 11
stats: {cpu,"tsung_controller@ip-172-31-57-169"} 1 1.0015022533800702 0.0 4.742299064397877 0.10015022533800699 1.0359716178947034 11
stats: {freemem,"tsung_controller@ip-172-31-57-169"} 1 679.25390625 0.0 691.93359375 674.20703125 684.68359375 11
stats: session 56 5835.484053571427 1084.378528996372 8036.109 3551.889 5898.737442028985 276
stats: users_count 72 381
stats: finish_users_count 56 332
stats: 302 246 1386
stats: request 551 41.76166424682391 80.86741822988265 396.456 4.922 39.83083943881527 2566
stats: connect 73 1.3693835616438355 1.3318490661753855 25.79 0.861 1.354447712418301 306
stats: page 262 87.95483587786255 100.5540363583761 421.791 5.987 87.41177967549102 1171
stats: 200 305 1731
stats: size_rcv 1449063 8273205
stats: newphase 0 3
stats: size_sent 338935 1937056
stats: connected 16 47
# stats: dump at 1615333938
stats: users 104 105
stats: {load,"tsung_controller@ip-172-31-57-169"} 1 0.01171875 0.0 0.078125 0.01171875 0.036783854166666664 12
stats: {cpu,"tsung_controller@ip-172-31-57-169"} 1 1.5453639082751744 0.0 4.742299064397877 0.10015022533800699 1.0330991708518173 12
stats: {freemem,"tsung_controller@ip-172-31-57-169"} 1 674.03515625 0.0 691.93359375 674.03515625 684.2311197916666 12
stats: session 90 5802.277933333333 994.0566496070622 8036.109 3551.889 5888.068195783132 332
stats: users_count 145 526
stats: finish_users_count 90 422
stats: request 958 45.32784759916491 85.09101715841703 396.456 4.577 40.17215623997431 3117
stats: connect 141 1.4193262411347536 2.139206588840109 25.983 0.861 1.3573245382585757 379
stats: page 476 91.33082983193283 103.90455533077342 421.791 5.725 87.51106838799718 1433
stats: 302 423 1809
stats: 200 535 2266
stats: size_rcv 2545835 10819040
stats: newphase 1 4
stats: size_sent 583215 2520271
stats: connected 53 100
# stats: dump at 1615333948
stats: users 78 107
stats: {load,"tsung_controller@ip-172-31-57-169"} 1 0.01171875 0.0 0.078125 0.01171875 0.03485576923076923 13
stats: {cpu,"tsung_controller@ip-172-31-57-169"} 1 2.1521521521521523 0.0 4.742299064397877 0.10015022533800699 1.0725041506536142 13
stats: {freemem,"tsung_controller@ip-172-31-57-169"} 1 655.58984375 0.0 691.93359375 655.58984375 683.4468149038462 13
stats: session 168 5751.401315476189 1094.1206516206785 8132.037 3517.625 5869.771694312796 422
stats: users_count 142 668
stats: finish_users_count 168 590
stats: connect 145 1.2184482758620692 0.4296557231412864 25.983 0.861 1.3741365384615392 520
stats: request 1440 34.61908333333329 73.42037374844338 396.456 4.469 41.38421815950918 4075
stats: page 619 80.66727786752814 96.58014710346526 421.791 5.725 88.46350759559978 1909
stats: 302 639 2448
stats: 200 801 3067
stats: size_rcv 3831885 14650925
stats: newphase 0 4
stats: size_sent 910247 3430518
stats: connected -20 80
# stats: dump at 1615333958
stats: users 97 107
stats: {load,"tsung_controller@ip-172-31-57-169"} 1 0.0 0.0 0.078125 0.0 0.033203125 14
stats: {cpu,"tsung_controller@ip-172-31-57-169"} 1 3.460381143430291 0.0 4.742299064397877 0.10015022533800699 1.1496218650463668 14
stats: {freemem,"tsung_controller@ip-172-31-57-169"} 1 647.625 0.0 691.93359375 647.625 681.45703125 14
stats: session 143 5661.348762237756 1068.2448657376774 8137.607 3517.625 5836.066230508473 590
stats: users_count 162 830
stats: finish_users_count 143 733
stats: page 621 86.24916908212545 101.16445684163583 490.052 5.725 86.55454153481008 2528
stats: request 1359 39.360543782192835 79.33007317960964 490.052 4.469 39.6178003626473 5515
stats: connect 163 1.2066196319018412 0.42577313594867633 25.983 0.861 1.3401894736842113 665
stats: 302 601 3049
stats: 200 758 3825
stats: size_rcv 3621037 18271962
stats: newphase 0 4
stats: size_sent 847970 4278488
stats: connected 20 100
# stats: dump at 1615333968
stats: users 177 191
stats: {load,"tsung_controller@ip-172-31-57-169"} 1 0.0 0.0 0.078125 0.0 0.030989583333333334 15
stats: {cpu,"tsung_controller@ip-172-31-57-169"} 1 2.6606425702811247 0.0 4.742299064397877 0.10015022533800699 1.3036724836052949 15
stats: {freemem,"tsung_controller@ip-172-31-57-169"} 1 645.203125 0.0 691.93359375 645.203125 679.2015625 15
stats: session 188 5744.5638936170235 1038.7352296228053 8137.607 3433.201 5801.9808308321935 733
stats: users_count 268 1098
stats: finish_users_count 188 921
stats: connect 264 1.2215189393939396 0.5670048564316333 25.983 0.861 1.3138949275362326 828
stats: page 929 99.52649515608184 113.65590658408003 609.874 5.725 86.49432041918064 3149
stats: 302 853 3902
stats: request 1917 48.1825946791862 91.11644679685278 574.188 4.469 39.566940354960714 6874
stats: 200 1064 4889
stats: size_rcv 5094210 23366172
stats: newphase 1 5
stats: size_sent 1172091 5450579
stats: connected 76 176
# stats: dump at 1615333978
stats: users 167 193
stats: {load,"tsung_controller@ip-172-31-57-169"} 1 0.0 0.0 0.078125 0.0 0.029052734375 16
stats: {cpu,"tsung_controller@ip-172-31-57-169"} 1 7.15736040609137 0.0 7.15736040609137 0.10015022533800699 1.3884831140225344 16
stats: {freemem,"tsung_controller@ip-172-31-57-169"} 1 611.37109375 0.0 691.93359375 611.37109375 677.07666015625 16
stats: session 317 5836.156179810724 1099.953037503741 8356.12 3395.191 5790.260543973939 921
stats: users_count 307 1405
stats: finish_users_count 317 1238
stats: request 2803 40.804330717088675 80.89442880786035 574.188 4.469 41.44570378796495 8791
stats: connect 310 1.1808064516129024 0.5027641670806623 25.983 0.861 1.2915622710622716 1092
stats: page 1238 92.4830411954766 104.73105461799823 609.874 5.577 89.46315080922017 4078
stats: 302 1243 5145
stats: 200 1560 6449
stats: size_rcv 7441061 30807233
stats: newphase 0 5
stats: size_sent 1763161 7213740
stats: connected -4 172
# stats: dump at 1615333988
stats: users 175 194
stats: {load,"tsung_controller@ip-172-31-57-169"} 1 0.078125 0.0 0.078125 0.0 0.02734375 17
stats: {cpu,"tsung_controller@ip-172-31-57-169"} 1 7.664793050587634 0.0 7.664793050587634 0.10015022533800699 1.7278288370854071 17
stats: {freemem,"tsung_controller@ip-172-31-57-169"} 1 611.51171875 0.0 691.93359375 611.37109375 673.2116268382352 17
stats: session 306 5822.150460784318 1097.0757696047058 8437.985 3395.191 5802.012495961226 1238
stats: users_count 314 1719
stats: finish_users_count 306 1544
stats: request 2763 40.74653094462541 81.49439573300648 574.188 4.469 41.290643522511594 11594
stats: connect 303 1.2468679867986792 0.5904382796791452 25.983 0.861 1.2670727532097006 1402
stats: page 1223 92.20675388389208 105.9191239151481 609.874 5.543 90.16642851768243 5316
stats: 302 1230 6375
stats: 200 1533 7982
stats: size_rcv 7365434 38172667
stats: newphase 0 5
stats: size_sent 1733207 8946947
stats: connected -8 164
# stats: dump at 1615333998
stats: users 492 496
stats: {load,"tsung_controller@ip-172-31-57-169"} 1 0.05859375 0.0 0.078125 0.0 0.030164930555555556 18
stats: {cpu,"tsung_controller@ip-172-31-57-169"} 1 7.7311773623041935 0.0 7.7311773623041935 0.10015022533800699 2.0576601822799754 18
stats: {freemem,"tsung_controller@ip-172-31-57-169"} 1 620.18359375 0.0 691.93359375 611.37109375 669.7838541666666 18
stats: session 225 6655.2511422222215 1448.9852165741 10931.361 3395.191 5806.003569300518 1544
stats: users_count 542 2261
stats: finish_users_count 225 1769
stats: connect 547 1.3034021937842768 1.463085033859043 25.983 0.861 1.26348211143695 1705
stats: page 1532 451.3921370757182 530.8160515498578 3244.817 5.543 90.54803395014525 6539
stats: request 2981 258.13557262663545 323.0963385440597 1724.746 4.469 41.185929233126664 14357
stats: 302 1263 7638
stats: 200 1718 9700
stats: size_rcv 8111098 46283765
stats: newphase 1 6
stats: size_sent 1892860 10839807
stats: connected 324 488
# stats: dump at 1615334008
stats: users 914 915
stats: {load,"tsung_controller@ip-172-31-57-169"} 1 0.05078125 0.0 0.078125 0.0 0.031661184210526314 19
stats: {cpu,"tsung_controller@ip-172-31-57-169"} 1 7.409326424870466 0.0 7.7311773623041935 0.10015022533800699 2.356266349649671 19
stats: {freemem,"tsung_controller@ip-172-31-57-169"} 1 522.48046875 0.0 691.93359375 522.48046875 667.1733141447369 19
stats: session 221 11446.97967873304 2127.6202612457114 17415.894 3395.191 5914.019795364612 1769
stats: users_count 643 2904
stats: finish_users_count 221 1990
stats: connect 646 1.1595077399380822 0.47436591449842413 25.983 0.861 1.273178507992895 2252
stats: page 1694 1995.9165560802821 1427.90392462474 7080.009 5.543 159.04179754677241 8071
stats: request 3408 1183.8300718896767 634.7014687178455 3955.845 4.469 78.48705317799052 17338
stats: 302 1387 9025
stats: 200 2022 11722
stats: size_rcv 9672835 55956600
stats: newphase 0 6
stats: size_sent 2255296 13095103
stats: connected 421 909
# stats: dump at 1615334018
stats: users 1353 1353
stats: {load,"tsung_controller@ip-172-31-57-169"} 1 0.0390625 0.0 0.078125 0.0 0.0326171875 20
stats: {cpu,"tsung_controller@ip-172-31-57-169"} 1 9.354005167958658 0.0 9.354005167958658 0.10015022533800699 2.6089193534107107 20
stats: {freemem,"tsung_controller@ip-172-31-57-169"} 1 395.11328125 0.0 691.93359375 395.11328125 659.938671875 20
stats: session 263 17447.893828897344 2160.929216024795 22388.705 3395.191 6528.484184422111 1990
stats: users_count 702 3606
stats: finish_users_count 263 2253
stats: request 3886 1942.2700290787557 847.2058497470553 4225.88 0.753 260.06465887400066 20746
stats: 302 1418 10443
stats: connect 698 1.1814283667621805 0.6735875968271223 25.983 0.726 1.2478398895790201 2898
stats: 200 2050 13772
stats: size_rcv 9800279 65756879
stats: page 1901 3515.4325991583396 2390.248902465671 10548.07 0.805 477.6967735791089 9765
stats: newphase 0 6
stats: 502 417 417
stats: size_sent 2514178 15609281
stats: connected 434 1343
# stats: dump at 1615334028
stats: users 1679 1694
stats: {load,"tsung_controller@ip-172-31-57-169"} 1 0.0390625 0.0 0.078125 0.0 0.032924107142857144 21
stats: {cpu,"tsung_controller@ip-172-31-57-169"} 1 9.105180533751962 0.0 9.354005167958658 0.10015022533800699 2.930113916008232 21
stats: {freemem,"tsung_controller@ip-172-31-57-169"} 1 291.49609375 0.0 691.93359375 291.49609375 647.3279389880952 21
stats: session 703 19948.296318634424 3871.00289765945 27591.823 3395.191 7803.1423009320915 2253
stats: users_count 1029 4635
stats: finish_users_count 703 2956
stats: request 7613 1389.3596138184762 1480.0249549568543 5023.506 0.727 525.4531806593075 24632
stats: connect 1031 1.1318147429679943 0.48607181119772314 25.983 0.726 1.2349491101223589 3596
stats: page 3699 3004.584952419577 3062.361564292357 13093.836 0.727 972.7024142808162 11666
stats: 302 1745 12188
stats: 200 2047 15819
stats: size_rcv 11163908 76920787
stats: newphase 1 7
stats: 502 3821 4238
stats: size_sent 4201784 19811065
stats: connected 339 1682
# stats: dump at 1615334038
stats: users 1723 1742
stats: {load,"tsung_controller@ip-172-31-57-169"} 1 0.1796875 0.0 0.1796875 0.0 0.033203125 22
stats: {cpu,"tsung_controller@ip-172-31-57-169"} 1 15.561497326203208 0.0 15.561497326203208 0.10015022533800699 3.2107987622693104 22
stats: {freemem,"tsung_controller@ip-172-31-57-169"} 1 242.9609375 0.0 691.93359375 242.9609375 631.1537642045454 22
stats: session 1204 15432.637078073118 5731.721597279673 30056.667 3395.191 10691.519592692828 2956
stats: users_count 1248 5883
stats: finish_users_count 1204 4160
stats: request 11280 913.2703246453931 1254.834536730799 5023.506 0.727 729.4202972864048 32245
stats: connect 1254 1.1091858054226484 0.4164585576370547 25.983 0.726 1.2119684460773728 4627
stats: page 5063 2053.0292105471167 2332.5948116352074 13093.836 0.727 1461.8617705174108 15365
stats: 302 1945 14133
stats: 200 2306 18125
stats: size_rcv 13113328 90034115
stats: newphase 0 7
stats: 502 7030 11268
stats: size_sent 5799470 25610535
stats: connected 42 1724
# stats: dump at 1615334048
stats: users 1642 1742
stats: {load,"tsung_controller@ip-172-31-57-169"} 1 0.1484375 0.0 0.1796875 0.0 0.039572010869565216 23
stats: {cpu,"tsung_controller@ip-172-31-57-169"} 1 19.07608695652174 0.0 19.07608695652174 0.10015022533800699 3.747785656353393 23
stats: {freemem,"tsung_controller@ip-172-31-57-169"} 1 249.23828125 0.0 691.93359375 242.9609375 614.2758152173913 23
stats: session 1232 13917.200974837662 4578.287119997633 30056.667 3395.191 12063.708403365394 4160
stats: users_count 1151 7034
stats: finish_users_count 1232 5392
stats: request 10817 926.1028059535934 1157.9293479688663 5023.506 0.722 777.0671280413591 43525
stats: connect 1151 1.1435421372719359 0.4538768569873606 25.983 0.726 1.1900522020064623 5881
stats: page 4696 2115.778587947191 2122.5037027943313 13093.836 0.727 1608.380311190526 20428
stats: 302 2140 16273
stats: 200 2530 20655
stats: size_rcv 13895710 103929825
stats: newphase 0 7
stats: 502 6146 17414
stats: size_sent 5781374 31391909
stats: connected -81 1643
# stats: dump at 1615334058
stats: users 364 1742
stats: {load,"tsung_controller@ip-172-31-57-169"} 1 0.2890625 0.0 0.2890625 0.0 0.044108072916666664 24
stats: {cpu,"tsung_controller@ip-172-31-57-169"} 1 18.66235167206041 0.0 19.07608695652174 0.10015022533800699 4.386464877193741 24
stats: {freemem,"tsung_controller@ip-172-31-57-169"} 1 250.09765625 0.0 691.93359375 242.9609375 599.0659179687499 24
stats: session 1611 13839.36018559902 4080.9534411313307 30056.667 3395.191 12487.206706046 5392
stats: users_count 333 7367
stats: finish_users_count 1611 7003
stats: connect 335 1.2283074626865675 0.7145740101028427 25.983 0.726 1.1824394197952222 7032
stats: page 3764 2756.152474495221 2231.618644381942 13093.836 0.727 1703.2196006209235 25124
stats: request 9735 957.6955139188472 1110.1805011289237 5023.506 0.722 806.7332965293912 54342
stats: 302 3508 19781
stats: 200 3752 24407
stats: size_rcv 18844478 122774303
stats: newphase 0 7
stats: 502 2475 19889
stats: size_sent 5274129 36666038
stats: connected -1142 501
# stats: dump at 1615334068
stats: users 0 1742
stats: {load,"tsung_controller@ip-172-31-57-169"} 1 0.23828125 0.0 0.2890625 0.0 0.05390625 25
stats: {cpu,"tsung_controller@ip-172-31-57-169"} 1 19.58656330749354 0.0 19.58656330749354 0.10015022533800699 4.9575003489884075 25
stats: {freemem,"tsung_controller@ip-172-31-57-169"} 1 613.26953125 0.0 691.93359375 242.9609375 585.1071874999999 25
stats: session 364 11339.564675824173 2050.5065510359664 30056.667 3395.191 12798.261861773533 7003
stats: users_count 0 7367
stats: finish_users_count 364 7367
stats: connect 0 0 0 25.983 0.726 1.1845251798561154 7367
stats: page 580 36.89567241379315 7.608259047059978 13093.836 0.727 1840.4128759346474 28888
stats: 302 1078 20859
stats: request 2226 9.45586163522011 3.9754023357491475 5023.506 0.722 829.6684711831102 64077
stats: 200 1148 25555
stats: size_rcv 4698514 127472817
stats: newphase 0 7
stats: 502 0 19889
stats: size_sent 1513054 38179092
stats: connected -501 0
# stats: dump at 1615334078
stats: users 0 1742
stats: {load,"tsung_controller@ip-172-31-57-169"} 1 0.2109375 0.0 0.2890625 0.0 0.06099759615384615 26
stats: {cpu,"tsung_controller@ip-172-31-57-169"} 1 2.5100401606425704 0.0 19.58656330749354 0.10015022533800699 5.52015661662322 26
stats: {freemem,"tsung_controller@ip-172-31-57-169"} 1 666.9609375 0.0 691.93359375 242.9609375 586.1903545673076 26
stats: session 0 0 0 30056.667 3395.191 12726.188320890464 7367
stats: users_count 0 7367
stats: finish_users_count 0 7367
stats: request 0 0 0 5023.506 0.722 802.1313571934929 66303
stats: connect 0 0 0 25.983 0.726 1.1845251798561154 7367
stats: page 0 0 0 13093.836 0.727 1804.9153878783798 29468
stats: 302 0 20859
stats: 200 0 25555
stats: size_rcv 0 127472817
stats: newphase 0 7
stats: 502 0 19889
stats: size_sent 0 38179092
stats: connected 0 0
