# stats: dump at 1615167993
stats: users 6 6
stats: {freemem,"tsung_controller@ip-172-31-53-120"} 1 680.6796875 0 680.6796875 680.6796875 0 0
stats: {load,"tsung_controller@ip-172-31-53-120"} 1 0.0 0 0.0 0.0 0 0
stats: {cpu,"tsung_controller@ip-172-31-53-120"} 1 2.9741563265628703 0 2.9741563265628703 2.9741563265628703 0 0
stats: users_count 6 6
stats: finish_users_count 0 0
stats: 302 3 3
stats: request 13 82.06984615384614 88.07836548110147 234.218 7.918 0 0
stats: 200 10 10
stats: size_rcv 962705 962705
stats: connect 6 5.787166666666667 10.282914168928746 28.78 1.13 0 0
stats: page 13 82.06984615384614 88.07836548110147 234.218 7.918 0 0
stats: size_sent 5977 5977
stats: connected 6 6
# stats: dump at 1615168003
stats: users 17 17
stats: {freemem,"tsung_controller@ip-172-31-53-120"} 1 679.8203125 0.0 680.6796875 679.8203125 680.6796875 1
stats: {load,"tsung_controller@ip-172-31-53-120"} 1 0.0 0.0 0.0 0.0 0.0 1
stats: {cpu,"tsung_controller@ip-172-31-53-120"} 1 0.5497251374312844 0.0 2.9741563265628703 0.5497251374312844 2.9741563265628703 1
stats: users_count 11 17
stats: finish_users_count 0 0
stats: request 42 69.90883333333333 85.06361390157386 234.218 6.998 82.06984615384614 13
stats: connect 10 1.1662 0.07850324834043489 28.78 0.956 5.787166666666667 6
stats: page 40 73.41217499999999 85.71657443922017 234.218 7.762 82.06984615384614 13
stats: 302 8 11
stats: 200 34 44
stats: size_rcv 2567643 3530348
stats: size_sent 20826 26803
stats: connected 10 16
# stats: dump at 1615168013
stats: users 22 22
stats: {freemem,"tsung_controller@ip-172-31-53-120"} 1 674.30078125 0.0 680.6796875 674.30078125 680.25 2
stats: {load,"tsung_controller@ip-172-31-53-120"} 1 0.0 0.0 0.0 0.0 0.0 2
stats: {cpu,"tsung_controller@ip-172-31-53-120"} 1 0.5991013479780329 0.0 2.9741563265628703 0.5497251374312844 1.7619407319970772 2
stats: session 7 18015.693142857144 1484.3692651285958 19993.687 15117.557 0 0
stats: users_count 12 29
stats: finish_users_count 7 7
stats: request 85 64.21825882352944 84.28309476578157 243.4 6.27 72.78325454545454 55
stats: connect 13 1.2461538461538464 0.18390459322236635 28.78 0.956 2.8990625 16
stats: page 71 76.90446478873241 87.37258818413954 252.18 6.27 75.53575471698112 53
stats: 302 19 30
stats: 200 66 110
stats: size_rcv 3884147 7414495
stats: size_sent 47745 74548
stats: connected 6 22
# stats: dump at 1615168023
stats: users 33 34
stats: {freemem,"tsung_controller@ip-172-31-53-120"} 1 669.69921875 0.0 680.6796875 669.69921875 678.2669270833334 3
stats: {load,"tsung_controller@ip-172-31-53-120"} 1 0.0 0.0 0.0 0.0 0.0 3
stats: {cpu,"tsung_controller@ip-172-31-53-120"} 1 0.7972097658196312 0.0 2.9741563265628703 0.5497251374312844 1.3743276039907293 3
stats: session 12 17613.210166666668 2400.3630371529853 21852.008 13614.36 18015.693142857144 7
stats: users_count 23 52
stats: finish_users_count 12 19
stats: request 135 77.63726666666662 113.72064914974766 530.279 6.27 67.58307857142859 140
stats: connect 23 1.151217391304348 0.08369403725150067 28.78 0.956 2.1581034482758623 29
stats: page 108 97.07605555555554 126.01387437675804 530.279 6.27 76.31945161290324 124
stats: 302 28 58
stats: 200 107 217
stats: size_rcv 5194692 12609187
stats: newphase 1 1
stats: size_sent 74407 148955
stats: connected 11 33
# stats: dump at 1615168033
stats: users 42 43
stats: {freemem,"tsung_controller@ip-172-31-53-120"} 1 664.9921875 0.0 680.6796875 664.9921875 676.125 4
stats: {load,"tsung_controller@ip-172-31-53-120"} 1 0.0 0.0 0.0 0.0 0.0 4
stats: {cpu,"tsung_controller@ip-172-31-53-120"} 1 0.9471585244267198 0.0 2.9741563265628703 0.5497251374312844 1.2300481444479547 4
stats: session 12 18010.18141666667 1879.9598273935035 21852.008 13614.36 17761.493368421052 19
stats: users_count 21 73
stats: finish_users_count 12 31
stats: request 170 117.94925882352948 143.75931461735146 637.321 6.27 72.5187709090909 275
stats: connect 19 1.1566842105263158 0.11766413066618635 28.78 0.956 1.7127500000000002 52
stats: page 144 139.26934722222234 160.4659667472064 989.542 6.27 85.98200862068965 232
stats: 302 38 96
stats: 200 132 349
stats: size_rcv 8697763 21306950
stats: newphase 0 1
stats: size_sent 99007 247962
stats: connected 8 41
# stats: dump at 1615168043
stats: users 34 43
stats: {freemem,"tsung_controller@ip-172-31-53-120"} 1 653.48828125 0.0 680.6796875 653.48828125 673.8984375 5
stats: {load,"tsung_controller@ip-172-31-53-120"} 1 0.0 0.0 0.0 0.0 0.0 5
stats: {cpu,"tsung_controller@ip-172-31-53-120"} 1 1.5369360436291521 0.0 2.9741563265628703 0.5497251374312844 1.1734702204437077 5
stats: session 24 18130.394750000003 1966.385020927049 21852.008 13614.36 17857.75970967742 31
stats: users_count 16 89
stats: finish_users_count 24 55
stats: request 190 41.11953684210527 66.51405867473045 637.321 6.27 89.87423820224721 445
stats: connect 17 1.1734705882352938 0.05544272895314245 28.78 0.956 1.5639436619718312 71
stats: 302 39 135
stats: page 140 55.84545 76.22304981006403 989.542 6.27 106.38992553191494 376
stats: 200 151 500
stats: size_rcv 4944721 26251671
stats: newphase 0 1
stats: size_sent 113582 361544
stats: connected -7 34
# stats: dump at 1615168053
stats: users 57 59
stats: {freemem,"tsung_controller@ip-172-31-53-120"} 1 655.046875 0.0 680.6796875 653.48828125 670.4967447916666 6
stats: {load,"tsung_controller@ip-172-31-53-120"} 1 0.0 0.0 0.0 0.0 0.0 6
stats: {cpu,"tsung_controller@ip-172-31-53-120"} 1 1.3930348258706469 0.0 2.9741563265628703 0.5497251374312844 1.2340478576412819 6
stats: session 22 18112.02340909091 2048.826674905058 21852.008 13614.36 17976.727727272726 55
stats: users_count 45 134
stats: finish_users_count 22 77
stats: request 209 274.75314832535884 379.1598527237234 1557.077 6.27 75.28621732283466 635
stats: page 171 335.83613450292404 441.71864960685366 1833.252 6.27 92.67630813953491 516
stats: connect 45 1.8467777777777772 3.6739602241171667 28.78 0.956 1.4885113636363636 88
stats: 302 52 187
stats: 200 157 657
stats: size_rcv 9369355 35621026
stats: newphase 1 2
stats: size_sent 116246 477790
stats: connected 23 57
# stats: dump at 1615168063
stats: users 89 89
stats: {freemem,"tsung_controller@ip-172-31-53-120"} 1 647.78125 0.0 680.6796875 647.78125 668.2896205357143 7
stats: {load,"tsung_controller@ip-172-31-53-120"} 1 0.0 0.0 0.0 0.0 0.0 7
stats: {cpu,"tsung_controller@ip-172-31-53-120"} 1 2.2310361923648983 0.0 2.9741563265628703 0.5497251374312844 1.2567602816740482 7
stats: session 12 18805.082999999995 2325.5247214450333 22620.294 13614.36 18015.383636363636 77
stats: users_count 44 178
stats: finish_users_count 12 89
stats: request 292 448.1448595890413 308.2899007816668 1575.557 6.27 124.68027962085309 844
stats: connect 42 1.2469047619047613 0.2757165391798691 28.78 0.956 1.6097293233082706 133
stats: page 257 509.1944357976658 330.91126244298147 1833.252 6.27 153.20080640465798 687
stats: 302 61 248
stats: 200 231 888
stats: size_rcv 15460830 51081856
stats: newphase 0 2
stats: size_sent 159989 637779
stats: connected 29 86
# stats: dump at 1615168073
stats: users 92 107
stats: {freemem,"tsung_controller@ip-172-31-53-120"} 1 632.46484375 0.0 680.6796875 632.46484375 665.72607421875 8
stats: {load,"tsung_controller@ip-172-31-53-120"} 1 0.0 0.0 0.0 0.0 0.0 8
stats: {cpu,"tsung_controller@ip-172-31-53-120"} 1 2.481389578163772 0.0 2.9741563265628703 0.5497251374312844 1.3785447705104046 8
stats: session 29 21590.830206896553 1989.1537001562422 25710.251 13614.36 18121.859955056178 89
stats: users_count 32 210
stats: finish_users_count 29 118
stats: request 327 688.4394067278287 518.7222876022503 2014.706 6.27 207.82434419014092 1136
stats: connect 35 1.3133142857142854 0.464383509700369 28.78 0.956 1.5226514285714283 175
stats: page 258 836.5712209302326 676.3269091962059 2994.819 6.27 250.11856355932215 944
stats: 302 76 324
stats: 200 251 1139
stats: size_rcv 12957060 64038916
stats: newphase 0 2
stats: size_sent 212780 850559
stats: connected 9 95
# stats: dump at 1615168083
stats: users 105 107
stats: {freemem,"tsung_controller@ip-172-31-53-120"} 1 617.01953125 0.0 680.6796875 617.01953125 662.0303819444445 9
stats: {load,"tsung_controller@ip-172-31-53-120"} 1 0.0 0.0 0.0 0.0 0.0 9
stats: {cpu,"tsung_controller@ip-172-31-53-120"} 1 3.007889546351085 0.0 3.007889546351085 0.5497251374312844 1.5010830824718897 9
stats: session 50 22249.53332000001 2003.3147749189147 27420.761 13614.36 18974.40349152542 118
stats: users_count 63 273
stats: finish_users_count 50 168
stats: request 398 339.05525125628185 368.64090503405043 2014.706 6.27 315.24821667805884 1463
stats: connect 59 1.2738474576271188 0.3453296540280945 28.78 0.956 1.4877619047619046 210
stats: page 297 469.0100134680133 518.8705631822098 2994.819 6.27 375.99608901830294 1202
stats: 302 83 407
stats: 200 315 1454
stats: size_rcv 10529291 74568207
stats: newphase 1 3
stats: size_sent 234011 1084570
stats: connected 6 101
# stats: dump at 1615168093
stats: users 146 146
stats: {freemem,"tsung_controller@ip-172-31-53-120"} 1 623.5234375 0.0 680.6796875 617.01953125 657.529296875 10
stats: {load,"tsung_controller@ip-172-31-53-120"} 1 0.0 0.0 0.0 0.0 0.0 10
stats: {cpu,"tsung_controller@ip-172-31-53-120"} 1 3.3973412112259975 0.0 3.3973412112259975 0.5497251374312844 1.6517637288598093 10
stats: session 26 23915.70284615385 2343.897806917057 29236.795 13614.36 19949.14451190476 168
stats: users_count 67 340
stats: finish_users_count 26 194
stats: request 314 1685.533821656051 653.6796866229303 3548.481 6.27 320.3396727565826 1861
stats: page 264 1947.859666666666 809.317768382651 4287.403 6.27 394.4251320880587 1499
stats: connect 68 1.314088235294118 0.3991260576078587 28.78 0.956 1.4408438661710037 269
stats: 302 81 488
stats: 200 233 1687
stats: size_rcv 14545663 89113870
stats: newphase 0 3
stats: size_sent 188053 1272623
stats: connected 42 143
# stats: dump at 1615168103
stats: users 214 214
stats: {freemem,"tsung_controller@ip-172-31-53-120"} 1 615.12890625 0.0 680.6796875 615.12890625 654.4378551136364 11
stats: {load,"tsung_controller@ip-172-31-53-120"} 1 0.0 0.0 0.0 0.0 0.0 11
stats: {cpu,"tsung_controller@ip-172-31-53-120"} 1 3.348104382077794 0.0 3.3973412112259975 0.5497251374312844 1.8104525908930988 11
stats: session 17 29453.99952941176 1739.7835954369566 34305.697 13614.36 20480.745113402063 194
stats: users_count 85 425
stats: finish_users_count 17 211
stats: request 325 2542.4119169230776 499.1706985764064 3843.907 6.27 517.4297705747127 2175
stats: connect 86 1.3236395348837207 0.671676259794759 28.78 0.956 1.41526706231454 337
stats: page 285 2821.4406561403516 850.8120937767885 6152.184 6.27 627.0438031764038 1763
stats: 302 68 556
stats: 200 257 1944
stats: size_rcv 14560708 103674578
stats: newphase 0 3
stats: size_sent 206517 1479140
stats: connected 70 213
# stats: dump at 1615168113
stats: users 367 367
stats: {freemem,"tsung_controller@ip-172-31-53-120"} 1 596.25 0.0 680.6796875 596.25 651.162109375 12
stats: {load,"tsung_controller@ip-172-31-53-120"} 1 0.0 0.0 0.0 0.0 0.0 12
stats: {cpu,"tsung_controller@ip-172-31-53-120"} 1 3.343166175024582 0.0 3.3973412112259975 0.5497251374312844 1.93859024015849 12
stats: session 18 31924.778000000006 3347.193292173557 38126.929 13614.36 21203.708739336493 211
stats: users_count 171 596
stats: finish_users_count 18 229
stats: 302 63 619
stats: request 501 3404.380201596809 2728.1345790327714 7036.057 0.604 780.6774496000002 2500
stats: 200 248 2192
stats: size_rcv 15546363 119220941
stats: connect 168 1.4687559523809524 1.9630413250902763 28.78 0.939 1.3966382978723404 423
stats: newphase 1 4
stats: 502 190 190
stats: page 446 3677.461139013454 3055.1876708131035 11263.081 0.625 932.416412109375 2048
stats: size_sent 230954 1710094
stats: connected 149 362
# stats: dump at 1615168123
stats: users 473 474
stats: {freemem,"tsung_controller@ip-172-31-53-120"} 1 568.64453125 0.0 680.6796875 568.64453125 646.9381009615385 13
stats: {load,"tsung_controller@ip-172-31-53-120"} 1 0.0 0.0 0.0 0.0 0.0 13
stats: {cpu,"tsung_controller@ip-172-31-53-120"} 1 4.585365853658536 0.0 4.585365853658536 0.5497251374312844 2.046634542840497 13
stats: session 53 35285.63903773585 4843.65096963615 44285.647 13614.36 22046.412873362442 229
stats: users_count 159 755
stats: finish_users_count 53 282
stats: request 1090 1454.98443853211 2520.8005209857256 7873.876 0.598 1218.6898050649788 3001
stats: connect 161 1.317347826086956 0.7690063223000901 28.78 0.939 1.4171387478849409 591
stats: page 971 1639.8390926879522 2950.7945720605017 12549.118 0.603 1423.310537289495 2494
stats: 302 76 695
stats: 200 202 2394
stats: size_rcv 9701810 128922751
stats: newphase 0 4
stats: 502 813 1003
stats: size_sent 497371 2207465
stats: connected 110 472
# stats: dump at 1615168133
stats: users 506 517
stats: {freemem,"tsung_controller@ip-172-31-53-120"} 1 557.19140625 0.0 680.6796875 557.19140625 641.345703125 14
stats: {load,"tsung_controller@ip-172-31-53-120"} 1 0.0 0.0 0.0 0.0 0.0 14
stats: {cpu,"tsung_controller@ip-172-31-53-120"} 1 5.3501945525291825 0.0 5.3501945525291825 0.5497251374312844 2.227972493613214 14
stats: session 112 32479.789133928596 9858.59787931575 53246.798 13614.36 24534.636230496453 282
stats: users_count 145 900
stats: finish_users_count 112 394
stats: request 1429 1531.495216934925 2773.76419058956 8432.107 0.593 1281.647798337815 4091
stats: page 1155 1848.7397610389633 3326.415758567237 14307.772 0.603 1483.9885249639256 3465
stats: connect 146 1.3944657534246583 1.456542712550753 28.78 0.939 1.3957739361702128 752
stats: 302 79 774
stats: 200 264 2658
stats: size_rcv 15871818 144794569
stats: newphase 0 4
stats: 502 1085 2088
stats: size_sent 584956 2792421
stats: connected 36 508
# stats: dump at 1615168143
stats: users 594 603
stats: {freemem,"tsung_controller@ip-172-31-53-120"} 1 554.44921875 0.0 680.6796875 554.44921875 635.7354166666667 15
stats: {load,"tsung_controller@ip-172-31-53-120"} 1 0.078125 0.0 0.078125 0.0 0.0 15
stats: {cpu,"tsung_controller@ip-172-31-53-120"} 1 7.421686746987952 0.0 7.421686746987952 0.5497251374312844 2.436120630874279 15
stats: session 200 30191.152850000006 8739.728712107682 53246.798 13614.36 26793.156852791886 394
stats: users_count 288 1188
stats: finish_users_count 200 594
stats: request 1908 1029.0768003144642 1985.863831907361 8432.107 0.586 1346.3275014492772 5520
stats: 302 113 887
stats: connect 288 1.2711875000000004 0.6592140782438289 28.78 0.921 1.395561247216036 898
stats: 200 303 2961
stats: size_rcv 16674583 161469152
stats: page 1502 1344.9255179760319 2604.7603448987766 14307.772 0.595 1575.176333982685 4620
stats: newphase 1 5
stats: 502 1492 3580
stats: size_sent 749270 3541691
stats: connected 86 594
# stats: dump at 1615168153
stats: users 700 703
stats: {freemem,"tsung_controller@ip-172-31-53-120"} 1 537.0390625 0.0 680.6796875 537.0390625 630.655029296875 16
stats: {load,"tsung_controller@ip-172-31-53-120"} 1 0.0703125 0.0 0.078125 0.0 0.0048828125 16
stats: {cpu,"tsung_controller@ip-172-31-53-120"} 1 12.153918348193336 0.0 12.153918348193336 0.5497251374312844 2.7477185131313835 16
stats: session 211 28838.169293838844 9677.182706775598 60365.538 12952.492 27937.26324915826 594
stats: users_count 317 1505
stats: finish_users_count 211 805
stats: connect 317 1.1835047318611986 0.38877673254633893 28.78 0.903 1.3653591905564926 1186
stats: page 1907 906.5507640272682 2218.575464952453 14307.772 0.595 1518.6855261352507 6122
stats: request 2335 743.2862578158454 1833.9872425817523 8432.107 0.586 1264.836610527734 7428
stats: 302 108 995
stats: 200 228 3189
stats: size_rcv 11695918 173165070
stats: newphase 0 5
stats: 502 1999 5579
stats: size_sent 821030 4362721
stats: connected 108 702
# stats: dump at 1615168163
stats: users 755 755
stats: {freemem,"tsung_controller@ip-172-31-53-120"} 1 518.3984375 0.0 680.6796875 518.3984375 625.1482077205883 17
stats: {load,"tsung_controller@ip-172-31-53-120"} 1 0.05859375 0.0 0.078125 0.0 0.008731617647058824 17
stats: {cpu,"tsung_controller@ip-172-31-53-120"} 1 12.764955252001883 0.0 12.764955252001883 0.5497251374312844 3.3010243857820867 17
stats: session 254 24965.102854330693 8386.80412279778 60365.538 12952.492 28173.401355279504 805
stats: users_count 309 1814
stats: finish_users_count 254 1059
stats: request 2684 755.6462649031305 1893.202946027343 8432.107 0.586 1140.098305336475 9763
stats: connect 305 1.14912786885246 0.29803400627354293 28.78 0.895 1.3270039920159682 1503
stats: page 2139 967.0830906965863 2321.0773465699035 14307.772 0.594 1373.2949430813308 8029
stats: 302 109 1104
stats: 200 271 3460
stats: size_rcv 13098558 186263628
stats: newphase 0 5
stats: 502 2304 7883
stats: size_sent 870488 5233209
stats: connected 48 750
# stats: dump at 1615168173
stats: users 977 979
stats: {freemem,"tsung_controller@ip-172-31-53-120"} 1 536.8125 0.0 680.6796875 518.3984375 619.2176649305555 18
stats: {load,"tsung_controller@ip-172-31-53-120"} 1 0.19921875 0.0 0.19921875 0.0 0.011501736111111112 18
stats: {cpu,"tsung_controller@ip-172-31-53-120"} 1 13.392857142857142 0.0 13.392857142857142 0.5497251374312844 3.826798322794297 18
stats: session 339 23737.72282890856 7077.994928183376 60365.538 12812.332 27403.89444381492 1059
stats: users_count 561 2375
stats: finish_users_count 339 1398
stats: request 3537 551.1315767599701 1544.891762442589 8432.107 0.58 1057.1972627942484 12447
stats: 302 129 1233
stats: 200 283 3743
stats: connect 1152 1.0591328124999988 0.40844192930915474 28.78 0.743 1.2969972345132745 1808
stats: size_rcv 13401830 199665458
stats: newphase 1 6
stats: 502 3124 11007
stats: page 2865 679.6073284467737 1864.7619715286423 14307.772 0.59 1287.8418399881987 10168
stats: size_sent 1073150 6306359
stats: connected 80 830
# stats: dump at 1615168183
stats: users 1218 1218
stats: {freemem,"tsung_controller@ip-172-31-53-120"} 1 532.890625 0.0 680.6796875 518.3984375 614.8805509868421 19
stats: {load,"tsung_controller@ip-172-31-53-120"} 1 0.171875 0.0 0.19921875 0.0 0.02138157894736842 19
stats: {cpu,"tsung_controller@ip-172-31-53-120"} 1 20.20248504371836 0.0 20.20248504371836 0.5497251374312844 4.3302751027976045 19
stats: session 383 22310.82474934726 6684.213200242283 60365.538 12197.377 26514.887163805437 1398
stats: users_count 624 2999
stats: finish_users_count 383 1781
stats: request 4588 404.0950937227552 1563.296382858394 8432.107 0.58 945.2131329454471 15984
stats: 302 98 1331
stats: 200 196 3939
stats: connect 2599 1.0470754136206175 0.37482112251292715 28.78 0.721 1.2044229729729727 2960
stats: size_rcv 12033185 211698643
stats: newphase 0 6
stats: page 3762 492.4729548112702 1832.1975603409696 14307.772 0.589 1154.1357189442194 13033
stats: 502 4294 15301
stats: size_sent 1217547 7523906
stats: connected 38 868
# stats: dump at 1615168193
stats: users 1300 1303
stats: {freemem,"tsung_controller@ip-172-31-53-120"} 1 528.02734375 0.0 680.6796875 518.3984375 610.7810546875 20
stats: {load,"tsung_controller@ip-172-31-53-120"} 1 0.2890625 0.0 0.2890625 0.0 0.02890625 20
stats: {cpu,"tsung_controller@ip-172-31-53-120"} 1 26.033621081326668 0.0 26.033621081326668 0.5497251374312844 5.123885599843642 20
stats: session 553 20989.982394213363 5888.660639251285 60365.538 12197.377 25610.8131016283 1781
stats: users_count 635 3634
stats: finish_users_count 553 2334
stats: connect 3305 1.0436214826021166 0.44707633110241035 28.78 0.688 1.1308582478863076 5559
stats: page 4266 486.75252508204517 1567.8819946943493 14307.772 0.589 1005.926411491516 16795
stats: request 5401 378.23838659507544 1289.4716778213824 8432.107 0.58 824.532131392185 20572
stats: 302 114 1445
stats: 200 327 4266
stats: size_rcv 17187359 228886002
stats: newphase 0 6
stats: 502 4959 20260
stats: size_sent 1383549 8907455
stats: connected 35 903
# stats: dump at 1615168203
stats: users 1796 1796
stats: {freemem,"tsung_controller@ip-172-31-53-120"} 1 512.5390625 0.0 680.6796875 512.5390625 606.8404017857143 21
stats: {load,"tsung_controller@ip-172-31-53-120"} 1 0.25 0.0 0.2890625 0.0 0.041294642857142856 21
stats: {cpu,"tsung_controller@ip-172-31-53-120"} 1 28.98419864559819 0.0 28.98419864559819 0.5497251374312844 6.119587289438071 21
stats: session 626 20861.65371246004 4746.3021373891315 60365.538 12197.377 24515.989030848326 2334
stats: users_count 1122 4756
stats: finish_users_count 626 2960
stats: request 6885 272.9789771968044 1174.2857882765543 8432.107 0.58 731.7268137296435 25973
stats: 302 106 1551
stats: 200 250 4516
stats: size_rcv 14071035 242957037
stats: connect 4367 1.1762026562857781 0.9138765333544683 28.78 0.668 1.0983314530685897 8864
stats: page 5600 333.1968351785699 1362.3735302700295 14307.772 0.589 900.7654125160255 21061
stats: newphase 1 7
stats: 502 6529 26789
stats: size_sent 1695112 10602567
stats: connected 90 993
# stats: dump at 1615168213
stats: users 2288 2288
stats: {freemem,"tsung_controller@ip-172-31-53-120"} 1 500.01953125 0.0 680.6796875 500.01953125 602.5539772727274 22
stats: {load,"tsung_controller@ip-172-31-53-120"} 1 0.2109375 0.0 0.2890625 0.0 0.05078125 22
stats: {cpu,"tsung_controller@ip-172-31-53-120"} 1 35.08311461067367 0.0 35.08311461067367 0.5497251374312844 7.158887805627168 22
stats: session 733 19945.992683492503 4681.11209097426 60365.538 11653.455 23743.146493918914 2960
stats: users_count 1225 5981
stats: finish_users_count 733 3693
stats: connect 5746 1.0449620605638672 0.4827457686551009 28.78 0.66 1.1240334819741495 13231
stats: page 7528 225.20485773113714 1279.1645252889834 14307.772 0.588 781.5506781441059 26661
stats: request 9150 183.70222655737783 1119.0135428590488 9377.458 0.58 635.601704029461 32858
stats: 302 98 1649
stats: 200 147 4663
stats: size_rcv 13100836 256057873
stats: newphase 0 7
stats: 502 8905 35694
stats: size_sent 1955195 12557762
stats: connected 148 1141
# stats: dump at 1615168223
stats: users 2430 2431
stats: {freemem,"tsung_controller@ip-172-31-53-120"} 1 468.24609375 0.0 680.6796875 468.24609375 598.0959578804349 23
stats: {load,"tsung_controller@ip-172-31-53-120"} 1 0.1796875 0.0 0.2890625 0.0 0.057744565217391304 23
stats: {cpu,"tsung_controller@ip-172-31-53-120"} 1 41.509433962264154 0.0 41.509433962264154 0.5497251374312844 8.372984623237885 23
stats: session 1148 18928.891261324017 3965.6372362456214 60365.538 11653.455 22989.473668832925 3693
stats: users_count 1290 7271
stats: finish_users_count 1148 4841
stats: connect 6536 1.0697210832313269 0.5059340100665636 28.78 0.66 1.1000916372450837 18977
stats: page 8719 255.45414474136868 1304.707160296123 14307.772 0.588 659.0501272046566 34189
stats: 302 106 1755
stats: request 11083 201.00011693584784 1129.6997705583553 9377.458 0.58 537.1709237288144 42008
stats: 200 249 4912
stats: size_rcv 18889535 274947408
stats: newphase 0 7
stats: 502 10728 46422
stats: size_sent 2217498 14775260
stats: connected 107 1248
# stats: dump at 1615168233
stats: users 1366 2440
stats: {freemem,"tsung_controller@ip-172-31-53-120"} 1 431.7734375 0.0 680.6796875 431.7734375 592.6855468750001 24
stats: {load,"tsung_controller@ip-172-31-53-120"} 1 0.30859375 0.0 0.30859375 0.0 0.06282552083333333 24
stats: {cpu,"tsung_controller@ip-172-31-53-120"} 1 45.414847161572055 0.0 45.414847161572055 0.5497251374312844 9.75367001236398 24
stats: session 1220 19399.699271311456 4080.8768860280225 60365.538 11653.455 22026.542744680843 4841
stats: users_count 156 7427
stats: finish_users_count 1220 6061
stats: request 8524 221.03696562646584 1031.9892360382598 9377.458 0.58 466.9936610724988 53091
stats: 302 137 1892
stats: connect 4474 1.120184175234686 0.9671752403345659 28.78 0.66 1.0923112138909539 25513
stats: 200 250 5162
stats: page 6177 299.03635049376794 1230.4524520949908 14307.772 0.588 577.0385356343805 42908
stats: size_rcv 13331991 288279399
stats: newphase 0 7
stats: 502 8137 54559
stats: size_sent 1867932 16643192
stats: connected -114 1134
# stats: dump at 1615168243
stats: users 183 2440
stats: {freemem,"tsung_controller@ip-172-31-53-120"} 1 429.57421875 0.0 680.6796875 429.57421875 586.2490625000002 25
stats: {load,"tsung_controller@ip-172-31-53-120"} 1 0.41015625 0.0 0.41015625 0.0 0.07265625 25
stats: {cpu,"tsung_controller@ip-172-31-53-120"} 1 34.73589973142345 0.0 45.414847161572055 0.5497251374312844 11.180117098332303 25
stats: session 1183 20220.314661876586 3750.536313458441 60365.538 11529.455 21497.793522191045 6061
stats: users_count 0 7427
stats: finish_users_count 1183 7244
stats: connect 512 1.1049999999999995 0.30733740620041683 28.78 0.66 1.0964698035815486 29987
stats: page 2614 749.656621652639 1203.4157564120694 14307.772 0.588 542.0539273505145 49085
stats: request 4656 405.46438122852277 818.0241471212333 9377.458 0.58 432.9672897021834 61615
stats: 302 1320 3212
stats: 200 1645 6807
stats: size_rcv 8227526 296506925
stats: newphase 0 7
stats: 502 1689 56248
stats: size_sent 1848812 18492004
stats: connected -901 233
# stats: dump at 1615168253
stats: users 0 2440
stats: {freemem,"tsung_controller@ip-172-31-53-120"} 1 616.57421875 0.0 680.6796875 429.57421875 580.223106971154 26
stats: {load,"tsung_controller@ip-172-31-53-120"} 1 0.421875 0.0 0.421875 0.0 0.08563701923076923 26
stats: {cpu,"tsung_controller@ip-172-31-53-120"} 1 15.873763542157324 0.0 45.414847161572055 0.5497251374312844 12.086108738066578 26
stats: session 183 23714.748289617502 3279.771348657388 60365.538 11529.455 21289.171560325776 7244
stats: users_count 0 7427
stats: finish_users_count 183 7427
stats: request 570 8.422922807017557 4.763140284831911 9377.458 0.58 431.03501854506544 66271
stats: connect 0 0 0 28.78 0.66 1.0966130037050361 30499
stats: page 289 16.720096885813128 6.8115837269687765 14307.772 0.588 552.550715352328 51699
stats: 302 248 3460
stats: 200 322 7129
stats: size_rcv 452550 296959475
stats: newphase 0 7
stats: 502 0 56248
stats: size_sent 427280 18919284
stats: connected -232 1
# stats: dump at 1615168263
stats: users 0 2440
stats: {freemem,"tsung_controller@ip-172-31-53-120"} 1 661.01171875 0.0 680.6796875 429.57421875 581.5694444444447 27
stats: {load,"tsung_controller@ip-172-31-53-120"} 1 0.3515625 0.0 0.421875 0.0 0.09809027777777778 27
stats: {cpu,"tsung_controller@ip-172-31-53-120"} 1 1.9306930693069306 0.0 45.414847161572055 0.5497251374312844 12.226392249329198 27
stats: session 0 0 0 60365.538 11529.455 21348.93735290157 7427
stats: users_count 0 7427
stats: finish_users_count 0 7427
stats: request 2 9.659500000000001 1.3914999999999993 9377.458 0.58 427.4311093490527 66841
stats: connect 0 0 0 28.78 0.66 1.0966130037050361 30499
stats: page 1 19.439 0.0 14307.772 0.588 549.5720462606756 51988
stats: 302 1 3461
stats: 200 1 7130
stats: size_rcv 1451 296960926
stats: newphase 0 7
stats: 502 0 56248
stats: size_sent 1361 18920645
stats: connected -1 0
# stats: dump at 1615168273
stats: users 0 2440
stats: {freemem,"tsung_controller@ip-172-31-53-120"} 1 663.61328125 0.0 680.6796875 429.57421875 584.406668526786 28
stats: {load,"tsung_controller@ip-172-31-53-120"} 1 0.30078125 0.0 0.421875 0.0 0.10714285714285714 28
stats: {cpu,"tsung_controller@ip-172-31-53-120"} 1 0.1 0.0 45.414847161572055 0.1 11.858688707185546 28
stats: session 0 0 0 60365.538 11529.455 21348.93735290157 7427
stats: users_count 0 7427
stats: finish_users_count 0 7427
stats: request 0 0 0 9377.458 0.58 427.41860926349847 66843
stats: connect 0 0 0 28.78 0.66 1.0966130037050361 30499
stats: page 0 0 0 14307.772 0.588 549.5618492373387 51989
stats: 302 0 3461
stats: 200 0 7130
stats: size_rcv 0 296960926
stats: newphase 0 7
stats: 502 0 56248
stats: size_sent 0 18920645
stats: connected 0 0
# stats: dump at 1615168283
stats: users 0 2440
stats: {freemem,"tsung_controller@ip-172-31-53-120"} 1 663.9765625 0.0 680.6796875 429.57421875 587.137931034483 29
stats: {load,"tsung_controller@ip-172-31-53-120"} 1 0.25 0.0 0.421875 0.0 0.11382004310344827 29
stats: {cpu,"tsung_controller@ip-172-31-53-120"} 1 0.14985014985014986 0.0 45.414847161572055 0.1 11.453216682799837 29
stats: session 0 0 0 60365.538 11529.455 21348.93735290157 7427
stats: users_count 0 7427
stats: finish_users_count 0 7427
stats: request 0 0 0 9377.458 0.58 427.41860926349847 66843
stats: connect 0 0 0 28.78 0.66 1.0966130037050361 30499
stats: page 0 0 0 14307.772 0.588 549.5618492373387 51989
stats: 302 0 3461
stats: 200 0 7130
stats: size_rcv 0 296960926
stats: newphase 0 7
stats: 502 0 56248
stats: size_sent 0 18920645
stats: connected 0 0
# stats: dump at 1615168285
stats: users 0 2440
stats: {freemem,"tsung_controller@ip-172-31-53-120"} 1 667.48046875 0.0 680.6796875 429.57421875 589.6992187500002 30
stats: {load,"tsung_controller@ip-172-31-53-120"} 1 0.2109375 0.0 0.421875 0.0 0.118359375 30
stats: {cpu,"tsung_controller@ip-172-31-53-120"} 1 0.050075112669003496 0.0 45.414847161572055 0.050075112669003496 11.07643779836818 30
stats: session 0 0 0 60365.538 11529.455 21348.93735290157 7427
stats: users_count 0 7427
stats: finish_users_count 0 7427
stats: request 0 0 0 9377.458 0.58 427.41860926349847 66843
stats: connect 0 0 0 28.78 0.66 1.0966130037050361 30499
stats: page 0 0 0 14307.772 0.588 549.5618492373387 51989
stats: 302 0 3461
stats: 200 0 7130
stats: size_rcv 0 296960926
stats: newphase 0 7
stats: 502 0 56248
stats: size_sent 0 18920645
stats: connected 0 0
EndMonitor:{1615,168285,51671}
