# stats: dump at 1615340299
stats: users 7 7
stats: {freemem,"tsung_controller@ip-172-31-32-225"} 1 690.16015625 0 690.16015625 690.16015625 0 0
stats: {load,"tsung_controller@ip-172-31-32-225"} 1 0.03125 0 0.03125 0.03125 0 0
stats: {cpu,"tsung_controller@ip-172-31-32-225"} 1 7.660719989049595 0 7.660719989049595 7.660719989049595 0 0
stats: users_count 7 7
stats: finish_users_count 0 0
stats: request 13 65.40346153846154 90.47702934371743 234.273 6.052 0 0
stats: page 13 65.40346153846154 90.47702934371743 234.273 6.052 0 0
stats: connect 7 2.7425714285714284 4.26382654622893 13.185 0.904 0 0
stats: 302 3 3
stats: 200 10 10
stats: size_rcv 35152 35152
stats: size_sent 5515 5515
stats: connected 7 7
# stats: dump at 1615340309
stats: users 18 19
stats: {freemem,"tsung_controller@ip-172-31-32-225"} 1 689.6015625 0.0 690.16015625 689.6015625 690.16015625 1
stats: {load,"tsung_controller@ip-172-31-32-225"} 1 0.01953125 0.0 0.03125 0.01953125 0.03125 1
stats: {cpu,"tsung_controller@ip-172-31-32-225"} 1 0.7976071784646062 0.0 7.660719989049595 0.7976071784646062 7.660719989049595 1
stats: session 1 16935.695 0 16935.695 16935.695 0 0
stats: users_count 12 19
stats: finish_users_count 1 1
stats: request 55 59.36419999999998 91.27163611418392 239.78 5.506 65.40346153846154 13
stats: connect 12 1.0720833333333335 0.2121443919964785 13.185 0.88 2.7425714285714284 7
stats: page 53 61.60828301886791 92.25671673402725 239.78 5.506 65.40346153846154 13
stats: 302 12 15
stats: 200 43 53
stats: size_rcv 147915 183067
stats: size_sent 29880 35395
stats: connected 12 19
# stats: dump at 1615340319
stats: users 20 20
stats: {freemem,"tsung_controller@ip-172-31-32-225"} 1 682.98046875 0.0 690.16015625 682.98046875 689.880859375 2
stats: {load,"tsung_controller@ip-172-31-32-225"} 1 0.01953125 0.0 0.03125 0.01953125 0.025390625 2
stats: {cpu,"tsung_controller@ip-172-31-32-225"} 1 0.5486284289276808 0.0 7.660719989049595 0.5486284289276808 4.229163583757101 2
stats: session 7 17901.657000000003 1342.2004022047427 19857.621 15786.431 16935.695 1
stats: users_count 9 28
stats: finish_users_count 7 8
stats: request 98 30.78667346938775 66.0644477324945 239.78 4.787 60.51876470588234 68
stats: connect 8 0.9307500000000001 0.06540785503286281 13.185 0.842 1.6875263157894738 19
stats: page 76 39.734078947368424 72.82215959748197 239.78 5.367 62.35581818181817 66
stats: 302 18 33
stats: 200 80 133
stats: size_rcv 182262 365329
stats: size_sent 57215 92610
stats: connected 0 19
# stats: dump at 1615340329
stats: users 24 24
stats: {freemem,"tsung_controller@ip-172-31-32-225"} 1 680.76953125 0.0 690.16015625 680.76953125 687.5807291666666 3
stats: {load,"tsung_controller@ip-172-31-32-225"} 1 0.01953125 0.0 0.03125 0.01953125 0.0234375 3
stats: {cpu,"tsung_controller@ip-172-31-32-225"} 1 1.1952191235059761 0.0 7.660719989049595 0.5486284289276808 3.0023185321472945 3
stats: session 13 18030.34869230769 2300.1778607282786 20744.667 12480.979 17780.911750000003 8
stats: users_count 17 45
stats: finish_users_count 13 21
stats: request 95 39.841978947368425 87.92249844230086 461.74 4.72 42.96608433734939 166
stats: connect 18 0.9207777777777779 0.06415221097389787 13.185 0.795 1.4632962962962963 27
stats: page 76 49.82549999999999 95.87496837898333 461.74 4.72 50.24840845070422 142
stats: 302 25 58
stats: 200 70 203
stats: size_rcv 184885 550214
stats: newphase 1 1
stats: size_sent 53385 145995
stats: connected 5 24
# stats: dump at 1615340339
stats: users 37 39
stats: {freemem,"tsung_controller@ip-172-31-32-225"} 1 678.65234375 0.0 690.16015625 678.65234375 685.8779296875 4
stats: {load,"tsung_controller@ip-172-31-32-225"} 1 0.01171875 0.0 0.03125 0.01171875 0.0224609375 4
stats: {cpu,"tsung_controller@ip-172-31-32-225"} 1 0.5988023952095809 0.0 7.660719989049595 0.5486284289276808 2.550543679986965 4
stats: session 8 18211.064124999997 1588.410571027722 21399.809 12480.979 17935.325095238095 21
stats: users_count 21 66
stats: finish_users_count 8 29
stats: request 133 42.41295488721805 80.48504568760777 461.74 4.72 41.828957854406134 261
stats: connect 20 1.2116000000000002 0.7843577245109529 13.185 0.795 1.2462888888888888 45
stats: page 113 49.936044247787606 85.48248663062842 461.74 4.72 50.10097247706422 218
stats: 302 25 83
stats: 200 108 311
stats: size_rcv 279994 830208
stats: newphase 0 1
stats: size_sent 74232 220227
stats: connected 13 37
# stats: dump at 1615340349
stats: users 34 39
stats: {freemem,"tsung_controller@ip-172-31-32-225"} 1 675.77734375 0.0 690.16015625 675.77734375 684.4328125 5
stats: {load,"tsung_controller@ip-172-31-32-225"} 1 0.01171875 0.0 0.03125 0.01171875 0.0203125 5
stats: {cpu,"tsung_controller@ip-172-31-32-225"} 1 0.8959681433549029 0.0 7.660719989049595 0.5486284289276808 2.1601954230314884 5
stats: session 19 18396.977736842106 2045.7407021784213 23445.995 12480.979 18011.391034482756 29
stats: users_count 16 82
stats: finish_users_count 19 48
stats: request 171 58.03953801169585 120.50937670140863 676.942 4.673 42.02609390862945 394
stats: connect 17 1.4108823529411767 1.4347797487195169 13.185 0.795 1.2356153846153846 65
stats: page 132 75.24911363636363 135.1320045207002 686.95 4.72 50.044667673716 331
stats: 302 39 122
stats: 200 132 443
stats: size_rcv 321679 1151887
stats: newphase 0 1
stats: size_sent 102693 322920
stats: connected -3 34
# stats: dump at 1615340359
stats: users 40 41
stats: {freemem,"tsung_controller@ip-172-31-32-225"} 1 671.71484375 0.0 690.16015625 671.71484375 682.990234375 6
stats: {load,"tsung_controller@ip-172-31-32-225"} 1 0.01171875 0.0 0.03125 0.01171875 0.018880208333333332 6
stats: {cpu,"tsung_controller@ip-172-31-32-225"} 1 2.5373134328358207 0.0 7.660719989049595 0.5486284289276808 1.9494908764187242 6
stats: session 22 17692.509227272734 1952.2674625668185 23445.995 12480.979 18164.019104166666 48
stats: users_count 28 110
stats: finish_users_count 22 70
stats: page 138 46.5639130434783 79.07350438220311 686.95 4.72 57.230384449244056 463
stats: request 180 35.674322222222244 71.3555079522913 676.942 4.673 46.87264070796459 565
stats: connect 27 1.2869629629629629 1.056788583274521 13.185 0.795 1.2719512195121951 82
stats: 302 39 161
stats: 200 141 584
stats: size_rcv 316979 1468866
stats: newphase 1 2
stats: size_sent 101718 424638
stats: connected 5 39
# stats: dump at 1615340369
stats: users 64 64
stats: {freemem,"tsung_controller@ip-172-31-32-225"} 1 670.7890625 0.0 690.16015625 670.7890625 681.3794642857143 7
stats: {load,"tsung_controller@ip-172-31-32-225"} 1 0.01171875 0.0 0.03125 0.01171875 0.017857142857142856 7
stats: {cpu,"tsung_controller@ip-172-31-32-225"} 1 1.5369360436291521 0.0 7.660719989049595 0.5486284289276808 2.0334655273354523 7
stats: session 16 17663.794625000006 1962.6318476905228 23445.995 12480.979 18015.830285714288 70
stats: users_count 40 150
stats: finish_users_count 16 86
stats: request 238 112.8981008403361 160.96690657429883 762.991 4.673 44.16700671140939 745
stats: connect 40 0.9592749999999999 0.10617508829758511 13.185 0.795 1.275669724770642 109
stats: page 205 131.03273170731714 172.80490742300807 762.991 4.72 54.78117803660567 601
stats: 302 56 217
stats: 200 182 766
stats: size_rcv 545141 2014007
stats: newphase 0 2
stats: size_sent 134142 558780
stats: connected 24 63
# stats: dump at 1615340379
stats: users 74 80
stats: {freemem,"tsung_controller@ip-172-31-32-225"} 1 663.14453125 0.0 690.16015625 663.14453125 680.0556640625 8
stats: {load,"tsung_controller@ip-172-31-32-225"} 1 0.0 0.0 0.03125 0.0 0.01708984375 8
stats: {cpu,"tsung_controller@ip-172-31-32-225"} 1 2.974714923153198 0.0 7.660719989049595 0.5486284289276808 1.971399341872165 8
stats: session 30 18291.8604 1751.5990781602322 23445.995 12480.979 17950.33527906977 86
stats: users_count 40 190
stats: finish_users_count 30 116
stats: request 344 64.57072674418609 99.25579922229593 762.991 4.58 60.807902339776184 983
stats: connect 40 1.1224999999999998 0.7164460900863372 13.185 0.795 1.190731543624161 149
stats: page 277 80.25763176895317 109.48317117500706 762.991 4.58 74.17518362282881 806
stats: 302 71 288
stats: 200 273 1039
stats: size_rcv 674935 2688942
stats: newphase 0 2
stats: size_sent 200232 759012
stats: connected 10 73
# stats: dump at 1615340389
stats: users 100 100
stats: {freemem,"tsung_controller@ip-172-31-32-225"} 1 655.19921875 0.0 690.16015625 655.19921875 678.1766493055555 9
stats: {load,"tsung_controller@ip-172-31-32-225"} 1 0.0 0.0 0.03125 0.0 0.015190972222222222 9
stats: {cpu,"tsung_controller@ip-172-31-32-225"} 1 2.430555555555556 0.0 7.660719989049595 0.5486284289276808 2.082878850903391 9
stats: session 40 18117.570000000007 1812.7846733223444 23445.995 12480.979 18038.660741379314 116
stats: users_count 66 256
stats: finish_users_count 40 156
stats: connect 61 1.1175901639344263 0.9359903561407553 13.185 0.78 1.1762910052910052 189
stats: page 307 140.3274234527687 214.21137043266756 1276.066 4.58 75.73089750692526 1083
stats: request 389 111.84110282776345 191.521799280875 1235.146 4.245 61.78334438583271 1327
stats: 302 88 376
stats: 200 301 1340
stats: size_rcv 741064 3430006
stats: newphase 1 3
stats: size_sent 228407 987419
stats: connected 21 94
# stats: dump at 1615340399
stats: users 155 160
stats: {freemem,"tsung_controller@ip-172-31-32-225"} 1 652.86328125 0.0 690.16015625 652.86328125 675.87890625 10
stats: {load,"tsung_controller@ip-172-31-32-225"} 1 0.0 0.0 0.03125 0.0 0.013671875 10
stats: {cpu,"tsung_controller@ip-172-31-32-225"} 1 2.852926709296606 0.0 7.660719989049595 0.5486284289276808 2.1176465213686075 10
stats: session 31 19958.17825806452 2272.3031687033076 24949.264 12480.979 18058.893884615387 156
stats: users_count 86 342
stats: finish_users_count 31 187
stats: request 446 833.1068004484298 564.0063686662486 2156.509 4.245 73.13093648018648 1716
stats: connect 90 1.1907111111111115 0.8975934769574385 13.185 0.726 1.161968 250
stats: page 377 947.1040848806372 652.8161370991074 3251.319 4.58 89.99790000000003 1390
stats: 302 103 479
stats: 200 343 1683
stats: size_rcv 965886 4395892
stats: newphase 0 3
stats: size_sent 267830 1255249
stats: connected 64 158
# stats: dump at 1615340409
stats: users 230 230
stats: {freemem,"tsung_controller@ip-172-31-32-225"} 1 635.76953125 0.0 690.16015625 635.76953125 673.7865767045455 11
stats: {load,"tsung_controller@ip-172-31-32-225"} 1 0.0 0.0 0.03125 0.0 0.012428977272727272 11
stats: {cpu,"tsung_controller@ip-172-31-32-225"} 1 3.6818851251840945 0.0 7.660719989049595 0.5486284289276808 2.1844901748166077 11
stats: session 20 24008.61415 3053.0441187122306 30906.973 12480.979 18373.748513368988 187
stats: users_count 95 437
stats: finish_users_count 20 207
stats: request 430 1791.9576279069765 955.6753225847722 3446.582 4.245 229.90671600370013 2162
stats: connect 95 1.274463157894736 2.037455476093579 20.563 0.726 1.1695764705882352 340
stats: page 368 2031.6319157608698 1196.2751840518663 5377.586 4.58 272.86662195812124 1767
stats: 302 99 578
stats: 200 331 2014
stats: size_rcv 868503 5264395
stats: newphase 0 3
stats: size_sent 276646 1531895
stats: connected 70 228
# stats: dump at 1615340419
stats: users 324 324
stats: {freemem,"tsung_controller@ip-172-31-32-225"} 1 619.171875 0.0 690.16015625 619.171875 670.6184895833334 12
stats: {load,"tsung_controller@ip-172-31-32-225"} 1 0.0 0.0 0.03125 0.0 0.011393229166666666 12
stats: {cpu,"tsung_controller@ip-172-31-32-225"} 1 4.449877750611247 0.0 7.660719989049595 0.5486284289276808 2.3092730873472314 12
stats: session 35 28252.78917142856 2014.621338799098 32722.004 12480.979 18918.179975845414 207
stats: users_count 129 566
stats: finish_users_count 35 242
stats: page 455 2748.8412197802204 1423.1940126944207 6852.933 0.404 576.016799063232 2135
stats: 302 107 685
stats: request 550 2370.0551381818236 1137.5735311773017 4940.26 0.365 489.04324845678997 2592
stats: 200 371 2385
stats: size_rcv 1020045 6284440
stats: connect 127 1.1412204724409456 0.8948324429736564 20.563 0.718 1.1924827586206894 435
stats: newphase 1 4
stats: 502 72 72
stats: size_sent 317373 1849268
stats: connected 92 320
# stats: dump at 1615340429
stats: users 428 429
stats: {freemem,"tsung_controller@ip-172-31-32-225"} 1 592.578125 0.0 690.16015625 592.578125 666.6610576923077 13
stats: {load,"tsung_controller@ip-172-31-32-225"} 1 0.0 0.0 0.03125 0.0 0.010516826923076924 13
stats: {cpu,"tsung_controller@ip-172-31-32-225"} 1 4.375614552605703 0.0 7.660719989049595 0.5486284289276808 2.473934984521387 13
stats: session 60 31691.71473333333 3015.0531799194746 39399.742 12480.979 20268.22676033058 242
stats: users_count 164 730
stats: finish_users_count 60 302
stats: request 969 1556.600441692461 1870.5930887279387 6381.382 0.343 818.3101292170601 3142
stats: connect 166 1.0583915662650616 0.374251908818343 20.563 0.718 1.1808985765124556 562
stats: page 839 1747.4009916567295 2156.1231948112354 8790.344 0.343 957.7291972972976 2590
stats: 302 106 791
stats: 200 337 2722
stats: size_rcv 1021009 7305449
stats: newphase 0 4
stats: 502 526 598
stats: size_sent 498947 2348215
stats: connected 107 427
# stats: dump at 1615340439
stats: users 498 498
stats: {freemem,"tsung_controller@ip-172-31-32-225"} 1 573.41015625 0.0 690.16015625 573.41015625 661.3694196428571 14
stats: {load,"tsung_controller@ip-172-31-32-225"} 1 0.0 0.0 0.03125 0.0 0.009765625 14
stats: {cpu,"tsung_controller@ip-172-31-32-225"} 1 6.450048496605238 0.0 7.660719989049595 0.5486284289276808 2.609769239384552 14
stats: session 85 33528.337105882376 6020.950195459711 42752.143 12480.979 22537.793907284766 302
stats: users_count 155 885
stats: finish_users_count 85 387
stats: request 1216 1851.336315789477 2180.3466921709123 6791.849 0.343 992.3318545366085 4111
stats: connect 154 1.1587272727272726 1.7737079961171636 22.569 0.657 1.152964285714286 728
stats: page 1024 2256.80468652344 2748.687317689493 10297.781 0.343 1150.9443140857384 3429
stats: 302 105 896
stats: 200 444 3166
stats: size_rcv 1398444 8703893
stats: newphase 0 4
stats: 502 667 1265
stats: size_sent 554659 2902874
stats: connected 68 495
# stats: dump at 1615340449
stats: users 575 577
stats: {freemem,"tsung_controller@ip-172-31-32-225"} 1 547.484375 0.0 690.16015625 547.484375 655.50546875 15
stats: {load,"tsung_controller@ip-172-31-32-225"} 1 0.0 0.0 0.03125 0.0 0.009114583333333334 15
stats: {cpu,"tsung_controller@ip-172-31-32-225"} 1 7.865707434052757 0.0 7.865707434052757 0.5486284289276808 2.8657878565325983 15
stats: session 173 30069.404826589605 7605.108276660424 47033.466 12480.979 24951.73750387597 387
stats: users_count 250 1135
stats: finish_users_count 173 560
stats: request 1731 1077.7047816291167 1618.5904058829124 6791.849 0.339 1188.4177236718606 5327
stats: connect 250 1.0946520000000002 0.7696860625579756 22.569 0.657 1.1539705215419505 882
stats: page 1366 1332.5318726207886 2023.399293743852 10297.781 0.343 1405.2450150460363 4453
stats: 302 144 1040
stats: 200 401 3567
stats: size_rcv 1316869 10020762
stats: newphase 1 5
stats: 502 1186 2451
stats: size_sent 795779 3698653
stats: connected 80 575
# stats: dump at 1615340459
stats: users 698 699
stats: {freemem,"tsung_controller@ip-172-31-32-225"} 1 562.0703125 0.0 690.16015625 547.484375 648.754150390625 16
stats: {load,"tsung_controller@ip-172-31-32-225"} 1 0.0 0.0 0.03125 0.0 0.008544921875 16
stats: {cpu,"tsung_controller@ip-172-31-32-225"} 1 10.294117647058822 0.0 10.294117647058822 0.5486284289276808 3.1782828301276083 16
stats: session 201 28940.127179104486 7417.343208969747 47033.466 12480.979 26532.73115892858 560
stats: users_count 324 1459
stats: finish_users_count 201 761
stats: connect 321 0.9986978193146426 0.5219255437060105 22.569 0.64 1.1408701413427564 1132
stats: page 1842 964.6168794788266 2016.634257765571 10297.781 0.343 1388.1757329438042 5819
stats: request 2249 769.014403734993 1578.8201312924407 6791.849 0.332 1161.2649746387083 7058
stats: 302 136 1176
stats: 200 308 3875
stats: size_rcv 1355488 11376250
stats: newphase 0 5
stats: 502 1805 4256
stats: size_sent 882360 4581013
stats: connected 119 694
# stats: dump at 1615340469
stats: users 760 771
stats: {freemem,"tsung_controller@ip-172-31-32-225"} 1 558.79296875 0.0 690.16015625 547.484375 643.6551011029412 17
stats: {load,"tsung_controller@ip-172-31-32-225"} 1 0.0 0.0 0.03125 0.0 0.008042279411764705 17
stats: {cpu,"tsung_controller@ip-172-31-32-225"} 1 12.171052631578947 0.0 12.171052631578947 0.5486284289276808 3.5968613487706205 17
stats: session 241 25726.68602489625 7550.578706950547 47330.944 12480.979 27168.587400788445 761
stats: users_count 303 1762
stats: finish_users_count 241 1002
stats: request 2658 755.8650549285171 1492.2555731286998 6791.849 0.332 1066.4791646072852 9307
stats: 302 167 1343
stats: 200 407 4282
stats: connect 306 1.0117679738562078 0.6012233620969738 22.569 0.64 1.1094611149346185 1453
stats: size_rcv 1662413 13038663
stats: newphase 0 5
stats: page 2136 934.4864232209746 1814.4611561593479 10297.781 0.343 1286.3358415350472 7661
stats: 502 2084 6340
stats: size_sent 1005045 5586058
stats: connected 67 761
# stats: dump at 1615340479
stats: users 917 917
stats: {freemem,"tsung_controller@ip-172-31-32-225"} 1 560.59765625 0.0 690.16015625 547.484375 638.9405381944445 18
stats: {load,"tsung_controller@ip-172-31-32-225"} 1 0.0 0.0 0.03125 0.0 0.007595486111111111 18
stats: {cpu,"tsung_controller@ip-172-31-32-225"} 1 13.560111835973904 0.0 13.560111835973904 0.5486284289276808 4.073205308926639 18
stats: session 337 23923.98956083086 5715.036233114129 47330.944 12480.979 26821.782778443117 1002
stats: users_count 494 2256
stats: finish_users_count 337 1339
stats: request 3239 608.5197394257489 1375.227349895637 6791.849 0.332 997.4768826577518 11965
stats: connect 733 0.9683819918144614 0.6066357983767177 22.569 0.567 1.0924661739624788 1759
stats: page 2553 779.5552130826491 1725.8741864141643 10297.781 0.342 1209.623546187608 9797
stats: 302 172 1515
stats: 200 379 4661
stats: size_rcv 1746879 14785542
stats: newphase 1 6
stats: 502 2688 9028
stats: size_sent 1147601 6733659
stats: connected 45 806
# stats: dump at 1615340489
stats: users 1171 1174
stats: {freemem,"tsung_controller@ip-172-31-32-225"} 1 554.65234375 0.0 690.16015625 547.484375 634.817228618421 19
stats: {load,"tsung_controller@ip-172-31-32-225"} 1 0.0 0.0 0.03125 0.0 0.007195723684210526 19
stats: {cpu,"tsung_controller@ip-172-31-32-225"} 1 16.969696969696972 0.0 16.969696969696972 0.5486284289276808 4.572516178771231 19
stats: session 354 22876.490935028243 5465.970809888019 47330.944 12480.979 26092.465142643767 1339
stats: users_count 608 2864
stats: finish_users_count 354 1693
stats: request 4277 449.92674678512986 1233.5808811628701 6791.849 0.332 914.6149919100237 15204
stats: 302 148 1663
stats: 200 366 5027
stats: connect 2327 0.9022617103566827 0.5926645764872177 22.569 0.459 1.055967897271268 2492
stats: size_rcv 2072760 16858302
stats: page 3563 537.8522175133326 1447.4462037993646 10297.781 0.339 1120.7195417813766 12350
stats: newphase 0 6
stats: 502 3762 12790
stats: size_sent 1344508 8078167
stats: connected 51 857
# stats: dump at 1615340499
stats: users 1274 1288
stats: {freemem,"tsung_controller@ip-172-31-32-225"} 1 525.390625 0.0 690.16015625 525.390625 630.808984375 20
stats: {load,"tsung_controller@ip-172-31-32-225"} 1 0.078125 0.0 0.078125 0.0 0.0068359375 20
stats: {cpu,"tsung_controller@ip-172-31-32-225"} 1 24.486940298507463 0.0 24.486940298507463 0.5486284289276808 5.192375218317518 20
stats: session 488 21260.623045081975 4987.499662783084 47330.944 11795.793 25420.01690313054 1693
stats: users_count 591 3455
stats: finish_users_count 488 2181
stats: request 5239 374.492616911625 1141.6352182058865 6791.849 0.328 812.5939650428624 19481
stats: 302 154 1817
stats: 200 370 5397
stats: size_rcv 2322392 19180694
stats: connect 3143 0.8456360165446997 0.5410966156239417 22.569 0.459 0.9817462129072423 4819
stats: newphase 0 6
stats: 502 4714 17504
stats: page 4163 478.28134446312714 1393.4246870775767 10297.781 0.337 990.2126432476595 15913
stats: size_sent 1551175 9629342
stats: connected 31 888
# stats: dump at 1615340509
stats: users 1637 1638
stats: {freemem,"tsung_controller@ip-172-31-32-225"} 1 501.0625 0.0 690.16015625 501.0625 625.7890625 21
stats: {load,"tsung_controller@ip-172-31-32-225"} 1 0.1484375 0.0 0.1484375 0.0 0.010230654761904762 21
stats: {cpu,"tsung_controller@ip-172-31-32-225"} 1 27.920883164673416 0.0 27.920883164673416 0.5486284289276808 6.111164031659896 21
stats: session 673 20987.199251114416 4332.466604770045 47330.944 11795.793 24489.350143512154 2181
stats: users_count 1036 4491
stats: finish_users_count 673 2854
stats: request 6466 290.4940467058455 935.5280294108576 6791.849 0.296 719.7455442152105 24720
stats: connect 3994 0.8191644967451196 0.5570933559487791 22.569 0.459 0.9280167043456408 7962
stats: 302 192 2009
stats: 200 414 5811
stats: size_rcv 2803978 21984672
stats: newphase 1 7
stats: 502 5859 23363
stats: size_sent 1881576 11510918
stats: connected 88 976
stats: page 5164 364.4776613090631 1111.0475958930822 10297.781 0.296 884.0575328252642 20076
# stats: dump at 1615340519
stats: users 2328 2330
stats: {freemem,"tsung_controller@ip-172-31-32-225"} 1 479.98046875 0.0 690.16015625 479.98046875 620.1196732954545 22
stats: {load,"tsung_controller@ip-172-31-32-225"} 1 0.26953125 0.0 0.26953125 0.0 0.016512784090909092 22
stats: {cpu,"tsung_controller@ip-172-31-32-225"} 1 32.612612612612615 0.0 32.612612612612615 0.5486284289276808 7.102514901342329 22
stats: session 606 20190.478798679887 3862.628863313495 47330.944 11643.548 23663.510076734416 2854
stats: users_count 1297 5788
stats: finish_users_count 606 3460
stats: connect 5663 0.8118469009359003 0.38592146716781955 22.569 0.441 0.8916537303445968 11956
stats: page 7358 255.24175808643696 1025.2995262588486 10297.781 0.296 777.7536320126785 25240
stats: 302 127 2136
stats: request 8714 212.67497176956653 899.694115083491 6791.849 0.296 630.7459872699288 31186
stats: 200 349 6160
stats: size_rcv 3500724 25485396
stats: newphase 0 7
stats: 502 8238 31601
stats: size_sent 2144994 13655912
stats: connected 97 1073
# stats: dump at 1615340529
stats: users 2377 2417
stats: {freemem,"tsung_controller@ip-172-31-32-225"} 1 429.265625 0.0 690.16015625 429.265625 614.0266644021739 23
stats: {load,"tsung_controller@ip-172-31-32-225"} 1 0.30078125 0.0 0.30078125 0.0 0.02751358695652174 23
stats: {cpu,"tsung_controller@ip-172-31-32-225"} 1 39.683972911963885 0.0 39.683972911963885 0.5486284289276808 8.211649584441037 23
stats: session 1137 19053.127810026384 3457.1566985766303 47330.944 11498.573 23055.227719942206 3460
stats: users_count 1186 6974
stats: finish_users_count 1137 4597
stats: connect 6737 1.0688379100489824 1.2566326957692362 22.569 0.436 0.8660026675747774 17619
stats: page 8636 224.98845402964355 1032.7399362927374 11040.925 0.296 659.8125813853613 32598
stats: request 11053 176.92525640097767 887.663397571706 6791.849 0.296 539.4409539598998 39900
stats: 302 141 2277
stats: 200 292 6452
stats: size_rcv 4034408 29519804
stats: newphase 0 7
stats: 502 10620 42221
stats: size_sent 2512041 16167953
stats: connected 62 1135
# stats: dump at 1615340539
stats: users 1577 2417
stats: {freemem,"tsung_controller@ip-172-31-32-225"} 1 406.7890625 0.0 690.16015625 406.7890625 606.3282877604166 24
stats: {load,"tsung_controller@ip-172-31-32-225"} 1 0.328125 0.0 0.328125 0.0 0.038899739583333336 24
stats: {cpu,"tsung_controller@ip-172-31-32-225"} 1 44.19817470664928 0.0 44.19817470664928 0.5486284289276808 9.52299638975449 24
stats: session 1277 19257.719235708708 3407.1987030462506 47330.944 11498.573 22065.367463780734 4597
stats: users_count 477 7451
stats: finish_users_count 1277 5874
stats: connect 5329 0.8720913867517346 0.6422848909332672 22.569 0.436 0.9221079816061749 24356
stats: page 7068 261.48192161856326 1062.9569945353883 11040.925 0.296 568.7435324489501 41234
stats: request 9472 198.08988756334537 878.1081317928534 6791.849 0.296 460.80209059329206 50953
stats: 302 187 2464
stats: error_send_einval 1 1
stats: 200 308 6760
stats: size_rcv 3532448 33052252
stats: newphase 0 7
stats: 502 8978 51199
stats: size_sent 2229846 18397799
stats: connected -16 1119
# stats: dump at 1615340549
stats: users 435 2417
stats: {freemem,"tsung_controller@ip-172-31-32-225"} 1 408.25390625 0.0 690.16015625 406.7890625 598.34671875 25
stats: {load,"tsung_controller@ip-172-31-32-225"} 1 0.58984375 0.0 0.58984375 0.0 0.05046875 25
stats: {cpu,"tsung_controller@ip-172-31-32-225"} 1 37.09239130434783 0.0 44.19817470664928 0.5486284289276808 10.910003522430282 25
stats: session 1142 19871.635899299494 3425.7115820426807 47330.944 11498.573 21454.988371637734 5874
stats: users_count 0 7451
stats: finish_users_count 1142 7016
stats: request 5399 403.24056269679414 693.1905602133229 6791.849 0.296 419.6202951923875 60425
stats: 302 1369 3833
stats: connect 1286 0.8642877138413675 0.49760377407790807 22.569 0.436 0.9131290887653694 29685
stats: page 3205 692.7815650546047 974.3418852674384 11040.925 0.296 523.7821423336511 48302
stats: error_send_einval 0 1
stats: 200 1946 8706
stats: size_rcv 3567357 36619609
stats: newphase 0 7
stats: 502 2083 53282
stats: size_sent 2167146 20564945
stats: connected -612 507
# stats: dump at 1615340559
stats: users 1 2417
stats: {freemem,"tsung_controller@ip-172-31-32-225"} 1 475.39453125 0.0 690.16015625 406.7890625 591.0354567307693 26
stats: {load,"tsung_controller@ip-172-31-32-225"} 1 0.5703125 0.0 0.58984375 0.0 0.0712139423076923 26
stats: {cpu,"tsung_controller@ip-172-31-32-225"} 1 19.422449930135073 0.0 44.19817470664928 0.5486284289276808 11.917018437119417 26
stats: session 434 21411.507711981576 2695.575393005796 47330.944 11498.573 21197.26480786774 7016
stats: users_count 0 7451
stats: finish_users_count 434 7450
stats: request 1231 51.10804630381806 97.21665455230973 6791.849 0.296 418.27680078694715 65824
stats: page 648 118.60487808641979 188.0984324924897 11040.925 0.296 534.2980557011673 51507
stats: 302 558 4391
stats: error_send_einval 0 1
stats: 200 673 9379
stats: size_rcv 954829 37574438
stats: newphase 0 7
stats: 502 0 53282
stats: size_sent 849601 21414546
stats: connected -505 2
stats: connect 0 0 0 22.569 0.436 0.9111010622840718 30971
# stats: dump at 1615340569
stats: users 0 2417
stats: {freemem,"tsung_controller@ip-172-31-32-225"} 1 662.296875 0.0 690.16015625 406.7890625 586.7524594907408 27
stats: {load,"tsung_controller@ip-172-31-32-225"} 1 0.48046875 0.0 0.58984375 0.0 0.08969907407407407 27
stats: {cpu,"tsung_controller@ip-172-31-32-225"} 1 3.59251968503937 0.0 44.19817470664928 0.5486284289276808 12.194997381305184 27
stats: session 1 28737.358 0.0 47330.944 11498.573 21209.745535436254 7450
stats: users_count 0 7451
stats: finish_users_count 1 7451
stats: request 4 7.6985 1.368202013593022 6791.849 0.296 411.5362931921558 67055
stats: page 2 15.518 0.4540000000000002 11040.925 0.296 529.1332742018986 52155
stats: 302 2 4393
stats: connect 0 0 0 22.569 0.436 0.9111010622840718 30971
stats: error_send_einval 0 1
stats: 200 2 9381
stats: size_rcv 2912 37577350
stats: newphase 0 7
stats: 502 0 53282
stats: size_sent 2736 21417282
stats: connected -2 0
# stats: dump at 1615340579
stats: users 0 2417
stats: {freemem,"tsung_controller@ip-172-31-32-225"} 1 663.25390625 0.0 690.16015625 406.7890625 589.4504743303571 28
stats: {load,"tsung_controller@ip-172-31-32-225"} 1 0.41015625 0.0 0.58984375 0.0 0.10365513392857142 28
stats: {cpu,"tsung_controller@ip-172-31-32-225"} 1 0.10010010010010009 0.0 44.19817470664928 0.10010010010010009 11.887766035009975 28
stats: session 0 0 0 47330.944 11498.573 21210.755817608388 7451
stats: users_count 0 7451
stats: finish_users_count 0 7451
stats: request 0 0 0 6791.849 0.296 411.51220468542635 67059
stats: connect 0 0 0 22.569 0.436 0.9111010622840718 30971
stats: page 0 0 0 11040.925 0.296 529.1135792319348 52157
stats: 302 0 4393
stats: error_send_einval 0 1
stats: 200 0 9381
stats: size_rcv 0 37577350
stats: newphase 0 7
stats: 502 0 53282
stats: size_sent 0 21417282
stats: connected 0 0
# stats: dump at 1615340589
stats: users 0 2417
stats: {freemem,"tsung_controller@ip-172-31-32-225"} 1 665.33984375 0.0 690.16015625 406.7890625 591.9954202586207 29
stats: {load,"tsung_controller@ip-172-31-32-225"} 1 0.33984375 0.0 0.58984375 0.0 0.11422413793103449 29
stats: {cpu,"tsung_controller@ip-172-31-32-225"} 1 1.2475049900199602 0.0 44.19817470664928 0.10010010010010009 11.481294795875153 29
stats: session 0 0 0 47330.944 11498.573 21210.755817608388 7451
stats: users_count 0 7451
stats: finish_users_count 0 7451
stats: request 0 0 0 6791.849 0.296 411.51220468542635 67059
stats: connect 0 0 0 22.569 0.436 0.9111010622840718 30971
stats: page 0 0 0 11040.925 0.296 529.1135792319348 52157
stats: 302 0 4393
stats: error_send_einval 0 1
stats: 200 0 9381
stats: size_rcv 0 37577350
stats: newphase 0 7
stats: 502 0 53282
stats: size_sent 0 21417282
stats: connected 0 0
