# stats: dump at 1615341131
stats: users 10 10
stats: {load,"tsung_controller@ip-172-31-38-255"} 1 0.0703125 0 0.0703125 0.0703125 0 0
stats: {cpu,"tsung_controller@ip-172-31-38-255"} 1 10.83448017014888 0 10.83448017014888 10.83448017014888 0 0
stats: {freemem,"tsung_controller@ip-172-31-38-255"} 1 691.734375 0 691.734375 691.734375 0 0
stats: users_count 10 10
stats: finish_users_count 0 0
stats: request 22 84.6056818181818 106.0538954941763 267.2 8.201 0 0
stats: connect 9 3.0698888888888884 3.630203313695451 12.952 1.312 0 0
stats: page 22 84.6056818181818 106.0538954941763 267.2 8.201 0 0
stats: 302 6 6
stats: 200 16 16
stats: size_rcv 65327 65327
stats: size_sent 9640 9640
stats: connected 9 9
# stats: dump at 1615341141
stats: users 21 21
stats: {load,"tsung_controller@ip-172-31-38-255"} 1 0.05859375 0.0 0.0703125 0.05859375 0.0703125 1
stats: {cpu,"tsung_controller@ip-172-31-38-255"} 1 0.25 0.0 10.83448017014888 0.25 10.83448017014888 1
stats: {freemem,"tsung_controller@ip-172-31-38-255"} 1 690.421875 0.0 691.734375 690.421875 691.734375 1
stats: users_count 11 21
stats: finish_users_count 0 0
stats: request 58 58.56210344827588 94.40756428392685 297.002 7.145 84.6056818181818 22
stats: connect 12 1.4235833333333339 0.14170124577982907 12.952 1.312 3.0698888888888884 9
stats: page 54 62.909314814814834 96.51019868901672 297.002 7.145 84.6056818181818 22
stats: 302 11 17
stats: 200 47 63
stats: size_rcv 145734 211061
stats: size_sent 32399 42039
stats: connected 12 21
# stats: dump at 1615341151
stats: users 20 22
stats: {load,"tsung_controller@ip-172-31-38-255"} 1 0.05078125 0.0 0.0703125 0.05078125 0.064453125 2
stats: {cpu,"tsung_controller@ip-172-31-38-255"} 1 0.35052578868302453 0.0 10.83448017014888 0.25 5.54224008507444 2
stats: {freemem,"tsung_controller@ip-172-31-38-255"} 1 685.125 0.0 691.734375 685.125 691.078125 2
stats: session 10 19323.3729 1578.0158241355791 22084.033 16806.884 0 0
stats: users_count 9 30
stats: finish_users_count 10 10
stats: request 88 32.44138636363635 67.84384399611291 297.002 6.739 65.7240875 80
stats: connect 9 1.7062222222222219 0.9038380850299553 12.952 1.302 2.1291428571428574 21
stats: page 69 41.404463768115924 74.53845371128233 297.002 7.145 69.18984210526315 76
stats: 302 16 33
stats: 200 72 135
stats: size_rcv 157242 368303
stats: size_sent 51052 93091
stats: connected 1 22
# stats: dump at 1615341161
stats: users 26 26
stats: {load,"tsung_controller@ip-172-31-38-255"} 1 0.0390625 0.0 0.0703125 0.0390625 0.059895833333333336 3
stats: {cpu,"tsung_controller@ip-172-31-38-255"} 1 0.400200100050025 0.0 10.83448017014888 0.25 3.8116686529439683 3
stats: {freemem,"tsung_controller@ip-172-31-38-255"} 1 681.296875 0.0 691.734375 681.296875 689.09375 3
stats: session 12 19041.51766666667 1381.9903055902944 22084.033 16438.757 19323.3729 10
stats: users_count 18 48
stats: finish_users_count 12 22
stats: request 120 42.467 80.90951520144792 297.002 6.739 48.290291666666654 168
stats: connect 17 1.8424117647058822 1.1857282229436563 12.952 1.202 2.0022666666666664 30
stats: page 95 53.67492631578948 87.84742170655501 297.002 7.036 55.96783448275862 145
stats: 302 30 63
stats: 200 90 225
stats: size_rcv 241015 609318
stats: newphase 1 1
stats: size_sent 69201 162292
stats: connected 3 25
# stats: dump at 1615341171
stats: users 39 43
stats: {load,"tsung_controller@ip-172-31-38-255"} 1 0.03125 0.0 0.0703125 0.03125 0.0546875 4
stats: {cpu,"tsung_controller@ip-172-31-38-255"} 1 0.35035035035035034 0.0 10.83448017014888 0.25 2.9588015147204825 4
stats: {freemem,"tsung_controller@ip-172-31-38-255"} 1 676.77734375 0.0 691.734375 676.77734375 687.14453125 4
stats: session 12 16877.314499999997 1523.0999895903908 22084.033 15057.81 19169.633681818184 22
stats: users_count 25 73
stats: finish_users_count 12 34
stats: request 159 50.151440251572325 91.94201508242158 494.405 6.607 45.86392013888888 288
stats: connect 25 1.3865599999999998 0.15054808667000724 12.952 1.186 1.944446808510638 47
stats: page 135 59.083392592592595 97.27218989512893 494.405 7.036 55.060224999999996 240
stats: 302 36 99
stats: 200 123 348
stats: size_rcv 346468 955786
stats: newphase 0 1
stats: size_sent 89015 251307
stats: connected 13 38
# stats: dump at 1615341181
stats: users 35 43
stats: {load,"tsung_controller@ip-172-31-38-255"} 1 0.03125 0.0 0.0703125 0.03125 0.05 5
stats: {cpu,"tsung_controller@ip-172-31-38-255"} 1 0.3508771929824561 0.0 10.83448017014888 0.25 2.437111281846456 5
stats: {freemem,"tsung_controller@ip-172-31-38-255"} 1 667.328125 0.0 691.734375 667.328125 685.07109375 5
stats: session 21 17983.545666666672 1965.6180269733013 22092.109 14191.828 18360.57985294118 34
stats: users_count 17 90
stats: finish_users_count 21 55
stats: request 200 33.23052499999997 70.28134286138373 494.405 6.607 47.38901118568232 447
stats: connect 18 1.5437777777777777 0.795847874600525 12.952 1.096 1.7507361111111106 72
stats: page 153 43.468745098039214 77.91176217530844 494.405 6.988 56.50856533333333 375
stats: 302 40 139
stats: 200 160 508
stats: size_rcv 357964 1313750
stats: newphase 0 1
stats: size_sent 119325 370632
stats: connected -3 35
# stats: dump at 1615341191
stats: users 51 52
stats: {load,"tsung_controller@ip-172-31-38-255"} 1 0.01953125 0.0 0.0703125 0.01953125 0.046875 6
stats: {cpu,"tsung_controller@ip-172-31-38-255"} 1 0.5002501250625313 0.0 10.83448017014888 0.25 2.0894056003691226 6
stats: {freemem,"tsung_controller@ip-172-31-38-255"} 1 669.35546875 0.0 691.734375 667.328125 682.1139322916666 6
stats: session 22 17778.193090909088 1514.7567940677327 22092.109 14191.828 18216.62134545455 55
stats: users_count 38 128
stats: finish_users_count 22 77
stats: request 207 43.18524637681161 82.70094924761264 494.405 6.607 43.01235394126738 647
stats: connect 36 1.6958055555555556 1.5368593302837599 12.952 1.096 1.709344444444444 90
stats: page 167 53.55493413173651 89.26120850695115 494.405 6.65 52.729981060606065 528
stats: 302 47 186
stats: 200 160 668
stats: size_rcv 416012 1729762
stats: newphase 1 2
stats: size_sent 116000 486632
stats: connected 16 51
# stats: dump at 1615341201
stats: users 71 73
stats: {load,"tsung_controller@ip-172-31-38-255"} 1 0.01953125 0.0 0.0703125 0.01953125 0.04296875 7
stats: {cpu,"tsung_controller@ip-172-31-38-255"} 1 0.4511278195488722 0.0 10.83448017014888 0.25 1.8623833896110382 7
stats: {freemem,"tsung_controller@ip-172-31-38-255"} 1 668.4453125 0.0 691.734375 667.328125 680.2912946428571 7
stats: session 19 17228.41142105263 2140.7468760069473 22885.926 13501.785 18091.35612987013 77
stats: users_count 39 167
stats: finish_users_count 19 96
stats: request 274 44.57427372262773 83.9034156943381 494.405 6.379 43.05426112412178 854
stats: connect 39 1.4089230769230774 0.33069068238487387 12.952 1.096 1.7054761904761901 126
stats: page 230 53.11885652173915 89.25694877517003 494.405 6.379 52.92820719424461 695
stats: 302 56 242
stats: 200 218 886
stats: size_rcv 564838 2294600
stats: newphase 0 2
stats: size_sent 156838 643470
stats: connected 20 71
# stats: dump at 1615341211
stats: users 71 75
stats: {load,"tsung_controller@ip-172-31-38-255"} 1 0.01953125 0.0 0.0703125 0.01953125 0.0400390625 8
stats: {cpu,"tsung_controller@ip-172-31-38-255"} 1 0.75 0.0 10.83448017014888 0.25 1.6859764433532676 8
stats: {freemem,"tsung_controller@ip-172-31-38-255"} 1 662.18359375 0.0 691.734375 662.18359375 678.810546875 8
stats: session 39 17938.729999999996 1625.6851989720426 22885.926 13501.785 17920.564989583334 96
stats: users_count 39 206
stats: finish_users_count 39 135
stats: request 346 47.035049132948 88.84809802297995 511.88 6.379 43.42348404255319 1128
stats: connect 40 1.3997249999999999 0.21672355519186187 12.952 1.096 1.635381818181818 165
stats: page 273 59.64163003663004 96.7558132963769 511.88 6.379 52.9756118918919 925
stats: 302 83 325
stats: 200 263 1149
stats: size_rcv 690730 2985330
stats: newphase 0 2
stats: size_sent 203781 847251
stats: connected 1 72
# stats: dump at 1615341221
stats: users 91 94
stats: {load,"tsung_controller@ip-172-31-38-255"} 1 0.01171875 0.0 0.0703125 0.01171875 0.037760416666666664 9
stats: {cpu,"tsung_controller@ip-172-31-38-255"} 1 0.8521303258145364 0.0 10.83448017014888 0.25 1.58197906075846 9
stats: {freemem,"tsung_controller@ip-172-31-38-255"} 1 652.35546875 0.0 691.734375 652.35546875 676.9631076388889 9
stats: session 44 17948.441386363636 2143.6461373516495 22885.926 13501.785 17925.812659259256 135
stats: users_count 64 270
stats: finish_users_count 44 179
stats: request 423 51.725702127659545 98.50475480082113 595.436 6.196 44.271246268656725 1474
stats: connect 63 1.3721428571428573 0.36418806658896025 12.952 1.096 1.5893999999999997 205
stats: page 334 63.9612035928143 105.2755148132939 595.436 6.379 54.49466277128548 1198
stats: 302 92 417
stats: 200 331 1480
stats: size_rcv 791613 3776943
stats: newphase 1 3
stats: size_sent 245354 1092605
stats: connected 21 93
# stats: dump at 1615341231
stats: users 106 109
stats: {load,"tsung_controller@ip-172-31-38-255"} 1 0.01171875 0.0 0.0703125 0.01171875 0.03515625 10
stats: {cpu,"tsung_controller@ip-172-31-38-255"} 1 0.8028098344204716 0.0 10.83448017014888 0.25 1.5089941872640678 10
stats: {freemem,"tsung_controller@ip-172-31-38-255"} 1 646.25390625 0.0 691.734375 646.25390625 674.50234375 10
stats: session 44 17431.418159090903 1882.1740405006624 22885.926 13501.785 17931.37502793296 179
stats: users_count 59 329
stats: finish_users_count 44 223
stats: request 500 60.03212799999999 108.88081797021736 595.436 6.196 45.93346810753821 1897
stats: connect 59 1.4426440677966104 0.48641085244889765 12.952 1.075 1.538328358208955 268
stats: page 405 74.2307604938272 122.22935189362344 792.479 6.379 56.55851697127937 1532
stats: 302 109 526
stats: 200 391 1871
stats: size_rcv 1002248 4779191
stats: newphase 0 3
stats: size_sent 294826 1387431
stats: connected 12 105
# stats: dump at 1615341241
stats: users 102 112
stats: {load,"tsung_controller@ip-172-31-38-255"} 1 0.01171875 0.0 0.0703125 0.01171875 0.033025568181818184 11
stats: {cpu,"tsung_controller@ip-172-31-38-255"} 1 1.053159478435306 0.0 10.83448017014888 0.25 1.4447956097328318 11
stats: {freemem,"tsung_controller@ip-172-31-38-255"} 1 646.67578125 0.0 691.734375 646.25390625 671.9343039772727 11
stats: session 63 17991.219269841273 1629.753940402838 22885.926 13501.785 17832.72882959641 223
stats: users_count 59 388
stats: finish_users_count 63 286
stats: request 553 44.98302350813741 87.38249155814358 595.436 6.196 48.87436503963287 2397
stats: connect 60 1.4025833333333333 0.3188187725373495 12.952 1.075 1.521064220183486 327
stats: page 424 59.84524528301888 97.49470534944801 792.479 6.379 60.253539494062984 1937
stats: 302 118 644
stats: 200 435 2306
stats: size_rcv 1022671 5801862
stats: newphase 0 3
stats: size_sent 318188 1705619
stats: connected -2 103
# stats: dump at 1615341251
stats: users 198 198
stats: {load,"tsung_controller@ip-172-31-38-255"} 1 0.01171875 0.0 0.0703125 0.01171875 0.03125 12
stats: {cpu,"tsung_controller@ip-172-31-38-255"} 1 1.3486513486513485 0.0 10.83448017014888 0.25 1.412159265458038 12
stats: {freemem,"tsung_controller@ip-172-31-38-255"} 1 646.58203125 0.0 691.734375 646.25390625 669.8294270833334 12
stats: session 48 18126.248583333323 2067.9229901092785 22885.926 12896.204 17867.64105944056 286
stats: users_count 144 532
stats: finish_users_count 48 334
stats: connect 142 1.4889647887323942 0.8207737110042328 12.952 1.075 1.5026950904392764 387
stats: page 545 355.3652055045873 471.9698758845435 2586.373 6.206 60.18021601016518 2361
stats: 302 152 796
stats: 200 491 2797
stats: size_rcv 1391853 7193715
stats: newphase 1 4
stats: size_sent 360798 2066417
stats: connected 92 195
stats: request 643 305.0613779160186 431.6207380530077 2047.327 6.196 48.144903389830496 2950
# stats: dump at 1615341261
stats: users 320 320
stats: {load,"tsung_controller@ip-172-31-38-255"} 1 0.01171875 0.0 0.0703125 0.01171875 0.029747596153846152 13
stats: {cpu,"tsung_controller@ip-172-31-38-255"} 1 1.7119838872104733 0.0 10.83448017014888 0.25 1.4072740410882927 13
stats: {freemem,"tsung_controller@ip-172-31-38-255"} 1 623.109375 0.0 691.734375 623.109375 668.0411658653846 13
stats: session 34 19990.710029411774 2677.518176269697 25795.217 12896.204 17904.80621257485 334
stats: users_count 156 688
stats: finish_users_count 34 368
stats: 302 171 967
stats: request 742 1011.4818517520217 724.2512646450275 3071.37 6.196 94.12244113554131 3593
stats: 200 572 3369
stats: size_rcv 1618239 8811954
stats: connect 156 1.4988076923076925 1.2742836756761322 13.697 1.075 1.4990094517958412 529
stats: newphase 0 4
stats: size_sent 483739 2550156
stats: page 650 1112.474629230769 805.494522461626 4060.619 6.206 115.5400987611838 2906
stats: connected 122 317
# stats: dump at 1615341271
stats: users 436 436
stats: {load,"tsung_controller@ip-172-31-38-255"} 1 0.0 0.0 0.0703125 0.0 0.028459821428571428 14
stats: {cpu,"tsung_controller@ip-172-31-38-255"} 1 2.170620898536093 0.0 10.83448017014888 0.25 1.4290390300970197 14
stats: {freemem,"tsung_controller@ip-172-31-38-255"} 1 583.01171875 0.0 691.734375 583.01171875 664.8317522321429 14
stats: session 47 24845.239127659577 2396.774430043629 32498.174 12896.204 18097.525586956526 368
stats: users_count 163 851
stats: finish_users_count 47 415
stats: request 950 1568.4437652631577 758.5380482628385 3255.068 0.748 251.14220645905422 4335
stats: page 783 1827.4799348658994 940.8716982316613 5077.384 0.757 297.7694139482565 3556
stats: connect 161 1.36539751552795 0.2820122520465846 13.697 1.014 1.498963503649635 685
stats: 302 195 1162
stats: 200 693 4062
stats: size_rcv 1835174 10647128
stats: newphase 0 4
stats: 502 61 61
stats: size_sent 590559 3140715
stats: connected 116 433
# stats: dump at 1615341281
stats: users 649 649
stats: {load,"tsung_controller@ip-172-31-38-255"} 1 0.0 0.0 0.0703125 0.0 0.0265625 15
stats: {cpu,"tsung_controller@ip-172-31-38-255"} 1 2.8773346794548207 0.0 10.83448017014888 0.25 1.4784778213262912 15
stats: {freemem,"tsung_controller@ip-172-31-38-255"} 1 546.79296875 0.0 691.734375 546.79296875 659.3770833333333 15
stats: session 115 28619.463739130435 2158.2351299607344 33760.839 12896.204 18861.724469879522 415
stats: users_count 328 1179
stats: finish_users_count 115 530
stats: request 1472 1608.0703688858678 1175.4374156933943 4075.718 0.721 487.9324582781457 5285
stats: connect 323 1.4750743034055724 1.2771710105325118 19.798 1.014 1.473544917257683 846
stats: page 1245 1893.667040160641 1514.1251425497937 6155.12 0.755 573.8153549204884 4339
stats: 302 211 1373
stats: 200 836 4898
stats: size_rcv 2132516 12779644
stats: newphase 1 5
stats: 502 425 486
stats: size_sent 756009 3896724
stats: connected 210 643
# stats: dump at 1615341291
stats: users 824 824
stats: {load,"tsung_controller@ip-172-31-38-255"} 1 0.0 0.0 0.0703125 0.0 0.02490234375 16
stats: {cpu,"tsung_controller@ip-172-31-38-255"} 1 4.964539007092199 0.0 10.83448017014888 0.25 1.5659063749593245 16
stats: {freemem,"tsung_controller@ip-172-31-38-255"} 1 510.9609375 0.0 691.734375 510.9609375 652.340576171875 16
stats: session 146 29769.41940410959 4496.236935382689 40479.418 12896.204 20978.969783018874 530
stats: users_count 321 1500
stats: finish_users_count 146 676
stats: request 2328 1133.9727237972525 1697.2012669265746 5555.432 0.709 731.9524382122239 6757
stats: connect 514 1.3410428015564186 0.6473382481412232 19.798 0.872 1.47396749358426 1169
stats: page 1992 1327.4920768072304 2032.7566780003665 8891.928 0.709 868.0874444842402 5584
stats: 302 191 1564
stats: 200 561 5459
stats: size_rcv 2048918 14828562
stats: newphase 0 5
stats: 502 1574 2060
stats: size_sent 1062464 4959188
stats: connected 110 753
# stats: dump at 1615341301
stats: users 846 867
stats: {load,"tsung_controller@ip-172-31-38-255"} 1 0.0 0.0 0.0703125 0.0 0.0234375 17
stats: {cpu,"tsung_controller@ip-172-31-38-255"} 1 7.537688442211055 0.0 10.83448017014888 0.25 1.7658259415553759 17
stats: {freemem,"tsung_controller@ip-172-31-38-255"} 1 501.75 0.0 691.734375 501.75 644.0241268382352 17
stats: session 281 26869.975804270452 6069.218596128918 40479.418 12896.204 22877.49884319527 676
stats: users_count 303 1803
stats: finish_users_count 281 957
stats: connect 1207 1.256517812758905 0.5018055084631542 19.798 0.872 1.4333713606654774 1683
stats: 302 293 1857
stats: request 2952 873.7227682926829 1222.9858340626702 5555.432 0.709 834.9687535498075 9085
stats: 200 787 6246
stats: size_rcv 2429528 17258090
stats: newphase 0 5
stats: page 2336 1117.2915410958901 1561.3518210983461 8891.928 0.709 988.8812707233369 7576
stats: 502 1872 3932
stats: size_sent 1328754 6287942
stats: connected 35 788
# stats: dump at 1615341311
stats: users 1000 1001
stats: {load,"tsung_controller@ip-172-31-38-255"} 1 0.0 0.0 0.0703125 0.0 0.022135416666666668 18
stats: {cpu,"tsung_controller@ip-172-31-38-255"} 1 10.03547896604156 0.0 10.83448017014888 0.25 2.0864849693695806 18
stats: {freemem,"tsung_controller@ip-172-31-38-255"} 1 482.953125 0.0 691.734375 482.953125 636.1200086805555 18
stats: session 385 26018.48506233766 5169.616982277032 40479.418 12896.204 24049.793541274816 957
stats: users_count 539 2342
stats: finish_users_count 385 1342
stats: connect 1611 1.2639379267535664 0.5557630517619078 19.798 0.872 1.3595089965397913 2890
stats: page 2704 895.4553332100571 1263.628209005999 8891.928 0.705 1019.1442238700563 9912
stats: request 3470 698.4776023054757 1000.5463773225738 5555.432 0.705 844.4729366121128 12037
stats: 302 360 2217
stats: 200 870 7116
stats: size_rcv 2654509 19912599
stats: newphase 1 6
stats: 502 2240 6172
stats: size_sent 1576413 7864355
stats: connected 7 795
# stats: dump at 1615341321
stats: users 1253 1254
stats: {load,"tsung_controller@ip-172-31-38-255"} 1 0.0 0.0 0.0703125 0.0 0.020970394736842105 19
stats: {cpu,"tsung_controller@ip-172-31-38-255"} 1 12.80241935483871 0.0 12.80241935483871 0.25 2.5048530744575794 19
stats: {freemem,"tsung_controller@ip-172-31-38-255"} 1 476.22265625 0.0 691.734375 476.22265625 628.05859375 19
stats: session 342 24433.89767251462 5350.1842975766185 41049.83 12676.997 24614.582092399403 1342
stats: users_count 595 2937
stats: finish_users_count 342 1684
stats: request 4228 604.9160957899724 1248.007241977897 5555.432 0.703 811.8035737408914 15507
stats: 302 255 2472
stats: connect 2630 1.178135741444868 0.4050182958550163 19.798 0.841 1.325302155076648 4501
stats: page 3540 724.9733389830516 1463.1577790966583 8891.928 0.705 992.6338592263786 12616
stats: 200 599 7715
stats: size_rcv 2629080 22541679
stats: newphase 0 6
stats: 502 3374 9546
stats: size_sent 1647865 9512220
stats: connected 48 843
# stats: dump at 1615341331
stats: users 1343 1369
stats: {load,"tsung_controller@ip-172-31-38-255"} 1 0.0 0.0 0.0703125 0.0 0.019921875 20
stats: {cpu,"tsung_controller@ip-172-31-38-255"} 1 16.293279022403258 0.0 16.293279022403258 0.25 3.019731388476636 20
stats: {freemem,"tsung_controller@ip-172-31-38-255"} 1 460.39453125 0.0 691.734375 460.39453125 620.466796875 20
stats: session 531 22302.862732580048 4481.34880374085 42484.333 12676.997 24577.887275534442 1684
stats: users_count 621 3558
stats: finish_users_count 531 2215
stats: request 5440 485.99093933823264 1125.6532784749154 5555.432 0.703 767.4802772232077 19735
stats: 302 273 2745
stats: 200 634 8349
stats: connect 3467 1.1722849725987907 0.40829626468993696 19.798 0.815 1.2710253821343422 7131
stats: size_rcv 2986623 25528302
stats: newphase 0 6
stats: page 4303 613.5163776435024 1341.3770305488513 8891.928 0.705 933.9857878187667 16156
stats: 502 4533 14079
stats: size_sent 2010315 11522535
stats: connected 24 867
# stats: dump at 1615341341
stats: users 1901 1903
stats: {load,"tsung_controller@ip-172-31-38-255"} 1 0.078125 0.0 0.078125 0.0 0.018973214285714284 21
stats: {cpu,"tsung_controller@ip-172-31-38-255"} 1 21.531576330183988 0.0 21.531576330183988 0.25 3.6518050853302846 21
stats: {freemem,"tsung_controller@ip-172-31-38-255"} 1 452.6640625 0.0 691.734375 452.6640625 612.8443080357143 21
stats: session 611 21849.67430932896 4246.172480380655 43689.854 12676.997 24032.497644695264 2215
stats: users_count 1169 4727
stats: finish_users_count 611 2826
stats: request 6876 362.356350058172 911.7277066264335 5555.432 0.7 706.6539813704068 25175
stats: connect 4411 1.213950804806166 0.5396375325986209 19.798 0.815 1.238723721456879 10598
stats: page 5607 448.32794988407187 1083.028582865315 8891.928 0.705 866.5836727601538 20459
stats: 302 294 3039
stats: 200 704 9053
stats: size_rcv 3504440 29032742
stats: newphase 1 7
stats: 502 5878 19957
stats: size_sent 2280884 13803419
stats: connected 152 1019
# stats: dump at 1615341351
stats: users 2400 2400
stats: {load,"tsung_controller@ip-172-31-38-255"} 1 0.140625 0.0 0.140625 0.0 0.021661931818181816 22
stats: {cpu,"tsung_controller@ip-172-31-38-255"} 1 30.377266046055855 0.0 30.377266046055855 0.25 4.464521960096362 22
stats: {freemem,"tsung_controller@ip-172-31-38-255"} 1 428.86328125 0.0 691.734375 428.86328125 605.563387784091 22
stats: session 740 20720.48445405403 4076.596334710151 43689.854 11991.918 23560.556718329794 2826
stats: users_count 1239 5966
stats: finish_users_count 740 3566
stats: connect 5803 1.1867580561778446 0.4845876815872541 19.798 0.806 1.2314432007462188 15009
stats: page 7635 344.53731434184726 1053.442348809725 8891.928 0.703 776.6136030077487 26066
stats: request 9207 284.5432337352014 934.9383116677772 5555.432 0.7 632.7907473713763 32051
stats: 302 257 3296
stats: 200 561 9614
stats: size_rcv 4196114 33228856
stats: newphase 0 7
stats: 502 8389 28346
stats: size_sent 2666983 16470402
stats: connected 133 1152
# stats: dump at 1615341361
stats: users 2417 2500
stats: {load,"tsung_controller@ip-172-31-38-255"} 1 0.26953125 0.0 0.26953125 0.0 0.026834239130434784 23
stats: {cpu,"tsung_controller@ip-172-31-38-255"} 1 34.713529128550796 0.0 34.713529128550796 0.25 5.591163007311992 23
stats: {freemem,"tsung_controller@ip-172-31-38-255"} 1 380.0234375 0.0 691.734375 380.0234375 597.8807744565219 23
stats: session 1186 19817.95702107925 3331.316558633253 43689.854 11991.918 22971.197919798087 3566
stats: users_count 1203 7169
stats: finish_users_count 1186 4752
stats: request 11227 230.03156640242324 732.8037339209643 5555.432 0.7 555.076974089873 41258
stats: connect 6610 1.1967406959152778 0.477058369891284 19.798 0.787 1.2189836632711912 20812
stats: page 8762 293.0220122118235 851.6003767060903 8891.928 0.703 678.7262268478675 33701
stats: 302 336 3632
stats: 200 756 10370
stats: size_rcv 5128693 38357549
stats: newphase 0 7
stats: 502 10135 38481
stats: size_sent 3238242 19708644
stats: connected -17 1135
# stats: dump at 1615341371
stats: users 1371 2500
stats: {load,"tsung_controller@ip-172-31-38-255"} 1 0.30859375 0.0 0.30859375 0.0 0.036946614583333336 24
stats: {cpu,"tsung_controller@ip-172-31-38-255"} 1 36.63560568906327 0.0 36.63560568906327 0.25 6.804594929030276 24
stats: {freemem,"tsung_controller@ip-172-31-38-255"} 1 338.64453125 0.0 691.734375 338.64453125 588.8033854166669 24
stats: session 1201 19933.46624396338 3327.3339815809063 43689.854 11949.306 22184.214816708747 4752
stats: users_count 155 7324
stats: finish_users_count 1201 5953
stats: request 8231 332.13626983355465 772.0117705334675 5555.432 0.699 485.54692184433617 52485
stats: connect 4462 1.2459352308381855 0.5592053059879857 19.798 0.787 1.213622055284079 27422
stats: page 5884 466.210654146839 964.4144731484369 8891.928 0.703 599.138342604149 42463
stats: 302 607 4239
stats: 200 1202 11572
stats: size_rcv 4496766 42854315
stats: newphase 0 7
stats: 502 6422 44903
stats: size_sent 2712813 22421457
stats: connected -47 1088
# stats: dump at 1615341381
stats: users 140 2500
stats: {load,"tsung_controller@ip-172-31-38-255"} 1 0.26171875 0.0 0.30859375 0.0 0.0478125 25
stats: {cpu,"tsung_controller@ip-172-31-38-255"} 1 26.123876123876123 0.0 36.63560568906327 0.25 7.997835359431594 25
stats: {freemem,"tsung_controller@ip-172-31-38-255"} 1 326.3125 0.0 691.734375 326.3125 578.7970312500001 25
stats: session 1231 19917.279098294053 2761.025281130835 43689.854 11949.306 21730.133003191666 5953
stats: users_count 0 7324
stats: finish_users_count 1231 7184
stats: request 4826 122.43298736013239 171.58271715256276 5555.432 0.699 464.74971720798425 60716
stats: connect 496 1.2075725806451625 0.3740696507376904 19.798 0.787 1.2181441161711204 31884
stats: page 2734 228.81731711777613 275.698619192901 8891.928 0.703 582.9605752373462 48347
stats: 302 1987 6226
stats: 200 2824 14396
stats: size_rcv 3987101 46841416
stats: newphase 0 7
stats: 502 15 44918
stats: size_sent 2829075 25250532
stats: connected -915 173
