# stats: dump at 1615369867
stats: users 1 2
stats: {load,"tsung_controller@ip-172-31-50-238"} 1 0.0 0 0.0 0.0 0 0
stats: {cpu,"tsung_controller@ip-172-31-50-238"} 1 2.104103917127803 0 2.104103917127803 2.104103917127803 0 0
stats: {freemem,"tsung_controller@ip-172-31-50-238"} 1 659.7109375 0 659.7109375 659.7109375 0 0
stats: session 2 2084.9575 527.1615000000002 2612.119 1557.796 0 0
stats: users_count 3 3
stats: finish_users_count 2 2
stats: request 9 95.5982222222222 94.67237793426547 228.761 8.481 0 0
stats: connect 3 5.259 5.7291551442308375 13.361 1.153 0 0
stats: page 8 107.576875 94.48844387203853 228.761 8.481 0 0
stats: 302 4 4
stats: 200 5 5
stats: match 1 1
stats: size_rcv 15210 15210
stats: size_sent 4428 4428
stats: connected 2 2
# stats: dump at 1615369877
stats: users 6 7
stats: {load,"tsung_controller@ip-172-31-50-238"} 1 0.0 0.0 0.0 0.0 0.0 1
stats: {cpu,"tsung_controller@ip-172-31-50-238"} 1 0.24975024975024976 0.0 2.104103917127803 0.24975024975024976 2.104103917127803 1
stats: {freemem,"tsung_controller@ip-172-31-50-238"} 1 661.63671875 0.0 661.63671875 659.7109375 659.7109375 1
stats: session 9 2384.9023333333334 423.49305026515947 3144.886 1557.796 2084.9575 2
stats: users_count 14 17
stats: finish_users_count 9 11
stats: request 53 74.37958490566037 94.51546739434289 255.331 8.081 95.5982222222222 9
stats: connect 13 1.2897692307692308 0.2344237300426315 13.361 1.077 5.259 3
stats: page 44 89.6286818181818 99.26282884452236 263.907 8.081 107.576875 8
stats: 302 22 26
stats: 200 31 36
stats: match 9 10
stats: size_rcv 116556 131766
stats: size_sent 29454 33882
stats: connected 4 6
# stats: dump at 1615369887
stats: users 0 7
stats: {load,"tsung_controller@ip-172-31-50-238"} 1 0.0 0.0 0.0 0.0 0.0 2
stats: {cpu,"tsung_controller@ip-172-31-50-238"} 1 0.3001500750375188 0.0 2.104103917127803 0.24975024975024976 1.1769270834390264 2
stats: {freemem,"tsung_controller@ip-172-31-50-238"} 1 659.34765625 0.0 661.63671875 659.34765625 660.673828125 2
stats: session 15 2113.8262666666665 548.2984067056267 3144.886 1331.236 2330.3669090909093 11
stats: users_count 9 26
stats: finish_users_count 15 26
stats: request 68 49.125102941176465 74.54417436802149 255.331 8.081 77.45970967741934 62
stats: connect 10 1.2271 0.112514399078518 13.361 1.077 2.034 16
stats: page 52 64.28588461538456 80.97697951427874 263.907 8.081 92.3899423076923 52
stats: 302 26 52
stats: 200 42 78
stats: match 16 26
stats: size_rcv 189549 321315
stats: size_sent 42550 76432
stats: connected -6 0
# stats: dump at 1615369897
stats: users 6 11
stats: {load,"tsung_controller@ip-172-31-50-238"} 1 0.0 0.0 0.0 0.0 0.0 3
stats: {cpu,"tsung_controller@ip-172-31-50-238"} 1 0.39920159680638717 0.0 2.104103917127803 0.24975024975024976 0.8846680806385239 3
stats: {freemem,"tsung_controller@ip-172-31-50-238"} 1 659.953125 0.0 661.63671875 659.34765625 660.2317708333334 3
stats: session 16 2238.3248750000002 593.4015904500167 3216.105 1308.819 2205.4396153846155 26
stats: users_count 22 48
stats: finish_users_count 16 42
stats: request 84 93.75076190476187 128.47952886611 756.169 8.081 62.63853076923076 130
stats: connect 20 1.5061499999999999 0.9100075425511595 13.361 1.077 1.723653846153846 26
stats: page 69 114.17218840579709 138.10865147540835 756.169 8.081 78.33791346153842 104
stats: 302 34 86
stats: 200 50 128
stats: match 15 41
stats: size_rcv 196715 518030
stats: newphase 1 1
stats: size_sent 47778 124210
stats: connected 5 5
# stats: dump at 1615369907
stats: users 6 11
stats: {load,"tsung_controller@ip-172-31-50-238"} 1 0.0 0.0 0.0 0.0 0.0 4
stats: {cpu,"tsung_controller@ip-172-31-50-238"} 1 0.5505505505505506 0.0 2.104103917127803 0.24975024975024976 0.7633014596804897 4
stats: {freemem,"tsung_controller@ip-172-31-50-238"} 1 658.12109375 0.0 661.63671875 658.12109375 660.162109375 4
stats: session 30 2034.8572666666662 444.3115774753068 3216.105 1308.819 2217.9673333333335 42
stats: users_count 30 78
stats: finish_users_count 30 72
stats: request 151 77.30068211920526 104.87276821197196 756.169 7.618 74.85080841121494 214
stats: page 121 96.50786776859502 110.90200812801135 756.169 7.618 92.63019653179187 173
stats: connect 30 1.1852333333333338 0.1593371024658796 13.361 1.04 1.629086956521739 46
stats: 302 61 147
stats: 200 90 218
stats: match 30 71
stats: size_rcv 386788 904818
stats: newphase 0 1
stats: size_sent 88117 212327
stats: connected 0 5
# stats: dump at 1615369917
stats: users 1 11
stats: {load,"tsung_controller@ip-172-31-50-238"} 1 0.0 0.0 0.0 0.0 0.0 5
stats: {cpu,"tsung_controller@ip-172-31-50-238"} 1 0.8478802992518704 0.0 2.104103917127803 0.24975024975024976 0.7207512778545018 5
stats: {freemem,"tsung_controller@ip-172-31-50-238"} 1 656.19921875 0.0 661.63671875 656.19921875 659.75390625 5
stats: session 14 2434.0407142857143 594.2660282638491 3295.707 1308.819 2141.6714722222223 72
stats: users_count 9 87
stats: finish_users_count 14 86
stats: request 67 52.57185074626867 78.34162565695672 756.169 7.618 75.86431780821916 365
stats: connect 11 1.9159090909090912 2.305771156923248 13.361 1.04 1.4538815789473685 76
stats: page 52 67.7815 84.38937001562824 756.169 7.618 94.22610884353738 294
stats: 302 26 173
stats: 200 41 259
stats: match 15 86
stats: size_rcv 190542 1095360
stats: newphase 0 1
stats: size_sent 41171 253498
stats: connected -4 1
# stats: dump at 1615369927
stats: users 12 16
stats: {load,"tsung_controller@ip-172-31-50-238"} 1 0.0 0.0 0.0 0.0 0.0 6
stats: {cpu,"tsung_controller@ip-172-31-50-238"} 1 0.3498250874562719 0.0 2.104103917127803 0.24975024975024976 0.7419394480873965 6
stats: {freemem,"tsung_controller@ip-172-31-50-238"} 1 660.3203125 0.0 661.63671875 656.19921875 659.1614583333334 6
stats: session 19 2401.5381578947363 546.0827226138878 3295.707 1308.819 2189.2664651162795 86
stats: users_count 30 117
stats: finish_users_count 19 105
stats: connect 28 1.656178571428571 1.4625657751648893 13.361 1.04 1.5122988505747126 87
stats: 302 47 220
stats: request 113 109.99194690265487 134.37795580448406 756.169 7.509 72.2518287037037 432
stats: 200 66 325
stats: match 19 105
stats: page 94 132.26720212765963 138.7443592898717 756.169 7.509 90.25177456647396 346
stats: size_rcv 265659 1361019
stats: newphase 1 2
stats: size_sent 62470 315968
stats: connected 9 10
# stats: dump at 1615369937
stats: users 8 21
stats: {load,"tsung_controller@ip-172-31-50-238"} 1 0.0 0.0 0.0 0.0 0.0 7
stats: {cpu,"tsung_controller@ip-172-31-50-238"} 1 0.8991008991008992 0.0 2.104103917127803 0.24975024975024976 0.6859231108543787 7
stats: {freemem,"tsung_controller@ip-172-31-50-238"} 1 655.8515625 0.0 661.63671875 655.8515625 659.3270089285714 7
stats: session 49 2670.8276530612247 627.2751752708566 3739.886 1308.819 2227.6775333333335 105
stats: users_count 45 162
stats: finish_users_count 49 154
stats: connect 47 1.3057234042553192 0.6597399778612867 13.361 1.025 1.5473304347826085 115
stats: page 188 129.88612765957427 143.63895918836826 756.169 7.509 99.22779772727272 440
stats: 302 94 314
stats: request 236 103.55095338983048 135.90470311068617 756.169 7.509 80.07684403669724 545
stats: 200 142 467
stats: match 48 153
stats: size_rcv 651607 2012626
stats: newphase 0 2
stats: size_sent 140379 456347
stats: connected 0 10
# stats: dump at 1615369947
stats: users 3 26
stats: {load,"tsung_controller@ip-172-31-50-238"} 1 0.0 0.0 0.0 0.0 0.0 8
stats: {cpu,"tsung_controller@ip-172-31-50-238"} 1 1.0 0.0 2.104103917127803 0.24975024975024976 0.7125703343851938 8
stats: {freemem,"tsung_controller@ip-172-31-50-238"} 1 653.0703125 0.0 661.63671875 653.0703125 658.892578125 8
stats: session 50 2870.2631999999994 873.7250255797186 5849.556 1308.819 2368.679844155844 154
stats: users_count 45 207
stats: finish_users_count 50 204
stats: 302 94 408
stats: 200 142 609
stats: request 236 190.13117372881348 233.19230531680407 1194.077 7.509 87.1701728553137 781
stats: match 48 201
stats: size_rcv 673372 2685998
stats: newphase 0 2
stats: connect 45 1.382466666666667 0.899956877979285 13.361 1.025 1.4772345679012344 162
stats: size_sent 138796 595143
stats: connected -4 6
stats: page 188 238.8684787234042 285.0704574031796 1589.329 7.509 108.4057691082802 628
# stats: dump at 1615369957
stats: users 64 64
stats: {load,"tsung_controller@ip-172-31-50-238"} 1 0.0 0.0 0.0 0.0 0.0 9
stats: {cpu,"tsung_controller@ip-172-31-50-238"} 1 0.8504252126063032 0.0 2.104103917127803 0.24975024975024976 0.74450696389795 9
stats: {freemem,"tsung_controller@ip-172-31-50-238"} 1 652.953125 0.0 661.63671875 652.953125 658.2456597222222 9
stats: session 4 2913.5877499999997 339.2187645991703 5849.556 1308.819 2491.6169411764704 204
stats: users_count 65 272
stats: finish_users_count 4 208
stats: request 139 664.4988561151081 545.5043196902283 2071.513 7.509 111.06279449360864 1017
stats: connect 65 1.1561538461538459 0.16849654009405848 13.361 0.898 1.456632850241546 207
stats: page 130 691.9463615384614 540.2489863156688 2071.513 7.509 138.46335416666662 816
stats: 302 53 461
stats: 200 86 695
stats: match 9 210
stats: size_rcv 346232 3032230
stats: newphase 1 3
stats: size_sent 87144 682287
stats: connected 58 64
# stats: dump at 1615369967
stats: users 52 75
stats: {load,"tsung_controller@ip-172-31-50-238"} 1 0.0 0.0 0.0 0.0 0.0 10
stats: {cpu,"tsung_controller@ip-172-31-50-238"} 1 0.6006006006006006 0.0 2.104103917127803 0.24975024975024976 0.7550987887687853 10
stats: {freemem,"tsung_controller@ip-172-31-50-238"} 1 643.3828125 0.0 661.63671875 643.3828125 657.71640625 10
stats: session 73 8280.344493150686 1356.262087563524 11901.831 1308.819 2499.731764423077 208
stats: users_count 61 333
stats: finish_users_count 73 281
stats: connect 60 1.3037500000000004 0.6050502355176801 13.361 0.898 1.384827205882353 272
stats: 302 143 604
stats: request 355 1444.4174225352115 581.4072915075042 2997.787 7.509 177.60917214532873 1156
stats: 200 212 907
stats: match 75 285
stats: page 280 1806.3207964285714 889.1630987710045 5180.624 7.509 214.52338689217754 946
stats: size_rcv 1106878 4139108
stats: newphase 0 3
stats: size_sent 213234 895521
stats: connected -12 52
# stats: dump at 1615369977
stats: users 63 75
stats: {load,"tsung_controller@ip-172-31-50-238"} 1 0.0 0.0 0.0 0.0 0.0 11
stats: {cpu,"tsung_controller@ip-172-31-50-238"} 1 1.3527054108216432 0.0 2.104103917127803 0.24975024975024976 0.7410534989353139 11
stats: {freemem,"tsung_controller@ip-172-31-50-238"} 1 640.125 0.0 661.63671875 640.125 656.4133522727273 11
stats: session 66 7218.544454545453 1737.7589501164746 11901.831 1308.819 4001.4567793594306 281
stats: users_count 77 410
stats: finish_users_count 66 347
stats: connect 78 1.2258076923076926 0.5304023160431197 13.361 0.894 1.3701746987951808 332
stats: request 351 967.3572849002841 490.3220021665209 3065.283 7.509 475.23784778292526 1511
stats: page 280 1200.1580071428566 777.0879899160066 5180.624 7.509 578.0660252854811 1226
stats: 302 144 748
stats: 200 207 1114
stats: match 71 356
stats: size_rcv 1036193 5175301
stats: newphase 0 3
stats: size_sent 207990 1103511
stats: connected 13 65
# stats: dump at 1615369987
stats: users 144 144
stats: {load,"tsung_controller@ip-172-31-50-238"} 1 0.0 0.0 0.0 0.0 0.0 12
stats: {cpu,"tsung_controller@ip-172-31-50-238"} 1 1.5515515515515517 0.0 2.104103917127803 0.24975024975024976 0.7920244915925081 12
stats: {freemem,"tsung_controller@ip-172-31-50-238"} 1 636.12109375 0.0 661.63671875 636.12109375 655.0559895833334 12
stats: session 58 8559.684344827585 1253.1285844893691 11901.831 1308.819 4613.352417867435 347
stats: users_count 139 549
stats: finish_users_count 58 405
stats: request 342 1603.7983888888891 655.6419898522595 3376.997 7.509 568.005797529538 1862
stats: page 285 1901.318845614036 921.0022799009844 5180.624 7.509 693.7272171314739 1506
stats: connect 137 1.4383868613138684 1.8805498506684881 22.024 0.894 1.3427097560975612 410
stats: 302 126 874
stats: 200 216 1330
stats: match 57 413
stats: size_rcv 977344 6152645
stats: newphase 1 4
stats: size_sent 209749 1313260
stats: connected 78 143
# stats: dump at 1615369997
stats: users 227 236
stats: {load,"tsung_controller@ip-172-31-50-238"} 1 0.0 0.0 0.0 0.0 0.0 13
stats: {cpu,"tsung_controller@ip-172-31-50-238"} 1 1.3052208835341366 0.0 2.104103917127803 0.24975024975024976 0.850449650050896 13
stats: {freemem,"tsung_controller@ip-172-31-50-238"} 1 620.984375 0.0 661.63671875 620.984375 653.5994591346154 13
stats: session 78 9231.205717948716 5083.5118835421445 19140.269 1102.782 5178.506125925926 405
stats: users_count 161 710
stats: finish_users_count 78 483
stats: request 478 2620.7733828451906 2525.5198619418247 7039.855 0.587 728.7322341197821 2204
stats: connect 158 1.315063291139241 1.4196189481757233 22.024 0.876 1.3666727605118831 547
stats: page 401 3019.471618453868 2686.1038536547394 10580.753 0.587 885.8900390843105 1791
stats: 302 98 972
stats: match_stop 55 55
stats: 200 162 1492
stats: match 22 435
stats: size_rcv 832275 6984920
stats: newphase 0 4
stats: 502 218 218
stats: nomatch 55 55
stats: size_sent 231457 1544717
stats: connected 83 226
# stats: dump at 1615370007
stats: users 228 239
stats: {load,"tsung_controller@ip-172-31-50-238"} 1 0.078125 0.0 0.078125 0.0 0.0 14
stats: {cpu,"tsung_controller@ip-172-31-50-238"} 1 1.8583626318432949 0.0 2.104103917127803 0.24975024975024976 0.8829333095854132 14
stats: {freemem,"tsung_controller@ip-172-31-50-238"} 1 604.5 0.0 661.63671875 604.5 651.2698102678571 14
stats: session 146 10508.218671232871 7715.600748034897 26376.248 1026.681 5832.979351966873 483
stats: users_count 147 857
stats: finish_users_count 146 629
stats: connect 150 1.307906666666667 0.6830786225773884 22.024 0.876 1.3551063829787235 705
stats: request 712 2645.5988792134835 3411.6867037005736 8716.294 0.581 1065.9416558538408 2682
stats: page 551 3195.4921923774973 3929.226820918246 15028.498 0.581 1276.2030926094897 2192
stats: 302 119 1091
stats: match_stop 120 175
stats: 200 150 1642
stats: match 41 476
stats: size_rcv 1061312 8046232
stats: newphase 0 4
stats: 502 443 661
stats: nomatch 120 175
stats: size_sent 284775 1829492
stats: connected 4 230
# stats: dump at 1615370017
stats: users 255 260
stats: {load,"tsung_controller@ip-172-31-50-238"} 1 0.0703125 0.0 0.078125 0.0 0.005208333333333333 15
stats: {cpu,"tsung_controller@ip-172-31-50-238"} 1 2.303455182774161 0.0 2.303455182774161 0.24975024975024976 0.9479619310692721 15
stats: {freemem,"tsung_controller@ip-172-31-50-238"} 1 604.70703125 0.0 661.63671875 604.5 648.1518229166667 15
stats: session 236 12475.617940677963 9905.527778757525 30833.855 1008.728 6918.170036565976 629
stats: users_count 263 1120
stats: finish_users_count 236 865
stats: request 1037 2126.1567608486034 2788.2863666161606 8716.294 0.565 1397.3252572186216 3394
stats: connect 261 1.1723754789272027 0.23752553565537352 22.024 0.876 1.346825730994152 855
stats: page 800 2858.782656249997 3827.9801688559805 16769.308 0.565 1661.7402030623414 2743
stats: 302 154 1245
stats: match_stop 151 326
stats: 200 262 1904
stats: match 86 562
stats: size_rcv 1706841 9753073
stats: newphase 1 5
stats: 502 621 1282
stats: nomatch 151 326
stats: size_sent 383575 2213067
stats: connected 23 253
# stats: dump at 1615370027
stats: users 265 275
stats: {load,"tsung_controller@ip-172-31-50-238"} 1 0.05859375 0.0 0.078125 0.0 0.00927734375 16
stats: {cpu,"tsung_controller@ip-172-31-50-238"} 1 4.15207603801901 0.0 4.15207603801901 0.24975024975024976 1.0326802593008275 16
stats: {freemem,"tsung_controller@ip-172-31-50-238"} 1 603.56640625 0.0 661.63671875 603.56640625 645.4365234375 16
stats: session 349 7953.316518624642 8823.698238977802 35664.343 1008.728 8434.421719075142 865
stats: users_count 359 1479
stats: finish_users_count 349 1214
stats: request 1442 1282.5254431345368 2497.5096602230574 8716.294 0.565 1567.895843827579 4431
stats: connect 362 1.1778646408839775 0.344284261836971 22.024 0.876 1.30602688172043 1116
stats: page 1102 1677.6521615245001 3026.299502919768 16769.308 0.565 1932.0292130962462 3543
stats: 302 124 1369
stats: match_stop 292 618
stats: 200 186 2090
stats: match 48 610
stats: size_rcv 1391805 11144878
stats: newphase 0 5
stats: 502 1132 2414
stats: nomatch 292 618
stats: size_sent 443846 2656913
stats: connected 15 268
# stats: dump at 1615370037
stats: users 260 275
stats: {load,"tsung_controller@ip-172-31-50-238"} 1 0.12890625 0.0 0.12890625 0.0 0.012178308823529412 17
stats: {cpu,"tsung_controller@ip-172-31-50-238"} 1 5.387713997985901 0.0 5.387713997985901 0.24975024975024976 1.2161741286371912 17
stats: {freemem,"tsung_controller@ip-172-31-50-238"} 1 600.62109375 0.0 661.63671875 600.62109375 642.9735753676471 17
stats: session 301 7801.9800830564745 7586.800762418396 35775.691 1008.728 8296.113881383853 1214
stats: users_count 296 1775
stats: finish_users_count 301 1515
stats: request 1283 1444.1894715510512 2521.9648143366076 8716.294 0.562 1497.8287371019928 5873
stats: connect 290 1.1990862068965527 0.4064571099434026 22.024 0.876 1.2746366711772663 1478
stats: page 982 1869.2982097759657 3018.1484288632073 16769.308 0.562 1871.6796951560818 4645
stats: 302 121 1490
stats: match_stop 251 869
stats: 200 206 2296
stats: match 50 660
stats: size_rcv 1740394 12885272
stats: newphase 0 5
stats: 502 956 3370
stats: nomatch 251 869
stats: size_sent 425911 3082824
stats: connected -8 260
# stats: dump at 1615370047
stats: users 319 328
stats: {load,"tsung_controller@ip-172-31-50-238"} 1 0.109375 0.0 0.12890625 0.0 0.018663194444444444 18
stats: {cpu,"tsung_controller@ip-172-31-50-238"} 1 4.754754754754755 0.0 5.387713997985901 0.24975024975024976 1.4479263436010086 18
stats: {freemem,"tsung_controller@ip-172-31-50-238"} 1 594.51171875 0.0 661.63671875 594.51171875 640.6206597222222 18
stats: session 458 6937.870117903937 7498.008318390095 35775.691 1008.728 8197.939443564355 1515
stats: users_count 517 2292
stats: finish_users_count 458 1973
stats: request 1995 1023.7110060150401 2152.4005869810303 8716.294 0.558 1488.2117474846286 7156
stats: connect 517 1.2133384912959364 0.5160106077584002 22.024 0.876 1.2622443438914026 1768
stats: page 1533 1346.784236138288 2703.8501810795638 16769.308 0.558 1871.2640885018657 5627
stats: 302 151 1641
stats: match_stop 383 1252
stats: 200 233 2529
stats: match 79 739
stats: size_rcv 2012223 14897495
stats: newphase 1 6
stats: 502 1611 4981
stats: nomatch 383 1252
stats: size_sent 586353 3669177
stats: connected 56 316
# stats: dump at 1615370057
stats: users 324 335
stats: {load,"tsung_controller@ip-172-31-50-238"} 1 0.08984375 0.0 0.12890625 0.0 0.0234375 19
stats: {cpu,"tsung_controller@ip-172-31-50-238"} 1 7.580321285140562 0.0 7.580321285140562 0.24975024975024976 1.6219699441880477 19
stats: {freemem,"tsung_controller@ip-172-31-50-238"} 1 602.484375 0.0 661.63671875 594.51171875 638.1938733552631 19
stats: session 630 5112.268557142845 6055.573353974534 35775.691 1006.615 7905.434754688293 1973
stats: users_count 635 2927
stats: finish_users_count 630 2603
stats: request 2586 718.6426163959786 1843.9919922980002 8716.294 0.558 1386.9464235602672 9151
stats: connect 637 1.1652919937205657 0.6655656930910204 22.024 0.757 1.251178993435448 2285
stats: page 1963 952.5661732042774 2257.743515669107 16769.308 0.558 1758.9697290502786 7160
stats: 302 139 1780
stats: match_stop 559 1811
stats: 200 217 2746
stats: match 64 803
stats: size_rcv 1992629 16890124
stats: newphase 0 6
stats: 502 2230 7211
stats: nomatch 559 1811
stats: size_sent 696632 4365809
stats: connected 9 325
# stats: dump at 1615370067
stats: users 317 336
stats: {load,"tsung_controller@ip-172-31-50-238"} 1 0.078125 0.0 0.12890625 0.0 0.0267578125 20
stats: {cpu,"tsung_controller@ip-172-31-50-238"} 1 8.682483594144372 0.0 8.682483594144372 0.24975024975024976 1.9198875112356735 20
stats: {freemem,"tsung_controller@ip-172-31-50-238"} 1 608.23046875 0.0 661.63671875 594.51171875 636.4083984375 20
stats: session 617 5342.3304991896275 5571.91618582119 35775.691 1006.615 7229.4091286976545 2603
stats: users_count 610 3537
stats: finish_users_count 617 3220
stats: request 2539 809.1831685703013 2081.297073756779 8716.294 0.554 1239.6997979040646 11737
stats: connect 611 1.146124386252044 0.52095641389921 22.024 0.757 1.2324555099247088 2922
stats: page 1923 1087.1102693707699 2484.792335326113 16769.308 0.554 1585.455514414117 9123
stats: 302 127 1907
stats: match_stop 561 2372
stats: 200 222 2968
stats: match 55 858
stats: size_rcv 2313413 19203537
stats: newphase 0 6
stats: 502 2190 9401
stats: nomatch 561 2372
stats: size_sent 694064 5059873
stats: connected -10 315
# stats: dump at 1615370077
stats: users 451 461
stats: {load,"tsung_controller@ip-172-31-50-238"} 1 0.140625 0.0 0.140625 0.0 0.029203869047619048 21
stats: {cpu,"tsung_controller@ip-172-31-50-238"} 1 9.081786251881585 0.0 9.081786251881585 0.24975024975024976 2.2419158961360877 21
stats: {freemem,"tsung_controller@ip-172-31-50-238"} 1 607.36328125 0.0 661.63671875 594.51171875 635.0665922619048 21
stats: session 889 4328.7396546681575 4821.291835626208 35775.691 1006.615 6867.816732919253 3220
stats: users_count 1023 4560
stats: finish_users_count 889 4109
stats: page 2977 628.1754538125622 1854.8173067360342 16769.308 0.554 1498.6985067897865 11046
stats: 302 146 2053
stats: request 3861 485.22416601916507 1547.8600595062146 8716.294 0.554 1163.1320112776689 14276
stats: connect 1022 1.1447759295499016 0.5484901850175032 22.024 0.757 1.2175253325785447 3533
stats: match_stop 811 3183
stats: 200 215 3183
stats: match 73 931
stats: size_rcv 2630321 21833858
stats: newphase 1 7
stats: 502 3500 12901
stats: nomatch 811 3183
stats: size_sent 957834 6017707
stats: connected 139 454
# stats: dump at 1615370087
stats: users 446 472
stats: {load,"tsung_controller@ip-172-31-50-238"} 1 0.19921875 0.0 0.19921875 0.0 0.03426846590909091 22
stats: {cpu,"tsung_controller@ip-172-31-50-238"} 1 14.500752634219769 0.0 14.500752634219769 0.24975024975024976 2.5528190941245197 22
stats: {freemem,"tsung_controller@ip-172-31-50-238"} 1 597.46484375 0.0 661.63671875 594.51171875 633.8073508522729 22
stats: session 1259 3666.8274432088933 3885.466237234327 35775.691 1006.615 6318.4763769773635 4109
stats: users_count 1254 5814
stats: finish_users_count 1259 5368
stats: request 5152 374.31951261645884 1271.3155001203568 8716.294 0.554 1018.8191596184594 18137
stats: connect 1252 1.0800806709265176 0.2931323710249021 22.024 0.757 1.2012026344676174 4555
stats: page 3889 498.7109280020553 1549.5472522418634 16769.308 0.554 1313.891608928188 14023
stats: 302 163 2216
stats: match_stop 1167 4350
stats: 200 273 3456
stats: match 96 1027
stats: size_rcv 3357057 25190915
stats: newphase 0 7
stats: 502 4716 17617
stats: nomatch 1167 4350
stats: size_sent 1266219 7283926
stats: connected -12 442
# stats: dump at 1615370097
stats: users 433 488
stats: {load,"tsung_controller@ip-172-31-50-238"} 1 0.23828125 0.0 0.23828125 0.0 0.041440217391304345 23
stats: {cpu,"tsung_controller@ip-172-31-50-238"} 1 17.91044776119403 0.0 17.91044776119403 0.24975024975024976 3.0722944654330084 23
stats: {freemem,"tsung_controller@ip-172-31-50-238"} 1 594.31640625 0.0 661.63671875 594.31640625 632.2272418478262 23
stats: session 1248 3581.440563301281 3401.9871758224313 35775.691 1006.532 5696.563931445601 5368
stats: users_count 1235 7049
stats: finish_users_count 1248 6616
stats: connect 1242 1.287971819645734 1.508730840943339 22.024 0.757 1.1750885138625793 5807
stats: 302 165 2381
stats: request 5062 401.7865545239041 1316.5601462974853 8716.294 0.554 876.2427423676411 23289
stats: page 3809 531.4173289577337 1563.3961492078065 16769.308 0.554 1136.9020115564967 17912
stats: match_stop 1157 5507
stats: 200 285 3741
stats: match 96 1123
stats: size_rcv 3539091 28730006
stats: newphase 0 7
stats: 502 4612 22229
stats: nomatch 1157 5507
stats: size_sent 1246042 8529968
stats: connected -8 434
# stats: dump at 1615370107
stats: users 180 488
stats: {load,"tsung_controller@ip-172-31-50-238"} 1 0.3515625 0.0 0.3515625 0.0 0.049641927083333336 24
stats: {cpu,"tsung_controller@ip-172-31-50-238"} 1 18.181818181818183 0.0 18.181818181818183 0.24975024975024976 3.6905508527563846 24
stats: {freemem,"tsung_controller@ip-172-31-50-238"} 1 595.8203125 0.0 661.63671875 594.31640625 630.6476236979169 24
stats: session 680 3954.6033264705848 3880.423588846061 35775.691 1006.528 5297.580563331316 6616
stats: users_count 427 7476
stats: finish_users_count 680 7296
stats: request 2416 730.1640339403979 1789.7505457365478 8716.294 0.554 791.5297790554123 28351
stats: connect 427 1.1365081967213102 0.6076133999870483 22.024 0.757 1.1949780110653994 7049
stats: page 1727 981.903262304573 2139.7930142571463 16769.308 0.554 1030.7240659730205 21721
stats: 302 146 2527
stats: match_stop 611 6118
stats: 200 222 3963
stats: match 78 1201
stats: size_rcv 2354403 31084409
stats: newphase 0 7
stats: 502 2048 24277
stats: nomatch 611 6118
stats: size_sent 683646 9213614
stats: connected -242 192
# stats: dump at 1615370116
stats: users 0 488
stats: {load,"tsung_controller@ip-172-31-50-238"} 1 0.30078125 0.0 0.3515625 0.0 0.06171875 25
stats: {cpu,"tsung_controller@ip-172-31-50-238"} 1 6.706706706706707 0.0 18.181818181818183 0.24975024975024976 4.270201545918857 25
stats: {freemem,"tsung_controller@ip-172-31-50-238"} 1 594.06640625 0.0 661.63671875 594.06640625 629.2545312500001 25
stats: session 180 15177.13611111111 2748.8457566383618 35775.691 1006.528 5172.412728755479 7296
stats: users_count 0 7476
stats: finish_users_count 180 7476
stats: request 495 2599.466933333338 2172.0946669635264 8716.294 0.554 786.7109913868754 30767
stats: page 338 4151.283653846158 2579.6541664251727 16769.308 0.554 1027.128299684407 23448
stats: connect 0 0 0 22.024 0.757 1.1916384430176563 7476
stats: 302 197 2724
stats: match_stop 0 6118
stats: 200 298 4261
stats: match 157 1358
stats: size_rcv 1887838 32972247
stats: newphase 0 7
stats: 502 0 24277
stats: nomatch 0 6118
stats: size_sent 229197 9442811
stats: connected -192 0
EndMonitor:{1615,370116,137359}
