
=INFO REPORT==== 11-Mar-2021::01:54:24 ===
    ts_config_server:(5:<0.127.0>) Config server started, logdir is "/home/ec2-user/.tsung/log/20210311-0154"
 
=INFO REPORT==== 11-Mar-2021::01:54:24 ===
              ts_mon:(5:<0.110.0>) starting monitor, global 

=INFO REPORT==== 11-Mar-2021::01:54:24 ===
           ts_config:(5:<0.127.0>) Reading config file: tsung_comment.xml

=INFO REPORT==== 11-Mar-2021::01:54:24 ===
           ts_config:(5:<0.127.0>) Session name for id 1 is "comment_test"

=INFO REPORT==== 11-Mar-2021::01:54:24 ===
    ts_config_server:(4:<0.127.0>) SYSINFO:Tsung version: 1.7.0

=INFO REPORT==== 11-Mar-2021::01:54:24 ===
    ts_config_server:(4:<0.127.0>) SYSINFO:Erlang version: Erlang/OTP 22 [erts-10.6] [source] [64-bit] [smp:2:2] [ds:2:2:10] [async-threads:8] [hipe]


=INFO REPORT==== 11-Mar-2021::01:54:24 ===
    ts_config_server:(4:<0.127.0>) SYSINFO:System architecture x86_64-redhat-linux-gnu

=INFO REPORT==== 11-Mar-2021::01:54:24 ===
    ts_config_server:(4:<0.127.0>) SYSINFO:Current path: /usr/lib/tsung/tsung-1.7.0/ebin/tsung.beam

=INFO REPORT==== 11-Mar-2021::01:54:25 ===
              ts_mon:(5:<0.128.0>) Activate clients with text backend

=INFO REPORT==== 11-Mar-2021::01:54:25 ===
              ts_mon:(5:<0.128.0>) Starting tsung clients on hosts: [localhost]

=INFO REPORT==== 11-Mar-2021::01:54:25 ===
    ts_config_server:(5:<0.127.0>) Start a launcher on the controller beam localhost

=INFO REPORT==== 11-Mar-2021::01:54:25 ===
         ts_launcher:(5:<0.183.0>) Launch msg receive ("localhost")

=INFO REPORT==== 11-Mar-2021::01:54:25 ===
  ts_launcher_static:(5:<0.182.0>) Launch msg receive ("localhost")

=INFO REPORT==== 11-Mar-2021::01:54:25 ===
    ts_config_server:(5:<0.127.0>) New arrival phase 1 for client "localhost" (last ? true): will start 30 users

=INFO REPORT==== 11-Mar-2021::01:54:25 ===
    ts_config_server:(5:<0.127.0>) New arrival phase 2 for client "localhost" (last ? true): will start 60 users

=INFO REPORT==== 11-Mar-2021::01:54:25 ===
    ts_config_server:(5:<0.127.0>) New arrival phase 3 for client "localhost" (last ? true): will start 120 users

=INFO REPORT==== 11-Mar-2021::01:54:25 ===
    ts_config_server:(5:<0.127.0>) New arrival phase 4 for client "localhost" (last ? true): will start 240 users

=INFO REPORT==== 11-Mar-2021::01:54:25 ===
    ts_config_server:(5:<0.127.0>) New arrival phase 5 for client "localhost" (last ? true): will start 480 users

=INFO REPORT==== 11-Mar-2021::01:54:25 ===
    ts_config_server:(5:<0.127.0>) New arrival phase 6 for client "localhost" (last ? true): will start 960 users

=INFO REPORT==== 11-Mar-2021::01:54:25 ===
    ts_config_server:(5:<0.127.0>) New arrival phase 7 for client "localhost" (last ? true): will start 1920 users

=INFO REPORT==== 11-Mar-2021::01:54:25 ===
    ts_config_server:(5:<0.127.0>) New arrival phase 8 for client "localhost" (last ? true): will start 3840 users

=INFO REPORT==== 11-Mar-2021::01:54:25 ===
         ts_launcher:(5:<0.183.0>) Expected duration of first phase: 30.0 sec (30 users) 

=INFO REPORT==== 11-Mar-2021::01:54:25 ===
         ts_launcher:(5:<0.183.0>) Activate launcher (30 users) in 1750 msec 

=INFO REPORT==== 11-Mar-2021::01:54:56 ===
         ts_launcher:(5:<0.183.0>) Phase duration exceeded, but not all users were launched (7 users, 23.3% of phase)

=INFO REPORT==== 11-Mar-2021::01:54:56 ===
         ts_launcher:(5:<0.183.0>) Start a new arrival phase (60 users, 0.002); expected duration=30.0 sec

=INFO REPORT==== 11-Mar-2021::01:55:26 ===
         ts_launcher:(5:<0.183.0>) Phase duration exceeded, but not all users were launched (3 users, 5.0% of phase)

=INFO REPORT==== 11-Mar-2021::01:55:26 ===
         ts_launcher:(5:<0.183.0>) Start a new arrival phase (120 users, 0.004); expected duration=30.0 sec

=INFO REPORT==== 11-Mar-2021::01:55:56 ===
         ts_launcher:(4:<0.183.0>) Need to wait 0.017 sec before changing phase, going to sleep

=INFO REPORT==== 11-Mar-2021::01:55:56 ===
         ts_launcher:(5:<0.183.0>) Waking up

=INFO REPORT==== 11-Mar-2021::01:55:56 ===
         ts_launcher:(5:<0.183.0>) Start a new arrival phase (240 users, 0.008); expected duration=30.0 sec

=INFO REPORT==== 11-Mar-2021::01:56:27 ===
         ts_launcher:(5:<0.183.0>) Phase duration exceeded, but not all users were launched (21 users, 8.8% of phase)

=INFO REPORT==== 11-Mar-2021::01:56:27 ===
         ts_launcher:(5:<0.183.0>) Start a new arrival phase (480 users, 0.016); expected duration=30.0 sec

=INFO REPORT==== 11-Mar-2021::01:56:57 ===
         ts_launcher:(4:<0.183.0>) Need to wait 0.071 sec before changing phase, going to sleep

=INFO REPORT==== 11-Mar-2021::01:56:57 ===
         ts_launcher:(5:<0.183.0>) Waking up

=INFO REPORT==== 11-Mar-2021::01:56:57 ===
         ts_launcher:(5:<0.183.0>) Start a new arrival phase (960 users, 0.032); expected duration=30.0 sec

=INFO REPORT==== 11-Mar-2021::01:57:27 ===
         ts_launcher:(5:<0.183.0>) Phase duration exceeded, but not all users were launched (23 users, 2.4% of phase)

=INFO REPORT==== 11-Mar-2021::01:57:27 ===
         ts_launcher:(5:<0.183.0>) Start a new arrival phase (1920 users, 0.064); expected duration=30.0 sec

=INFO REPORT==== 11-Mar-2021::01:57:47 ===
           ts_client:(5:<0.2405.0>) connection close while sending message!

=INFO REPORT==== 11-Mar-2021::01:57:47 ===
           ts_client:(5:<0.2405.0>) Server must have closed connection upon us, waiting 10 msec

=INFO REPORT==== 11-Mar-2021::01:57:57 ===
         ts_launcher:(5:<0.183.0>) Phase duration exceeded, but not all users were launched (44 users, 2.3% of phase)

=INFO REPORT==== 11-Mar-2021::01:57:57 ===
         ts_launcher:(5:<0.183.0>) Start a new arrival phase (3840 users, 0.128); expected duration=30.0 sec

=INFO REPORT==== 11-Mar-2021::01:58:27 ===
         ts_launcher:(5:<0.183.0>) Phase duration exceeded, but not all users were launched (17 users, 0.4% of phase)

=INFO REPORT==== 11-Mar-2021::01:58:27 ===
         ts_launcher:(5:<0.183.0>) This was the last phase, wait for connected users to finish their session

=INFO REPORT==== 11-Mar-2021::01:58:27 ===
     ts_launcher_mgr:(5:<0.176.0>) Still 1077 active client(s)

=INFO REPORT==== 11-Mar-2021::01:59:27 ===
     ts_launcher_mgr:(5:<0.176.0>) No more active users 'tsung_controller@ip-172-31-45-17' "496"
