# timestamp userid sessionid requestid event transaction name
1615441064.108933 2536 1 21 match_stop - -
1615441064.247226 2588 1 21 match_stop - -
1615441064.303903 2622 1 21 match_stop - -
1615441064.353098 2653 1 21 match_stop - -
1615441064.381163 2659 1 21 match_stop - -
1615441064.440789 2602 1 21 match_stop - -
1615441064.443753 2605 1 21 match_stop - -
1615441064.469177 2594 1 21 match_stop - -
1615441064.548968 2537 1 21 match_stop - -
1615441064.677668 2640 1 21 match_stop - -
1615441064.684184 2670 1 21 match_stop - -
1615441065.032189 2726 1 21 match_stop - -
1615441065.047905 2655 1 21 match_stop - -
1615441065.252028 2664 1 21 match_stop - -
1615441065.252482 2671 1 21 match_stop - -
1615441065.343499 2680 1 21 match_stop - -
1615441065.449738 2702 1 21 match_stop - -
1615441065.490056 2772 1 21 match_stop - -
1615441065.491936 2751 1 21 match_stop - -
1615441065.498186 2574 1 21 match_stop - -
1615441065.506753 2765 1 21 match_stop - -
1615441065.595817 2719 1 21 match_stop - -
1615441065.756517 2550 1 21 match_stop - -
1615441065.758552 2746 1 21 match_stop - -
1615441065.845924 2633 1 21 match_stop - -
1615441065.860059 2762 1 21 match_stop - -
1615441065.932388 2736 1 21 match_stop - -
1615441065.959168 2971 1 21 match_stop - -
1615441065.994578 2801 1 21 match_stop - -
1615441066.076139 2689 1 21 match_stop - -
1615441066.302907 2721 1 21 match_stop - -
1615441066.319018 2753 1 21 match_stop - -
1615441066.363943 2654 1 21 match_stop - -
1615441066.372329 2668 1 21 match_stop - -
1615441066.398066 2767 1 21 match_stop - -
1615441066.401775 2641 1 21 match_stop - -
1615441066.412774 2780 1 21 match_stop - -
1615441066.449760 2820 1 21 match_stop - -
1615441066.475421 2722 1 21 match_stop - -
1615441066.486148 2760 1 21 match_stop - -
1615441066.522153 2667 1 21 match_stop - -
1615441066.525103 2681 1 21 match_stop - -
1615441066.563098 2630 1 21 match_stop - -
1615441066.582135 2778 1 21 match_stop - -
1615441066.588052 3034 1 21 match_stop - -
1615441066.627776 2744 1 21 match_stop - -
1615441066.648950 2697 1 21 match_stop - -
1615441066.672763 2691 1 21 match_stop - -
1615441066.680803 2821 1 21 match_stop - -
1615441066.725915 2704 1 21 match_stop - -
1615441067.199697 2733 1 21 match_stop - -
1615441067.204703 2766 1 21 match_stop - -
1615441067.206826 2809 1 21 match_stop - -
1615441067.211870 3032 1 21 match_stop - -
1615441067.217516 2673 1 21 match_stop - -
1615441067.276897 2771 1 21 match_stop - -
1615441067.448007 3053 1 21 match_stop - -
1615441067.471394 2776 1 21 match_stop - -
1615441067.914908 3044 1 21 match_stop - -
1615441067.936868 2699 1 21 match_stop - -
1615441067.941654 2923 1 21 match_stop - -
1615441068.018490 2843 1 21 match_stop - -
1615441068.032211 2904 1 21 match_stop - -
1615441068.033031 2857 1 21 match_stop - -
1615441068.044845 2734 1 21 match_stop - -
1615441068.082677 2841 1 21 match_stop - -
1615441068.174852 3126 1 21 match_stop - -
1615441068.272700 2910 1 21 match_stop - -
1615441068.282760 2795 1 21 match_stop - -
1615441068.288614 2708 1 21 match_stop - -
1615441068.300806 2896 1 21 match_stop - -
1615441068.325613 3073 1 21 match_stop - -
1615441068.403779 2914 1 21 match_stop - -
1615441068.426177 2810 1 21 match_stop - -
1615441068.532723 2806 1 21 match_stop - -
1615441068.535838 2846 1 21 match_stop - -
1615441068.541774 2883 1 21 match_stop - -
1615441068.581889 2823 1 21 match_stop - -
1615441068.671711 2851 1 21 match_stop - -
1615441068.681847 2850 1 21 match_stop - -
1615441068.691757 2895 1 21 match_stop - -
1615441068.779804 3157 1 21 match_stop - -
1615441068.882814 3108 1 21 match_stop - -
1615441068.904090 2817 1 21 match_stop - -
1615441068.937746 2873 1 21 match_stop - -
1615441068.972192 3077 1 21 match_stop - -
1615441068.990992 2939 1 21 match_stop - -
1615441068.991879 3133 1 21 match_stop - -
1615441068.998614 3179 1 21 match_stop - -
1615441069.050669 3031 1 21 match_stop - -
1615441069.063675 2891 1 21 match_stop - -
1615441069.171078 3125 1 21 match_stop - -
1615441069.195743 2790 1 21 match_stop - -
1615441069.226669 3216 1 21 match_stop - -
1615441069.285976 2875 1 21 match_stop - -
1615441069.296818 2830 1 21 match_stop - -
1615441069.577965 2991 1 21 match_stop - -
1615441069.659709 2864 1 21 match_stop - -
1615441069.700215 2516 1 21 match_stop - -
1615441069.704734 2909 1 21 match_stop - -
1615441069.762177 3225 1 21 match_stop - -
1615441069.838824 2884 1 21 match_stop - -
1615441069.862334 2769 1 21 match_stop - -
1615441069.920844 2898 1 21 match_stop - -
1615441069.932884 2844 1 21 match_stop - -
1615441069.938864 2926 1 21 match_stop - -
1615441069.940781 3229 1 21 match_stop - -
1615441069.948813 3209 1 21 match_stop - -
1615441069.989873 2941 1 21 match_stop - -
1615441070.013941 2871 1 21 match_stop - -
1615441070.015043 2927 1 21 match_stop - -
1615441070.017010 2986 1 21 match_stop - -
1615441070.065309 3247 1 21 match_stop - -
1615441070.273000 3277 1 21 match_stop - -
1615441070.286411 2976 1 21 match_stop - -
1615441070.313891 3206 1 21 match_stop - -
1615441070.348913 2953 1 21 match_stop - -
1615441070.368732 3261 1 21 match_stop - -
1615441070.413817 3215 1 21 match_stop - -
1615441070.428702 2911 1 21 match_stop - -
1615441070.569112 3127 1 21 match_stop - -
1615441070.615819 2917 1 21 match_stop - -
1615441070.802054 3268 1 21 match_stop - -
1615441070.802901 2960 1 21 match_stop - -
1615441070.943872 2969 1 21 match_stop - -
1615441070.972955 2758 1 21 match_stop - -
1615441070.975819 2845 1 21 match_stop - -
1615441070.984786 3248 1 21 match_stop - -
1615441070.986577 3276 1 21 match_stop - -
1615441070.993025 2876 1 21 match_stop - -
1615441071.050839 3015 1 21 match_stop - -
1615441071.056152 3230 1 21 match_stop - -
1615441071.178944 2977 1 21 match_stop - -
1615441071.359147 2957 1 21 match_stop - -
1615441071.376788 2992 1 21 match_stop - -
1615441071.509629 3263 1 21 match_stop - -
1615441071.522919 2990 1 21 match_stop - -
1615441071.555422 3267 1 21 match_stop - -
1615441071.861958 3338 1 21 match_stop - -
1615441071.871832 3299 1 21 match_stop - -
1615441071.905068 2901 1 21 match_stop - -
1615441072.059820 3081 1 21 match_stop - -
1615441072.063896 3013 1 21 match_stop - -
1615441072.113888 2995 1 21 match_stop - -
1615441072.122017 3243 1 21 match_stop - -
1615441072.122766 3278 1 21 match_stop - -
1615441072.124370 3002 1 21 match_stop - -
1615441072.133158 3048 1 21 match_stop - -
1615441072.174940 3024 1 21 match_stop - -
1615441072.206923 3101 1 21 match_stop - -
1615441072.209960 3118 1 21 match_stop - -
1615441072.211737 3366 1 21 match_stop - -
1615441072.213745 3070 1 21 match_stop - -
1615441072.509939 3368 1 21 match_stop - -
1615441072.511850 3379 1 21 match_stop - -
1615441073.359177 3130 1 21 match_stop - -
1615441073.366113 3151 1 21 match_stop - -
1615441073.372535 3071 1 21 match_stop - -
1615441073.396673 3001 1 21 match_stop - -
1615441073.492218 2928 1 21 match_stop - -
1615441073.586635 3265 1 21 match_stop - -
1615441073.644112 3259 1 21 match_stop - -
1615441073.774476 3134 1 21 match_stop - -
1615441073.888208 3004 1 21 match_stop - -
1615441073.927772 3128 1 21 match_stop - -
1615441074.243886 3161 1 21 match_stop - -
1615441074.283807 2994 1 21 match_stop - -
1615441074.314379 3111 1 21 match_stop - -
1615441074.329699 3158 1 21 match_stop - -
1615441074.344842 3082 1 21 match_stop - -
1615441074.354164 3309 1 21 match_stop - -
1615441074.357587 3461 1 21 match_stop - -
1615441074.365633 3480 1 21 match_stop - -
1615441074.371963 3104 1 21 match_stop - -
1615441074.391356 3343 1 21 match_stop - -
1615441074.392994 3129 1 21 match_stop - -
1615441074.457850 3213 1 21 match_stop - -
1615441074.464931 2935 1 21 match_stop - -
1615441074.471781 3232 1 21 match_stop - -
1615441074.575101 3367 1 21 match_stop - -
1615441074.630870 3194 1 21 match_stop - -
1615441074.634752 3478 1 21 match_stop - -
1615441074.641797 3463 1 21 match_stop - -
1615441074.671277 3165 1 21 match_stop - -
1615441074.685147 3457 1 21 match_stop - -
1615441074.687075 3041 1 21 match_stop - -
1615441074.908297 3543 1 21 match_stop - -
1615441074.921080 3249 1 21 match_stop - -
1615441074.940627 3155 1 21 match_stop - -
1615441075.035975 3348 1 21 match_stop - -
1615441075.286915 3288 1 21 match_stop - -
1615441075.291064 3132 1 21 match_stop - -
1615441075.305049 3271 1 21 match_stop - -
1615441075.338610 3589 1 21 match_stop - -
1615441075.694661 3255 1 21 match_stop - -
1615441075.749778 3383 1 21 match_stop - -
1615441075.779206 3200 1 21 match_stop - -
1615441075.793968 3353 1 21 match_stop - -
1615441075.813481 3527 1 21 match_stop - -
1615441075.815206 3586 1 21 match_stop - -
1615441075.888222 3406 1 21 match_stop - -
1615441076.021109 3310 1 21 match_stop - -
1615441076.036090 3139 1 21 match_stop - -
1615441076.058831 3292 1 21 match_stop - -
1615441076.060783 3617 1 21 match_stop - -
1615441076.119756 3287 1 21 match_stop - -
1615441076.135925 3650 1 21 match_stop - -
1615441076.272156 3599 1 21 match_stop - -
1615441076.276840 3592 1 21 match_stop - -
1615441076.293837 3198 1 21 match_stop - -
1615441076.294930 3361 1 21 match_stop - -
1615441076.362368 3244 1 21 match_stop - -
1615441076.367093 3459 1 21 match_stop - -
1615441076.369081 3373 1 21 match_stop - -
1615441076.386762 3567 1 21 match_stop - -
1615441076.540978 3597 1 21 match_stop - -
1615441076.666994 3437 1 21 match_stop - -
1615441076.689190 3172 1 21 match_stop - -
1615441076.719669 3439 1 21 match_stop - -
1615441076.802694 3591 1 21 match_stop - -
1615441076.835135 3429 1 21 match_stop - -
1615441076.847896 3416 1 21 match_stop - -
1615441076.860914 3354 1 21 match_stop - -
1615441076.962887 3601 1 21 match_stop - -
1615441076.985857 3364 1 21 match_stop - -
1615441077.028164 3421 1 21 match_stop - -
1615441077.103304 3422 1 21 match_stop - -
1615441077.107488 3604 1 21 match_stop - -
1615441077.124200 3272 1 21 match_stop - -
1615441077.171963 3718 1 21 match_stop - -
1615441077.194447 3186 1 21 match_stop - -
1615441077.268826 3473 1 21 match_stop - -
1615441077.299247 3423 1 21 match_stop - -
1615441077.315052 3689 1 21 match_stop - -
1615441077.336947 3349 1 21 match_stop - -
1615441077.351989 3600 1 21 match_stop - -
1615441077.392301 3714 1 21 match_stop - -
1615441077.405131 3376 1 21 match_stop - -
1615441077.414782 3313 1 21 match_stop - -
1615441077.431121 3340 1 21 match_stop - -
1615441077.455874 3645 1 21 match_stop - -
1615441077.481670 3359 1 21 match_stop - -
1615441077.482762 3441 1 21 match_stop - -
1615441077.489956 3769 1 21 match_stop - -
1615441077.508848 3649 1 21 match_stop - -
1615441077.513168 3694 1 21 match_stop - -
1615441077.562010 3448 1 21 match_stop - -
1615441077.607865 3397 1 21 match_stop - -
1615441077.609838 3765 1 21 match_stop - -
1615441077.643524 3390 1 21 match_stop - -
1615441077.645049 3415 1 21 match_stop - -
1615441077.867893 3385 1 21 match_stop - -
1615441077.972518 3544 1 21 match_stop - -
1615441078.076697 3798 1 21 match_stop - -
1615441078.146227 3568 1 21 match_stop - -
1615441078.161860 3612 1 21 match_stop - -
1615441078.179810 3297 1 21 match_stop - -
1615441078.187150 3308 1 21 match_stop - -
1615441078.206081 3317 1 21 match_stop - -
1615441078.211811 3800 1 21 match_stop - -
1615441078.224844 3252 1 21 match_stop - -
1615441078.229743 3392 1 21 match_stop - -
1615441078.262993 3819 1 21 match_stop - -
1615441078.271853 3445 1 21 match_stop - -
1615441078.274407 3347 1 21 match_stop - -
1615441078.362922 3590 1 21 match_stop - -
1615441078.374092 3184 1 21 match_stop - -
1615441078.390778 3436 1 21 match_stop - -
1615441078.425002 3803 1 21 match_stop - -
1615441078.431726 3369 1 21 match_stop - -
1615441078.511834 3870 1 21 match_stop - -
1615441078.552912 3896 1 21 match_stop - -
1615441078.589060 3883 1 21 match_stop - -
1615441078.605258 3414 1 21 match_stop - -
1615441078.607545 3564 1 21 match_stop - -
1615441078.625727 3914 1 21 match_stop - -
1615441078.635194 3447 1 21 match_stop - -
1615441078.642893 3581 1 21 match_stop - -
1615441078.651336 3296 1 21 match_stop - -
1615441078.673016 3307 1 21 match_stop - -
1615441078.698566 3893 1 21 match_stop - -
1615441078.706923 3748 1 21 match_stop - -
1615441078.761837 3766 1 21 match_stop - -
1615441078.777931 3716 1 21 match_stop - -
1615441078.781786 3329 1 21 match_stop - -
1615441078.782869 3836 1 21 match_stop - -
1615441078.791746 3731 1 21 match_stop - -
1615441078.802771 3420 1 21 match_stop - -
1615441078.803065 3788 1 21 match_stop - -
1615441078.806861 3786 1 21 match_stop - -
1615441078.809850 3484 1 21 match_stop - -
1615441078.845511 3531 1 21 match_stop - -
1615441078.850876 3443 1 21 match_stop - -
1615441078.881058 3706 1 21 match_stop - -
1615441078.956210 3734 1 21 match_stop - -
1615441078.986813 3505 1 21 match_stop - -
1615441079.038736 3464 1 21 match_stop - -
1615441079.084475 3466 1 21 match_stop - -
1615441079.121851 3520 1 21 match_stop - -
1615441079.123061 3817 1 21 match_stop - -
1615441079.153278 3483 1 21 match_stop - -
1615441079.163817 3539 1 21 match_stop - -
1615441079.226827 3789 1 21 match_stop - -
1615441079.259202 3487 1 21 match_stop - -
1615441079.262085 3409 1 21 match_stop - -
1615441079.282141 3410 1 21 match_stop - -
1615441079.290681 3517 1 21 match_stop - -
1615441079.292825 3852 1 21 match_stop - -
1615441079.338750 3872 1 21 match_stop - -
1615441079.400089 3648 1 21 match_stop - -
1615441079.408246 3983 1 21 match_stop - -
1615441079.423948 3492 1 21 match_stop - -
1615441079.431828 3677 1 21 match_stop - -
1615441079.434974 3571 1 21 match_stop - -
1615441079.435870 3569 1 21 match_stop - -
1615441079.479514 3281 1 21 match_stop - -
1615441079.508746 4016 1 21 match_stop - -
1615441079.535925 3521 1 21 match_stop - -
1615441079.575955 3428 1 21 match_stop - -
1615441079.578714 3897 1 21 match_stop - -
1615441079.622143 3721 1 21 match_stop - -
1615441079.622208 3327 1 21 match_stop - -
1615441079.628925 3867 1 21 match_stop - -
1615441079.640832 3603 1 21 match_stop - -
1615441079.655624 4029 1 21 match_stop - -
1615441079.678928 3503 1 21 match_stop - -
1615441079.679012 3811 1 21 match_stop - -
1615441079.683065 3812 1 21 match_stop - -
1615441079.683110 3417 1 21 match_stop - -
1615441079.711835 3982 1 21 match_stop - -
1615441079.720987 3957 1 21 match_stop - -
1615441079.721081 4047 1 21 match_stop - -
1615441079.781005 3646 1 21 match_stop - -
1615441079.797328 3557 1 21 match_stop - -
1615441079.805797 3895 1 21 match_stop - -
1615441079.833786 3611 1 21 match_stop - -
1615441079.842930 3828 1 21 match_stop - -
1615441079.843180 3518 1 21 match_stop - -
1615441079.855881 3523 1 21 match_stop - -
1615441079.862755 3560 1 21 match_stop - -
1615441079.904530 4007 1 21 match_stop - -
1615441079.906319 3816 1 21 match_stop - -
1615441079.912602 3570 1 21 match_stop - -
1615441079.912744 3919 1 21 match_stop - -
1615441079.922180 3871 1 21 match_stop - -
1615441079.925312 3324 1 21 match_stop - -
1615441079.945283 3954 1 21 match_stop - -
1615441079.958609 3888 1 21 match_stop - -
1615441080.005087 3582 1 21 match_stop - -
1615441080.015493 3507 1 21 match_stop - -
1615441080.030568 3907 1 21 match_stop - -
1615441080.035982 3538 1 21 match_stop - -
1615441080.070327 3884 1 21 match_stop - -
1615441080.077904 3542 1 21 match_stop - -
1615441080.108253 4030 1 21 match_stop - -
1615441080.119726 3749 1 21 match_stop - -
1615441080.194083 3532 1 21 match_stop - -
1615441080.202162 3326 1 21 match_stop - -
1615441080.213706 3861 1 21 match_stop - -
1615441080.224987 3558 1 21 match_stop - -
1615441080.240993 3967 1 21 match_stop - -
1615441080.247911 3906 1 21 match_stop - -
1615441080.316795 3605 1 21 match_stop - -
1615441080.318997 3950 1 21 match_stop - -
1615441080.323414 4112 1 21 match_stop - -
1615441080.323655 3651 1 21 match_stop - -
1615441080.340156 3585 1 21 match_stop - -
1615441080.375298 4124 1 21 match_stop - -
1615441080.375487 3981 1 21 match_stop - -
1615441080.378076 3547 1 21 match_stop - -
1615441080.385870 3199 1 21 match_stop - -
1615441080.392855 3497 1 21 match_stop - -
1615441080.394330 3768 1 21 match_stop - -
1615441080.398082 3515 1 21 match_stop - -
1615441080.406978 3504 1 21 match_stop - -
1615441080.418959 3710 1 21 match_stop - -
1615441080.420945 3588 1 21 match_stop - -
1615441080.439851 4044 1 21 match_stop - -
1615441080.443064 3751 1 21 match_stop - -
1615441080.456167 4072 1 21 match_stop - -
1615441080.456403 3857 1 21 match_stop - -
1615441080.456601 4101 1 21 match_stop - -
1615441080.466356 3795 1 21 match_stop - -
1615441080.479284 3371 1 21 match_stop - -
1615441080.487796 3536 1 21 match_stop - -
1615441080.496074 4058 1 21 match_stop - -
1615441080.497818 4111 1 21 match_stop - -
1615441080.498685 3953 1 21 match_stop - -
1615441080.506944 4002 1 21 match_stop - -
1615441080.521946 3764 1 21 match_stop - -
1615441080.538906 3676 1 21 match_stop - -
1615441080.585911 3949 1 21 match_stop - -
1615441080.587908 3556 1 21 match_stop - -
1615441080.588975 3995 1 21 match_stop - -
1615441080.591745 4094 1 21 match_stop - -
1615441080.611183 3987 1 21 match_stop - -
1615441080.621888 4023 1 21 match_stop - -
1615441080.640052 4064 1 21 match_stop - -
1615441080.642880 3526 1 21 match_stop - -
1615441080.643025 4095 1 21 match_stop - -
1615441080.652119 4134 1 21 match_stop - -
1615441080.653048 4103 1 21 match_stop - -
1615441080.672810 4008 1 21 match_stop - -
1615441080.680039 3615 1 21 match_stop - -
1615441080.684799 3655 1 21 match_stop - -
1615441080.702805 4116 1 21 match_stop - -
1615441080.735096 3900 1 21 match_stop - -
1615441080.742949 3623 1 21 match_stop - -
1615441080.746924 4156 1 21 match_stop - -
1615441080.796326 3607 1 21 match_stop - -
1615441080.831897 3548 1 21 match_stop - -
1615441080.836156 3472 1 21 match_stop - -
1615441080.868815 3555 1 21 match_stop - -
1615441080.876965 4196 1 21 match_stop - -
1615441080.899012 3747 1 21 match_stop - -
1615441080.922943 4009 1 21 match_stop - -
1615441080.928038 4167 1 21 match_stop - -
1615441080.928838 4181 1 21 match_stop - -
1615441080.931110 4162 1 21 match_stop - -
1615441080.932739 3622 1 21 match_stop - -
1615441080.943366 3553 1 21 match_stop - -
1615441080.943609 3820 1 21 match_stop - -
1615441080.948016 3618 1 21 match_stop - -
1615441080.952790 3659 1 21 match_stop - -
1615441080.970017 3988 1 21 match_stop - -
1615441080.971931 3753 1 21 match_stop - -
1615441080.983840 3430 1 21 match_stop - -
1615441081.000820 3608 1 21 match_stop - -
1615441081.001203 3668 1 21 match_stop - -
1615441081.033007 4201 1 21 match_stop - -
1615441081.052066 3979 1 21 match_stop - -
1615441081.123764 4182 1 21 match_stop - -
1615441081.148024 3722 1 21 match_stop - -
1615441081.176125 3602 1 21 match_stop - -
1615441081.178284 3990 1 21 match_stop - -
1615441081.218177 4164 1 21 match_stop - -
1615441081.259205 3921 1 21 match_stop - -
1615441081.259333 4022 1 21 match_stop - -
1615441081.264287 4015 1 21 match_stop - -
1615441081.295190 4217 1 21 match_stop - -
1615441081.352649 3670 1 21 match_stop - -
1615441081.359452 3587 1 21 match_stop - -
1615441081.363873 3761 1 21 match_stop - -
1615441081.365038 3294 1 21 match_stop - -
1615441081.365476 3350 1 21 match_stop - -
1615441081.384923 3680 1 21 match_stop - -
1615441081.448145 3565 1 21 match_stop - -
1615441081.450222 4161 1 21 match_stop - -
1615441081.456356 3562 1 21 match_stop - -
1615441081.504759 4149 1 21 match_stop - -
1615441081.504942 4054 1 21 match_stop - -
1615441081.517371 3633 1 21 match_stop - -
1615441081.517463 3470 1 21 match_stop - -
1615441081.520216 4132 1 21 match_stop - -
1615441081.522428 3837 1 21 match_stop - -
1615441081.553554 3977 1 21 match_stop - -
1615441081.554065 3540 1 21 match_stop - -
1615441081.554187 4120 1 21 match_stop - -
1615441081.584296 3794 1 21 match_stop - -
1615441081.584473 3626 1 21 match_stop - -
1615441081.593627 3797 1 21 match_stop - -
1615441081.600948 3742 1 21 match_stop - -
1615441081.607249 3860 1 21 match_stop - -
1615441081.626080 4105 1 21 match_stop - -
1615441081.704310 4271 1 21 match_stop - -
1615441081.710006 4062 1 21 match_stop - -
1615441081.710239 4233 1 21 match_stop - -
1615441081.726199 3679 1 21 match_stop - -
1615441081.729100 3580 1 21 match_stop - -
1615441081.747389 4300 1 21 match_stop - -
1615441081.760152 3629 1 21 match_stop - -
1615441081.760181 4194 1 21 match_stop - -
1615441081.772619 4060 1 21 match_stop - -
1615441081.772661 3908 1 21 match_stop - -
1615441081.808284 3672 1 21 match_stop - -
1615441081.816114 3898 1 21 match_stop - -
1615441081.832181 3465 1 21 match_stop - -
1615441081.836347 3647 1 21 match_stop - -
1615441081.836635 3994 1 21 match_stop - -
1615441081.877359 3790 1 21 match_stop - -
1615441081.884919 3674 1 21 match_stop - -
1615441081.891067 4308 1 21 match_stop - -
1615441081.950076 3707 1 21 match_stop - -
1615441081.973478 4179 1 21 match_stop - -
1615441082.008780 4147 1 21 match_stop - -
1615441082.008930 4136 1 21 match_stop - -
1615441082.043381 3955 1 21 match_stop - -
1615441082.043456 4263 1 21 match_stop - -
1615441082.079022 3962 1 21 match_stop - -
1615441082.092908 4301 1 21 match_stop - -
1615441082.100593 3923 1 21 match_stop - -
1615441082.108653 3660 1 21 match_stop - -
1615441082.137876 3849 1 21 match_stop - -
1615441082.138967 3609 1 21 match_stop - -
1615441082.140009 3695 1 21 match_stop - -
1615441082.142884 4303 1 21 match_stop - -
1615441082.165109 3662 1 21 match_stop - -
1615441082.165196 4350 1 21 match_stop - -
1615441082.180467 4309 1 21 match_stop - -
1615441082.200532 4123 1 21 match_stop - -
1615441082.211356 3450 1 21 match_stop - -
1615441082.213926 4133 1 21 match_stop - -
1615441082.213976 4079 1 21 match_stop - -
1615441082.221103 3712 1 21 match_stop - -
1615441082.228427 4176 1 21 match_stop - -
1615441082.279017 4046 1 21 match_stop - -
1615441082.279150 4325 1 21 match_stop - -
1615441082.286271 3625 1 21 match_stop - -
1615441082.336973 4273 1 21 match_stop - -
1615441082.343030 4168 1 21 match_stop - -
1615441082.350785 4287 1 21 match_stop - -
1615441082.362074 4257 1 21 match_stop - -
1615441082.380142 4327 1 21 match_stop - -
1615441082.380214 3683 1 21 match_stop - -
1615441082.380276 3938 1 21 match_stop - -
1615441082.386268 3728 1 21 match_stop - -
1615441082.396211 3848 1 21 match_stop - -
1615441082.407466 4379 1 21 match_stop - -
1615441082.416121 4183 1 21 match_stop - -
1615441082.416279 3738 1 21 match_stop - -
1615441082.416466 4169 1 21 match_stop - -
1615441082.422842 4205 1 21 match_stop - -
1615441082.429269 3737 1 21 match_stop - -
1615441082.429351 4293 1 21 match_stop - -
1615441082.440154 3968 1 21 match_stop - -
1615441082.451977 3686 1 21 match_stop - -
1615441082.485881 3687 1 21 match_stop - -
1615441082.567349 3708 1 21 match_stop - -
1615441082.574150 4383 1 21 match_stop - -
1615441082.580143 4197 1 21 match_stop - -
1615441082.589136 3885 1 21 match_stop - -
1615441082.618230 3495 1 21 match_stop - -
1615441082.687318 3654 1 21 match_stop - -
1615441082.715950 4232 1 21 match_stop - -
1615441082.716906 4237 1 21 match_stop - -
1615441082.754351 4204 1 21 match_stop - -
1615441082.756263 4342 1 21 match_stop - -
1615441082.772583 4409 1 21 match_stop - -
1615441082.772677 4013 1 21 match_stop - -
1615441082.777795 3903 1 21 match_stop - -
1615441082.829949 3899 1 21 match_stop - -
1615441082.838303 4422 1 21 match_stop - -
1615441082.883203 3634 1 21 match_stop - -
1615441082.901433 3879 1 21 match_stop - -
1615441082.909098 3818 1 21 match_stop - -
1615441082.960143 4321 1 21 match_stop - -
1615441082.964867 3685 1 21 match_stop - -
1615441082.986119 3658 1 21 match_stop - -
1615441083.001033 4373 1 21 match_stop - -
1615441083.002963 4374 1 21 match_stop - -
1615441083.012083 4439 1 21 match_stop - -
1615441083.057024 3842 1 21 match_stop - -
1615441083.073159 4084 1 21 match_stop - -
1615441083.075316 3972 1 21 match_stop - -
1615441083.087944 4068 1 21 match_stop - -
1615441083.124997 4241 1 21 match_stop - -
1615441083.134026 4294 1 21 match_stop - -
1615441083.137751 3621 1 21 match_stop - -
1615441083.156275 3791 1 21 match_stop - -
1615441083.193862 4469 1 21 match_stop - -
1615441083.243188 3744 1 21 match_stop - -
1615441083.245242 4363 1 21 match_stop - -
1615441083.250877 3901 1 21 match_stop - -
1615441083.253321 4246 1 21 match_stop - -
1615441083.278070 3726 1 21 match_stop - -
1615441083.295905 4432 1 21 match_stop - -
1615441083.335834 3881 1 21 match_stop - -
1615441083.343850 4326 1 21 match_stop - -
1615441083.344447 3745 1 21 match_stop - -
1615441083.344521 4302 1 21 match_stop - -
1615441083.353733 3989 1 21 match_stop - -
1615441083.359998 4310 1 21 match_stop - -
1615441083.368848 4345 1 21 match_stop - -
1615441083.382453 4335 1 21 match_stop - -
1615441083.386244 3636 1 21 match_stop - -
1615441083.389462 4457 1 21 match_stop - -
1615441083.391380 4389 1 21 match_stop - -
1615441083.404937 4139 1 21 match_stop - -
1615441083.421898 3449 1 21 match_stop - -
1615441083.438001 3946 1 21 match_stop - -
1615441083.438067 3892 1 21 match_stop - -
1615441083.570130 4339 1 21 match_stop - -
1615441083.584522 4455 1 21 match_stop - -
1615441083.586216 4290 1 21 match_stop - -
1615441083.586645 4430 1 21 match_stop - -
1615441083.594346 4053 1 21 match_stop - -
1615441083.609304 4331 1 21 match_stop - -
1615441083.618023 4485 1 21 match_stop - -
1615441083.638771 4333 1 21 match_stop - -
1615441083.681413 3703 1 21 match_stop - -
1615441083.682993 3692 1 21 match_stop - -
1615441083.706185 3760 1 21 match_stop - -
1615441083.739909 3846 1 21 match_stop - -
1615441083.740804 4531 1 21 match_stop - -
1615441083.751933 3909 1 21 match_stop - -
1615441083.760596 3663 1 21 match_stop - -
1615441083.783011 4377 1 21 match_stop - -
1615441083.793657 4501 1 21 match_stop - -
1615441083.794310 4492 1 21 match_stop - -
1615441083.799294 4446 1 21 match_stop - -
1615441083.803201 4555 1 21 match_stop - -
1615441083.809781 3976 1 21 match_stop - -
1615441083.834729 3773 1 21 match_stop - -
1615441083.892816 4417 1 21 match_stop - -
1615441083.936545 3940 1 21 match_stop - -
1615441084.005088 3889 1 21 match_stop - -
1615441084.037047 4491 1 21 match_stop - -
1615441084.052507 4375 1 21 match_stop - -
1615441084.075032 4195 1 21 match_stop - -
1615441084.100824 3656 1 21 match_stop - -
1615441084.101104 4450 1 21 match_stop - -
1615441084.117875 4574 1 21 match_stop - -
1615441084.120332 4605 1 21 match_stop - -
1615441084.153822 4428 1 21 match_stop - -
1615441084.154188 3856 1 21 match_stop - -
1615441084.173157 4603 1 21 match_stop - -
1615441084.186811 4081 1 21 match_stop - -
1615441084.262135 4512 1 21 match_stop - -
1615441084.269468 4236 1 21 match_stop - -
1615441084.296982 4415 1 21 match_stop - -
1615441084.309979 3916 1 21 match_stop - -
1615441084.312684 4573 1 21 match_stop - -
1615441084.319668 3937 1 21 match_stop - -
1615441084.320065 4476 1 21 match_stop - -
1615441084.370093 4423 1 21 match_stop - -
1615441084.372307 4266 1 21 match_stop - -
1615441084.376961 4419 1 21 match_stop - -
1615441084.380221 4528 1 21 match_stop - -
1615441084.394339 4591 1 21 match_stop - -
1615441084.394955 3778 1 21 match_stop - -
1615441084.397190 4159 1 21 match_stop - -
1615441084.401763 4474 1 21 match_stop - -
1615441084.408116 4340 1 21 match_stop - -
1615441084.453801 4481 1 21 match_stop - -
1615441084.487209 3782 1 21 match_stop - -
1615441084.488007 4037 1 21 match_stop - -
1615441084.516729 4057 1 21 match_stop - -
1615441084.540294 3770 1 21 match_stop - -
1615441084.540371 4410 1 21 match_stop - -
1615441084.555762 4407 1 21 match_stop - -
1615441084.572263 3697 1 21 match_stop - -
1615441084.606516 4337 1 21 match_stop - -
1615441084.606689 3928 1 21 match_stop - -
1615441084.608747 3758 1 21 match_stop - -
1615441084.610942 4463 1 21 match_stop - -
1615441084.640803 3823 1 21 match_stop - -
1615441084.647942 3711 1 21 match_stop - -
1615441084.678946 4316 1 21 match_stop - -
1615441084.679110 3992 1 21 match_stop - -
1615441084.697396 4662 1 21 match_stop - -
1615441084.706078 4547 1 21 match_stop - -
1615441084.727946 4625 1 21 match_stop - -
1615441084.728004 4668 1 21 match_stop - -
1615441084.770314 3725 1 21 match_stop - -
1615441084.774721 4615 1 21 match_stop - -
1615441084.782408 3890 1 21 match_stop - -
1615441084.783120 3815 1 21 match_stop - -
1615441084.786708 4688 1 21 match_stop - -
1615441084.796351 4088 1 21 match_stop - -
1615441084.802092 4618 1 21 match_stop - -
1615441084.802140 4613 1 21 match_stop - -
1615441084.804040 4569 1 21 match_stop - -
1615441084.806164 4431 1 21 match_stop - -
1615441084.808588 4010 1 21 match_stop - -
1615441084.824637 4477 1 21 match_stop - -
1615441084.836732 3996 1 21 match_stop - -
1615441084.851156 4137 1 21 match_stop - -
1615441084.853945 3939 1 21 match_stop - -
1615441084.865017 4467 1 21 match_stop - -
1615441084.875879 4604 1 21 match_stop - -
1615441084.876122 4459 1 21 match_stop - -
1615441084.876456 4173 1 21 match_stop - -
1615441084.882702 3775 1 21 match_stop - -
1615441084.889847 4458 1 21 match_stop - -
1615441084.913092 3880 1 21 match_stop - -
1615441084.938769 4131 1 21 match_stop - -
1615441084.941089 4145 1 21 match_stop - -
1615441084.969919 4660 1 21 match_stop - -
1615441084.969919 4509 1 21 match_stop - -
1615441084.974907 3799 1 21 match_stop - -
1615441084.998172 4597 1 21 match_stop - -
1615441085.000081 3948 1 21 match_stop - -
1615441085.000458 4493 1 21 match_stop - -
1615441085.007438 4665 1 21 match_stop - -
1615441085.025376 3832 1 21 match_stop - -
1615441085.033019 3932 1 21 match_stop - -
1615441085.033085 4552 1 21 match_stop - -
1615441085.040851 4627 1 21 match_stop - -
1615441085.071179 3675 1 21 match_stop - -
1615441085.073845 4705 1 21 match_stop - -
1615441085.140136 3882 1 21 match_stop - -
1615441085.140601 4720 1 21 match_stop - -
1615441085.140922 3874 1 21 match_stop - -
1615441085.152105 4664 1 21 match_stop - -
1615441085.152806 4496 1 21 match_stop - -
1615441085.154895 4617 1 21 match_stop - -
1615441085.157194 3877 1 21 match_stop - -
1615441085.159278 3684 1 21 match_stop - -
1615441085.163111 4221 1 21 match_stop - -
1615441085.168089 4560 1 21 match_stop - -
1615441085.171629 4631 1 21 match_stop - -
1615441085.172074 3577 1 21 match_stop - -
1615441085.214236 4572 1 21 match_stop - -
1615441085.220002 4610 1 21 match_stop - -
1615441085.238032 4533 1 21 match_stop - -
1615441085.239961 4669 1 21 match_stop - -
1615441085.240204 4629 1 21 match_stop - -
1615441085.262005 4626 1 21 match_stop - -
1615441085.262891 4734 1 21 match_stop - -
1615441085.265233 3830 1 21 match_stop - -
1615441085.275860 4192 1 21 match_stop - -
1615441085.287830 4717 1 21 match_stop - -
1615441085.295098 4229 1 21 match_stop - -
1615441085.312098 3936 1 21 match_stop - -
1615441085.312956 4726 1 21 match_stop - -
1615441085.329707 4226 1 21 match_stop - -
1615441085.340199 4632 1 21 match_stop - -
1615441085.354836 4269 1 21 match_stop - -
1615441085.357489 4686 1 21 match_stop - -
1615441085.382025 3834 1 21 match_stop - -
1615441085.385095 3925 1 21 match_stop - -
1615441085.508083 4334 1 21 match_stop - -
1615441085.509939 4674 1 21 match_stop - -
1615441085.567282 4553 1 21 match_stop - -
1615441085.567614 4562 1 21 match_stop - -
1615441085.568207 4165 1 21 match_stop - -
1615441085.569283 4170 1 21 match_stop - -
1615441085.570975 4596 1 21 match_stop - -
1615441085.574873 3862 1 21 match_stop - -
1615441085.602632 3956 1 21 match_stop - -
1615441085.622519 4413 1 21 match_stop - -
1615441085.654352 4768 1 21 match_stop - -
1615441085.660982 4175 1 21 match_stop - -
1615441085.664947 4732 1 21 match_stop - -
1615441085.676181 4738 1 21 match_stop - -
1615441085.676281 4757 1 21 match_stop - -
1615441085.688198 3963 1 21 match_stop - -
1615441085.691050 4794 1 21 match_stop - -
1615441085.691093 3926 1 21 match_stop - -
1615441085.701497 4401 1 21 match_stop - -
1615441085.705726 4636 1 21 match_stop - -
1615441085.730817 4696 1 21 match_stop - -
1615441085.745915 4766 1 21 match_stop - -
1615441085.747158 4082 1 21 match_stop - -
1615441085.759536 4649 1 21 match_stop - -
1615441085.759636 4623 1 21 match_stop - -
1615441085.762118 4394 1 21 match_stop - -
1615441085.762379 4780 1 21 match_stop - -
1615441085.764994 3752 1 21 match_stop - -
1615441085.768177 4396 1 21 match_stop - -
1615441085.774289 4634 1 21 match_stop - -
1615441085.792156 3944 1 21 match_stop - -
1615441085.792239 3971 1 21 match_stop - -
1615441085.830464 3845 1 21 match_stop - -
1615441085.834287 4635 1 21 match_stop - -
1615441085.837993 4767 1 21 match_stop - -
1615441085.839889 4692 1 21 match_stop - -
1615441085.845980 3866 1 21 match_stop - -
1615441085.849505 4500 1 21 match_stop - -
1615441085.854658 4683 1 21 match_stop - -
1615441085.858897 4261 1 21 match_stop - -
1615441085.866061 4670 1 21 match_stop - -
1615441085.875834 3943 1 21 match_stop - -
1615441085.879766 4691 1 21 match_stop - -
1615441085.880705 3875 1 21 match_stop - -
1615441085.897863 4699 1 21 match_stop - -
1615441085.902845 4700 1 21 match_stop - -
1615441085.926789 4633 1 21 match_stop - -
1615441085.928990 4005 1 21 match_stop - -
1615441085.958831 4809 1 21 match_stop - -
1615441085.962188 3826 1 21 match_stop - -
1615441085.983652 4066 1 21 match_stop - -
1615441085.984812 3964 1 21 match_stop - -
1615441086.016036 4110 1 21 match_stop - -
1615441086.020212 4098 1 21 match_stop - -
1615441086.053371 4252 1 21 match_stop - -
1615441086.077607 4151 1 21 match_stop - -
1615441086.099773 4793 1 21 match_stop - -
1615441086.107775 3929 1 21 match_stop - -
1615441086.121995 4296 1 21 match_stop - -
1615441086.142007 4813 1 21 match_stop - -
1615441086.163633 4855 1 21 match_stop - -
1615441086.165745 4391 1 21 match_stop - -
1615441086.176188 4504 1 21 match_stop - -
1615441086.176585 4637 1 21 match_stop - -
1615441086.196705 4437 1 21 match_stop - -
1615441086.258093 4454 1 21 match_stop - -
1615441086.286015 4100 1 21 match_stop - -
1615441086.365115 4796 1 21 match_stop - -
1615441086.365146 4765 1 21 match_stop - -
1615441086.365300 4645 1 21 match_stop - -
1615441086.373600 3961 1 21 match_stop - -
1615441086.401959 4228 1 21 match_stop - -
1615441086.407443 4421 1 21 match_stop - -
1615441086.427914 4372 1 21 match_stop - -
1615441086.441936 4825 1 21 match_stop - -
1615441086.464955 4708 1 21 match_stop - -
1615441086.521784 4490 1 21 match_stop - -
1615441086.541164 4898 1 21 match_stop - -
1615441086.580590 4076 1 21 match_stop - -
1615441086.580869 4048 1 21 match_stop - -
1615441086.586084 4812 1 21 match_stop - -
1615441086.596386 4803 1 21 match_stop - -
1615441086.604713 3855 1 21 match_stop - -
1615441086.617876 4888 1 21 match_stop - -
1615441086.710824 4799 1 21 match_stop - -
1615441086.726094 3771 1 21 match_stop - -
1615441086.729116 3843 1 21 match_stop - -
1615441086.729234 4004 1 21 match_stop - -
1615441086.738752 4172 1 21 match_stop - -
1615441086.754146 4832 1 21 match_stop - -
1615441086.755894 4722 1 21 match_stop - -
1615441086.762808 4083 1 21 match_stop - -
1615441086.778554 4884 1 21 match_stop - -
1615441086.834692 4524 1 21 match_stop - -
1615441086.861800 4786 1 21 match_stop - -
1615441086.866678 4916 1 21 match_stop - -
1615441086.870758 4218 1 21 match_stop - -
1615441086.876328 4150 1 21 match_stop - -
1615441086.877118 4262 1 21 match_stop - -
1615441086.892785 4795 1 21 match_stop - -
1615441086.913869 4349 1 21 match_stop - -
1615441086.931799 4741 1 21 match_stop - -
1615441086.933661 4861 1 21 match_stop - -
1615441086.935685 4651 1 21 match_stop - -
1615441086.942869 3978 1 21 match_stop - -
1615441086.946201 4785 1 21 match_stop - -
1615441086.949825 4554 1 21 match_stop - -
1615441086.969260 4564 1 21 match_stop - -
1615441086.989953 4621 1 21 match_stop - -
1615441086.990549 4548 1 21 match_stop - -
1615441086.995844 4367 1 21 match_stop - -
1615441086.997301 4912 1 21 match_stop - -
1615441087.000914 4540 1 21 match_stop - -
1615441087.002043 4480 1 21 match_stop - -
1615441087.022936 4602 1 21 match_stop - -
1615441087.023235 4109 1 21 match_stop - -
1615441087.051828 4770 1 21 match_stop - -
1615441087.056587 4242 1 21 match_stop - -
1615441087.074745 4368 1 21 match_stop - -
1615441087.076937 4306 1 21 match_stop - -
1615441087.076990 4470 1 21 match_stop - -
1615441087.086383 4758 1 21 match_stop - -
1615441087.111887 4879 1 21 match_stop - -
1615441087.114088 3973 1 21 match_stop - -
1615441087.127420 4571 1 21 match_stop - -
1615441087.188862 4395 1 21 match_stop - -
1615441087.203674 4341 1 21 match_stop - -
1615441087.239543 4400 1 21 match_stop - -
1615441087.245840 4824 1 21 match_stop - -
1615441087.262103 4784 1 21 match_stop - -
1615441087.263151 4244 1 21 match_stop - -
1615441087.265126 4107 1 21 match_stop - -
1615441087.277817 4185 1 21 match_stop - -
1615441087.302900 4578 1 21 match_stop - -
1615441087.304930 4243 1 21 match_stop - -
1615441087.320432 4143 1 21 match_stop - -
1615441087.350264 3984 1 21 match_stop - -
1615441087.352872 4915 1 21 match_stop - -
1615441087.387193 3927 1 21 match_stop - -
1615441087.390813 4550 1 21 match_stop - -
1615441087.395922 4857 1 21 match_stop - -
1615441087.396727 4835 1 21 match_stop - -
1615441087.458066 4125 1 21 match_stop - -
1615441087.473903 4882 1 21 match_stop - -
1615441087.491807 4679 1 21 match_stop - -
1615441087.540950 4174 1 21 match_stop - -
1615441087.549160 4478 1 21 match_stop - -
1615441087.564151 4482 1 21 match_stop - -
1615441087.580798 4925 1 21 match_stop - -
1615441087.585982 4513 1 21 match_stop - -
1615441087.589755 4944 1 21 match_stop - -
1615441087.592841 4965 1 21 match_stop - -
1615441087.609692 4380 1 21 match_stop - -
1615441087.648172 4672 1 21 match_stop - -
1615441087.653825 4932 1 21 match_stop - -
1615441087.657902 4902 1 21 match_stop - -
1615441087.659977 4385 1 21 match_stop - -
1615441087.673057 4968 1 21 match_stop - -
1615441087.675736 4869 1 21 match_stop - -
1615441087.679527 4910 1 21 match_stop - -
1615441087.696316 3998 1 21 match_stop - -
1615441087.699807 4973 1 21 match_stop - -
1615441087.717590 3851 1 21 match_stop - -
1615441087.718294 4077 1 21 match_stop - -
1615441087.730109 3913 1 21 match_stop - -
1615441087.732081 4954 1 21 match_stop - -
1615441087.750248 4950 1 21 match_stop - -
1615441087.768259 4841 1 21 match_stop - -
1615441087.770030 5041 1 21 match_stop - -
1615441087.771097 4526 1 21 match_stop - -
1615441087.825069 4936 1 21 match_stop - -
1615441087.855854 4607 1 21 match_stop - -
1615441087.864988 4833 1 21 match_stop - -
1615441087.868042 4356 1 21 match_stop - -
1615441087.868352 5026 1 21 match_stop - -
1615441087.890293 4521 1 21 match_stop - -
1615441087.896044 5052 1 21 match_stop - -
1615441087.896353 4445 1 21 match_stop - -
1615441087.908342 4549 1 21 match_stop - -
1615441087.910097 5063 1 21 match_stop - -
1615441087.920065 4525 1 21 match_stop - -
1615441087.933955 4370 1 21 match_stop - -
1615441087.937052 4976 1 21 match_stop - -
1615441087.939941 4982 1 21 match_stop - -
1615441087.941886 4852 1 21 match_stop - -
1615441087.945248 3930 1 21 match_stop - -
1615441087.960298 5060 1 21 match_stop - -
1615441087.960577 4934 1 21 match_stop - -
1615441087.968473 4508 1 21 match_stop - -
1615441087.974860 4502 1 21 match_stop - -
1615441088.017096 4505 1 21 match_stop - -
1615441088.025165 4202 1 21 match_stop - -
1615441088.034681 5013 1 21 match_stop - -
1615441088.063264 4276 1 21 match_stop - -
1615441088.066028 4964 1 21 match_stop - -
1615441088.119629 4698 1 21 match_stop - -
1615441088.126290 4215 1 21 match_stop - -
1615441088.127607 4644 1 21 match_stop - -
1615441088.139083 4087 1 21 match_stop - -
1615441088.145176 4097 1 21 match_stop - -
1615441088.149088 4977 1 21 match_stop - -
1615441088.163161 4265 1 21 match_stop - -
1615441088.164601 4592 1 21 match_stop - -
1615441088.192711 4532 1 21 match_stop - -
1615441088.193489 4940 1 21 match_stop - -
1615441088.194198 4256 1 21 match_stop - -
1615441088.228444 3887 1 21 match_stop - -
1615441088.237857 4365 1 21 match_stop - -
1615441088.247314 4887 1 21 match_stop - -
1615441088.247378 4024 1 21 match_stop - -
1615441088.260087 4762 1 21 match_stop - -
1615441088.266962 4279 1 21 match_stop - -
1615441088.281034 4544 1 21 match_stop - -
1615441088.308799 4000 1 21 match_stop - -
1615441088.316949 5118 1 21 match_stop - -
1615441088.345095 5081 1 21 match_stop - -
1615441088.351013 4224 1 21 match_stop - -
1615441088.360733 4297 1 21 match_stop - -
1615441088.374404 4971 1 21 match_stop - -
1615441088.374732 4230 1 21 match_stop - -
1615441088.382942 5078 1 21 match_stop - -
1615441088.383257 4628 1 21 match_stop - -
1615441088.386417 5058 1 21 match_stop - -
1615441088.386782 4737 1 21 match_stop - -
1615441088.395802 3779 1 21 match_stop - -
1615441088.445406 4361 1 21 match_stop - -
1615441088.454016 4789 1 21 match_stop - -
1615441088.455849 4995 1 21 match_stop - -
1615441088.463185 4360 1 21 match_stop - -
1615441088.515154 5019 1 21 match_stop - -
1615441088.518749 4920 1 21 match_stop - -
1615441088.523716 5032 1 21 match_stop - -
1615441088.528998 4868 1 21 match_stop - -
1615441088.655145 4214 1 21 match_stop - -
1615441088.669156 4687 1 21 match_stop - -
1615441088.697446 4946 1 21 match_stop - -
1615441088.703895 5116 1 21 match_stop - -
1615441088.708064 4313 1 21 match_stop - -
1615441088.736303 4787 1 21 match_stop - -
1615441088.750936 5082 1 21 match_stop - -
1615441088.752467 4834 1 21 match_stop - -
1615441088.764014 4153 1 21 match_stop - -
1615441088.783339 3942 1 21 match_stop - -
1615441088.798094 4289 1 21 match_stop - -
1615441088.803860 4676 1 21 match_stop - -
1615441088.834163 5169 1 21 match_stop - -
1615441088.846897 4563 1 21 match_stop - -
1615441088.851065 5142 1 21 match_stop - -
1615441088.851437 5072 1 21 match_stop - -
1615441088.858837 5117 1 21 match_stop - -
1615441088.868813 4358 1 21 match_stop - -
1615441088.916045 4666 1 21 match_stop - -
1615441088.918143 4283 1 21 match_stop - -
1615441088.925187 4980 1 21 match_stop - -
1615441088.943858 4967 1 21 match_stop - -
1615441089.018739 4969 1 21 match_stop - -
1615441089.023006 4362 1 21 match_stop - -
1615441089.026797 4254 1 21 match_stop - -
1615441089.092732 4086 1 21 match_stop - -
1615441089.143663 5143 1 21 match_stop - -
1615441089.188287 4305 1 21 match_stop - -
1615441089.188332 4178 1 21 match_stop - -
1615441089.189210 5203 1 21 match_stop - -
1615441089.192203 5011 1 21 match_stop - -
1615441089.192264 4231 1 21 match_stop - -
1615441089.197217 4355 1 21 match_stop - -
1615441089.252091 4543 1 21 match_stop - -
1615441089.258893 4511 1 21 match_stop - -
1615441089.258893 4354 1 21 match_stop - -
1615441089.261419 5150 1 21 match_stop - -
1615441089.270308 4663 1 21 match_stop - -
1615441089.273789 5178 1 21 match_stop - -
1615441089.276036 5145 1 21 match_stop - -
1615441089.278087 5092 1 21 match_stop - -
1615441089.293781 5196 1 21 match_stop - -
1615441089.377496 5247 1 21 match_stop - -
1615441089.378175 4206 1 21 match_stop - -
1615441089.379332 5089 1 21 match_stop - -
1615441089.382993 4347 1 21 match_stop - -
1615441089.397472 4468 1 21 match_stop - -
1615441089.400961 5261 1 21 match_stop - -
1615441089.402916 5027 1 21 match_stop - -
1615441089.421218 4826 1 21 match_stop - -
1615441089.428797 5234 1 21 match_stop - -
1615441089.436826 5187 1 21 match_stop - -
1615441089.440921 4267 1 21 match_stop - -
1615441089.448011 5136 1 21 match_stop - -
1615441089.455926 4359 1 21 match_stop - -
1615441089.490731 5018 1 21 match_stop - -
1615441089.520852 5079 1 21 match_stop - -
1615441089.541418 4642 1 21 match_stop - -
1615441089.547812 5163 1 21 match_stop - -
1615441089.553180 4871 1 21 match_stop - -
1615441089.578919 4479 1 21 match_stop - -
1615441089.595911 4448 1 21 match_stop - -
1615441089.602314 4904 1 21 match_stop - -
1615441089.626763 4108 1 21 match_stop - -
1615441089.635200 4922 1 21 match_stop - -
1615441089.670396 4575 1 21 match_stop - -
1615441089.670485 4078 1 21 match_stop - -
1615441089.672382 4486 1 21 match_stop - -
1615441089.681893 4743 1 21 match_stop - -
1615441089.691370 5240 1 21 match_stop - -
1615441089.712159 4338 1 21 match_stop - -
1615441089.723771 4791 1 21 match_stop - -
1615441089.731943 5075 1 21 match_stop - -
1615441089.735830 5241 1 21 match_stop - -
1615441089.762993 4449 1 21 match_stop - -
1615441089.778759 4441 1 21 match_stop - -
1615441089.798139 4729 1 21 match_stop - -
1615441089.798262 4822 1 21 match_stop - -
1615441089.804968 5097 1 21 match_stop - -
1615441089.826709 5275 1 21 match_stop - -
1615441089.826771 4404 1 21 match_stop - -
1615441089.826834 5154 1 21 match_stop - -
1615441089.845852 4728 1 21 match_stop - -
1615441089.850953 5267 1 21 match_stop - -
1615441089.854985 5195 1 21 match_stop - -
1615441089.877794 4489 1 21 match_stop - -
1615441089.882215 4071 1 21 match_stop - -
1615441089.889240 4440 1 21 match_stop - -
1615441089.987236 4987 1 21 match_stop - -
1615441089.991231 5105 1 21 match_stop - -
1615441090.025165 5200 1 21 match_stop - -
1615441090.028675 5310 1 21 match_stop - -
1615441090.044079 4012 1 21 match_stop - -
1615441090.080725 5336 1 21 match_stop - -
1615441090.096290 4599 1 21 match_stop - -
1615441090.098092 4653 1 21 match_stop - -
1615441090.101438 5204 1 21 match_stop - -
1615441090.110124 5235 1 21 match_stop - -
1615441090.114519 5029 1 21 match_stop - -
1615441090.130865 5226 1 21 match_stop - -
1615441090.130953 5237 1 21 match_stop - -
1615441090.153049 4600 1 21 match_stop - -
1615441090.235075 5292 1 21 match_stop - -
1615441090.285139 4657 1 21 match_stop - -
1615441090.308194 4541 1 21 match_stop - -
1615441090.329719 5170 1 21 match_stop - -
1615441090.335521 4918 1 21 match_stop - -
1615441090.335658 4948 1 21 match_stop - -
1615441090.338484 5180 1 21 match_stop - -
1615441090.352732 4270 1 21 match_stop - -
1615441090.353848 4551 1 21 match_stop - -
1615441090.362024 4514 1 21 match_stop - -
1615441090.365639 4931 1 21 match_stop - -
1615441090.371878 4843 1 21 match_stop - -
1615441090.379933 5271 1 21 match_stop - -
1615441090.380088 5248 1 21 match_stop - -
1615441090.388019 5179 1 21 match_stop - -
1615441090.400900 5140 1 21 match_stop - -
1615441090.419186 5369 1 21 match_stop - -
1615441090.433959 5192 1 21 match_stop - -
1615441090.497237 5047 1 21 match_stop - -
1615441090.508445 5251 1 21 match_stop - -
1615441090.508953 5216 1 21 match_stop - -
1615441090.576212 5281 1 21 match_stop - -
1615441090.581779 5088 1 21 match_stop - -
1615441090.594051 5236 1 21 match_stop - -
1615441090.597653 4856 1 21 match_stop - -
1615441090.612339 4851 1 21 match_stop - -
1615441090.630153 5273 1 21 match_stop - -
1615441090.640198 4823 1 21 match_stop - -
1615441090.648311 4671 1 21 match_stop - -
1615441090.698003 5293 1 21 match_stop - -
1615441090.700833 5383 1 21 match_stop - -
1615441090.734812 4999 1 21 match_stop - -
1615441090.748930 5186 1 21 match_stop - -
1615441090.751389 4038 1 21 match_stop - -
1615441090.768821 5232 1 21 match_stop - -
1615441090.770016 4650 1 21 match_stop - -
1615441090.771156 4878 1 21 match_stop - -
1615441090.785192 5379 1 21 match_stop - -
1615441090.794616 5296 1 21 match_stop - -
1615441090.798235 4709 1 21 match_stop - -
1615441090.798389 5355 1 21 match_stop - -
1615441090.832992 5426 1 21 match_stop - -
1615441090.841065 4647 1 21 match_stop - -
1615441090.855344 5375 1 21 match_stop - -
1615441090.874638 5317 1 21 match_stop - -
1615441090.875073 5202 1 21 match_stop - -
1615441090.877965 5429 1 21 match_stop - -
1615441090.914036 5093 1 21 match_stop - -
1615441090.922458 5219 1 21 match_stop - -
1615441090.927829 5425 1 21 match_stop - -
1615441090.936790 5319 1 21 match_stop - -
1615441090.938970 5291 1 21 match_stop - -
1615441090.945714 5352 1 21 match_stop - -
1615441090.949724 5260 1 21 match_stop - -
1615441090.959147 4955 1 21 match_stop - -
1615441090.959721 5252 1 21 match_stop - -
1615441090.974811 4815 1 21 match_stop - -
1615441090.981377 5421 1 21 match_stop - -
1615441091.077254 5374 1 21 match_stop - -
1615441091.127616 5381 1 21 match_stop - -
1615441091.127924 5245 1 21 match_stop - -
1615441091.151621 4850 1 21 match_stop - -
1615441091.164786 5436 1 21 match_stop - -
1615441091.192837 5280 1 21 match_stop - -
1615441091.202859 5101 1 21 match_stop - -
1615441091.211785 5040 1 21 match_stop - -
1615441091.214389 4997 1 21 match_stop - -
1615441091.224833 5129 1 21 match_stop - -
1615441091.235936 5424 1 21 match_stop - -
1615441091.242356 4913 1 21 match_stop - -
1615441091.245168 5182 1 21 match_stop - -
1615441091.246238 4579 1 21 match_stop - -
1615441091.248445 4403 1 21 match_stop - -
1615441091.294083 5458 1 21 match_stop - -
1615441091.314800 5390 1 21 match_stop - -
1615441091.316835 4783 1 21 match_stop - -
1615441091.355935 5338 1 21 match_stop - -
1615441091.361997 5037 1 21 match_stop - -
1615441091.363633 5462 1 21 match_stop - -
1615441091.363965 4516 1 21 match_stop - -
1615441091.376430 3974 1 21 match_stop - -
1615441091.392799 5316 1 21 match_stop - -
1615441091.393268 4733 1 21 match_stop - -
1615441091.393988 4831 1 21 match_stop - -
1615441091.394747 4937 1 21 match_stop - -
1615441091.406053 4818 1 21 match_stop - -
1615441091.406163 4769 1 21 match_stop - -
1615441091.414144 5340 1 21 match_stop - -
1615441091.415826 5403 1 21 match_stop - -
1615441091.416739 5333 1 21 match_stop - -
1615441091.418798 5382 1 21 match_stop - -
1615441091.422937 4586 1 21 match_stop - -
1615441091.465114 5372 1 21 match_stop - -
1615441091.539351 5384 1 21 match_stop - -
1615441091.539788 4388 1 21 match_stop - -
1615441091.542928 4744 1 21 match_stop - -
1615441091.553262 5334 1 21 match_stop - -
1615441091.554037 4704 1 21 match_stop - -
1615441091.560088 5048 1 21 match_stop - -
1615441091.560160 5393 1 21 match_stop - -
1615441091.586025 4752 1 21 match_stop - -
1615441091.590373 5358 1 21 match_stop - -
1615441091.591436 5433 1 21 match_stop - -
1615441091.595999 5456 1 21 match_stop - -
1615441091.597990 5297 1 21 match_stop - -
1615441091.603005 4943 1 21 match_stop - -
1615441091.634242 4974 1 21 match_stop - -
1615441091.642027 5344 1 21 match_stop - -
1615441091.650981 5000 1 21 match_stop - -
1615441091.654751 4581 1 21 match_stop - -
1615441091.675250 4837 1 21 match_stop - -
1615441091.678092 5161 1 21 match_stop - -
1615441091.683549 4895 1 21 match_stop - -
1615441091.701095 5353 1 21 match_stop - -
1615441091.722863 5380 1 21 match_stop - -
1615441091.722885 5065 1 21 match_stop - -
1615441091.725700 5540 1 21 match_stop - -
1615441091.735005 5349 1 21 match_stop - -
1615441091.740043 4875 1 21 match_stop - -
1615441091.797064 4519 1 21 match_stop - -
1615441091.840197 5006 1 21 match_stop - -
1615441091.847989 5430 1 21 match_stop - -
1615441091.852503 4249 1 21 match_stop - -
1615441091.855177 4715 1 21 match_stop - -
1615441091.909213 4917 1 21 match_stop - -
1615441091.910218 4587 1 21 match_stop - -
1615441091.961429 5070 1 21 match_stop - -
1615441091.974275 5337 1 21 match_stop - -
1615441091.978066 5124 1 21 match_stop - -
1615441091.981642 5350 1 21 match_stop - -
1615441092.004017 5128 1 21 match_stop - -
1615441092.009121 5076 1 21 match_stop - -
1615441092.063056 5485 1 21 match_stop - -
1615441092.065212 5166 1 21 match_stop - -
1615441092.065537 4727 1 21 match_stop - -
1615441092.071830 5283 1 21 match_stop - -
1615441092.076392 5080 1 21 match_stop - -
1615441092.088696 4577 1 21 match_stop - -
1615441092.090739 5538 1 21 match_stop - -
1615441092.099747 5346 1 21 match_stop - -
1615441092.149010 5396 1 21 match_stop - -
1615441092.169917 5062 1 21 match_stop - -
1615441092.176458 5215 1 21 match_stop - -
1615441092.188918 4814 1 21 match_stop - -
1615441092.196839 5492 1 21 match_stop - -
1615441092.197875 5385 1 21 match_stop - -
1615441092.200705 5392 1 21 match_stop - -
1615441092.205268 5511 1 21 match_stop - -
1615441092.210109 4433 1 21 match_stop - -
1615441092.219507 5422 1 21 match_stop - -
1615441092.310174 5451 1 21 match_stop - -
1615441092.313002 5210 1 21 match_stop - -
1615441092.320754 4909 1 21 match_stop - -
1615441092.321017 5098 1 21 match_stop - -
1615441092.416920 5598 1 21 match_stop - -
1615441092.417828 5071 1 21 match_stop - -
1615441092.417898 5567 1 21 match_stop - -
1615441092.455043 5411 1 21 match_stop - -
1615441092.455681 5395 1 21 match_stop - -
1615441092.461720 4749 1 21 match_stop - -
1615441092.472990 4747 1 21 match_stop - -
1615441092.490725 4475 1 21 match_stop - -
1615441092.531185 4979 1 21 match_stop - -
1615441092.541088 5613 1 21 match_stop - -
1615441092.541393 4656 1 21 match_stop - -
1615441092.547153 5038 1 21 match_stop - -
1615441092.569778 5493 1 21 match_stop - -
1615441092.574966 5617 1 21 match_stop - -
1615441092.593966 5536 1 21 match_stop - -
1615441092.615807 5490 1 21 match_stop - -
1615441092.703947 4775 1 21 match_stop - -
1615441092.704988 4731 1 21 match_stop - -
1615441092.705900 5272 1 21 match_stop - -
1615441092.742839 5645 1 21 match_stop - -
1615441092.758267 4846 1 21 match_stop - -
1615441092.761331 5667 1 21 match_stop - -
1615441092.772383 5591 1 21 match_stop - -
1615441092.778937 5662 1 21 match_stop - -
1615441092.779840 5615 1 21 match_stop - -
1615441092.781770 5570 1 21 match_stop - -
1615441092.786090 5666 1 21 match_stop - -
1615441092.802316 5434 1 21 match_stop - -
1615441092.804923 5550 1 21 match_stop - -
1615441092.820559 5545 1 21 match_stop - -
1615441092.820993 5501 1 21 match_stop - -
1615441092.824342 5655 1 21 match_stop - -
1615441092.828102 5608 1 21 match_stop - -
1615441092.829820 4960 1 21 match_stop - -
1615441092.840200 5309 1 21 match_stop - -
1615441092.845048 5614 1 21 match_stop - -
1615441092.848574 4800 1 21 match_stop - -
1615441092.849917 5650 1 21 match_stop - -
1615441092.856690 4991 1 21 match_stop - -
1615441092.858641 4905 1 21 match_stop - -
1615441092.913113 5630 1 21 match_stop - -
1615441093.020448 4883 1 21 match_stop - -
1615441093.024173 5593 1 21 match_stop - -
1615441093.029811 5286 1 21 match_stop - -
1615441093.044258 5476 1 21 match_stop - -
1615441093.077836 5533 1 21 match_stop - -
1615441093.099651 4499 1 21 match_stop - -
1615441093.106852 5181 1 21 match_stop - -
1615441093.127937 4996 1 21 match_stop - -
1615441093.128371 5495 1 21 match_stop - -
1615441093.154081 5122 1 21 match_stop - -
1615441093.154138 5631 1 21 match_stop - -
1615441093.157023 5158 1 21 match_stop - -
1615441093.165638 5602 1 21 match_stop - -
1615441093.212943 4684 1 21 match_stop - -
1615441093.214866 4771 1 21 match_stop - -
1615441093.226408 5238 1 21 match_stop - -
1615441093.306989 5213 1 21 match_stop - -
1615441093.340242 5255 1 21 match_stop - -
1615441093.359484 5673 1 21 match_stop - -
1615441093.361293 5008 1 21 match_stop - -
1615441093.371303 5132 1 21 match_stop - -
1615441093.376717 5714 1 21 match_stop - -
1615441093.385819 5086 1 21 match_stop - -
1615441093.397157 4962 1 21 match_stop - -
1615441093.418114 5303 1 21 match_stop - -
1615441093.423829 5302 1 21 match_stop - -
1615441093.431538 5663 1 21 match_stop - -
1615441093.431673 5406 1 21 match_stop - -
1615441093.447781 5531 1 21 match_stop - -
1615441093.449855 5689 1 21 match_stop - -
1615441093.461072 5674 1 21 match_stop - -
1615441093.467556 5606 1 21 match_stop - -
1615441093.485406 5342 1 21 match_stop - -
1615441093.495750 5734 1 21 match_stop - -
1615441093.503656 5719 1 21 match_stop - -
1615441093.514158 4753 1 21 match_stop - -
1615441093.515398 5130 1 21 match_stop - -
1615441093.517153 5404 1 21 match_stop - -
1615441093.525056 5534 1 21 match_stop - -
1615441093.535806 5408 1 21 match_stop - -
1615441093.557974 5737 1 21 match_stop - -
1615441093.558049 5649 1 21 match_stop - -
1615441093.583066 5563 1 21 match_stop - -
1615441093.602654 5676 1 21 match_stop - -
1615441093.605034 5139 1 21 match_stop - -
1615441093.607911 4873 1 21 match_stop - -
1615441093.627926 5131 1 21 match_stop - -
1615441093.631632 5679 1 21 match_stop - -
1615441093.680175 5276 1 21 match_stop - -
1615441093.681207 4755 1 21 match_stop - -
1615441093.693126 4842 1 21 match_stop - -
1615441093.714717 5527 1 21 match_stop - -
1615441093.719778 5005 1 21 match_stop - -
1615441093.723866 4907 1 21 match_stop - -
1615441093.743819 5572 1 21 match_stop - -
1615441093.772035 5585 1 21 match_stop - -
1615441093.773164 5295 1 21 match_stop - -
1615441093.775316 5324 1 21 match_stop - -
1615441093.789312 5610 1 21 match_stop - -
1615441093.794980 5176 1 21 match_stop - -
1615441093.800996 5148 1 21 match_stop - -
1615441093.937928 5628 1 21 match_stop - -
1615441093.984974 4655 1 21 match_stop - -
1615441093.987050 5754 1 21 match_stop - -
1615441094.005098 5643 1 21 match_stop - -
1615441094.159853 5765 1 21 match_stop - -
1615441094.166067 5603 1 21 match_stop - -
1615441094.185458 5109 1 21 match_stop - -
1615441094.185525 5447 1 21 match_stop - -
1615441094.196873 5813 1 21 match_stop - -
1615441094.211261 5440 1 21 match_stop - -
1615441094.221004 5822 1 21 match_stop - -
1615441094.240733 5720 1 21 match_stop - -
1615441094.247112 4643 1 21 match_stop - -
1615441094.248070 5793 1 21 match_stop - -
1615441094.263720 5270 1 21 match_stop - -
1615441094.268616 5747 1 21 match_stop - -
1615441094.318020 4357 1 21 match_stop - -
1615441094.339202 5758 1 21 match_stop - -
1615441094.341874 4881 1 21 match_stop - -
1615441094.345141 5264 1 21 match_stop - -
1615441094.345900 5760 1 21 match_stop - -
1615441094.358376 5359 1 21 match_stop - -
1615441094.426555 5801 1 21 match_stop - -
1615441094.480761 5634 1 21 match_stop - -
1615441094.520258 4951 1 21 match_stop - -
1615441094.521223 4774 1 21 match_stop - -
1615441094.523906 5756 1 21 match_stop - -
1615441094.525861 5073 1 21 match_stop - -
1615441094.527920 5665 1 21 match_stop - -
1615441094.536927 5442 1 21 match_stop - -
1615441094.550733 5723 1 21 match_stop - -
1615441094.558644 5802 1 21 match_stop - -
1615441094.577078 5821 1 21 match_stop - -
1615441094.587306 4748 1 21 match_stop - -
1615441094.587823 5749 1 21 match_stop - -
1615441094.626092 5174 1 21 match_stop - -
1615441094.690616 5090 1 21 match_stop - -
1615441094.735844 5205 1 21 match_stop - -
1615441094.746815 4889 1 21 match_stop - -
1615441094.774862 4990 1 21 match_stop - -
1615441094.786417 5510 1 21 match_stop - -
1615441094.788732 5789 1 21 match_stop - -
1615441094.802739 5410 1 21 match_stop - -
1615441094.804050 5680 1 21 match_stop - -
1615441094.805359 5218 1 21 match_stop - -
1615441094.825201 5704 1 21 match_stop - -
1615441094.843292 5095 1 21 match_stop - -
1615441094.917807 5820 1 21 match_stop - -
1615441094.937375 5893 1 21 match_stop - -
1615441094.938681 4811 1 21 match_stop - -
1615441094.949861 5894 1 21 match_stop - -
1615441094.957869 5733 1 21 match_stop - -
1615441094.994836 5376 1 21 match_stop - -
1615441095.016093 5017 1 21 match_stop - -
1615441095.027939 5781 1 21 match_stop - -
1615441095.073875 5890 1 21 match_stop - -
1615441095.081819 5772 1 21 match_stop - -
1615441095.083960 5854 1 21 match_stop - -
1615441095.085149 5256 1 21 match_stop - -
1615441095.105919 5522 1 21 match_stop - -
1615441095.105993 5867 1 21 match_stop - -
1615441095.109233 5418 1 21 match_stop - -
1615441095.144740 5684 1 21 match_stop - -
1615441095.177479 5398 1 21 match_stop - -
1615441095.180742 5453 1 21 match_stop - -
1615441095.185669 5835 1 21 match_stop - -
1615441095.217612 4956 1 21 match_stop - -
1615441095.218951 4959 1 21 match_stop - -
1615441095.220996 4989 1 21 match_stop - -
1615441095.297445 5887 1 21 match_stop - -
1615441095.309867 5594 1 21 match_stop - -
1615441095.310309 5471 1 21 match_stop - -
1615441095.311507 4659 1 21 match_stop - -
1615441095.312518 5107 1 21 match_stop - -
1615441095.346901 5387 1 21 match_stop - -
1615441095.350030 4763 1 21 match_stop - -
1615441095.351724 5568 1 21 match_stop - -
1615441095.377986 5595 1 21 match_stop - -
1615441095.380692 5221 1 21 match_stop - -
1615441095.384827 5797 1 21 match_stop - -
1615441095.390821 5039 1 21 match_stop - -
1615441095.409759 5861 1 21 match_stop - -
1615441095.444410 5788 1 21 match_stop - -
1615441095.465800 5947 1 21 match_stop - -
1615441095.467799 5929 1 21 match_stop - -
1615441095.505790 5459 1 21 match_stop - -
1615441095.509909 5876 1 21 match_stop - -
1615441095.521087 4652 1 21 match_stop - -
1615441095.525202 5377 1 21 match_stop - -
1615441095.570638 5074 1 21 match_stop - -
1615441095.599446 4751 1 21 match_stop - -
1615441095.607922 5183 1 21 match_stop - -
1615441095.622280 5397 1 21 match_stop - -
1615441095.626041 5284 1 21 match_stop - -
1615441095.628877 5175 1 21 match_stop - -
1615441095.666515 5108 1 21 match_stop - -
1615441095.673592 5641 1 21 match_stop - -
1615441095.678133 5042 1 21 match_stop - -
1615441095.695421 5787 1 21 match_stop - -
1615441095.696494 5705 1 21 match_stop - -
1615441095.765541 5339 1 21 match_stop - -
1615441095.765699 5223 1 21 match_stop - -
1615441095.779688 5001 1 21 match_stop - -
1615441095.829244 5250 1 21 match_stop - -
1615441095.835878 5688 1 21 match_stop - -
1615441095.864137 5805 1 21 match_stop - -
1615441095.865611 5986 1 21 match_stop - -
1615441095.878165 5681 1 21 match_stop - -
1615441095.882357 5537 1 21 match_stop - -
1615441095.929742 5091 1 21 match_stop - -
1615441095.950025 5557 1 21 match_stop - -
1615441095.952067 5414 1 21 match_stop - -
1615441095.952138 5832 1 21 match_stop - -
1615441095.980098 5993 1 21 match_stop - -
1615441096.024042 5896 1 21 match_stop - -
1615441096.026914 5961 1 21 match_stop - -
1615441096.026981 5135 1 21 match_stop - -
1615441096.098216 5126 1 21 match_stop - -
1615441096.101807 5473 1 21 match_stop - -
1615441096.103022 5266 1 21 match_stop - -
1615441096.106144 5596 1 21 match_stop - -
1615441096.131588 5227 1 21 match_stop - -
1615441096.144369 5054 1 21 match_stop - -
1615441096.206290 5901 1 21 match_stop - -
1615441096.208261 5875 1 21 match_stop - -
1615441096.208310 5228 1 21 match_stop - -
1615441096.210732 5627 1 21 match_stop - -
1615441096.211876 5858 1 21 match_stop - -
1615441096.222475 5497 1 21 match_stop - -
1615441096.231590 6029 1 21 match_stop - -
1615441096.231908 5177 1 21 match_stop - -
1615441096.235502 5478 1 21 match_stop - -
1615441096.235792 5254 1 21 match_stop - -
1615441096.259804 6020 1 21 match_stop - -
1615441096.264065 4894 1 21 match_stop - -
1615441096.265983 6035 1 21 match_stop - -
1615441096.280063 5829 1 21 match_stop - -
1615441096.280191 5948 1 21 match_stop - -
1615441096.292163 4724 1 21 match_stop - -
1615441096.312689 6011 1 21 match_stop - -
1615441096.316780 5692 1 21 match_stop - -
1615441096.325748 6018 1 21 match_stop - -
1615441096.328872 5954 1 21 match_stop - -
1615441096.346216 6060 1 21 match_stop - -
1615441096.346342 5862 1 21 match_stop - -
1615441096.346760 5472 1 21 match_stop - -
1615441096.354217 5770 1 21 match_stop - -
1615441096.361091 5903 1 21 match_stop - -
1615441096.380832 5500 1 21 match_stop - -
1615441096.383962 5332 1 21 match_stop - -
1615441096.428198 5997 1 21 match_stop - -
1615441096.443556 5618 1 21 match_stop - -
1615441096.445472 5525 1 21 match_stop - -
1615441096.454590 6057 1 21 match_stop - -
1615441096.514118 5825 1 21 match_stop - -
1615441096.518900 5925 1 21 match_stop - -
1615441096.524947 5498 1 21 match_stop - -
1615441096.527733 5739 1 21 match_stop - -
1615441096.543008 5919 1 21 match_stop - -
1615441096.561536 6092 1 21 match_stop - -
1615441096.569567 5769 1 21 match_stop - -
1615441096.583979 5904 1 21 match_stop - -
1615441096.591829 5438 1 21 match_stop - -
1615441096.592976 6095 1 21 match_stop - -
1615441096.598707 5895 1 21 match_stop - -
1615441096.641650 6056 1 21 match_stop - -
1615441096.646084 5220 1 21 match_stop - -
1615441096.647857 5686 1 21 match_stop - -
1615441096.650244 4736 1 21 match_stop - -
1615441096.652853 6086 1 21 match_stop - -
1615441096.657097 5103 1 21 match_stop - -
1615441096.675186 5407 1 21 match_stop - -
1615441096.675567 5288 1 21 match_stop - -
1615441096.687357 5717 1 21 match_stop - -
1615441096.742039 5696 1 21 match_stop - -
1615441096.781715 5989 1 21 match_stop - -
1615441096.784134 5722 1 21 match_stop - -
1615441096.785000 5687 1 21 match_stop - -
1615441096.793221 5341 1 21 match_stop - -
1615441096.794325 5814 1 21 match_stop - -
1615441096.796541 6041 1 21 match_stop - -
1615441096.802266 5697 1 21 match_stop - -
1615441096.802825 5742 1 21 match_stop - -
1615441096.823000 5988 1 21 match_stop - -
1615441096.823649 5452 1 21 match_stop - -
1615441096.824901 5974 1 21 match_stop - -
1615441096.846345 5724 1 21 match_stop - -
1615441096.850149 5214 1 21 match_stop - -
1615441096.852829 5990 1 21 match_stop - -
1615441096.860762 5891 1 21 match_stop - -
1615441096.878657 6077 1 21 match_stop - -
1615441096.878944 6025 1 21 match_stop - -
1615441096.883899 5483 1 21 match_stop - -
1615441097.079905 5703 1 21 match_stop - -
1615441097.088228 5706 1 21 match_stop - -
1615441097.112580 6096 1 21 match_stop - -
1615441097.114593 6097 1 21 match_stop - -
1615441097.117920 5482 1 21 match_stop - -
1615441097.117976 5611 1 21 match_stop - -
1615441097.138764 5304 1 21 match_stop - -
1615441097.138953 5539 1 21 match_stop - -
1615441097.141333 6190 1 21 match_stop - -
1615441097.145586 5981 1 21 match_stop - -
1615441097.158102 5506 1 21 match_stop - -
1615441097.158128 6023 1 21 match_stop - -
1615441097.193385 6017 1 21 match_stop - -
1615441097.214566 5305 1 21 match_stop - -
1615441097.214960 5554 1 21 match_stop - -
1615441097.231653 5532 1 21 match_stop - -
1615441097.234030 6153 1 21 match_stop - -
1615441097.248263 5015 1 21 match_stop - -
1615441097.250857 5808 1 21 match_stop - -
1615441097.292264 5977 1 21 match_stop - -
1615441097.294549 5480 1 21 match_stop - -
1615441097.302764 5524 1 21 match_stop - -
1615441097.308829 6052 1 21 match_stop - -
1615441097.309752 5995 1 21 match_stop - -
1615441097.314902 5741 1 21 match_stop - -
1615441097.324104 5963 1 21 match_stop - -
1615441097.350181 5518 1 21 match_stop - -
1615441097.366328 5326 1 21 match_stop - -
1615441097.381807 5750 1 21 match_stop - -
1615441097.386825 5491 1 21 match_stop - -
1615441097.387773 6062 1 21 match_stop - -
1615441097.392989 6043 1 21 match_stop - -
1615441097.427796 5815 1 21 match_stop - -
1615441097.428636 6170 1 21 match_stop - -
1615441097.439793 5450 1 21 match_stop - -
1615441097.444302 6071 1 21 match_stop - -
1615441097.448747 5481 1 21 match_stop - -
1615441097.460033 5489 1 21 match_stop - -
1615441097.530746 6154 1 21 match_stop - -
1615441097.538000 5444 1 21 match_stop - -
1615441097.553224 5755 1 21 match_stop - -
1615441097.558067 5307 1 21 match_stop - -
1615441097.558093 6182 1 21 match_stop - -
1615441097.620970 5548 1 21 match_stop - -
1615441097.652552 6272 1 21 match_stop - -
1615441097.652712 6179 1 21 match_stop - -
1615441097.688851 5514 1 21 match_stop - -
1615441097.702366 6210 1 21 match_stop - -
1615441097.730783 5365 1 21 match_stop - -
1615441097.736390 5660 1 21 match_stop - -
1615441097.740046 6176 1 21 match_stop - -
1615441097.741382 6183 1 21 match_stop - -
1615441097.748963 6075 1 21 match_stop - -
1615441097.754719 6054 1 21 match_stop - -
1615441097.798665 5812 1 21 match_stop - -
1615441097.816597 5320 1 21 match_stop - -
1615441097.816622 5588 1 21 match_stop - -
1615441097.817888 6084 1 21 match_stop - -
1615441097.856048 5766 1 21 match_stop - -
1615441097.858743 5601 1 21 match_stop - -
1615441097.863890 6261 1 21 match_stop - -
1615441097.869769 6229 1 21 match_stop - -
1615441097.875787 5726 1 21 match_stop - -
1615441097.879672 6241 1 21 match_stop - -
1615441097.902325 6186 1 21 match_stop - -
1615441097.904164 5874 1 21 match_stop - -
1615441097.905113 6217 1 21 match_stop - -
1615441097.905192 6046 1 21 match_stop - -
1615441097.907767 6257 1 21 match_stop - -
1615441097.960104 5371 1 21 match_stop - -
1615441097.972115 5923 1 21 match_stop - -
1615441097.978524 5694 1 21 match_stop - -
1615441097.989148 5869 1 21 match_stop - -
1615441097.991492 6115 1 21 match_stop - -
1615441098.003596 5880 1 21 match_stop - -
1615441098.050778 5345 1 21 match_stop - -
1615441098.069083 5632 1 21 match_stop - -
1615441098.069127 6175 1 21 match_stop - -
1615441098.069500 6291 1 21 match_stop - -
1615441098.092235 5677 1 21 match_stop - -
1615441098.148616 6067 1 21 match_stop - -
1615441098.153117 5851 1 21 match_stop - -
1615441098.170106 6213 1 21 match_stop - -
1615441098.172041 5909 1 21 match_stop - -
1615441098.172077 6307 1 21 match_stop - -
1615441098.177846 5470 1 21 match_stop - -
1615441098.182853 5960 1 21 match_stop - -
1615441098.216025 6223 1 21 match_stop - -
1615441098.216054 6341 1 21 match_stop - -
1615441098.243644 5868 1 21 match_stop - -
1615441098.328638 6156 1 21 match_stop - -
1615441098.334031 6172 1 21 match_stop - -
1615441098.354116 6003 1 21 match_stop - -
1615441098.354600 5658 1 21 match_stop - -
1615441098.356484 6173 1 21 match_stop - -
1615441098.368483 5859 1 21 match_stop - -
1615441098.402822 5360 1 21 match_stop - -
1615441098.416880 6364 1 21 match_stop - -
1615441098.417809 6352 1 21 match_stop - -
1615441098.431791 5652 1 21 match_stop - -
1615441098.435535 6268 1 21 match_stop - -
1615441098.446087 5443 1 21 match_stop - -
1615441098.477162 6236 1 21 match_stop - -
1615441098.477710 6239 1 21 match_stop - -
1615441098.477736 5636 1 21 match_stop - -
1615441098.477846 5642 1 21 match_stop - -
1615441098.507535 6305 1 21 match_stop - -
1615441098.508423 6276 1 21 match_stop - -
1615441098.510122 5619 1 21 match_stop - -
1615441098.511914 6380 1 21 match_stop - -
1615441098.524563 5922 1 21 match_stop - -
1615441098.536990 5932 1 21 match_stop - -
1615441098.548816 6340 1 21 match_stop - -
1615441098.619492 6270 1 21 match_stop - -
1615441098.652778 6304 1 21 match_stop - -
1615441098.675700 6255 1 21 match_stop - -
1615441098.702672 5262 1 21 match_stop - -
1615441098.722028 6330 1 21 match_stop - -
1615441098.734691 5860 1 21 match_stop - -
1615441098.737844 5998 1 21 match_stop - -
1615441098.754876 5927 1 21 match_stop - -
1615441098.760397 6260 1 21 match_stop - -
1615441098.766093 6031 1 21 match_stop - -
1615441098.791334 5728 1 21 match_stop - -
1615441098.795860 5212 1 21 match_stop - -
1615441098.829964 5941 1 21 match_stop - -
1615441098.854397 5946 1 21 match_stop - -
1615441098.877583 6212 1 21 match_stop - -
1615441098.882925 6195 1 21 match_stop - -
1615441098.894002 6350 1 21 match_stop - -
1615441098.898080 5622 1 21 match_stop - -
1615441098.901371 6224 1 21 match_stop - -
1615441098.911736 5553 1 21 match_stop - -
1615441098.925620 5713 1 21 match_stop - -
1615441098.956235 5806 1 21 match_stop - -
1615441098.960981 6002 1 21 match_stop - -
1615441098.966665 6338 1 21 match_stop - -
1615441098.973582 6044 1 21 match_stop - -
1615441098.986021 5559 1 21 match_stop - -
1615441098.991918 5768 1 21 match_stop - -
1615441098.993860 5578 1 21 match_stop - -
1615441098.994661 5888 1 21 match_stop - -
1615441099.009705 6461 1 21 match_stop - -
1615441099.015962 6414 1 21 match_stop - -
1615441099.021768 6312 1 21 match_stop - -
1615441099.047229 6286 1 21 match_stop - -
1615441099.051969 5745 1 21 match_stop - -
1615441099.059860 6047 1 21 match_stop - -
1615441099.062026 6373 1 21 match_stop - -
1615441099.077742 6240 1 21 match_stop - -
1615441099.081069 6371 1 21 match_stop - -
1615441099.083036 5597 1 21 match_stop - -
1615441099.086134 6230 1 21 match_stop - -
1615441099.177070 5863 1 21 match_stop - -
1615441099.177395 6370 1 21 match_stop - -
1615441099.180703 6216 1 21 match_stop - -
1615441099.187119 6354 1 21 match_stop - -
1615441099.211230 5592 1 21 match_stop - -
1615441099.212227 5959 1 21 match_stop - -
1615441099.213244 5083 1 21 match_stop - -
1615441099.224317 5670 1 21 match_stop - -
1615441099.226038 6343 1 21 match_stop - -
1615441099.309136 6122 1 21 match_stop - -
1615441099.360596 6083 1 21 match_stop - -
1615441099.360833 5964 1 21 match_stop - -
1615441099.377789 6013 1 21 match_stop - -
1615441099.392943 6397 1 21 match_stop - -
1615441099.412082 5279 1 21 match_stop - -
1615441099.415222 5957 1 21 match_stop - -
1615441099.427389 6351 1 21 match_stop - -
1615441099.460850 6249 1 21 match_stop - -
1615441099.468951 6476 1 21 match_stop - -
1615441099.469006 6342 1 21 match_stop - -
1615441099.481308 6375 1 21 match_stop - -
1615441099.483692 5731 1 21 match_stop - -
1615441099.513095 6405 1 21 match_stop - -
1615441099.531041 6429 1 21 match_stop - -
1615441099.540107 5843 1 21 match_stop - -
1615441099.540209 6321 1 21 match_stop - -
1615441099.553989 6306 1 21 match_stop - -
1615441099.583955 6284 1 21 match_stop - -
1615441099.585418 5928 1 21 match_stop - -
1615441099.596152 5853 1 21 match_stop - -
1615441099.611021 5778 1 21 match_stop - -
1615441099.621198 6472 1 21 match_stop - -
1615441099.621641 6285 1 21 match_stop - -
1615441099.634805 5972 1 21 match_stop - -
1615441099.663246 6482 1 21 match_stop - -
1615441099.663905 6451 1 21 match_stop - -
1615441099.666739 6513 1 21 match_stop - -
1615441099.681923 5877 1 21 match_stop - -
1615441099.682936 5973 1 21 match_stop - -
1615441099.689678 6519 1 21 match_stop - -
1615441099.732113 5962 1 21 match_stop - -
1615441099.734862 6438 1 21 match_stop - -
1615441099.737248 5984 1 21 match_stop - -
1615441099.739179 5975 1 21 match_stop - -
1615441099.746685 6449 1 21 match_stop - -
1615441099.750248 6378 1 21 match_stop - -
1615441099.794999 6398 1 21 match_stop - -
1615441099.810017 6557 1 21 match_stop - -
1615441099.841141 6091 1 21 match_stop - -
1615441099.854930 6522 1 21 match_stop - -
1615441099.855947 6123 1 21 match_stop - -
1615441099.926120 6507 1 21 match_stop - -
1615441099.928854 5804 1 21 match_stop - -
1615441099.937892 6101 1 21 match_stop - -
1615441099.938047 5678 1 21 match_stop - -
1615441099.940349 5935 1 21 match_stop - -
1615441099.943902 6150 1 21 match_stop - -
1615441099.956957 6569 1 21 match_stop - -
1615441100.001062 6024 1 21 match_stop - -
1615441100.001144 6442 1 21 match_stop - -
1615441100.019432 6369 1 21 match_stop - -
1615441100.023149 6205 1 21 match_stop - -
1615441100.025207 6445 1 21 match_stop - -
1615441100.039708 5803 1 21 match_stop - -
1615441100.101031 6493 1 21 match_stop - -
1615441100.121332 6531 1 21 match_stop - -
1615441100.124312 6484 1 21 match_stop - -
1615441100.127800 6559 1 21 match_stop - -
1615441100.133056 6117 1 21 match_stop - -
1615441100.136767 6489 1 21 match_stop - -
1615441100.141687 6222 1 21 match_stop - -
1615441100.171799 5779 1 21 match_stop - -
1615441100.182866 6585 1 21 match_stop - -
1615441100.184303 6194 1 21 match_stop - -
1615441100.193057 6492 1 21 match_stop - -
1615441100.225713 6537 1 21 match_stop - -
1615441100.235824 6377 1 21 match_stop - -
1615441100.240918 6379 1 21 match_stop - -
1615441100.241084 6196 1 21 match_stop - -
1615441100.245866 6600 1 21 match_stop - -
1615441100.249112 6486 1 21 match_stop - -
1615441100.249693 6580 1 21 match_stop - -
1615441100.257909 6274 1 21 match_stop - -
1615441100.259006 5744 1 21 match_stop - -
1615441100.277164 6061 1 21 match_stop - -
1615441100.300237 5987 1 21 match_stop - -
1615441100.328977 6040 1 21 match_stop - -
1615441100.329327 5633 1 21 match_stop - -
1615441100.331873 6376 1 21 match_stop - -
1615441100.387763 6271 1 21 match_stop - -
1615441100.420838 6546 1 21 match_stop - -
1615441100.448785 5933 1 21 match_stop - -
1615441100.459531 6400 1 21 match_stop - -
1615441100.462867 6450 1 21 match_stop - -
1615441100.462917 6439 1 21 match_stop - -
1615441100.481803 6235 1 21 match_stop - -
1615441100.493198 6127 1 21 match_stop - -
1615441100.504144 6069 1 21 match_stop - -
1615441100.510815 6446 1 21 match_stop - -
1615441100.555863 5866 1 21 match_stop - -
1615441100.564078 6483 1 21 match_stop - -
1615441100.572946 6538 1 21 match_stop - -
1615441100.573095 6479 1 21 match_stop - -
1615441100.584875 6485 1 21 match_stop - -
1615441100.614305 6422 1 21 match_stop - -
1615441100.669356 6444 1 21 match_stop - -
1615441100.683239 6529 1 21 match_stop - -
1615441100.685022 6612 1 21 match_stop - -
1615441100.699640 5767 1 21 match_stop - -
1615441100.708539 6661 1 21 match_stop - -
1615441100.729699 6487 1 21 match_stop - -
1615441100.790347 5956 1 21 match_stop - -
1615441100.804018 6676 1 21 match_stop - -
1615441100.807088 6677 1 21 match_stop - -
1615441100.813043 5898 1 21 match_stop - -
1615441100.816233 6597 1 21 match_stop - -
1615441100.816272 6459 1 21 match_stop - -
1615441100.816822 6129 1 21 match_stop - -
1615441100.837386 6594 1 21 match_stop - -
1615441100.844695 6488 1 21 match_stop - -
1615441100.874246 6008 1 21 match_stop - -
1615441100.911079 6448 1 21 match_stop - -
1615441100.916730 6188 1 21 match_stop - -
1615441100.927766 6124 1 21 match_stop - -
1615441100.931706 5732 1 21 match_stop - -
1615441100.935484 6658 1 21 match_stop - -
1615441100.935886 6152 1 21 match_stop - -
1615441100.939794 6686 1 21 match_stop - -
1615441100.947752 5582 1 21 match_stop - -
1615441100.958783 6662 1 21 match_stop - -
1615441100.976285 5934 1 21 match_stop - -
1615441100.976352 6610 1 21 match_stop - -
1615441100.991767 6592 1 21 match_stop - -
1615441100.994183 6331 1 21 match_stop - -
1615441101.006603 6604 1 21 match_stop - -
1615441101.010700 6645 1 21 match_stop - -
1615441101.054055 6178 1 21 match_stop - -
1615441101.056061 6659 1 21 match_stop - -
1615441101.062972 5908 1 21 match_stop - -
1615441101.066336 6494 1 21 match_stop - -
1615441101.070842 6675 1 21 match_stop - -
1615441101.082252 5910 1 21 match_stop - -
1615441101.084317 6126 1 21 match_stop - -
1615441101.126491 6709 1 21 match_stop - -
1615441101.157510 6001 1 21 match_stop - -
1615441101.173773 5837 1 21 match_stop - -
1615441101.260636 6193 1 21 match_stop - -
1615441101.260923 6525 1 21 match_stop - -
1615441101.288235 6314 1 21 match_stop - -
1615441101.321921 5911 1 21 match_stop - -
1615441101.331364 5850 1 21 match_stop - -
1615441101.331868 6753 1 21 match_stop - -
1615441101.351774 5915 1 21 match_stop - -
1615441101.354094 6512 1 21 match_stop - -
1615441101.355131 5730 1 21 match_stop - -
1615441101.356132 6740 1 21 match_stop - -
1615441101.402540 6399 1 21 match_stop - -
1615441101.425256 6059 1 21 match_stop - -
1615441101.426824 6669 1 21 match_stop - -
1615441101.427218 6218 1 21 match_stop - -
1615441101.430018 6672 1 21 match_stop - -
1615441101.436786 6295 1 21 match_stop - -
1615441101.438909 5955 1 21 match_stop - -
1615441101.447834 6763 1 21 match_stop - -
1615441101.455781 6743 1 21 match_stop - -
1615441101.518733 6209 1 21 match_stop - -
1615441101.519706 5958 1 21 match_stop - -
1615441101.526348 6540 1 21 match_stop - -
1615441101.526448 6578 1 21 match_stop - -
1615441101.548970 6560 1 21 match_stop - -
1615441101.554865 6334 1 21 match_stop - -
1615441101.560762 6103 1 21 match_stop - -
1615441101.561730 6053 1 21 match_stop - -
1615441101.575074 6563 1 21 match_stop - -
1615441101.578178 5999 1 21 match_stop - -
1615441101.624066 6452 1 21 match_stop - -
1615441101.639648 5708 1 21 match_stop - -
1615441101.641627 6473 1 21 match_stop - -
1615441101.643758 6664 1 21 match_stop - -
1615441101.659095 6420 1 21 match_stop - -
1615441101.660961 6206 1 21 match_stop - -
1615441101.670919 6625 1 21 match_stop - -
1615441101.674862 6454 1 21 match_stop - -
1615441101.679248 6593 1 21 match_stop - -
1615441101.681016 6317 1 21 match_stop - -
1615441101.691507 5762 1 21 match_stop - -
1615441101.693788 6389 1 21 match_stop - -
1615441101.704922 5838 1 21 match_stop - -
1615441101.714306 6596 1 21 match_stop - -
1615441101.721912 6622 1 21 match_stop - -
1615441101.722904 6004 1 21 match_stop - -
1615441101.728688 6360 1 21 match_stop - -
1615441101.751996 5889 1 21 match_stop - -
1615441101.759900 5945 1 21 match_stop - -
1615441101.771407 6713 1 21 match_stop - -
1615441101.771571 5907 1 21 match_stop - -
1615441101.777631 6750 1 21 match_stop - -
1615441101.777687 6657 1 21 match_stop - -
1615441101.786189 6586 1 21 match_stop - -
1615441101.806664 6708 1 21 match_stop - -
1615441101.813801 6262 1 21 match_stop - -
1615441101.815809 6755 1 21 match_stop - -
1615441101.828625 5942 1 21 match_stop - -
1615441101.830771 6711 1 21 match_stop - -
1615441101.836013 6665 1 21 match_stop - -
1615441101.955884 6719 1 21 match_stop - -
1615441101.966781 6781 1 21 match_stop - -
1615441101.986260 6752 1 21 match_stop - -
1615441102.012859 6401 1 21 match_stop - -
1615441102.013628 6660 1 21 match_stop - -
1615441102.015953 6292 1 21 match_stop - -
1615441102.029976 6105 1 21 match_stop - -
1615441102.043806 5930 1 21 match_stop - -
1615441102.058736 6694 1 21 match_stop - -
1615441102.060706 6148 1 21 match_stop - -
1615441102.080786 6085 1 21 match_stop - -
1615441102.082922 6738 1 21 match_stop - -
1615441102.088128 6202 1 21 match_stop - -
1615441102.138149 6679 1 21 match_stop - -
1615441102.139977 6253 1 21 match_stop - -
1615441102.187903 6323 1 21 match_stop - -
1615441102.222622 6687 1 21 match_stop - -
1615441102.302411 6734 1 21 match_stop - -
1615441102.341924 5810 1 21 match_stop - -
1615441102.345981 5917 1 21 match_stop - -
1615441102.346036 6820 1 21 match_stop - -
1615441102.350840 6666 1 21 match_stop - -
1615441102.352936 6647 1 21 match_stop - -
1615441102.363818 6565 1 21 match_stop - -
1615441102.376673 5882 1 21 match_stop - -
1615441102.392727 5727 1 21 match_stop - -
1615441102.403262 5566 1 21 match_stop - -
1615441102.415573 6770 1 21 match_stop - -
1615441102.417348 6128 1 21 match_stop - -
1615441102.421870 6028 1 21 match_stop - -
1615441102.425784 6143 1 21 match_stop - -
1615441102.463857 6477 1 21 match_stop - -
1615441102.508853 6745 1 21 match_stop - -
1615441102.514728 6670 1 21 match_stop - -
1615441102.540684 6395 1 21 match_stop - -
1615441102.548783 6808 1 21 match_stop - -
1615441102.558881 6733 1 21 match_stop - -
1615441102.607865 6742 1 21 match_stop - -
1615441102.622681 6674 1 21 match_stop - -
1615441102.623648 6090 1 21 match_stop - -
1615441102.646076 5937 1 21 match_stop - -
1615441102.648845 6201 1 21 match_stop - -
1615441102.680132 6703 1 21 match_stop - -
1615441102.680180 6576 1 21 match_stop - -
1615441102.680277 6521 1 21 match_stop - -
1615441102.680812 6892 1 21 match_stop - -
1615441102.691969 6432 1 21 match_stop - -
1615441102.708673 6566 1 21 match_stop - -
1615441102.710053 5940 1 21 match_stop - -
1615441102.729401 6834 1 21 match_stop - -
1615441102.799544 6263 1 21 match_stop - -
1615441102.803716 6015 1 21 match_stop - -
1615441102.832762 6924 1 21 match_stop - -
1615441102.850663 6879 1 21 match_stop - -
1615441102.854968 6100 1 21 match_stop - -
1615441102.868066 6361 1 21 match_stop - -
1615441102.903040 6791 1 21 match_stop - -
1615441102.905010 6106 1 21 match_stop - -
1615441102.913858 6027 1 21 match_stop - -
1615441102.915226 6768 1 21 match_stop - -
1615441102.955911 6169 1 21 match_stop - -
1615441102.965549 6302 1 21 match_stop - -
1615441102.973924 6109 1 21 match_stop - -
1615441102.974031 6828 1 21 match_stop - -
1615441103.009369 6946 1 21 match_stop - -
1615441103.014708 6877 1 21 match_stop - -
1615441103.023055 6725 1 21 match_stop - -
1615441103.024544 6511 1 21 match_stop - -
1615441103.076015 6784 1 21 match_stop - -
1615441103.079041 6833 1 21 match_stop - -
1615441103.128989 6917 1 21 match_stop - -
1615441103.171336 5841 1 21 match_stop - -
1615441103.190783 6788 1 21 match_stop - -
1615441103.191685 6848 1 21 match_stop - -
1615441103.261786 6289 1 21 match_stop - -
1615441103.262136 6880 1 21 match_stop - -
1615441103.295227 6843 1 21 match_stop - -
1615441103.316115 6200 1 21 match_stop - -
1615441103.318768 6539 1 21 match_stop - -
1615441103.327287 6667 1 21 match_stop - -
1615441103.340594 6098 1 21 match_stop - -
1615441103.351925 6802 1 21 match_stop - -
1615441103.362149 6655 1 21 match_stop - -
1615441103.375047 6081 1 21 match_stop - -
1615441103.378840 6135 1 21 match_stop - -
1615441103.381907 6871 1 21 match_stop - -
1615441103.389145 6982 1 21 match_stop - -
1615441103.389276 6134 1 21 match_stop - -
1615441103.397836 6055 1 21 match_stop - -
1615441103.418844 6948 1 21 match_stop - -
1615441103.459794 6045 1 21 match_stop - -
1615441103.467936 6810 1 21 match_stop - -
1615441103.467978 6840 1 21 match_stop - -
1615441103.468181 6556 1 21 match_stop - -
1615441103.468239 5849 1 21 match_stop - -
1615441103.477965 6975 1 21 match_stop - -
1615441103.487762 6155 1 21 match_stop - -
1615441103.497336 6611 1 21 match_stop - -
1615441103.508210 6646 1 21 match_stop - -
1615441103.527955 6836 1 21 match_stop - -
1615441103.579815 6523 1 21 match_stop - -
1615441103.594010 6628 1 21 match_stop - -
1615441103.595206 6516 1 21 match_stop - -
1615441103.596863 6573 1 21 match_stop - -
1615441103.596945 6087 1 21 match_stop - -
1615441103.608508 6185 1 21 match_stop - -
1615441103.623796 6191 1 21 match_stop - -
1615441103.647821 6842 1 21 match_stop - -
1615441103.652030 6184 1 21 match_stop - -
1615441103.653512 6964 1 21 match_stop - -
1615441103.683193 5782 1 21 match_stop - -
1615441103.719923 6037 1 21 match_stop - -
1615441103.719965 6147 1 21 match_stop - -
1615441103.721524 6426 1 21 match_stop - -
1615441103.733125 5612 1 21 match_stop - -
1615441103.734503 6107 1 21 match_stop - -
1615441103.751099 5906 1 21 match_stop - -
1615441103.753102 5637 1 21 match_stop - -
1615441103.766124 6577 1 21 match_stop - -
1615441103.769108 6396 1 21 match_stop - -
1615441103.779626 6570 1 21 match_stop - -
1615441103.785645 6050 1 21 match_stop - -
1615441103.795859 6245 1 21 match_stop - -
1615441103.810340 6251 1 21 match_stop - -
1615441103.811606 6246 1 21 match_stop - -
1615441103.812330 6824 1 21 match_stop - -
1615441103.814060 6952 1 21 match_stop - -
1615441103.834110 6079 1 21 match_stop - -
1615441103.844630 6883 1 21 match_stop - -
1615441103.846758 6853 1 21 match_stop - -
1615441103.850834 6849 1 21 match_stop - -
1615441103.858262 6088 1 21 match_stop - -
1615441103.874220 6125 1 21 match_stop - -
1615441103.874553 6826 1 21 match_stop - -
1615441103.874877 6278 1 21 match_stop - -
1615441103.876042 7027 1 21 match_stop - -
1615441103.904095 6925 1 21 match_stop - -
1615441103.904201 6663 1 21 match_stop - -
1615441103.974118 6534 1 21 match_stop - -
1615441103.976781 6093 1 21 match_stop - -
1615441103.989542 6835 1 21 match_stop - -
1615441104.012584 5833 1 21 match_stop - -
1615441104.031947 6247 1 21 match_stop - -
1615441104.032174 6916 1 21 match_stop - -
1615441104.046149 6873 1 21 match_stop - -
1615441104.056235 6387 1 21 match_stop - -
1615441104.058734 6406 1 21 match_stop - -
1615441104.116256 6985 1 21 match_stop - -
1615441104.116310 6794 1 21 match_stop - -
1615441104.127873 6392 1 21 match_stop - -
1615441104.140133 6685 1 21 match_stop - -
1615441104.156268 5892 1 21 match_stop - -
1615441104.166239 6238 1 21 match_stop - -
1615441104.168286 6431 1 21 match_stop - -
1615441104.181862 6561 1 21 match_stop - -
1615441104.182913 7012 1 21 match_stop - -
1615441104.186878 7026 1 21 match_stop - -
1615441104.201093 6318 1 21 match_stop - -
1615441104.205859 6303 1 21 match_stop - -
1615441104.222341 6316 1 21 match_stop - -
1615441104.225383 7042 1 21 match_stop - -
1615441104.231923 6954 1 21 match_stop - -
1615441104.254316 6891 1 21 match_stop - -
1615441104.259943 6956 1 21 match_stop - -
1615441104.262933 6618 1 21 match_stop - -
1615441104.267822 6756 1 21 match_stop - -
1615441104.268204 5830 1 21 match_stop - -
1615441104.286832 6403 1 21 match_stop - -
1615441104.288528 6535 1 21 match_stop - -
1615441104.292864 6180 1 21 match_stop - -
1615441104.320220 6758 1 21 match_stop - -
1615441104.323839 7081 1 21 match_stop - -
1615441104.338552 7015 1 21 match_stop - -
1615441104.345345 6717 1 21 match_stop - -
1615441104.370675 6921 1 21 match_stop - -
1615441104.374142 6893 1 21 match_stop - -
1615441104.382309 5951 1 21 match_stop - -
1615441104.391909 6961 1 21 match_stop - -
1615441104.405624 6997 1 21 match_stop - -
1615441104.465230 6324 1 21 match_stop - -
1615441104.480450 7020 1 21 match_stop - -
1615441104.492601 6192 1 21 match_stop - -
1615441104.548689 6947 1 21 match_stop - -
1615441104.553714 7127 1 21 match_stop - -
1615441104.580633 7060 1 21 match_stop - -
1615441104.591946 6301 1 21 match_stop - -
1615441104.594698 6910 1 21 match_stop - -
1615441104.600270 5818 1 21 match_stop - -
1615441104.611829 7018 1 21 match_stop - -
1615441104.661911 7075 1 21 match_stop - -
1615441104.662069 7036 1 21 match_stop - -
1615441104.664245 7010 1 21 match_stop - -
1615441104.666086 6918 1 21 match_stop - -
1615441104.668223 6648 1 21 match_stop - -
1615441104.673884 6408 1 21 match_stop - -
1615441104.674848 6333 1 21 match_stop - -
1615441104.688339 7129 1 21 match_stop - -
1615441104.716002 6615 1 21 match_stop - -
1615441104.716122 6963 1 21 match_stop - -
1615441104.718903 6998 1 21 match_stop - -
1615441104.762178 6474 1 21 match_stop - -
1615441104.764046 6986 1 21 match_stop - -
1615441104.764167 7040 1 21 match_stop - -
1615441104.764217 6983 1 21 match_stop - -
1615441104.773380 6981 1 21 match_stop - -
1615441104.773717 7016 1 21 match_stop - -
1615441104.777327 6388 1 21 match_stop - -
1615441104.789530 7002 1 21 match_stop - -
1615441104.804333 6418 1 21 match_stop - -
1615441104.809884 6588 1 21 match_stop - -
1615441104.882668 7147 1 21 match_stop - -
1615441104.979642 6654 1 21 match_stop - -
1615441105.049877 6157 1 21 match_stop - -
1615441105.058208 6959 1 21 match_stop - -
1615441105.077037 6273 1 21 match_stop - -
1615441105.091776 6590 1 21 match_stop - -
1615441105.114463 6390 1 21 match_stop - -
1615441105.151120 7011 1 21 match_stop - -
1615441105.153160 7121 1 21 match_stop - -
1615441105.153374 6111 1 21 match_stop - -
1615441105.166923 6197 1 21 match_stop - -
1615441105.174187 7137 1 21 match_stop - -
1615441105.177917 6363 1 21 match_stop - -
1615441105.211965 7005 1 21 match_stop - -
1615441105.212120 7006 1 21 match_stop - -
1615441105.228598 6353 1 21 match_stop - -
1615441105.250169 6723 1 21 match_stop - -
1615441105.281577 7089 1 21 match_stop - -
1615441105.305008 6579 1 21 match_stop - -
1615441105.308119 6336 1 21 match_stop - -
1615441105.341721 7130 1 21 match_stop - -
1615441105.347393 6816 1 21 match_stop - -
1615441105.360607 7071 1 21 match_stop - -
1615441105.362309 7218 1 21 match_stop - -
1615441105.383875 7161 1 21 match_stop - -
1615441105.386895 6335 1 21 match_stop - -
1615441105.394925 7230 1 21 match_stop - -
1615441105.402751 7201 1 21 match_stop - -
1615441105.411043 7217 1 21 match_stop - -
1615441105.418858 6348 1 21 match_stop - -
1615441105.445822 6500 1 21 match_stop - -
1615441105.453078 7234 1 21 match_stop - -
1615441105.453154 7093 1 21 match_stop - -
1615441105.460727 6804 1 21 match_stop - -
1615441105.483831 6958 1 21 match_stop - -
1615441105.503855 7122 1 21 match_stop - -
1615441105.542050 6425 1 21 match_stop - -
1615441105.589797 6598 1 21 match_stop - -
1615441105.614030 7128 1 21 match_stop - -
1615441105.618780 6785 1 21 match_stop - -
1615441105.678079 6416 1 21 match_stop - -
1615441105.680723 7232 1 21 match_stop - -
1615441105.692852 7106 1 21 match_stop - -
1615441105.698063 7103 1 21 match_stop - -
1615441105.702932 7146 1 21 match_stop - -
1615441105.713928 7204 1 21 match_stop - -
1615441105.747643 7190 1 21 match_stop - -
1615441105.752656 6282 1 21 match_stop - -
1615441105.756810 7070 1 21 match_stop - -
1615441105.784866 7132 1 21 match_stop - -
1615441105.798481 7254 1 21 match_stop - -
1615441105.839767 6367 1 21 match_stop - -
1615441105.842642 7074 1 21 match_stop - -
1615441105.864973 6463 1 21 match_stop - -
1615441105.865963 7061 1 21 match_stop - -
1615441105.873093 7192 1 21 match_stop - -
1615441105.902101 7209 1 21 match_stop - -
1615441105.923037 6424 1 21 match_stop - -
1615441105.927864 7280 1 21 match_stop - -
1615441105.946161 6574 1 21 match_stop - -
1615441105.976955 7173 1 21 match_stop - -
1615441105.978643 7228 1 21 match_stop - -
1615441105.998777 6471 1 21 match_stop - -
1615441106.000564 6595 1 21 match_stop - -
1615441106.012963 6433 1 21 match_stop - -
1615441106.013028 6613 1 21 match_stop - -
1615441106.015698 6532 1 21 match_stop - -
1615441106.021740 6567 1 21 match_stop - -
1615441106.033188 6502 1 21 match_stop - -
1615441106.033758 7165 1 21 match_stop - -
1615441106.093238 7185 1 21 match_stop - -
1615441106.098698 6133 1 21 match_stop - -
1615441106.122345 6968 1 21 match_stop - -
1615441106.129107 6698 1 21 match_stop - -
1615441106.302885 6347 1 21 match_stop - -
1615441106.303643 6633 1 21 match_stop - -
1615441106.326270 6430 1 21 match_stop - -
1615441106.329765 7266 1 21 match_stop - -
1615441106.331800 7242 1 21 match_stop - -
1615441106.334920 7152 1 21 match_stop - -
1615441106.334980 6783 1 21 match_stop - -
1615441106.341656 7321 1 21 match_stop - -
1615441106.349388 6643 1 21 match_stop - -
1615441106.356249 7111 1 21 match_stop - -
1615441106.366070 6603 1 21 match_stop - -
1615441106.371903 6562 1 21 match_stop - -
1615441106.416830 7324 1 21 match_stop - -
1615441106.446395 7046 1 21 match_stop - -
1615441106.449080 7139 1 21 match_stop - -
1615441106.533983 6651 1 21 match_stop - -
1615441106.564345 6475 1 21 match_stop - -
1615441106.743786 6606 1 21 match_stop - -
1615441106.744851 6545 1 21 match_stop - -
1615441106.746285 7257 1 21 match_stop - -
1615441106.759959 7349 1 21 match_stop - -
1615441106.783080 7267 1 21 match_stop - -
1615441106.993877 7237 1 21 match_stop - -
1615441107.043916 7284 1 21 match_stop - -
1615441107.044118 7314 1 21 match_stop - -
1615441107.044532 7292 1 21 match_stop - -
1615441107.244880 7383 1 21 match_stop - -
1615441107.250695 7214 1 21 match_stop - -
1615441107.297760 7305 1 21 match_stop - -
1615441107.337691 7366 1 21 match_stop - -
1615441107.339121 6876 1 21 match_stop - -
