# stats: dump at 1615440872
stats: users 2 4
stats: {freemem,"tsung_controller@ip-172-31-50-170"} 1 682.15625 0 682.15625 682.15625 0 0
stats: {load,"tsung_controller@ip-172-31-50-170"} 1 0.0 0 0.0 0.0 0 0
stats: {cpu,"tsung_controller@ip-172-31-50-170"} 1 4.300042622756236 0 4.300042622756236 4.300042622756236 0 0
stats: session 5 2273.4578 500.8003092384827 3161.932 1702.935 0 0
stats: users_count 7 7
stats: finish_users_count 5 5
stats: request 29 77.97786206896554 93.55024824926024 244.928 7.323 0 0
stats: page 24 94.2562916666667 96.67376833603794 244.928 7.323 0 0
stats: connect 7 5.202714285714285 9.822183183477893 29.262 1.169 0 0
stats: 302 12 12
stats: 200 17 17
stats: match 5 5
stats: size_rcv 64164 64164
stats: size_sent 16168 16168
stats: connected 2 2
# stats: dump at 1615440882
stats: users 3 6
stats: {freemem,"tsung_controller@ip-172-31-50-170"} 1 683.421875 0.0 683.421875 682.15625 682.15625 1
stats: {load,"tsung_controller@ip-172-31-50-170"} 1 0.0 0.0 0.0 0.0 0.0 1
stats: {cpu,"tsung_controller@ip-172-31-50-170"} 1 0.2502502502502503 0.0 4.300042622756236 0.2502502502502503 4.300042622756236 1
stats: session 10 2216.4041 590.940439731019 3161.932 1353.719 2273.4578 5
stats: users_count 11 18
stats: finish_users_count 10 15
stats: request 49 63.52967346938776 87.40840423876212 244.928 7.121 77.97786206896554 29
stats: connect 11 1.3196363636363637 0.2931013702170983 29.262 1.131 5.202714285714285 7
stats: page 40 77.86057500000003 91.84411266077088 244.928 7.121 94.2562916666667 24
stats: 302 20 32
stats: 200 29 46
stats: match 9 14
stats: size_rcv 114398 178562
stats: size_sent 27856 44024
stats: connected 2 4
# stats: dump at 1615440892
stats: users 1 6
stats: {freemem,"tsung_controller@ip-172-31-50-170"} 1 681.52734375 0.0 683.421875 681.52734375 682.7890625 2
stats: {load,"tsung_controller@ip-172-31-50-170"} 1 0.0 0.0 0.0 0.0 0.0 2
stats: {cpu,"tsung_controller@ip-172-31-50-170"} 1 0.20020020020020018 0.0 4.300042622756236 0.20020020020020018 2.275146436503243 2
stats: session 10 1988.9966 408.13200712249954 3161.932 1299.262 2235.422 15
stats: users_count 8 26
stats: finish_users_count 10 25
stats: request 49 52.39869387755103 77.19874418461609 244.928 6.927 68.9014358974359 78
stats: connect 8 1.185375 0.09119201925059009 29.262 1.108 2.8297222222222222 18
stats: page 38 67.61173684210527 83.22687368957982 244.928 6.927 84.00896875000004 64
stats: 302 19 51
stats: 200 30 76
stats: match 11 25
stats: size_rcv 133142 311704
stats: size_sent 30161 74185
stats: connected -3 1
# stats: dump at 1615440902
stats: users 2 6
stats: {freemem,"tsung_controller@ip-172-31-50-170"} 1 681.60546875 0.0 683.421875 681.52734375 682.3684895833334 3
stats: {load,"tsung_controller@ip-172-31-50-170"} 1 0.0 0.0 0.0 0.0 0.0 3
stats: {cpu,"tsung_controller@ip-172-31-50-170"} 1 0.19990004997501248 0.0 4.300042622756236 0.19990004997501248 1.5834976910688956 3
stats: session 7 2052.898142857143 711.2320831833063 3201.521 1299.262 2136.8518400000003 25
stats: users_count 8 34
stats: finish_users_count 7 32
stats: request 33 58.95133333333334 86.34837134140474 244.928 6.927 62.53423622047246 127
stats: connect 8 1.143 0.03542245050811696 29.262 1.098 2.323769230769231 26
stats: page 27 72.08385185185183 91.12216388136588 244.928 6.927 77.9001960784314 102
stats: 302 13 64
stats: 200 20 96
stats: match 6 31
stats: size_rcv 78167 389871
stats: newphase 1 1
stats: size_sent 19080 93265
stats: connected 2 3
# stats: dump at 1615440912
stats: users 6 12
stats: {freemem,"tsung_controller@ip-172-31-50-170"} 1 681.08984375 0.0 683.421875 681.08984375 682.177734375 4
stats: {load,"tsung_controller@ip-172-31-50-170"} 1 0.0 0.0 0.0 0.0 0.0 4
stats: {cpu,"tsung_controller@ip-172-31-50-170"} 1 0.1500750375187594 0.0 4.300042622756236 0.1500750375187594 1.2375982807954247 4
stats: session 24 2291.052250000001 519.5192637274749 3284.29 1299.262 2118.4869687500004 32
stats: users_count 28 62
stats: finish_users_count 24 56
stats: request 122 61.65032786885243 87.64502806145082 244.928 6.454 61.795262500000014 160
stats: connect 26 1.1585384615384613 0.11276429834947102 29.262 0.966 2.0459411764705884 34
stats: page 99 76.00762626262633 92.41478363188979 244.928 6.454 76.68282170542638 129
stats: 302 50 114
stats: 200 72 168
stats: match 23 54
stats: size_rcv 295599 685470
stats: newphase 0 1
stats: size_sent 69763 163028
stats: connected 3 6
# stats: dump at 1615440922
stats: users 5 12
stats: {freemem,"tsung_controller@ip-172-31-50-170"} 1 679.640625 0.0 683.421875 679.640625 681.96015625 5
stats: {load,"tsung_controller@ip-172-31-50-170"} 1 0.0 0.0 0.0 0.0 0.0 5
stats: {cpu,"tsung_controller@ip-172-31-50-170"} 1 0.35070140280561124 0.0 4.300042622756236 0.1500750375187594 1.0200936321400917 5
stats: session 24 2115.7362499999995 562.1428297202182 3284.29 1299.262 2192.4435178571434 56
stats: users_count 23 85
stats: finish_users_count 24 80
stats: request 125 53.50846400000002 81.73068763097928 244.928 6.454 61.73256028368794 282
stats: connect 24 1.331666666666667 0.45975062684991397 29.262 0.966 1.6614 60
stats: page 99 67.60208080808083 87.39383102811803 244.928 6.454 76.38964473684214 228
stats: 302 49 163
stats: 200 76 244
stats: match 26 80
stats: size_rcv 333697 1019167
stats: newphase 0 1
stats: size_sent 74887 237915
stats: connected -2 4
# stats: dump at 1615440932
stats: users 11 17
stats: {freemem,"tsung_controller@ip-172-31-50-170"} 1 679.65625 0.0 683.421875 679.640625 681.5735677083334 6
stats: {load,"tsung_controller@ip-172-31-50-170"} 1 0.0 0.0 0.0 0.0 0.0 6
stats: {cpu,"tsung_controller@ip-172-31-50-170"} 1 0.44999999999999996 0.0 4.300042622756236 0.1500750375187594 0.9085282605843449 6
stats: session 28 2390.5634999999997 635.7483805657987 3284.29 1299.262 2169.4313375 80
stats: users_count 34 119
stats: finish_users_count 28 108
stats: 302 59 222
stats: request 145 62.22660689655169 88.58413892170903 244.928 6.454 59.20673218673218 407
stats: 200 86 330
stats: match 26 106
stats: connect 34 1.4237647058823526 1.2079014144331564 29.262 0.966 1.5671904761904762 84
stats: size_rcv 355687 1374854
stats: page 119 75.8628739495798 93.04267201165356 244.928 6.454 73.72918960244651 327
stats: newphase 1 2
stats: size_sent 82276 320191
stats: connected 8 12
# stats: dump at 1615440942
stats: users 5 18
stats: {freemem,"tsung_controller@ip-172-31-50-170"} 1 678.80859375 0.0 683.421875 678.80859375 681.2996651785714 7
stats: {load,"tsung_controller@ip-172-31-50-170"} 1 0.0 0.0 0.0 0.0 0.0 7
stats: {cpu,"tsung_controller@ip-172-31-50-170"} 1 0.5994005994005994 0.0 4.300042622756236 0.1500750375187594 0.84302422335801 7
stats: session 51 2214.980764705882 558.1056722853496 3284.29 1295.198 2226.7618981481482 108
stats: users_count 45 164
stats: finish_users_count 51 159
stats: request 250 55.419908000000035 83.29543228861672 252.246 6.411 59.99999637681158 552
stats: connect 46 1.236086956521739 0.22949905996652767 29.262 0.96 1.525864406779661 118
stats: page 198 70.01756060606067 88.85622490960168 252.246 6.411 74.29849103139016 446
stats: 302 100 322
stats: 200 150 480
stats: match 52 158
stats: size_rcv 700887 2075741
stats: newphase 0 2
stats: size_sent 148428 468619
stats: connected -6 6
# stats: dump at 1615440952
stats: users 5 18
stats: {freemem,"tsung_controller@ip-172-31-50-170"} 1 676.265625 0.0 683.421875 676.265625 680.98828125 8
stats: {load,"tsung_controller@ip-172-31-50-170"} 1 0.0 0.0 0.0 0.0 0.0 8
stats: {cpu,"tsung_controller@ip-172-31-50-170"} 1 0.8012018027040559 0.0 4.300042622756236 0.1500750375187594 0.8125712703633337 8
stats: session 31 2259.7838064516127 515.3098296208151 3284.29 1295.198 2222.983044025157 159
stats: users_count 31 195
stats: finish_users_count 31 190
stats: request 150 56.74950000000002 84.40562329700948 252.246 6.105 58.57228802992518 802
stats: connect 30 1.2776666666666665 0.3278650467629767 29.262 0.96 1.4445853658536585 164
stats: page 120 70.97841666666662 89.6888778791796 252.246 6.105 72.98230434782612 644
stats: 302 60 382
stats: 200 90 570
stats: match 30 188
stats: size_rcv 421010 2496751
stats: newphase 0 2
stats: size_sent 88192 556811
stats: connected 0 6
# stats: dump at 1615440962
stats: users 14 18
stats: {freemem,"tsung_controller@ip-172-31-50-170"} 1 675.60546875 0.0 683.421875 675.60546875 680.4635416666666 9
stats: {load,"tsung_controller@ip-172-31-50-170"} 1 0.0 0.0 0.0 0.0 0.0 9
stats: {cpu,"tsung_controller@ip-172-31-50-170"} 1 0.5007511266900351 0.0 4.300042622756236 0.1500750375187594 0.8113079961789694 9
stats: session 42 2274.442571428571 489.4188135230322 3284.29 1295.198 2228.9873789473686 190
stats: users_count 51 246
stats: finish_users_count 42 232
stats: request 229 60.294912663755476 86.69015015348799 252.246 6.105 58.285084033613444 952
stats: connect 51 1.2554901960784308 0.15427431292789257 29.262 0.96 1.4187731958762884 194
stats: page 186 74.27237634408603 91.50818448746372 252.246 6.105 72.66755759162307 764
stats: 302 92 474
stats: 200 137 707
stats: match 43 231
stats: size_rcv 630860 3127611
stats: newphase 1 3
stats: size_sent 132391 689202
stats: connected 8 14
# stats: dump at 1615440972
stats: users 19 26
stats: {freemem,"tsung_controller@ip-172-31-50-170"} 1 674.51171875 0.0 683.421875 674.51171875 679.977734375 10
stats: {load,"tsung_controller@ip-172-31-50-170"} 1 0.0 0.0 0.0 0.0 0.0 10
stats: {cpu,"tsung_controller@ip-172-31-50-170"} 1 1.1970074812967582 0.0 4.300042622756236 0.1500750375187594 0.7802523092300759 10
stats: session 81 2251.460604938272 569.945544173283 3284.29 1295.198 2237.2163362068964 232
stats: users_count 86 332
stats: finish_users_count 81 313
stats: request 413 58.90231476997581 88.82629708707418 447.469 6.105 58.67479678238781 1181
stats: connect 86 1.2237441860465104 0.3359303355953056 29.262 0.908 1.3847836734693875 245
stats: page 332 73.31007228915664 94.38178087760002 447.469 6.105 72.98176421052634 950
stats: 302 165 639
stats: 200 248 955
stats: match 81 312
stats: size_rcv 1216872 4344483
stats: newphase 0 3
stats: size_sent 241872 931074
stats: connected 5 19
# stats: dump at 1615440982
stats: users 18 26
stats: {freemem,"tsung_controller@ip-172-31-50-170"} 1 673.78125 0.0 683.421875 673.78125 679.4808238636364 11
stats: {load,"tsung_controller@ip-172-31-50-170"} 1 0.0 0.0 0.0 0.0 0.0 11
stats: {cpu,"tsung_controller@ip-172-31-50-170"} 1 1.3486513486513485 0.0 4.300042622756236 0.1500750375187594 0.8181391430543198 11
stats: session 80 2356.277562499999 579.6160886185321 3362.806 1295.198 2240.902552715655 313
stats: users_count 79 411
stats: finish_users_count 80 393
stats: request 390 57.992343589743605 85.15809638626992 447.469 6.105 58.73374592220829 1594
stats: connect 75 1.2108133333333333 0.4762834924239507 29.262 0.908 1.3429425981873107 331
stats: 302 156 795
stats: page 311 72.76381672025717 90.64456244761794 447.469 6.105 73.06678627145088 1282
stats: 200 234 1189
stats: match 79 391
stats: size_rcv 1236998 5581481
stats: newphase 0 3
stats: size_sent 230648 1161722
stats: connected -4 15
# stats: dump at 1615440992
stats: users 38 41
stats: {freemem,"tsung_controller@ip-172-31-50-170"} 1 676.875 0.0 683.421875 673.78125 679.005859375 12
stats: {load,"tsung_controller@ip-172-31-50-170"} 1 0.0 0.0 0.0 0.0 0.0 12
stats: {cpu,"tsung_controller@ip-172-31-50-170"} 1 1.6923842707814833 0.0 4.300042622756236 0.1500750375187594 0.8623484935207388 12
stats: session 116 2288.90147413793 572.3339179329588 3476.952 1295.198 2264.3885597964377 393
stats: users_count 136 547
stats: finish_users_count 116 509
stats: connect 131 1.3321984732824426 1.1401051539814533 29.262 0.908 1.3185344827586203 406
stats: page 482 78.24699170124482 96.27991313133128 486.359 6.105 73.00763779033271 1593
stats: 302 240 1035
stats: request 594 63.46284343434351 89.96672938967387 447.469 6.105 58.588006552419365 1984
stats: 200 354 1543
stats: match 112 503
stats: size_rcv 1844502 7425983
stats: newphase 1 4
stats: size_sent 341560 1503282
stats: connected 19 34
# stats: dump at 1615441002
stats: users 36 43
stats: {freemem,"tsung_controller@ip-172-31-50-170"} 1 660.625 0.0 683.421875 660.625 678.8419471153846 13
stats: {load,"tsung_controller@ip-172-31-50-170"} 1 0.0 0.0 0.0 0.0 0.0 13
stats: {cpu,"tsung_controller@ip-172-31-50-170"} 1 2.355889724310777 0.0 4.300042622756236 0.1500750375187594 0.926197399463873 13
stats: session 157 2298.0127643312103 600.2355443694677 3476.952 1294.325 2269.975 509
stats: users_count 155 702
stats: finish_users_count 157 666
stats: request 797 61.43173149309908 87.55073937874427 447.469 6.105 59.711223429014765 2578
stats: 302 319 1354
stats: connect 160 1.2425374999999987 0.40919440501276394 29.262 0.908 1.321867783985102 537
stats: page 638 76.78405642633213 93.04905083495052 486.359 6.105 74.22468289156626 2075
stats: 200 478 2021
stats: match 159 662
stats: size_rcv 2754508 10180491
stats: newphase 0 4
stats: size_sent 467848 1971130
stats: connected 1 35
# stats: dump at 1615441012
stats: users 36 45
stats: {freemem,"tsung_controller@ip-172-31-50-170"} 1 664.94921875 0.0 683.421875 660.625 677.5407366071429 14
stats: {load,"tsung_controller@ip-172-31-50-170"} 1 0.0 0.0 0.0 0.0 0.0 14
stats: {cpu,"tsung_controller@ip-172-31-50-170"} 1 2.751375687843922 0.0 4.300042622756236 0.1500750375187594 1.0283182798100803 14
stats: session 146 2268.8804863013693 556.6504316419977 3476.952 1294.325 2276.5845030030027 666
stats: users_count 146 848
stats: finish_users_count 146 812
stats: request 744 61.0529932795699 87.42600500516185 447.469 6.02 60.11751822222224 3375
stats: connect 148 1.2595135135135136 0.5926537488564476 29.262 0.908 1.3036571018651357 697
stats: page 596 76.2560838926176 92.7872918313294 486.359 6.02 74.82655547364537 2713
stats: 302 300 1654
stats: 200 444 2465
stats: match 148 810
stats: size_rcv 2747661 12928152
stats: newphase 0 4
stats: size_sent 434827 2405957
stats: connected 0 35
# stats: dump at 1615441022
stats: users 79 92
stats: {freemem,"tsung_controller@ip-172-31-50-170"} 1 665.2265625 0.0 683.421875 660.625 676.7013020833333 15
stats: {load,"tsung_controller@ip-172-31-50-170"} 1 0.0 0.0 0.0 0.0 0.0 15
stats: {cpu,"tsung_controller@ip-172-31-50-170"} 1 2.697302697302697 0.0 4.300042622756236 0.1500750375187594 1.1431887736790032 15
stats: session 235 2367.764868085107 593.4279572199781 3476.952 1294.325 2275.1992980295563 812
stats: users_count 278 1126
stats: finish_users_count 235 1047
stats: request 1236 69.70750485436896 95.64125547198798 496.779 5.949 60.28648968196165 4119
stats: 302 497 2151
stats: connect 269 1.1779256505576199 0.2993983093339236 29.262 0.893 1.2959254437869818 845
stats: page 1000 86.1929150000001 101.27269374116487 506.457 5.949 75.08403475370201 3309
stats: 200 739 3204
stats: match 236 1046
stats: size_rcv 4743686 17671838
stats: newphase 1 5
stats: size_sent 717115 3123072
stats: connected 33 68
# stats: dump at 1615441032
stats: users 65 94
stats: {freemem,"tsung_controller@ip-172-31-50-170"} 1 643.17578125 0.0 683.421875 643.17578125 675.984130859375 16
stats: {load,"tsung_controller@ip-172-31-50-170"} 1 0.0 0.0 0.0 0.0 0.0 16
stats: {cpu,"tsung_controller@ip-172-31-50-170"} 1 5.205751115518096 0.0 5.205751115518096 0.1500750375187594 1.240320893905484 16
stats: session 312 2339.0381506410254 587.8616037029124 3483.606 1294.325 2295.9757153772684 1047
stats: users_count 298 1424
stats: finish_users_count 312 1359
stats: connect 307 1.218899022801302 0.4027709231234339 29.262 0.893 1.2674317773788146 1114
stats: page 1242 90.10690499194851 104.81347216041026 506.457 5.949 77.66209932699003 4309
stats: request 1554 71.99762548262545 98.43612710850113 496.779 5.949 62.46097609710552 5355
stats: 302 622 2773
stats: 200 932 4136
stats: match 312 1358
stats: size_rcv 6852819 24524657
stats: newphase 0 5
stats: size_sent 914328 4037400
stats: connected -4 64
# stats: dump at 1615441042
stats: users 67 94
stats: {freemem,"tsung_controller@ip-172-31-50-170"} 1 642.5703125 0.0 683.421875 642.5703125 674.0542279411765 17
stats: {load,"tsung_controller@ip-172-31-50-170"} 1 0.16015625 0.0 0.16015625 0.0 0.0 17
stats: {cpu,"tsung_controller@ip-172-31-50-170"} 1 6.274900398406374 0.0 6.274900398406374 0.1500750375187594 1.4735814951768142 17
stats: session 313 2292.2419361022326 579.3888170265299 3483.606 1294.325 2305.862013980868 1359
stats: users_count 315 1739
stats: finish_users_count 313 1672
stats: request 1551 70.75119342359805 95.21046028809425 496.779 5.949 64.6059975394413 6909
stats: connect 314 1.2362452229299359 0.3978030356248413 29.262 0.893 1.256946516537649 1421
stats: page 1244 88.25090996784576 101.23026887272873 506.457 5.949 80.44654332552695 5551
stats: 302 622 3395
stats: 200 929 5065
stats: match 307 1665
stats: size_rcv 7489921 32014578
stats: newphase 0 5
stats: size_sent 909224 4946624
stats: connected 7 71
# stats: dump at 1615441052
stats: users 294 295
stats: {freemem,"tsung_controller@ip-172-31-50-170"} 1 641.578125 0.0 683.421875 641.578125 672.3051215277778 18
stats: {load,"tsung_controller@ip-172-31-50-170"} 1 0.2109375 0.0 0.2109375 0.0 0.008897569444444444 18
stats: {cpu,"tsung_controller@ip-172-31-50-170"} 1 7.284440039643211 0.0 7.284440039643211 0.1500750375187594 1.740321434245123 18
stats: session 283 3210.9766466431097 1026.3898571757861 6504.826 1294.325 2303.31232236842 1672
stats: users_count 510 2249
stats: finish_users_count 283 1955
stats: connect 506 1.166938735177867 0.7521233882204985 29.262 0.878 1.2531999999999996 1735
stats: request 1897 284.9709425408534 399.1500360924201 3427.85 5.949 65.73261678487005 8460
stats: page 1587 326.7544442344039 435.69337823188096 3488.026 5.949 81.8753339220015 6795
stats: 302 749 4144
stats: 200 1149 6214
stats: match 310 1975
stats: size_rcv 10228082 42242660
stats: newphase 1 6
stats: size_sent 1159826 6106450
stats: connected 218 289
# stats: dump at 1615441062
stats: users 603 603
stats: {freemem,"tsung_controller@ip-172-31-50-170"} 1 581.92578125 0.0 683.421875 581.92578125 670.6879111842105 19
stats: {load,"tsung_controller@ip-172-31-50-170"} 1 0.25 0.0 0.25 0.0 0.01953125 19
stats: {cpu,"tsung_controller@ip-172-31-50-170"} 1 8.030303030303031 0.0 8.030303030303031 0.1500750375187594 2.0321171503187063 19
stats: session 318 7029.430430817614 2253.063767547268 14814.488 1294.325 2434.7031171355493 1955
stats: users_count 627 2876
stats: finish_users_count 318 2273
stats: request 2120 1424.1202122641512 1243.609450587779 8867.969 5.949 105.88856000772418 10357
stats: 302 845 4989
stats: 200 1265 7479
stats: match 376 2351
stats: connect 655 1.1485435114503804 0.6754602666114972 29.262 0.87 1.233722891566265 2241
stats: size_rcv 11987745 54230405
stats: page 1744 1604.2831479357785 1483.9380408805641 10447.097 5.949 128.23934586017648 8382
stats: newphase 0 6
stats: size_sent 1326089 7432539
stats: connected 258 547
stats: 500 9 9
# stats: dump at 1615441072
stats: users 678 701
stats: {freemem,"tsung_controller@ip-172-31-50-170"} 1 531.78515625 0.0 683.421875 531.78515625 666.2498046875 20
stats: {load,"tsung_controller@ip-172-31-50-170"} 1 0.2109375 0.0 0.25 0.0 0.0310546875 20
stats: {cpu,"tsung_controller@ip-172-31-50-170"} 1 9.768378650553878 0.0 9.768378650553878 0.1500750375187594 2.332026444317923 20
stats: session 539 9206.107935064934 3856.608990021663 19260.708 1054.193 3077.520224813022 2273
stats: users_count 614 3490
stats: finish_users_count 539 2812
stats: request 2797 1842.9542130854538 1411.029765329311 10504.536 0.163 329.87277919371644 12477
stats: page 2248 2251.111200177934 1907.40246616423 12807.869 0.188 382.45822703930446 10126
stats: connect 1609 1.0745593536357974 0.40523454263459374 29.262 0.683 1.2144575276243093 2896
stats: 302 884 5873
stats: match_stop 155 155
stats: error_send_einval 2 2
stats: 200 1219 8698
stats: match 394 2745
stats: size_rcv 12971339 67201744
stats: newphase 0 6
stats: nomatch 155 155
stats: size_sent 1449996 8882535
stats: connected 24 571
stats: error_connection_closed 18 18
stats: 500 0 9
# stats: dump at 1615441082
stats: users 867 867
stats: {freemem,"tsung_controller@ip-172-31-50-170"} 1 476.1171875 0.0 683.421875 476.1171875 659.8467261904761 21
stats: {load,"tsung_controller@ip-172-31-50-170"} 1 0.25 0.0 0.25 0.0 0.03962053571428571 21
stats: {cpu,"tsung_controller@ip-172-31-50-170"} 1 14.300100704934543 0.0 14.300100704934543 0.1500750375187594 2.6861384541386824 21
stats: session 884 8784.482615384639 5358.510271222615 22661.134 1015.131 4252.238850640113 2812
stats: users_count 1073 4563
stats: finish_users_count 884 3696
stats: connect 2892 1.1793360995850577 1.0763670061780315 29.262 0.683 1.1644916759156487 4505
stats: 302 972 6845
stats: match_stop 378 533
stats: request 4167 1338.439945284377 1492.005689354284 11873.777 0.075 606.9507398193017 15274
stats: page 3307 1711.4813341397044 2005.8277050768277 14660.092 0.075 721.9387413124286 12374
stats: error_send_einval 7 9
stats: 200 1369 10067
stats: match 482 3227
stats: size_rcv 14707796 81909540
stats: newphase 1 7
stats: nomatch 378 533
stats: size_sent 1825884 10708419
stats: connected 49 620
stats: error_connection_closed 99 117
stats: 500 0 9
# stats: dump at 1615441092
stats: users 868 912
stats: {freemem,"tsung_controller@ip-172-31-50-170"} 1 483.6015625 0.0 683.421875 476.1171875 651.4953835227273 22
stats: {load,"tsung_controller@ip-172-31-50-170"} 1 0.2109375 0.0 0.25 0.0 0.04918323863636364 22
stats: {cpu,"tsung_controller@ip-172-31-50-170"} 1 20.710355177588795 0.0 20.710355177588795 0.1500750375187594 3.2140458291748577 22
stats: session 1225 6995.404842448986 5004.227250623417 23858.928 1013.237 5336.24953463204 3696
stats: users_count 1226 5789
stats: finish_users_count 1225 4921
stats: connect 3902 1.060741670937978 0.44726415964093225 29.262 0.683 1.1702953900229802 7397
stats: page 4289 1488.4126122639318 1973.975973171759 14660.092 0.07 930.6255185893754 15681
stats: 302 1070 7915
stats: match_stop 696 1229
stats: error_send_einval 7 16
stats: 200 1415 11482
stats: match 537 3764
stats: size_rcv 17961171 99870711
stats: newphase 0 7
stats: nomatch 696 1229
stats: 502 479 479
stats: request 5522 1158.7608634552676 1584.2633230378462 13009.943 0.07 763.7387403940133 19441
stats: size_sent 2249079 12957498
stats: connected 31 651
stats: error_connection_closed 162 279
stats: 500 0 9
# stats: dump at 1615441102
stats: users 879 912
stats: {freemem,"tsung_controller@ip-172-31-50-170"} 1 482.13671875 0.0 683.421875 476.1171875 644.195652173913 23
stats: {load,"tsung_controller@ip-172-31-50-170"} 1 0.328125 0.0 0.328125 0.0 0.056216032608695655 23
stats: {cpu,"tsung_controller@ip-172-31-50-170"} 1 25.646224024328433 0.0 25.646224024328433 0.1500750375187594 3.974754931279812 23
stats: session 1232 7017.8601217532405 5049.020011409655 25045.376 1009.054 5749.268281243655 4921
stats: users_count 1243 7032
stats: finish_users_count 1232 6153
stats: connect 3886 1.0490190427174495 0.4753327497693637 29.262 0.675 1.132462076289935 11299
stats: 302 1074 8989
stats: request 5473 1140.4441547597291 1486.041684077962 13171.467 0.07 851.1205520169851 24963
stats: match_stop 684 1913
stats: page 4243 1475.162832901251 1891.8504491051929 15826.046 0.07 1050.4226565348022 19970
stats: error_send_einval 4 20
stats: 200 1481 12963
stats: match 546 4310
stats: size_rcv 19895945 119766656
stats: newphase 0 7
stats: nomatch 684 1913
stats: 502 329 808
stats: size_sent 2251979 15209477
stats: connected -2 649
stats: error_connection_closed 193 472
stats: 500 0 9
# stats: dump at 1615441112
stats: users 96 912
stats: {freemem,"tsung_controller@ip-172-31-50-170"} 1 480.21875 0.0 683.421875 476.1171875 637.4431966145834 24
stats: {load,"tsung_controller@ip-172-31-50-170"} 1 0.28125 0.0 0.328125 0.0 0.06754557291666667 24
stats: {cpu,"tsung_controller@ip-172-31-50-170"} 1 24.22680412371134 0.0 25.646224024328433 0.1500750375187594 4.877732810156838 24
stats: session 1156 9503.453230968853 4987.474911875966 25045.376 1009.054 6003.275293677884 6153
stats: users_count 373 7405
stats: finish_users_count 1156 7309
stats: request 3765 1659.0104395750368 1606.1905451786665 13171.467 0.07 903.146707813116 30436
stats: 302 1146 10135
stats: connect 1606 1.120509339975094 0.6598937503442508 29.262 0.675 1.1111081330260115 15185
stats: page 2804 2249.021691512131 2105.705389567223 15826.046 0.07 1124.8526143394047 24213
stats: match_stop 265 2178
stats: error_send_einval 2 22
stats: 200 1592 14555
stats: match 696 5006
stats: size_rcv 27416745 147183401
stats: newphase 0 7
stats: nomatch 265 2178
stats: 502 104 912
stats: size_sent 1809966 17019443
stats: connected -320 329
stats: error_connection_closed 61 533
stats: 500 0 9
# stats: dump at 1615441116
stats: users 0 912
stats: {freemem,"tsung_controller@ip-172-31-50-170"} 1 563.33203125 0.0 683.421875 476.1171875 631.15421875 25
stats: {load,"tsung_controller@ip-172-31-50-170"} 1 0.30859375 0.0 0.328125 0.0 0.07609375 25
stats: {cpu,"tsung_controller@ip-172-31-50-170"} 1 15.31850353892821 0.0 25.646224024328433 0.1500750375187594 5.651695662699018 25
stats: session 96 8786.914999999997 1471.1832837261745 25045.376 1009.054 6556.867535504175 7309
stats: users_count 0 7405
stats: finish_users_count 96 7405
stats: connect 0 0 0 29.262 0.675 1.1120073253528668 16791
stats: page 425 1042.5208588235275 1227.192951984331 15826.046 0.07 1241.526193655847 27017
stats: request 646 390.3934814241484 548.6461953189655 13171.467 0.07 986.3555891348209 34201
stats: 302 221 10356
stats: match_stop 0 2178
stats: error_send_einval 0 22
stats: 200 425 14980
stats: match 221 5227
stats: size_rcv 4468573 151651974
stats: newphase 0 7
stats: nomatch 0 2178
stats: 502 0 912
stats: size_sent 289143 17308586
stats: connected -329 0
stats: error_connection_closed 0 533
stats: 500 0 9
EndMonitor:{1615,441116,476352}
