# stats: dump at 1615368398
stats: users 7 10
stats: {load,"tsung_controller@ip-172-31-50-238"} 1 0.0 0 0.0 0.0 0 0
stats: {cpu,"tsung_controller@ip-172-31-50-238"} 1 2.0498370422435035 0 2.0498370422435035 2.0498370422435035 0 0
stats: {freemem,"tsung_controller@ip-172-31-50-238"} 1 677.765625 0 677.765625 677.765625 0 0
stats: session 6 6068.312833333333 914.9807756786325 7550.596 5238.035 0 0
stats: users_count 13 13
stats: finish_users_count 6 6
stats: request 73 50.96565753424656 80.35924352355013 241.846 5.876 0 0
stats: connect 12 2.085583333333333 2.789695875250363 11.333 1.145 0 0
stats: page 38 97.3827894736842 92.83793335251602 241.846 8.307 0 0
stats: 302 31 31
stats: 200 42 42
stats: size_rcv 139522 139522
stats: size_sent 43444 43444
stats: connected 7 7
# stats: dump at 1615368408
stats: users 2 10
stats: {load,"tsung_controller@ip-172-31-50-238"} 1 0.0 0.0 0.0 0.0 0.0 1
stats: {cpu,"tsung_controller@ip-172-31-50-238"} 1 0.7000000000000001 0.0 2.0498370422435035 0.7000000000000001 2.0498370422435035 1
stats: {freemem,"tsung_controller@ip-172-31-50-238"} 1 675.38671875 0.0 677.765625 675.38671875 677.765625 1
stats: session 13 5233.259615384616 1083.812991471566 7550.596 4044.008 6068.312833333333 6
stats: users_count 8 21
stats: finish_users_count 13 19
stats: request 98 31.444673469387755 62.804761479894495 241.846 5.544 50.96565753424656 73
stats: connect 9 1.1954444444444445 0.1397458893143083 11.333 1.042 2.085583333333333 12
stats: page 41 75.90929268292685 82.01276642745972 241.846 7.999 97.3827894736842 38
stats: 302 45 76
stats: 200 53 95
stats: size_rcv 148508 288030
stats: size_sent 60662 104106
stats: connected -4 3
# stats: dump at 1615368418
stats: users 1 10
stats: {load,"tsung_controller@ip-172-31-50-238"} 1 0.0703125 0.0 0.0703125 0.0 0.0 2
stats: {cpu,"tsung_controller@ip-172-31-50-238"} 1 0.19990004997501248 0.0 2.0498370422435035 0.19990004997501248 1.3749185211217518 2
stats: {freemem,"tsung_controller@ip-172-31-50-238"} 1 675.265625 0.0 677.765625 675.265625 676.576171875 2
stats: session 10 5554.5432 1108.0472572791107 7550.596 3968.07 5496.960631578948 19
stats: users_count 9 30
stats: finish_users_count 10 29
stats: request 91 34.420736263736245 65.21399894309673 241.846 5.544 39.77819298245613 171
stats: connect 9 1.1772222222222222 0.09859657169809345 11.333 1.042 1.704095238095238 21
stats: page 39 80.484 83.94520878128382 241.846 7.169 86.23831645569621 79
stats: 302 40 116
stats: 200 51 146
stats: size_rcv 160924 448954
stats: size_sent 56602 160708
stats: connected -1 2
# stats: dump at 1615368428
stats: users 9 11
stats: {load,"tsung_controller@ip-172-31-50-238"} 1 0.05859375 0.0 0.0703125 0.0 0.0234375 3
stats: {cpu,"tsung_controller@ip-172-31-50-238"} 1 0.2001000500250125 0.0 2.0498370422435035 0.19990004997501248 0.9832456974061721 3
stats: {freemem,"tsung_controller@ip-172-31-50-238"} 1 674.7578125 0.0 677.765625 674.7578125 676.1393229166666 3
stats: session 11 5197.808 1178.4948890775895 7550.596 3473.875 5516.816689655173 29
stats: users_count 19 49
stats: finish_users_count 11 40
stats: request 114 46.5693947368421 78.85156102601213 242.261 5.532 37.91739694656487 262
stats: connect 15 1.152 0.047752137822998766 11.333 1.042 1.5460333333333334 30
stats: page 54 98.4348148148148 96.5590001308112 264.167 7.169 84.33646610169491 118
stats: 302 51 167
stats: 200 63 209
stats: size_rcv 186525 635479
stats: newphase 1 1
stats: size_sent 68793 229501
stats: connected 3 5
# stats: dump at 1615368438
stats: users 9 12
stats: {load,"tsung_controller@ip-172-31-50-238"} 1 0.05078125 0.0 0.0703125 0.0 0.0322265625 4
stats: {cpu,"tsung_controller@ip-172-31-50-238"} 1 0.35035035035035034 0.0 2.0498370422435035 0.19990004997501248 0.7874592855608822 4
stats: {freemem,"tsung_controller@ip-172-31-50-238"} 1 677.18359375 0.0 677.765625 674.7578125 675.7939453125 4
stats: session 16 5866.655937499999 1043.9202347108749 7550.596 3473.875 5429.089300000001 40
stats: users_count 16 65
stats: finish_users_count 16 56
stats: request 143 55.28690909090908 96.98393054961156 447.845 5.532 40.540609042553186 376
stats: connect 20 1.2155 0.22756570479753754 11.333 1.042 1.4146888888888889 45
stats: page 69 114.30265217391303 118.78587847666583 447.845 6.925 88.76269186046511 172
stats: 302 64 231
stats: 200 79 288
stats: size_rcv 233497 868976
stats: newphase 0 1
stats: size_sent 86376 315877
stats: connected 6 11
# stats: dump at 1615368448
stats: users 15 18
stats: {load,"tsung_controller@ip-172-31-50-238"} 1 0.0390625 0.0 0.0703125 0.0 0.0359375 5
stats: {cpu,"tsung_controller@ip-172-31-50-238"} 1 0.35052578868302453 0.0 2.0498370422435035 0.19990004997501248 0.7000374985187758 5
stats: {freemem,"tsung_controller@ip-172-31-50-238"} 1 675.3984375 0.0 677.765625 674.7578125 676.071875 5
stats: session 18 5542.288111111111 1029.9245870942789 7550.596 3473.875 5554.108339285714 56
stats: users_count 24 89
stats: finish_users_count 18 74
stats: 302 80 311
stats: request 180 42.58808333333337 75.617746234368 447.845 5.532 44.603655105973026 519
stats: connect 23 1.2824782608695655 0.5202074727883113 11.333 1.042 1.3534000000000002 65
stats: page 85 90.6347882352941 92.62410881826978 447.845 6.925 96.07496265560165 241
stats: 200 100 388
stats: size_rcv 303134 1172110
stats: newphase 0 1
stats: size_sent 109026 424903
stats: connected 4 15
# stats: dump at 1615368458
stats: users 24 24
stats: {load,"tsung_controller@ip-172-31-50-238"} 1 0.0390625 0.0 0.0703125 0.0 0.036458333333333336 6
stats: {cpu,"tsung_controller@ip-172-31-50-238"} 1 0.45090180360721444 0.0 2.0498370422435035 0.19990004997501248 0.6417855468794839 6
stats: {freemem,"tsung_controller@ip-172-31-50-238"} 1 673.984375 0.0 677.765625 673.984375 675.9596354166666 6
stats: session 26 6005.4280384615395 946.4307311544244 7550.596 3473.875 5551.233148648648 74
stats: users_count 35 124
stats: finish_users_count 26 100
stats: request 271 46.52100000000005 78.95086259144719 447.845 5.532 44.08462374821174 699
stats: connect 35 1.8692000000000004 3.4638772891495044 21.838 1.042 1.3348636363636366 88
stats: page 126 100.19034126984128 98.1064041068694 447.845 6.925 94.65651226993864 326
stats: 302 119 430
stats: 200 152 540
stats: size_rcv 473102 1645212
stats: newphase 1 2
stats: size_sent 164535 589438
stats: connected 8 23
# stats: dump at 1615368468
stats: users 26 30
stats: {load,"tsung_controller@ip-172-31-50-238"} 1 0.03125 0.0 0.0703125 0.0 0.036830357142857144 7
stats: {cpu,"tsung_controller@ip-172-31-50-238"} 1 0.7003501750875438 0.0 2.0498370422435035 0.19990004997501248 0.614516440697731 7
stats: {freemem,"tsung_controller@ip-172-31-50-238"} 1 670.96875 0.0 677.765625 670.96875 675.6774553571429 7
stats: session 36 6151.4148611111095 1165.29903784699 8575.122 3473.875 5669.32382 100
stats: users_count 38 162
stats: finish_users_count 36 136
stats: request 336 85.56231250000009 134.74769278643853 803.331 5.532 44.76530206185569 970
stats: connect 39 1.1642564102564104 0.12197850124755966 21.838 1.001 1.4869105691056914 123
stats: page 154 186.82520129870127 228.8494819258833 1557.801 6.925 96.19912831858407 452
stats: 302 150 580
stats: 200 186 726
stats: size_rcv 563410 2208622
stats: newphase 0 2
stats: size_sent 204377 793815
stats: connected 3 26
# stats: dump at 1615368478
stats: users 31 31
stats: {load,"tsung_controller@ip-172-31-50-238"} 1 0.01953125 0.0 0.0703125 0.0 0.0361328125 8
stats: {cpu,"tsung_controller@ip-172-31-50-238"} 1 0.9495252373813095 0.0 2.0498370422435035 0.19990004997501248 0.6252456574964577 8
stats: {freemem,"tsung_controller@ip-172-31-50-238"} 1 669.18359375 0.0 677.765625 669.18359375 675.0888671875 8
stats: session 36 6079.2082222222225 1042.5159588229894 8575.122 3473.875 5796.936154411764 136
stats: users_count 41 203
stats: finish_users_count 36 172
stats: request 323 58.46044582043342 94.64200403001153 803.331 5.467 55.26131699846865 1306
stats: connect 39 1.2256153846153846 0.27911192639445076 21.838 1.0 1.4092345679012348 162
stats: page 142 131.38316197183104 133.26902522646358 1557.801 6.925 119.22951650165017 606
stats: 302 141 721
stats: 200 182 908
stats: size_rcv 547636 2756258
stats: newphase 0 2
stats: size_sent 203385 997200
stats: connected 3 29
# stats: dump at 1615368488
stats: users 65 65
stats: {load,"tsung_controller@ip-172-31-50-238"} 1 0.01953125 0.0 0.0703125 0.0 0.03428819444444445 9
stats: {cpu,"tsung_controller@ip-172-31-50-238"} 1 0.5524861878453038 0.0 2.0498370422435035 0.19990004997501248 0.6612767219281079 9
stats: {freemem,"tsung_controller@ip-172-31-50-238"} 1 669.86328125 0.0 677.765625 669.18359375 674.4327256944445 9
stats: session 35 6845.250342857141 1427.601879398054 10599.072 3473.875 5856.016354651162 172
stats: users_count 69 272
stats: finish_users_count 35 207
stats: request 395 275.9588379746833 278.0159502974907 1143.244 5.467 55.89564395334564 1629
stats: connect 68 1.2929117647058825 0.6019310038459585 21.838 0.955 1.3736069651741294 201
stats: page 198 499.3637424242424 510.810677570615 2426.763 6.925 121.53675935828879 748
stats: 302 172 893
stats: 200 223 1131
stats: size_rcv 685269 3441527
stats: newphase 1 3
stats: size_sent 242661 1239861
stats: connected 35 64
# stats: dump at 1615368498
stats: users 136 137
stats: {load,"tsung_controller@ip-172-31-50-238"} 1 0.01953125 0.0 0.0703125 0.0 0.0328125 10
stats: {cpu,"tsung_controller@ip-172-31-50-238"} 1 1.6475287069395907 0.0 2.0498370422435035 0.19990004997501248 0.6503976685198275 10
stats: {freemem,"tsung_controller@ip-172-31-50-238"} 1 660.17578125 0.0 677.765625 660.17578125 673.97578125 10
stats: session 23 11260.750173913042 2388.1651199674766 16847.278 3473.875 6023.278140096617 207
stats: users_count 94 366
stats: finish_users_count 23 230
stats: 302 166 1059
stats: request 442 1331.3371515837116 630.1066933495773 2925.624 5.467 98.84275938735175 2024
stats: connect 95 1.2888842105263159 0.48503601305595745 21.838 0.955 1.3532081784386618 269
stats: page 230 1970.5462304347832 1283.6150948329732 6701.267 6.925 200.61682558139535 946
stats: 200 276 1407
stats: size_rcv 905738 4347265
stats: newphase 0 3
stats: size_sent 293935 1533796
stats: connected 71 135
# stats: dump at 1615368508
stats: users 189 192
stats: {load,"tsung_controller@ip-172-31-50-238"} 1 0.01171875 0.0 0.0703125 0.0 0.03160511363636364 11
stats: {cpu,"tsung_controller@ip-172-31-50-238"} 1 1.5992003998000999 0.0 2.0498370422435035 0.19990004997501248 0.741045944739806 11
stats: {freemem,"tsung_controller@ip-172-31-50-238"} 1 640.84765625 0.0 677.765625 640.84765625 672.7212357954545 11
stats: session 25 18660.283279999996 1852.4074740060755 22536.986 3473.875 6547.02534347826 230
stats: users_count 78 444
stats: finish_users_count 25 255
stats: request 425 2600.085661176472 775.537049442967 4858.389 5.467 319.7521354420116 2466
stats: connect 80 1.2347124999999994 0.3535880439773806 21.838 0.955 1.3364203296703299 364
stats: page 217 4462.208216589863 2600.238564240469 11376.079 6.925 546.7764880952382 1176
stats: 302 188 1247
stats: 200 237 1644
stats: size_rcv 755440 5102705
stats: newphase 0 3
stats: size_sent 271778 1805574
stats: connected 55 190
# stats: dump at 1615368518
stats: users 281 288
stats: {load,"tsung_controller@ip-172-31-50-238"} 1 0.01171875 0.0 0.0703125 0.0 0.02994791666666667 12
stats: {cpu,"tsung_controller@ip-172-31-50-238"} 1 1.3527054108216432 0.0 2.0498370422435035 0.19990004997501248 0.8125588159948305 12
stats: {freemem,"tsung_controller@ip-172-31-50-238"} 1 627.6328125 0.0 677.765625 627.6328125 670.0651041666666 12
stats: session 80 18912.495387499996 6806.957301045271 29991.554 3473.875 7734.599650980391 255
stats: users_count 172 616
stats: finish_users_count 80 335
stats: request 997 1641.2359077231677 1747.411134522732 5225.914 0.578 654.9793054306473 2891
stats: connect 169 1.3274023668639054 1.2893369807522106 21.838 0.896 1.3180945945945948 444
stats: page 496 2930.5028749999988 3785.0310304451336 14146.966 0.578 1156.7181141421395 1393
stats: 302 190 1437
stats: 200 293 1937
stats: size_rcv 1048039 6150744
stats: newphase 1 4
stats: 502 514 514
stats: size_sent 524221 2329795
stats: connected 93 283
# stats: dump at 1615368528
stats: users 280 296
stats: {load,"tsung_controller@ip-172-31-50-238"} 1 0.01171875 0.0 0.0703125 0.0 0.02854567307692308 13
stats: {cpu,"tsung_controller@ip-172-31-50-238"} 1 2.3523523523523524 0.0 2.3523523523523524 0.19990004997501248 0.8541085540584314 13
stats: {freemem,"tsung_controller@ip-172-31-50-238"} 1 613.94921875 0.0 677.765625 613.94921875 666.8010817307693 13
stats: session 159 16751.050509433942 9782.030037615821 34440.089 3332.573 10403.947886567163 335
stats: users_count 158 774
stats: finish_users_count 159 494
stats: request 1503 1320.811521623419 2166.246395206357 6797.952 0.56 907.8851265432097 3888
stats: connect 158 1.2117594936708846 0.5088312300141555 21.838 0.881 1.3206606851549756 613
stats: page 674 2664.7029658753695 4403.90645308084 17746.659 0.572 1622.4657273689782 1889
stats: 302 184 1621
stats: 200 243 2180
stats: size_rcv 1162028 7312772
stats: newphase 0 4
stats: 502 1076 1590
stats: size_sent 662875 2992670
stats: connected -1 282
# stats: dump at 1615368538
stats: users 272 296
stats: {load,"tsung_controller@ip-172-31-50-238"} 1 0.01171875 0.0 0.0703125 0.0 0.027343750000000003 14
stats: {cpu,"tsung_controller@ip-172-31-50-238"} 1 2.3618090452261304 0.0 2.3618090452261304 0.19990004997501248 0.9611259682222829 14
stats: {freemem,"tsung_controller@ip-172-31-50-238"} 1 608.1484375 0.0 677.765625 608.1484375 663.0259486607143 14
stats: session 158 20200.703272151903 9028.280569309758 40246.622 3221.032 12446.84124089068 494
stats: users_count 150 924
stats: finish_users_count 158 652
stats: request 1398 1535.6969012875581 1692.464532836351 6797.952 0.56 1023.0081782600627 5391
stats: connect 153 1.2815620915032684 0.4696193957489399 21.838 0.881 1.2983437094682229 771
stats: page 605 3922.7597768595065 4892.689095606808 19090.859 0.572 1896.5460624268428 2563
stats: 302 278 1899
stats: 200 409 2589
stats: size_rcv 1413791 8726563
stats: newphase 0 4
stats: 502 711 2301
stats: size_sent 713638 3706308
stats: connected -5 277
# stats: dump at 1615368548
stats: users 369 381
stats: {load,"tsung_controller@ip-172-31-50-238"} 1 0.01171875 0.0 0.0703125 0.0 0.026302083333333337 15
stats: {cpu,"tsung_controller@ip-172-31-50-238"} 1 2.905811623246493 0.0 2.905811623246493 0.19990004997501248 1.0545048400225394 15
stats: {freemem,"tsung_controller@ip-172-31-50-238"} 1 604.64453125 0.0 677.765625 604.64453125 659.3674479166667 15
stats: session 216 15397.690620370358 8735.930792049714 40246.622 3221.032 14325.844616564413 652
stats: users_count 313 1237
stats: finish_users_count 216 868
stats: connect 306 1.2818986928104572 0.6834009145430602 21.838 0.881 1.295564935064935 924
stats: page 1054 1679.8889535104365 3161.304521538772 19090.859 0.572 2283.4965981691917 3168
stats: 302 221 2120
stats: request 2148 809.1879394785815 1572.489013334309 6797.952 0.56 1128.5817288260428 6789
stats: 200 278 2867
stats: size_rcv 1360530 10087093
stats: newphase 1 5
stats: 502 1649 3950
stats: size_sent 875679 4581987
stats: connected 92 369
# stats: dump at 1615368558
stats: users 374 381
stats: {load,"tsung_controller@ip-172-31-50-238"} 1 0.0 0.0 0.0703125 0.0 0.025390625000000003 16
stats: {cpu,"tsung_controller@ip-172-31-50-238"} 1 4.407294832826747 0.0 4.407294832826747 0.19990004997501248 1.1702115139740366 16
stats: {freemem,"tsung_controller@ip-172-31-50-238"} 1 605.2265625 0.0 677.765625 604.64453125 655.947265625 16
stats: session 306 12361.732313725488 8151.183944479221 42082.065 3146.772 14592.571271889394 868
stats: users_count 311 1548
stats: finish_users_count 306 1174
stats: request 2828 709.3179077086301 1645.0348866888671 7216.753 0.558 1051.8157156764012 8937
stats: 302 202 2322
stats: 200 287 3154
stats: page 1269 1538.7237785658006 3411.72237357198 19090.859 0.558 2132.8091378493605 4222
stats: size_rcv 1700706 11787799
stats: newphase 0 5
stats: 502 2339 6289
stats: size_sent 1027515 5609502
stats: connected 6 375
stats: connect 312 1.1207339743589753 0.4012492068842383 21.838 0.881 1.2921650406504064 1230
# stats: dump at 1615368568
stats: users 342 390
stats: {load,"tsung_controller@ip-172-31-50-238"} 1 0.0 0.0 0.0703125 0.0 0.023897058823529414 17
stats: {cpu,"tsung_controller@ip-172-31-50-238"} 1 5.9989832231825115 0.0 5.9989832231825115 0.19990004997501248 1.360628179788902 17
stats: {freemem,"tsung_controller@ip-172-31-50-238"} 1 595.625 0.0 677.765625 595.625 652.9636948529412 17
stats: session 341 11593.036082111435 6099.113285108897 42082.065 3146.772 14011.108988074951 1174
stats: users_count 309 1857
stats: finish_users_count 341 1515
stats: connect 312 1.14229487179487 0.3473561446926669 21.838 0.867 1.25747859922179 1542
stats: page 1305 1490.859049808427 2859.0392014271124 19090.859 0.558 1995.5127763613186 5491
stats: request 3028 630.064669088507 1212.96094777557 7216.753 0.558 969.4881507862306 11765
stats: 302 268 2590
stats: 200 405 3559
stats: size_rcv 2032219 13820018
stats: newphase 0 5
stats: 502 2355 8644
stats: size_sent 1220244 6829746
stats: connected -28 347
# stats: dump at 1615368578
stats: users 546 546
stats: {load,"tsung_controller@ip-172-31-50-238"} 1 0.0 0.0 0.0703125 0.0 0.022569444444444448 18
stats: {cpu,"tsung_controller@ip-172-31-50-238"} 1 6.21840242669363 0.0 6.21840242669363 0.19990004997501248 1.618314571088547 18
stats: {freemem,"tsung_controller@ip-172-31-50-238"} 1 610.296875 0.0 677.765625 595.625 649.7782118055555 18
stats: session 406 9908.353889162567 5693.1383411409915 42082.065 3146.772 13466.84307326732 1515
stats: users_count 610 2467
stats: finish_users_count 406 1921
stats: request 4080 420.0584144607856 1115.2904147121753 7216.753 0.557 900.0110803758536 14793
stats: 302 221 2811
stats: connect 604 1.209228476821194 0.9368203854279161 21.838 0.858 1.2380949298813375 1854
stats: 200 310 3869
stats: page 2028 910.739176035502 2300.506821282146 19090.859 0.558 1898.6067856091815 6796
stats: size_rcv 2043884 15863902
stats: newphase 1 6
stats: 502 3549 12193
stats: size_sent 1308175 8137921
stats: connected 197 544
# stats: dump at 1615368588
stats: users 560 575
stats: {load,"tsung_controller@ip-172-31-50-238"} 1 0.0 0.0 0.0703125 0.0 0.021381578947368425 19
stats: {cpu,"tsung_controller@ip-172-31-50-238"} 1 8.251676121712222 0.0 8.251676121712222 0.19990004997501248 1.8604244582256566 19
stats: {freemem,"tsung_controller@ip-172-31-50-238"} 1 601.4375 0.0 677.765625 595.625 647.7002467105264 19
stats: session 615 8733.85406178861 4937.490790876941 42082.065 3122.557 12714.762589796976 1921
stats: users_count 629 3096
stats: finish_users_count 615 2536
stats: request 5743 375.6637945324728 1206.8192070676387 7216.753 0.555 796.2540265458596 18873
stats: 302 205 3016
stats: connect 632 1.1185300632911381 0.3998744411892961 21.838 0.858 1.2310016273393007 2458
stats: page 2562 850.9506600312238 2354.6522304236396 19090.859 0.555 1671.56740299184 8824
stats: 200 348 4217
stats: size_rcv 2815648 18679550
stats: newphase 0 6
stats: 502 5190 17383
stats: size_sent 1734189 9872110
stats: connected 16 560
# stats: dump at 1615368598
stats: users 501 575
stats: {load,"tsung_controller@ip-172-31-50-238"} 1 0.0 0.0 0.0703125 0.0 0.020312500000000004 20
stats: {cpu,"tsung_controller@ip-172-31-50-238"} 1 10.35015447991761 0.0 10.35015447991761 0.19990004997501248 2.179987041399985 20
stats: {freemem,"tsung_controller@ip-172-31-50-238"} 1 600.33984375 0.0 677.765625 595.625 645.387109375 20
stats: session 653 9020.482171516089 4732.251908229488 42082.065 3122.557 11749.360876577282 2536
stats: users_count 594 3690
stats: finish_users_count 653 3189
stats: request 5716 331.2266780965698 869.3384507641089 7216.753 0.555 698.1288355134872 24616
stats: 302 314 3330
stats: 200 456 4673
stats: page 2489 778.1900847730026 1849.0188720314668 19090.859 0.555 1486.9178249604772 11386
stats: size_rcv 2987639 21667189
stats: newphase 0 6
stats: 502 4947 22330
stats: size_sent 1874023 11746133
stats: connected -55 505
stats: connect 596 1.198105704697988 0.8206485591399423 21.838 0.858 1.2079977346278319 3090
# stats: dump at 1615368608
stats: users 908 915
stats: {load,"tsung_controller@ip-172-31-50-238"} 1 0.0 0.0 0.0703125 0.0 0.0193452380952381 21
stats: {cpu,"tsung_controller@ip-172-31-50-238"} 1 9.834368530020704 0.0 10.35015447991761 0.19990004997501248 2.569042633710348 21
stats: {freemem,"tsung_controller@ip-172-31-50-238"} 1 598.19140625 0.0 677.765625 595.625 643.2420014880952 21
stats: session 797 7789.506435382681 3785.205900469989 42082.065 3072.201 11190.578250548759 3189
stats: users_count 1204 4894
stats: finish_users_count 797 3986
stats: request 8366 241.78106574229 842.2174616679864 7216.753 0.545 628.9869150402213 30332
stats: 302 250 3580
stats: 200 429 5102
stats: connect 1355 1.3038981549815492 0.9516429250439812 21.838 0.76 1.2063982637004886 3686
stats: size_rcv 3773859 25441048
stats: newphase 1 7
stats: page 4113 501.5178149769034 1529.097181313504 19090.859 0.555 1359.781007279279 13875
stats: 502 7686 30016
stats: size_sent 2354492 14100625
stats: connected 361 866
# stats: dump at 1615368618
stats: users 887 918
stats: {load,"tsung_controller@ip-172-31-50-238"} 1 0.0 0.0 0.0703125 0.0 0.018465909090909095 22
stats: {cpu,"tsung_controller@ip-172-31-50-238"} 1 16.811003565970452 0.0 16.811003565970452 0.19990004997501248 2.899284719906273 22
stats: {freemem,"tsung_controller@ip-172-31-50-238"} 1 583.18359375 0.0 677.765625 583.18359375 641.1942471590909 22
stats: session 1284 7283.058875389416 2911.446062085905 42082.065 3072.201 10510.534538384341 3986
stats: users_count 1263 6157
stats: finish_users_count 1284 5270
stats: connect 1591 1.0780659962287873 0.3927114963179541 21.838 0.76 1.2326058321761557 5041
stats: page 5112 378.7631115023473 1169.1491533558035 19090.859 0.555 1163.5370385256838 17988
stats: request 11552 161.52611011080378 613.6054201336032 7216.753 0.545 545.2780893844641 38698
stats: 302 306 3886
stats: 200 508 5610
stats: size_rcv 5012831 30453879
stats: newphase 0 7
stats: 502 10737 40753
stats: size_sent 3221659 17322284
stats: connected 22 888
# stats: dump at 1615368628
stats: users 866 930
stats: {load,"tsung_controller@ip-172-31-50-238"} 1 0.0 0.0 0.0703125 0.0 0.017663043478260875 23
stats: {cpu,"tsung_controller@ip-172-31-50-238"} 1 20.673329826407155 0.0 20.673329826407155 0.19990004997501248 3.5041420610394978 23
stats: {freemem,"tsung_controller@ip-172-31-50-238"} 1 575.77734375 0.0 677.765625 575.77734375 638.6720448369565 23
stats: session 1274 7006.214005494505 2669.891060132092 42082.065 3072.201 9724.181834155597 5270
stats: users_count 1253 7410
stats: finish_users_count 1274 6544
stats: request 11303 179.1001771211181 709.350625369386 7216.753 0.545 457.05713685572135 50250
stats: 302 287 4173
stats: 200 455 6065
stats: page 5027 406.15204754326766 1255.214457483091 19090.859 0.555 989.8675876623378 23100
stats: size_rcv 4681811 35135690
stats: connect 1638 1.0691080586080564 0.41067538692636835 21.838 0.76 1.195532117008444 6632
stats: newphase 0 7
stats: 502 10561 51314
stats: size_sent 3000935 20323219
stats: connected -24 864
# stats: dump at 1615368638
stats: users 14 930
stats: {load,"tsung_controller@ip-172-31-50-238"} 1 0.1484375 0.0 0.1484375 0.0 0.01692708333333334 24
stats: {cpu,"tsung_controller@ip-172-31-50-238"} 1 19.590336134453782 0.0 20.673329826407155 0.19990004997501248 4.219524884596484 24
stats: {freemem,"tsung_controller@ip-172-31-50-238"} 1 576.13671875 0.0 677.765625 575.77734375 636.0514322916666 24
stats: session 892 8203.534710762335 2659.394567374268 42082.065 3072.201 9195.042009321514 6544
stats: users_count 40 7450
stats: finish_users_count 892 7436
stats: connect 76 1.2272236842105264 1.1202134500395826 21.838 0.76 1.1704918984280528 8270
stats: page 1654 1065.9477309552567 1469.1932012472048 19090.859 0.555 885.5429878053119 28127
stats: 302 952 5125
stats: 200 1094 7159
stats: size_rcv 3904947 39040637
stats: newphase 0 7
stats: 502 3377 54691
stats: size_sent 2058011 22381230
stats: connected -845 19
stats: request 5423 309.01231550802083 646.9590452756726 7216.753 0.545 406.015798238916 61553
# stats: dump at 1615368643
stats: users 0 930
stats: {load,"tsung_controller@ip-172-31-50-238"} 1 0.12109375 0.0 0.1484375 0.0 0.022187500000000006 25
stats: {cpu,"tsung_controller@ip-172-31-50-238"} 1 7.335710646968925 0.0 20.673329826407155 0.19990004997501248 4.834357334590775 25
stats: {freemem,"tsung_controller@ip-172-31-50-238"} 1 660.3203125 0.0 677.765625 575.77734375 633.65484375 25
stats: session 14 11641.488571428572 1137.7111354126578 42082.065 3072.201 9076.103801909629 7436
stats: users_count 0 7450
stats: finish_users_count 14 7450
stats: connect 0 0 0 21.838 0.76 1.1710085070692544 8346
stats: 302 37 5162
stats: request 74 9.522459459459462 4.406580856282006 7216.753 0.545 398.1614939082655 66976
stats: 200 37 7196
stats: size_rcv 55876 39096513
stats: newphase 0 7
stats: page 19 38.746789473684224 11.286089974080793 19090.859 0.555 895.5624446794938 29781
stats: 502 0 54691
stats: size_sent 49185 22430415
stats: connected -19 0
EndMonitor:{1615,368643,897054}
