# stats: dump at 1615424241
stats: users 4 4
stats: {load,"tsung_controller@ip-172-31-45-17"} 1 0.0 0 0.0 0.0 0 0
stats: {freemem,"tsung_controller@ip-172-31-45-17"} 1 679.3984375 0 679.3984375 679.3984375 0 0
stats: {cpu,"tsung_controller@ip-172-31-45-17"} 1 4.318938934228288 0 4.318938934228288 4.318938934228288 0 0
stats: session 6 2206.651833333333 447.9075663584383 3034.517 1707.486 0 0
stats: users_count 10 10
stats: finish_users_count 6 6
stats: request 34 71.633 90.85535135296429 245.993 8.432 0 0
stats: connect 8 4.8469999999999995 9.09546000760819 28.906 1.214 0 0
stats: page 28 87.01803571428573 94.03563139366837 245.993 8.432 0 0
stats: 302 14 14
stats: 200 20 20
stats: match 6 6
stats: size_rcv 76268 76268
stats: size_sent 19091 19091
stats: connected 2 2
# stats: dump at 1615424251
stats: users 4 6
stats: {load,"tsung_controller@ip-172-31-45-17"} 1 0.0 0.0 0.0 0.0 0.0 1
stats: {freemem,"tsung_controller@ip-172-31-45-17"} 1 678.5703125 0.0 679.3984375 678.5703125 679.3984375 1
stats: {cpu,"tsung_controller@ip-172-31-45-17"} 1 0.25037556334501754 0.0 4.318938934228288 0.25037556334501754 4.318938934228288 1
stats: session 14 2064.923142857143 525.3386044069723 3235.849 1398.915 2206.651833333333 6
stats: users_count 14 24
stats: finish_users_count 14 20
stats: request 71 66.58297183098595 92.67918725791644 292.997 7.26 71.633 34
stats: connect 16 1.3164374999999997 0.12355311041713997 28.906 1.13 4.8469999999999995 8
stats: page 58 81.54301724137932 98.16314305461991 313.767 7.26 87.01803571428573 28
stats: 302 29 43
stats: 200 42 62
stats: match 13 19
stats: size_rcv 165264 241532
stats: size_sent 40392 59483
stats: connected 3 5
# stats: dump at 1615424261
stats: users 0 6
stats: {load,"tsung_controller@ip-172-31-45-17"} 1 0.0 0.0 0.0 0.0 0.0 2
stats: {freemem,"tsung_controller@ip-172-31-45-17"} 1 676.4609375 0.0 679.3984375 676.4609375 678.984375 2
stats: {cpu,"tsung_controller@ip-172-31-45-17"} 1 0.4995004995004995 0.0 4.318938934228288 0.25037556334501754 2.2846572487866528 2
stats: session 10 2456.5744999999997 575.9390908830985 3235.849 1398.915 2107.4417499999995 20
stats: users_count 6 30
stats: finish_users_count 10 30
stats: request 45 43.86868888888888 71.53925805374968 292.997 7.26 68.21821904761907 105
stats: connect 6 1.255 0.059963878015574276 28.906 1.13 2.4932916666666665 24
stats: page 34 58.11426470588234 78.44274221790837 313.767 7.26 83.32558139534886 86
stats: 302 17 60
stats: 200 28 90
stats: match 11 30
stats: size_rcv 130441 371973
stats: size_sent 28613 88096
stats: connected -5 0
# stats: dump at 1615424271
stats: users 4 6
stats: {load,"tsung_controller@ip-172-31-45-17"} 1 0.0 0.0 0.0 0.0 0.0 3
stats: {freemem,"tsung_controller@ip-172-31-45-17"} 1 678.171875 0.0 679.3984375 676.4609375 678.1432291666666 3
stats: {cpu,"tsung_controller@ip-172-31-45-17"} 1 0.3498250874562719 0.0 4.318938934228288 0.25037556334501754 1.6896049990246018 3
stats: session 6 2549.1723333333334 511.2025189562569 3275.267 1398.915 2223.819333333333 30
stats: users_count 10 40
stats: finish_users_count 6 36
stats: page 28 86.92657142857142 97.47604502111882 313.767 7.26 76.18237500000002 120
stats: 302 14 74
stats: request 33 73.72442424242425 94.23135839695387 292.997 7.26 60.91336000000002 150
stats: connect 9 1.5741111111111108 0.5603271751484811 28.906 1.13 2.245633333333333 30
stats: 200 19 109
stats: match 5 35
stats: size_rcv 69164 441137
stats: newphase 1 1
stats: size_sent 17629 105725
stats: connected 4 4
# stats: dump at 1615424281
stats: users 6 7
stats: {load,"tsung_controller@ip-172-31-45-17"} 1 0.0 0.0 0.0 0.0 0.0 4
stats: {freemem,"tsung_controller@ip-172-31-45-17"} 1 677.8046875 0.0 679.3984375 676.4609375 678.150390625 4
stats: {cpu,"tsung_controller@ip-172-31-45-17"} 1 0.39980009995002497 0.0 4.318938934228288 0.25037556334501754 1.3546600211325193 4
stats: session 17 2462.811 577.4050661330548 3290.01 1398.915 2278.044833333333 36
stats: users_count 19 59
stats: finish_users_count 17 53
stats: page 74 73.99597297297295 92.1972663100882 313.767 7.26 78.21506081081083 148
stats: request 92 59.485402173913016 87.05407310440171 292.997 7.26 63.223551912568325 183
stats: connect 19 1.3511052631578948 0.1071221116969061 28.906 1.129 2.090666666666667 39
stats: 302 37 111
stats: 200 55 164
stats: match 18 53
stats: size_rcv 232429 673566
stats: newphase 0 1
stats: size_sent 53759 159484
stats: connected 1 5
# stats: dump at 1615424291
stats: users 2 8
stats: {load,"tsung_controller@ip-172-31-45-17"} 1 0.0 0.0 0.0 0.0 0.0 5
stats: {freemem,"tsung_controller@ip-172-31-45-17"} 1 677.8125 0.0 679.3984375 676.4609375 678.08125 5
stats: {cpu,"tsung_controller@ip-172-31-45-17"} 1 0.49975012493753124 0.0 4.318938934228288 0.25037556334501754 1.1636880368960205 5
stats: session 18 2464.5530555555565 525.8895603884985 3290.01 1398.915 2337.3094528301885 53
stats: users_count 14 73
stats: finish_users_count 18 71
stats: request 81 54.58832098765433 82.612575612787 292.997 7.26 61.97297090909092 275
stats: connect 15 1.4229333333333332 0.2613859130778772 28.906 1.129 1.8483965517241383 58
stats: page 64 69.129765625 88.29260254629598 313.767 7.26 76.8086981981982 222
stats: 302 32 143
stats: 200 49 213
stats: match 17 70
stats: size_rcv 217151 890717
stats: newphase 0 1
stats: size_sent 48374 207858
stats: connected -2 3
# stats: dump at 1615424301
stats: users 14 14
stats: {load,"tsung_controller@ip-172-31-45-17"} 1 0.0 0.0 0.0 0.0 0.0 6
stats: {freemem,"tsung_controller@ip-172-31-45-17"} 1 677.31640625 0.0 679.3984375 676.4609375 678.0364583333334 6
stats: {cpu,"tsung_controller@ip-172-31-45-17"} 1 0.6496751624187905 0.0 4.318938934228288 0.25037556334501754 1.0530317182362723 6
stats: session 23 2175.6856956521747 598.8804729174797 3290.01 1320.079 2369.5683943661975 71
stats: users_count 35 108
stats: finish_users_count 23 94
stats: request 133 66.82775187969922 92.70524781598208 292.997 7.26 60.29275561797754 356
stats: connect 33 1.5484848484848481 1.002543919425225 28.906 1.129 1.7609726027397263 73
stats: page 110 80.83739090909086 97.29512147436186 313.767 7.26 75.09033566433567 286
stats: 302 54 197
stats: 200 79 292
stats: match 23 93
stats: size_rcv 316389 1207106
stats: newphase 1 2
stats: size_sent 74982 282840
stats: connected 10 13
# stats: dump at 1615424311
stats: users 4 15
stats: {load,"tsung_controller@ip-172-31-45-17"} 1 0.0 0.0 0.0 0.0 0.0 7
stats: {freemem,"tsung_controller@ip-172-31-45-17"} 1 675.41015625 0.0 679.3984375 675.41015625 677.93359375 7
stats: {cpu,"tsung_controller@ip-172-31-45-17"} 1 0.5997001499250375 0.0 4.318938934228288 0.25037556334501754 0.9954093531194893 7
stats: session 45 2399.371844444445 509.6627674668354 3290.01 1320.079 2322.129010638298 94
stats: users_count 35 143
stats: finish_users_count 45 139
stats: 302 82 279
stats: request 206 58.04973786407768 85.23179009868576 292.997 7.26 62.07016768916156 489
stats: 200 124 416
stats: match 44 137
stats: connect 36 1.3705 0.20014113076082637 28.906 1.129 1.6948207547169811 106
stats: size_rcv 581636 1788742
stats: page 162 73.86817283950617 91.37193870500323 313.767 7.26 76.68673989898988 396
stats: newphase 0 2
stats: size_sent 123547 406387
stats: connected -8 5
# stats: dump at 1615424321
stats: users 8 15
stats: {load,"tsung_controller@ip-172-31-45-17"} 1 0.0 0.0 0.0 0.0 0.0 8
stats: {freemem,"tsung_controller@ip-172-31-45-17"} 1 672.69140625 0.0 679.3984375 672.69140625 677.6181640625 8
stats: {cpu,"tsung_controller@ip-172-31-45-17"} 1 0.8012018027040559 0.0 4.318938934228288 0.25037556334501754 0.9459457027201827 8
stats: session 36 2213.179888888889 583.7294422703122 3290.01 1304.677 2347.1356834532376 139
stats: users_count 40 183
stats: finish_users_count 36 175
stats: request 183 60.84330054644809 88.22345958632327 292.997 7.26 60.878500719424466 695
stats: connect 39 1.5097692307692308 0.5670811212054352 28.906 1.129 1.6125985915492957 142
stats: page 148 75.27093918918918 93.18596856223279 313.767 7.26 75.86844623655912 558
stats: 302 73 352
stats: 200 110 526
stats: match 35 172
stats: size_rcv 503775 2292517
stats: newphase 0 2
stats: size_sent 107804 514191
stats: connected 4 9
# stats: dump at 1615424331
stats: users 18 24
stats: {load,"tsung_controller@ip-172-31-45-17"} 1 0.0 0.0 0.0 0.0 0.0 9
stats: {freemem,"tsung_controller@ip-172-31-45-17"} 1 671.73828125 0.0 679.3984375 671.73828125 677.0707465277778 9
stats: {cpu,"tsung_controller@ip-172-31-45-17"} 1 0.9471585244267198 0.0 4.318938934228288 0.25037556334501754 0.9298630471628352 9
stats: session 55 2325.967054545455 539.2516020395614 3449.35 1304.677 2319.579062857143 175
stats: users_count 65 248
stats: finish_users_count 55 230
stats: request 293 75.78277815699656 103.84642905628772 465.611 7.184 60.871164009111624 878
stats: 302 120 472
stats: connect 66 1.3558030303030302 0.268596194590305 28.906 1.037 1.5904419889502763 181
stats: page 239 92.9408953974896 109.72578806336794 465.611 7.184 75.74318980169971 706
stats: 200 173 699
stats: match 54 226
stats: size_rcv 779067 3071584
stats: newphase 1 3
stats: size_sent 167539 681730
stats: connected 12 21
# stats: dump at 1615424341
stats: users 22 26
stats: {load,"tsung_controller@ip-172-31-45-17"} 1 0.0 0.0 0.0 0.0 0.0 10
stats: {freemem,"tsung_controller@ip-172-31-45-17"} 1 671.75390625 0.0 679.3984375 671.73828125 676.5375 10
stats: {cpu,"tsung_controller@ip-172-31-45-17"} 1 1.1477045908183632 0.0 4.318938934228288 0.25037556334501754 0.9315925948892236 10
stats: session 73 2472.841945205478 601.3456836420305 3487.327 1304.677 2321.1066260869566 230
stats: users_count 77 325
stats: finish_users_count 73 303
stats: request 380 74.33599473684205 103.30425292873056 540.22 7.131 64.60225106746371 1171
stats: page 304 92.96078618421065 109.88525776872152 540.22 7.131 80.09266243386244 945
stats: connect 78 1.8644615384615382 3.536490770024634 32.409 1.037 1.527744939271255 247
stats: 302 151 623
stats: 200 229 928
stats: match 76 302
stats: size_rcv 1132604 4204188
stats: newphase 0 3
stats: size_sent 222280 904010
stats: connected 2 23
# stats: dump at 1615424351
stats: users 18 28
stats: {load,"tsung_controller@ip-172-31-45-17"} 1 0.0703125 0.0 0.0703125 0.0 0.0 11
stats: {freemem,"tsung_controller@ip-172-31-45-17"} 1 670.69921875 0.0 679.3984375 670.69921875 676.1026278409091 11
stats: {cpu,"tsung_controller@ip-172-31-45-17"} 1 1.2967581047381544 0.0 4.318938934228288 0.25037556334501754 0.9512391399736909 11
stats: session 78 2462.0265897435893 530.585793701023 3536.608 1304.677 2357.663320132013 303
stats: users_count 74 399
stats: finish_users_count 78 381
stats: request 386 72.0917176165803 101.92644620336884 557.64 7.131 66.98704964539006 1551
stats: connect 73 1.4205616438356163 0.33952674501959235 32.409 1.037 1.608556923076923 325
stats: page 307 90.68185342019548 109.16056303058541 572.261 7.131 83.22469575660533 1249
stats: 302 154 777
stats: 200 232 1160
stats: match 79 381
stats: size_rcv 1217581 5421769
stats: newphase 0 3
stats: size_sent 228378 1132388
stats: connected -6 17
# stats: dump at 1615424361
stats: users 90 96
stats: {load,"tsung_controller@ip-172-31-45-17"} 1 0.05859375 0.0 0.0703125 0.0 0.005859375 12
stats: {freemem,"tsung_controller@ip-172-31-45-17"} 1 667.4296875 0.0 679.3984375 667.4296875 675.65234375 12
stats: {cpu,"tsung_controller@ip-172-31-45-17"} 1 1.25 0.0 4.318938934228288 0.25037556334501754 0.9800323870373963 12
stats: session 73 3992.1461643835596 1406.1165203857004 7003.837 1304.677 2379.0290288713904 381
stats: users_count 145 544
stats: finish_users_count 73 454
stats: request 499 529.2134569138276 560.6740126028744 2688.766 7.131 68.00429375322663 1937
stats: connect 141 1.4613120567375886 0.7390353414782854 32.409 1.036 1.574075376884422 398
stats: page 417 598.1446906474824 649.2990608556778 3717.379 7.131 84.69599871465299 1556
stats: 302 205 982
stats: 200 295 1455
stats: match 82 463
stats: size_rcv 1516191 6937960
stats: newphase 1 4
stats: size_sent 301784 1434172
stats: connected 71 88
# stats: dump at 1615424371
stats: users 99 108
stats: {load,"tsung_controller@ip-172-31-45-17"} 1 0.05078125 0.0 0.0703125 0.0 0.009915865384615384 13
stats: {freemem,"tsung_controller@ip-172-31-45-17"} 1 643.265625 0.0 679.3984375 643.265625 675.0198317307693 13
stats: {cpu,"tsung_controller@ip-172-31-45-17"} 1 2.5857782197911483 0.0 4.318938934228288 0.25037556334501754 1.000799126496058 13
stats: session 140 6603.373714285713 1473.1546053357952 9573.819 1304.677 2638.406894273127 454
stats: users_count 149 693
stats: finish_users_count 140 594
stats: request 706 909.3316600566561 586.2583826081252 2872.978 7.131 162.4802266009852 2436
stats: page 568 1132.607322183099 815.8644561739451 4575.698 7.131 193.2150582868729 1973
stats: connect 150 1.4694266666666669 0.7412125412382667 32.409 1.036 1.5445769944341372 539
stats: 302 275 1257
stats: 200 430 1885
stats: match 138 601
stats: size_rcv 2451004 9388964
stats: newphase 0 4
stats: size_sent 419416 1853588
stats: connected 11 99
# stats: dump at 1615424381
stats: users 138 147
stats: {load,"tsung_controller@ip-172-31-45-17"} 1 0.0390625 0.0 0.0703125 0.0 0.012834821428571428 14
stats: {freemem,"tsung_controller@ip-172-31-45-17"} 1 642.51953125 0.0 679.3984375 642.51953125 672.7516741071429 14
stats: {cpu,"tsung_controller@ip-172-31-45-17"} 1 3.427719821162444 0.0 4.318938934228288 0.25037556334501754 1.1140119188742788 14
stats: session 114 7851.746763157892 2057.5862627240726 11681.679 1304.677 3572.9108585858576 594
stats: users_count 153 846
stats: finish_users_count 114 708
stats: request 651 1412.5496482334859 741.7652613872492 3593.989 7.131 330.295984723106 3142
stats: connect 152 1.3866118421052624 0.31739316580838633 32.409 0.996 1.5282162554426706 689
stats: page 527 1690.4141290322575 1032.3224120294103 5916.487 7.131 403.20120779220804 2541
stats: 302 267 1524
stats: 200 384 2269
stats: match 124 725
stats: size_rcv 2336479 11725443
stats: newphase 0 4
stats: size_sent 397280 2250868
stats: connected 40 139
# stats: dump at 1615424391
stats: users 282 284
stats: {load,"tsung_controller@ip-172-31-45-17"} 1 0.0390625 0.0 0.0703125 0.0 0.014583333333333334 15
stats: {freemem,"tsung_controller@ip-172-31-45-17"} 1 631.36328125 0.0 679.3984375 631.36328125 670.7361979166667 15
stats: {cpu,"tsung_controller@ip-172-31-45-17"} 1 2.9955067398901645 0.0 4.318938934228288 0.25037556334501754 1.2682591123601563 15
stats: session 105 10188.286133333331 1795.5841780167616 15031.891 1304.677 4261.875961864405 708
stats: users_count 249 1095
stats: finish_users_count 105 813
stats: request 681 1978.054941262849 727.4883951889024 4085.166 0.805 516.0452952807799 3793
stats: connect 249 1.435879518072289 1.1407710250829672 32.409 0.992 1.5026230677764565 841
stats: page 567 2308.293425044092 1021.6637927325802 6988.917 7.131 624.3098158409389 3068
stats: 302 255 1779
stats: 200 426 2695
stats: match 114 839
stats: size_rcv 2311971 14037414
stats: newphase 1 5
stats: 502 1 1
stats: size_sent 422295 2673163
stats: connected 142 281
# stats: dump at 1615424401
stats: users 339 350
stats: {load,"tsung_controller@ip-172-31-45-17"} 1 0.03125 0.0 0.0703125 0.0 0.01611328125 16
stats: {freemem,"tsung_controller@ip-172-31-45-17"} 1 616.75 0.0 679.3984375 616.75 668.275390625 16
stats: {cpu,"tsung_controller@ip-172-31-45-17"} 1 4.005934718100891 0.0 4.318938934228288 0.25037556334501754 1.3762120890807819 16
stats: session 287 7959.604634146336 5096.411893577354 20383.756 1009.732 5027.279489544894 813
stats: users_count 344 1439
stats: finish_users_count 287 1100
stats: request 1388 1629.2526109510075 2187.6622220583326 6424.664 0.686 738.5818551631646 4474
stats: connect 345 1.6088782608695644 1.6180598517144875 32.409 0.992 1.4873761467889905 1090
stats: page 1100 1996.6468036363603 2521.7973901064174 10473.73 0.686 886.9834627235216 3635
stats: 302 215 1994
stats: match_stop 223 223
stats: 200 298 2993
stats: match 65 904
stats: size_rcv 2130594 16168008
stats: newphase 0 5
stats: 502 874 875
stats: nomatch 223 223
stats: size_sent 545476 3218639
stats: connected 56 337
# stats: dump at 1615424411
stats: users 316 350
stats: {load,"tsung_controller@ip-172-31-45-17"} 1 0.01953125 0.0 0.0703125 0.0 0.017003676470588234 17
stats: {freemem,"tsung_controller@ip-172-31-45-17"} 1 606.49609375 0.0 679.3984375 606.49609375 665.2444852941177 17
stats: {cpu,"tsung_controller@ip-172-31-45-17"} 1 7.132667617689016 0.0 7.132667617689016 0.25037556334501754 1.5309016554937296 17
stats: session 359 9575.795944289697 6289.082735340159 23055.365 1009.732 5792.349777272725 1100
stats: users_count 336 1775
stats: finish_users_count 359 1459
stats: request 1557 1772.6354380218388 2018.2550024301313 6523.794 0.686 949.4742142613437 5862
stats: connect 336 2.427752976190475 3.485265666966636 32.409 0.992 1.5165874564459927 1435
stats: page 1186 2348.256830522768 2554.88967492769 11598.005 0.686 1144.7722008447724 4735
stats: 302 301 2295
stats: match_stop 213 436
stats: 200 450 3443
stats: match 158 1062
stats: size_rcv 3576146 19744154
stats: newphase 0 5
stats: 502 806 1681
stats: nomatch 213 436
stats: size_sent 653592 3872231
stats: connected -21 316
# stats: dump at 1615424421
stats: users 385 397
stats: {load,"tsung_controller@ip-172-31-45-17"} 1 0.01953125 0.0 0.0703125 0.0 0.017144097222222224 18
stats: {freemem,"tsung_controller@ip-172-31-45-17"} 1 597.32421875 0.0 679.3984375 597.32421875 661.9806857638889 18
stats: {cpu,"tsung_controller@ip-172-31-45-17"} 1 8.271028037383179 0.0 8.271028037383179 0.25037556334501754 1.8421108756156899 18
stats: session 470 7838.859710638303 6658.244340977045 25985.263 1007.814 6723.3005476353665 1459
stats: users_count 539 2314
stats: finish_users_count 470 1929
stats: 302 263 2558
stats: request 2131 1180.7103923040822 1794.4027788915882 6523.794 0.674 1122.228227658714 7419
stats: connect 538 1.3183921933085465 0.5361035490736745 32.409 0.983 1.6894568040654991 1771
stats: page 1677 1514.6893816338693 2175.43114404353 11598.005 0.674 1385.8349893599054 5921
stats: match_stop 333 769
stats: 200 419 3862
stats: match 121 1183
stats: size_rcv 3397405 23141559
stats: newphase 1 6
stats: 502 1449 3130
stats: nomatch 333 769
stats: size_sent 747992 4620223
stats: connected 68 384
# stats: dump at 1615424431
stats: users 375 397
stats: {load,"tsung_controller@ip-172-31-45-17"} 1 0.01953125 0.0 0.0703125 0.0 0.017269736842105265 19
stats: {freemem,"tsung_controller@ip-172-31-45-17"} 1 603.6484375 0.0 679.3984375 597.32421875 658.5777138157895 19
stats: {cpu,"tsung_controller@ip-172-31-45-17"} 1 10.305719921104536 0.0 10.305719921104536 0.25037556334501754 2.180474936761347 19
stats: session 646 6457.711051083592 5531.563796292168 26425.442 1007.814 6995.106046137897 1929
stats: users_count 636 2950
stats: finish_users_count 646 2575
stats: request 2652 965.6517187028684 1698.3319461838832 6523.794 0.674 1135.278017486911 9550
stats: connect 639 1.3734679186228493 0.8494155084143402 32.409 0.983 1.6029982676483312 2309
stats: page 2023 1294.1608413247677 2062.3308215797188 11598.005 0.674 1414.2752125559357 7598
stats: 302 275 2833
stats: match_stop 496 1265
stats: 200 437 4299
stats: match 133 1316
stats: size_rcv 4146995 27288554
stats: newphase 0 6
stats: 502 1941 5071
stats: nomatch 496 1265
stats: size_sent 875665 5495888
stats: connected -4 380
# stats: dump at 1615424441
stats: users 374 402
stats: {load,"tsung_controller@ip-172-31-45-17"} 1 0.01171875 0.0 0.0703125 0.0 0.017382812500000004 20
stats: {freemem,"tsung_controller@ip-172-31-45-17"} 1 594.00390625 0.0 679.3984375 594.00390625 655.83125 20
stats: {cpu,"tsung_controller@ip-172-31-45-17"} 1 11.07799304520616 0.0 11.07799304520616 0.25037556334501754 2.5867371859785067 20
stats: session 641 5806.802081123251 4700.862667359671 26425.442 1007.814 6860.2877289320395 2575
stats: users_count 640 3590
stats: finish_users_count 641 3216
stats: request 2707 946.7458817879589 1728.825232079915 6725.201 0.672 1098.4111969349292 12202
stats: connect 640 1.2434000000000016 0.4022888724225419 32.409 0.983 1.5532459294436898 2948
stats: page 2050 1235.6318804878092 2006.8913395761315 11598.005 0.672 1389.0188594740675 9621
stats: 302 276 3109
stats: match_stop 523 1788
stats: 200 408 4707
stats: match 134 1450
stats: size_rcv 4255472 31544026
stats: newphase 0 6
stats: 502 2023 7094
stats: nomatch 523 1788
stats: size_sent 894786 6390674
stats: connected -6 374
# stats: dump at 1615424451
stats: users 532 538
stats: {load,"tsung_controller@ip-172-31-45-17"} 1 0.01171875 0.0 0.0703125 0.0 0.017113095238095243 21
stats: {freemem,"tsung_controller@ip-172-31-45-17"} 1 601.94921875 0.0 679.3984375 594.00390625 652.8870907738095 21
stats: {cpu,"tsung_controller@ip-172-31-45-17"} 1 12.073231073725879 0.0 12.073231073725879 0.25037556334501754 2.9910827030845852 21
stats: session 1001 4833.4184915084825 4420.346853717602 26425.442 1007.814 6650.311267412937 3216
stats: users_count 1159 4749
stats: finish_users_count 1001 4217
stats: request 4456 583.1412237432675 1374.2255222549127 6725.201 0.659 1070.8736016500106 14909
stats: connect 1158 1.2669965457685657 0.751266519557312 32.409 0.784 1.4979779821627643 3588
stats: page 3468 757.9844561707023 1622.2620130547152 11598.005 0.659 1362.0765831548292 11671
stats: 302 273 3382
stats: match_stop 856 2644
stats: 200 463 5170
stats: match 132 1582
stats: size_rcv 4825651 36369677
stats: newphase 1 7
stats: 502 3719 10813
stats: nomatch 856 2644
stats: size_sent 1280060 7670734
stats: connected 159 533
# stats: dump at 1615424461
stats: users 506 542
stats: {load,"tsung_controller@ip-172-31-45-17"} 1 0.23828125 0.0 0.23828125 0.0 0.01686789772727273 22
stats: {freemem,"tsung_controller@ip-172-31-45-17"} 1 598.734375 0.0 679.3984375 594.00390625 650.5717329545455 22
stats: {cpu,"tsung_controller@ip-172-31-45-17"} 1 18.450912678835717 0.0 18.450912678835717 0.25037556334501754 3.4039076290228256 22
stats: session 1214 4185.057840197699 3534.733246082789 26425.442 1007.814 6219.030814797248 4217
stats: users_count 1188 5937
stats: finish_users_count 1214 5431
stats: request 4662 522.8485866580896 1345.7043996860145 6725.201 0.659 958.6435228505039 19365
stats: connect 1122 1.32233155080214 0.7683473169872338 32.409 0.784 1.4416196797302985 4746
stats: page 3507 700.030651554036 1589.8515059972688 11598.005 0.659 1223.6928394213626 15139
stats: 302 267 3649
stats: match_stop 1023 3667
stats: 200 407 5577
stats: match 132 1714
stats: size_rcv 4959399 41329076
stats: newphase 0 7
stats: 502 3988 14801
stats: nomatch 1023 3667
stats: size_sent 1287973 8958707
stats: connected -35 498
# stats: dump at 1615424471
stats: users 498 547
stats: {load,"tsung_controller@ip-172-31-45-17"} 1 0.2109375 0.0 0.23828125 0.0 0.026494565217391308 23
stats: {freemem,"tsung_controller@ip-172-31-45-17"} 1 605.359375 0.0 679.3984375 594.00390625 648.3179347826087 23
stats: {cpu,"tsung_controller@ip-172-31-45-17"} 1 19.502681618722576 0.0 19.502681618722576 0.25037556334501754 4.058125239884256 23
stats: session 1268 3966.1138272870594 3078.8010676143426 26425.442 1007.814 5764.373626219849 5431
stats: users_count 1260 7197
stats: finish_users_count 1268 6699
stats: connect 1275 1.248846274509806 0.5127522628279078 32.409 0.784 1.4188110088616221 5868
stats: 302 271 3920
stats: request 5252 474.23742536176593 1315.6136408219413 7031.46 0.659 874.0854842885096 24027
stats: page 3968 623.0491577620945 1517.0158658981463 11598.005 0.659 1125.200761074762 18646
stats: match_stop 1142 4809
stats: 200 400 5977
stats: match 142 1856
stats: size_rcv 5015256 46344332
stats: newphase 0 7
stats: 502 4581 19382
stats: nomatch 1142 4809
stats: size_sent 1430143 10388850
stats: connected -3 495
# stats: dump at 1615424482
stats: users 79 547
stats: {load,"tsung_controller@ip-172-31-45-17"} 1 0.41015625 0.0 0.41015625 0.0 0.03417968750000001 24
stats: {freemem,"tsung_controller@ip-172-31-45-17"} 1 603.71875 0.0 679.3984375 594.00390625 646.5279947916667 24
stats: {cpu,"tsung_controller@ip-172-31-45-17"} 1 18.236472945891784 0.0 19.502681618722576 0.25037556334501754 4.701648422335853 24
stats: session 692 5909.503189306367 4026.79477018309 26425.442 1007.814 5423.995446633825 6699
stats: users_count 273 7470
stats: finish_users_count 692 7391
stats: request 2562 1063.3074695550376 1566.3346519590011 7031.46 0.659 802.3616547354763 29279
stats: connect 327 1.2234159021406716 0.5154213603522529 32.409 0.784 1.3884729105417892 7143
stats: page 1853 1476.546094441448 1821.708268423447 11598.005 0.659 1037.0899641372603 22614
stats: 302 400 4320
stats: match_stop 441 5250
stats: 200 661 6638
stats: match 268 2124
stats: size_rcv 6775711 53120043
stats: newphase 0 7
stats: 502 1501 20883
stats: nomatch 441 5250
stats: size_sent 930920 11319770
stats: connected -391 104
# stats: dump at 1615424484
stats: users 0 547
stats: {load,"tsung_controller@ip-172-31-45-17"} 1 0.3515625 0.0 0.41015625 0.0 0.049218750000000006 25
stats: {freemem,"tsung_controller@ip-172-31-45-17"} 1 614.43359375 0.0 679.3984375 594.00390625 644.8156250000001 25
stats: {cpu,"tsung_controller@ip-172-31-45-17"} 1 7.992106561420818 0.0 19.502681618722576 0.25037556334501754 5.24304140327809 25
stats: session 79 11103.22244303797 2206.0047879205745 26425.442 1007.814 5469.452266810986 7391
stats: users_count 0 7470
stats: finish_users_count 79 7470
stats: page 163 944.6563558282209 1206.9559192932395 11598.005 0.659 1070.3720260759394 24467
stats: 302 97 4417
stats: match_stop 0 5250
stats: request 259 506.87013127413127 782.1018648956225 7031.46 0.659 823.3579543984177 31841
stats: 200 162 6800
stats: match 96 2220
stats: connect 0 0 0 32.409 0.784 1.3812475234270414 7470
stats: size_rcv 1285622 54405665
stats: newphase 0 7
stats: 502 0 20883
stats: nomatch 0 5250
stats: size_sent 134864 11454634
stats: connected -104 0
EndMonitor:{1615,424484,620316}
