# stats: dump at 1615457084
stats: users 3 5
stats: {load,"tsung_controller@ip-172-31-53-64"} 1 0.078125 0 0.078125 0.078125 0 0
stats: {freemem,"tsung_controller@ip-172-31-53-64"} 1 669.66015625 0 669.66015625 669.66015625 0 0
stats: {cpu,"tsung_controller@ip-172-31-53-64"} 1 7.038816792794867 0 7.038816792794867 7.038816792794867 0 0
stats: session 7 2147.6905714285713 638.1028085649917 2891.113 1389.915 0 0
stats: users_count 10 10
stats: finish_users_count 7 7
stats: 302 14 14
stats: request 75 42.114306666666664 79.49462766132453 264.914 6.38 0 0
stats: 200 61 61
stats: size_rcv 344557 344557
stats: connect 10 2.7006999999999994 4.095496063970761 14.966 1.118 0 0
stats: size_sent 43448 43448
stats: connected 5 5
stats: page 24 131.49400000000006 146.61071175679265 331.55 6.465 0 0
# stats: dump at 1615457094
stats: users 4 5
stats: {load,"tsung_controller@ip-172-31-53-64"} 1 0.0703125 0.0 0.078125 0.0703125 0.078125 1
stats: {freemem,"tsung_controller@ip-172-31-53-64"} 1 670.62109375 0.0 670.62109375 669.66015625 669.66015625 1
stats: {cpu,"tsung_controller@ip-172-31-53-64"} 1 0.4 0.0 7.038816792794867 0.4 7.038816792794867 1
stats: session 8 2467.5292499999996 562.1872910571597 3137.845 1389.915 2147.6905714285713 7
stats: users_count 9 19
stats: finish_users_count 8 15
stats: request 88 40.85404545454545 75.1822974639142 264.914 6.192 42.114306666666664 75
stats: connect 9 1.3744444444444444 0.1874347952466025 14.966 1.118 2.7006999999999994 10
stats: page 29 124.46917241379312 139.6576966848412 334.667 6.465 131.49400000000006 24
stats: 302 20 34
stats: 200 68 129
stats: size_rcv 399953 744510
stats: size_sent 49575 93023
stats: connected -1 4
# stats: dump at 1615457104
stats: users 2 5
stats: {load,"tsung_controller@ip-172-31-53-64"} 1 0.05859375 0.0 0.078125 0.05859375 0.07421875 2
stats: {freemem,"tsung_controller@ip-172-31-53-64"} 1 670.09765625 0.0 670.62109375 669.66015625 670.140625 2
stats: {cpu,"tsung_controller@ip-172-31-53-64"} 1 0.40060090135202797 0.0 7.038816792794867 0.4 3.7194083963974336 2
stats: session 11 2642.9772727272734 464.1062737181667 3269.631 1389.915 2318.2712 15
stats: users_count 9 28
stats: finish_users_count 11 26
stats: request 79 37.036316455696216 70.99494661434203 264.914 6.192 41.43392024539877 163
stats: connect 9 1.5268888888888885 0.4013428693342291 14.966 1.118 2.072473684210526 19
stats: page 28 104.72071428571424 133.4530294386266 334.667 6.465 127.65022641509437 53
stats: 302 19 53
stats: 200 60 189
stats: size_rcv 337525 1082035
stats: size_sent 46109 139132
stats: connected -2 2
# stats: dump at 1615457114
stats: users 12 13
stats: {load,"tsung_controller@ip-172-31-53-64"} 1 0.05078125 0.0 0.078125 0.05078125 0.06901041666666667 3
stats: {freemem,"tsung_controller@ip-172-31-53-64"} 1 672.3984375 0.0 672.3984375 669.66015625 670.1263020833334 3
stats: {cpu,"tsung_controller@ip-172-31-53-64"} 1 0.4495504495504496 0.0 7.038816792794867 0.4 2.6131392313822985 3
stats: session 17 2492.3215294117654 597.3092656214118 3323.529 1389.915 2455.6468461538466 26
stats: users_count 27 55
stats: finish_users_count 17 43
stats: request 206 43.01647087378639 80.1944396867784 264.914 6.117 39.99833884297521 242
stats: connect 26 1.6167307692307693 0.7510462731668869 14.966 1.059 1.8971071428571427 28
stats: page 66 134.4749242424242 150.6607345575935 553.901 6.351 119.72397530864197 81
stats: 302 40 93
stats: 200 166 355
stats: size_rcv 965459 2047494
stats: newphase 1 1
stats: size_sent 117201 256333
stats: connected 11 13
# stats: dump at 1615457124
stats: users 3 13
stats: {load,"tsung_controller@ip-172-31-53-64"} 1 0.0390625 0.0 0.078125 0.0390625 0.064453125 4
stats: {freemem,"tsung_controller@ip-172-31-53-64"} 1 669.75 0.0 672.3984375 669.66015625 670.6943359375 4
stats: {cpu,"tsung_controller@ip-172-31-53-64"} 1 0.9495252373813095 0.0 7.038816792794867 0.4 2.072242035924336 4
stats: session 28 2319.3417857142863 568.2444551365671 3323.529 1389.915 2470.1461395348842 43
stats: users_count 19 74
stats: finish_users_count 28 71
stats: request 201 36.865447761194055 72.17944612846132 264.914 5.549 41.38614062499999 448
stats: connect 19 1.6134736842105264 0.7653225235787543 14.966 1.059 1.762111111111111 54
stats: page 68 109.17776470588238 133.9384768154787 553.901 6.351 126.34685034013603 147
stats: 302 49 142
stats: 200 152 507
stats: size_rcv 875051 2922545
stats: newphase 0 1
stats: size_sent 116199 372532
stats: connected -9 4
# stats: dump at 1615457134
stats: users 0 13
stats: {load,"tsung_controller@ip-172-31-53-64"} 1 0.03125 0.0 0.078125 0.03125 0.059375 5
stats: {freemem,"tsung_controller@ip-172-31-53-64"} 1 678.0234375 0.0 678.0234375 669.66015625 670.50546875 5
stats: {cpu,"tsung_controller@ip-172-31-53-64"} 1 0.45045045045045046 0.0 7.038816792794867 0.4 1.8476986762157306 5
stats: session 19 2297.896947368421 525.136510620206 3323.529 1389.915 2410.674000000001 71
stats: users_count 16 90
stats: finish_users_count 19 90
stats: request 161 37.37854658385093 72.86516534092868 264.914 5.549 39.986049306625574 649
stats: connect 17 1.7494117647058827 1.4029658525391855 14.966 1.059 1.7234246575342467 73
stats: page 55 109.61870909090909 135.25635773552014 553.901 6.351 120.91662790697673 215
stats: 302 38 180
stats: 200 123 630
stats: size_rcv 701902 3624447
stats: newphase 0 1
stats: size_sent 93148 465680
stats: connected -4 0
# stats: dump at 1615457144
stats: users 9 14
stats: {load,"tsung_controller@ip-172-31-53-64"} 1 0.03125 0.0 0.078125 0.03125 0.0546875 6
stats: {freemem,"tsung_controller@ip-172-31-53-64"} 1 679.17578125 0.0 679.17578125 669.66015625 671.7584635416666 6
stats: {cpu,"tsung_controller@ip-172-31-53-64"} 1 0.45045045045045046 0.0 7.038816792794867 0.4 1.6148239719215172 6
stats: session 24 2323.7559166666665 600.1268017658795 3341.387 1389.915 2386.865511111112 90
stats: users_count 33 123
stats: finish_users_count 24 114
stats: request 257 39.77814785992217 75.7891058812653 264.914 5.549 39.467767901234566 810
stats: connect 31 1.5419677419354838 1.1683234882313056 14.966 0.991 1.7283333333333335 90
stats: page 84 121.91569047619048 140.84630081471755 553.901 6.351 118.6152 270
stats: 302 53 233
stats: 200 204 834
stats: size_rcv 1180413 4804860
stats: newphase 1 2
stats: size_sent 147019 612699
stats: connected 8 8
# stats: dump at 1615457154
stats: users 10 14
stats: {load,"tsung_controller@ip-172-31-53-64"} 1 0.01953125 0.0 0.078125 0.01953125 0.05133928571428571 7
stats: {freemem,"tsung_controller@ip-172-31-53-64"} 1 673.38671875 0.0 679.17578125 669.66015625 672.8180803571429 7
stats: {cpu,"tsung_controller@ip-172-31-53-64"} 1 0.999000999000999 0.0 7.038816792794867 0.4 1.4484848974256506 7
stats: session 38 2257.921605263158 579.3447873462673 3341.387 1380.141 2373.579280701755 114
stats: users_count 39 162
stats: finish_users_count 38 152
stats: connect 38 1.452578947368421 0.42398427426019547 14.966 0.991 1.6805867768595042 121
stats: request 346 40.347849710982686 77.03726343760071 317.004 5.549 39.542526710402996 1067
stats: 302 76 309
stats: page 114 122.65805263157895 140.27100154224286 553.901 6.351 119.39836723163842 354
stats: 200 270 1104
stats: size_rcv 1552763 6357623
stats: newphase 0 2
stats: size_sent 198520 811219
stats: connected 1 9
# stats: dump at 1615457164
stats: users 12 14
stats: {load,"tsung_controller@ip-172-31-53-64"} 1 0.01953125 0.0 0.078125 0.01953125 0.04736328125 8
stats: {freemem,"tsung_controller@ip-172-31-53-64"} 1 674.11328125 0.0 679.17578125 669.66015625 672.88916015625 8
stats: {cpu,"tsung_controller@ip-172-31-53-64"} 1 0.9004502251125562 0.0 7.038816792794867 0.4 1.3922994101225692 8
stats: session 43 2433.9437209302328 576.2777930648865 3379.203 1380.141 2344.664861842106 152
stats: users_count 45 207
stats: finish_users_count 43 195
stats: request 395 39.906012658227844 76.19997767521747 317.004 5.549 39.7397254069356 1413
stats: connect 46 1.5166956521739134 0.5129682958914635 14.966 0.991 1.6260943396226413 159
stats: page 132 119.5099318181819 146.70858698160546 553.901 6.351 120.19239316239315 468
stats: 302 86 395
stats: 200 309 1413
stats: size_rcv 1764834 8122457
stats: newphase 0 2
stats: size_sent 228081 1039300
stats: connected 4 13
# stats: dump at 1615457174
stats: users 25 27
stats: {load,"tsung_controller@ip-172-31-53-64"} 1 0.01953125 0.0 0.078125 0.01953125 0.044270833333333336 9
stats: {freemem,"tsung_controller@ip-172-31-53-64"} 1 671.953125 0.0 679.17578125 669.66015625 673.0251736111111 9
stats: {cpu,"tsung_controller@ip-172-31-53-64"} 1 1.098901098901099 0.0 7.038816792794867 0.4 1.3376495006770122 9
stats: session 59 2296.311915254237 585.1963523072445 3379.203 1365.723 2364.351994871796 195
stats: users_count 72 279
stats: finish_users_count 59 254
stats: connect 72 1.3497083333333337 0.26848812499603947 14.966 0.991 1.6015463414634146 205
stats: request 619 40.68888691437804 76.90201339110669 317.004 5.181 39.77605475663717 1808
stats: page 202 123.63370297029702 145.92409371605626 563.888 6.311 120.04225166666669 600
stats: 302 131 526
stats: 200 488 1901
stats: size_rcv 2827395 10949852
stats: newphase 1 3
stats: size_sent 354472 1393772
stats: connected 13 26
# stats: dump at 1615457184
stats: users 19 27
stats: {load,"tsung_controller@ip-172-31-53-64"} 1 0.01171875 0.0 0.078125 0.01171875 0.041796875 10
stats: {freemem,"tsung_controller@ip-172-31-53-64"} 1 664.7109375 0.0 679.17578125 664.7109375 672.91796875 10
stats: {cpu,"tsung_controller@ip-172-31-53-64"} 1 2.136115250869349 0.0 7.038816792794867 0.4 1.3137746604994207 10
stats: session 90 2361.6494666666663 592.3432219947075 3379.203 1365.723 2348.5474094488195 254
stats: users_count 84 363
stats: finish_users_count 90 344
stats: request 769 38.89111833550069 74.45417292105196 317.004 5.181 40.008870210135974 2427
stats: page 260 115.31173076923079 140.96312713244646 563.888 6.292 120.94683167082296 802
stats: connect 85 1.397423529411765 0.43527479829942156 14.966 0.991 1.536086642599278 277
stats: 302 175 701
stats: 200 594 2495
stats: size_rcv 3412642 14362494
stats: newphase 0 3
stats: size_sent 443143 1836915
stats: connected -6 20
# stats: dump at 1615457194
stats: users 21 27
stats: {load,"tsung_controller@ip-172-31-53-64"} 1 0.01171875 0.0 0.078125 0.01171875 0.0390625 11
stats: {freemem,"tsung_controller@ip-172-31-53-64"} 1 664.62890625 0.0 679.17578125 664.62890625 672.171875 11
stats: {cpu,"tsung_controller@ip-172-31-53-64"} 1 2.2399203583872573 0.0 7.038816792794867 0.4 1.388532895987596 11
stats: session 81 2362.615234567903 559.413376899481 3379.203 1350.58 2351.975273255814 344
stats: users_count 83 446
stats: finish_users_count 81 425
stats: 302 164 865
stats: request 747 39.71769477911638 75.7072264579481 317.004 4.972 39.73992428035045 3196
stats: 200 583 3078
stats: size_rcv 3355803 17718297
stats: connect 83 1.3739879518072293 0.42408596235822155 14.966 0.991 1.5035276243093925 362
stats: newphase 0 3
stats: size_sent 428172 2265087
stats: page 248 120.84638306451619 145.54985702177424 563.888 6.155 119.56724011299437 1062
stats: connected 2 22
# stats: dump at 1615457204
stats: users 37 54
stats: {load,"tsung_controller@ip-172-31-53-64"} 1 0.01171875 0.0 0.078125 0.01171875 0.036783854166666664 12
stats: {freemem,"tsung_controller@ip-172-31-53-64"} 1 662.43359375 0.0 679.17578125 662.43359375 671.5432942708334 12
stats: {cpu,"tsung_controller@ip-172-31-53-64"} 1 2.0398009950248754 0.0 7.038816792794867 0.4 1.4594818511875678 12
stats: session 138 2413.677673913045 602.3417129914675 3526.056 1350.58 2354.003124705883 425
stats: users_count 154 600
stats: finish_users_count 138 563
stats: connect 153 1.465581699346406 0.8865925563483349 14.966 0.971 1.4793662921348316 445
stats: 302 283 1148
stats: 200 1032 4110
stats: page 436 122.77973853211012 145.30150219796997 563.888 5.866 119.80939847328247 1310
stats: size_rcv 5935195 23653492
stats: newphase 1 4
stats: size_sent 754462 3019549
stats: connected 19 41
stats: request 1315 40.64220912547528 77.37088750074929 317.004 4.848 39.735712908952564 3943
# stats: dump at 1615457214
stats: users 40 54
stats: {load,"tsung_controller@ip-172-31-53-64"} 1 0.078125 0.0 0.078125 0.01171875 0.03485576923076923 13
stats: {freemem,"tsung_controller@ip-172-31-53-64"} 1 639.16796875 0.0 679.17578125 639.16796875 670.8425480769231 13
stats: {cpu,"tsung_controller@ip-172-31-53-64"} 1 4.769001490312966 0.0 7.038816792794867 0.4 1.5041217853288993 13
stats: session 142 2401.002725352111 575.1351073946059 3529.533 1350.58 2368.630278863234 563
stats: users_count 145 745
stats: finish_users_count 142 705
stats: request 1284 39.73748909657313 76.06815411017698 317.004 4.848 39.962423164701406 5258
stats: 302 289 1437
stats: connect 140 1.3518785714285722 0.3907677144847991 14.966 0.971 1.4758394648829434 598
stats: page 428 118.72968224299072 145.35660997949424 564.307 5.866 120.55113287514321 1746
stats: 200 995 5105
stats: size_rcv 5728080 29381572
stats: newphase 0 4
stats: size_sent 738671 3758220
stats: connected -7 34
# stats: dump at 1615457224
stats: users 47 54
stats: {load,"tsung_controller@ip-172-31-53-64"} 1 0.0703125 0.0 0.078125 0.01171875 0.03794642857142857 14
stats: {freemem,"tsung_controller@ip-172-31-53-64"} 1 649.0 0.0 679.17578125 639.16796875 668.580078125 14
stats: {cpu,"tsung_controller@ip-172-31-53-64"} 1 3.2418952618453867 0.0 7.038816792794867 0.4 1.737327478542047 14
stats: session 142 2359.4099225352106 537.1133927786427 3529.533 1350.58 2375.150686524823 705
stats: users_count 149 894
stats: finish_users_count 142 847
stats: connect 154 1.374993506493507 0.45324248114125537 14.966 0.933 1.4523238482384828 738
stats: page 448 121.13391071428569 142.45243250722035 564.307 5.861 120.1925400183993 2174
stats: 302 294 1731
stats: request 1350 40.14329629629627 76.38218997713616 317.004 4.848 39.918275298073965 6542
stats: 200 1056 6161
stats: size_rcv 6091743 35473315
stats: newphase 0 4
stats: size_sent 775321 4533541
stats: connected 12 46
# stats: dump at 1615457234
stats: users 81 90
stats: {load,"tsung_controller@ip-172-31-53-64"} 1 0.05859375 0.0 0.078125 0.01171875 0.04010416666666667 15
stats: {freemem,"tsung_controller@ip-172-31-53-64"} 1 640.35546875 0.0 679.17578125 639.16796875 667.2747395833334 15
stats: {cpu,"tsung_controller@ip-172-31-53-64"} 1 3.746253746253746 0.0 7.038816792794867 0.4 1.8376319974289361 15
stats: session 269 2388.5091933085473 562.6151856296698 3550.286 1350.58 2372.511739079103 847
stats: users_count 303 1197
stats: finish_users_count 269 1116
stats: request 2626 48.74039489718196 87.49234713739607 524.126 4.848 39.95676723264063 7892
stats: connect 300 1.350526666666668 0.5599972701917594 14.966 0.912 1.438973094170404 892
stats: page 864 147.92721296296273 174.66794650632016 905.098 5.792 120.3533844393593 2622
stats: 302 565 2296
stats: 200 2061 8222
stats: size_rcv 11938081 47411396
stats: newphase 1 5
stats: size_sent 1507591 6041132
stats: connected 34 80
# stats: dump at 1615457244
stats: users 66 90
stats: {load,"tsung_controller@ip-172-31-53-64"} 1 0.05078125 0.0 0.078125 0.01171875 0.041259765625 16
stats: {freemem,"tsung_controller@ip-172-31-53-64"} 1 610.56640625 0.0 679.17578125 610.56640625 665.59228515625 16
stats: {cpu,"tsung_controller@ip-172-31-53-64"} 1 8.759842519685039 0.0 8.759842519685039 0.4 1.9569208567304868 16
stats: session 308 2392.4702077922066 573.4774711536127 3813.441 1350.58 2376.3677562724006 1116
stats: users_count 293 1490
stats: finish_users_count 308 1424
stats: request 2655 45.856406779660965 85.23434395625378 600.426 4.848 42.14975128351394 10518
stats: connect 292 1.3504143835616444 0.44551988586057834 14.966 0.908 1.4167130872483227 1192
stats: page 891 137.22772951739572 168.87795949466505 910.683 5.792 127.18751749856565 3486
stats: 302 598 2894
stats: 200 2057 10279
stats: size_rcv 11851281 59262677
stats: newphase 0 5
stats: size_sent 1527531 7568663
stats: connected -14 66
# stats: dump at 1615457254
stats: users 88 90
stats: {load,"tsung_controller@ip-172-31-53-64"} 1 0.0390625 0.0 0.078125 0.01171875 0.04181985294117647 17
stats: {freemem,"tsung_controller@ip-172-31-53-64"} 1 611.03125 0.0 679.17578125 610.56640625 662.35546875 17
stats: {cpu,"tsung_controller@ip-172-31-53-64"} 1 8.98379970544919 0.0 8.98379970544919 0.4 2.357092719257225 17
stats: session 276 2433.4534999999983 599.5138216476306 3867.643 1350.58 2379.8505898876397 1424
stats: users_count 298 1788
stats: finish_users_count 276 1700
stats: 302 575 3469
stats: request 2636 46.05544688922612 85.36048711379776 600.426 4.774 42.89682259166474 13173
stats: 200 2061 12340
stats: size_rcv 11919575 71182252
stats: connect 296 1.3796013513513523 0.5774619355638959 14.966 0.896 1.403667789757413 1484
stats: newphase 0 5
stats: size_sent 1512127 9080790
stats: page 870 139.6475436781608 167.89735756792535 1022.853 5.779 129.23134407128157 4377
stats: connected 18 84
# stats: dump at 1615457264
stats: users 413 413
stats: {load,"tsung_controller@ip-172-31-53-64"} 1 0.03125 0.0 0.078125 0.01171875 0.041666666666666664 18
stats: {freemem,"tsung_controller@ip-172-31-53-64"} 1 607.91015625 0.0 679.17578125 607.91015625 659.5041232638889 18
stats: {cpu,"tsung_controller@ip-172-31-53-64"} 1 8.486352357320099 0.0 8.98379970544919 0.4 2.7252431073790007 18
stats: session 241 4221.036302904565 1577.0850639810783 8254.799 1350.58 2388.553179999999 1700
stats: users_count 566 2354
stats: finish_users_count 241 1941
stats: request 3279 467.295892040257 475.09271762558075 3214.348 4.774 43.423493073565666 15809
stats: connect 568 1.4411144366197177 1.4993820508594449 22.019 0.88 1.3996657303370796 1780
stats: page 1057 1052.9793245033118 1201.8599827272656 5930.633 5.779 130.95844406327413 5247
stats: 302 709 4178
stats: 200 2570 14910
stats: size_rcv 14216229 85398481
stats: newphase 1 6
stats: size_sent 1994601 11075391
stats: connected 324 408
# stats: dump at 1615457274
stats: users 738 739
stats: {load,"tsung_controller@ip-172-31-53-64"} 1 0.03125 0.0 0.078125 0.01171875 0.04111842105263158 19
stats: {freemem,"tsung_controller@ip-172-31-53-64"} 1 501.80078125 0.0 679.17578125 501.80078125 656.7886513157895 19
stats: {cpu,"tsung_controller@ip-172-31-53-64"} 1 11.575239053850025 0.0 11.575239053850025 0.4 3.02845938369169 19
stats: session 270 9500.690411111113 1892.0280240951681 13574.607 1350.58 2616.079420401854 1941
stats: users_count 595 2949
stats: finish_users_count 270 2211
stats: connect 600 1.3820133333333324 1.1297723058898004 22.019 0.833 1.4096925042589443 2348
stats: page 1138 3023.541724077325 2422.541958018074 10144.355 5.779 285.5549019670051 6304
stats: request 3571 1325.3526956034646 558.0200591220536 3325.761 4.774 116.2377007544008 19088
stats: 302 776 4954
stats: 200 2795 17705
stats: size_rcv 15739149 101137630
stats: newphase 0 6
stats: size_sent 2158365 13233756
stats: connected 330 738
# stats: dump at 1615457284
stats: users 1087 1088
stats: {load,"tsung_controller@ip-172-31-53-64"} 1 0.1015625 0.0 0.1015625 0.01171875 0.040625 20
stats: {freemem,"tsung_controller@ip-172-31-53-64"} 1 396.48046875 0.0 679.17578125 396.48046875 649.0392578125 20
stats: {cpu,"tsung_controller@ip-172-31-53-64"} 1 12.14392803598201 0.0 12.14392803598201 0.4 3.455798367199607 20
stats: session 274 15434.444810218976 1931.2920382560312 20065.092 1350.58 3456.805321573948 2211
stats: users_count 623 3572
stats: finish_users_count 274 2485
stats: request 3663 2128.015227136224 659.3734306154441 4129.305 0.879 306.7911076393475 22659
stats: connect 617 1.4330777957860625 1.0768857421125602 22.019 0.833 1.4040590230664862 2948
stats: page 1181 4986.57760118544 3832.84163153416 14683.94 2.263 704.2365740392362 7442
stats: 302 766 5720
stats: 200 2788 20493
stats: size_rcv 15482360 116619990
stats: newphase 0 6
stats: 502 109 109
stats: size_sent 2200277 15434033
stats: connected 345 1083
# stats: dump at 1615457294
stats: users 1287 1308
stats: {load,"tsung_controller@ip-172-31-53-64"} 1 0.171875 0.0 0.171875 0.01171875 0.04352678571428571 21
stats: {freemem,"tsung_controller@ip-172-31-53-64"} 1 289.84765625 0.0 679.17578125 289.84765625 637.0126488095239 21
stats: {cpu,"tsung_controller@ip-172-31-53-64"} 1 13.710879284649776 0.0 13.710879284649776 0.4 3.8695188276178167 21
stats: session 971 13545.685424304844 6011.045079536741 25199.476 1063.425 4777.478649496981 2485
stats: users_count 1171 4743
stats: finish_users_count 971 3456
stats: connect 1171 1.3078445772843719 0.5591439624282404 22.019 0.753 1.409081346423563 3565
stats: page 3373 3454.049609842866 4370.265770387906 16972.577 1.794 1290.7429816769106 8623
stats: 302 803 6523
stats: 200 2927 23420
stats: size_rcv 19391716 136011706
stats: newphase 1 7
stats: 502 6903 7012
stats: size_sent 4640322 20074355
stats: connected 209 1292
stats: request 10632 970.0920519187399 1366.199939683811 4844.454 0.806 560.2347650254526 26322
# stats: dump at 1615457304
stats: users 1253 1308
stats: {load,"tsung_controller@ip-172-31-53-64"} 1 0.2890625 0.0 0.2890625 0.01171875 0.049360795454545456 22
stats: {freemem,"tsung_controller@ip-172-31-53-64"} 1 277.91015625 0.0 679.17578125 277.91015625 621.232421875 22
stats: {cpu,"tsung_controller@ip-172-31-53-64"} 1 23.90194075587334 0.0 23.90194075587334 0.4 4.316853393846542 22
stats: session 1271 10993.668592446871 5433.808192559553 26111.609 1022.15 7240.9997080439825 3456
stats: users_count 1237 5980
stats: finish_users_count 1271 4727
stats: request 11165 905.0496792655647 1230.9379210165193 4844.454 0.805 678.154413081128 36954
stats: 302 964 7487
stats: connect 1242 1.2997785829307555 0.46559675844412407 22.019 0.753 1.38405004222973 4736
stats: page 3758 2739.372345662586 3284.90557557064 18026.072 1.794 1899.01517714238 11996
stats: 200 3156 26576
stats: size_rcv 20445938 156457644
stats: newphase 0 7
stats: 502 7044 14056
stats: size_sent 4821515 24895870
stats: connected -37 1255
# stats: dump at 1615457314
stats: users 1271 1308
stats: {load,"tsung_controller@ip-172-31-53-64"} 1 0.390625 0.0 0.390625 0.01171875 0.059782608695652176 23
stats: {freemem,"tsung_controller@ip-172-31-53-64"} 1 278.38671875 0.0 679.17578125 277.91015625 606.3053668478261 23
stats: {cpu,"tsung_controller@ip-172-31-53-64"} 1 23.517382413087933 0.0 23.90194075587334 0.4 5.168378931325968 23
stats: session 1240 10065.385283870968 4574.192531410847 26111.609 1022.15 8250.02068373175 4727
stats: users_count 1258 7238
stats: finish_users_count 1240 5967
stats: request 11284 908.2537320985422 1231.078920921051 4844.454 0.805 730.8006785261547 48119
stats: 302 941 8428
stats: 200 3238 29814
stats: connect 1258 1.3943346581875982 0.9400374844997563 22.019 0.753 1.3665416527266643 5978
stats: size_rcv 21097888 177555532
stats: newphase 0 7
stats: 502 7105 21161
stats: page 3766 2727.331670207118 3298.057629567924 18026.072 1.794 2099.4761546273953 15754
stats: size_sent 4797311 29693181
stats: connected 15 1270
# stats: dump at 1615457324
stats: users 0 1308
stats: {load,"tsung_controller@ip-172-31-53-64"} 1 0.41015625 0.0 0.41015625 0.01171875 0.07356770833333333 24
stats: {freemem,"tsung_controller@ip-172-31-53-64"} 1 286.0078125 0.0 679.17578125 277.91015625 592.64208984375 24
stats: {cpu,"tsung_controller@ip-172-31-53-64"} 1 25.816172777498746 0.0 25.816172777498746 0.4 5.93292074306605 24
stats: session 1411 11154.989907866782 3585.9911678288086 26111.609 1022.15 8627.270910675377 5967
stats: users_count 140 7378
stats: finish_users_count 1411 7378
stats: request 6924 1022.6626961294105 1097.9053703584507 4952.694 0.805 764.5090814100296 59403
stats: 302 1469 9897
stats: 200 4205 34019
stats: connect 142 1.3534788732394358 0.6648797065646892 22.019 0.753 1.3713735489220562 7236
stats: size_rcv 26104167 203659699
stats: newphase 0 7
stats: page 2574 3555.744372571869 3600.1745304098063 18026.072 1.794 2220.6085251024583 19520
stats: 502 1250 22411
stats: size_sent 3236106 32929287
stats: connected -1230 40
# stats: dump at 1615457334
stats: users 0 1308
stats: {load,"tsung_controller@ip-172-31-53-64"} 1 0.3515625 0.0 0.41015625 0.01171875 0.08703125 25
stats: {freemem,"tsung_controller@ip-172-31-53-64"} 1 560.89453125 0.0 679.17578125 277.91015625 580.37671875 25
stats: {cpu,"tsung_controller@ip-172-31-53-64"} 1 12.646013204672425 0.0 25.816172777498746 0.4 6.728250824443357 25
stats: session 0 0 0 26111.609 1022.15 9110.682608294932 7378
stats: users_count 0 7378
stats: finish_users_count 0 7378
stats: request 75 13.355693333333335 5.907740285361983 4952.694 0.805 791.4582217045852 66327
stats: connect 0 0 0 22.019 0.753 1.371029140688533 7378
stats: page 40 26.875075 6.728674075876689 18026.072 1.794 2376.154812392504 22094
stats: 302 40 9937
stats: 200 35 34054
stats: size_rcv 161013 203820712
stats: newphase 0 7
stats: 502 0 22411
stats: size_sent 42637 32971924
stats: connected -40 0
# stats: dump at 1615457344
stats: users 0 1308
stats: {load,"tsung_controller@ip-172-31-53-64"} 1 0.2890625 0.0 0.41015625 0.01171875 0.09720552884615384 26
stats: {freemem,"tsung_controller@ip-172-31-53-64"} 1 581.30859375 0.0 679.17578125 277.91015625 579.6274038461538 26
stats: {cpu,"tsung_controller@ip-172-31-53-64"} 1 0.050075112669003496 0.0 25.816172777498746 0.050075112669003496 6.9558570698367825 26
stats: session 0 0 0 26111.609 1022.15 9110.682608294932 7378
stats: users_count 0 7378
stats: finish_users_count 0 7378
stats: request 0 0 0 4952.694 0.805 790.5793673082139 66402
stats: connect 0 0 0 22.019 0.753 1.371029140688533 7378
stats: page 0 0 0 18026.072 1.794 2371.9092539983726 22134
stats: 302 0 9937
stats: 200 0 34054
stats: size_rcv 0 203820712
stats: newphase 0 7
stats: 502 0 22411
stats: size_sent 0 32971924
stats: connected 0 0
# stats: dump at 1615457354
stats: users 0 1308
stats: {load,"tsung_controller@ip-172-31-53-64"} 1 0.25 0.0 0.41015625 0.01171875 0.10431134259259259 27
stats: {freemem,"tsung_controller@ip-172-31-53-64"} 1 581.80859375 0.0 679.17578125 277.91015625 579.6896701388889 27
stats: {cpu,"tsung_controller@ip-172-31-53-64"} 1 0.09995002498750624 0.0 25.816172777498746 0.050075112669003496 6.7000873677194575 27
stats: session 0 0 0 26111.609 1022.15 9110.682608294932 7378
stats: users_count 0 7378
stats: finish_users_count 0 7378
stats: request 0 0 0 4952.694 0.805 790.5793673082139 66402
stats: connect 0 0 0 22.019 0.753 1.371029140688533 7378
stats: page 0 0 0 18026.072 1.794 2371.9092539983726 22134
stats: 302 0 9937
stats: 200 0 34054
stats: size_rcv 0 203820712
stats: newphase 0 7
stats: 502 0 22411
stats: size_sent 0 32971924
stats: connected 0 0
# stats: dump at 1615457364
stats: users 0 1308
stats: {load,"tsung_controller@ip-172-31-53-64"} 1 0.2109375 0.0 0.41015625 0.01171875 0.10951450892857142 28
stats: {freemem,"tsung_controller@ip-172-31-53-64"} 1 597.73046875 0.0 679.17578125 277.91015625 579.7653459821429 28
stats: {cpu,"tsung_controller@ip-172-31-53-64"} 1 0.19990004997501248 0.0 25.816172777498746 0.050075112669003496 6.464368176907601 28
stats: session 0 0 0 26111.609 1022.15 9110.682608294932 7378
stats: users_count 0 7378
stats: finish_users_count 0 7378
stats: request 0 0 0 4952.694 0.805 790.5793673082139 66402
stats: connect 0 0 0 22.019 0.753 1.371029140688533 7378
stats: page 0 0 0 18026.072 1.794 2371.9092539983726 22134
stats: 302 0 9937
stats: 200 0 34054
stats: size_rcv 0 203820712
stats: newphase 0 7
stats: 502 0 22411
stats: size_sent 0 32971924
stats: connected 0 0
# stats: dump at 1615457374
stats: users 0 1308
stats: {load,"tsung_controller@ip-172-31-53-64"} 1 0.1796875 0.0 0.41015625 0.01171875 0.11301185344827586 29
stats: {freemem,"tsung_controller@ip-172-31-53-64"} 1 598.34375 0.0 679.17578125 277.91015625 580.3848329741379 29
stats: {cpu,"tsung_controller@ip-172-31-53-64"} 1 0.05 0.0 25.816172777498746 0.05 6.248352034599581 29
stats: session 0 0 0 26111.609 1022.15 9110.682608294932 7378
stats: users_count 0 7378
stats: finish_users_count 0 7378
stats: 302 0 9937
stats: connect 0 0 0 22.019 0.753 1.371029140688533 7378
stats: 200 0 34054
stats: size_rcv 0 203820712
stats: page 0 0 0 18026.072 1.794 2371.9092539983726 22134
stats: newphase 0 7
stats: 502 0 22411
stats: size_sent 0 32971924
stats: connected 0 0
stats: request 0 0 0 4952.694 0.805 790.5793673082139 66402
# stats: dump at 1615457376
stats: users 0 1308
stats: {load,"tsung_controller@ip-172-31-53-64"} 1 0.1484375 0.0 0.41015625 0.01171875 0.115234375 30
stats: {freemem,"tsung_controller@ip-172-31-53-64"} 1 598.62890625 0.0 679.17578125 277.91015625 580.9834635416667 30
stats: {cpu,"tsung_controller@ip-172-31-53-64"} 1 0.050075112669003496 0.0 25.816172777498746 0.05 6.041740300112929 30
stats: session 0 0 0 26111.609 1022.15 9110.682608294932 7378
stats: users_count 0 7378
stats: finish_users_count 0 7378
stats: request 0 0 0 4952.694 0.805 790.5793673082139 66402
stats: connect 0 0 0 22.019 0.753 1.371029140688533 7378
stats: page 0 0 0 18026.072 1.794 2371.9092539983726 22134
stats: 302 0 9937
stats: 200 0 34054
stats: size_rcv 0 203820712
stats: newphase 0 7
stats: 502 0 22411
stats: size_sent 0 32971924
stats: connected 0 0
EndMonitor:{1615,457376,581875}
