
=INFO REPORT==== 11-Mar-2021::00:43:28 ===
    ts_config_server:(5:<0.127.0>) Config server started, logdir is "/home/ec2-user/.tsung/log/20210311-0043"
 
=INFO REPORT==== 11-Mar-2021::00:43:28 ===
              ts_mon:(5:<0.110.0>) starting monitor, global 

=INFO REPORT==== 11-Mar-2021::00:43:28 ===
           ts_config:(5:<0.127.0>) Reading config file: tsung_join.xml

=INFO REPORT==== 11-Mar-2021::00:43:28 ===
           ts_config:(5:<0.127.0>) Session name for id 1 is "join_test"

=INFO REPORT==== 11-Mar-2021::00:43:28 ===
    ts_config_server:(4:<0.127.0>) SYSINFO:Tsung version: 1.7.0

=INFO REPORT==== 11-Mar-2021::00:43:28 ===
    ts_config_server:(4:<0.127.0>) SYSINFO:Erlang version: Erlang/OTP 22 [erts-10.6] [source] [64-bit] [smp:2:2] [ds:2:2:10] [async-threads:8] [hipe]


=INFO REPORT==== 11-Mar-2021::00:43:28 ===
    ts_config_server:(4:<0.127.0>) SYSINFO:System architecture x86_64-redhat-linux-gnu

=INFO REPORT==== 11-Mar-2021::00:43:28 ===
    ts_config_server:(4:<0.127.0>) SYSINFO:Current path: /usr/lib/tsung/tsung-1.7.0/ebin/tsung.beam

=INFO REPORT==== 11-Mar-2021::00:43:28 ===
              ts_mon:(5:<0.128.0>) Activate clients with text backend

=INFO REPORT==== 11-Mar-2021::00:43:28 ===
              ts_mon:(5:<0.128.0>) Starting tsung clients on hosts: [localhost]

=INFO REPORT==== 11-Mar-2021::00:43:28 ===
    ts_config_server:(5:<0.127.0>) Start a launcher on the controller beam localhost

=INFO REPORT==== 11-Mar-2021::00:43:28 ===
         ts_launcher:(5:<0.183.0>) Launch msg receive ("localhost")

=INFO REPORT==== 11-Mar-2021::00:43:28 ===
  ts_launcher_static:(5:<0.182.0>) Launch msg receive ("localhost")

=INFO REPORT==== 11-Mar-2021::00:43:28 ===
    ts_config_server:(5:<0.127.0>) New arrival phase 1 for client "localhost" (last ? true): will start 30 users

=INFO REPORT==== 11-Mar-2021::00:43:28 ===
    ts_config_server:(5:<0.127.0>) New arrival phase 2 for client "localhost" (last ? true): will start 60 users

=INFO REPORT==== 11-Mar-2021::00:43:28 ===
    ts_config_server:(5:<0.127.0>) New arrival phase 3 for client "localhost" (last ? true): will start 120 users

=INFO REPORT==== 11-Mar-2021::00:43:28 ===
    ts_config_server:(5:<0.127.0>) New arrival phase 4 for client "localhost" (last ? true): will start 240 users

=INFO REPORT==== 11-Mar-2021::00:43:28 ===
    ts_config_server:(5:<0.127.0>) New arrival phase 5 for client "localhost" (last ? true): will start 480 users

=INFO REPORT==== 11-Mar-2021::00:43:28 ===
    ts_config_server:(5:<0.127.0>) New arrival phase 6 for client "localhost" (last ? true): will start 960 users

=INFO REPORT==== 11-Mar-2021::00:43:28 ===
    ts_config_server:(5:<0.127.0>) New arrival phase 7 for client "localhost" (last ? true): will start 1920 users

=INFO REPORT==== 11-Mar-2021::00:43:28 ===
    ts_config_server:(5:<0.127.0>) New arrival phase 8 for client "localhost" (last ? true): will start 3840 users

=INFO REPORT==== 11-Mar-2021::00:43:28 ===
         ts_launcher:(5:<0.183.0>) Expected duration of first phase: 30.0 sec (30 users) 

=INFO REPORT==== 11-Mar-2021::00:43:28 ===
         ts_launcher:(5:<0.183.0>) Activate launcher (30 users) in 1798 msec 

=INFO REPORT==== 11-Mar-2021::00:43:57 ===
         ts_launcher:(4:<0.183.0>) Need to wait 1.932 sec before changing phase, going to sleep

=INFO REPORT==== 11-Mar-2021::00:43:59 ===
         ts_launcher:(5:<0.183.0>) Waking up

=INFO REPORT==== 11-Mar-2021::00:43:59 ===
         ts_launcher:(5:<0.183.0>) Start a new arrival phase (60 users, 0.002); expected duration=30.0 sec

=INFO REPORT==== 11-Mar-2021::00:44:29 ===
         ts_launcher:(5:<0.183.0>) Phase duration exceeded, but not all users were launched (9 users, 15.0% of phase)

=INFO REPORT==== 11-Mar-2021::00:44:29 ===
         ts_launcher:(5:<0.183.0>) Start a new arrival phase (120 users, 0.004); expected duration=30.0 sec

=INFO REPORT==== 11-Mar-2021::00:44:59 ===
         ts_launcher:(4:<0.183.0>) Need to wait 0.516 sec before changing phase, going to sleep

=INFO REPORT==== 11-Mar-2021::00:44:59 ===
         ts_launcher:(5:<0.183.0>) Waking up

=INFO REPORT==== 11-Mar-2021::00:44:59 ===
         ts_launcher:(5:<0.183.0>) Start a new arrival phase (240 users, 0.008); expected duration=30.0 sec

=INFO REPORT==== 11-Mar-2021::00:45:30 ===
         ts_launcher:(5:<0.183.0>) Phase duration exceeded, but not all users were launched (8 users, 3.3% of phase)

=INFO REPORT==== 11-Mar-2021::00:45:30 ===
         ts_launcher:(5:<0.183.0>) Start a new arrival phase (480 users, 0.016); expected duration=30.0 sec

=INFO REPORT==== 11-Mar-2021::00:45:58 ===
         ts_launcher:(4:<0.183.0>) Need to wait 1.419 sec before changing phase, going to sleep

=INFO REPORT==== 11-Mar-2021::00:46:00 ===
         ts_launcher:(5:<0.183.0>) Waking up

=INFO REPORT==== 11-Mar-2021::00:46:00 ===
         ts_launcher:(5:<0.183.0>) Start a new arrival phase (960 users, 0.032); expected duration=30.0 sec

=INFO REPORT==== 11-Mar-2021::00:46:30 ===
         ts_launcher:(5:<0.183.0>) Phase duration exceeded, but not all users were launched (62 users, 6.5% of phase)

=INFO REPORT==== 11-Mar-2021::00:46:30 ===
         ts_launcher:(5:<0.183.0>) Start a new arrival phase (1920 users, 0.064); expected duration=30.0 sec

=INFO REPORT==== 11-Mar-2021::00:47:00 ===
         ts_launcher:(5:<0.183.0>) Phase duration exceeded, but not all users were launched (22 users, 1.1% of phase)

=INFO REPORT==== 11-Mar-2021::00:47:00 ===
         ts_launcher:(5:<0.183.0>) Start a new arrival phase (3840 users, 0.128); expected duration=30.0 sec

=INFO REPORT==== 11-Mar-2021::00:47:30 ===
         ts_launcher:(5:<0.183.0>) Phase duration exceeded, but not all users were launched (199 users, 5.2% of phase)

=INFO REPORT==== 11-Mar-2021::00:47:30 ===
         ts_launcher:(5:<0.183.0>) This was the last phase, wait for connected users to finish their session

=INFO REPORT==== 11-Mar-2021::00:47:40 ===
     ts_launcher_mgr:(5:<0.176.0>) No more active users 'tsung_controller@ip-172-31-45-17' "3523"
