# stats: dump at 1615423418
stats: users 1 3
stats: {load,"tsung_controller@ip-172-31-45-17"} 1 0.03125 0 0.03125 0.03125 0 0
stats: {freemem,"tsung_controller@ip-172-31-45-17"} 1 673.734375 0 673.734375 673.734375 0 0
stats: {cpu,"tsung_controller@ip-172-31-45-17"} 1 5.444568882993699 0 5.444568882993699 5.444568882993699 0 0
stats: session 5 2142.6318 97.89683683224906 2305.632 2014.92 0 0
stats: users_count 6 6
stats: finish_users_count 5 5
stats: connect 6 4.69 7.504736282286451 21.471 1.289 0 0
stats: page 17 115.3179411764706 128.20527295500418 297.813 8.12 0 0
stats: 302 11 11
stats: request 52 37.62880769230769 68.11625294446097 226.238 6.366 0 0
stats: 200 41 41
stats: size_rcv 196611 196611
stats: size_sent 29812 29812
stats: connected 1 1
# stats: dump at 1615423428
stats: users 5 6
stats: {load,"tsung_controller@ip-172-31-45-17"} 1 0.01953125 0.0 0.03125 0.01953125 0.03125 1
stats: {freemem,"tsung_controller@ip-172-31-45-17"} 1 673.44140625 0.0 673.734375 673.44140625 673.734375 1
stats: {cpu,"tsung_controller@ip-172-31-45-17"} 1 0.5002501250625313 0.0 5.444568882993699 0.5002501250625313 5.444568882993699 1
stats: session 10 2270.0884 482.7356348377858 3142.186 1605.483 2142.6318 5
stats: users_count 14 20
stats: finish_users_count 10 15
stats: request 96 37.75378124999997 68.52879335241184 231.684 6.328 37.62880769230769 52
stats: connect 12 1.7488333333333337 1.2148757023754415 21.471 1.21 4.69 6
stats: page 32 113.46256250000003 131.0118379457887 321.444 7.315 115.3179411764706 17
stats: 302 20 31
stats: 200 76 117
stats: size_rcv 361204 557815
stats: size_sent 55221 85033
stats: connected 3 4
# stats: dump at 1615423438
stats: users 2 7
stats: {load,"tsung_controller@ip-172-31-45-17"} 1 0.08984375 0.0 0.08984375 0.01953125 0.025390625 2
stats: {freemem,"tsung_controller@ip-172-31-45-17"} 1 668.515625 0.0 673.734375 668.515625 673.587890625 2
stats: {cpu,"tsung_controller@ip-172-31-45-17"} 1 0.6993006993006993 0.0 5.444568882993699 0.5002501250625313 2.972409504028115 2
stats: session 13 2426.680923076923 407.5758315202898 3233.645 1605.483 2227.602866666667 15
stats: users_count 10 30
stats: finish_users_count 13 28
stats: request 118 36.05438135593222 67.34743381857832 231.684 6.171 37.709871621621595 148
stats: connect 12 1.3510000000000002 0.08541565040045843 21.471 1.21 2.7292222222222224 18
stats: page 39 109.29853846153844 127.63827604156954 321.444 7.315 114.10626530612248 49
stats: 302 27 58
stats: 200 91 208
stats: size_rcv 431238 989053
stats: size_sent 67637 152670
stats: connected -2 2
# stats: dump at 1615423448
stats: users 2 7
stats: {load,"tsung_controller@ip-172-31-45-17"} 1 0.078125 0.0 0.08984375 0.01953125 0.046875 3
stats: {freemem,"tsung_controller@ip-172-31-45-17"} 1 671.24609375 0.0 673.734375 668.515625 671.8971354166666 3
stats: {cpu,"tsung_controller@ip-172-31-45-17"} 1 0.4495504495504496 0.0 5.444568882993699 0.4495504495504496 2.2147065691189765 3
stats: session 12 2217.43225 501.5794574229366 3233.645 1346.594 2320.0319642857144 28
stats: users_count 12 42
stats: finish_users_count 12 40
stats: request 99 36.43752525252523 68.26924464553261 237.379 6.171 36.97548120300752 266
stats: connect 11 1.3515454545454548 0.14500618396616655 21.471 1.21 2.1779333333333337 30
stats: page 33 109.56269696969696 127.79616823190224 321.444 7.315 111.97556818181819 88
stats: 302 22 80
stats: 200 77 285
stats: size_rcv 364572 1353625
stats: newphase 1 1
stats: size_sent 56961 209631
stats: connected 0 2
# stats: dump at 1615423458
stats: users 5 7
stats: {load,"tsung_controller@ip-172-31-45-17"} 1 0.0703125 0.0 0.08984375 0.01953125 0.0546875 4
stats: {freemem,"tsung_controller@ip-172-31-45-17"} 1 669.9609375 0.0 673.734375 668.515625 671.734375 4
stats: {cpu,"tsung_controller@ip-172-31-45-17"} 1 0.5499999999999999 0.0 5.444568882993699 0.4495504495504496 1.7734175392268448 4
stats: session 13 2266.2491538461536 591.222013993552 3233.645 1340.498 2289.25205 40
stats: users_count 16 58
stats: finish_users_count 13 53
stats: request 141 37.07544680851064 68.3493209866738 237.379 6.171 36.82956986301369 365
stats: connect 17 1.2949411764705883 0.09923262662477098 21.471 1.177 1.9562195121951222 41
stats: page 47 111.42917021276598 128.74225028332222 321.444 7.315 111.31751239669421 121
stats: 302 30 110
stats: 200 111 396
stats: size_rcv 526025 1879650
stats: newphase 0 1
stats: size_sent 81014 290645
stats: connected 3 5
# stats: dump at 1615423468
stats: users 5 7
stats: {load,"tsung_controller@ip-172-31-45-17"} 1 0.12890625 0.0 0.12890625 0.01953125 0.0578125 5
stats: {freemem,"tsung_controller@ip-172-31-45-17"} 1 668.203125 0.0 673.734375 668.203125 671.3796875 5
stats: {cpu,"tsung_controller@ip-172-31-45-17"} 1 0.5997001499250375 0.0 5.444568882993699 0.4495504495504496 1.5287340313814757 5
stats: session 18 2393.8981111111116 519.8279148088751 3233.645 1340.498 2283.609830188679 53
stats: users_count 18 76
stats: finish_users_count 18 71
stats: request 161 36.46661490683229 67.6125208211437 237.379 6.171 36.89808498023715 506
stats: connect 17 1.451529411764706 0.528506677307371 21.471 1.177 1.762396551724138 58
stats: page 53 111.02524528301886 127.51515070987634 321.444 7.315 111.34875 168
stats: 302 36 146
stats: 200 125 521
stats: size_rcv 594074 2473724
stats: newphase 0 1
stats: size_sent 92277 382922
stats: connected -1 4
# stats: dump at 1615423478
stats: users 6 15
stats: {load,"tsung_controller@ip-172-31-45-17"} 1 0.109375 0.0 0.12890625 0.01953125 0.06966145833333333 6
stats: {freemem,"tsung_controller@ip-172-31-45-17"} 1 668.390625 0.0 673.734375 668.203125 670.8502604166666 6
stats: {cpu,"tsung_controller@ip-172-31-45-17"} 1 0.5997001499250375 0.0 5.444568882993699 0.4495504495504496 1.373895051138736 6
stats: session 35 2400.466914285715 609.8112545271397 3465.698 1325.542 2311.57023943662 71
stats: users_count 36 112
stats: finish_users_count 35 106
stats: request 324 41.81750617283949 77.72635318723633 460.268 6.075 36.793937031484255 667
stats: connect 37 1.921621621621621 3.3350143267357195 21.88 1.064 1.6919333333333335 75
stats: page 107 124.51102803738318 142.5381085922473 540.061 7.315 111.27116742081448 221
stats: 302 71 217
stats: 200 253 774
stats: size_rcv 1199491 3673215
stats: newphase 1 2
stats: size_sent 186055 568977
stats: connected 3 7
# stats: dump at 1615423488
stats: users 9 15
stats: {load,"tsung_controller@ip-172-31-45-17"} 1 0.08984375 0.0 0.12890625 0.01953125 0.07533482142857142 7
stats: {freemem,"tsung_controller@ip-172-31-45-17"} 1 667.203125 0.0 673.734375 667.203125 670.4988839285714 7
stats: {cpu,"tsung_controller@ip-172-31-45-17"} 1 1.0505252626313157 0.0 5.444568882993699 0.4495504495504496 1.2632957795367792 7
stats: session 40 2274.8043249999996 569.9914897783732 3465.698 1325.542 2340.92291509434 106
stats: users_count 43 155
stats: finish_users_count 40 146
stats: request 363 40.71389531680445 74.30526715043544 466.084 6.075 38.43635519677093 991
stats: connect 40 1.4418000000000002 0.7448818094167692 21.88 1.064 1.7678125 112
stats: page 121 124.40029752066116 148.52479397856203 547.838 7.315 115.59026829268292 328
stats: 302 80 297
stats: 200 283 1057
stats: size_rcv 1345191 5018406
stats: newphase 0 2
stats: size_sent 207905 776882
stats: connected 0 7
# stats: dump at 1615423498
stats: users 15 15
stats: {load,"tsung_controller@ip-172-31-45-17"} 1 0.078125 0.0 0.12890625 0.01953125 0.0771484375 8
stats: {freemem,"tsung_controller@ip-172-31-45-17"} 1 664.30859375 0.0 673.734375 664.30859375 670.0869140625 8
stats: {cpu,"tsung_controller@ip-172-31-45-17"} 1 1.14713216957606 0.0 5.444568882993699 0.4495504495504496 1.2366994649235963 8
stats: session 38 2479.8745789473674 587.7835024535029 3465.698 1325.542 2322.8082328767127 146
stats: users_count 44 199
stats: finish_users_count 38 184
stats: request 388 40.53049226804125 73.03527380383022 466.084 6.071 39.04695125553915 1354
stats: connect 45 1.3906666666666667 0.32863333164283054 21.88 1.064 1.6820197368421055 152
stats: page 127 119.65266929133858 139.74366356004114 549.952 7.315 117.96446325167038 449
stats: 302 84 381
stats: 200 304 1361
stats: size_rcv 1448903 6467309
stats: newphase 0 2
stats: size_sent 223202 1000084
stats: connected 6 13
# stats: dump at 1615423508
stats: users 14 26
stats: {load,"tsung_controller@ip-172-31-45-17"} 1 0.0703125 0.0 0.12890625 0.01953125 0.07725694444444445 9
stats: {freemem,"tsung_controller@ip-172-31-45-17"} 1 659.16796875 0.0 673.734375 659.16796875 669.4448784722222 9
stats: {cpu,"tsung_controller@ip-172-31-45-17"} 1 1.0510510510510511 0.0 5.444568882993699 0.4495504495504496 1.2267475432183146 9
stats: session 61 2411.2689508196718 600.4623320204115 3522.442 1325.542 2355.245847826087 184
stats: users_count 60 259
stats: finish_users_count 61 245
stats: request 528 56.19800946969702 89.01664859618822 512.631 6.071 39.377384041331815 1742
stats: connect 62 1.4831451612903226 0.5017892774145336 21.88 1.064 1.6154670050761422 197
stats: page 177 163.8836327683616 193.27535055858286 806.227 7.315 118.33668923611111 576
stats: 302 117 498
stats: 200 411 1772
stats: size_rcv 1922323 8389632
stats: newphase 1 3
stats: size_sent 304893 1304977
stats: connected 5 18
# stats: dump at 1615423518
stats: users 17 31
stats: {load,"tsung_controller@ip-172-31-45-17"} 1 0.05859375 0.0 0.12890625 0.01953125 0.0765625 10
stats: {freemem,"tsung_controller@ip-172-31-45-17"} 1 662.26171875 0.0 673.734375 659.16796875 668.4171875 10
stats: {cpu,"tsung_controller@ip-172-31-45-17"} 1 1.4492753623188406 0.0 5.444568882993699 0.4495504495504496 1.2091778940015883 10
stats: session 85 2566.919235294118 574.735305239626 3877.625 1325.542 2369.194457142857 245
stats: users_count 88 347
stats: finish_users_count 85 330
stats: connect 87 1.367724137931034 0.2158541275025544 21.88 1.061 1.5837915057915057 259
stats: page 257 192.54115175097277 243.9811255722903 1342.299 7.14 129.04294289508633 753
stats: 302 169 667
stats: 200 602 2374
stats: size_rcv 2860917 11250549
stats: newphase 0 3
stats: size_sent 443268 1748245
stats: connected 4 22
stats: request 771 63.55540466926056 102.96465572756965 727.549 5.984 43.28984669603526 2270
# stats: dump at 1615423528
stats: users 19 31
stats: {load,"tsung_controller@ip-172-31-45-17"} 1 0.05078125 0.0 0.12890625 0.01953125 0.07492897727272728 11
stats: {freemem,"tsung_controller@ip-172-31-45-17"} 1 648.58203125 0.0 673.734375 648.58203125 667.8575994318181 11
stats: {cpu,"tsung_controller@ip-172-31-45-17"} 1 2.844311377245509 0.0 5.444568882993699 0.4495504495504496 1.2310049365758837 11
stats: session 76 2522.6451052631583 572.8142821728289 3877.625 1325.542 2420.1235666666666 330
stats: users_count 78 425
stats: finish_users_count 76 406
stats: 302 159 826
stats: request 709 55.19589280677018 87.94954957945885 727.549 5.796 48.427875369944076 3041
stats: connect 77 1.4390649350649356 0.5159072789356262 21.88 1.061 1.5294624277456645 346
stats: page 237 166.7899873417721 189.62258036892072 1342.299 7.001 145.2004079207921 1010
stats: 200 550 2924
stats: size_rcv 2607406 13857955
stats: newphase 0 3
stats: size_sent 405960 2154205
stats: connected -4 18
# stats: dump at 1615423538
stats: users 113 116
stats: {load,"tsung_controller@ip-172-31-45-17"} 1 0.0390625 0.0 0.12890625 0.01953125 0.07291666666666667 12
stats: {freemem,"tsung_controller@ip-172-31-45-17"} 1 653.99609375 0.0 673.734375 648.58203125 666.2513020833333 12
stats: {cpu,"tsung_controller@ip-172-31-45-17"} 1 1.9490254872563717 0.0 5.444568882993699 0.4495504495504496 1.3654471399650194 12
stats: session 60 4314.288666666666 1668.3434789023784 7592.249 1325.542 2439.314790640394 406
stats: users_count 154 579
stats: finish_users_count 60 466
stats: connect 155 1.414199999999999 0.7484619618839001 21.88 1.001 1.5130070921985814 423
stats: page 273 994.7307179487178 1187.8336045251913 6706.729 7.001 149.30363993584604 1247
stats: 302 181 1007
stats: request 844 487.8777049763026 501.83857527467484 2390.834 5.796 49.70748186666667 3750
stats: 200 663 3587
stats: size_rcv 2932917 16790872
stats: newphase 1 4
stats: size_sent 515479 2669684
stats: connected 96 114
# stats: dump at 1615423548
stats: users 221 222
stats: {load,"tsung_controller@ip-172-31-45-17"} 1 0.03125 0.0 0.12890625 0.01953125 0.0703125 13
stats: {freemem,"tsung_controller@ip-172-31-45-17"} 1 628.13671875 0.0 673.734375 628.13671875 665.30859375 13
stats: {cpu,"tsung_controller@ip-172-31-45-17"} 1 3.8137691926696387 0.0 5.444568882993699 0.4495504495504496 1.4103377820643541 13
stats: session 62 9968.620403225807 1996.216254152999 13952.486 1325.542 2680.7277360515022 466
stats: users_count 170 749
stats: finish_users_count 62 528
stats: request 950 1340.394866315789 472.49512755824924 2845.812 5.796 130.20719198955146 4594
stats: 302 197 1204
stats: connect 169 1.4834260355029587 1.480134531958137 21.88 1.001 1.486510380622837 578
stats: page 304 3294.9593223684215 2658.9247885720542 9376.815 7.001 301.1467927631579 1520
stats: 200 754 4341
stats: size_rcv 3499479 20290351
stats: newphase 0 4
stats: size_sent 575513 3245197
stats: connected 106 220
# stats: dump at 1615423558
stats: users 291 298
stats: {load,"tsung_controller@ip-172-31-45-17"} 1 0.03125 0.0 0.12890625 0.01953125 0.06752232142857142 14
stats: {freemem,"tsung_controller@ip-172-31-45-17"} 1 596.4609375 0.0 673.734375 596.4609375 662.6534598214286 14
stats: {cpu,"tsung_controller@ip-172-31-45-17"} 1 4.3090638930163445 0.0 5.444568882993699 0.4495504495504496 1.582011454250446 14
stats: session 94 14883.359808510633 3746.5880531393336 19636.248 1325.542 3536.5030113636362 528
stats: users_count 164 913
stats: finish_users_count 94 622
stats: request 1330 1749.2226917293235 1245.6911062880554 3805.125 0.652 337.5806210317458 5544
stats: connect 162 1.3762469135802466 0.522149983913004 21.88 1.001 1.4858125836680052 747
stats: page 397 4190.9821914357635 3891.966379552959 14486.466 1.543 800.1155476973685 1824
stats: 302 207 1411
stats: 200 705 5046
stats: size_rcv 3235346 23525697
stats: newphase 0 4
stats: 502 417 417
stats: size_sent 686689 3931886
stats: connected 68 288
# stats: dump at 1615423568
stats: users 324 339
stats: {load,"tsung_controller@ip-172-31-45-17"} 1 0.01953125 0.0 0.12890625 0.01953125 0.06510416666666667 15
stats: {freemem,"tsung_controller@ip-172-31-45-17"} 1 572.5 0.0 673.734375 572.5 658.240625 15
stats: {cpu,"tsung_controller@ip-172-31-45-17"} 1 4.500494559841741 0.0 5.444568882993699 0.4495504495504496 1.7638149501681724 15
stats: session 236 12968.222093220338 6919.199028824532 25634.125 1031.754 5251.301305466237 622
stats: users_count 269 1182
stats: finish_users_count 236 858
stats: request 2406 1068.049928927682 1218.4838236120358 3897.569 0.652 610.7089239162059 6874
stats: connect 270 1.4378296296296298 0.7090661886332094 21.88 1.001 1.46628602860286 909
stats: page 794 3795.8901876574346 4750.532441230809 17019.296 1.431 1406.2272350292653 2221
stats: 302 237 1648
stats: 200 920 5966
stats: size_rcv 4751616 28277313
stats: newphase 1 5
stats: 502 1250 1667
stats: size_sent 1029440 4961326
stats: connected 35 323
# stats: dump at 1615423578
stats: users 312 339
stats: {load,"tsung_controller@ip-172-31-45-17"} 1 0.01953125 0.0 0.12890625 0.01953125 0.06225585937500001 16
stats: {freemem,"tsung_controller@ip-172-31-45-17"} 1 541.359375 0.0 673.734375 541.359375 652.8818359375 16
stats: {cpu,"tsung_controller@ip-172-31-45-17"} 1 7.491375061606703 0.0 7.491375061606703 0.4495504495504496 1.9348574257727704 16
stats: session 308 11702.497051948054 7092.615860506954 26698.525 1031.754 7373.904226107225 858
stats: users_count 296 1478
stats: finish_users_count 308 1166
stats: request 2459 1022.325373729157 1096.751228986532 3897.569 0.652 729.2824646551726 9280
stats: 302 299 1947
stats: connect 295 1.3495050847457624 0.6828868723900173 21.88 1.001 1.4597692960135706 1179
stats: page 850 2909.6489552941175 3499.0945826264583 17019.296 1.431 2035.5447754560537 3015
stats: 200 917 6883
stats: size_rcv 4470227 32747540
stats: newphase 0 5
stats: 502 1243 2910
stats: size_sent 1000869 5962195
stats: connected -12 311
# stats: dump at 1615423588
stats: users 305 339
stats: {load,"tsung_controller@ip-172-31-45-17"} 1 0.01953125 0.0 0.12890625 0.01953125 0.05974264705882353 17
stats: {freemem,"tsung_controller@ip-172-31-45-17"} 1 546.609375 0.0 673.734375 541.359375 646.3216911764706 17
stats: {cpu,"tsung_controller@ip-172-31-45-17"} 1 8.341511285574093 0.0 8.341511285574093 0.4495504495504496 2.261711404351237 17
stats: session 291 9916.168756013747 6334.021567426736 26698.525 1010.684 8517.306104631218 1166
stats: users_count 284 1762
stats: finish_users_count 291 1457
stats: request 2644 959.6261546898652 1250.2991433720936 4234.876 0.652 790.6669534031859 11739
stats: 302 244 2191
stats: 200 794 7677
stats: connect 281 1.3570925266903915 0.7625398644133919 21.88 1.001 1.437701492537313 1474
stats: size_rcv 4100851 36848391
stats: newphase 0 5
stats: page 859 2757.6486647264246 3844.4828113272124 17019.296 1.431 2227.779847347995 3865
stats: 502 1606 4516
stats: size_sent 1046967 7009162
stats: connected -7 304
# stats: dump at 1615423598
stats: users 373 417
stats: {load,"tsung_controller@ip-172-31-45-17"} 1 0.16015625 0.0 0.16015625 0.01953125 0.05750868055555555 18
stats: {freemem,"tsung_controller@ip-172-31-45-17"} 1 546.7421875 0.0 673.734375 541.359375 640.7821180555555 18
stats: {cpu,"tsung_controller@ip-172-31-45-17"} 1 7.901234567901234 0.0 8.341511285574093 0.4495504495504496 2.5994780644191735 18
stats: session 535 8030.762992523353 6493.098366668325 26698.525 1010.684 8796.69459574468 1457
stats: users_count 603 2365
stats: finish_users_count 535 1992
stats: request 5330 498.82174202626726 925.1436502202905 4234.876 0.652 821.7264074949594 14383
stats: 302 252 2443
stats: connect 600 1.2840733333333338 0.4681036259443226 21.88 0.943 1.4247948717948715 1755
stats: page 1752 1775.4616044520596 3228.6826778019094 17280.347 1.431 2324.129829170195 4724
stats: 200 1023 8700
stats: size_rcv 5963593 42811984
stats: newphase 1 6
stats: 502 4054 8570
stats: size_sent 1699543 8708705
stats: connected 69 373
# stats: dump at 1615423608
stats: users 399 417
stats: {load,"tsung_controller@ip-172-31-45-17"} 1 0.12890625 0.0 0.16015625 0.01953125 0.06291118421052631 19
stats: {freemem,"tsung_controller@ip-172-31-45-17"} 1 563.609375 0.0 673.734375 541.359375 635.8326480263158 19
stats: {cpu,"tsung_controller@ip-172-31-45-17"} 1 13.584531482399603 0.0 13.584531482399603 0.4495504495504496 2.8785178803919136 19
stats: session 600 6449.022311666673 4628.4091723343 26698.525 1010.684 8590.985053714854 1992
stats: users_count 626 2991
stats: finish_users_count 600 2592
stats: request 5557 439.0473958970669 891.8689200318174 4234.876 0.652 734.4194594430074 19713
stats: 302 260 2703
stats: 200 893 9593
stats: connect 626 1.322738019169326 0.6565299681641914 21.88 0.943 1.3889422505307856 2355
stats: size_rcv 5217458 48029442
stats: page 1840 1293.7129288043475 2207.2908589192934 17280.347 1.431 2175.6945713403347 6476
stats: newphase 0 6
stats: 502 4404 12974
stats: size_sent 1747656 10456361
stats: connected 24 397
# stats: dump at 1615423618
stats: users 381 417
stats: {load,"tsung_controller@ip-172-31-45-17"} 1 0.26953125 0.0 0.26953125 0.01953125 0.0662109375 20
stats: {freemem,"tsung_controller@ip-172-31-45-17"} 1 570.04296875 0.0 673.734375 541.359375 632.221484375 20
stats: {cpu,"tsung_controller@ip-172-31-45-17"} 1 13.366336633663368 0.0 13.584531482399603 0.4495504495504496 3.413818560492298 20
stats: session 656 5991.041510670727 3966.3679030339663 26698.525 1010.684 8095.160344907405 2592
stats: users_count 638 3629
stats: finish_users_count 656 3248
stats: request 5782 462.5015020754063 889.89561039027 4234.876 0.652 669.465658211318 25270
stats: connect 642 1.3044922118380082 0.5852710430771185 21.88 0.943 1.3750395840322032 2981
stats: page 1935 1403.3714005167983 2338.406935913631 17280.347 1.431 1980.5471179653687 8316
stats: 302 280 2983
stats: 200 1047 10640
stats: size_rcv 6033418 54062860
stats: newphase 0 6
stats: 502 4455 17429
stats: size_sent 1877774 12334135
stats: connected -20 377
# stats: dump at 1615423628
stats: users 526 529
stats: {load,"tsung_controller@ip-172-31-45-17"} 1 0.23046875 0.0 0.26953125 0.01953125 0.07589285714285714 21
stats: {freemem,"tsung_controller@ip-172-31-45-17"} 1 573.0625 0.0 673.734375 541.359375 629.2606026785714 21
stats: {cpu,"tsung_controller@ip-172-31-45-17"} 1 13.600395647873393 0.0 13.600395647873393 0.4495504495504496 3.8877479925480634 21
stats: session 976 4718.0268247950935 3614.524972894021 26698.525 1010.684 7670.1905310960565 3248
stats: users_count 1121 4750
stats: finish_users_count 976 4224
stats: request 9854 258.27343048508385 731.6673981931789 4234.876 0.645 630.9281485250549 31052
stats: connect 1120 1.2936008928571443 0.8735650072910937 22.213 0.871 1.3625385040022078 3623
stats: page 3231 831.781687403279 1846.2487841826132 17280.347 1.431 1871.598233635744 10251
stats: 302 240 3223
stats: 200 923 11563
stats: size_rcv 6963009 61025869
stats: newphase 1 7
stats: 502 8691 26120
stats: size_sent 2571342 14905477
stats: connected 149 526
# stats: dump at 1615423638
stats: users 498 552
stats: {load,"tsung_controller@ip-172-31-45-17"} 1 0.19921875 0.0 0.26953125 0.01953125 0.08291903409090907 22
stats: {freemem,"tsung_controller@ip-172-31-45-17"} 1 577.25390625 0.0 673.734375 541.359375 626.7061434659091 22
stats: {cpu,"tsung_controller@ip-172-31-45-17"} 1 21.612265084075172 0.0 21.612265084075172 0.4495504495504496 4.329231976881033 22
stats: session 1261 4195.967963521001 2926.710327790799 26698.525 1010.684 6988.061795928031 4224
stats: users_count 1233 5983
stats: finish_users_count 1261 5485
stats: connect 1234 1.223095623987033 0.32008222798413544 22.213 0.871 1.346259751212313 4743
stats: page 3729 703.2269528023592 1502.2339299416653 17280.347 1.431 1622.4032135439852 13482
stats: 302 293 3516
stats: 200 1005 12568
stats: size_rcv 7588569 68614438
stats: newphase 0 7
stats: 502 9788 35908
stats: size_sent 2867824 17773301
stats: connected -30 496
stats: request 11086 231.87748610860493 655.713952271246 4234.876 0.645 541.1579536498318 40906
# stats: dump at 1615423648
stats: users 495 552
stats: {load,"tsung_controller@ip-172-31-45-17"} 1 0.30859375 0.0 0.30859375 0.01953125 0.08797554347826085 23
stats: {freemem,"tsung_controller@ip-172-31-45-17"} 1 571.51171875 0.0 673.734375 541.359375 624.5560461956521 23
stats: {cpu,"tsung_controller@ip-172-31-45-17"} 1 22.138930534732634 0.0 22.138930534732634 0.4495504495504496 5.080668198932952 23
stats: session 1205 4083.5320639004067 2673.3903974477657 26698.525 1010.684 6346.160187420234 5485
stats: users_count 1202 7185
stats: finish_users_count 1205 6690
stats: request 10931 234.5283088464002 686.5707490153214 4234.876 0.645 475.21159145637813 51992
stats: 302 281 3797
stats: 200 916 13484
stats: connect 1205 1.249546058091287 0.5026944929804215 22.213 0.871 1.3208315208298476 5977
stats: size_rcv 6955734 75570172
stats: newphase 0 7
stats: page 3622 697.4549232468243 1533.592875089818 17280.347 1.402 1423.2510273662194 17211
stats: 502 9734 45642
stats: size_sent 2799977 20573278
stats: connected -2 494
# stats: dump at 1615423658
stats: users 0 552
stats: {load,"tsung_controller@ip-172-31-45-17"} 1 0.33984375 0.0 0.33984375 0.01953125 0.09716796874999999 24
stats: {freemem,"tsung_controller@ip-172-31-45-17"} 1 578.8359375 0.0 673.734375 541.359375 622.3458658854166 24
stats: {cpu,"tsung_controller@ip-172-31-45-17"} 1 20.818595250126325 0.0 22.138930534732634 0.4495504495504496 5.791429129591272 24
stats: session 660 6025.860327272726 3346.058947896735 26698.525 1010.684 5938.616556801191 6690
stats: users_count 165 7350
stats: finish_users_count 660 7350
stats: 302 434 4231
stats: request 3221 532.8138034771813 831.723075965996 4234.876 0.645 433.40002871763926 62923
stats: 200 1082 14566
stats: size_rcv 5595440 81165612
stats: connect 168 1.2949523809523806 0.7206714198242318 22.213 0.871 1.3088712057922585 7182
stats: newphase 0 7
stats: 502 1705 47347
stats: page 1214 1621.9818995057649 2250.2064360132695 17280.347 1.402 1297.0650009120147 20833
stats: size_sent 1143941 21717219
stats: connected -491 3
# stats: dump at 1615423660
stats: users 0 552
stats: {load,"tsung_controller@ip-172-31-45-17"} 1 0.2890625 0.0 0.33984375 0.01953125 0.10687499999999998 25
stats: {freemem,"tsung_controller@ip-172-31-45-17"} 1 621.203125 0.0 673.734375 541.359375 620.60546875 25
stats: {cpu,"tsung_controller@ip-172-31-45-17"} 1 5.826693227091633 0.0 22.138930534732634 0.4495504495504496 6.392515774412674 25
stats: session 0 0 0 26698.525 1010.684 5946.450691292513 7350
stats: users_count 0 7350
stats: finish_users_count 0 7350
stats: connect 0 0 0 22.213 0.871 1.3085530612244898 7350
stats: page 3 24.855999999999998 9.590352339721415 17280.347 1.402 1314.956283848143 22047
stats: 302 3 4234
stats: request 6 12.35566666666667 6.144558260951086 4234.876 0.645 438.2411597121434 66144
stats: 200 3 14569
stats: size_rcv 5859 81171471
stats: newphase 0 7
stats: 502 0 47347
stats: size_sent 3626 21720845
stats: connected -3 0
EndMonitor:{1615,423660,702882}
