# stats: dump at 1615507042
stats: users 0 4
stats: {freemem,"tsung_controller@ip-172-31-58-109"} 1 665.2265625 0 665.2265625 665.2265625 0 0
stats: {load,"tsung_controller@ip-172-31-58-109"} 1 0.05078125 0 0.05078125 0.05078125 0 0
stats: {cpu,"tsung_controller@ip-172-31-58-109"} 1 0.8541505749828489 0 0.8541505749828489 0.8541505749828489 0 0
stats: session 7 2036.617 373.8436648684657 2712.343 1542.262 0 0
stats: users_count 7 7
stats: finish_users_count 7 7
stats: request 32 60.12543749999998 88.85189873355884 232.491 6.569 0 0
stats: connect 7 4.522 8.345635711470482 24.963 1.042 0 0
stats: page 26 74.03949999999999 93.70203757789902 232.491 6.569 0 0
stats: 302 13 13
stats: 200 19 19
stats: match 6 6
stats: size_rcv 73119 73119
stats: size_sent 18414 18414
stats: connected 1 1
# stats: dump at 1615507052
stats: users 1 9
stats: {freemem,"tsung_controller@ip-172-31-58-109"} 1 666.578125 0.0 666.578125 665.2265625 665.2265625 1
stats: {load,"tsung_controller@ip-172-31-58-109"} 1 0.0390625 0.0 0.05078125 0.0390625 0.05078125 1
stats: {cpu,"tsung_controller@ip-172-31-58-109"} 1 0.4 0.0 0.8541505749828489 0.4 0.8541505749828489 1
stats: session 10 2345.9092000000005 682.7184572039635 3341.942 1321.311 2036.617 7
stats: users_count 11 18
stats: finish_users_count 10 17
stats: request 49 69.2733469387755 96.10978641404373 239.162 6.569 60.12543749999998 32
stats: connect 11 1.3006363636363636 0.3404529797269495 24.963 1.001 4.522 7
stats: page 40 84.90487499999999 100.33147244314405 239.162 6.569 74.03949999999999 26
stats: 302 20 33
stats: 200 29 48
stats: match 9 15
stats: size_rcv 110716 183835
stats: size_sent 28018 46432
stats: connected 2 3
# stats: dump at 1615507062
stats: users 2 9
stats: {freemem,"tsung_controller@ip-172-31-58-109"} 1 665.00390625 0.0 666.578125 665.00390625 665.90234375 2
stats: {load,"tsung_controller@ip-172-31-58-109"} 1 0.03125 0.0 0.05078125 0.03125 0.044921875 2
stats: {cpu,"tsung_controller@ip-172-31-58-109"} 1 0.1002004008016032 0.0 0.8541505749828489 0.1002004008016032 0.6270752874914245 2
stats: session 7 2280.814714285714 594.987935075209 3341.942 1321.311 2218.5535882352947 17
stats: users_count 8 26
stats: finish_users_count 7 24
stats: 302 16 49
stats: request 40 52.95677499999999 85.7088765958601 239.162 6.569 65.65935802469136 81
stats: 200 24 72
stats: match 8 23
stats: connect 8 1.11425 0.028830322578840443 24.963 1.001 2.5533888888888887 18
stats: size_rcv 96688 280523
stats: size_sent 23565 69997
stats: page 32 66.23075 91.44883857313333 239.162 6.569 80.62457575757576 66
stats: connected 0 3
# stats: dump at 1615507072
stats: users 7 9
stats: {freemem,"tsung_controller@ip-172-31-58-109"} 1 666.94140625 0.0 666.94140625 665.00390625 665.6028645833334 3
stats: {load,"tsung_controller@ip-172-31-58-109"} 1 0.03125 0.0 0.05078125 0.03125 0.040364583333333336 3
stats: {cpu,"tsung_controller@ip-172-31-58-109"} 1 0.15015015015015015 0.0 0.8541505749828489 0.1002004008016032 0.45145032526148404 3
stats: session 10 2351.086 599.0846474784678 3341.942 1321.311 2236.7130833333335 24
stats: users_count 15 41
stats: finish_users_count 10 34
stats: request 61 63.04272131147539 93.4948765199447 239.162 6.157 61.46015702479339 121
stats: connect 14 1.1175 0.15727444166170168 24.963 0.953 2.110576923076923 26
stats: page 50 76.94559999999997 98.20019493952138 239.162 6.157 75.92455102040816 98
stats: 302 25 74
stats: 200 36 108
stats: match 11 34
stats: size_rcv 139049 419572
stats: newphase 1 1
stats: size_sent 34630 104627
stats: connected 3 6
# stats: dump at 1615507082
stats: users 3 10
stats: {freemem,"tsung_controller@ip-172-31-58-109"} 1 665.828125 0.0 666.94140625 665.00390625 665.9375 4
stats: {load,"tsung_controller@ip-172-31-58-109"} 1 0.01953125 0.0 0.05078125 0.01953125 0.0380859375 4
stats: {cpu,"tsung_controller@ip-172-31-58-109"} 1 0.35000000000000003 0.0 0.8541505749828489 0.1002004008016032 0.37612528148365054 4
stats: session 23 2274.0889130434784 591.8509534269082 3341.942 1321.311 2270.3521764705883 34
stats: users_count 19 60
stats: finish_users_count 23 57
stats: request 105 58.017685714285705 99.35088401574868 469.534 6.157 61.99057692307692 182
stats: connect 20 1.15055 0.12244242524550056 24.963 0.953 1.763 40
stats: page 83 73.43708433734939 106.86744318194339 469.534 6.157 76.2695 148
stats: 302 41 115
stats: 200 64 172
stats: match 22 56
stats: size_rcv 271597 691169
stats: newphase 0 1
stats: size_sent 63402 168029
stats: connected -2 4
# stats: dump at 1615507092
stats: users 6 10
stats: {freemem,"tsung_controller@ip-172-31-58-109"} 1 665.109375 0.0 666.94140625 665.00390625 665.915625 5
stats: {load,"tsung_controller@ip-172-31-58-109"} 1 0.01953125 0.0 0.05078125 0.01953125 0.034375 5
stats: {cpu,"tsung_controller@ip-172-31-58-109"} 1 0.5499999999999999 0.0 0.8541505749828489 0.1002004008016032 0.37090022518692045 5
stats: session 14 2241.7332857142856 465.82408501177906 3341.942 1321.311 2271.85998245614 57
stats: users_count 17 77
stats: finish_users_count 14 71
stats: request 76 60.80963157894738 91.39087671872339 469.534 6.157 60.53708013937282 287
stats: connect 17 1.6094705882352944 2.0915945259298354 24.963 0.953 1.5588499999999998 60
stats: page 62 74.57696774193543 96.51906410000511 469.534 6.157 75.25179220779219 231
stats: 302 31 146
stats: 200 45 217
stats: match 14 70
stats: size_rcv 181444 872613
stats: newphase 0 1
stats: size_sent 43576 211605
stats: connected 3 7
# stats: dump at 1615507102
stats: users 13 14
stats: {freemem,"tsung_controller@ip-172-31-58-109"} 1 665.55078125 0.0 666.94140625 665.00390625 665.78125 6
stats: {load,"tsung_controller@ip-172-31-58-109"} 1 0.01953125 0.0 0.05078125 0.01953125 0.031901041666666664 6
stats: {cpu,"tsung_controller@ip-172-31-58-109"} 1 0.35052578868302453 0.0 0.8541505749828489 0.1002004008016032 0.40075018765576703 6
stats: session 32 2299.0274687499996 590.780279507639 3424.087 1315.8 2265.9195070422534 71
stats: users_count 39 116
stats: finish_users_count 32 103
stats: request 168 65.63379166666665 93.88287450131261 469.534 5.396 60.5941432506887 363
stats: connect 35 1.2803428571428572 1.1708555344059228 24.963 0.953 1.5700259740259739 77
stats: page 135 81.72477037037028 99.277475434367 469.534 5.396 75.1089965870307 293
stats: 302 67 213
stats: 200 101 318
stats: match 33 103
stats: size_rcv 431287 1303900
stats: newphase 1 2
stats: size_sent 98839 310444
stats: connected 2 9
# stats: dump at 1615507112
stats: users 13 24
stats: {freemem,"tsung_controller@ip-172-31-58-109"} 1 664.88671875 0.0 666.94140625 664.88671875 665.7483258928571 7
stats: {load,"tsung_controller@ip-172-31-58-109"} 1 0.01171875 0.0 0.05078125 0.01171875 0.030133928571428572 7
stats: {cpu,"tsung_controller@ip-172-31-58-109"} 1 0.8517034068136272 0.0 0.8541505749828489 0.1002004008016032 0.39357527351680377 7
stats: session 45 2790.133333333333 712.4556308275078 4514.386 1315.8 2276.2054757281553 103
stats: users_count 45 161
stats: finish_users_count 45 148
stats: request 229 137.619593886463 182.0386190976137 1013.207 5.396 62.188608286252354 531
stats: connect 47 1.1403191489361695 0.18921687504958692 24.963 0.953 1.4795 112
stats: page 184 171.3181739130435 212.29763014267968 1296.989 5.396 77.19574766355136 428
stats: 302 92 305
stats: 200 137 455
stats: match 45 148
stats: size_rcv 598396 1902296
stats: newphase 0 2
stats: size_sent 135362 445806
stats: connected 2 11
# stats: dump at 1615507122
stats: users 16 24
stats: {freemem,"tsung_controller@ip-172-31-58-109"} 1 660.26953125 0.0 666.94140625 660.26953125 665.640625 8
stats: {load,"tsung_controller@ip-172-31-58-109"} 1 0.01171875 0.0 0.05078125 0.01171875 0.02783203125 8
stats: {cpu,"tsung_controller@ip-172-31-58-109"} 1 0.6529382219989954 0.0 0.8541505749828489 0.1002004008016032 0.45084129017890673 8
stats: session 38 2329.9448157894735 717.9771164682742 4514.386 1284.319 2432.467324324324 148
stats: users_count 41 202
stats: finish_users_count 38 186
stats: 302 79 384
stats: request 195 90.10933333333337 151.3775080274534 1013.207 5.396 84.91715526315794 760
stats: 200 116 571
stats: match 38 186
stats: connect 41 1.1031951219512193 0.2245891880541866 24.963 0.862 1.3792389937106917 159
stats: size_rcv 523100 2425396
stats: page 157 110.30721656050963 162.19462469712428 1296.989 5.396 105.49399346405227 612
stats: newphase 0 2
stats: size_sent 113648 559454
stats: connected 4 15
# stats: dump at 1615507132
stats: users 39 41
stats: {freemem,"tsung_controller@ip-172-31-58-109"} 1 659.8046875 0.0 666.94140625 659.8046875 665.0438368055555 9
stats: {load,"tsung_controller@ip-172-31-58-109"} 1 0.01171875 0.0 0.05078125 0.01171875 0.026041666666666668 9
stats: {cpu,"tsung_controller@ip-172-31-58-109"} 1 0.8487269096355468 0.0 0.8541505749828489 0.1002004008016032 0.4732965048255833 9
stats: session 38 3207.7369473684203 1021.6322799225693 5277.727 1284.319 2411.5218655913977 186
stats: users_count 61 263
stats: finish_users_count 38 224
stats: request 222 299.1890405405403 316.82401737750104 1264.16 5.396 85.97733821989533 955
stats: connect 60 1.230050000000001 0.5741436064551564 24.963 0.862 1.3226499999999999 200
stats: page 184 362.1677173913043 366.8704405181554 1793.551 5.396 106.47666710013004 769
stats: 302 89 473
stats: 200 133 704
stats: match 38 224
stats: size_rcv 579440 3004836
stats: newphase 1 3
stats: size_sent 131084 690538
stats: connected 22 37
# stats: dump at 1615507142
stats: users 51 52
stats: {freemem,"tsung_controller@ip-172-31-58-109"} 1 656.0546875 0.0 666.94140625 656.0546875 664.519921875 10
stats: {load,"tsung_controller@ip-172-31-58-109"} 1 0.01171875 0.0 0.05078125 0.01171875 0.024609375 10
stats: {cpu,"tsung_controller@ip-172-31-58-109"} 1 0.7537688442211055 0.0 0.8541505749828489 0.1002004008016032 0.5108395453065796 10
stats: session 61 4947.712442622951 1728.9183903761534 8932.711 1284.319 2546.5940669642855 224
stats: users_count 73 336
stats: finish_users_count 61 285
stats: request 338 682.1771390532546 625.1838370116938 2111.371 5.396 126.19228971962616 1177
stats: connect 75 1.1301600000000003 0.1899656839186137 24.963 0.816 1.3012807692307693 260
stats: page 275 829.6717818181821 760.3763550829785 3879.783 5.396 155.84408919202517 953
stats: 302 134 607
stats: 200 205 909
stats: match 63 287
stats: size_rcv 1003829 4008665
stats: newphase 0 3
stats: size_sent 206006 896544
stats: connected 14 51
# stats: dump at 1615507152
stats: users 53 56
stats: {freemem,"tsung_controller@ip-172-31-58-109"} 1 652.0546875 0.0 666.94140625 652.0546875 663.7503551136364 11
stats: {load,"tsung_controller@ip-172-31-58-109"} 1 0.01171875 0.0 0.05078125 0.01171875 0.0234375 11
stats: {cpu,"tsung_controller@ip-172-31-58-109"} 1 1.5453639082751744 0.0 1.5453639082751744 0.1002004008016032 0.532924027026082 11
stats: session 73 6622.40378082192 2081.7074619872446 11058.743 1284.319 3060.517649122807 285
stats: users_count 75 411
stats: finish_users_count 73 358
stats: connect 75 1.2099333333333333 0.5788061352665694 24.963 0.816 1.2629701492537315 335
stats: 302 147 754
stats: request 368 930.9338614130432 682.6377707790853 2917.271 5.396 250.23379405940597 1515
stats: 200 220 1129
stats: match 74 361
stats: page 294 1160.068132653062 899.19482786168 4115.203 5.396 306.74198452768735 1228
stats: size_rcv 1092419 5101084
stats: newphase 0 3
stats: size_sent 215181 1111725
stats: connected 1 52
# stats: dump at 1615507162
stats: users 131 131
stats: {freemem,"tsung_controller@ip-172-31-58-109"} 1 649.6640625 0.0 666.94140625 649.6640625 662.7757161458334 12
stats: {load,"tsung_controller@ip-172-31-58-109"} 1 0.0 0.0 0.05078125 0.0 0.0224609375 12
stats: {cpu,"tsung_controller@ip-172-31-58-109"} 1 1.6467065868263475 0.0 1.6467065868263475 0.1002004008016032 0.617294017130173 12
stats: session 52 8069.841365384617 1528.5298402144713 11097.108 1284.319 3786.8240391061454 358
stats: users_count 130 541
stats: finish_users_count 52 410
stats: request 336 1450.6263660714296 679.200395462855 3621.742 5.396 383.26492777482736 1883
stats: connect 129 1.2415581395348834 1.0737927846163868 24.963 0.812 1.2532682926829273 410
stats: page 280 1712.1052392857143 878.1084974802515 4763.266 5.396 471.57633902759545 1522
stats: 302 128 882
stats: 200 208 1337
stats: match 56 417
stats: size_rcv 1021069 6122153
stats: newphase 1 4
stats: size_sent 212092 1323817
stats: connected 77 129
# stats: dump at 1615507172
stats: users 229 229
stats: {freemem,"tsung_controller@ip-172-31-58-109"} 1 637.27734375 0.0 666.94140625 637.27734375 661.7671274038462 13
stats: {load,"tsung_controller@ip-172-31-58-109"} 1 0.0 0.0 0.05078125 0.0 0.020733173076923076 13
stats: {cpu,"tsung_controller@ip-172-31-58-109"} 1 0.8547008547008548 0.0 1.6467065868263475 0.1002004008016032 0.696479599414494 13
stats: session 60 9576.351266666672 4691.225077420916 16418.438 1083.267 4330.035992682927 410
stats: users_count 158 699
stats: finish_users_count 60 470
stats: request 401 2592.7560698254374 2061.423612058804 6459.066 0.493 544.8843253717893 2219
stats: connect 156 1.2297628205128202 1.203645185346342 24.963 0.812 1.2504656771799632 539
stats: page 332 2908.521331325301 2282.1652821429325 9764.58 0.493 664.3333268590457 1802
stats: 302 110 992
stats: match_stop 36 36
stats: 200 149 1486
stats: match 33 450
stats: size_rcv 728302 6850455
stats: newphase 0 4
stats: 502 142 142
stats: nomatch 36 36
stats: size_sent 210090 1533907
stats: connected 97 226
# stats: dump at 1615507182
stats: users 230 240
stats: {freemem,"tsung_controller@ip-172-31-58-109"} 1 626.96484375 0.0 666.94140625 626.96484375 660.0178571428571 14
stats: {load,"tsung_controller@ip-172-31-58-109"} 1 0.0 0.0 0.05078125 0.0 0.019252232142857144 14
stats: {cpu,"tsung_controller@ip-172-31-58-109"} 1 1.9 0.0 1.9 0.1002004008016032 0.7077811176492341 14
stats: session 155 10113.313664516134 7058.324836381654 23662.695 1083.267 4999.778368085108 470
stats: users_count 156 855
stats: finish_users_count 155 625
stats: request 715 2542.5765048951066 3187.857920447231 8332.96 0.468 858.3181305343514 2620
stats: connect 153 1.1505490196078432 0.47978989057747556 24.963 0.812 1.2458187050359713 695
stats: page 560 3138.2043142857146 3611.908616625921 13392.509 0.468 1013.4759779756328 2134
stats: 302 113 1105
stats: match_stop 119 155
stats: 200 172 1658
stats: match 36 486
stats: size_rcv 959235 7809690
stats: newphase 0 4
stats: 502 430 572
stats: nomatch 119 155
stats: size_sent 292862 1826769
stats: connected 3 229
# stats: dump at 1615507192
stats: users 244 251
stats: {freemem,"tsung_controller@ip-172-31-58-109"} 1 617.73046875 0.0 666.94140625 617.73046875 657.8143229166667 15
stats: {load,"tsung_controller@ip-172-31-58-109"} 1 0.0 0.0 0.05078125 0.0 0.01796875 15
stats: {cpu,"tsung_controller@ip-172-31-58-109"} 1 2.888446215139442 0.0 2.888446215139442 0.1002004008016032 0.7872623764726185 15
stats: session 245 12293.150999999996 9678.798242072526 30690.683 1012.297 6267.935121600002 625
stats: users_count 259 1114
stats: finish_users_count 245 870
stats: request 1084 2255.0961669741714 3341.198060319913 10617.866 0.468 1219.411005397302 3335
stats: connect 263 1.0773498098859327 0.2535108146536389 24.963 0.796 1.2286297169811322 848
stats: page 835 3005.199554491018 4211.9907648142125 16310.308 0.468 1455.141853377877 2694
stats: 302 144 1249
stats: match_stop 179 334
stats: 200 241 1899
stats: match 70 556
stats: size_rcv 1697492 9507182
stats: newphase 1 5
stats: 502 700 1272
stats: nomatch 179 334
stats: size_sent 405094 2231863
stats: connected 16 245
# stats: dump at 1615507202
stats: users 246 266
stats: {freemem,"tsung_controller@ip-172-31-58-109"} 1 613.5390625 0.0 666.94140625 613.5390625 655.30908203125 16
stats: {load,"tsung_controller@ip-172-31-58-109"} 1 0.0 0.0 0.05078125 0.0 0.016845703125 16
stats: {cpu,"tsung_controller@ip-172-31-58-109"} 1 3.938185443668993 0.0 3.938185443668993 0.1002004008016032 0.918586366389295 16
stats: session 289 8493.685107266447 8703.116439709143 34606.267 1012.297 7964.69131724138 870
stats: users_count 291 1405
stats: finish_users_count 289 1159
stats: connect 293 1.3191877133105818 1.5515330046191138 24.963 0.78 1.1928181818181822 1111
stats: page 932 1814.6540439914152 2843.0375936093333 16310.308 0.468 1821.9024599036557 3529
stats: 302 137 1386
stats: request 1224 1402.2111527777763 2341.10747170744 10617.866 0.468 1473.469098891153 4419
stats: match_stop 229 563
stats: 200 199 2098
stats: match 63 619
stats: size_rcv 1335907 10843089
stats: newphase 0 5
stats: 502 887 2159
stats: nomatch 229 563
stats: size_sent 409841 2641704
stats: connected 2 247
# stats: dump at 1615507212
stats: users 256 270
stats: {freemem,"tsung_controller@ip-172-31-58-109"} 1 614.4453125 0.0 666.94140625 613.5390625 652.8520220588235 17
stats: {load,"tsung_controller@ip-172-31-58-109"} 1 0.0 0.0 0.05078125 0.0 0.015854779411764705 17
stats: {cpu,"tsung_controller@ip-172-31-58-109"} 1 4.556589906908378 0.0 4.556589906908378 0.1002004008016032 1.096209841523395 17
stats: session 297 8372.411737373743 8093.37350201072 35582.183 1011.579 8096.597447799831 1159
stats: users_count 307 1712
stats: finish_users_count 297 1456
stats: request 1278 1579.32182707355 2735.3671517449407 10617.866 0.468 1458.0128298777252 5643
stats: connect 304 1.5151217105263164 1.670679896755627 24.963 0.78 1.2191901709401716 1404
stats: page 993 2048.3021641490436 3248.117647562223 16310.308 0.468 1820.3881080475228 4461
stats: 302 130 1516
stats: match_stop 231 794
stats: 200 204 2302
stats: match 54 673
stats: size_rcv 1655899 12498988
stats: newphase 0 5
stats: 502 944 3103
stats: nomatch 231 794
stats: size_sent 420069 3061773
stats: connected 13 260
# stats: dump at 1615507222
stats: users 294 314
stats: {freemem,"tsung_controller@ip-172-31-58-109"} 1 596.6640625 0.0 666.94140625 596.6640625 650.7183159722222 18
stats: {load,"tsung_controller@ip-172-31-58-109"} 1 0.0 0.0 0.05078125 0.0 0.014973958333333334 18
stats: {cpu,"tsung_controller@ip-172-31-58-109"} 1 5.406746031746032 0.0 5.406746031746032 0.1002004008016032 1.2884531784892275 18
stats: session 411 7660.495481751827 7379.66705280455 35582.183 1011.579 8152.8590164835205 1456
stats: users_count 449 2161
stats: finish_users_count 411 1867
stats: request 1773 1085.3102447828555 2041.6635142245364 10617.866 0.468 1480.4131908683717 6921
stats: connect 449 1.2149665924276143 0.7916334308640977 24.963 0.78 1.271861826697893 1708
stats: page 1356 1428.0712994100304 2502.548115509965 16310.308 0.468 1861.8840115511553 5454
stats: 302 162 1678
stats: match_stop 327 1121
stats: 200 246 2548
stats: match 90 763
stats: size_rcv 2050592 14549580
stats: newphase 1 6
stats: 502 1365 4468
stats: nomatch 327 1121
stats: size_sent 557669 3619442
stats: connected 34 294
# stats: dump at 1615507232
stats: users 318 336
stats: {freemem,"tsung_controller@ip-172-31-58-109"} 1 612.9375 0.0 666.94140625 596.6640625 647.8733552631579 19
stats: {load,"tsung_controller@ip-172-31-58-109"} 1 0.0 0.0 0.05078125 0.0 0.014185855263157895 19
stats: {cpu,"tsung_controller@ip-172-31-58-109"} 1 7.3097961213326705 0.0 7.3097961213326705 0.1002004008016032 1.5052054339237961 19
stats: session 620 5194.2976080645185 5651.709964703596 35582.183 1011.579 8044.470471880025 1867
stats: users_count 644 2805
stats: finish_users_count 620 2487
stats: 302 130 1808
stats: request 2584 734.1317364551088 1799.6609333692177 10617.866 0.462 1399.8383664596277 8694
stats: match_stop 561 1682
stats: 200 247 2795
stats: connect 643 1.0697947122861597 0.4001744194023979 24.963 0.63 1.2600185442744551 2157
stats: match 57 820
stats: size_rcv 2338911 16888491
stats: newphase 0 6
stats: page 1966 965.8318392675483 2162.530759556849 16310.308 0.462 1775.5036829662265 6810
stats: 502 2207 6675
stats: nomatch 561 1682
stats: size_sent 716576 4336018
stats: connected 24 318
# stats: dump at 1615507242
stats: users 317 344
stats: {freemem,"tsung_controller@ip-172-31-58-109"} 1 613.11328125 0.0 666.94140625 596.6640625 646.1265625 20
stats: {load,"tsung_controller@ip-172-31-58-109"} 1 0.0 0.0 0.05078125 0.0 0.0134765625 20
stats: {cpu,"tsung_controller@ip-172-31-58-109"} 1 10.212136161815492 0.0 10.212136161815492 0.1002004008016032 1.79543496829424 20
stats: session 639 5057.549195618156 4676.02767413858 35582.183 1011.579 7333.932805790112 2487
stats: users_count 638 3443
stats: finish_users_count 639 3126
stats: request 2638 763.989851781652 1844.519183754644 10617.866 0.462 1247.3125700478813 11278
stats: connect 638 1.1531473354231978 0.7008391188106454 24.963 0.63 1.2163350000000002 2800
stats: page 2000 1023.4070649999998 2188.147897985678 16310.308 0.462 1594.1209522561533 8776
stats: 302 142 1950
stats: match_stop 567 2249
stats: 200 268 3063
stats: match 71 891
stats: size_rcv 2485500 19373991
stats: newphase 0 6
stats: 502 2228 8903
stats: nomatch 567 2249
stats: size_sent 756084 5092102
stats: connected -4 314
# stats: dump at 1615507252
stats: users 479 486
stats: {freemem,"tsung_controller@ip-172-31-58-109"} 1 613.4140625 0.0 666.94140625 596.6640625 644.5545014880952 21
stats: {load,"tsung_controller@ip-172-31-58-109"} 1 0.0 0.0 0.05078125 0.0 0.012834821428571428 21
stats: {cpu,"tsung_controller@ip-172-31-58-109"} 1 9.545227386306847 0.0 10.212136161815492 0.1002004008016032 2.1962302632238235 21
stats: session 844 4199.57693246446 4598.293622425373 35582.183 1010.204 6868.60678950736 3126
stats: users_count 1006 4449
stats: finish_users_count 844 3970
stats: 302 127 2077
stats: request 3702 455.51660669908085 1546.2665886079674 10617.866 0.458 1155.691031474562 13916
stats: match_stop 774 3023
stats: 200 182 3245
stats: connect 1006 1.0385288270377706 0.6638271849473812 24.963 0.63 1.2046090750436302 3438
stats: match 52 943
stats: page 2876 590.8585608483999 1822.550170619869 16310.308 0.458 1488.1978105976243 10776
stats: size_rcv 2207869 21581860
stats: newphase 1 7
stats: 502 3393 12296
stats: nomatch 774 3023
stats: size_sent 906330 5998432
stats: connected 170 484
# stats: dump at 1615507262
stats: users 426 492
stats: {freemem,"tsung_controller@ip-172-31-58-109"} 1 614.6328125 0.0 666.94140625 596.6640625 643.1390269886363 22
stats: {load,"tsung_controller@ip-172-31-58-109"} 1 0.0 0.0 0.05078125 0.0 0.012251420454545454 22
stats: {cpu,"tsung_controller@ip-172-31-58-109"} 1 14.640198511166252 0.0 14.640198511166252 0.1002004008016032 2.530275587000325 22
stats: session 1282 3628.4512184087394 3828.8564136058826 35582.183 1010.204 6301.185832493707 3970
stats: users_count 1229 5678
stats: finish_users_count 1282 5252
stats: request 5148 392.70920512820646 1385.0436668247776 10617.866 0.458 1008.5661750482462 17618
stats: page 3858 521.639207361326 1640.2715961901456 16310.308 0.458 1299.159744213302 13652
stats: connect 1233 1.0338304947283061 0.517198145583617 24.963 0.63 1.1670130513051302 4444
stats: 302 142 2219
stats: match_stop 1219 4242
stats: 200 256 3501
stats: match 71 1014
stats: size_rcv 3184947 24766807
stats: newphase 0 7
stats: 502 4750 17046
stats: nomatch 1219 4242
stats: size_sent 1275543 7273975
stats: connected -53 431
# stats: dump at 1615507272
stats: users 428 492
stats: {freemem,"tsung_controller@ip-172-31-58-109"} 1 608.98046875 0.0 666.94140625 596.6640625 641.8996263586956 23
stats: {load,"tsung_controller@ip-172-31-58-109"} 1 0.0 0.0 0.05078125 0.0 0.01171875 23
stats: {cpu,"tsung_controller@ip-172-31-58-109"} 1 17.632491332342745 0.0 17.632491332342745 0.1002004008016032 3.0567939750075395 23
stats: session 1221 3674.762386568386 3616.5588431530873 35582.183 1010.204 5648.778030654992 5252
stats: users_count 1223 6901
stats: finish_users_count 1221 6473
stats: request 4975 406.43940482411995 1412.564193720255 10617.866 0.458 869.3044830009667 22766
stats: connect 1224 1.0448839869281037 0.6795391806061482 24.963 0.63 1.1380868416417123 5677
stats: page 3747 541.0788027755535 1678.45988525891 16310.308 0.458 1127.8476807538545 17510
stats: 302 152 2371
stats: match_stop 1147 5389
stats: 200 249 3750
stats: match 81 1095
stats: size_rcv 3314011 28080818
stats: newphase 0 7
stats: 502 4574 21620
stats: nomatch 1147 5389
stats: size_sent 1221214 8495189
stats: connected -3 428
# stats: dump at 1615507282
stats: users 190 492
stats: {freemem,"tsung_controller@ip-172-31-58-109"} 1 608.4921875 0.0 666.94140625 596.6640625 640.5279947916666 24
stats: {load,"tsung_controller@ip-172-31-58-109"} 1 0.23828125 0.0 0.23828125 0.0 0.01123046875 24
stats: {cpu,"tsung_controller@ip-172-31-58-109"} 1 17.760236803157376 0.0 17.760236803157376 0.1002004008016032 3.6641146982298394 24
stats: session 717 3870.25888702929 3805.0912715071654 35582.183 1007.24 5276.420066584276 6473
stats: users_count 479 7380
stats: finish_users_count 717 7190
stats: connect 479 1.2254321503131527 1.4430402633173771 24.963 0.63 1.1215558614693522 6901
stats: 302 147 2518
stats: request 2603 675.1568248175187 1682.2018082229704 10617.866 0.458 786.2954435312355 27741
stats: match_stop 656 6045
stats: 200 229 3979
stats: match 78 1173
stats: size_rcv 2447981 30528799
stats: newphase 0 7
stats: 502 2227 23847
stats: nomatch 656 6045
stats: size_sent 713429 9208618
stats: connected -236 192
stats: page 1869 904.372143927234 2028.2267546769465 16310.308 0.458 1024.4171408947639 21257
# stats: dump at 1615507292
stats: users 0 492
stats: {freemem,"tsung_controller@ip-172-31-58-109"} 1 601.27734375 0.0 666.94140625 596.6640625 639.2465625 25
stats: {load,"tsung_controller@ip-172-31-58-109"} 1 0.19921875 0.0 0.23828125 0.0 0.0203125 25
stats: {cpu,"tsung_controller@ip-172-31-58-109"} 1 7.388916625062407 0.0 17.760236803157376 0.1002004008016032 4.227959582426941 25
stats: session 190 13996.02463157895 3066.574622524519 35582.183 1007.24 5136.195092211407 7190
stats: users_count 0 7380
stats: finish_users_count 190 7380
stats: connect 0 0 0 24.963 0.63 1.1282979674796747 7380
stats: 302 195 2713
stats: request 511 2392.5969804305287 1978.311657347672 10617.866 0.458 776.7616370287373 30344
stats: match_stop 0 6045
stats: 200 316 4295
stats: page 349 3789.9825787965588 2238.886100471898 16310.308 0.458 1014.7153291100924 23126
stats: match 162 1335
stats: size_rcv 2096481 32625280
stats: newphase 0 7
stats: 502 0 23847
stats: nomatch 0 6045
stats: size_sent 242319 9450937
stats: connected -192 0
EndMonitor:{1615,507292,169961}
