# stats: dump at 1615506685
stats: users 3 5
stats: {freemem,"tsung_controller@ip-172-31-58-109"} 1 669.2734375 0 669.2734375 669.2734375 0 0
stats: {load,"tsung_controller@ip-172-31-58-109"} 1 0.078125 0 0.078125 0.078125 0 0
stats: {cpu,"tsung_controller@ip-172-31-58-109"} 1 0.7551242168902774 0 0.7551242168902774 0.7551242168902774 0 0
stats: session 8 2136.8281249999995 542.0258276114333 3143.064 1493.073 0 0
stats: users_count 11 11
stats: finish_users_count 8 8
stats: connect 11 3.4512727272727273 7.030702668761418 25.684 1.165 0 0
stats: request 46 64.42106521739127 93.5867328546562 247.977 6.777 0 0
stats: page 38 78.02005263157893 98.03420954494656 247.977 6.777 0 0
stats: 302 19 19
stats: 200 27 27
stats: match 8 8
stats: size_rcv 105653 105653
stats: size_sent 25795 25795
stats: connected 3 3
# stats: dump at 1615506695
stats: users 3 5
stats: {freemem,"tsung_controller@ip-172-31-58-109"} 1 669.25 0.0 669.2734375 669.25 669.2734375 1
stats: {load,"tsung_controller@ip-172-31-58-109"} 1 0.0703125 0.0 0.078125 0.0703125 0.078125 1
stats: {cpu,"tsung_controller@ip-172-31-58-109"} 1 0.3003003003003003 0.0 0.7551242168902774 0.3003003003003003 0.7551242168902774 1
stats: session 8 2386.19825 607.8410288304726 3143.064 1348.015 2136.8281249999995 8
stats: users_count 8 19
stats: finish_users_count 8 16
stats: request 37 59.072486486486504 89.80122488228056 247.977 6.683 64.42106521739127 46
stats: connect 8 1.191 0.05091905340832641 25.684 1.108 3.4512727272727273 11
stats: page 30 72.89310000000002 94.82241652350285 247.977 6.683 78.02005263157893 38
stats: 302 15 34
stats: 200 22 49
stats: match 7 15
stats: size_rcv 90846 196499
stats: size_sent 21390 47185
stats: connected 1 4
# stats: dump at 1615506705
stats: users 1 5
stats: {freemem,"tsung_controller@ip-172-31-58-109"} 1 666.45703125 0.0 669.2734375 666.45703125 669.26171875 2
stats: {load,"tsung_controller@ip-172-31-58-109"} 1 0.05859375 0.0 0.078125 0.05859375 0.07421875 2
stats: {cpu,"tsung_controller@ip-172-31-58-109"} 1 0.10005002501250625 0.0 0.7551242168902774 0.10005002501250625 0.5277122585952889 2
stats: session 8 2155.3365000000003 580.5069947838699 3143.064 1302.516 2261.5131874999997 16
stats: users_count 6 25
stats: finish_users_count 8 24
stats: request 33 49.33748484848485 83.41333603103 247.977 6.609 62.03675903614457 83
stats: connect 6 1.186 0.02208317610006922 25.684 1.108 2.499578947368421 19
stats: page 26 62.660499999999985 89.74729000676116 247.977 6.609 75.75816176470589 68
stats: 302 13 47
stats: 200 20 69
stats: match 7 22
stats: size_rcv 88432 284931
stats: size_sent 19883 67068
stats: connected -1 3
# stats: dump at 1615506715
stats: users 4 6
stats: {freemem,"tsung_controller@ip-172-31-58-109"} 1 666.078125 0.0 669.2734375 666.078125 668.3268229166666 3
stats: {load,"tsung_controller@ip-172-31-58-109"} 1 0.05078125 0.0 0.078125 0.05078125 0.06901041666666667 3
stats: {cpu,"tsung_controller@ip-172-31-58-109"} 1 0.25 0.0 0.7551242168902774 0.10005002501250625 0.38515818073436137 3
stats: session 9 2396.1693333333333 494.33768576191363 3143.064 1302.516 2226.1209583333334 24
stats: users_count 12 37
stats: finish_users_count 9 33
stats: request 52 52.28769230769232 85.77782149823022 247.977 6.54 58.424034482758614 116
stats: connect 12 1.5541666666666665 0.5478034673939998 25.684 1.108 2.18432 25
stats: page 42 64.77585714285715 91.39786558401092 247.977 6.54 72.13540425531914 94
stats: 302 20 67
stats: 200 32 101
stats: match 10 32
stats: size_rcv 132313 417244
stats: newphase 1 1
stats: size_sent 30856 97924
stats: connected 2 5
# stats: dump at 1615506725
stats: users 8 11
stats: {freemem,"tsung_controller@ip-172-31-58-109"} 1 665.48828125 0.0 669.2734375 665.48828125 667.7646484375 4
stats: {load,"tsung_controller@ip-172-31-58-109"} 1 0.12109375 0.0 0.12109375 0.05078125 0.064453125 4
stats: {cpu,"tsung_controller@ip-172-31-58-109"} 1 0.2997002997002997 0.0 0.7551242168902774 0.10005002501250625 0.351368635550771 4
stats: session 19 2563.8582631578956 593.1382904101878 3218.743 1302.516 2272.4977878787877 33
stats: users_count 23 60
stats: finish_users_count 19 52
stats: request 104 59.73110576923082 91.47975955430695 270.357 6.395 56.52469047619047 168
stats: connect 21 1.5836666666666666 1.145385704773031 25.684 1.108 1.9799459459459463 37
stats: page 84 73.9908928571429 96.77103862653107 270.357 6.395 69.86260294117646 136
stats: 302 43 110
stats: 200 61 162
stats: match 20 52
stats: size_rcv 262542 679786
stats: newphase 0 1
stats: size_sent 59673 157597
stats: connected 1 6
# stats: dump at 1615506735
stats: users 7 11
stats: {freemem,"tsung_controller@ip-172-31-58-109"} 1 664.57421875 0.0 669.2734375 664.57421875 667.309375 5
stats: {load,"tsung_controller@ip-172-31-58-109"} 1 0.1015625 0.0 0.12109375 0.05078125 0.07578125 5
stats: {cpu,"tsung_controller@ip-172-31-58-109"} 1 0.4 0.0 0.7551242168902774 0.10005002501250625 0.34103496838067676 5
stats: session 20 2477.22825 624.0513562031474 3262.331 1292.186 2378.9564230769233 52
stats: users_count 19 79
stats: finish_users_count 20 72
stats: request 98 51.46591836734694 84.8292155658883 270.357 5.905 57.75067279411766 272
stats: connect 20 1.2991499999999998 0.2978322136707176 25.684 1.066 1.8364655172413795 58
stats: page 78 64.70282051282048 90.74406216736416 270.357 5.905 71.4388590909091 220
stats: 302 38 148
stats: 200 60 222
stats: match 20 72
stats: size_rcv 264540 944326
stats: newphase 0 1
stats: size_sent 58919 216516
stats: connected 0 6
# stats: dump at 1615506745
stats: users 14 14
stats: {freemem,"tsung_controller@ip-172-31-58-109"} 1 664.3359375 0.0 669.2734375 664.3359375 666.853515625 6
stats: {load,"tsung_controller@ip-172-31-58-109"} 1 0.078125 0.0 0.12109375 0.05078125 0.080078125 6
stats: {cpu,"tsung_controller@ip-172-31-58-109"} 1 0.4 0.0 0.7551242168902774 0.10005002501250625 0.35086247365056394 6
stats: session 29 2545.854310344828 504.0125380929563 3372.317 1292.186 2406.2541527777776 72
stats: users_count 36 115
stats: finish_users_count 29 101
stats: request 155 83.20643225806455 115.93222312157188 569.409 5.905 56.08606216216217 370
stats: connect 34 1.541264705882353 1.1410583144561979 25.684 1.066 1.698692307692308 78
stats: page 126 102.40444444444447 121.50506377674049 569.409 5.905 69.67573489932886 298
stats: 302 63 211
stats: 200 92 314
stats: match 29 101
stats: size_rcv 401160 1345486
stats: newphase 1 2
stats: size_sent 89122 305638
stats: connected 5 11
# stats: dump at 1615506755
stats: users 11 15
stats: {freemem,"tsung_controller@ip-172-31-58-109"} 1 664.5078125 0.0 669.2734375 664.3359375 666.4938616071429 7
stats: {load,"tsung_controller@ip-172-31-58-109"} 1 0.0703125 0.0 0.12109375 0.05078125 0.07979910714285714 7
stats: {cpu,"tsung_controller@ip-172-31-58-109"} 1 0.7496251874062968 0.0 0.7551242168902774 0.10005002501250625 0.35788212027191196 7
stats: session 40 2462.763925 658.5577089583869 3970.879 1292.186 2446.3373663366337 101
stats: users_count 37 152
stats: finish_users_count 40 141
stats: request 194 84.77122680412374 114.65440652346305 569.409 5.775 64.09302857142859 525
stats: connect 40 1.2728749999999998 0.2266183120910577 25.684 1.066 1.6509017857142858 112
stats: page 156 105.45962179487185 119.57809033250403 569.409 5.775 79.40171933962263 424
stats: 302 78 289
stats: 200 116 430
stats: match 38 139
stats: size_rcv 528347 1873833
stats: newphase 0 2
stats: size_sent 113373 419011
stats: connected 2 13
# stats: dump at 1615506765
stats: users 8 15
stats: {freemem,"tsung_controller@ip-172-31-58-109"} 1 662.45703125 0.0 669.2734375 662.45703125 666.24560546875 8
stats: {load,"tsung_controller@ip-172-31-58-109"} 1 0.05859375 0.0 0.12109375 0.05078125 0.07861328125 8
stats: {cpu,"tsung_controller@ip-172-31-58-109"} 1 0.5991013479780329 0.0 0.7551242168902774 0.10005002501250625 0.40685000366371005 8
stats: session 46 2517.297000000001 575.3041412850213 3970.879 1286.22 2450.9973829787236 141
stats: users_count 43 195
stats: finish_users_count 46 187
stats: request 217 84.9578617511521 132.81854689361043 698.499 5.775 69.67240333796941 719
stats: connect 42 1.3699999999999994 0.7464659275227375 25.684 1.066 1.551421052631579 152
stats: page 173 106.60958381502887 141.4315848854226 698.499 5.775 86.41039655172415 580
stats: 302 87 376
stats: 200 130 560
stats: match 44 183
stats: size_rcv 623831 2497664
stats: newphase 0 2
stats: size_sent 129823 548834
stats: connected -2 11
# stats: dump at 1615506775
stats: users 48 51
stats: {freemem,"tsung_controller@ip-172-31-58-109"} 1 663.74609375 0.0 669.2734375 662.45703125 665.8246527777778 9
stats: {load,"tsung_controller@ip-172-31-58-109"} 1 0.05078125 0.0 0.12109375 0.05078125 0.0763888888888889 9
stats: {cpu,"tsung_controller@ip-172-31-58-109"} 1 0.9013520280420632 0.0 0.9013520280420632 0.10005002501250625 0.4282112641430793 9
stats: session 31 3084.66235483871 1079.8507382593787 5441.034 1286.22 2467.306379679145 187
stats: users_count 71 266
stats: finish_users_count 31 218
stats: request 229 372.27008733624467 398.12395325096395 1527.72 5.445 73.21614743589745 936
stats: connect 71 1.2904929577464794 0.342432181966271 25.684 1.018 1.5121443298969073 194
stats: page 193 425.5677305699482 436.68959217081283 1552.06 5.445 91.0511128818061 753
stats: 302 91 467
stats: 200 138 698
stats: match 36 219
stats: size_rcv 637104 3134768
stats: newphase 1 3
stats: size_sent 139269 688103
stats: connected 38 49
# stats: dump at 1615506785
stats: users 90 91
stats: {freemem,"tsung_controller@ip-172-31-58-109"} 1 653.73046875 0.0 669.2734375 653.73046875 665.616796875 10
stats: {load,"tsung_controller@ip-172-31-58-109"} 1 0.0390625 0.0 0.12109375 0.0390625 0.073828125 10
stats: {cpu,"tsung_controller@ip-172-31-58-109"} 1 0.9022556390977444 0.0 0.9022556390977444 0.10005002501250625 0.4755253405329777 10
stats: session 54 7253.032018518517 1686.9019391089723 11036.451 1286.22 2555.0955321100923 218
stats: users_count 96 362
stats: finish_users_count 54 272
stats: request 338 1394.053698224851 783.9468119487306 3325.637 5.445 132.00014077253223 1165
stats: connect 93 1.489935483870967 1.1816684651073104 25.684 0.967 1.452758490566038 265
stats: page 275 1634.657698181818 976.1226283637595 5476.087 5.445 159.29816067653277 946
stats: 302 138 605
stats: 200 201 899
stats: match 63 282
stats: size_rcv 1006745 4141513
stats: newphase 0 3
stats: size_sent 210240 898343
stats: connected 41 90
# stats: dump at 1615506795
stats: users 125 125
stats: {freemem,"tsung_controller@ip-172-31-58-109"} 1 646.6640625 0.0 669.2734375 646.6640625 664.5362215909091 11
stats: {load,"tsung_controller@ip-172-31-58-109"} 1 0.0390625 0.0 0.12109375 0.0390625 0.07066761363636363 11
stats: {cpu,"tsung_controller@ip-172-31-58-109"} 1 1.4529058116232465 0.0 1.4529058116232465 0.10005002501250625 0.5143190040388655 11
stats: session 44 11575.408568181823 1877.1205203834782 15722.705 1286.22 3487.774099264706 272
stats: users_count 79 441
stats: finish_users_count 44 316
stats: request 334 2512.6929550898194 690.5055874327144 4023.544 5.445 415.81524550898183 1503
stats: connect 82 1.3264390243902437 0.5107361042977033 25.684 0.967 1.4624162011173183 358
stats: page 278 2880.117201438848 1126.5282643321616 6884.191 5.445 491.5863447993447 1221
stats: 302 131 736
stats: 200 202 1101
stats: match 56 338
stats: size_rcv 1035457 5176970
stats: newphase 0 3
stats: size_sent 209508 1107851
stats: connected 34 124
# stats: dump at 1615506805
stats: users 144 144
stats: {freemem,"tsung_controller@ip-172-31-58-109"} 1 632.74609375 0.0 669.2734375 632.74609375 663.046875 12
stats: {load,"tsung_controller@ip-172-31-58-109"} 1 0.19140625 0.0 0.19140625 0.0390625 0.06803385416666667 12
stats: {cpu,"tsung_controller@ip-172-31-58-109"} 1 1.2006003001500751 0.0 1.4529058116232465 0.10005002501250625 0.5925345713375639 12
stats: session 88 14716.117545454546 1146.7389737469475 17711.519 1286.22 4613.90041772152 316
stats: users_count 107 548
stats: finish_users_count 88 404
stats: request 385 2385.2438181818184 843.0502359147865 4177.257 5.445 797.0657381600432 1837
stats: connect 107 1.3174672897196265 0.6472665648242485 25.684 0.961 1.4370749999999999 440
stats: page 306 3138.247294117647 1556.709165000683 7270.473 5.445 934.5560433622412 1499
stats: 302 151 887
stats: 200 234 1335
stats: match 79 417
stats: size_rcv 1150432 6327402
stats: newphase 1 4
stats: size_sent 218550 1326401
stats: connected 19 143
# stats: dump at 1615506815
stats: users 229 238
stats: {freemem,"tsung_controller@ip-172-31-58-109"} 1 637.765625 0.0 669.2734375 632.74609375 660.7160456730769 13
stats: {load,"tsung_controller@ip-172-31-58-109"} 1 0.16015625 0.0 0.19140625 0.0390625 0.07752403846153846 13
stats: {cpu,"tsung_controller@ip-172-31-58-109"} 1 1.25250501002004 0.0 1.4529058116232465 0.10005002501250625 0.6393088581692955 13
stats: session 77 10509.056246753244 5787.488006039389 18713.42 1105.925 6814.383356435644 404
stats: users_count 162 710
stats: finish_users_count 77 481
stats: page 417 2611.173064748198 2467.8901009875926 8877.143 0.63 1308.1458066481994 1805
stats: 302 108 995
stats: request 498 2261.3715321285117 2235.4321519149926 6454.526 0.63 1072.2451084608458 2222
stats: connect 160 1.4230249999999987 1.36278346569622 25.684 0.961 1.4136782449725778 547
stats: match_stop 49 49
stats: 200 180 1515
stats: match 32 449
stats: size_rcv 938281 7265683
stats: newphase 0 4
stats: 502 210 210
stats: nomatch 49 49
stats: size_sent 248082 1574483
stats: connected 83 226
# stats: dump at 1615506825
stats: users 214 244
stats: {freemem,"tsung_controller@ip-172-31-58-109"} 1 616.3828125 0.0 669.2734375 616.3828125 659.0767299107143 14
stats: {load,"tsung_controller@ip-172-31-58-109"} 1 0.12890625 0.0 0.19140625 0.0390625 0.08342633928571429 14
stats: {cpu,"tsung_controller@ip-172-31-58-109"} 1 1.9028542814221332 0.0 1.9028542814221332 0.10005002501250625 0.6831085833014916 14
stats: session 178 11105.194078651679 8870.460070739331 28164.782 1039.623 7405.838268191268 481
stats: users_count 163 873
stats: finish_users_count 178 659
stats: request 792 2987.4740606060595 3951.779915274374 11080.812 0.624 1289.960166911764 2720
stats: connect 163 1.1996503067484665 0.12616240063609171 25.684 0.961 1.4157934936350776 707
stats: page 600 3835.41611 4729.073019615565 15207.646 0.625 1552.6833253825375 2222
stats: 302 141 1136
stats: match_stop 127 176
stats: 200 196 1711
stats: match 65 514
stats: size_rcv 1298051 8563734
stats: newphase 0 4
stats: 502 455 665
stats: nomatch 127 176
stats: size_sent 324608 1899091
stats: connected -13 213
# stats: dump at 1615506835
stats: users 253 258
stats: {freemem,"tsung_controller@ip-172-31-58-109"} 1 610.546875 0.0 669.2734375 610.546875 656.23046875 15
stats: {load,"tsung_controller@ip-172-31-58-109"} 1 0.109375 0.0 0.19140625 0.0390625 0.08645833333333333 15
stats: {cpu,"tsung_controller@ip-172-31-58-109"} 1 3.134328358208955 0.0 3.134328358208955 0.10005002501250625 0.7644249631762011 15
stats: session 195 12909.95742564103 9249.99546486149 31153.204 1018.847 8405.057288315627 659
stats: users_count 234 1107
stats: finish_users_count 195 854
stats: request 863 2197.5724889918856 2657.8734963553416 11080.812 0.624 1672.770817198177 3512
stats: page 685 2820.1589722627755 3336.4216710069923 18140.357 0.624 2038.0269365698082 2822
stats: connect 234 1.2865641025641028 0.5283722202726203 25.684 0.936 1.375297701149425 870
stats: 302 138 1274
stats: match_stop 113 289
stats: 200 236 1947
stats: match 65 579
stats: size_rcv 1437391 10001125
stats: newphase 1 5
stats: 502 489 1154
stats: nomatch 113 289
stats: size_sent 331285 2230376
stats: connected 44 257
# stats: dump at 1615506845
stats: users 253 272
stats: {freemem,"tsung_controller@ip-172-31-58-109"} 1 609.203125 0.0 669.2734375 609.203125 653.375244140625 16
stats: {load,"tsung_controller@ip-172-31-58-109"} 1 0.1015625 0.0 0.19140625 0.0390625 0.087890625 16
stats: {cpu,"tsung_controller@ip-172-31-58-109"} 1 3.99800099950025 0.0 3.99800099950025 0.10005002501250625 0.9125439253657481 16
stats: session 321 8213.872071651089 9126.495957418052 35239.107 1016.682 9433.693736533956 854
stats: users_count 321 1428
stats: finish_users_count 321 1175
stats: request 1327 1386.525023360966 2561.00341652318 11080.812 0.618 1776.291695542856 4375
stats: page 1008 1820.5868452380955 3153.7890430694683 18140.357 0.618 2190.7958115198176 3507
stats: 302 126 1400
stats: connect 315 1.3329079365079364 0.5737656020776151 25.684 0.936 1.356490036231884 1104
stats: match_stop 270 559
stats: 200 184 2131
stats: match 49 628
stats: size_rcv 1343119 11344244
stats: newphase 0 5
stats: 502 1017 2171
stats: nomatch 270 559
stats: size_sent 420886 2651262
stats: connected -11 246
# stats: dump at 1615506855
stats: users 252 272
stats: {freemem,"tsung_controller@ip-172-31-58-109"} 1 612.43359375 0.0 669.2734375 609.203125 650.7768841911765 17
stats: {load,"tsung_controller@ip-172-31-58-109"} 1 0.078125 0.0 0.19140625 0.0390625 0.08869485294117647 17
stats: {cpu,"tsung_controller@ip-172-31-58-109"} 1 5.187032418952618 0.0 5.187032418952618 0.10005002501250625 1.0940414003148364 17
stats: session 325 8082.621080000008 8063.488020878372 37665.91 1007.747 9100.448839148934 1175
stats: users_count 324 1752
stats: finish_users_count 325 1500
stats: request 1374 1325.845610625913 2432.8098679038535 11080.812 0.618 1685.5831066292526 5702
stats: connect 328 1.2793993902439018 0.7475613741829898 25.684 0.923 1.3512551092318532 1419
stats: page 1042 1716.093851247602 2972.453390271863 18140.357 0.618 2108.144507419712 4515
stats: 302 140 1540
stats: match_stop 265 824
stats: 200 186 2317
stats: match 67 695
stats: size_rcv 1585626 12929870
stats: newphase 0 5
stats: 502 1048 3219
stats: nomatch 265 824
stats: size_sent 443341 3094603
stats: connected 8 254
# stats: dump at 1615506865
stats: users 314 331
stats: {freemem,"tsung_controller@ip-172-31-58-109"} 1 620.0078125 0.0 669.2734375 609.203125 648.6467013888889 18
stats: {load,"tsung_controller@ip-172-31-58-109"} 1 0.2109375 0.0 0.2109375 0.0390625 0.0881076388888889 18
stats: {cpu,"tsung_controller@ip-172-31-58-109"} 1 5.630293971101146 0.0 5.630293971101146 0.10005002501250625 1.3214297902391576 18
stats: session 445 7014.566739325838 7587.409765040386 37665.91 1007.747 8879.919491333334 1500
stats: users_count 507 2259
stats: finish_users_count 445 1945
stats: request 1948 1068.829693018482 2325.6056689548163 11080.812 0.61 1615.730178490673 7076
stats: connect 507 1.2954181459566076 1.3224592157878452 25.684 0.916 1.3377641671436746 1747
stats: 302 131 1671
stats: match_stop 376 1200
stats: 200 220 2537
stats: match 55 750
stats: size_rcv 1993382 14923252
stats: newphase 1 6
stats: 502 1597 4816
stats: nomatch 376 1200
stats: size_sent 557453 3652056
stats: page 1517 1416.7773994726422 2847.86858871101 18140.357 0.61 2034.63059996401 5557
stats: connected 62 316
# stats: dump at 1615506875
stats: users 345 349
stats: {freemem,"tsung_controller@ip-172-31-58-109"} 1 615.859375 0.0 669.2734375 609.203125 647.1393914473684 19
stats: {load,"tsung_controller@ip-172-31-58-109"} 1 0.26171875 0.0 0.26171875 0.0390625 0.09457236842105263 19
stats: {cpu,"tsung_controller@ip-172-31-58-109"} 1 8.125623130608176 0.0 8.125623130608176 0.10005002501250625 1.5482121155476833 19
stats: session 621 5122.670838969407 5893.085852040063 37665.91 1007.747 8453.14212647815 1945
stats: users_count 652 2911
stats: finish_users_count 621 2566
stats: 302 139 1810
stats: match_stop 558 1758
stats: 200 199 2736
stats: match 64 814
stats: request 2614 679.0131465187453 1805.6182090360787 11080.812 0.61 1497.6714300753551 9024
stats: connect 649 1.196493066255778 0.4661800412347204 25.684 0.9 1.3282391304347825 2254
stats: page 1992 888.8024728915669 2169.5579188762576 18140.357 0.61 1902.1336668080294 7074
stats: size_rcv 2176974 17100226
stats: newphase 0 6
stats: 502 2276 7092
stats: nomatch 558 1758
stats: size_sent 702505 4354561
stats: connected 29 345
# stats: dump at 1615506885
stats: users 307 353
stats: {freemem,"tsung_controller@ip-172-31-58-109"} 1 613.3828125 0.0 669.2734375 609.203125 645.575390625 20
stats: {load,"tsung_controller@ip-172-31-58-109"} 1 0.37890625 0.0 0.37890625 0.0390625 0.1029296875 20
stats: {cpu,"tsung_controller@ip-172-31-58-109"} 1 10.17283950617284 0.0 10.17283950617284 0.10005002501250625 1.8770826663007079 20
stats: session 676 5167.683315088776 5478.326507388877 37665.91 1007.747 7647.131733047546 2566
stats: users_count 638 3549
stats: finish_users_count 676 3242
stats: connect 639 1.2285915492957729 0.6311773066892109 25.684 0.9 1.2987857388908024 2903
stats: 302 151 1961
stats: match_stop 607 2365
stats: request 2715 753.0950349907893 1908.4073723430458 11080.812 0.606 1313.7933794466408 11638
stats: 200 238 2974
stats: page 2032 1002.3784296259834 2310.4679795094194 18140.357 0.606 1679.4824713214207 9066
stats: match 76 890
stats: size_rcv 2407315 19507541
stats: newphase 0 6
stats: 502 2326 9418
stats: nomatch 607 2365
stats: size_sent 743242 5097803
stats: connected -43 302
# stats: dump at 1615506895
stats: users 421 456
stats: {freemem,"tsung_controller@ip-172-31-58-109"} 1 616.1328125 0.0 669.2734375 609.203125 644.0424107142857 21
stats: {load,"tsung_controller@ip-172-31-58-109"} 1 0.390625 0.0 0.390625 0.0390625 0.11607142857142858 21
stats: {cpu,"tsung_controller@ip-172-31-58-109"} 1 11.383709519136408 0.0 11.383709519136408 0.10005002501250625 2.272118706294619 21
stats: session 895 4313.2026290502745 4418.351808411954 37665.91 1007.747 7130.133851943249 3242
stats: users_count 1009 4558
stats: finish_users_count 895 4137
stats: page 2983 661.8210710693952 1817.3613661962531 18140.357 0.603 1555.5073935844293 11098
stats: 302 146 2107
stats: request 3873 505.5992987348326 1526.520256049003 11080.812 0.603 1207.7322072040686 14353
stats: connect 1015 1.1362266009852235 0.5077951274964508 25.684 0.85 1.2861222473178988 3542
stats: match_stop 815 3180
stats: 200 256 3230
stats: match 75 965
stats: size_rcv 2880331 22387872
stats: newphase 1 7
stats: 502 3471 12889
stats: nomatch 815 3180
stats: size_sent 986666 6084469
stats: connected 125 427
# stats: dump at 1615506905
stats: users 421 469
stats: {freemem,"tsung_controller@ip-172-31-58-109"} 1 612.6953125 0.0 669.2734375 609.203125 642.7737926136363 22
stats: {load,"tsung_controller@ip-172-31-58-109"} 1 0.41015625 0.0 0.41015625 0.0390625 0.12855113636363635 22
stats: {cpu,"tsung_controller@ip-172-31-58-109"} 1 16.707139388052454 0.0 16.707139388052454 0.10005002501250625 2.686281925060155 22
stats: session 1235 3524.4383651821886 3643.317553339201 37665.91 1007.747 6520.717984288134 4137
stats: users_count 1235 5793
stats: finish_users_count 1235 5372
stats: connect 1235 1.2022421052631564 0.6992084041236825 25.684 0.85 1.2527353522053983 4557
stats: request 5025 390.2821052736318 1451.233382680333 11080.812 0.603 1058.5299272467905 18226
stats: page 3794 524.3237511860845 1745.929435341628 18140.357 0.603 1366.1837446914285 14081
stats: 302 136 2243
stats: match_stop 1167 4347
stats: 200 220 3450
stats: match 64 1029
stats: size_rcv 3056963 25444835
stats: newphase 0 7
stats: 502 4669 17558
stats: nomatch 1167 4347
stats: size_sent 1206130 7290599
stats: connected -4 423
# stats: dump at 1615506915
stats: users 455 482
stats: {freemem,"tsung_controller@ip-172-31-58-109"} 1 611.14453125 0.0 669.2734375 609.203125 641.4660326086956 23
stats: {load,"tsung_controller@ip-172-31-58-109"} 1 0.421875 0.0 0.421875 0.0390625 0.14079483695652173 23
stats: {cpu,"tsung_controller@ip-172-31-58-109"} 1 19.031639501438157 0.0 19.031639501438157 0.10005002501250625 3.2958844234511244 23
stats: session 1240 3524.629466935484 3702.716097046272 37665.91 1006.707 5831.886016753539 5372
stats: users_count 1274 7067
stats: finish_users_count 1240 6612
stats: 302 145 2388
stats: request 5095 375.1184753680082 1349.623876211603 11080.812 0.603 914.108383854458 23251
stats: match_stop 1176 5523
stats: 200 234 3684
stats: connect 1274 1.2040164835164864 1.1915932188701546 25.684 0.815 1.2419689226519335 5792
stats: page 3849 492.8244154325798 1593.4544324785256 18140.357 0.603 1187.4974892867137 17875
stats: match 70 1099
stats: size_rcv 3286160 28730995
stats: newphase 0 7
stats: 502 4716 22274
stats: nomatch 1176 5523
stats: size_sent 1223662 8514261
stats: connected 32 455
# stats: dump at 1615506925
stats: users 175 482
stats: {freemem,"tsung_controller@ip-172-31-58-109"} 1 609.12109375 0.0 669.2734375 609.12109375 640.20263671875 24
stats: {load,"tsung_controller@ip-172-31-58-109"} 1 0.3515625 0.0 0.421875 0.0390625 0.15250651041666666 24
stats: {cpu,"tsung_controller@ip-172-31-58-109"} 1 20.625 0.0 20.625 0.10005002501250625 3.9515408850339178 24
stats: session 700 4165.411340000001 4222.48753272019 37665.91 1006.707 5399.188176194799 6612
stats: users_count 420 7487
stats: finish_users_count 700 7312
stats: connect 421 1.136543942992874 0.5484566998696969 25.684 0.815 1.2351260968015854 7066
stats: page 1781 1054.863053902303 2250.6347789763395 18140.357 0.603 1064.4171789725654 21724
stats: 302 178 2566
stats: request 2519 788.3049702262799 1864.3443805907207 11080.812 0.603 817.2286271431598 28346
stats: match_stop 627 6150
stats: 200 240 3924
stats: match 111 1210
stats: size_rcv 2664812 31395807
stats: newphase 0 7
stats: 502 2101 24375
stats: nomatch 627 6150
stats: size_sent 722111 9236372
stats: connected -276 179
# stats: dump at 1615506934
stats: users 0 482
stats: {freemem,"tsung_controller@ip-172-31-58-109"} 1 597.8515625 0.0 669.2734375 597.8515625 638.959375 25
stats: {load,"tsung_controller@ip-172-31-58-109"} 1 0.30078125 0.0 0.421875 0.0390625 0.16046875 25
stats: {cpu,"tsung_controller@ip-172-31-58-109"} 1 8.791748526522593 0.0 20.625 0.10005002501250625 4.618479249632561 25
stats: session 175 12815.195268571428 4111.5380868343045 37665.91 1006.707 5281.074967040483 7312
stats: users_count 0 7487
stats: finish_users_count 175 7487
stats: request 420 1728.2672642857133 1606.9847629032508 11080.812 0.603 814.8680669042607 30865
stats: page 293 2969.79894197952 2110.5325831316622 18140.357 0.603 1063.693252286748 23505
stats: connect 0 0 0 25.684 0.815 1.2295827434219317 7487
stats: 302 151 2717
stats: match_stop 0 6150
stats: 200 269 4193
stats: match 127 1337
stats: size_rcv 1672448 33068255
stats: newphase 0 7
stats: 502 0 24375
stats: nomatch 0 6150
stats: size_sent 185602 9421974
stats: connected -179 0
EndMonitor:{1615,506934,693791}
