# stats: dump at 1614935979
stats: users 0 2
stats: {cpu,"tsung_controller@ip-172-31-62-87"} 1 1.0548923284388978 0 1.0548923284388978 1.0548923284388978 0 0
stats: {load,"tsung_controller@ip-172-31-62-87"} 1 0.0 0 0.0 0.0 0 0
stats: {freemem,"tsung_controller@ip-172-31-62-87"} 1 681.0546875 0 681.0546875 681.0546875 0 0
stats: session 9 279.2426666666667 22.597478984268232 325.225 259.892 0 0
stats: users_count 9 9
stats: finish_users_count 9 9
stats: request 54 46.02894444444442 82.10086050738123 246.424 4.715 0 0
stats: connect 9 2.551666666666667 2.8761633008807643 10.672 1.386 0 0
stats: 302 18 18
stats: page 18 138.29255555555557 125.35318123349732 301.238 9.609 0 0
stats: 200 36 36
stats: size_rcv 68573 68573
stats: newphase 1 1
stats: size_sent 30188 30188
stats: connected 0 0
# stats: dump at 1614935989
stats: users 18 18
stats: {cpu,"tsung_controller@ip-172-31-62-87"} 1 0.3498250874562719 0.0 1.0548923284388978 0.3498250874562719 1.0548923284388978 1
stats: {load,"tsung_controller@ip-172-31-62-87"} 1 0.0 0.0 0.0 0.0 0.0 1
stats: {freemem,"tsung_controller@ip-172-31-62-87"} 1 681.39453125 0.0 681.39453125 681.0546875 681.0546875 1
stats: session 28 390.3751785714286 174.4391654855341 931.094 259.892 279.2426666666667 9
stats: users_count 46 55
stats: finish_users_count 28 37
stats: request 176 66.68501704545454 119.13589874084758 702.083 4.579 46.02894444444442 54
stats: connect 40 1.505125 0.2579542776830808 10.672 1.294 2.551666666666667 9
stats: page 56 194.0584464285715 218.76319363338004 915.84 9.409 138.29255555555557 18
stats: 302 56 74
stats: 200 120 156
stats: size_rcv 409896 478469
stats: newphase 2 3
stats: size_sent 99683 129871
stats: connected 12 12
# stats: dump at 1614935999
stats: users 160 160
stats: {cpu,"tsung_controller@ip-172-31-62-87"} 1 1.4449427005480817 0.0 1.4449427005480817 0.3498250874562719 0.7023587079475848 2
stats: {load,"tsung_controller@ip-172-31-62-87"} 1 0.0 0.0 0.0 0.0 0.0 2
stats: {freemem,"tsung_controller@ip-172-31-62-87"} 1 675.41796875 0.0 681.39453125 675.41796875 681.224609375 2
stats: session 33 2788.3633333333323 1129.599333026798 6565.626 259.892 363.342945945946 37
stats: users_count 175 230
stats: finish_users_count 33 70
stats: request 307 1123.3643485342018 1113.5273345546123 3684.823 4.579 61.8353304347826 230
stats: page 66 1408.8887272727277 1118.3197457100073 5911.595 9.409 180.49377027027032 74
stats: connect 164 1.555189024390244 0.7240891466653538 10.672 1.133 1.6973469387755102 49
stats: 302 97 171
stats: 200 210 366
stats: size_rcv 934617 1413086
stats: newphase 2 5
stats: size_sent 183155 313026
stats: connected 132 144
# stats: dump at 1614936009
stats: users 192 198
stats: {cpu,"tsung_controller@ip-172-31-62-87"} 1 2.6134122287968444 0.0 2.6134122287968444 0.3498250874562719 0.9498867054810839 3
stats: {load,"tsung_controller@ip-172-31-62-87"} 1 0.0 0.0 0.0 0.0 0.0 3
stats: {freemem,"tsung_controller@ip-172-31-62-87"} 1 662.13671875 0.0 681.39453125 662.13671875 679.2890625 3
stats: session 609 1103.0428144499188 3067.6720431526064 16389.884 8.635 1506.5668428571423 70
stats: users_count 641 871
stats: finish_users_count 609 679
stats: request 3515 341.91067681365547 1226.2969005366679 7962.901 0.832 668.7057374301675 537
stats: connect 599 1.4713121869782972 0.6047934409466413 10.672 1.068 1.5878920187793428 213
stats: page 1109 597.7881172227221 2256.4157819252896 15060.816 0.847 759.5942500000002 140
stats: 302 73 244
stats: 200 208 574
stats: size_rcv 1887252 3300338
stats: newphase 2 7
stats: 502 3234 3234
stats: size_sent 767062 1080088
stats: connected 49 193
# stats: dump at 1614936019
stats: users 152 200
stats: {cpu,"tsung_controller@ip-172-31-62-87"} 1 14.49480642115203 0.0 14.49480642115203 0.3498250874562719 1.365768086310024 4
stats: {load,"tsung_controller@ip-172-31-62-87"} 1 0.0 0.0 0.0 0.0 0.0 4
stats: {freemem,"tsung_controller@ip-172-31-62-87"} 1 645.17578125 0.0 681.39453125 645.17578125 675.0009765625 4
stats: session 422 2676.3273033175365 5876.804260338207 24939.017 8.512 1144.6432297496326 679
stats: users_count 382 1253
stats: finish_users_count 422 1101
stats: request 2987 732.6539213257442 2053.933921503587 9395.208 0.825 385.21989387956535 4052
stats: page 970 1507.5075721649484 4320.216340118534 23706.072 0.844 615.9249135308238 1249
stats: 302 128 372
stats: connect 441 1.2894603174603194 0.2528786268137719 10.672 1.068 1.5018928571428571 812
stats: 200 234 808
stats: size_rcv 2647035 5947373
stats: newphase 0 7
stats: 502 2625 5859
stats: size_sent 670485 1750573
stats: connected -38 155
# stats: dump at 1614936028
stats: users 0 200
stats: {cpu,"tsung_controller@ip-172-31-62-87"} 1 6.06356968215159 0.0 14.49480642115203 0.3498250874562719 3.9915757532784255 5
stats: {load,"tsung_controller@ip-172-31-62-87"} 1 0.0 0.0 0.0 0.0 0.0 5
stats: {freemem,"tsung_controller@ip-172-31-62-87"} 1 626.69921875 0.0 681.39453125 626.69921875 669.0359375 5
stats: session 152 18156.742453947383 5519.157842302045 27985.768 8.512 1731.7192325158956 1101
stats: users_count 0 1253
stats: finish_users_count 152 1253
stats: request 479 1907.7648935281861 1858.4625207115444 9395.208 0.825 532.6535407018038 7039
stats: connect 0 0 0 10.672 1.068 1.4271260973663213 1253
stats: 302 183 555
stats: page 287 8473.530606271757 8733.404062915231 24578.765 0.844 1005.6658684091929 2219
stats: 200 296 1104
stats: size_rcv 4532039 10479412
stats: newphase 0 7
stats: 502 0 5859
stats: size_sent 240684 1991257
stats: connected -155 0
EndMonitor:{1614,936028,350481}
