
=INFO REPORT==== 10-Mar-2021::08:59:17 ===
    ts_config_server:(5:<0.127.0>) Config server started, logdir is "/home/ec2-user/.tsung/log/20210310-0859"
 
=INFO REPORT==== 10-Mar-2021::08:59:17 ===
              ts_mon:(5:<0.110.0>) starting monitor, global 

=INFO REPORT==== 10-Mar-2021::08:59:17 ===
           ts_config:(5:<0.127.0>) Reading config file: tsung_browse.xml

=INFO REPORT==== 10-Mar-2021::08:59:17 ===
           ts_config:(5:<0.127.0>) Session name for id 1 is "browse_test"

=INFO REPORT==== 10-Mar-2021::08:59:17 ===
    ts_config_server:(4:<0.127.0>) SYSINFO:Tsung version: 1.7.0

=INFO REPORT==== 10-Mar-2021::08:59:17 ===
    ts_config_server:(4:<0.127.0>) SYSINFO:Erlang version: Erlang/OTP 22 [erts-10.6] [source] [64-bit] [smp:2:2] [ds:2:2:10] [async-threads:8] [hipe]


=INFO REPORT==== 10-Mar-2021::08:59:17 ===
    ts_config_server:(4:<0.127.0>) SYSINFO:System architecture x86_64-redhat-linux-gnu

=INFO REPORT==== 10-Mar-2021::08:59:17 ===
    ts_config_server:(4:<0.127.0>) SYSINFO:Current path: /usr/lib/tsung/tsung-1.7.0/ebin/tsung.beam

=INFO REPORT==== 10-Mar-2021::08:59:17 ===
              ts_mon:(5:<0.128.0>) Activate clients with text backend

=INFO REPORT==== 10-Mar-2021::08:59:17 ===
              ts_mon:(5:<0.128.0>) Starting tsung clients on hosts: [localhost]

=INFO REPORT==== 10-Mar-2021::08:59:17 ===
    ts_config_server:(5:<0.127.0>) Start a launcher on the controller beam localhost

=INFO REPORT==== 10-Mar-2021::08:59:17 ===
    alarm_handler: {set,{system_memory_high_watermark,[]}}

=INFO REPORT==== 10-Mar-2021::08:59:17 ===
  ts_launcher_static:(5:<0.181.0>) Launch msg receive ("localhost")

=INFO REPORT==== 10-Mar-2021::08:59:17 ===
         ts_launcher:(5:<0.182.0>) Launch msg receive ("localhost")

=INFO REPORT==== 10-Mar-2021::08:59:17 ===
    ts_config_server:(5:<0.127.0>) New arrival phase 1 for client "localhost" (last ? true): will start 30 users

=INFO REPORT==== 10-Mar-2021::08:59:17 ===
    ts_config_server:(5:<0.127.0>) New arrival phase 2 for client "localhost" (last ? true): will start 60 users

=INFO REPORT==== 10-Mar-2021::08:59:17 ===
    ts_config_server:(5:<0.127.0>) New arrival phase 3 for client "localhost" (last ? true): will start 120 users

=INFO REPORT==== 10-Mar-2021::08:59:17 ===
    ts_config_server:(5:<0.127.0>) New arrival phase 4 for client "localhost" (last ? true): will start 240 users

=INFO REPORT==== 10-Mar-2021::08:59:17 ===
    ts_config_server:(5:<0.127.0>) New arrival phase 5 for client "localhost" (last ? true): will start 480 users

=INFO REPORT==== 10-Mar-2021::08:59:17 ===
    ts_config_server:(5:<0.127.0>) New arrival phase 6 for client "localhost" (last ? true): will start 960 users

=INFO REPORT==== 10-Mar-2021::08:59:17 ===
    ts_config_server:(5:<0.127.0>) New arrival phase 7 for client "localhost" (last ? true): will start 1920 users

=INFO REPORT==== 10-Mar-2021::08:59:17 ===
    ts_config_server:(5:<0.127.0>) New arrival phase 8 for client "localhost" (last ? true): will start 3840 users

=INFO REPORT==== 10-Mar-2021::08:59:17 ===
         ts_launcher:(5:<0.182.0>) Expected duration of first phase: 30.0 sec (30 users) 

=INFO REPORT==== 10-Mar-2021::08:59:17 ===
         ts_launcher:(5:<0.182.0>) Activate launcher (30 users) in 1340 msec 

=INFO REPORT==== 10-Mar-2021::08:59:44 ===
         ts_launcher:(4:<0.182.0>) Need to wait 4.77 sec before changing phase, going to sleep

=INFO REPORT==== 10-Mar-2021::08:59:48 ===
         ts_launcher:(5:<0.182.0>) Waking up

=INFO REPORT==== 10-Mar-2021::08:59:48 ===
         ts_launcher:(5:<0.182.0>) Start a new arrival phase (60 users, 0.002); expected duration=30.0 sec

=INFO REPORT==== 10-Mar-2021::09:00:14 ===
         ts_launcher:(4:<0.182.0>) Need to wait 4.603 sec before changing phase, going to sleep

=INFO REPORT==== 10-Mar-2021::09:00:18 ===
         ts_launcher:(5:<0.182.0>) Waking up

=INFO REPORT==== 10-Mar-2021::09:00:18 ===
         ts_launcher:(5:<0.182.0>) Start a new arrival phase (120 users, 0.004); expected duration=30.0 sec

=INFO REPORT==== 10-Mar-2021::09:00:48 ===
         ts_launcher:(5:<0.182.0>) Phase duration exceeded, but not all users were launched (11 users, 9.2% of phase)

=INFO REPORT==== 10-Mar-2021::09:00:48 ===
         ts_launcher:(5:<0.182.0>) Start a new arrival phase (240 users, 0.008); expected duration=30.0 sec

=INFO REPORT==== 10-Mar-2021::09:01:18 ===
         ts_launcher:(4:<0.182.0>) Need to wait 0.885 sec before changing phase, going to sleep

=INFO REPORT==== 10-Mar-2021::09:01:18 ===
         ts_launcher:(5:<0.182.0>) Waking up

=INFO REPORT==== 10-Mar-2021::09:01:18 ===
         ts_launcher:(5:<0.182.0>) Start a new arrival phase (480 users, 0.016); expected duration=30.0 sec

=INFO REPORT==== 10-Mar-2021::09:01:48 ===
         ts_launcher:(4:<0.182.0>) Need to wait 0.729 sec before changing phase, going to sleep

=INFO REPORT==== 10-Mar-2021::09:01:48 ===
         ts_launcher:(5:<0.182.0>) Waking up

=INFO REPORT==== 10-Mar-2021::09:01:48 ===
         ts_launcher:(5:<0.182.0>) Start a new arrival phase (960 users, 0.032); expected duration=30.0 sec

=INFO REPORT==== 10-Mar-2021::09:02:18 ===
         ts_launcher:(4:<0.182.0>) Need to wait 0.783 sec before changing phase, going to sleep

=INFO REPORT==== 10-Mar-2021::09:02:18 ===
         ts_launcher:(5:<0.182.0>) Waking up

=INFO REPORT==== 10-Mar-2021::09:02:18 ===
         ts_launcher:(5:<0.182.0>) Start a new arrival phase (1920 users, 0.064); expected duration=30.0 sec

=INFO REPORT==== 10-Mar-2021::09:02:48 ===
         ts_launcher:(4:<0.182.0>) Need to wait 0.457 sec before changing phase, going to sleep

=INFO REPORT==== 10-Mar-2021::09:02:48 ===
         ts_launcher:(5:<0.182.0>) Waking up

=INFO REPORT==== 10-Mar-2021::09:02:48 ===
         ts_launcher:(5:<0.182.0>) Start a new arrival phase (3840 users, 0.128); expected duration=30.0 sec

=INFO REPORT==== 10-Mar-2021::09:03:19 ===
         ts_launcher:(5:<0.182.0>) Phase duration exceeded, but not all users were launched (126 users, 3.3% of phase)

=INFO REPORT==== 10-Mar-2021::09:03:19 ===
         ts_launcher:(5:<0.182.0>) This was the last phase, wait for connected users to finish their session

=INFO REPORT==== 10-Mar-2021::09:03:29 ===
     ts_launcher_mgr:(5:<0.175.0>) No more active users 'tsung_controller@ip-172-31-50-238' "2629"
