# stats: dump at 1615366767
stats: users 4 6
stats: {load,"tsung_controller@ip-172-31-50-238"} 1 0.0 0 0.0 0.0 0 0
stats: {cpu,"tsung_controller@ip-172-31-50-238"} 1 2.930779028359024 0 2.930779028359024 2.930779028359024 0 0
stats: {freemem,"tsung_controller@ip-172-31-50-238"} 1 678.50390625 0 678.50390625 678.50390625 0 0
stats: session 8 2375.893 365.0019469040543 2848.637 1845.116 0 0
stats: users_count 12 12
stats: finish_users_count 8 8
stats: request 46 20.311521739130434 15.480142939373673 77.019 7.977 0 0
stats: connect 10 2.6259 4.15563442689561 15.085 1.105 0 0
stats: page 18 52.07677777777777 42.19799128520423 212.478 30.374 0 0
stats: 200 46 46
stats: size_rcv 202625 202625
stats: size_sent 18410 18410
stats: connected 2 2
# stats: dump at 1615366777
stats: users 2 6
stats: {load,"tsung_controller@ip-172-31-50-238"} 1 0.0 0.0 0.0 0.0 0.0 1
stats: {cpu,"tsung_controller@ip-172-31-50-238"} 1 0.3001500750375188 0.0 2.930779028359024 0.3001500750375188 2.930779028359024 1
stats: {freemem,"tsung_controller@ip-172-31-50-238"} 1 677.61328125 0.0 678.50390625 677.61328125 678.50390625 1
stats: session 13 2159.874076923077 587.4429299090007 3042.921 1102.298 2375.893 8
stats: users_count 11 23
stats: finish_users_count 13 21
stats: request 62 15.225338709677418 6.968329266931389 77.019 7.171 20.311521739130434 46
stats: connect 12 1.4136666666666666 0.5442639269896749 15.085 1.097 2.6259 10
stats: page 25 37.91412 9.438284273404781 212.478 23.596 52.07677777777777 18
stats: 200 62 108
stats: size_rcv 278835 481460
stats: size_sent 25445 43855
stats: connected -1 1
# stats: dump at 1615366787
stats: users 0 6
stats: {load,"tsung_controller@ip-172-31-50-238"} 1 0.0 0.0 0.0 0.0 0.0 2
stats: {cpu,"tsung_controller@ip-172-31-50-238"} 1 0.15030060120240482 0.0 2.930779028359024 0.15030060120240482 1.6154645516982713 2
stats: {freemem,"tsung_controller@ip-172-31-50-238"} 1 677.91796875 0.0 678.50390625 677.61328125 678.05859375 2
stats: session 9 1969.321222222222 499.52988638269295 3042.921 1102.298 2242.1670000000004 21
stats: users_count 7 30
stats: finish_users_count 9 30
stats: request 42 15.999714285714282 7.6932900055076265 77.019 7.171 17.391675925925924 108
stats: connect 8 1.1582499999999998 0.04319939235683765 15.085 1.097 1.9646818181818182 22
stats: page 17 39.677235294117644 15.372991467197235 212.478 23.596 43.842674418604645 43
stats: 200 42 150
stats: size_rcv 188940 670400
stats: size_sent 17251 61106
stats: connected -1 0
# stats: dump at 1615366797
stats: users 4 7
stats: {load,"tsung_controller@ip-172-31-50-238"} 1 0.0 0.0 0.0 0.0 0.0 3
stats: {cpu,"tsung_controller@ip-172-31-50-238"} 1 0.1500750375187594 0.0 2.930779028359024 0.1500750375187594 1.127076568199649 3
stats: {freemem,"tsung_controller@ip-172-31-50-238"} 1 676.328125 0.0 678.50390625 676.328125 678.01171875 3
stats: session 11 1909.0501818181815 590.2118359234663 3065.368 1102.298 2160.3132666666666 30
stats: users_count 15 45
stats: finish_users_count 11 41
stats: request 64 14.55809375 3.239422444273198 77.019 7.171 17.001926666666666 150
stats: connect 14 1.5987142857142855 1.0249336165661398 15.085 1.086 1.7496333333333332 30
stats: page 25 37.42943999999999 3.608503901397366 212.478 23.596 42.66246666666666 60
stats: 200 64 214
stats: size_rcv 281080 951480
stats: newphase 1 1
stats: size_sent 25480 86586
stats: connected 3 3
# stats: dump at 1615366807
stats: users 3 11
stats: {load,"tsung_controller@ip-172-31-50-238"} 1 0.0 0.0 0.0 0.0 0.0 4
stats: {cpu,"tsung_controller@ip-172-31-50-238"} 1 0.15022533800701052 0.0 2.930779028359024 0.1500750375187594 0.8828261855294267 4
stats: {freemem,"tsung_controller@ip-172-31-50-238"} 1 675.828125 0.0 678.50390625 675.828125 677.5908203125 4
stats: session 25 2000.77596 543.0628319950816 3065.368 1102.298 2092.9012195121945 41
stats: users_count 24 69
stats: finish_users_count 25 66
stats: 200 116 330
stats: request 116 15.32387931034484 4.0878918775666495 77.019 7.171 16.27106074766355 214
stats: size_rcv 513429 1464909
stats: newphase 0 1
stats: connect 24 1.23925 0.19462469224981022 15.085 1.051 1.7016136363636363 44
stats: size_sent 47402 133988
stats: page 46 38.79523913043478 6.276900436918731 212.478 23.596 41.12334117647058 85
stats: connected 2 5
# stats: dump at 1615366817
stats: users 0 12
stats: {load,"tsung_controller@ip-172-31-50-238"} 1 0.0 0.0 0.0 0.0 0.0 5
stats: {cpu,"tsung_controller@ip-172-31-50-238"} 1 0.6954793840039741 0.0 2.930779028359024 0.1500750375187594 0.7363060160249435 5
stats: {freemem,"tsung_controller@ip-172-31-50-238"} 1 672.61328125 0.0 678.50390625 672.61328125 677.23828125 5
stats: session 24 2202.2116666666675 596.8489967781261 3065.368 1075.376 2058.005287878788 66
stats: users_count 21 90
stats: finish_users_count 24 90
stats: request 120 15.410883333333343 4.412537837766634 77.019 6.904 15.938112121212125 330
stats: connect 22 1.2885 0.38153061952661627 15.085 1.051 1.5384264705882353 68
stats: page 49 37.88614285714285 7.731390478736271 212.478 23.596 40.305839694656484 131
stats: 200 120 450
stats: size_rcv 543236 2008145
stats: newphase 0 1
stats: size_sent 49261 183249
stats: connected -5 0
# stats: dump at 1615366827
stats: users 5 12
stats: {load,"tsung_controller@ip-172-31-50-238"} 1 0.0 0.0 0.0 0.0 0.0 6
stats: {cpu,"tsung_controller@ip-172-31-50-238"} 1 0.30045067601402103 0.0 2.930779028359024 0.1500750375187594 0.729501577354782 6
stats: {freemem,"tsung_controller@ip-172-31-50-238"} 1 670.83984375 0.0 678.50390625 670.83984375 676.4674479166666 6
stats: session 18 2087.865388888889 524.8417989286696 3065.368 1075.376 2096.460322222222 90
stats: users_count 23 113
stats: finish_users_count 18 108
stats: request 103 14.162165048543685 3.3119867035082273 77.019 6.904 15.797517777777783 450
stats: 200 103 553
stats: connect 23 1.4375217391304347 1.163076873961821 15.085 1.051 1.4773333333333334 90
stats: page 40 36.630550000000014 4.619480268114589 212.478 23.596 39.647144444444436 180
stats: size_rcv 450946 2459091
stats: newphase 1 2
stats: size_sent 41200 224449
stats: connected 6 6
# stats: dump at 1615366837
stats: users 7 14
stats: {load,"tsung_controller@ip-172-31-50-238"} 1 0.0 0.0 0.0 0.0 0.0 7
stats: {cpu,"tsung_controller@ip-172-31-50-238"} 1 0.250501002004008 0.0 2.930779028359024 0.1500750375187594 0.668208591448959 7
stats: {freemem,"tsung_controller@ip-172-31-50-238"} 1 671.10546875 0.0 678.50390625 670.83984375 675.6635044642857 7
stats: session 34 2175.175588235293 658.6676178250309 3075.512 1075.376 2095.027833333333 108
stats: users_count 36 149
stats: finish_users_count 34 142
stats: 200 176 729
stats: request 176 14.709289772727276 4.645438679391464 77.019 6.904 15.492922242314652 553
stats: size_rcv 781921 3241012
stats: newphase 0 2
stats: connect 36 1.2732777777777775 0.5588764826323489 15.085 1.042 1.4692300884955751 113
stats: size_sent 71407 295856
stats: connected 2 8
stats: page 70 37.15949999999998 6.796489643821389 212.478 23.596 39.09867272727272 220
# stats: dump at 1615366847
stats: users 8 14
stats: {load,"tsung_controller@ip-172-31-50-238"} 1 0.0 0.0 0.0 0.0 0.0 8
stats: {cpu,"tsung_controller@ip-172-31-50-238"} 1 0.6519558676028084 0.0 2.930779028359024 0.1500750375187594 0.6159951427683402 8
stats: {freemem,"tsung_controller@ip-172-31-50-238"} 1 673.03515625 0.0 678.50390625 670.83984375 675.09375 8
stats: session 42 2090.0552857142866 581.7844579971703 3075.512 1075.376 2114.2181408450697 142
stats: users_count 43 192
stats: finish_users_count 42 184
stats: 200 206 935
stats: request 206 15.239854368932043 5.532325891087703 77.019 6.85 15.303732510288071 729
stats: size_rcv 915394 4156406
stats: newphase 0 2
stats: connect 42 1.2182619047619052 0.3274434200142944 15.085 0.976 1.4218859060402684 149
stats: size_sent 83562 379418
stats: connected 2 10
stats: page 82 38.51040243902439 9.236839043134538 212.478 23.013 38.63059655172413 290
# stats: dump at 1615366857
stats: users 15 27
stats: {load,"tsung_controller@ip-172-31-50-238"} 1 0.0 0.0 0.0 0.0 0.0 9
stats: {cpu,"tsung_controller@ip-172-31-50-238"} 1 0.7511266900350526 0.0 2.930779028359024 0.1500750375187594 0.6199907788610589 9
stats: {freemem,"tsung_controller@ip-172-31-50-238"} 1 672.30859375 0.0 678.50390625 670.83984375 674.8650173611111 9
stats: session 74 2035.2634999999993 608.8806229015502 3075.512 1075.376 2108.702706521739 184
stats: users_count 81 273
stats: finish_users_count 74 258
stats: request 397 15.304773299748113 4.924777607426757 77.019 6.621 15.289658823529418 935
stats: connect 81 1.167728395061728 0.1988695218593957 15.085 0.921 1.3771099476439792 191
stats: page 158 38.613803797468364 7.867130324168649 212.478 21.904 38.60410215053763 372
stats: 200 397 1332
stats: size_rcv 1768267 5924673
stats: newphase 1 3
stats: size_sent 161531 540949
stats: connected 4 14
# stats: dump at 1615366867
stats: users 16 27
stats: {load,"tsung_controller@ip-172-31-50-238"} 1 0.0 0.0 0.0 0.0 0.0 10
stats: {cpu,"tsung_controller@ip-172-31-50-238"} 1 1.5992003998000999 0.0 2.930779028359024 0.1500750375187594 0.6331043699784582 10
stats: {freemem,"tsung_controller@ip-172-31-50-238"} 1 670.92578125 0.0 678.50390625 670.83984375 674.609375 10
stats: session 86 2085.4114767441865 608.2255953730495 3090.784 1075.376 2087.638748062015 258
stats: users_count 87 360
stats: finish_users_count 86 344
stats: connect 88 1.2400113636363632 0.33353545178607397 15.085 0.921 1.3147573529411765 272
stats: page 172 40.28290116279067 9.08257254732603 212.478 21.323 38.60699433962264 530
stats: 200 432 1764
stats: request 432 15.975712962962962 5.314146209953004 77.019 6.621 15.294163663663669 1332
stats: size_rcv 1923818 7848491
stats: newphase 0 3
stats: size_sent 175684 716633
stats: connected 4 18
# stats: dump at 1615366877
stats: users 17 27
stats: {load,"tsung_controller@ip-172-31-50-238"} 1 0.0 0.0 0.0 0.0 0.0 11
stats: {cpu,"tsung_controller@ip-172-31-50-238"} 1 1.5523284927391086 0.0 2.930779028359024 0.1500750375187594 0.7209312817804256 11
stats: {freemem,"tsung_controller@ip-172-31-50-238"} 1 669.91796875 0.0 678.50390625 669.91796875 674.2745028409091 11
stats: session 76 2089.4443289473675 584.3201326883502 3090.784 1075.376 2087.0819302325576 344
stats: users_count 77 437
stats: finish_users_count 76 420
stats: request 377 14.719594164456232 4.269844797093413 77.019 6.621 15.46107369614513 1764
stats: connect 76 1.2725131578947366 0.39087423921192527 15.085 0.921 1.296486111111111 360
stats: page 150 36.99953999999999 6.074003976104503 212.478 21.323 39.017615384615375 702
stats: 200 377 2141
stats: size_rcv 1684234 9532725
stats: newphase 0 3
stats: size_sent 153871 870504
stats: connected 1 19
# stats: dump at 1615366887
stats: users 27 42
stats: {load,"tsung_controller@ip-172-31-50-238"} 1 0.0 0.0 0.0 0.0 0.0 12
stats: {cpu,"tsung_controller@ip-172-31-50-238"} 1 1.0040160642570282 0.0 2.930779028359024 0.1500750375187594 0.7902143826936493 12
stats: {freemem,"tsung_controller@ip-172-31-50-238"} 1 670.96875 0.0 678.50390625 669.91796875 673.9114583333334 12
stats: session 115 2065.8070608695657 555.4690487623292 3090.784 1075.376 2087.5094119047612 420
stats: users_count 125 562
stats: finish_users_count 115 535
stats: request 611 16.04194435351885 6.3732092774714735 77.019 6.621 15.330509574964973 2141
stats: page 243 40.60113991769547 10.44081021824192 212.478 21.323 38.6623204225352 852
stats: connect 126 1.4332301587301581 1.0660726929761863 15.085 0.921 1.292307339449541 436
stats: 200 611 2752
stats: size_rcv 2711958 12244683
stats: newphase 1 4
stats: size_sent 247126 1117630
stats: connected 10 29
# stats: dump at 1615366897
stats: users 40 48
stats: {load,"tsung_controller@ip-172-31-50-238"} 1 0.0 0.0 0.0 0.0 0.0 13
stats: {cpu,"tsung_controller@ip-172-31-50-238"} 1 2.5037556334501754 0.0 2.930779028359024 0.1500750375187594 0.8066606658908323 13
stats: {freemem,"tsung_controller@ip-172-31-50-238"} 1 663.6640625 0.0 678.50390625 663.6640625 673.6850961538462 13
stats: session 168 2053.6012321428557 569.4547374648232 3090.784 1070.626 2082.8444205607475 535
stats: users_count 181 743
stats: finish_users_count 168 703
stats: connect 178 1.1861573033707864 0.2889453468355163 15.085 0.921 1.3239021352313165 562
stats: page 340 44.67034411764709 16.36418406933606 212.478 20.554 39.09257899543378 1095
stats: 200 859 3611
stats: request 859 17.6446821885914 9.145805417058824 92.443 6.51 15.488462572674427 2752
stats: size_rcv 3820299 16064982
stats: newphase 0 4
stats: size_sent 349153 1466783
stats: connected 15 44
# stats: dump at 1615366907
stats: users 29 50
stats: {load,"tsung_controller@ip-172-31-50-238"} 1 0.0 0.0 0.0 0.0 0.0 14
stats: {cpu,"tsung_controller@ip-172-31-50-238"} 1 2.413273001508296 0.0 2.930779028359024 0.1500750375187594 0.9278817350022139 14
stats: {freemem,"tsung_controller@ip-172-31-50-238"} 1 658.953125 0.0 678.50390625 658.953125 672.9693080357143 14
stats: session 178 2127.889488764045 622.5601835258083 3097.351 1056.323 2075.8560056899 703
stats: users_count 167 910
stats: finish_users_count 178 881
stats: connect 169 1.241970414201184 0.625810560084157 15.085 0.896 1.2907689189189187 740
stats: page 350 41.3432028571429 11.242018353175503 212.478 20.554 40.41414006968641 1435
stats: request 868 16.62914285714284 7.159449469596278 92.443 6.51 16.00139324286902 3611
stats: 200 868 4479
stats: size_rcv 3900316 19965298
stats: newphase 0 4
stats: size_sent 355175 1821958
stats: connected -13 31
# stats: dump at 1615366917
stats: users 73 84
stats: {load,"tsung_controller@ip-172-31-50-238"} 1 0.0 0.0 0.0 0.0 0.0 15
stats: {cpu,"tsung_controller@ip-172-31-50-238"} 1 2.15971873430437 0.0 2.930779028359024 0.1500750375187594 1.0269078194359527 15
stats: {freemem,"tsung_controller@ip-172-31-50-238"} 1 663.05859375 0.0 678.50390625 658.953125 672.0348958333333 15
stats: session 258 2067.322860465115 565.5426564819998 3159.311 1056.323 2086.3690136208847 881
stats: users_count 302 1212
stats: finish_users_count 258 1139
stats: request 1406 27.21903556187765 18.432263306237925 127.812 6.51 16.123046885465506 4479
stats: page 553 69.15914466546118 33.36345249757186 212.478 20.554 40.59630924369748 1785
stats: 200 1406 5885
stats: size_rcv 6217502 26182800
stats: newphase 1 5
stats: size_sent 568604 2390562
stats: connected 43 74
stats: connect 298 1.2040134228187926 0.5891341500878163 15.085 0.868 1.2816963696369637 909
# stats: dump at 1615366927
stats: users 65 84
stats: {load,"tsung_controller@ip-172-31-50-238"} 1 0.0 0.0 0.0 0.0 0.0 16
stats: {cpu,"tsung_controller@ip-172-31-50-238"} 1 4.730749874182185 0.0 4.730749874182185 0.1500750375187594 1.0977085016152288 16
stats: {freemem,"tsung_controller@ip-172-31-50-238"} 1 650.8046875 0.0 678.50390625 650.8046875 671.473876953125 16
stats: session 322 2172.29650621118 581.0093490424204 3219.96 1056.323 2082.0547840210706 1139
stats: users_count 314 1526
stats: finish_users_count 322 1461
stats: request 1585 30.436915457413242 21.226437897286566 149.117 6.335 18.774017162276973 5885
stats: connect 314 1.2437547770700639 0.4895459033206912 15.085 0.868 1.2625169842584922 1207
stats: page 636 75.91997641509433 38.84271099714764 230.713 20.554 47.35218947818651 2338
stats: 200 1585 7470
stats: size_rcv 7095117 33277917
stats: newphase 0 5
stats: size_sent 648006 3038568
stats: connected -12 62
# stats: dump at 1615366937
stats: users 75 88
stats: {load,"tsung_controller@ip-172-31-50-238"} 1 0.0 0.0 0.0 0.0 0.0 17
stats: {cpu,"tsung_controller@ip-172-31-50-238"} 1 4.10126582278481 0.0 4.730749874182185 0.1500750375187594 1.3114168176485792 17
stats: {freemem,"tsung_controller@ip-172-31-50-238"} 1 639.625 0.0 678.50390625 639.625 670.2580422794117 17
stats: session 333 2160.0255765765746 582.6390302825982 3219.96 1056.323 2101.943787816563 1461
stats: users_count 343 1869
stats: finish_users_count 333 1794
stats: request 1701 30.874733686067053 21.026009719555507 154.725 6.335 21.248674966532796 7470
stats: page 679 77.73257879234166 39.54512948376052 264.365 20.554 53.46150773369202 2974
stats: 200 1701 9171
stats: size_rcv 7581391 40859308
stats: connect 343 1.1768688046647213 0.40095897108109196 15.085 0.868 1.2586436554898095 1521
stats: newphase 0 5
stats: size_sent 689984 3728552
stats: connected 11 73
# stats: dump at 1615366947
stats: users 325 327
stats: {load,"tsung_controller@ip-172-31-50-238"} 1 0.0 0.0 0.0 0.0 0.0 18
stats: {cpu,"tsung_controller@ip-172-31-50-238"} 1 4.766734279918864 0.0 4.766734279918864 0.1500750375187594 1.4664084290450363 18
stats: {freemem,"tsung_controller@ip-172-31-50-238"} 1 646.23828125 0.0 678.50390625 639.625 668.5562065972222 18
stats: session 322 3618.5627888198746 1180.3195791386781 6070.513 1056.323 2112.7248556298764 1794
stats: users_count 572 2441
stats: finish_users_count 322 2116
stats: connect 572 1.210896853146854 0.8383077181261169 15.333 0.832 1.2435960300429183 1864
stats: page 775 1168.4514051612912 884.7781062272211 2881.557 1.343 57.97288393101562 3653
stats: request 2146 479.5533904939419 371.11688293498537 1060.606 0.602 23.034077417947884 9171
stats: 200 1939 11110
stats: size_rcv 8641481 49500789
stats: newphase 1 6
stats: 502 207 207
stats: size_sent 886160 4614712
stats: connected 251 324
# stats: dump at 1615366957
stats: users 318 361
stats: {load,"tsung_controller@ip-172-31-50-238"} 1 0.0 0.0 0.0 0.0 0.0 19
stats: {cpu,"tsung_controller@ip-172-31-50-238"} 1 7.951070336391437 0.0 7.951070336391437 0.1500750375187594 1.6401097896173429 19
stats: {freemem,"tsung_controller@ip-172-31-50-238"} 1 595.7578125 0.0 678.50390625 595.7578125 667.3815789473684 19
stats: session 702 4824.558260683761 1478.4249736709164 7744.398 1010.366 2341.8741063327025 2116
stats: users_count 695 3136
stats: finish_users_count 702 2818
stats: connect 695 1.1308431654676265 0.3940958542149413 15.333 0.832 1.2359178981937602 2436
stats: page 1400 1367.0666214285732 989.110896647816 3039.702 1.309 252.33170370370385 4428
stats: 200 2025 13135
stats: size_rcv 9863963 59364752
stats: newphase 0 6
stats: 502 1479 1686
stats: size_sent 1193325 5808037
stats: connected -4 320
stats: request 3504 546.4832933789969 467.99371617532347 1146.047 0.592 109.60211186710254 11317
# stats: dump at 1615366967
stats: users 296 361
stats: {load,"tsung_controller@ip-172-31-50-238"} 1 0.0 0.0 0.0 0.0 0.0 20
stats: {cpu,"tsung_controller@ip-172-31-50-238"} 1 9.489427539969055 0.0 9.489427539969055 0.1500750375187594 1.9556578169560477 20
stats: {freemem,"tsung_controller@ip-172-31-50-238"} 1 578.734375 0.0 678.50390625 578.734375 663.800390625 20
stats: session 646 4933.059828173374 1421.7534821017116 7744.398 1010.366 2960.3426217175293 2818
stats: users_count 624 3760
stats: finish_users_count 646 3464
stats: request 3226 592.8101804091751 440.46418145491594 1146.047 0.579 212.89012617232333 14821
stats: 200 2083 15218
stats: connect 627 1.1487129186602858 0.4810326218605484 15.333 0.802 1.2125940594059408 3131
stats: page 1294 1482.6517619783626 949.9007021606219 3039.702 1.252 520.1129124914213 5828
stats: size_rcv 9898797 69263549
stats: newphase 0 6
stats: 502 1143 2829
stats: size_sent 1118213 6926250
stats: connected -24 296
# stats: dump at 1615366977
stats: users 455 480
stats: {load,"tsung_controller@ip-172-31-50-238"} 1 0.0 0.0 0.0 0.0 0.0 21
stats: {cpu,"tsung_controller@ip-172-31-50-238"} 1 8.35897435897436 0.0 9.489427539969055 0.1500750375187594 2.3144087561471434 21
stats: {freemem,"tsung_controller@ip-172-31-50-238"} 1 578.578125 0.0 678.50390625 578.578125 659.7496279761905 21
stats: session 1008 3971.6627361111123 1562.1067827370925 7744.398 1007.296 3328.2338790415697 3464
stats: users_count 1167 4927
stats: finish_users_count 1008 4472
stats: request 5466 348.84371167215625 445.62336437925865 1146.047 0.579 280.8029147226688 18047
stats: page 2161 907.6101614993077 922.4106230457669 3039.702 1.252 694.9971123279984 7122
stats: 200 2077 17295
stats: size_rcv 10459897 79723446
stats: newphase 1 7
stats: 502 3389 6218
stats: size_sent 1516913 8443163
stats: connected 159 455
stats: connect 1165 1.1051690987124472 0.9484310829180537 22.844 0.742 1.2019358701436935 3758
# stats: dump at 1615366987
stats: users 421 480
stats: {load,"tsung_controller@ip-172-31-50-238"} 1 0.0703125 0.0 0.0703125 0.0 0.0 22
stats: {cpu,"tsung_controller@ip-172-31-50-238"} 1 13.141361256544503 0.0 13.141361256544503 0.1500750375187594 2.589161738093835 22
stats: {freemem,"tsung_controller@ip-172-31-50-238"} 1 572.2578125 0.0 678.50390625 572.2578125 656.0600142045455 22
stats: session 1264 3525.8345537974724 1328.9698652055397 7812.21 1007.296 3473.264354874776 4472
stats: users_count 1230 6157
stats: finish_users_count 1264 5736
stats: connect 1227 1.1219926650366767 0.47637938601979923 22.844 0.742 1.1790365630712982 4923
stats: page 2504 772.2841777156531 881.133477443419 3201.782 1.252 744.4915429279337 9283
stats: 200 1993 19288
stats: request 6239 311.66994742747295 454.7382277260761 1215.391 0.577 296.6201645898018 23513
stats: size_rcv 10767856 90491302
stats: newphase 0 7
stats: 502 4246 10464
stats: size_sent 1637992 10081155
stats: connected -40 415
# stats: dump at 1615366997
stats: users 430 480
stats: {load,"tsung_controller@ip-172-31-50-238"} 1 0.140625 0.0 0.140625 0.0 0.0030570652173913045 23
stats: {cpu,"tsung_controller@ip-172-31-50-238"} 1 13.152400835073069 0.0 13.152400835073069 0.1500750375187594 3.047953021504734 23
stats: {freemem,"tsung_controller@ip-172-31-50-238"} 1 574.0625 0.0 678.50390625 572.2578125 652.4164402173913 23
stats: session 1228 3548.1873444625417 1327.1053305185535 7812.21 1007.296 3484.848861750349 5736
stats: users_count 1237 7394
stats: finish_users_count 1228 6964
stats: request 6182 311.14409010029135 441.4767471463948 1215.391 0.571 299.77610688357123 29752
stats: 200 2049 21337
stats: connect 1244 1.0527427652733097 0.3349233579421525 22.844 0.742 1.1676556097560982 6150
stats: page 2468 777.8304882495958 854.0800111711455 3201.782 1.234 750.3957388648513 11787
stats: size_rcv 10794526 101285828
stats: newphase 0 7
stats: 502 4133 14597
stats: size_sent 1667507 11748662
stats: connected 15 430
# stats: dump at 1615367007
stats: users 0 480
stats: {load,"tsung_controller@ip-172-31-50-238"} 1 0.12109375 0.0 0.140625 0.0 0.0087890625 24
stats: {cpu,"tsung_controller@ip-172-31-50-238"} 1 12.723449001051526 0.0 13.152400835073069 0.1500750375187594 3.4689716804034147 24
stats: {freemem,"tsung_controller@ip-172-31-50-238"} 1 568.8984375 0.0 678.50390625 568.8984375 649.1516927083333 24
stats: session 549 4381.918162112931 1237.0507738423562 7812.21 1007.296 3496.0176809305003 6964
stats: users_count 119 7513
stats: finish_users_count 549 7513
stats: connect 119 1.0996974789915959 0.7124326953866094 22.844 0.742 1.148322153097106 7394
stats: 200 1115 22452
stats: request 1631 532.0429515634578 439.97891174513927 1215.391 0.571 301.73182771191665 35934
stats: size_rcv 5654381 106940209
stats: newphase 0 7
stats: page 771 1229.1337782101177 896.0361657465963 3201.782 1.234 755.1455783233956 14255
stats: 502 516 15113
stats: size_sent 531207 12279869
stats: connected -430 0
# stats: dump at 1615367009
stats: users 0 480
stats: {load,"tsung_controller@ip-172-31-50-238"} 1 0.1015625 0.0 0.140625 0.0 0.01328125 25
stats: {cpu,"tsung_controller@ip-172-31-50-238"} 1 2.807017543859649 0.0 13.152400835073069 0.1500750375187594 3.839150773229339 25
stats: {freemem,"tsung_controller@ip-172-31-50-238"} 1 585.80859375 0.0 678.50390625 568.8984375 645.9415624999999 25
stats: session 0 0 0 7812.21 1007.296 3560.7533875948357 7513
stats: users_count 0 7513
stats: finish_users_count 0 7513
stats: request 0 0 0 1215.391 0.571 311.73149343804107 37565
stats: connect 0 0 0 22.844 0.742 1.1475519765739386 7513
stats: page 0 0 0 3201.782 1.234 779.4664156794893 15026
stats: 200 0 22452
stats: size_rcv 0 106940209
stats: newphase 0 7
stats: 502 0 15113
stats: size_sent 0 12279869
stats: connected 0 0
EndMonitor:{1615,367009,521656}
