# stats: dump at 1615423023
stats: users 3 5
stats: {load,"tsung_controller@ip-172-31-45-17"} 1 0.01171875 0 0.01171875 0.01171875 0 0
stats: {freemem,"tsung_controller@ip-172-31-45-17"} 1 677.21484375 0 677.21484375 677.21484375 0 0
stats: {cpu,"tsung_controller@ip-172-31-45-17"} 1 5.974632705305391 0 5.974632705305391 5.974632705305391 0 0
stats: session 4 4910.157000000001 722.5319769453112 5808.385 3791.84 0 0
stats: users_count 7 7
stats: finish_users_count 4 4
stats: request 41 48.864365853658555 81.05527513558371 231.912 6.427 0 0
stats: page 22 91.17209090909093 94.0046918876969 231.912 8.178 0 0
stats: connect 7 2.6555714285714287 3.0080943591365927 10.011 1.289 0 0
stats: 302 18 18
stats: 200 23 23
stats: size_rcv 72983 72983
stats: size_sent 23822 23822
stats: connected 4 4
# stats: dump at 1615423033
stats: users 5 8
stats: {load,"tsung_controller@ip-172-31-45-17"} 1 0.01171875 0.0 0.01171875 0.01171875 0.01171875 1
stats: {freemem,"tsung_controller@ip-172-31-45-17"} 1 675.89453125 0.0 677.21484375 675.89453125 677.21484375 1
stats: {cpu,"tsung_controller@ip-172-31-45-17"} 1 0.4506760140210316 0.0 5.974632705305391 0.4506760140210316 5.974632705305391 1
stats: session 10 5563.0375 1241.1465453599144 7323.484 3669.631 4910.157000000001 4
stats: users_count 12 19
stats: finish_users_count 10 14
stats: page 43 83.33367441860464 90.40519640851093 231.912 7.901 91.17209090909093 22
stats: request 91 39.317 73.27731654355374 231.912 5.697 48.864365853658555 41
stats: connect 12 1.36625 0.09423297812690988 10.011 1.245 2.6555714285714287 7
stats: 302 41 59
stats: 200 50 73
stats: size_rcv 143985 216968
stats: size_sent 54891 78713
stats: connected 2 6
# stats: dump at 1615423043
stats: users 1 12
stats: {load,"tsung_controller@ip-172-31-45-17"} 1 0.01171875 0.0 0.01171875 0.01171875 0.01171875 2
stats: {freemem,"tsung_controller@ip-172-31-45-17"} 1 673.30078125 0.0 677.21484375 673.30078125 676.5546875 2
stats: {cpu,"tsung_controller@ip-172-31-45-17"} 1 0.2506265664160401 0.0 5.974632705305391 0.2506265664160401 3.2126543596632113 2
stats: session 15 6003.074933333333 1083.4073328917716 7841.96 3669.631 5376.500214285714 14
stats: users_count 11 30
stats: finish_users_count 15 29
stats: page 52 72.58944230769234 80.7308722307104 231.912 7.901 85.98667692307693 65
stats: 302 56 115
stats: request 127 29.654118110236226 60.79197276949091 231.912 5.372 42.282469696969706 132
stats: connect 11 1.375818181818182 0.10025859127260334 10.011 1.232 1.841263157894737 19
stats: 200 71 144
stats: size_rcv 221191 438159
stats: size_sent 79720 158433
stats: connected -4 2
# stats: dump at 1615423053
stats: users 9 12
stats: {load,"tsung_controller@ip-172-31-45-17"} 1 0.01171875 0.0 0.01171875 0.01171875 0.01171875 3
stats: {freemem,"tsung_controller@ip-172-31-45-17"} 1 672.21875 0.0 677.21484375 672.21875 675.4700520833334 3
stats: {cpu,"tsung_controller@ip-172-31-45-17"} 1 0.250501002004008 0.0 5.974632705305391 0.250501002004008 2.225311761914154 3
stats: session 7 5949.763571428572 1207.9888738660818 8125.449 3669.631 5700.590586206896 29
stats: users_count 15 45
stats: finish_users_count 7 36
stats: request 88 48.23809090909092 81.56302282990023 231.912 5.372 36.090189189189196 259
stats: page 46 91.89545652173915 95.76298119512856 231.912 7.901 80.03235042735044 117
stats: connect 15 1.3698666666666663 0.1183029256705945 10.011 1.232 1.6706 30
stats: 302 39 154
stats: 200 49 193
stats: size_rcv 142424 580583
stats: newphase 1 1
stats: size_sent 51930 210363
stats: connected 7 9
# stats: dump at 1615423063
stats: users 13 14
stats: {load,"tsung_controller@ip-172-31-45-17"} 1 0.01171875 0.0 0.01171875 0.01171875 0.01171875 4
stats: {freemem,"tsung_controller@ip-172-31-45-17"} 1 673.70703125 0.0 677.21484375 672.21875 674.6572265625 4
stats: {cpu,"tsung_controller@ip-172-31-45-17"} 1 0.3001500750375188 0.0 5.974632705305391 0.250501002004008 1.7316090719366175 4
stats: session 15 5800.115466666667 875.9065153931947 8125.449 3669.631 5749.040888888889 36
stats: users_count 19 64
stats: finish_users_count 15 51
stats: request 140 40.32310000000002 73.78300144316053 231.912 5.372 39.17092507204612 347
stats: connect 19 1.360263157894737 0.19750945136752665 10.011 1.201 1.5703555555555555 45
stats: page 68 83.46451470588237 89.90211236288393 231.912 7.803 83.38022085889573 163
stats: 302 63 217
stats: 200 77 270
stats: size_rcv 230832 811415
stats: newphase 0 1
stats: size_sent 83350 293713
stats: connected 5 14
# stats: dump at 1615423073
stats: users 15 16
stats: {load,"tsung_controller@ip-172-31-45-17"} 1 0.0 0.0 0.01171875 0.0 0.01171875 5
stats: {freemem,"tsung_controller@ip-172-31-45-17"} 1 673.65234375 0.0 677.21484375 672.21875 674.4671875 5
stats: {cpu,"tsung_controller@ip-172-31-45-17"} 1 0.5508262393590386 0.0 5.974632705305391 0.250501002004008 1.4453172725567978 5
stats: session 20 6189.171899999999 946.5337701107607 8125.449 3669.631 5764.0628235294125 51
stats: users_count 22 86
stats: finish_users_count 20 71
stats: request 184 37.098614130434775 70.9701957082507 291.941 5.372 39.50214579055443 487
stats: connect 21 1.510952380952381 0.7015438401391523 10.011 1.201 1.507984375 64
stats: page 81 84.43593827160491 91.83844170860766 315.087 7.803 83.40503463203464 231
stats: 302 81 298
stats: 200 103 373
stats: size_rcv 307483 1118898
stats: newphase 0 1
stats: size_sent 114091 407804
stats: connected 0 14
# stats: dump at 1615423083
stats: users 28 39
stats: {load,"tsung_controller@ip-172-31-45-17"} 1 0.0 0.0 0.01171875 0.0 0.009765625 6
stats: {freemem,"tsung_controller@ip-172-31-45-17"} 1 673.1015625 0.0 677.21484375 672.21875 674.3313802083334 6
stats: {cpu,"tsung_controller@ip-172-31-45-17"} 1 0.5511022044088176 0.0 5.974632705305391 0.250501002004008 1.2962354336905044 6
stats: session 36 5910.812388888889 841.1143312534958 8125.449 3669.631 5883.811859154929 71
stats: users_count 49 135
stats: finish_users_count 36 107
stats: request 372 40.44095430107534 74.36777003746103 291.941 5.296 38.84305514157973 671
stats: connect 46 1.671173913043478 1.357760325016546 10.011 1.142 1.5087176470588233 85
stats: page 174 86.58954022988506 92.52887355615118 315.087 7.163 83.67267307692308 312
stats: 302 162 460
stats: 200 210 583
stats: size_rcv 684098 1802996
stats: newphase 1 2
stats: size_sent 226043 633847
stats: connected 12 26
# stats: dump at 1615423093
stats: users 16 39
stats: {load,"tsung_controller@ip-172-31-45-17"} 1 0.0 0.0 0.01171875 0.0 0.008370535714285714 7
stats: {freemem,"tsung_controller@ip-172-31-45-17"} 1 670.44921875 0.0 677.21484375 670.44921875 674.1556919642857 7
stats: {cpu,"tsung_controller@ip-172-31-45-17"} 1 1.2 0.0 5.974632705305391 0.250501002004008 1.1897878295074062 7
stats: session 42 6454.664500000001 886.5944421552523 8125.449 3669.631 5892.89614953271 107
stats: users_count 30 165
stats: finish_users_count 42 149
stats: connect 33 1.5511212121212126 1.0134738865116135 10.011 1.142 1.5657633587786255 131
stats: request 351 34.46972934472935 67.3833976803599 291.941 5.242 39.41296740172581 1043
stats: page 148 81.90412837837839 87.668102525044 315.087 7.122 84.71698353909464 486
stats: 302 158 618
stats: 200 193 776
stats: size_rcv 574067 2377063
stats: newphase 0 2
stats: size_sent 217741 851588
stats: connected -10 16
# stats: dump at 1615423103
stats: users 28 39
stats: {load,"tsung_controller@ip-172-31-45-17"} 1 0.0 0.0 0.01171875 0.0 0.00732421875 8
stats: {freemem,"tsung_controller@ip-172-31-45-17"} 1 672.91796875 0.0 677.21484375 670.44921875 673.6923828125 8
stats: {cpu,"tsung_controller@ip-172-31-45-17"} 1 0.6513026052104208 0.0 5.974632705305391 0.250501002004008 1.1910643508189804 8
stats: session 28 6016.865499999999 962.4979625436878 8125.449 3669.631 6051.246959731544 149
stats: users_count 40 205
stats: finish_users_count 28 177
stats: request 280 41.35075714285713 75.50640478972359 291.941 5.242 38.16829268292685 1394
stats: connect 38 1.3447894736842105 0.11835076276514407 10.011 1.142 1.5628170731707316 164
stats: page 134 86.52560447761198 93.0575114207401 315.087 7.122 84.0603548895899 634
stats: 302 124 742
stats: 200 156 932
stats: size_rcv 471896 2848959
stats: newphase 0 2
stats: size_sent 169108 1020696
stats: connected 10 26
# stats: dump at 1615423113
stats: users 49 53
stats: {load,"tsung_controller@ip-172-31-45-17"} 1 0.0 0.0 0.01171875 0.0 0.006510416666666667 9
stats: {freemem,"tsung_controller@ip-172-31-45-17"} 1 669.98046875 0.0 677.21484375 669.98046875 673.6063368055555 9
stats: {cpu,"tsung_controller@ip-172-31-45-17"} 1 0.9009009009009009 0.0 5.974632705305391 0.250501002004008 1.1310908235291406 9
stats: session 51 5996.025745098036 983.3782496059949 8125.449 3669.631 6045.808084745762 177
stats: users_count 72 277
stats: finish_users_count 51 228
stats: request 496 54.40031249999999 88.7818480127191 464.66 5.242 38.70060454002391 1674
stats: connect 74 1.3176351351351352 0.2323510609450257 10.011 1.116 1.5218019801980198 202
stats: page 247 109.35581781376519 111.38667950457933 601.319 7.122 84.49048958333334 768
stats: 302 220 962
stats: 200 276 1208
stats: size_rcv 828322 3677281
stats: newphase 1 3
stats: size_sent 296355 1317051
stats: connected 27 53
# stats: dump at 1615423123
stats: users 40 65
stats: {load,"tsung_controller@ip-172-31-45-17"} 1 0.0 0.0 0.01171875 0.0 0.005859375 10
stats: {freemem,"tsung_controller@ip-172-31-45-17"} 1 663.6171875 0.0 677.21484375 663.6171875 673.24375 10
stats: {cpu,"tsung_controller@ip-172-31-45-17"} 1 1.3006503251625814 0.0 5.974632705305391 0.250501002004008 1.1080718312663165 10
stats: session 97 5967.415536082474 1012.1907225198617 8279.605 3584.161 6034.672561403508 228
stats: users_count 88 365
stats: finish_users_count 97 325
stats: request 855 46.68617426900579 86.77698849463317 514.013 5.242 42.28910921658987 2170
stats: connect 85 1.4181294117647056 0.6709072661129728 10.011 1.048 1.4670615942028986 276
stats: page 362 110.35400276243101 121.06081704998273 640.367 6.815 90.54146108374385 1015
stats: 302 380 1342
stats: 200 475 1683
stats: size_rcv 1433821 5111102
stats: newphase 0 3
stats: size_sent 532560 1849611
stats: connected -16 37
# stats: dump at 1615423133
stats: users 46 65
stats: {load,"tsung_controller@ip-172-31-45-17"} 1 0.0 0.0 0.01171875 0.0 0.005326704545454545 11
stats: {freemem,"tsung_controller@ip-172-31-45-17"} 1 663.96484375 0.0 677.21484375 663.6171875 672.3686079545455 11
stats: {cpu,"tsung_controller@ip-172-31-45-17"} 1 1.6549648946840523 0.0 5.974632705305391 0.250501002004008 1.125578967075068 11
stats: session 74 6059.426756756758 1061.8398522711595 8279.605 3584.161 6014.598926153845 325
stats: users_count 80 445
stats: finish_users_count 74 399
stats: request 698 74.16262177650415 126.34031987223457 874.741 5.242 43.53191603305784 3025
stats: connect 84 1.4582142857142857 0.7519995895298488 10.011 1.048 1.455540166204986 361
stats: 302 312 1654
stats: page 324 159.98047222222226 178.674473806458 1206.723 6.642 95.7499869281046 1377
stats: 200 386 2069
stats: size_rcv 1170417 6281519
stats: newphase 0 3
stats: size_sent 422164 2271775
stats: connected 10 47
# stats: dump at 1615423143
stats: users 162 162
stats: {load,"tsung_controller@ip-172-31-45-17"} 1 0.0 0.0 0.01171875 0.0 0.004882812499999999 12
stats: {freemem,"tsung_controller@ip-172-31-45-17"} 1 658.6875 0.0 677.21484375 658.6875 671.6682942708334 12
stats: {cpu,"tsung_controller@ip-172-31-45-17"} 1 1.6983016983016983 0.0 5.974632705305391 0.250501002004008 1.1696944610424833 12
stats: session 43 7444.746790697676 2187.671336494111 11732.499 3584.161 6022.912859649122 399
stats: users_count 159 604
stats: finish_users_count 43 442
stats: request 706 551.8313739376774 498.2630273424479 2078.054 5.242 49.27465914585009 3723
stats: connect 157 1.599025477707006 1.0105355832210865 10.011 1.048 1.4560449438202245 445
stats: page 377 879.9106153846161 896.827172724137 4819.022 6.642 107.98436507936512 1701
stats: 302 278 1932
stats: 200 428 2497
stats: size_rcv 1356377 7637896
stats: newphase 1 4
stats: size_sent 449168 2720943
stats: connected 114 161
# stats: dump at 1615423153
stats: users 244 250
stats: {load,"tsung_controller@ip-172-31-45-17"} 1 0.0 0.0 0.01171875 0.0 0.004507211538461537 13
stats: {freemem,"tsung_controller@ip-172-31-45-17"} 1 636.37109375 0.0 677.21484375 636.37109375 670.6697716346154 13
stats: {cpu,"tsung_controller@ip-172-31-45-17"} 1 2.4451097804391217 0.0 5.974632705305391 0.250501002004008 1.210356556216269 13
stats: session 72 13525.572222222221 1682.0685784824109 17452.542 3584.161 6161.236070135747 442
stats: users_count 154 758
stats: finish_users_count 72 514
stats: request 999 1324.5552862862867 571.0368173204174 3346.449 5.242 129.38417385414317 4429
stats: page 470 2462.991129787236 1622.28370513217 7514.479 6.642 248.030657844081 2078
stats: 302 420 2352
stats: 200 579 3076
stats: size_rcv 1873489 9511385
stats: newphase 0 4
stats: size_sent 642771 3363714
stats: connected 84 245
stats: connect 155 1.6009612903225814 1.7609410273281065 16.884 1.048 1.4933338870431891 602
# stats: dump at 1615423163
stats: users 323 323
stats: {load,"tsung_controller@ip-172-31-45-17"} 1 0.0 0.0 0.01171875 0.0 0.004185267857142856 14
stats: {freemem,"tsung_controller@ip-172-31-45-17"} 1 606.91015625 0.0 677.21484375 606.91015625 668.2198660714286 14
stats: {cpu,"tsung_controller@ip-172-31-45-17"} 1 3.65 0.0 5.974632705305391 0.250501002004008 1.2985532150893297 14
stats: session 80 18091.59655 1801.3754369264952 21504.646 3584.161 7192.816231517509 514
stats: users_count 159 917
stats: finish_users_count 80 594
stats: request 1007 1932.388775571003 612.3575331359492 3740.355 0.71 349.3502647383936 5428
stats: connect 156 1.3859807692307684 0.5254963279184913 16.884 1.044 1.5153712021136063 757
stats: page 473 3583.5165264270654 2228.6177187199396 9222.677 2.365 656.5987197802202 2548
stats: 302 415 2767
stats: 200 562 3638
stats: size_rcv 1766708 11278093
stats: newphase 0 4
stats: 502 30 30
stats: size_sent 639643 4003357
stats: connected 74 319
# stats: dump at 1615423173
stats: users 428 432
stats: {load,"tsung_controller@ip-172-31-45-17"} 1 0.0 0.0 0.01171875 0.0 0.003906249999999999 15
stats: {freemem,"tsung_controller@ip-172-31-45-17"} 1 588.09765625 0.0 677.21484375 588.09765625 664.1325520833333 15
stats: {cpu,"tsung_controller@ip-172-31-45-17"} 1 3.159478435305918 0.0 5.974632705305391 0.250501002004008 1.4553163340833744 15
stats: session 178 18992.92841573033 4643.767084461634 28349.714 3584.161 8660.665432659931 594
stats: users_count 283 1200
stats: finish_users_count 178 772
stats: connect 283 1.3620671378091869 0.6538030839054806 16.884 1.043 1.49326286966046 913
stats: page 923 2730.5084983748625 3141.8720142145503 11428.505 0.677 1114.8682075471709 3021
stats: request 1810 1369.6403441988946 1344.999313474672 3941.593 0.673 597.0767263403263 6435
stats: 302 414 3181
stats: 200 541 4179
stats: size_rcv 1918323 13196416
stats: newphase 1 5
stats: 502 855 885
stats: size_sent 970424 4973781
stats: connected 108 427
# stats: dump at 1615423183
stats: users 420 444
stats: {load,"tsung_controller@ip-172-31-45-17"} 1 0.0 0.0 0.01171875 0.0 0.003662109374999999 16
stats: {freemem,"tsung_controller@ip-172-31-45-17"} 1 581.42578125 0.0 677.21484375 581.42578125 659.38037109375 16
stats: {cpu,"tsung_controller@ip-172-31-45-17"} 1 4.957005563985837 0.0 5.974632705305391 0.250501002004008 1.5618264654097833 16
stats: session 300 15029.904163333329 6917.340306807271 29868.313 3264.383 11042.97477331606 772
stats: users_count 292 1492
stats: finish_users_count 300 1072
stats: request 2827 959.7955925008852 1289.3542888806974 4705.043 0.666 766.675288902365 8245
stats: 302 474 3655
stats: 200 685 4864
stats: page 1239 2262.3675996771585 3070.7439946539057 13286.772 0.677 1492.970638691684 3944
stats: size_rcv 2847250 16043666
stats: connect 289 1.3453702422145337 0.6932125589226138 16.884 1.043 1.4622190635451504 1196
stats: newphase 0 5
stats: 502 1668 2553
stats: size_sent 1388233 6362014
stats: connected -7 420
# stats: dump at 1615423193
stats: users 423 444
stats: {load,"tsung_controller@ip-172-31-45-17"} 1 0.0 0.0 0.01171875 0.0 0.0034466911764705873 17
stats: {freemem,"tsung_controller@ip-172-31-45-17"} 1 551.54296875 0.0 677.21484375 551.54296875 654.7948069852941 17
stats: {cpu,"tsung_controller@ip-172-31-45-17"} 1 7.146451937594363 0.0 7.146451937594363 0.250501002004008 1.7615428829730806 17
stats: session 307 13901.274889250804 5537.493679555408 30103.943 3264.383 12158.719938432832 1072
stats: users_count 310 1802
stats: finish_users_count 307 1379
stats: request 2747 880.5612082271565 1055.2942187353 4705.043 0.662 815.9844560151736 11072
stats: connect 312 1.333509615384615 0.4850847863080683 16.884 1.012 1.439478787878788 1485
stats: page 1237 1918.4314785772021 2295.7740003515737 13286.772 0.662 1676.8955537333593 5183
stats: 302 521 4176
stats: 200 717 5581
stats: size_rcv 2624707 18668373
stats: newphase 0 5
stats: 502 1509 4062
stats: size_sent 1390614 7752628
stats: connected 7 427
# stats: dump at 1615423203
stats: users 605 608
stats: {load,"tsung_controller@ip-172-31-45-17"} 1 0.0 0.0 0.01171875 0.0 0.0032552083333333326 18
stats: {freemem,"tsung_controller@ip-172-31-45-17"} 1 555.0703125 0.0 677.21484375 551.54296875 649.05859375 18
stats: {cpu,"tsung_controller@ip-172-31-45-17"} 1 6.616161616161616 0.0 7.146451937594363 0.250501002004008 2.0607044971187074 18
stats: session 391 12402.076074168801 6027.993465799243 30103.943 3227.454 12546.656392313265 1379
stats: users_count 573 2375
stats: finish_users_count 391 1770
stats: request 4026 644.7286517635363 1106.7920050215962 4705.043 0.662 828.821299370432 13819
stats: 302 458 4634
stats: connect 572 2.040183566433567 3.3399127699251308 31.124 0.982 1.4210801335559267 1797
stats: page 1967 1357.781178444334 2301.405232179495 13286.772 0.662 1723.4344850467292 6420
stats: 200 652 6233
stats: size_rcv 2873352 21541725
stats: newphase 1 6
stats: 502 2917 6979
stats: size_sent 1677242 9429870
stats: connected 176 603
# stats: dump at 1615423213
stats: users 602 626
stats: {load,"tsung_controller@ip-172-31-45-17"} 1 0.1484375 0.0 0.1484375 0.0 0.0030838815789473676 19
stats: {freemem,"tsung_controller@ip-172-31-45-17"} 1 556.6484375 0.0 677.21484375 551.54296875 644.1118421052631 19
stats: {cpu,"tsung_controller@ip-172-31-45-17"} 1 10.528917449332674 0.0 10.528917449332674 0.250501002004008 2.300465398120966 19
stats: session 652 10113.241176380376 4502.6459122780725 30103.943 3227.454 12514.718028248584 1770
stats: users_count 649 3024
stats: finish_users_count 652 2422
stats: request 5792 440.99209789364625 839.930819951397 4705.043 0.662 787.2882649481646 17845
stats: 302 555 5189
stats: connect 647 1.2885749613601252 0.3683811070795138 31.124 0.918 1.5705639510341918 2369
stats: page 2580 1042.1890492248078 1804.925478202203 13286.772 0.662 1637.6779506378928 8387
stats: 200 846 7079
stats: size_rcv 4093426 25635151
stats: newphase 0 6
stats: 502 4390 11369
stats: size_sent 2360628 11790498
stats: connected 1 604
# stats: dump at 1615423223
stats: users 614 630
stats: {load,"tsung_controller@ip-172-31-45-17"} 1 0.12890625 0.0 0.1484375 0.0 0.0103515625 20
stats: {freemem,"tsung_controller@ip-172-31-45-17"} 1 549.67578125 0.0 677.21484375 549.67578125 639.738671875 20
stats: {cpu,"tsung_controller@ip-172-31-45-17"} 1 12.614445574771107 0.0 12.614445574771107 0.250501002004008 2.7118880006815513 20
stats: session 634 9469.977511041005 3680.527271610023 30103.943 3225.825 11868.242839388933 2422
stats: users_count 646 3670
stats: finish_users_count 634 3056
stats: connect 647 2.8522550231839254 40.043609582672 1020.557 0.918 1.5100709549071623 3016
stats: page 2556 1010.3260375586847 1660.8227711716315 13286.772 0.662 1497.5884671286597 10967
stats: 302 564 5753
stats: request 5745 456.05916066144545 858.8169855233756 4705.043 0.662 702.4320057113846 23637
stats: 200 844 7923
stats: size_rcv 4183540 29818691
stats: newphase 0 6
stats: 502 4337 15706
stats: size_sent 2353492 14143990
stats: connected 4 608
# stats: dump at 1615423233
stats: users 950 958
stats: {load,"tsung_controller@ip-172-31-45-17"} 1 0.33984375 0.0 0.33984375 0.0 0.015997023809523808 21
stats: {freemem,"tsung_controller@ip-172-31-45-17"} 1 552.296875 0.0 677.21484375 549.67578125 635.449962797619 21
stats: {cpu,"tsung_controller@ip-172-31-45-17"} 1 12.780040733197556 0.0 12.780040733197556 0.250501002004008 3.1834383613524824 21
stats: session 812 8482.227280788187 3421.8974423547756 30103.943 3189.087 11370.696956479056 3056
stats: users_count 1148 4818
stats: finish_users_count 812 3868
stats: request 8420 288.377217933493 785.4262959856779 4705.043 0.662 654.2592470560209 29382
stats: connect 1723 1.184750435287288 0.44668075561733167 1020.557 0.849 1.7471425061425065 3663
stats: page 4077 608.2618830022099 1421.3221711456536 13286.772 0.662 1405.4903550247734 13523
stats: 302 444 6197
stats: 200 664 8587
stats: size_rcv 4499284 34317975
stats: newphase 1 7
stats: 502 7312 23018
stats: size_sent 2891172 17035162
stats: connected 210 818
# stats: dump at 1615423243
stats: users 964 975
stats: {load,"tsung_controller@ip-172-31-45-17"} 1 0.2890625 0.0 0.33984375 0.0 0.030717329545454544 22
stats: {freemem,"tsung_controller@ip-172-31-45-17"} 1 545.45703125 0.0 677.21484375 545.45703125 631.6702769886364 22
stats: {cpu,"tsung_controller@ip-172-31-45-17"} 1 18.648507071765323 0.0 18.648507071765323 0.250501002004008 3.6196475600727127 22
stats: session 1229 7783.627705451581 2920.313386839924 30103.943 3068.03 10764.32741752844 3868
stats: users_count 1243 6061
stats: finish_users_count 1229 5097
stats: connect 2216 1.1913731949458475 0.4631655365475591 1020.557 0.819 1.5672313405124394 5386
stats: page 4975 544.313774673367 1217.7016143520707 13286.772 0.659 1220.8141913636373 17600
stats: request 11166 240.36328192727848 685.5538133701765 4705.043 0.656 572.7628530765572 37802
stats: 302 566 6763
stats: 200 810 9397
stats: size_rcv 5514264 39832239
stats: newphase 0 7
stats: 502 9789 32807
stats: size_sent 3671496 20706658
stats: connected 26 844
# stats: dump at 1615423253
stats: users 927 976
stats: {load,"tsung_controller@ip-172-31-45-17"} 1 0.3203125 0.0 0.33984375 0.0 0.04194972826086957 23
stats: {freemem,"tsung_controller@ip-172-31-45-17"} 1 541.25 0.0 677.21484375 541.25 627.921875 23
stats: {cpu,"tsung_controller@ip-172-31-45-17"} 1 22.24554039874082 0.0 22.24554039874082 0.250501002004008 4.27307623449413 23
stats: session 1239 7747.464125907995 2691.251993834108 30103.943 3068.03 10045.614459682167 5097
stats: users_count 1202 7263
stats: finish_users_count 1239 6336
stats: request 10988 231.00715444120792 601.1528471992298 4705.043 0.653 496.9669534798237 48968
stats: 302 605 7368
stats: connect 2100 1.2138638095238077 0.404856526644242 1020.557 0.819 1.45766785056564 7602
stats: page 4844 530.4082233691117 1111.0518111759295 13286.772 0.658 1071.729381926911 22575
stats: 200 999 10396
stats: size_rcv 6008112 45840351
stats: newphase 0 7
stats: 502 9383 42190
stats: size_sent 3769268 24475926
stats: connected -3 841
# stats: dump at 1615423263
stats: users 29 976
stats: {load,"tsung_controller@ip-172-31-45-17"} 1 0.4296875 0.0 0.4296875 0.0 0.053548177083333336 24
stats: {freemem,"tsung_controller@ip-172-31-45-17"} 1 534.3359375 0.0 677.21484375 534.3359375 624.310546875 24
stats: {cpu,"tsung_controller@ip-172-31-45-17"} 1 21.130480718436345 0.0 22.24554039874082 0.250501002004008 5.021928908004409 24
stats: session 1068 8211.584857677904 2435.8383468536067 30103.943 3068.03 9596.21290293561 6336
stats: users_count 170 7433
stats: finish_users_count 1068 7404
stats: page 2263 1002.9006920017665 1381.6217745918377 13286.772 0.658 976.0964379080197 27419
stats: connect 355 1.2391943661971814 0.6692043280227027 1020.557 0.819 1.404896413110698 9702
stats: 302 1397 8765
stats: 200 1615 12011
stats: size_rcv 5659108 51499459
stats: newphase 0 7
stats: 502 3732 45922
stats: size_sent 2889590 27365516
stats: connected -794 47
stats: request 6744 319.6141773428237 653.5412473789535 4705.043 0.653 448.22510492694647 59956
# stats: dump at 1615423270
stats: users 0 976
stats: {load,"tsung_controller@ip-172-31-45-17"} 1 0.37109375 0.0 0.4296875 0.0 0.06859375 25
stats: {freemem,"tsung_controller@ip-172-31-45-17"} 1 655.59765625 0.0 677.21484375 534.3359375 620.7115625 25
stats: {cpu,"tsung_controller@ip-172-31-45-17"} 1 12.56206554121152 0.0 22.24554039874082 0.250501002004008 5.666270980421687 25
stats: session 29 10759.738034482758 1074.2308190758529 30103.943 3068.03 9396.485356699084 7404
stats: users_count 0 7433
stats: finish_users_count 29 7433
stats: connect 0 0 0 1020.557 0.819 1.399047330217758 10057
stats: 302 97 8862
stats: request 197 10.04742639593908 4.255227630065017 4705.043 0.653 435.2213253823089 66700
stats: 200 100 12111
stats: size_rcv 174355 51673814
stats: newphase 0 7
stats: page 50 39.91634 8.249803126402472 13286.772 0.658 978.1400342631895 29682
stats: 502 0 45922
stats: size_sent 132673 27498189
stats: connected -47 0
EndMonitor:{1615,423270,271537}
