# stats: dump at 1615443598
stats: users 0 1
stats: {cpu,"tsung_controller@ip-172-31-36-55"} 1 1.0609946889893556 0 1.0609946889893556 1.0609946889893556 0 0
stats: {load,"tsung_controller@ip-172-31-36-55"} 1 0.0 0 0.0 0.0 0 0
stats: {freemem,"tsung_controller@ip-172-31-36-55"} 1 689.60546875 0 689.60546875 689.60546875 0 0
stats: session 6 32.74949999999999 8.93241198762499 51.395 26.527 0 0
stats: users_count 6 6
stats: finish_users_count 6 6
stats: 200 5 5
stats: request 5 31.4264 8.282599220051637 46.611 24.543 0 0
stats: size_rcv 46310 46310
stats: size_sent 618 618
stats: connect 5 3.6954000000000002 4.841395030360568 13.377 1.158 0 0
stats: connected 0 0
stats: page 5 31.4264 8.282599220051637 46.611 24.543 0 0
# stats: dump at 1615443608
stats: users 0 2
stats: {cpu,"tsung_controller@ip-172-31-36-55"} 1 0.10005002501250625 0.0 1.0609946889893556 0.10005002501250625 1.0609946889893556 1
stats: {load,"tsung_controller@ip-172-31-36-55"} 1 0.0 0.0 0.0 0.0 0.0 1
stats: {freemem,"tsung_controller@ip-172-31-36-55"} 1 691.33984375 0.0 691.33984375 689.60546875 689.60546875 1
stats: session 14 33.66928571428572 5.48393230171525 51.395 26.274 32.74949999999999 6
stats: users_count 14 20
stats: finish_users_count 14 20
stats: request 13 32.12623076923077 5.425736520777562 46.611 24.543 31.4264 5
stats: page 13 32.12623076923077 5.425736520777562 46.611 24.543 31.4264 5
stats: 200 13 18
stats: size_rcv 120347 166657
stats: size_sent 1749 2367
stats: connected 1 1
stats: connect 14 1.3115714285714284 0.12241773580987494 13.377 1.158 3.6954000000000002 5
# stats: dump at 1615443618
stats: users 0 2
stats: {cpu,"tsung_controller@ip-172-31-36-55"} 1 0.15022533800701052 0.0 1.0609946889893556 0.10005002501250625 0.5805223570009309 2
stats: {load,"tsung_controller@ip-172-31-36-55"} 1 0.0703125 0.0 0.0703125 0.0 0.0 2
stats: {freemem,"tsung_controller@ip-172-31-36-55"} 1 691.1328125 0.0 691.33984375 689.60546875 690.47265625 2
stats: session 7 27.96642857142857 1.276271115078483 51.395 25.773 33.393350000000005 20
stats: users_count 7 27
stats: finish_users_count 7 27
stats: request 9 25.672777777777775 1.2642180523749118 46.611 23.816 31.93183333333334 18
stats: connect 8 1.265375 0.06731073001386921 13.377 1.158 1.9388947368421052 19
stats: page 9 25.672777777777775 1.2642180523749118 46.611 23.816 31.93183333333334 18
stats: 200 9 27
stats: size_rcv 83417 250074
stats: size_sent 996 3363
stats: connected -1 0
# stats: dump at 1615443628
stats: users 0 2
stats: {cpu,"tsung_controller@ip-172-31-36-55"} 1 0.050075112669003496 0.0 1.0609946889893556 0.050075112669003496 0.43709001733629077 3
stats: {load,"tsung_controller@ip-172-31-36-55"} 1 0.05859375 0.0 0.0703125 0.0 0.0234375 3
stats: {freemem,"tsung_controller@ip-172-31-36-55"} 1 691.625 0.0 691.625 689.60546875 690.6927083333334 3
stats: session 9 31.22022222222222 7.923982763705773 51.433 25.773 31.986370370370373 27
stats: users_count 9 36
stats: finish_users_count 9 36
stats: request 9 29.182777777777783 7.937819498770535 49.37 23.816 29.845481481481485 27
stats: connect 9 2.549888888888889 3.593523849137638 13.377 1.158 1.7393333333333332 27
stats: page 9 29.182777777777783 7.937819498770535 49.37 23.816 29.845481481481485 27
stats: 200 9 36
stats: size_rcv 83362 333436
stats: newphase 1 1
stats: size_sent 1123 4486
stats: connected 0 0
# stats: dump at 1615443638
stats: users 0 2
stats: {cpu,"tsung_controller@ip-172-31-36-55"} 1 0.1 0.0 1.0609946889893556 0.050075112669003496 0.34033629116946895 4
stats: {load,"tsung_controller@ip-172-31-36-55"} 1 0.05078125 0.0 0.0703125 0.0 0.0322265625 4
stats: {freemem,"tsung_controller@ip-172-31-36-55"} 1 691.1171875 0.0 691.625 689.60546875 690.92578125 4
stats: session 27 30.940148148148154 11.498304247611676 85.659 25.663 31.794833333333333 36
stats: users_count 27 63
stats: finish_users_count 27 63
stats: request 25 29.209680000000002 11.893092195791638 83.619 23.608 29.67980555555556 36
stats: connect 25 1.3795999999999997 0.2948514202102476 13.377 1.158 1.9419722222222222 36
stats: page 25 29.209680000000002 11.893092195791638 83.619 23.608 29.67980555555556 36
stats: 200 25 61
stats: size_rcv 231626 565062
stats: newphase 0 1
stats: size_sent 3115 7601
stats: connected 0 0
# stats: dump at 1615443648
stats: users 0 2
stats: {cpu,"tsung_controller@ip-172-31-36-55"} 1 0.2004008016032064 0.0 1.0609946889893556 0.050075112669003496 0.29226903293557516 5
stats: {load,"tsung_controller@ip-172-31-36-55"} 1 0.0390625 0.0 0.0703125 0.0 0.0359375 5
stats: {freemem,"tsung_controller@ip-172-31-36-55"} 1 691.015625 0.0 691.625 689.60546875 690.9640625 5
stats: session 18 29.28294444444445 3.8325538551296487 85.659 25.062 31.428539682539682 63
stats: users_count 18 81
stats: finish_users_count 18 81
stats: request 20 27.036099999999994 3.6991635392342412 83.619 23.042 29.487131147540985 61
stats: connect 20 1.5109499999999998 0.8167543985189183 13.377 1.129 1.7114918032786886 61
stats: page 20 27.036099999999994 3.6991635392342412 83.619 23.042 29.487131147540985 61
stats: 200 20 81
stats: size_rcv 185106 750168
stats: newphase 0 1
stats: size_sent 2485 10086
stats: connected 0 0
# stats: dump at 1615443658
stats: users 0 2
stats: {cpu,"tsung_controller@ip-172-31-36-55"} 1 0.10010010010010009 0.0 1.0609946889893556 0.050075112669003496 0.27695766104684705 6
stats: {load,"tsung_controller@ip-172-31-36-55"} 1 0.0390625 0.0 0.0703125 0.0 0.036458333333333336 6
stats: {freemem,"tsung_controller@ip-172-31-36-55"} 1 691.015625 0.0 691.625 689.60546875 690.97265625 6
stats: session 25 29.24968 5.105479336712666 85.659 24.027 30.951740740740746 81
stats: users_count 25 106
stats: finish_users_count 25 106
stats: request 23 27.43921739130435 5.255626276804381 83.619 21.969 28.881938271604938 81
stats: connect 23 1.6842608695652175 1.3661407788362239 13.377 1.129 1.6619753086419753 81
stats: page 23 27.43921739130435 5.255626276804381 83.619 21.969 28.881938271604938 81
stats: 200 23 104
stats: size_rcv 212969 963137
stats: newphase 1 2
stats: size_sent 2858 12944
stats: connected 0 0
# stats: dump at 1615443668
stats: users 0 2
stats: {cpu,"tsung_controller@ip-172-31-36-55"} 1 0.0501002004008016 0.0 1.0609946889893556 0.050075112669003496 0.2516922951973118 7
stats: {load,"tsung_controller@ip-172-31-36-55"} 1 0.03125 0.0 0.0703125 0.0 0.036830357142857144 7
stats: {freemem,"tsung_controller@ip-172-31-36-55"} 1 690.8984375 0.0 691.625 689.60546875 690.9787946428571 7
stats: session 42 28.671571428571426 3.7861120410990345 85.659 24.027 30.550311320754723 106
stats: users_count 42 148
stats: finish_users_count 42 148
stats: request 43 26.550511627906978 3.7560746170616146 83.619 21.969 28.562875 104
stats: connect 43 1.3816279069767445 0.47112413923512536 13.377 1.051 1.6669038461538461 104
stats: page 43 26.550511627906978 3.7560746170616146 83.619 21.969 28.562875 104
stats: 200 43 147
stats: size_rcv 398196 1361333
stats: newphase 0 2
stats: size_sent 5342 18286
stats: connected 0 0
# stats: dump at 1615443678
stats: users 0 2
stats: {cpu,"tsung_controller@ip-172-31-36-55"} 1 0.20020020020020018 0.0 1.0609946889893556 0.050075112669003496 0.22649328334774801 8
stats: {load,"tsung_controller@ip-172-31-36-55"} 1 0.01953125 0.0 0.0703125 0.0 0.0361328125 8
stats: {freemem,"tsung_controller@ip-172-31-36-55"} 1 690.8984375 0.0 691.625 689.60546875 690.96875 8
stats: session 30 30.166499999999996 8.309061012934414 85.659 24.027 30.01715540540541 148
stats: users_count 30 178
stats: finish_users_count 30 178
stats: request 30 28.234233333333332 8.27960303268755 83.619 21.969 27.974224489795915 147
stats: connect 30 1.3427999999999998 0.3010165443958188 13.377 1.051 1.5834557823129254 147
stats: page 30 28.234233333333332 8.27960303268755 83.619 21.969 27.974224489795915 147
stats: 200 30 177
stats: size_rcv 277882 1639215
stats: newphase 0 2
stats: size_sent 3735 22021
stats: connected 0 0
# stats: dump at 1615443688
stats: users 0 3
stats: {cpu,"tsung_controller@ip-172-31-36-55"} 1 1.5022533800701052 0.0 1.5022533800701052 0.050075112669003496 0.22357182966468717 9
stats: {load,"tsung_controller@ip-172-31-36-55"} 1 0.01953125 0.0 0.0703125 0.0 0.03428819444444445 9
stats: {freemem,"tsung_controller@ip-172-31-36-55"} 1 688.41015625 0.0 691.625 688.41015625 690.9609375 9
stats: session 67 30.90029850746269 5.997720808437813 85.659 23.545 30.04232584269663 178
stats: users_count 67 245
stats: finish_users_count 67 245
stats: request 66 28.950999999999993 5.995793123667476 83.619 21.969 28.018293785310732 177
stats: connect 66 1.29589393939394 0.26218863951464744 13.377 1.051 1.5426666666666669 177
stats: page 66 28.950999999999993 5.995793123667476 83.619 21.969 28.018293785310732 177
stats: 200 66 243
stats: size_rcv 611068 2250283
stats: newphase 1 3
stats: size_sent 8203 30224
stats: connected 0 0
# stats: dump at 1615443698
stats: users 1 3
stats: {cpu,"tsung_controller@ip-172-31-36-55"} 1 0.40060090135202797 0.0 1.5022533800701052 0.050075112669003496 0.35143998470522897 10
stats: {load,"tsung_controller@ip-172-31-36-55"} 1 0.01953125 0.0 0.0703125 0.0 0.0328125 10
stats: {freemem,"tsung_controller@ip-172-31-36-55"} 1 688.4453125 0.0 691.625 688.41015625 690.705859375 10
stats: session 70 30.237442857142852 5.598997182240288 85.659 22.971 30.27695510204082 245
stats: users_count 71 316
stats: finish_users_count 70 315
stats: 200 69 312
stats: request 69 27.413739130434777 4.575011426776492 83.619 20.899 28.27162139917695 243
stats: size_rcv 638576 2888859
stats: connect 69 1.344608695652174 0.25914229862930205 13.377 1.051 1.4756419753086423 243
stats: newphase 0 3
stats: size_sent 8563 38787
stats: page 69 27.413739130434777 4.575011426776492 83.619 20.899 28.27162139917695 243
stats: connected 0 0
# stats: dump at 1615443708
stats: users 0 4
stats: {cpu,"tsung_controller@ip-172-31-36-55"} 1 0.30120481927710846 0.0 1.5022533800701052 0.050075112669003496 0.35590915894584707 11
stats: {load,"tsung_controller@ip-172-31-36-55"} 1 0.01171875 0.0 0.0703125 0.0 0.03160511363636364 11
stats: {freemem,"tsung_controller@ip-172-31-36-55"} 1 688.015625 0.0 691.625 688.015625 690.5003551136364 11
stats: session 94 31.517212765957446 8.519479947259219 85.659 22.971 30.268174603174604 315
stats: users_count 93 409
stats: finish_users_count 94 409
stats: request 97 29.90761855670104 8.776608581605267 83.619 20.899 28.081897435897428 312
stats: connect 97 1.3521649484536085 0.6135714895527721 13.377 1.017 1.4466634615384617 312
stats: page 97 29.90761855670104 8.776608581605267 83.619 20.899 28.081897435897428 312
stats: 200 97 409
stats: size_rcv 897889 3786748
stats: newphase 0 3
stats: size_sent 12057 50844
stats: connected 0 0
# stats: dump at 1615443718
stats: users 0 4
stats: {cpu,"tsung_controller@ip-172-31-36-55"} 1 0.5007511266900351 0.0 1.5022533800701052 0.050075112669003496 0.35135046397345215 12
stats: {load,"tsung_controller@ip-172-31-36-55"} 1 0.01171875 0.0 0.0703125 0.0 0.02994791666666667 12
stats: {freemem,"tsung_controller@ip-172-31-36-55"} 1 688.62109375 0.0 691.625 688.015625 690.2932942708334 12
stats: session 116 29.305103448275865 5.621324189590107 85.659 22.971 30.55523960880196 409
stats: users_count 116 525
stats: finish_users_count 116 525
stats: connect 114 1.5565614035087711 1.1767936294140995 13.377 1.017 1.4242518337408314 409
stats: request 114 27.331210526315786 5.609454114657734 83.619 20.899 28.514892420537894 409
stats: page 114 27.331210526315786 5.609454114657734 83.619 20.899 28.514892420537894 409
stats: 200 114 523
stats: size_rcv 1055440 4842188
stats: newphase 1 4
stats: size_sent 14178 65022
stats: connected 0 0
# stats: dump at 1615443728
stats: users 0 4
stats: {cpu,"tsung_controller@ip-172-31-36-55"} 1 0.45045045045045046 0.0 1.5022533800701052 0.050075112669003496 0.36284282264395856 13
stats: {load,"tsung_controller@ip-172-31-36-55"} 1 0.01171875 0.0 0.0703125 0.0 0.02854567307692308 13
stats: {freemem,"tsung_controller@ip-172-31-36-55"} 1 688.7421875 0.0 691.625 688.015625 690.1646634615385 13
stats: session 163 30.448705521472398 6.07768441226779 85.659 22.971 30.279019047619048 525
stats: users_count 163 688
stats: finish_users_count 163 688
stats: request 161 28.269515527950315 5.996467792700076 83.619 20.899 28.25688145315487 523
stats: connect 161 1.3449813664596268 0.5123831116156545 13.377 0.982 1.4530917782026767 523
stats: page 161 28.269515527950315 5.996467792700076 83.619 20.899 28.25688145315487 523
stats: 200 161 684
stats: size_rcv 1490322 6332510
stats: newphase 0 4
stats: size_sent 20028 85050
stats: connected 0 0
# stats: dump at 1615443738
stats: users 0 4
stats: {cpu,"tsung_controller@ip-172-31-36-55"} 1 1.4021031547320981 0.0 1.5022533800701052 0.050075112669003496 0.36910051034442226 14
stats: {load,"tsung_controller@ip-172-31-36-55"} 1 0.01171875 0.0 0.0703125 0.0 0.027343750000000003 14
stats: {freemem,"tsung_controller@ip-172-31-36-55"} 1 687.421875 0.0 691.625 687.421875 690.0630580357143 14
stats: session 166 31.845716867469864 9.896283757806092 106.397 22.971 30.319220930232564 688
stats: users_count 166 854
stats: finish_users_count 166 854
stats: request 164 29.86268902439026 10.03704606334376 104.372 20.899 28.259855263157892 684
stats: connect 164 1.3311768292682922 0.4127053507483128 13.377 0.948 1.427644736842105 684
stats: page 164 29.86268902439026 10.03704606334376 104.372 20.899 28.259855263157892 684
stats: 200 164 848
stats: size_rcv 1518320 7850830
stats: newphase 0 4
stats: size_sent 20383 105433
stats: connected 0 0
# stats: dump at 1615443748
stats: users 0 5
stats: {cpu,"tsung_controller@ip-172-31-36-55"} 1 1.6 0.0 1.6 0.050075112669003496 0.43796735330360065 15
stats: {load,"tsung_controller@ip-172-31-36-55"} 1 0.01171875 0.0 0.0703125 0.0 0.026302083333333337 15
stats: {freemem,"tsung_controller@ip-172-31-36-55"} 1 688.96484375 0.0 691.625 687.421875 689.8869791666667 15
stats: session 240 32.48605416666659 7.661052215126805 106.397 22.971 30.615940281030444 854
stats: users_count 240 1094
stats: finish_users_count 240 1094
stats: request 242 30.403425619834707 7.62422340149294 104.372 20.899 28.569837264150944 848
stats: connect 242 1.3149504132231413 0.6371936321196867 13.377 0.936 1.4089882075471694 848
stats: page 242 30.403425619834707 7.62422340149294 104.372 20.899 28.569837264150944 848
stats: 200 242 1090
stats: size_rcv 2240510 10091340
stats: newphase 1 5
stats: size_sent 30093 135526
stats: connected 0 0
# stats: dump at 1615443758
stats: users 2 6
stats: {cpu,"tsung_controller@ip-172-31-36-55"} 1 0.6565656565656566 0.0 1.6 0.050075112669003496 0.5105943937221256 16
stats: {load,"tsung_controller@ip-172-31-36-55"} 1 0.0 0.0 0.0703125 0.0 0.025390625000000003 16
stats: {freemem,"tsung_controller@ip-172-31-36-55"} 1 688.34375 0.0 691.625 687.421875 689.829345703125 16
stats: session 300 32.30717333333334 8.113218700981472 106.397 22.687 31.026202925045688 1094
stats: users_count 302 1396
stats: finish_users_count 300 1394
stats: request 299 30.087635451505005 7.992351753147147 104.372 20.761 28.97692752293578 1090
stats: connect 301 1.3146644518272423 0.5504663836846825 13.377 0.936 1.3881100917431193 1090
stats: page 299 30.087635451505005 7.992351753147147 104.372 20.761 28.97692752293578 1090
stats: 200 299 1389
stats: size_rcv 2767353 12858693
stats: newphase 0 5
stats: size_sent 37389 172915
stats: connected 2 2
# stats: dump at 1615443768
stats: users 0 6
stats: {cpu,"tsung_controller@ip-172-31-36-55"} 1 1.3032581453634084 0.0 1.6 0.050075112669003496 0.5191809385952745 17
stats: {load,"tsung_controller@ip-172-31-36-55"} 1 0.0 0.0 0.0703125 0.0 0.023897058823529414 17
stats: {freemem,"tsung_controller@ip-172-31-36-55"} 1 686.4140625 0.0 691.625 686.4140625 689.7419577205883 17
stats: session 311 32.394774919614136 7.631493904617881 106.397 22.687 31.301878048780477 1394
stats: users_count 309 1705
stats: finish_users_count 311 1705
stats: request 315 30.416228571428586 7.591293260283665 104.372 20.761 29.216021598272135 1389
stats: connect 313 1.2458658146964845 0.3474671031120831 13.377 0.915 1.3722171099928109 1391
stats: page 315 30.416228571428586 7.591293260283665 104.372 20.761 29.216021598272135 1389
stats: 200 315 1704
stats: size_rcv 2915955 15774648
stats: newphase 0 5
stats: size_sent 38935 211850
stats: connected -2 0
# stats: dump at 1615443778
stats: users 1 12
stats: {cpu,"tsung_controller@ip-172-31-36-55"} 1 0.8076728924785461 0.0 1.6 0.050075112669003496 0.5627407834157263 18
stats: {load,"tsung_controller@ip-172-31-36-55"} 1 0.0 0.0 0.0703125 0.0 0.022569444444444448 18
stats: {freemem,"tsung_controller@ip-172-31-36-55"} 1 686.28515625 0.0 691.625 686.28515625 689.5570746527778 18
stats: session 501 41.69750299401199 17.646649242151877 133.138 22.391 31.501227565982393 1705
stats: users_count 502 2207
stats: finish_users_count 501 2206
stats: request 496 39.76284879032252 17.676560772539474 131.06 20.161 29.43789084507042 1704
stats: page 496 39.76284879032252 17.676560772539474 131.06 20.161 29.43789084507042 1704
stats: 200 496 2200
stats: connect 499 1.314505010020041 0.6793962555232312 13.377 0.915 1.349008215962441 1704
stats: size_rcv 4591055 20365703
stats: newphase 1 6
stats: size_sent 62030 273880
stats: connected 3 3
# stats: dump at 1615443788
stats: users 1 12
stats: {cpu,"tsung_controller@ip-172-31-36-55"} 1 2.0222446916076846 0.0 2.0222446916076846 0.050075112669003496 0.5756319470506116 19
stats: {load,"tsung_controller@ip-172-31-36-55"} 1 0.0 0.0 0.0703125 0.0 0.021381578947368425 19
stats: {freemem,"tsung_controller@ip-172-31-36-55"} 1 685.80859375 0.0 691.625 685.80859375 689.3848684210526 19
stats: session 609 42.557303776683156 16.449005988644185 135.373 22.391 33.81688213961922 2206
stats: users_count 609 2816
stats: finish_users_count 609 2815
stats: request 610 40.406649180327896 16.456601453865005 133.268 20.161 31.765699545454527 2200
stats: connect 608 1.2861595394736844 0.6246699780324416 13.377 0.915 1.341192918747163 2203
stats: page 610 40.406649180327896 16.456601453865005 133.268 20.161 31.765699545454527 2200
stats: 200 610 2810
stats: size_rcv 5646328 26012031
stats: newphase 0 6
stats: size_sent 75577 349457
stats: connected -2 1
# stats: dump at 1615443798
stats: users 4 12
stats: {cpu,"tsung_controller@ip-172-31-36-55"} 1 2.432843385707045 0.0 2.432843385707045 0.050075112669003496 0.6479625842784653 20
stats: {load,"tsung_controller@ip-172-31-36-55"} 1 0.0 0.0 0.0703125 0.0 0.020312500000000004 20
stats: {freemem,"tsung_controller@ip-172-31-36-55"} 1 686.28125 0.0 691.625 685.80859375 689.2060546875 20
stats: session 651 44.213980030721956 16.49955964439338 135.373 22.391 35.70779396092364 2815
stats: users_count 654 3470
stats: finish_users_count 651 3466
stats: connect 652 1.2775828220858896 0.6074549019181822 13.377 0.863 1.3292895766631092 2811
stats: 200 653 3463
stats: request 653 42.07399540581928 16.50240430155513 133.268 20.161 33.64149288256227 2810
stats: size_rcv 6044554 32056585
stats: page 653 42.07399540581928 16.50240430155513 133.268 20.161 33.64149288256227 2810
stats: newphase 0 6
stats: size_sent 81031 430488
stats: connected -1 0
# stats: dump at 1615443808
stats: users 72 80
stats: {cpu,"tsung_controller@ip-172-31-36-55"} 1 3.0010172939979656 0.0 3.0010172939979656 0.050075112669003496 0.7329569081560168 21
stats: {load,"tsung_controller@ip-172-31-36-55"} 1 0.0 0.0 0.0703125 0.0 0.0193452380952381 21
stats: {freemem,"tsung_controller@ip-172-31-36-55"} 1 685.92578125 0.0 691.625 685.80859375 689.0667782738095 21
stats: session 847 223.8164935064934 165.96488813022344 661.356 22.391 37.30546480092327 3466
stats: users_count 915 4385
stats: finish_users_count 847 4313
stats: request 840 217.03545714285696 162.69705085319376 595.581 20.161 35.23156627201847 3463
stats: page 840 217.03545714285696 162.69705085319376 595.581 20.161 35.23156627201847 3463
stats: connect 918 1.2598224400871465 0.6971306926805552 13.377 0.852 1.3195544325729136 3463
stats: 200 840 4303
stats: size_rcv 7775216 39831801
stats: newphase 1 7
stats: size_sent 114127 544615
stats: connected 78 78
# stats: dump at 1615443818
stats: users 193 197
stats: {cpu,"tsung_controller@ip-172-31-36-55"} 1 3.158984981874676 0.0 3.158984981874676 0.050075112669003496 0.8360505620579235 22
stats: {load,"tsung_controller@ip-172-31-36-55"} 1 0.0 0.0 0.0703125 0.0 0.018465909090909095 22
stats: {freemem,"tsung_controller@ip-172-31-36-55"} 1 682.7578125 0.0 691.625 682.7578125 688.9240056818181 22
stats: session 1103 1167.3263789664543 523.816526928448 1960.539 3.385 73.93306538372363 4313
stats: users_count 1224 5609
stats: finish_users_count 1103 5416
stats: request 1111 1160.1477641764166 523.5647125925466 1958.499 1.61 70.72198419707176 4303
stats: 200 1039 5342
stats: connect 1222 1.1940245499181676 0.4471579440121912 13.377 0.765 1.307038119150879 4381
stats: size_rcv 9639525 49471326
stats: newphase 0 7
stats: page 1111 1160.1477641764166 523.5647125925466 1958.499 1.61 70.72198419707176 4303
stats: 502 72 72
stats: size_sent 151922 696537
stats: connected 111 189
# stats: dump at 1615443828
stats: users 191 197
stats: {cpu,"tsung_controller@ip-172-31-36-55"} 1 4.254201680672269 0.0 4.254201680672269 0.050075112669003496 0.9370477107456084 23
stats: {load,"tsung_controller@ip-172-31-36-55"} 1 0.0 0.0 0.0703125 0.0 0.017663043478260875 23
stats: {freemem,"tsung_controller@ip-172-31-36-55"} 1 675.60546875 0.0 691.625 675.60546875 688.6559103260869 23
stats: session 1229 1549.8473799837275 723.0153911191504 2164.84 3.374 296.6089931683898 5416
stats: users_count 1227 6836
stats: finish_users_count 1229 6645
stats: connect 1233 1.200536090835363 0.4741722669260429 13.377 0.765 1.282390148134928 5603
stats: request 1230 1546.3917821138193 724.0008436272551 2162.677 1.561 294.2816520132986 5414
stats: page 1230 1546.3917821138193 724.0008436272551 2162.677 1.561 294.2816520132986 5414
stats: 200 1011 6353
stats: size_rcv 9425580 58896906
stats: newphase 0 7
stats: 502 219 291
stats: size_sent 153208 849745
stats: connected 3 192
# stats: dump at 1615443838
stats: users 192 200
stats: {cpu,"tsung_controller@ip-172-31-36-55"} 1 4.411764705882353 0.0 4.411764705882353 0.050075112669003496 1.0752624594925526 24
stats: {load,"tsung_controller@ip-172-31-36-55"} 1 0.0 0.0 0.0703125 0.0 0.01692708333333334 24
stats: {freemem,"tsung_controller@ip-172-31-36-55"} 1 674.4921875 0.0 691.625 674.4921875 688.1121419270834 24
stats: session 1837 1043.9743826891668 915.315859013622 2164.84 3.187 528.3968001504892 6645
stats: users_count 1838 8674
stats: finish_users_count 1837 8482
stats: request 1721 1059.060495061013 913.655649637225 2162.677 1.486 526.0840993377478 6644
stats: 200 986 7339
stats: size_rcv 9356916 68253822
stats: connect 1722 1.227082462253196 0.7140917805271738 13.377 0.75 1.2676262434172036 6836
stats: newphase 1 8
stats: 502 735 1026
stats: page 1721 1059.060495061013 913.655649637225 2162.677 1.486 526.0840993377478 6644
stats: size_sent 214041 1063786
stats: connected 1 193
# stats: dump at 1615443848
stats: users 194 200
stats: {cpu,"tsung_controller@ip-172-31-36-55"} 1 7.131452900478978 0.0 7.131452900478978 0.050075112669003496 1.2087225493481446 25
stats: {load,"tsung_controller@ip-172-31-36-55"} 1 0.1484375 0.0 0.1484375 0.0 0.016250000000000004 25
stats: {freemem,"tsung_controller@ip-172-31-36-55"} 1 672.90625 0.0 691.625 672.90625 687.56734375 25
stats: session 2466 786.6910283860483 907.2686217077328 2164.84 3.187 640.058674605046 8482
stats: users_count 2468 11142
stats: finish_users_count 2466 10948
stats: request 2461 787.699579439256 908.4769101803611 2162.677 1.401 635.737700896593 8365
stats: 200 1055 8394
stats: connect 2459 1.1750004066693773 0.4980615931276352 13.377 0.717 1.2594682168731022 8558
stats: size_rcv 10197047 78450869
stats: newphase 0 8
stats: page 2461 787.699579439256 908.4769101803611 2162.677 1.401 635.737700896593 8365
stats: 502 1407 2433
stats: size_sent 305547 1369333
stats: connected -2 191
# stats: dump at 1615443858
stats: users 193 203
stats: {cpu,"tsung_controller@ip-172-31-36-55"} 1 8.369565217391305 0.0 8.369565217391305 0.050075112669003496 1.4365198705454842 26
stats: {load,"tsung_controller@ip-172-31-36-55"} 1 0.28125 0.0 0.28125 0.0 0.02133413461538462 26
stats: {freemem,"tsung_controller@ip-172-31-36-55"} 1 673.12109375 0.0 691.625 672.90625 687.0034555288462 26
stats: session 2430 793.0375222222228 927.5058225358805 2164.84 3.187 673.0871167336495 10948
stats: users_count 2429 13571
stats: finish_users_count 2430 13378
stats: connect 2439 1.1497589175891756 0.41296850852061723 13.377 0.717 1.2406149587001913 11017
stats: request 2437 788.1320073861317 924.2201478520705 2162.677 1.401 670.2821478847228 10826
stats: page 2437 788.1320073861317 924.2201478520705 2162.677 1.401 670.2821478847228 10826
stats: 200 1023 9417
stats: size_rcv 9921176 88372045
stats: newphase 0 8
stats: 502 1413 3846
stats: size_sent 303191 1672524
stats: connected 2 193
# stats: dump at 1615443868
stats: users 195 205
stats: {cpu,"tsung_controller@ip-172-31-36-55"} 1 7.788671023965142 0.0 8.369565217391305 0.050075112669003496 1.6932993278360702 27
stats: {load,"tsung_controller@ip-172-31-36-55"} 1 0.23828125 0.0 0.28125 0.0 0.030960648148148154 27
stats: {freemem,"tsung_controller@ip-172-31-36-55"} 1 671.734375 0.0 691.625 671.734375 686.4892939814815 27
stats: session 3982 489.28954846810734 812.6590897260572 2164.84 2.952 694.8750884287634 13378
stats: users_count 3984 17555
stats: finish_users_count 3982 17360
stats: request 3892 498.83582631037973 820.4053177907446 2162.677 1.401 691.9363820402633 13263
stats: 200 1045 10462
stats: connect 3893 1.1075371179039375 0.4495034277863666 13.377 0.717 1.2241466260404288 13456
stats: page 3892 498.83582631037973 820.4053177907446 2162.677 1.401 691.9363820402633 13263
stats: size_rcv 10564589 98936634
stats: newphase 1 9
stats: 502 2847 6693
stats: size_sent 483854 2156378
stats: connected 1 194
# stats: dump at 1615443878
stats: users 194 207
stats: {cpu,"tsung_controller@ip-172-31-36-55"} 1 12.585034013605442 0.0 12.585034013605442 0.050075112669003496 1.9109911741263943 28
stats: {load,"tsung_controller@ip-172-31-36-55"} 1 0.359375 0.0 0.359375 0.0 0.038364955357142856 28
stats: {freemem,"tsung_controller@ip-172-31-36-55"} 1 671.68359375 0.0 691.625 671.68359375 685.9623325892857 28
stats: session 5027 386.3181121941536 753.9111361234696 2164.84 2.952 647.7183130760368 17360
stats: users_count 5026 22581
stats: finish_users_count 5027 22387
stats: request 5013 386.7832818671451 754.8798364576359 2162.677 1.387 648.1271507432242 17155
stats: page 5013 386.7832818671451 754.8798364576359 2162.677 1.387 648.1271507432242 17155
stats: connect 5012 1.1145015961691938 0.5014564623143403 13.377 0.717 1.1979802294080373 17349
stats: 200 1034 11496
stats: size_rcv 10818765 109755399
stats: newphase 0 9
stats: 502 3979 10672
stats: size_sent 622917 2779295
stats: connected -1 193
# stats: dump at 1615443888
stats: users 195 207
stats: {cpu,"tsung_controller@ip-172-31-36-55"} 1 17.36630247268545 0.0 17.36630247268545 0.050075112669003496 2.2790616168670508 29
stats: {load,"tsung_controller@ip-172-31-36-55"} 1 0.55078125 0.0 0.55078125 0.0 0.04943426724137931 29
stats: {freemem,"tsung_controller@ip-172-31-36-55"} 1 669.5390625 0.0 691.625 669.5390625 685.4699622844828 29
stats: session 5109 381.7907897827377 749.3461957033005 2164.84 2.952 589.020907892974 22387
stats: users_count 5110 27691
stats: finish_users_count 5109 27496
stats: connect 5110 1.1449816046966717 0.5272428870004157 13.377 0.717 1.179269308170477 22361
stats: page 5112 381.05129870891864 750.9168850507797 2162.677 1.387 589.0276914020213 22168
stats: 200 1039 12535
stats: size_rcv 10895434 120650833
stats: newphase 0 9
stats: 502 4073 14745
stats: size_sent 635405 3414700
stats: connected -2 191
stats: request 5112 381.05129870891864 750.9168850507797 2162.677 1.387 589.0276914020213 22168
# stats: dump at 1615443897
stats: users 0 207
stats: {cpu,"tsung_controller@ip-172-31-36-55"} 1 14.641203703703704 0.0 17.36630247268545 0.050075112669003496 2.781969645394331 30
stats: {load,"tsung_controller@ip-172-31-36-55"} 1 0.4609375 0.0 0.55078125 0.0 0.06614583333333333 30
stats: {freemem,"tsung_controller@ip-172-31-36-55"} 1 668.16796875 0.0 691.625 668.16796875 684.9389322916667 30
stats: session 2281 515.738241999123 826.3824256914021 2164.84 2.952 550.5157190136754 27496
stats: users_count 2086 29777
stats: finish_users_count 2281 29777
stats: connect 2306 1.1435264527320008 0.4548643721909107 13.377 0.714 1.1728913035564787 27471
stats: page 2497 498.78315498598397 818.5903211863889 2162.677 1.383 550.0549890762464 27280
stats: request 2497 498.78315498598397 818.5903211863889 2162.677 1.383 550.0549890762464 27280
stats: 200 672 13207
stats: size_rcv 6792945 127443778
stats: newphase 0 9
stats: 502 1825 16570
stats: size_sent 286744 3701444
stats: connected -191 0
EndMonitor:{1615,443897,724017}
