# stats: dump at 1614980849
stats: users 13 13
stats: {cpu,"tsung_controller@ip-172-31-55-94"} 1 0.7132796353444126 0 0.7132796353444126 0.7132796353444126 0 0
stats: {load,"tsung_controller@ip-172-31-55-94"} 1 0.01953125 0 0.01953125 0.01953125 0 0
stats: {freemem,"tsung_controller@ip-172-31-55-94"} 1 669.3984375 0 669.3984375 669.3984375 0 0
stats: session 1 6214.325 0 6214.325 6214.325 0 0
stats: users_count 14 14
stats: finish_users_count 1 1
stats: request 37 55.73183783783784 82.40962743138151 247.348 5.336 0 0
stats: connect 14 2.090142857142857 2.963792306612374 12.693 1.059 0 0
stats: page 20 103.21009999999998 159.78794676348403 385.979 7.991 0 0
stats: 302 12 12
stats: 200 25 25
stats: size_rcv 1614788 1614788
stats: newphase 1 1
stats: size_sent 17077 17077
stats: connected 13 13
# stats: dump at 1614980859
stats: users 48 51
stats: {cpu,"tsung_controller@ip-172-31-55-94"} 1 0.3003003003003003 0.0 0.7132796353444126 0.3003003003003003 0.7132796353444126 1
stats: {load,"tsung_controller@ip-172-31-55-94"} 1 0.01171875 0.0 0.01953125 0.01171875 0.01953125 1
stats: {freemem,"tsung_controller@ip-172-31-55-94"} 1 664.89453125 0.0 669.3984375 664.89453125 669.3984375 1
stats: session 19 7705.837789473684 1243.7993278701638 10154.391 5177.21 6214.325 1
stats: users_count 54 68
stats: finish_users_count 19 20
stats: request 192 155.72042187500003 251.52695532929084 1111.311 5.336 55.73183783783784 37
stats: connect 52 1.2531538461538463 0.37194320206468373 12.693 0.933 2.090142857142857 14
stats: page 90 329.5112777777779 504.99097881432016 1835.894 6.27 103.21009999999998 20
stats: 302 79 91
stats: 200 114 139
stats: size_rcv 7427405 9042193
stats: newphase 2 3
stats: size_sent 106567 123644
stats: connected 36 49
# stats: dump at 1614980869
stats: users 242 242
stats: {cpu,"tsung_controller@ip-172-31-55-94"} 1 1.4947683109118086 0.0 1.4947683109118086 0.3003003003003003 0.5067899678223564 2
stats: {load,"tsung_controller@ip-172-31-55-94"} 1 0.01171875 0.0 0.01953125 0.01171875 0.015625 2
stats: {freemem,"tsung_controller@ip-172-31-55-94"} 1 649.5078125 0.0 669.3984375 649.5078125 667.146484375 2
stats: session 7 12981.933857142856 3387.480089531847 17926.051 5177.21 7631.2621500000005 20
stats: users_count 201 269
stats: finish_users_count 7 27
stats: request 238 2104.1030420168067 1179.8370559221546 3908.264 5.336 139.5650611353712 229
stats: connect 193 1.2934922279792749 1.1452167345575162 16.663 0.902 1.4306969696969698 66
stats: page 111 2415.4494864864864 1626.037737805165 8542.868 6.27 288.3656090909092 110
stats: 302 79 170
stats: 200 158 297
stats: size_rcv 10958384 20000577
stats: newphase 2 5
stats: size_sent 174076 297720
stats: connected 184 233
# stats: dump at 1614980879
stats: users 240 283
stats: {cpu,"tsung_controller@ip-172-31-55-94"} 1 1.954887218045113 0.0 1.954887218045113 0.3003003003003003 0.8361160821855073 3
stats: {load,"tsung_controller@ip-172-31-55-94"} 1 0.01171875 0.0 0.01953125 0.01171875 0.014322916666666666 3
stats: {freemem,"tsung_controller@ip-172-31-55-94"} 1 618.6953125 0.0 669.3984375 618.6953125 661.2669270833334 3
stats: session 44 14644.174386363638 4835.398102621744 24062.008 5177.21 9018.473333333335 27
stats: users_count 42 311
stats: finish_users_count 44 71
stats: request 737 1873.3278032564438 2581.8115360716133 7242.493 0.562 1140.764289079229 467
stats: connect 52 1.2484615384615385 0.3653617523211366 16.663 0.902 1.3284555984555986 259
stats: page 299 3450.6404046822745 4099.181789418499 17348.107 1.659 1356.7199547511311 221
stats: 302 84 254
stats: 200 182 479
stats: size_rcv 10834626 30835203
stats: newphase 0 5
stats: 502 471 471
stats: size_sent 417053 714773
stats: connected 10 243
# stats: dump at 1614980889
stats: users 195 283
stats: {cpu,"tsung_controller@ip-172-31-55-94"} 1 1.6040100250626566 0.0 1.954887218045113 0.3003003003003003 1.1158088661504086 4
stats: {load,"tsung_controller@ip-172-31-55-94"} 1 0.01171875 0.0 0.01953125 0.01171875 0.013671875 4
stats: {freemem,"tsung_controller@ip-172-31-55-94"} 1 595.80859375 0.0 669.3984375 595.80859375 650.6240234375 4
stats: session 45 17105.19153333333 4876.831862475367 29485.472 5177.21 12504.823281690142 71
stats: users_count 0 311
stats: finish_users_count 45 116
stats: connect 0 0 0 16.663 0.902 1.3150803858520903 311
stats: 302 71 325
stats: request 347 3817.0849365994245 5124.966133789646 13881.528 0.562 1589.185642857142 1204
stats: 200 54 533
stats: size_rcv 6473854 37309057
stats: newphase 0 5
stats: 502 219 690
stats: page 83 5721.634253012048 7104.623835712687 22804.007 1.659 2560.7242134615385 520
stats: size_sent 222354 937127
stats: connected -47 196
stats: 500 3 3
# stats: dump at 1614980899
stats: users 179 283
stats: {cpu,"tsung_controller@ip-172-31-55-94"} 1 0.751503006012024 0.0 1.954887218045113 0.3003003003003003 1.2134490979328583 5
stats: {load,"tsung_controller@ip-172-31-55-94"} 1 0.0 0.0 0.01953125 0.0 0.01328125 5
stats: {freemem,"tsung_controller@ip-172-31-55-94"} 1 591.39453125 0.0 669.3984375 591.39453125 639.6609375 5
stats: session 16 32729.001812500002 3373.5656475962155 43455.708 5177.21 14289.448896551725 116
stats: users_count 0 311
stats: finish_users_count 16 132
stats: request 275 9916.40459272727 3571.1925389104294 15235.715 0.562 2087.626039329464 1551
stats: connect 0 0 0 16.663 0.902 1.3150803858520903 311
stats: page 43 26074.301674418606 5884.0016448778215 32641.537 1.659 2995.8080165837478 603
stats: 302 102 427
stats: 200 166 699
stats: size_rcv 23921675 61230732
stats: newphase 0 5
stats: 502 7 697
stats: size_sent 171287 1108414
stats: connected -13 183
stats: 500 1 4
# stats: dump at 1614980906
stats: users 0 283
stats: {cpu,"tsung_controller@ip-172-31-55-94"} 1 2.3964053919121318 0.0 2.3964053919121318 0.3003003003003003 1.1364580826127193 6
stats: {load,"tsung_controller@ip-172-31-55-94"} 1 0.0 0.0 0.01953125 0.0 0.011067708333333334 6
stats: {freemem,"tsung_controller@ip-172-31-55-94"} 1 587.8828125 0.0 669.3984375 587.8828125 631.6165364583334 6
stats: session 179 37049.63968156425 3559.053608760478 44140.036 5177.21 16524.54621969697 132
stats: users_count 0 311
stats: finish_users_count 179 311
stats: request 662 1057.7052643504512 1807.1038580367895 15235.715 0.562 3266.6589539978086 1826
stats: connect 0 0 0 16.663 0.902 1.3150803858520903 311
stats: 302 445 872
stats: 200 216 915
stats: size_rcv 2910810 64141542
stats: newphase 0 5
stats: 502 0 697
stats: size_sent 360810 1469224
stats: connected -183 0
stats: 500 0 4
stats: page 287 13023.14753658536 12418.137059022345 32641.537 1.659 4531.992578947369 646
EndMonitor:{1614,980906,283631}
