# stats: dump at 1615331755
stats: users 3 5
stats: {load,"tsung_controller@ip-172-31-32-66"} 1 0.19140625 0 0.19140625 0.19140625 0 0
stats: {freemem,"tsung_controller@ip-172-31-32-66"} 1 691.0 0 691.0 691.0 0 0
stats: {cpu,"tsung_controller@ip-172-31-32-66"} 1 15.650440976933513 0 15.650440976933513 15.650440976933513 0 0
stats: session 3 6231.777666666666 942.7079891399156 7469.479 5183.836 0 0
stats: users_count 6 6
stats: finish_users_count 3 3
stats: connect 6 5.334500000000001 9.854865545336814 27.37 0.805 0 0
stats: request 32 63.97028124999998 94.15811846444599 280.672 5.475 0 0
stats: page 18 113.82572222222221 104.93240044683029 280.672 6.67 0 0
stats: 302 14 14
stats: 200 18 18
stats: size_rcv 56588 56588
stats: size_sent 18704 18704
stats: connected 4 4
# stats: dump at 1615331765
stats: users 8 8
stats: {load,"tsung_controller@ip-172-31-32-66"} 1 0.16015625 0.0 0.19140625 0.16015625 0.19140625 1
stats: {freemem,"tsung_controller@ip-172-31-32-66"} 1 691.515625 0.0 691.515625 691.0 691.0 1
stats: {cpu,"tsung_controller@ip-172-31-32-66"} 1 0.15030060120240482 0.0 15.650440976933513 0.15030060120240482 15.650440976933513 1
stats: session 9 6182.605888888889 1068.9625498488858 7773.476 4288.287 6231.777666666666 3
stats: users_count 14 20
stats: finish_users_count 9 12
stats: request 85 43.12863529411767 83.34210614256608 280.672 4.291 63.97028124999998 32
stats: connect 13 1.0752307692307692 0.47861163858781786 27.37 0.805 5.334500000000001 6
stats: page 42 87.4087142857143 102.58091992278135 280.672 6.334 113.82572222222221 18
stats: 302 38 52
stats: 200 47 65
stats: size_rcv 129306 185894
stats: size_sent 51901 70605
stats: connected 4 8
# stats: dump at 1615331775
stats: users 4 12
stats: {load,"tsung_controller@ip-172-31-32-66"} 1 0.140625 0.0 0.19140625 0.140625 0.17578125 2
stats: {freemem,"tsung_controller@ip-172-31-32-66"} 1 691.35546875 0.0 691.515625 691.0 691.2578125 2
stats: {cpu,"tsung_controller@ip-172-31-32-66"} 1 0.20020020020020018 0.0 15.650440976933513 0.15030060120240482 7.900370789067959 2
stats: session 14 6022.617071428571 1120.1198225866901 8052.712 4288.287 6194.898833333333 12
stats: users_count 10 30
stats: finish_users_count 14 26
stats: request 131 30.08471755725192 68.53452368549802 280.672 4.291 48.82891452991454 117
stats: connect 11 0.9631818181818184 0.20588868050558431 27.37 0.773 2.420263157894737 19
stats: page 54 73.16414814814819 92.73611283445476 280.672 6.18 95.33381666666668 60
stats: 302 58 110
stats: 200 73 138
stats: size_rcv 227939 413833
stats: size_sent 83273 153878
stats: connected -4 4
# stats: dump at 1615331785
stats: users 10 12
stats: {load,"tsung_controller@ip-172-31-32-66"} 1 0.109375 0.0 0.19140625 0.109375 0.1640625 3
stats: {freemem,"tsung_controller@ip-172-31-32-66"} 1 691.109375 0.0 691.515625 691.0 691.2903645833334 3
stats: {cpu,"tsung_controller@ip-172-31-32-66"} 1 0.4995004995004995 0.0 15.650440976933513 0.15030060120240482 5.333647259445374 3
stats: session 4 5804.88225 623.8320428221743 8052.712 4288.287 6102.131730769231 26
stats: users_count 10 40
stats: finish_users_count 4 30
stats: request 40 61.37087500000001 100.24825674025148 280.672 4.163 38.92774596774194 248
stats: connect 9 0.974 0.2715085429390554 27.37 0.773 1.8860000000000003 30
stats: page 24 102.38162500000003 112.63233082830928 280.672 6.18 84.83239473684212 114
stats: 302 19 129
stats: 200 21 159
stats: size_rcv 46279 460112
stats: newphase 1 1
stats: size_sent 22608 176486
stats: connected 5 9
# stats: dump at 1615331795
stats: users 13 15
stats: {load,"tsung_controller@ip-172-31-32-66"} 1 0.1015625 0.0 0.19140625 0.1015625 0.150390625 4
stats: {freemem,"tsung_controller@ip-172-31-32-66"} 1 691.0703125 0.0 691.515625 691.0 691.2451171875 4
stats: {cpu,"tsung_controller@ip-172-31-32-66"} 1 0.25 0.0 15.650440976933513 0.15030060120240482 4.125110569459155 4
stats: session 20 5833.023299999999 947.1452898935889 8052.712 4173.541 6062.498466666667 30
stats: users_count 23 63
stats: finish_users_count 20 50
stats: request 184 38.27625543478263 78.62341445968168 280.672 4.163 42.04484722222223 288
stats: connect 23 1.0142173913043475 0.5470286501138387 27.37 0.773 1.675538461538462 39
stats: page 86 82.02726744186059 99.61762676895913 280.672 5.995 87.88443478260872 138
stats: 302 81 210
stats: 200 103 262
stats: size_rcv 317178 777290
stats: newphase 0 1
stats: size_sent 113930 290416
stats: connected 5 14
# stats: dump at 1615331805
stats: users 15 18
stats: {load,"tsung_controller@ip-172-31-32-66"} 1 0.078125 0.0 0.19140625 0.078125 0.140625 5
stats: {freemem,"tsung_controller@ip-172-31-32-66"} 1 687.03515625 0.0 691.515625 687.03515625 691.21015625 5
stats: {cpu,"tsung_controller@ip-172-31-32-66"} 1 0.750375187593797 0.0 15.650440976933513 0.15030060120240482 3.350088455567324 5
stats: session 22 5912.178318181818 977.1268283870171 8052.712 3932.539 5970.7083999999995 50
stats: users_count 24 87
stats: finish_users_count 22 72
stats: 302 101 311
stats: request 230 35.68018260869567 75.58392562012946 280.672 4.136 40.57573516949154 472
stats: connect 25 0.9021199999999997 0.20786597990051187 27.37 0.71 1.430209677419355 62
stats: page 102 80.59323529411762 98.51142256175531 280.672 4.792 85.6357008928572 224
stats: 200 129 391
stats: size_rcv 400290 1177580
stats: newphase 0 1
stats: size_sent 144337 434753
stats: connected 1 15
# stats: dump at 1615331815
stats: users 19 20
stats: {load,"tsung_controller@ip-172-31-32-66"} 1 0.0703125 0.0 0.19140625 0.0703125 0.13020833333333334 6
stats: {freemem,"tsung_controller@ip-172-31-32-66"} 1 686.15625 0.0 691.515625 686.15625 690.5143229166666 6
stats: {cpu,"tsung_controller@ip-172-31-32-66"} 1 0.5505505505505506 0.0 15.650440976933513 0.15030060120240482 2.9168029109050693 6
stats: session 23 5900.596304347825 1004.3188478176093 8052.712 3932.539 5952.824208333333 72
stats: users_count 27 114
stats: finish_users_count 23 95
stats: request 211 39.1926587677726 80.18847208699384 280.672 4.136 38.971779202279215 702
stats: connect 27 1.1105185185185187 0.6174707892548363 27.37 0.71 1.2784597701149425 87
stats: page 99 83.66210101010098 101.41247685102906 280.672 4.792 84.05799693251535 326
stats: 302 94 405
stats: 200 117 508
stats: size_rcv 345189 1522769
stats: newphase 1 2
stats: size_sent 130160 564913
stats: connected 5 20
# stats: dump at 1615331825
stats: users 24 28
stats: {load,"tsung_controller@ip-172-31-32-66"} 1 0.140625 0.0 0.19140625 0.0703125 0.12165178571428571 7
stats: {freemem,"tsung_controller@ip-172-31-32-66"} 1 683.16796875 0.0 691.515625 683.16796875 689.8917410714286 7
stats: {cpu,"tsung_controller@ip-172-31-32-66"} 1 1.0473815461346634 0.0 15.650440976933513 0.15030060120240482 2.578766859425852 7
stats: session 33 5833.490212121211 1097.9151449908265 8052.712 3439.737 5940.179557894737 95
stats: users_count 38 152
stats: finish_users_count 33 128
stats: request 310 39.613980645161284 80.77883181186733 280.672 4.136 39.022825848849976 913
stats: connect 38 0.9024736842105264 0.12955343072548245 27.37 0.648 1.2386842105263158 114
stats: 302 136 541
stats: page 142 86.61639436619717 103.6726742335987 285.64 4.792 83.96577647058824 425
stats: 200 174 682
stats: size_rcv 526230 2048999
stats: newphase 0 2
stats: size_sent 193765 758678
stats: connected 6 26
# stats: dump at 1615331835
stats: users 21 29
stats: {load,"tsung_controller@ip-172-31-32-66"} 1 0.12109375 0.0 0.19140625 0.0703125 0.1240234375 8
stats: {freemem,"tsung_controller@ip-172-31-32-66"} 1 684.25 0.0 691.515625 683.16796875 689.05126953125 8
stats: {cpu,"tsung_controller@ip-172-31-32-66"} 1 0.9004502251125562 0.0 15.650440976933513 0.15030060120240482 2.3873436952644536 8
stats: session 47 5727.6595744680835 1043.1897144748082 8052.712 3439.737 5912.673710937499 128
stats: users_count 44 196
stats: finish_users_count 47 175
stats: request 401 35.438162094763065 76.20909407107084 280.672 4.136 39.17266884709733 1223
stats: connect 42 0.9272380952380951 0.25273012234244857 27.37 0.648 1.1546315789473685 152
stats: page 174 81.82220689655172 100.5603192852444 285.64 4.792 84.62959964726632 567
stats: 302 179 720
stats: 200 222 904
stats: size_rcv 650731 2699730
stats: newphase 0 2
stats: size_sent 252997 1011675
stats: connected -5 21
# stats: dump at 1615331845
stats: users 46 52
stats: {load,"tsung_controller@ip-172-31-32-66"} 1 0.1015625 0.0 0.19140625 0.0703125 0.12369791666666667 9
stats: {freemem,"tsung_controller@ip-172-31-32-66"} 1 683.75390625 0.0 691.515625 683.16796875 688.5177951388889 9
stats: {cpu,"tsung_controller@ip-172-31-32-66"} 1 1.3439522150323544 0.0 15.650440976933513 0.15030060120240482 2.222133309692021 9
stats: session 41 5683.554 978.2499507648912 8052.712 3439.737 5862.984199999999 175
stats: users_count 66 262
stats: finish_users_count 41 216
stats: request 427 60.2805199063232 103.39187876435412 617.114 4.081 38.25054002463055 1624
stats: connect 65 1.0434153846153842 1.037677271488257 27.37 0.648 1.1054020618556701 194
stats: page 218 118.19220183486244 128.23863618558593 643.554 4.792 83.97037381916329 741
stats: 302 190 910
stats: 200 237 1141
stats: size_rcv 717611 3417341
stats: newphase 1 3
stats: size_sent 257162 1268837
stats: connected 28 49
# stats: dump at 1615331855
stats: users 60 74
stats: {load,"tsung_controller@ip-172-31-32-66"} 1 0.078125 0.0 0.19140625 0.0703125 0.121484375 10
stats: {freemem,"tsung_controller@ip-172-31-32-66"} 1 674.44921875 0.0 691.515625 674.44921875 688.04140625 10
stats: {cpu,"tsung_controller@ip-172-31-32-66"} 1 1.0494752623688157 0.0 15.650440976933513 0.15030060120240482 2.134315200226054 10
stats: session 83 6157.743373493975 1077.5246069989798 8854.234 3439.737 5828.925689814814 216
stats: users_count 97 359
stats: finish_users_count 83 299
stats: request 793 94.2072976040352 161.7356253505255 1086.213 3.892 42.83698634812287 2051
stats: connect 97 0.8829381443298968 0.1612442480030908 27.37 0.602 1.0898455598455599 259
stats: page 363 205.90244352617083 248.5929136348619 1457.298 4.792 91.74968404588112 959
stats: 302 351 1261
stats: 200 442 1583
stats: size_rcv 1312216 4729557
stats: newphase 0 3
stats: size_sent 494324 1763161
stats: connected 12 61
# stats: dump at 1615331865
stats: users 49 74
stats: {load,"tsung_controller@ip-172-31-32-66"} 1 0.0703125 0.0 0.19140625 0.0703125 0.11754261363636363 11
stats: {freemem,"tsung_controller@ip-172-31-32-66"} 1 668.13671875 0.0 691.515625 668.13671875 686.8057528409091 11
stats: {cpu,"tsung_controller@ip-172-31-32-66"} 1 2.5883524141363865 0.0 15.650440976933513 0.15030060120240482 2.0356933876935774 11
stats: session 86 6144.219372093026 1107.7174546453734 8854.234 3439.737 5920.202839464882 299
stats: users_count 75 434
stats: finish_users_count 86 385
stats: request 767 44.15627118644068 89.69126190981311 1086.213 3.892 57.16070534458506 2844
stats: 302 341 1602
stats: 200 426 2009
stats: connect 76 0.9368026315789472 0.32612784140646933 27.37 0.602 1.0334691011235955 356
stats: size_rcv 1268478 5998035
stats: newphase 0 3
stats: size_sent 486074 2249235
stats: page 326 104.10541104294477 126.24202181685673 1457.298 4.792 123.09420121028745 1322
stats: connected -14 47
# stats: dump at 1615331875
stats: users 127 127
stats: {load,"tsung_controller@ip-172-31-32-66"} 1 0.05859375 0.0 0.19140625 0.05859375 0.11360677083333333 12
stats: {freemem,"tsung_controller@ip-172-31-32-66"} 1 674.6875 0.0 691.515625 668.13671875 685.25 12
stats: {cpu,"tsung_controller@ip-172-31-32-66"} 1 2.78468423669816 0.0 15.650440976933513 0.15030060120240482 2.0817483065638114 12
stats: session 54 6643.619500000001 1298.2303031546835 9980.071 3439.737 5970.242896103897 385
stats: users_count 132 566
stats: finish_users_count 54 439
stats: connect 131 0.9821679389312974 0.7105717851651945 27.37 0.602 1.016462962962963 432
stats: page 357 451.39498039215687 531.0887413570657 3006.717 4.792 119.33792354368933 1648
stats: 302 294 1896
stats: request 683 266.96013469985337 313.5400419137174 1431.822 3.892 54.39847853780113 3611
stats: 200 390 2399
stats: size_rcv 1161931 7159966
stats: newphase 1 4
stats: size_sent 429382 2678617
stats: connected 77 124
# stats: dump at 1615331885
stats: users 198 199
stats: {load,"tsung_controller@ip-172-31-32-66"} 1 0.05078125 0.0 0.19140625 0.05078125 0.109375 13
stats: {freemem,"tsung_controller@ip-172-31-32-66"} 1 659.05078125 0.0 691.515625 659.05078125 684.4375 13
stats: {cpu,"tsung_controller@ip-172-31-32-66"} 1 3.1358885017421603 0.0 15.650440976933513 0.15030060120240482 2.1358203011895305 13
stats: session 78 11255.664243589747 1721.4549569166709 14410.414 3439.737 6053.072820045559 439
stats: users_count 149 715
stats: finish_users_count 78 517
stats: connect 149 0.9816442953020131 0.450217547322537 27.37 0.602 1.0084831261101244 563
stats: 302 405 2301
stats: request 986 909.7015841784992 482.24173633341115 2252.866 3.892 88.20835537959938 4294
stats: page 456 1733.4146535087723 1193.929502009336 5670.488 4.792 178.46229725685785 2005
stats: 200 581 2980
stats: size_rcv 1809046 8969012
stats: newphase 0 4
stats: size_sent 650064 3328681
stats: connected 72 196
# stats: dump at 1615331895
stats: users 249 255
stats: {load,"tsung_controller@ip-172-31-32-66"} 1 0.0390625 0.0 0.19140625 0.0390625 0.10518973214285714 14
stats: {freemem,"tsung_controller@ip-172-31-32-66"} 1 627.625 0.0 691.515625 627.625 682.6241629464286 14
stats: {cpu,"tsung_controller@ip-172-31-32-66"} 1 4.129353233830846 0.0 15.650440976933513 0.15030060120240482 2.2072537440861466 14
stats: session 79 15706.222607594935 1979.0733639284522 19712.67 3439.737 6837.989901353966 517
stats: users_count 130 845
stats: finish_users_count 79 596
stats: connect 130 1.0767615384615377 1.748887843542272 27.37 0.557 1.0028665730337079 712
stats: page 450 3160.2656244444433 1936.364015147838 8682.094 4.792 466.5802470540431 2461
stats: 302 400 2701
stats: request 956 1651.9762144351444 514.8260576476872 3370.706 3.892 241.61599242424242 5280
stats: 200 555 3535
stats: size_rcv 1764755 10733767
stats: newphase 0 4
stats: size_sent 617410 3946091
stats: connected 51 247
# stats: dump at 1615331905
stats: users 384 384
stats: {load,"tsung_controller@ip-172-31-32-66"} 1 0.03125 0.0 0.19140625 0.03125 0.10078125 15
stats: {freemem,"tsung_controller@ip-172-31-32-66"} 1 609.54296875 0.0 691.515625 609.54296875 678.9575520833333 15
stats: {cpu,"tsung_controller@ip-172-31-32-66"} 1 3.4413965087281797 0.0 15.650440976933513 0.15030060120240482 2.3353937100691264 15
stats: session 122 17962.946631147537 3605.5563514108817 23742.041 3368.49 8013.477122483222 596
stats: users_count 257 1102
stats: finish_users_count 122 718
stats: request 1307 1496.2354667176712 1005.257806292975 3733.987 0.268 457.82900914047434 6236
stats: 302 411 3112
stats: 200 561 4096
stats: size_rcv 1702655 12436422
stats: newphase 1 5
stats: 502 335 335
stats: page 661 2813.6574841149754 2484.0124995329884 8835.019 0.277 882.9864373067672 2911
stats: size_sent 782017 4728108
stats: connected 130 377
stats: connect 249 0.9738473895582328 0.524182255471336 27.37 0.557 1.014275534441805 842
# stats: dump at 1615331915
stats: users 451 454
stats: {load,"tsung_controller@ip-172-31-32-66"} 1 0.1015625 0.0 0.19140625 0.03125 0.096435546875 16
stats: {freemem,"tsung_controller@ip-172-31-32-66"} 1 598.453125 0.0 691.515625 598.453125 674.619140625 16
stats: {cpu,"tsung_controller@ip-172-31-32-66"} 1 5.124378109452736 0.0 15.650440976933513 0.15030060120240482 2.4045188849853174 16
stats: session 229 15017.592694323144 7329.272027499849 29055.367 3368.49 9704.055506963789 718
stats: users_count 296 1398
stats: finish_users_count 229 947
stats: request 2483 1061.5686198147414 1648.954027850268 5362.846 0.261 637.7570536921642 7543
stats: 302 322 3434
stats: connect 307 0.9752475570032579 0.5281194748897975 27.37 0.557 1.0050485792850594 1091
stats: 200 445 4541
stats: size_rcv 2001919 14438341
stats: page 1190 2132.021663025208 3182.4689178972467 14231.558 0.269 1240.2578712206043 3572
stats: newphase 0 5
stats: 502 1716 2051
stats: size_sent 1175592 5903700
stats: connected 74 451
# stats: dump at 1615331925
stats: users 442 457
stats: {load,"tsung_controller@ip-172-31-32-66"} 1 0.08984375 0.0 0.19140625 0.03125 0.09673713235294118 17
stats: {freemem,"tsung_controller@ip-172-31-32-66"} 1 581.2109375 0.0 691.515625 581.2109375 670.1387867647059 17
stats: {cpu,"tsung_controller@ip-172-31-32-66"} 1 6.5638985579313776 0.0 15.650440976933513 0.15030060120240482 2.564510604071636 17
stats: session 355 14194.234830985908 6402.162525339935 31987.312 3368.49 10988.955206969376 947
stats: users_count 346 1744
stats: finish_users_count 355 1302
stats: request 3121 829.9528894585088 1143.5454999570854 5362.846 0.254 742.7165708158785 10026
stats: connect 338 0.9384349112426031 0.5735383301730188 27.37 0.557 0.9985042918454936 1398
stats: page 1369 1981.5911146822523 2838.0027030526867 14231.558 0.254 1463.1051858462822 4762
stats: 302 476 3910
stats: 200 695 5236
stats: size_rcv 2765423 17203764
stats: newphase 0 5
stats: 502 1950 4001
stats: size_sent 1530468 7434168
stats: connected -9 442
# stats: dump at 1615331935
stats: users 613 614
stats: {load,"tsung_controller@ip-172-31-32-66"} 1 0.0703125 0.0 0.19140625 0.03125 0.09635416666666667 18
stats: {freemem,"tsung_controller@ip-172-31-32-66"} 1 574.1796875 0.0 691.515625 574.1796875 665.1983506944445 18
stats: {cpu,"tsung_controller@ip-172-31-32-66"} 1 9.077454366058214 0.0 15.650440976933513 0.15030060120240482 2.786698823730511 18
stats: session 415 12027.463493975903 6208.870084370779 33134.332 3285.495 11862.898576036865 1302
stats: users_count 586 2330
stats: finish_users_count 415 1717
stats: connect 588 0.910229591836734 0.9323443843500563 27.37 0.557 0.9868087557603686 1736
stats: page 2007 1242.8267080219243 2275.3753658361557 14231.558 0.254 1578.8786708530417 6131
stats: 302 402 4312
stats: request 4054 592.1643739516531 1134.8265595345986 5362.846 0.254 763.4258239142013 13147
stats: 200 570 5806
stats: size_rcv 2621713 19825477
stats: newphase 1 6
stats: 502 3082 7083
stats: size_sent 1689739 9123907
stats: connected 171 613
# stats: dump at 1615331945
stats: users 589 685
stats: {load,"tsung_controller@ip-172-31-32-66"} 1 0.140625 0.0 0.19140625 0.03125 0.09498355263157894 19
stats: {freemem,"tsung_controller@ip-172-31-32-66"} 1 580.61328125 0.0 691.515625 574.1796875 660.4078947368421 19
stats: {cpu,"tsung_controller@ip-172-31-32-66"} 1 11.485148514851486 0.0 15.650440976933513 0.15030060120240482 3.1177912206951266 19
stats: session 668 9643.816131736537 4916.071205556177 33134.332 3227.398 11902.674022131623 1717
stats: users_count 644 2974
stats: finish_users_count 668 2385
stats: connect 646 0.9120309597523212 0.5436638823741651 27.37 0.557 0.9674333046471599 2324
stats: page 2702 1048.2770488527015 2100.250466080908 14231.558 0.254 1496.0012698451708 8138
stats: request 6172 448.6112362281277 1041.094367867545 5362.846 0.249 723.0622451601654 17201
stats: 302 413 4725
stats: 200 726 6532
stats: size_rcv 4089679 23915156
stats: newphase 0 6
stats: 502 5033 12116
stats: size_sent 2335435 11459342
stats: connected -25 588
# stats: dump at 1615331955
stats: users 619 685
stats: {load,"tsung_controller@ip-172-31-32-66"} 1 0.19921875 0.0 0.19921875 0.03125 0.097265625 20
stats: {freemem,"tsung_controller@ip-172-31-32-66"} 1 581.0078125 0.0 691.515625 574.1796875 656.4181640625 20
stats: {cpu,"tsung_controller@ip-172-31-32-66"} 1 14.057826520438685 0.0 15.650440976933513 0.15030060120240482 3.5361590854029443 20
stats: session 639 9527.279086071998 3993.551376287363 33134.332 3227.398 11270.004390775683 2385
stats: users_count 669 3643
stats: finish_users_count 639 3024
stats: request 5753 428.20952981053273 899.3924641693483 5362.846 0.249 650.589236683353 23373
stats: connect 669 0.8836218236173399 0.5383962362487679 27.37 0.557 0.9553828282828281 2970
stats: page 2589 920.565359212052 1701.5837117128406 14231.558 0.254 1384.4006383763838 10840
stats: 302 428 5153
stats: 200 760 7292
stats: size_rcv 3857343 27772499
stats: newphase 0 6
stats: 502 4565 16681
stats: size_sent 2365505 13824847
stats: connected 32 620
# stats: dump at 1615331965
stats: users 931 936
stats: {load,"tsung_controller@ip-172-31-32-66"} 1 0.171875 0.0 0.19921875 0.03125 0.10212053571428571 21
stats: {freemem,"tsung_controller@ip-172-31-32-66"} 1 579.55078125 0.0 691.515625 574.1796875 652.8271949404761 21
stats: {cpu,"tsung_controller@ip-172-31-32-66"} 1 13.509471585244267 0.0 15.650440976933513 0.15030060120240482 4.037190868023694 21
stats: session 757 9082.481298546907 3854.287887646469 33134.332 3227.398 10901.74993650794 3024
stats: users_count 1069 4712
stats: finish_users_count 757 3781
stats: request 7662 315.8673183241961 796.7617517895785 5362.846 0.247 606.6645489940261 29126
stats: 302 409 5562
stats: connect 1348 0.9302032640949541 1.0483714827318458 27.37 0.541 0.9421901621324539 3639
stats: page 3721 686.07591883902 1516.426554702483 14231.558 0.254 1294.9770373817857 13429
stats: error_send_einval 1 1
stats: 200 736 8028
stats: size_rcv 4407746 32180245
stats: newphase 1 7
stats: 502 6517 23198
stats: size_sent 2847615 16672462
stats: connected 176 796
# stats: dump at 1615331975
stats: users 943 975
stats: {load,"tsung_controller@ip-172-31-32-66"} 1 0.140625 0.0 0.19921875 0.03125 0.10529119318181818 22
stats: {freemem,"tsung_controller@ip-172-31-32-66"} 1 570.89453125 0.0 691.515625 570.89453125 649.4964488636364 22
stats: {cpu,"tsung_controller@ip-172-31-32-66"} 1 19.377510040160644 0.0 19.377510040160644 0.15030060120240482 4.467749082442811 22
stats: session 1207 7708.474718309862 2922.87712687724 33134.332 3181.269 10537.511280349117 3781
stats: users_count 1219 5931
stats: finish_users_count 1207 4988
stats: request 11048 248.37241917088946 762.5975964191957 5362.846 0.247 546.098919403066 36788
stats: connect 2269 0.8525226972234466 0.6719276310224672 27.37 0.389 0.938950070182474 4987
stats: page 4917 552.5113396379926 1312.4729487453785 14231.558 0.254 1162.8650220991249 17150
stats: 302 421 5983
stats: error_send_einval 1 2
stats: 200 777 8805
stats: size_rcv 5601658 37781903
stats: newphase 0 7
stats: 502 9848 33046
stats: size_sent 3711554 20384016
stats: connected 73 869
stats: error_connection_closed 1 1
# stats: dump at 1615331985
stats: users 951 985
stats: {load,"tsung_controller@ip-172-31-32-66"} 1 0.3515625 0.0 0.3515625 0.03125 0.10682744565217392 23
stats: {freemem,"tsung_controller@ip-172-31-32-66"} 1 548.9140625 0.0 691.515625 548.9140625 646.0789741847826 23
stats: {cpu,"tsung_controller@ip-172-31-32-66"} 1 27.61998041136141 0.0 27.61998041136141 0.15030060120240482 5.115999558865326 23
stats: session 1261 7629.357969865189 2764.8933984672917 33134.332 3058.509 9852.938880513237 4988
stats: users_count 1269 7200
stats: finish_users_count 1261 6249
stats: connect 2241 0.8375997322623826 0.599535014662417 27.37 0.389 0.9119236493936052 7256
stats: page 5046 499.87487039238766 1172.0222738039622 14231.558 0.252 1026.8651554810351 22067
stats: request 11332 222.9450393575712 663.9820548233699 5362.846 0.247 477.3372676227105 47836
stats: 302 447 6430
stats: error_send_einval 1 3
stats: 200 807 9612
stats: size_rcv 5673143 43455046
stats: newphase 0 7
stats: 502 10075 43121
stats: size_sent 3807762 24191778
stats: connected -20 849
stats: error_connection_closed 0 1
# stats: dump at 1615331995
stats: users 71 985
stats: {load,"tsung_controller@ip-172-31-32-66"} 1 0.2890625 0.0 0.3515625 0.03125 0.11702473958333333 24
stats: {freemem,"tsung_controller@ip-172-31-32-66"} 1 554.3359375 0.0 691.515625 548.9140625 642.0304361979166 24
stats: {cpu,"tsung_controller@ip-172-31-32-66"} 1 28.38836865450961 0.0 28.38836865450961 0.15030060120240482 6.05366542771933 24
stats: session 1156 8208.811232698961 2648.904220523577 33134.332 3058.509 9404.237403744604 6249
stats: users_count 276 7476
stats: finish_users_count 1156 7405
stats: request 7707 314.478106267031 658.7534779746966 5362.846 0.247 428.61544618712776 59168
stats: page 2686 970.0602736411003 1436.7649016553057 14231.558 0.252 928.7870018810163 27113
stats: 302 1199 7629
stats: connect 571 0.785008756567425 0.5237541417250184 27.37 0.389 0.8943854901547854 9497
stats: error_send_einval 0 3
stats: 200 1518 11130
stats: size_rcv 5780516 49235562
stats: newphase 0 7
stats: 502 4990 48111
stats: size_sent 3130965 27322743
stats: connected -751 98
stats: error_connection_closed 0 1
# stats: dump at 1615332002
stats: users 0 985
stats: {load,"tsung_controller@ip-172-31-32-66"} 1 0.25 0.0 0.3515625 0.03125 0.12390625 25
stats: {freemem,"tsung_controller@ip-172-31-32-66"} 1 665.7578125 0.0 691.515625 548.9140625 638.52265625 25
stats: {cpu,"tsung_controller@ip-172-31-32-66"} 1 14.585414585414586 0.0 28.38836865450961 0.15030060120240482 6.947053556790941 25
stats: session 71 10496.778774647892 1438.623556083004 33134.332 3058.509 9217.618544361923 7405
stats: users_count 0 7476
stats: finish_users_count 71 7476
stats: request 409 7.28508557457213 3.390349672197169 5362.846 0.247 415.4617044485979 66875
stats: connect 0 0 0 27.37 0.389 0.8881822606277312 10068
stats: page 105 28.916628571428575 6.836040242375271 14231.558 0.252 932.507261216819 29799
stats: 302 201 7830
stats: error_send_einval 0 3
stats: 200 208 11338
stats: size_rcv 367079 49602641
stats: newphase 0 7
stats: 502 0 48111
stats: size_sent 271966 27594709
stats: connected -98 0
stats: error_connection_closed 0 1
EndMonitor:{1615,332002,819516}
