# stats: dump at 1615096900
stats: users 11 11
stats: {freemem,"tsung_controller@ip-172-31-46-149"} 1 688.76953125 0 688.76953125 688.76953125 0 0
stats: {load,"tsung_controller@ip-172-31-46-149"} 1 0.0 0 0.0 0.0 0 0
stats: {cpu,"tsung_controller@ip-172-31-46-149"} 1 4.170716982676585 0 4.170716982676585 4.170716982676585 0 0
stats: users_count 11 11
stats: finish_users_count 0 0
stats: request 23 133.3119565217391 144.760836676126 483.22 6.47 0 0
stats: connect 11 1.8239090909090907 2.6568173528266845 10.221 0.865 0 0
stats: page 23 133.3119565217391 144.760836676126 483.22 6.47 0 0
stats: 302 6 6
stats: 200 17 17
stats: size_rcv 1917632 1917632
stats: size_sent 9737 9737
stats: connected 11 11
# stats: dump at 1615096910
stats: users 21 23
stats: {freemem,"tsung_controller@ip-172-31-46-149"} 1 682.44921875 0.0 688.76953125 682.44921875 688.76953125 1
stats: {load,"tsung_controller@ip-172-31-46-149"} 1 0.0 0.0 0.0 0.0 0.0 1
stats: {cpu,"tsung_controller@ip-172-31-46-149"} 1 0.35035035035035034 0.0 4.170716982676585 0.35035035035035034 4.170716982676585 1
stats: session 3 15844.371666666668 2047.6961956967368 18688.289 13949.454 0 0
stats: users_count 13 24
stats: finish_users_count 3 3
stats: request 63 52.62876190476193 77.71401919465853 483.22 5.12 133.3119565217391 23
stats: connect 13 1.0543846153846155 0.11904461895346273 10.221 0.865 1.8239090909090907 11
stats: page 58 57.17531034482759 79.42308900509086 483.22 5.633 133.3119565217391 23
stats: 302 10 16
stats: 200 53 70
stats: size_rcv 2911482 4829114
stats: size_sent 33089 42826
stats: connected 12 23
# stats: dump at 1615096920
stats: users 18 23
stats: {freemem,"tsung_controller@ip-172-31-46-149"} 1 676.50390625 0.0 688.76953125 676.50390625 685.609375 2
stats: {load,"tsung_controller@ip-172-31-46-149"} 1 0.0 0.0 0.0 0.0 0.0 2
stats: {cpu,"tsung_controller@ip-172-31-46-149"} 1 0.7496251874062968 0.0 4.170716982676585 0.35035035035035034 2.2605336665134677 2
stats: session 9 18830.698444444446 1064.9678801819027 20440.586 13949.454 15844.371666666668 3
stats: users_count 6 30
stats: finish_users_count 9 12
stats: request 90 69.83394444444444 117.9205928046837 601.517 4.78 74.20682558139535 86
stats: connect 6 1.0668333333333333 0.19821403975388716 10.221 0.865 1.4070833333333332 24
stats: page 78 80.59435897435894 123.26995472497256 601.517 4.78 78.79435802469135 81
stats: 302 24 40
stats: 200 66 136
stats: size_rcv 3879589 8708703
stats: size_sent 54997 97823
stats: connected -5 18
# stats: dump at 1615096930
stats: users 19 24
stats: {freemem,"tsung_controller@ip-172-31-46-149"} 1 676.2734375 0.0 688.76953125 676.2734375 682.57421875 3
stats: {load,"tsung_controller@ip-172-31-46-149"} 1 0.0 0.0 0.0 0.0 0.0 3
stats: {cpu,"tsung_controller@ip-172-31-46-149"} 1 1.048951048951049 0.0 4.170716982676585 0.35035035035035034 1.7568975068110773 3
stats: session 14 17601.421642857145 2395.000691085872 22287.397 12630.982 18084.11675 12
stats: users_count 15 45
stats: finish_users_count 14 26
stats: 302 22 62
stats: request 89 55.54253932584271 88.15539800702247 601.517 4.321 71.97069318181819 176
stats: 200 67 203
stats: size_rcv 3881608 12590311
stats: connect 15 1.1748666666666667 0.6603578693069051 10.221 0.865 1.339033333333333 30
stats: newphase 1 1
stats: size_sent 49836 147659
stats: page 78 63.38891025641025 91.59218377806883 601.517 4.321 79.67737735849055 159
stats: connected 4 22
# stats: dump at 1615096940
stats: users 34 35
stats: {freemem,"tsung_controller@ip-172-31-46-149"} 1 674.13671875 0.0 688.76953125 674.13671875 680.9990234375 4
stats: {load,"tsung_controller@ip-172-31-46-149"} 1 0.0 0.0 0.0 0.0 0.0 4
stats: {cpu,"tsung_controller@ip-172-31-46-149"} 1 0.6993006993006993 0.0 4.170716982676585 0.35035035035035034 1.5799108923460703 4
stats: session 7 17978.01614285714 1810.6979681142238 22287.397 12630.982 17824.204 26
stats: users_count 22 67
stats: finish_users_count 7 33
stats: request 129 67.46656589147284 85.57094591038242 601.517 4.321 66.45331320754718 265
stats: connect 22 0.9772272727272728 0.1301429046081065 10.221 0.731 1.284311111111111 45
stats: page 117 74.39768376068378 87.02527046210517 601.517 4.321 74.31661603375525 237
stats: 302 30 92
stats: 200 99 302
stats: size_rcv 6448567 19038878
stats: newphase 0 1
stats: size_sent 71430 219089
stats: connected 12 34
# stats: dump at 1615096950
stats: users 31 37
stats: {freemem,"tsung_controller@ip-172-31-46-149"} 1 668.21484375 0.0 688.76953125 668.21484375 679.6265625 5
stats: {load,"tsung_controller@ip-172-31-46-149"} 1 0.0 0.0 0.0 0.0 0.0 5
stats: {cpu,"tsung_controller@ip-172-31-46-149"} 1 0.5508262393590386 0.0 4.170716982676585 0.35035035035035034 1.403788853736996 5
stats: session 18 18072.16377777778 1837.2183017907678 22287.397 12630.982 17856.830818181817 33
stats: users_count 15 82
stats: finish_users_count 18 51
stats: request 140 63.93750714285714 92.20956374271262 601.517 4.321 66.78506345177665 394
stats: connect 15 1.0561999999999996 0.21889090128798563 10.221 0.731 1.1834776119402983 67
stats: page 124 72.19976612903233 95.03761606893491 601.517 4.321 74.34340960451976 354
stats: 302 36 128
stats: 200 104 406
stats: size_rcv 6150101 25188979
stats: newphase 0 1
stats: size_sent 81968 301057
stats: connected -2 32
# stats: dump at 1615096960
stats: users 45 46
stats: {freemem,"tsung_controller@ip-172-31-46-149"} 1 665.30859375 0.0 688.76953125 665.30859375 677.724609375 6
stats: {load,"tsung_controller@ip-172-31-46-149"} 1 0.0 0.0 0.0 0.0 0.0 6
stats: {cpu,"tsung_controller@ip-172-31-46-149"} 1 0.6003001500750376 0.0 4.170716982676585 0.35035035035035034 1.2616284180073365 6
stats: session 21 17624.269333333334 1605.8118591183036 22287.397 12630.982 17932.83068627451 51
stats: users_count 35 117
stats: finish_users_count 21 72
stats: request 177 106.9622994350282 142.90496238724194 620.981 4.321 66.03851310861423 534
stats: connect 34 1.5939411764705889 3.425649315361091 21.245 0.731 1.1601951219512192 82
stats: page 157 120.60346496815288 146.51093372040384 620.981 4.321 73.78731799163181 478
stats: 302 45 173
stats: 200 132 538
stats: size_rcv 7767832 32956811
stats: newphase 1 2
stats: size_sent 96856 397913
stats: connected 13 45
# stats: dump at 1615096970
stats: users 74 74
stats: {freemem,"tsung_controller@ip-172-31-46-149"} 1 660.89453125 0.0 688.76953125 660.89453125 675.9508928571429 7
stats: {load,"tsung_controller@ip-172-31-46-149"} 1 0.0 0.0 0.0 0.0 0.0 7
stats: {cpu,"tsung_controller@ip-172-31-46-149"} 1 0.7014028056112225 0.0 4.170716982676585 0.35035035035035034 1.1671529511598653 7
stats: session 10 18454.724400000003 1873.2370732485085 22346.752 12630.982 17842.833625 72
stats: users_count 39 156
stats: finish_users_count 10 82
stats: request 219 277.2258082191786 263.32551910432346 1313.033 4.321 76.22629113924049 711
stats: 302 47 220
stats: connect 40 1.089075 0.6891337819139329 21.245 0.711 1.2873275862068967 116
stats: page 202 300.5712029702969 288.2443070496073 1313.033 4.321 85.36233385826773 635
stats: 200 172 710
stats: size_rcv 11614015 44570826
stats: newphase 0 2
stats: size_sent 124859 522772
stats: connected 29 74
# stats: dump at 1615096980
stats: users 82 84
stats: {freemem,"tsung_controller@ip-172-31-46-149"} 1 647.14453125 0.0 688.76953125 647.14453125 674.06884765625 8
stats: {load,"tsung_controller@ip-172-31-46-149"} 1 0.0 0.0 0.0 0.0 0.0 8
stats: {cpu,"tsung_controller@ip-172-31-46-149"} 1 1.1517275913870806 0.0 4.170716982676585 0.35035035035035034 1.1089341829662849 8
stats: session 35 18952.59482857143 2131.2875856559785 22943.9 12630.982 17917.45445121951 82
stats: users_count 43 199
stats: finish_users_count 35 117
stats: request 312 372.80843589743597 354.6947017446417 1437.996 4.321 123.55843548387108 930
stats: connect 40 0.9789249999999999 0.10818141880655847 21.245 0.711 1.23649358974359 156
stats: page 274 418.35054744525513 398.7291442673612 2244.742 4.321 137.3004360812425 837
stats: 302 80 300
stats: 200 232 942
stats: size_rcv 13902724 58473550
stats: newphase 0 2
stats: size_sent 183226 705998
stats: connected 6 80
# stats: dump at 1615096990
stats: users 145 145
stats: {freemem,"tsung_controller@ip-172-31-46-149"} 1 636.6171875 0.0 688.76953125 636.6171875 671.0772569444445 9
stats: {load,"tsung_controller@ip-172-31-46-149"} 1 0.0 0.0 0.0 0.0 0.0 9
stats: {cpu,"tsung_controller@ip-172-31-46-149"} 1 1.691542288557214 0.0 4.170716982676585 0.35035035035035034 1.1136890061241511 9
stats: session 32 20472.841281250003 2252.191114448025 24121.783 12630.982 18227.111829059828 117
stats: users_count 95 294
stats: finish_users_count 32 149
stats: request 312 619.4435801282054 673.2029424164169 2553.339 4.321 186.17196215781007 1242
stats: page 279 658.4088422939068 703.8754323389222 2921.409 4.321 206.61432493249316 1111
stats: 302 76 376
stats: 200 236 1178
stats: size_rcv 11377571 69851121
stats: newphase 1 3
stats: size_sent 201117 907115
stats: connected 64 144
stats: connect 96 0.9297812499999997 0.11606671959884757 21.245 0.711 1.1839285714285719 196
# stats: dump at 1615097000
stats: users 216 217
stats: {freemem,"tsung_controller@ip-172-31-46-149"} 1 629.39453125 0.0 688.76953125 629.39453125 667.63125 10
stats: {load,"tsung_controller@ip-172-31-46-149"} 1 0.0 0.0 0.0 0.0 0.0 10
stats: {cpu,"tsung_controller@ip-172-31-46-149"} 1 1.706827309236948 0.0 4.170716982676585 0.35035035035035034 1.1714743343674574 10
stats: session 15 25674.298 2242.4690154902046 30532.144 12630.982 18709.416140939597 149
stats: users_count 86 380
stats: finish_users_count 15 164
stats: request 277 3073.1798086642625 764.1799120498482 5214.873 4.321 273.16085842985854 1554
stats: connect 85 1.155917647058824 0.65686650468927 21.245 0.711 1.100373287671233 292
stats: page 254 3306.46448818898 950.1705103554959 7548.759 4.321 297.29826043165457 1390
stats: 302 73 449
stats: 200 204 1382
stats: size_rcv 12920781 82771902
stats: newphase 0 3
stats: size_sent 181822 1088937
stats: connected 70 214
# stats: dump at 1615097010
stats: users 262 264
stats: {freemem,"tsung_controller@ip-172-31-46-149"} 1 607.8671875 0.0 688.76953125 607.8671875 664.1551846590909 11
stats: {load,"tsung_controller@ip-172-31-46-149"} 1 0.0 0.0 0.0 0.0 0.0 11
stats: {cpu,"tsung_controller@ip-172-31-46-149"} 1 1.8036072144288577 0.0 4.170716982676585 0.35035035035035034 1.22014278662832 11
stats: session 18 30300.724555555564 2837.591574835526 36292.03 12630.982 19346.44801829268 164
stats: users_count 64 444
stats: finish_users_count 18 182
stats: request 294 4996.104251700684 1529.5596484251917 6980.334 0.381 696.757389950847 1831
stats: connect 67 1.4097910447761188 2.261470612117708 21.245 0.711 1.1128965517241383 377
stats: page 280 5141.825803571423 1754.6321047513513 11435.703 0.413 762.2181034063266 1644
stats: 302 69 518
stats: 200 203 1585
stats: size_rcv 15758032 98529934
stats: newphase 0 3
stats: 502 22 22
stats: size_sent 170415 1259352
stats: connected 49 263
# stats: dump at 1615097020
stats: users 364 365
stats: {freemem,"tsung_controller@ip-172-31-46-149"} 1 589.8515625 0.0 688.76953125 589.8515625 659.4645182291666 12
stats: {load,"tsung_controller@ip-172-31-46-149"} 1 0.0 0.0 0.0 0.0 0.0 12
stats: {cpu,"tsung_controller@ip-172-31-46-149"} 1 2.941176470588235 0.0 4.170716982676585 0.35035035035035034 1.268764822278365 12
stats: session 23 36058.04043478262 3495.665604901042 42425.491 12630.982 20429.838005494505 182
stats: users_count 125 569
stats: finish_users_count 23 205
stats: request 551 2954.764718693294 3645.1498765746046 9001.28 0.352 1291.5846734117656 2125
stats: connect 122 1.1648934426229511 1.8196796727985796 21.245 0.678 1.1576981981981982 444
stats: page 505 3087.4285742574325 3917.5831168717764 14908.365 0.366 1399.5830493762992 1924
stats: 302 66 584
stats: 200 156 1741
stats: size_rcv 12010949 110540883
stats: newphase 1 4
stats: 502 329 351
stats: size_sent 257734 1517086
stats: connected 99 362
# stats: dump at 1615097030
stats: users 436 437
stats: {freemem,"tsung_controller@ip-172-31-46-149"} 1 569.6796875 0.0 688.76953125 569.6796875 654.1096754807693 13
stats: {load,"tsung_controller@ip-172-31-46-149"} 1 0.0 0.0 0.0 0.0 0.0 13
stats: {cpu,"tsung_controller@ip-172-31-46-149"} 1 3.3349925335988053 0.0 4.170716982676585 0.35035035035035034 1.3974118721483548 13
stats: session 66 38668.91901515151 6795.722408241448 48358.057 12630.982 22183.24608292683 205
stats: users_count 138 707
stats: finish_users_count 66 271
stats: connect 136 0.9911764705882355 0.4174499068636673 21.245 0.678 1.159249116607774 566
stats: page 838 2675.2156312649145 3919.0922420740976 16773.501 0.353 1750.4937081103346 2429
stats: 302 67 651
stats: request 910 2399.0504736263765 3401.860862636508 9533.864 0.352 1634.0406543348306 2676
stats: 200 245 1986
stats: size_rcv 16633930 127174813
stats: newphase 0 4
stats: 502 598 949
stats: size_sent 388780 1905866
stats: connected 71 433
# stats: dump at 1615097040
stats: users 479 489
stats: {freemem,"tsung_controller@ip-172-31-46-149"} 1 556.12890625 0.0 688.76953125 556.12890625 648.0789620535714 14
stats: {load,"tsung_controller@ip-172-31-46-149"} 1 0.0 0.0 0.0 0.0 0.0 14
stats: {cpu,"tsung_controller@ip-172-31-46-149"} 1 4.615384615384616 0.0 4.615384615384616 0.35035035035035034 1.535810490823387 14
stats: session 109 35592.45855963303 10808.259087605822 53152.433 12630.982 26198.207018450183 271
stats: users_count 152 859
stats: finish_users_count 109 380
stats: request 1241 1613.645734085416 2686.6438345530396 9533.864 0.351 1828.173095928614 3586
stats: 302 86 737
stats: connect 151 1.1394635761589407 1.183066252839239 21.245 0.678 1.1266880341880345 702
stats: page 1075 1827.764006511629 3058.854824448252 16773.501 0.353 1987.6889856137132 3267
stats: 200 246 2232
stats: size_rcv 13586767 140761580
stats: newphase 0 4
stats: 502 909 1858
stats: size_sent 530861 2436727
stats: connected 43 476
# stats: dump at 1615097050
stats: users 583 583
stats: {freemem,"tsung_controller@ip-172-31-46-149"} 1 548.0625 0.0 688.76953125 548.0625 641.9489583333333 15
stats: {load,"tsung_controller@ip-172-31-46-149"} 1 0.0 0.0 0.0 0.0 0.0 15
stats: {cpu,"tsung_controller@ip-172-31-46-149"} 1 5.470675209462789 0.0 5.470675209462789 0.35035035035035034 1.7411154324608022 15
stats: session 170 34217.215605882346 11564.657685687409 57137.442 12630.982 28892.87390789474 380
stats: users_count 274 1133
stats: finish_users_count 170 550
stats: request 1529 1297.9228469587986 2196.8052412662864 9533.864 0.344 1773.0190756163272 4827
stats: connect 277 1.049599277978339 0.6260104453513609 21.245 0.678 1.1289495896834705 853
stats: page 1366 1475.4739795021976 2624.437212573142 16773.501 0.344 1948.0944778903738 4342
stats: 302 133 870
stats: 200 282 2514
stats: size_rcv 14009868 154771448
stats: newphase 1 5
stats: 502 1114 2972
stats: size_sent 579995 3016722
stats: connected 104 580
# stats: dump at 1615097060
stats: users 704 711
stats: {freemem,"tsung_controller@ip-172-31-46-149"} 1 554.05078125 0.0 688.76953125 548.0625 636.0810546875 16
stats: {load,"tsung_controller@ip-172-31-46-149"} 1 0.0 0.0 0.0 0.0 0.0 16
stats: {cpu,"tsung_controller@ip-172-31-46-149"} 1 7.097092163627402 0.0 7.097092163627402 0.35035035035035034 1.9742129185234265 16
stats: session 206 30310.723140776703 10054.972043388145 63446.379 12630.982 30538.57952363636 550
stats: users_count 327 1460
stats: finish_users_count 206 756
stats: request 2075 867.4464877108437 2121.7475100599727 9533.864 0.344 1658.7298790119594 6356
stats: connect 322 1.0502484472049698 0.6928714984968467 21.245 0.678 1.1094982300884957 1130
stats: page 1866 970.306740621651 2371.555150604497 16773.501 0.344 1834.9901329712693 5708
stats: 302 116 986
stats: 200 190 2704
stats: size_rcv 12503791 167275239
stats: newphase 0 5
stats: 502 1769 4741
stats: size_sent 693998 3710720
stats: connected 121 701
# stats: dump at 1615097070
stats: users 774 774
stats: {freemem,"tsung_controller@ip-172-31-46-149"} 1 559.359375 0.0 688.76953125 548.0625 631.2557444852941 17
stats: {load,"tsung_controller@ip-172-31-46-149"} 1 0.0 0.0 0.0 0.0 0.0 17
stats: {cpu,"tsung_controller@ip-172-31-46-149"} 1 8.390578999018645 0.0 8.390578999018645 0.35035035035035034 2.275558756470719 17
stats: session 246 23901.698455284564 7895.427735474883 63446.379 12630.982 30476.49167328042 756
stats: users_count 316 1776
stats: finish_users_count 246 1002
stats: request 2458 792.9337408462161 2085.070034525873 9533.864 0.344 1463.9827509192285 8431
stats: 302 100 1086
stats: connect 317 0.9688138801261825 0.2829709553539083 21.245 0.678 1.0963588154269976 1452
stats: page 2168 900.5388058118077 2318.853832350098 16773.501 0.344 1621.9588139688415 7574
stats: 200 217 2921
stats: size_rcv 12035545 179310784
stats: newphase 0 5
stats: 502 2141 6882
stats: size_sent 753965 4464685
stats: connected 68 769
# stats: dump at 1615097080
stats: users 1030 1031
stats: {freemem,"tsung_controller@ip-172-31-46-149"} 1 544.20703125 0.0 688.76953125 544.20703125 627.2615017361111 18
stats: {load,"tsung_controller@ip-172-31-46-149"} 1 0.0 0.0 0.0 0.0 0.0 18
stats: {cpu,"tsung_controller@ip-172-31-46-149"} 1 9.579667644183774 0.0 9.579667644183774 0.35035035035035034 2.615282103278937 18
stats: session 332 24159.611975903616 7123.184945694224 63446.379 12438.556 28862.320883233537 1002
stats: users_count 588 2364
stats: finish_users_count 332 1334
stats: request 3240 593.5521555555554 1748.945778323028 9533.864 0.344 1312.50525374231 10889
stats: page 2904 659.6279080578526 1935.571743911936 16773.501 0.344 1461.4128708684054 9742
stats: connect 1268 1.04082334384858 2.102134973851078 41.953 0.533 1.0735031091011873 1769
stats: 302 113 1199
stats: 200 230 3151
stats: size_rcv 13550080 192860864
stats: newphase 1 6
stats: 502 2897 9779
stats: size_sent 916125 5380810
stats: connected 76 845
# stats: dump at 1615097090
stats: users 1262 1266
stats: {freemem,"tsung_controller@ip-172-31-46-149"} 1 537.1484375 0.0 688.76953125 537.1484375 622.8902138157895 19
stats: {load,"tsung_controller@ip-172-31-46-149"} 1 0.0 0.0 0.0 0.0 0.0 19
stats: {cpu,"tsung_controller@ip-172-31-46-149"} 1 12.346311475409836 0.0 12.346311475409836 0.35035035035035034 2.981828710694981 19
stats: session 392 22480.392946428554 6853.396714839046 63446.379 12438.556 27691.93155997002 1334
stats: users_count 624 2988
stats: finish_users_count 392 1726
stats: request 4318 393.638676933765 1502.623769232811 9533.864 0.344 1147.638098379221 14129
stats: 302 106 1305
stats: connect 2795 0.8686422182468687 0.5311174233919458 41.953 0.439 1.0598587421797827 3037
stats: page 3878 441.2824538421867 1650.471571084493 16773.501 0.344 1277.2927117665674 12646
stats: 200 175 3326
stats: size_rcv 11319209 204180073
stats: newphase 0 6
stats: 502 4036 13815
stats: size_sent 1070752 6451562
stats: connected 35 880
# stats: dump at 1615097100
stats: users 1278 1305
stats: {freemem,"tsung_controller@ip-172-31-46-149"} 1 520.08203125 0.0 688.76953125 520.08203125 618.603125 20
stats: {load,"tsung_controller@ip-172-31-46-149"} 1 0.0703125 0.0 0.0703125 0.0 0.0 20
stats: {cpu,"tsung_controller@ip-172-31-46-149"} 1 15.228966986155484 0.0 15.228966986155484 0.35035035035035034 3.4500528489307234 20
stats: session 582 20875.192034364292 5879.939872126792 63446.379 11745.188 26508.31444727694 1726
stats: users_count 598 3586
stats: finish_users_count 582 2308
stats: request 4992 431.2132678285264 1710.4109388663887 9533.864 0.341 971.1449286604873 18447
stats: 302 109 1414
stats: connect 3449 0.8900869817338352 0.597616437338609 41.953 0.439 0.9682177640603564 5832
stats: error_send_einval 1 1
stats: 200 196 3522
stats: page 4355 498.63129850746355 1897.1686367390641 16773.501 0.344 1081.090352759623 16524
stats: size_rcv 16270286 220450359
stats: newphase 0 6
stats: 502 4685 18500
stats: size_sent 1168295 7619857
stats: connected 18 898
# stats: dump at 1615097110
stats: users 745 1305
stats: {freemem,"tsung_controller@ip-172-31-46-149"} 1 513.63671875 0.0 688.76953125 513.63671875 613.9116443452381 21
stats: {load,"tsung_controller@ip-172-31-46-149"} 1 0.05859375 0.0 0.0703125 0.0 0.0033482142857142855 21
stats: {cpu,"tsung_controller@ip-172-31-46-149"} 1 18.312101910828023 0.0 18.312101910828023 0.35035035035035034 4.010953522131903 21
stats: session 618 20744.83425728155 5072.918113344349 63446.379 11745.188 25087.830372616994 2308
stats: users_count 85 3671
stats: finish_users_count 618 2926
stats: request 3745 555.099054739653 1591.1685866942028 9533.864 0.34 856.1511639575074 23439
stats: 302 172 1586
stats: page 3143 651.1310690423177 1797.7247739036684 16773.501 0.34 959.5994201829596 20879
stats: error_send_einval 0 1
stats: 200 258 3780
stats: size_rcv 12472771 232923130
stats: newphase 0 6
stats: connect 1588 1.0115283375314874 0.7240853631836746 41.953 0.439 0.9391828466760044 9281
stats: 502 3313 21813
stats: size_sent 1031379 8651236
stats: connected -151 747
# stats: dump at 1615097120
stats: users 141 1305
stats: {freemem,"tsung_controller@ip-172-31-46-149"} 1 511.15234375 0.0 688.76953125 511.15234375 609.3536931818181 22
stats: {load,"tsung_controller@ip-172-31-46-149"} 1 0.05078125 0.0 0.0703125 0.0 0.005859375 22
stats: {cpu,"tsung_controller@ip-172-31-46-149"} 1 14.209505334626577 0.0 18.312101910828023 0.35035035035035034 4.66100572161809 22
stats: session 604 22160.179192052972 5433.798425051908 63446.379 11745.188 24170.54684586467 2926
stats: users_count 0 3671
stats: finish_users_count 604 3530
stats: request 1955 608.7208695652158 1164.7545123242649 9533.864 0.34 814.6767617716309 27184
stats: connect 0 0 0 41.953 0.439 0.9497527831447234 10869
stats: 302 863 2449
stats: error_send_einval 0 1
stats: 200 726 4506
stats: size_rcv 9078842 242001972
stats: newphase 0 6
stats: 502 366 22179
stats: size_sent 887238 9538474
stats: connected -604 143
stats: page 1485 844.8326774410773 1531.9462677206166 16773.501 0.34 919.2399152443601 24022
# stats: dump at 1615097130
stats: users 0 1305
stats: {freemem,"tsung_controller@ip-172-31-46-149"} 1 614.67578125 0.0 688.76953125 511.15234375 605.0840692934781 23
stats: {load,"tsung_controller@ip-172-31-46-149"} 1 0.12109375 0.0 0.12109375 0.0 0.0078125 23
stats: {cpu,"tsung_controller@ip-172-31-46-149"} 1 5.107661492238358 0.0 18.312101910828023 0.35035035035035034 5.076157878705415 23
stats: session 141 25715.33506382979 4072.9777362541786 63446.379 11745.188 23826.56325864023 3530
stats: users_count 0 3671
stats: finish_users_count 141 3671
stats: request 7 5.083999999999999 2.364331859713679 9533.864 0.34 800.8587251449951 29139
stats: page 5 7.162400000000001 4.6416240519887015 16773.501 0.34 914.9079770259152 25507
stats: 302 3 2452
stats: connect 0 0 0 41.953 0.439 0.9497527831447234 10869
stats: error_send_einval 0 1
stats: 200 4 4510
stats: size_rcv 5478 242007450
stats: newphase 0 6
stats: 502 0 22179
stats: size_sent 4091 9542565
stats: connected -143 0
stats: error_connect_econnrefused 564 564
stats: error_abort_max_conn_retries 141 141
# stats: dump at 1615097140
stats: users 0 1305
stats: {freemem,"tsung_controller@ip-172-31-46-149"} 1 673.29296875 0.0 688.76953125 511.15234375 605.4837239583331 24
stats: {load,"tsung_controller@ip-172-31-46-149"} 1 0.1015625 0.0 0.12109375 0.0 0.012532552083333334 24
stats: {cpu,"tsung_controller@ip-172-31-46-149"} 1 2.1890547263681595 0.0 18.312101910828023 0.35035035035035034 5.077470529269289 24
stats: session 0 0 0 63446.379 11745.188 23899.10938354672 3671
stats: users_count 0 3671
stats: finish_users_count 0 3671
stats: request 0 0 0 9533.864 0.34 800.6676037878271 29146
stats: connect 0 0 0 41.953 0.439 0.9497527831447234 10869
stats: page 0 0 0 16773.501 0.34 914.7300714173729 25512
stats: 302 0 2452
stats: error_send_einval 0 1
stats: 200 0 4510
stats: size_rcv 0 242007450
stats: newphase 0 6
stats: 502 0 22179
stats: size_sent 0 9542565
stats: connected 0 0
stats: error_connect_econnrefused 0 564
stats: error_abort_max_conn_retries 0 141
# stats: dump at 1615097150
stats: users 0 1305
stats: {freemem,"tsung_controller@ip-172-31-46-149"} 1 674.390625 0.0 688.76953125 511.15234375 608.1960937499998 25
stats: {load,"tsung_controller@ip-172-31-46-149"} 1 0.078125 0.0 0.12109375 0.0 0.01609375 25
stats: {cpu,"tsung_controller@ip-172-31-46-149"} 1 0.050050050050050046 0.0 18.312101910828023 0.050050050050050046 4.961933897153243 25
stats: session 0 0 0 63446.379 11745.188 23899.10938354672 3671
stats: users_count 0 3671
stats: finish_users_count 0 3671
stats: request 0 0 0 9533.864 0.34 800.6676037878271 29146
stats: connect 0 0 0 41.953 0.439 0.9497527831447234 10869
stats: page 0 0 0 16773.501 0.34 914.7300714173729 25512
stats: 302 0 2452
stats: error_send_einval 0 1
stats: 200 0 4510
stats: size_rcv 0 242007450
stats: newphase 0 6
stats: 502 0 22179
stats: size_sent 0 9542565
stats: connected 0 0
stats: error_connect_econnrefused 0 564
stats: error_abort_max_conn_retries 0 141
# stats: dump at 1615097160
stats: users 0 1305
stats: {freemem,"tsung_controller@ip-172-31-46-149"} 1 674.63671875 0.0 688.76953125 511.15234375 610.7420372596152 26
stats: {load,"tsung_controller@ip-172-31-46-149"} 1 0.0703125 0.0 0.12109375 0.0 0.018479567307692308 26
stats: {cpu,"tsung_controller@ip-172-31-46-149"} 1 0.0 0.0 18.312101910828023 0.0 4.773015287649274 26
stats: session 0 0 0 63446.379 11745.188 23899.10938354672 3671
stats: users_count 0 3671
stats: finish_users_count 0 3671
stats: request 0 0 0 9533.864 0.34 800.6676037878271 29146
stats: connect 0 0 0 41.953 0.439 0.9497527831447234 10869
stats: page 0 0 0 16773.501 0.34 914.7300714173729 25512
stats: 302 0 2452
stats: error_send_einval 0 1
stats: 200 0 4510
stats: size_rcv 0 242007450
stats: newphase 0 6
stats: 502 0 22179
stats: size_sent 0 9542565
stats: connected 0 0
stats: error_connect_econnrefused 0 564
stats: error_abort_max_conn_retries 0 141
# stats: dump at 1615097162
stats: users 0 1305
stats: {freemem,"tsung_controller@ip-172-31-46-149"} 1 674.87890625 0.0 688.76953125 511.15234375 613.1085069444443 27
stats: {load,"tsung_controller@ip-172-31-46-149"} 1 0.05859375 0.0 0.12109375 0.0 0.020399305555555556 27
stats: {cpu,"tsung_controller@ip-172-31-46-149"} 1 0.05002501250625312 0.0 18.312101910828023 0.0 4.596236943662264 27
stats: session 0 0 0 63446.379 11745.188 23899.10938354672 3671
stats: users_count 0 3671
stats: finish_users_count 0 3671
stats: request 0 0 0 9533.864 0.34 800.6676037878271 29146
stats: connect 0 0 0 41.953 0.439 0.9497527831447234 10869
stats: page 0 0 0 16773.501 0.34 914.7300714173729 25512
stats: 302 0 2452
stats: error_send_einval 0 1
stats: 200 0 4510
stats: size_rcv 0 242007450
stats: newphase 0 6
stats: 502 0 22179
stats: size_sent 0 9542565
stats: connected 0 0
stats: error_connect_econnrefused 0 564
stats: error_abort_max_conn_retries 0 141
EndMonitor:{1615,97162,277556}
