
=INFO REPORT==== 7-Mar-2021::06:01:30 ===
    ts_config_server:(5:<0.127.0>) Config server started, logdir is "/home/ec2-user/.tsung/log/20210307-0601"
 
=INFO REPORT==== 7-Mar-2021::06:01:30 ===
              ts_mon:(5:<0.110.0>) starting monitor, global 

=INFO REPORT==== 7-Mar-2021::06:01:30 ===
           ts_config:(5:<0.127.0>) Reading config file: tsung_example.xml

=INFO REPORT==== 7-Mar-2021::06:01:30 ===
           ts_config:(5:<0.127.0>) Session name for id 1 is "comment_test"

=INFO REPORT==== 7-Mar-2021::06:01:30 ===
    ts_config_server:(4:<0.127.0>) SYSINFO:Tsung version: 1.7.0

=INFO REPORT==== 7-Mar-2021::06:01:30 ===
    ts_config_server:(4:<0.127.0>) SYSINFO:Erlang version: Erlang/OTP 22 [erts-10.6] [source] [64-bit] [smp:2:2] [ds:2:2:10] [async-threads:8] [hipe]


=INFO REPORT==== 7-Mar-2021::06:01:30 ===
    ts_config_server:(4:<0.127.0>) SYSINFO:System architecture x86_64-redhat-linux-gnu

=INFO REPORT==== 7-Mar-2021::06:01:30 ===
    ts_config_server:(4:<0.127.0>) SYSINFO:Current path: /usr/lib/tsung/tsung-1.7.0/ebin/tsung.beam

=INFO REPORT==== 7-Mar-2021::06:01:30 ===
              ts_mon:(5:<0.128.0>) Activate clients with text backend

=INFO REPORT==== 7-Mar-2021::06:01:30 ===
              ts_mon:(5:<0.128.0>) Starting tsung clients on hosts: [localhost]

=INFO REPORT==== 7-Mar-2021::06:01:30 ===
    ts_config_server:(5:<0.127.0>) Start a launcher on the controller beam localhost

=INFO REPORT==== 7-Mar-2021::06:01:30 ===
  ts_launcher_static:(5:<0.182.0>) Launch msg receive ("localhost")

=INFO REPORT==== 7-Mar-2021::06:01:30 ===
         ts_launcher:(5:<0.183.0>) Launch msg receive ("localhost")

=INFO REPORT==== 7-Mar-2021::06:01:30 ===
    ts_config_server:(5:<0.127.0>) New arrival phase 1 for client "localhost" (last ? true): will start 30 users

=INFO REPORT==== 7-Mar-2021::06:01:30 ===
    ts_config_server:(5:<0.127.0>) New arrival phase 2 for client "localhost" (last ? true): will start 60 users

=INFO REPORT==== 7-Mar-2021::06:01:30 ===
    ts_config_server:(5:<0.127.0>) New arrival phase 3 for client "localhost" (last ? true): will start 120 users

=INFO REPORT==== 7-Mar-2021::06:01:30 ===
    ts_config_server:(5:<0.127.0>) New arrival phase 4 for client "localhost" (last ? true): will start 240 users

=INFO REPORT==== 7-Mar-2021::06:01:30 ===
    ts_config_server:(5:<0.127.0>) New arrival phase 5 for client "localhost" (last ? true): will start 480 users

=INFO REPORT==== 7-Mar-2021::06:01:30 ===
    ts_config_server:(5:<0.127.0>) New arrival phase 6 for client "localhost" (last ? true): will start 960 users

=INFO REPORT==== 7-Mar-2021::06:01:30 ===
    ts_config_server:(5:<0.127.0>) New arrival phase 7 for client "localhost" (last ? true): will start 1920 users

=INFO REPORT==== 7-Mar-2021::06:01:30 ===
         ts_launcher:(5:<0.183.0>) Expected duration of first phase: 30.0 sec (30 users) 

=INFO REPORT==== 7-Mar-2021::06:01:30 ===
         ts_launcher:(5:<0.183.0>) Activate launcher (30 users) in 1127 msec 

=INFO REPORT==== 7-Mar-2021::06:01:57 ===
         ts_launcher:(4:<0.183.0>) Need to wait 3.927 sec before changing phase, going to sleep

=INFO REPORT==== 7-Mar-2021::06:02:01 ===
         ts_launcher:(5:<0.183.0>) Waking up

=INFO REPORT==== 7-Mar-2021::06:02:01 ===
         ts_launcher:(5:<0.183.0>) Start a new arrival phase (60 users, 0.002); expected duration=30.0 sec

=INFO REPORT==== 7-Mar-2021::06:02:31 ===
         ts_launcher:(5:<0.183.0>) Phase duration exceeded, but not all users were launched (5 users, 8.3% of phase)

=INFO REPORT==== 7-Mar-2021::06:02:31 ===
         ts_launcher:(5:<0.183.0>) Start a new arrival phase (120 users, 0.004); expected duration=30.0 sec

=INFO REPORT==== 7-Mar-2021::06:03:01 ===
         ts_launcher:(5:<0.183.0>) Phase duration exceeded, but not all users were launched (1 users, 0.8% of phase)

=INFO REPORT==== 7-Mar-2021::06:03:01 ===
         ts_launcher:(5:<0.183.0>) Start a new arrival phase (240 users, 0.008); expected duration=30.0 sec

=INFO REPORT==== 7-Mar-2021::06:03:28 ===
         ts_launcher:(4:<0.183.0>) Need to wait 3.62 sec before changing phase, going to sleep

=INFO REPORT==== 7-Mar-2021::06:03:30 ===
    alarm_handler: {set,{system_memory_high_watermark,[]}}

=INFO REPORT==== 7-Mar-2021::06:03:31 ===
         ts_launcher:(5:<0.183.0>) Waking up

=INFO REPORT==== 7-Mar-2021::06:03:31 ===
         ts_launcher:(5:<0.183.0>) Start a new arrival phase (480 users, 0.016); expected duration=30.0 sec

=INFO REPORT==== 7-Mar-2021::06:04:01 ===
         ts_launcher:(5:<0.183.0>) Phase duration exceeded, but not all users were launched (35 users, 7.3% of phase)

=INFO REPORT==== 7-Mar-2021::06:04:01 ===
         ts_launcher:(5:<0.183.0>) Start a new arrival phase (960 users, 0.032); expected duration=30.0 sec

=INFO REPORT==== 7-Mar-2021::06:04:31 ===
         ts_launcher:(5:<0.183.0>) Phase duration exceeded, but not all users were launched (27 users, 2.8% of phase)

=INFO REPORT==== 7-Mar-2021::06:04:31 ===
         ts_launcher:(5:<0.183.0>) Start a new arrival phase (1920 users, 0.064); expected duration=30.0 sec

=INFO REPORT==== 7-Mar-2021::06:05:01 ===
         ts_launcher:(5:<0.183.0>) Phase duration exceeded, but not all users were launched (71 users, 3.7% of phase)

=INFO REPORT==== 7-Mar-2021::06:05:01 ===
         ts_launcher:(5:<0.183.0>) This was the last phase, wait for connected users to finish their session

=INFO REPORT==== 7-Mar-2021::06:05:01 ===
     ts_launcher_mgr:(5:<0.176.0>) Still 1268 active client(s)

=INFO REPORT==== 7-Mar-2021::06:05:30 ===
    alarm_handler: {clear,system_memory_high_watermark}

=INFO REPORT==== 7-Mar-2021::06:06:01 ===
     ts_launcher_mgr:(5:<0.176.0>) No more active users 'tsung_controller@ip-172-31-46-149' "2734"
