# stats: dump at 1615228239
stats: users 1 6
stats: {freemem,"tsung_controller@ip-172-31-52-223"} 1 670.5234375 0 670.5234375 670.5234375 0 0
stats: {load,"tsung_controller@ip-172-31-52-223"} 1 0.0 0 0.0 0.0 0 0
stats: {cpu,"tsung_controller@ip-172-31-52-223"} 1 1.5578041483174774 0 1.5578041483174774 1.5578041483174774 0 0
stats: session 9 2139.2542222222223 550.2734714498839 3227.426 1490.852 0 0
stats: users_count 10 10
stats: finish_users_count 9 9
stats: request 47 79.114 85.15586099592585 224.386 6.643 0 0
stats: page 38 97.89015789473684 84.83335208746689 224.386 6.643 0 0
stats: connect 10 4.206099999999999 8.480153801081675 29.58 1.091 0 0
stats: 302 19 19
stats: 200 28 28
stats: match 9 9
stats: size_rcv 3547659 3547659
stats: size_sent 27188 27188
stats: connected 1 1
# stats: dump at 1615228249
stats: users 2 6
stats: {freemem,"tsung_controller@ip-172-31-52-223"} 1 669.9453125 0.0 670.5234375 669.9453125 670.5234375 1
stats: {load,"tsung_controller@ip-172-31-52-223"} 1 0.1484375 0.0 0.1484375 0.0 0.0 1
stats: {cpu,"tsung_controller@ip-172-31-52-223"} 1 0.5502751375687844 0.0 1.5578041483174774 0.5502751375687844 1.5578041483174774 1
stats: session 8 2574.3387500000003 465.6850416651661 3267.186 1490.852 2139.2542222222223 9
stats: users_count 9 19
stats: finish_users_count 8 17
stats: request 38 77.97873684210526 87.49102041764183 226.431 6.216 79.114 47
stats: connect 9 1.1676666666666664 0.05010433558530074 29.58 1.074 4.206099999999999 10
stats: page 31 95.62525806451615 88.0812438351452 226.431 6.216 97.89015789473684 38
stats: 302 15 34
stats: 200 23 51
stats: match 7 16
stats: size_rcv 2787017 6334676
stats: size_sent 22112 49300
stats: connected 2 3
# stats: dump at 1615228259
stats: users 4 6
stats: {freemem,"tsung_controller@ip-172-31-52-223"} 1 669.38671875 0.0 670.5234375 669.38671875 670.234375 2
stats: {load,"tsung_controller@ip-172-31-52-223"} 1 0.12109375 0.0 0.1484375 0.0 0.07421875 2
stats: {cpu,"tsung_controller@ip-172-31-52-223"} 1 0.35035035035035034 0.0 1.5578041483174774 0.35035035035035034 1.054039642943131 2
stats: session 6 2361.4133333333334 554.9287536127698 3267.186 1490.852 2343.9998823529418 17
stats: users_count 8 27
stats: finish_users_count 6 23
stats: request 38 81.73176315789478 87.89126565473542 230.71 6.216 78.6064705882353 85
stats: connect 8 1.16325 0.07187619564222916 29.58 1.058 2.7668421052631573 19
stats: page 31 100.22225806451614 87.5837152774668 230.71 6.216 96.87259420289857 69
stats: 302 16 50
stats: 200 22 73
stats: match 7 23
stats: size_rcv 2789811 9124487
stats: size_sent 21356 70656
stats: connected 1 4
# stats: dump at 1615228269
stats: users 7 9
stats: {freemem,"tsung_controller@ip-172-31-52-223"} 1 669.18359375 0.0 670.5234375 669.18359375 669.9518229166666 3
stats: {load,"tsung_controller@ip-172-31-52-223"} 1 0.1015625 0.0 0.1484375 0.0 0.08984375 3
stats: {cpu,"tsung_controller@ip-172-31-52-223"} 1 0.6003001500750376 0.0 1.5578041483174774 0.35035035035035034 0.819476545412204 3
stats: session 18 2439.287 585.8026845209912 3325.657 1488.376 2348.5425217391307 23
stats: users_count 21 48
stats: finish_users_count 18 41
stats: request 91 85.47169230769232 92.0344377457702 278.43 6.216 79.57200813008131 123
stats: connect 20 1.1671 0.10517884768336265 29.58 1.005 2.291703703703703 27
stats: page 74 105.14451351351353 91.8320605162229 278.43 6.216 97.91099000000003 100
stats: 302 37 87
stats: 200 54 127
stats: match 17 40
stats: size_rcv 6740379 15864866
stats: newphase 1 1
stats: size_sent 52949 123605
stats: connected 3 7
# stats: dump at 1615228279
stats: users 7 13
stats: {freemem,"tsung_controller@ip-172-31-52-223"} 1 668.8828125 0.0 670.5234375 668.8828125 669.759765625 4
stats: {load,"tsung_controller@ip-172-31-52-223"} 1 0.08984375 0.0 0.1484375 0.0 0.0927734375 4
stats: {cpu,"tsung_controller@ip-172-31-52-223"} 1 0.6003001500750376 0.0 1.5578041483174774 0.35035035035035034 0.7646824465779124 4
stats: session 28 2399.18025 572.370165951485 3356.395 1488.376 2388.38156097561 41
stats: users_count 28 76
stats: finish_users_count 28 69
stats: 302 53 140
stats: request 137 99.31497080291969 101.62651128468869 421.799 5.847 82.08075233644861 214
stats: connect 27 1.1780740740740745 0.12293657682089149 29.58 0.917 1.8131489361702122 47
stats: page 109 124.8691376146789 100.290196440082 421.799 5.847 100.98731609195406 174
stats: 200 84 211
stats: match 28 68
stats: size_rcv 11570535 27435401
stats: newphase 0 1
stats: size_sent 82468 206073
stats: connected -1 6
# stats: dump at 1615228289
stats: users 0 13
stats: {freemem,"tsung_controller@ip-172-31-52-223"} 1 665.17578125 0.0 670.5234375 665.17578125 669.584375 5
stats: {load,"tsung_controller@ip-172-31-52-223"} 1 0.0703125 0.0 0.1484375 0.0 0.0921875 5
stats: {cpu,"tsung_controller@ip-172-31-52-223"} 1 0.8012018027040559 0.0 1.5578041483174774 0.35035035035035034 0.7318059872773375 5
stats: session 19 2716.967105263159 565.870477200801 3639.91 1488.376 2392.7636376811593 69
stats: users_count 12 88
stats: finish_users_count 19 88
stats: request 89 100.1251123595505 112.22108608971806 452.157 5.847 88.80749857549857 351
stats: connect 14 1.1668571428571428 0.12004157443084759 29.58 0.917 1.5814324324324323 74
stats: page 69 129.1973768115942 113.24881640653558 452.157 5.847 110.18561484098942 283
stats: 302 36 176
stats: 200 53 264
stats: match 20 88
stats: size_rcv 7542837 34978238
stats: newphase 0 1
stats: size_sent 53062 259135
stats: connected -6 0
# stats: dump at 1615228299
stats: users 9 21
stats: {freemem,"tsung_controller@ip-172-31-52-223"} 1 666.0390625 0.0 670.5234375 665.17578125 668.849609375 6
stats: {load,"tsung_controller@ip-172-31-52-223"} 1 0.05859375 0.0 0.1484375 0.0 0.08854166666666667 6
stats: {cpu,"tsung_controller@ip-172-31-52-223"} 1 0.5 0.0 1.5578041483174774 0.35035035035035034 0.7433719565151239 6
stats: session 28 3104.7726071428574 719.0395898163317 4330.832 1488.376 2462.7621136363637 88
stats: users_count 37 125
stats: finish_users_count 28 116
stats: request 151 243.75804635761583 239.05167073613933 1075.188 5.847 91.09674318181817 440
stats: connect 35 1.4148571428571424 1.2565587051912204 29.58 0.866 1.5154772727272723 88
stats: 302 62 238
stats: page 124 296.8737096774195 267.30472134984024 1367.435 5.847 113.91235227272729 352
stats: 200 89 353
stats: match 27 115
stats: size_rcv 10882519 45860757
stats: newphase 1 2
stats: size_sent 85465 344600
stats: connected 8 8
# stats: dump at 1615228309
stats: users 33 33
stats: {freemem,"tsung_controller@ip-172-31-52-223"} 1 666.39453125 0.0 670.5234375 665.17578125 668.4481026785714 7
stats: {load,"tsung_controller@ip-172-31-52-223"} 1 0.05078125 0.0 0.1484375 0.0 0.08426339285714286 7
stats: {cpu,"tsung_controller@ip-172-31-52-223"} 1 0.9013520280420632 0.0 1.5578041483174774 0.35035035035035034 0.7086045341558205 7
stats: session 31 3972.293999999999 1135.5845467785277 6236.341 1488.376 2617.7301637931037 116
stats: users_count 55 180
stats: finish_users_count 31 147
stats: request 209 494.46271291866054 393.29683484548576 1729.353 5.847 130.10157698815564 591
stats: connect 55 1.3650909090909091 0.7010432037711507 29.58 0.866 1.4868455284552842 123
stats: page 173 567.298485549133 457.02477130649345 2071.833 5.847 161.5745546218488 476
stats: 302 85 323
stats: 200 124 477
stats: match 36 151
stats: size_rcv 16608911 62469668
stats: newphase 0 2
stats: size_sent 130350 474950
stats: connected 24 32
# stats: dump at 1615228319
stats: users 1 33
stats: {freemem,"tsung_controller@ip-172-31-52-223"} 1 661.78515625 0.0 670.5234375 661.78515625 668.19140625 8
stats: {load,"tsung_controller@ip-172-31-52-223"} 1 0.0390625 0.0 0.1484375 0.0 0.080078125 8
stats: {cpu,"tsung_controller@ip-172-31-52-223"} 1 1.7999999999999998 0.0 1.7999999999999998 0.35035035035035034 0.7326979708916008 8
stats: session 60 4340.071916666668 1461.2743637435594 6988.432 1488.376 2903.386482993197 147
stats: users_count 28 208
stats: finish_users_count 60 207
stats: page 177 607.2863954802259 580.873200236386 2326.188 5.847 269.7259260400617 649
stats: 302 90 413
stats: request 231 442.72675324675333 408.71685640001505 1729.353 5.847 225.29092375000005 800
stats: connect 30 1.2174333333333331 0.12502417988355516 29.58 0.866 1.4492247191011232 178
stats: 200 141 618
stats: match 54 205
stats: size_rcv 19885924 82355592
stats: newphase 0 2
stats: size_sent 131614 606564
stats: connected -29 3
# stats: dump at 1615228329
stats: users 60 61
stats: {freemem,"tsung_controller@ip-172-31-52-223"} 1 662.703125 0.0 670.5234375 661.78515625 667.4796006944445 9
stats: {load,"tsung_controller@ip-172-31-52-223"} 1 0.0390625 0.0 0.1484375 0.0 0.07552083333333333 9
stats: {cpu,"tsung_controller@ip-172-31-52-223"} 1 1.899050474762619 0.0 1.899050474762619 0.35035035035035034 0.8512870852369785 9
stats: session 9 5421.291666666667 1576.4592201238684 7443.827 1488.376 3319.817043478261 207
stats: users_count 68 276
stats: finish_users_count 9 216
stats: request 151 808.9637682119203 642.490687868069 2389.126 5.847 274.0083598448109 1031
stats: connect 65 1.2661846153846155 0.4538569036536549 29.58 0.866 1.4157932692307686 208
stats: page 135 820.6537925925926 722.7139595222595 3431.975 5.847 342.06031234866833 826
stats: 302 59 472
stats: 200 92 710
stats: match 16 221
stats: size_rcv 11054842 93410434
stats: newphase 1 3
stats: size_sent 99604 706168
stats: connected 56 59
# stats: dump at 1615228339
stats: users 124 124
stats: {freemem,"tsung_controller@ip-172-31-52-223"} 1 656.296875 0.0 670.5234375 656.296875 667.001953125 10
stats: {load,"tsung_controller@ip-172-31-52-223"} 1 0.03125 0.0 0.1484375 0.0 0.071875 10
stats: {cpu,"tsung_controller@ip-172-31-52-223"} 1 1.2980529206190714 0.0 1.899050474762619 0.35035035035035034 0.9560634241895425 10
stats: session 31 10223.084258064515 1752.7205883843699 12849.365 1488.376 3407.378486111111 216
stats: users_count 95 371
stats: finish_users_count 31 247
stats: request 242 2708.8649628099183 624.2174024194088 4182.954 5.847 342.3486869712352 1182
stats: connect 96 1.405125 0.8963966784902394 29.58 0.866 1.380172161172161 273
stats: page 206 3070.228368932041 1081.7900619359102 6854.084 5.847 409.29248699271596 961
stats: 302 88 560
stats: 200 155 865
stats: match 36 257
stats: size_rcv 16460281 109870715
stats: newphase 0 3
stats: size_sent 152685 858853
stats: connected 63 122
# stats: dump at 1615228349
stats: users 183 186
stats: {freemem,"tsung_controller@ip-172-31-52-223"} 1 645.56640625 0.0 670.5234375 645.56640625 666.0287642045455 11
stats: {load,"tsung_controller@ip-172-31-52-223"} 1 0.01953125 0.0 0.1484375 0.0 0.06818181818181818 11
stats: {cpu,"tsung_controller@ip-172-31-52-223"} 1 1.7928286852589643 0.0 1.899050474762619 0.35035035035035034 0.9871533784104087 11
stats: session 18 17541.218666666664 2728.790778166688 21287.359 1488.376 4262.790951417004 247
stats: users_count 77 448
stats: finish_users_count 18 265
stats: request 195 5592.841138461535 1206.6214550865222 7948.703 5.847 744.5235035112362 1424
stats: connect 79 1.2795949367088606 0.41763746373332417 29.58 0.866 1.3866639566395662 369
stats: page 169 5953.166343195266 1705.6635351067325 11591.225 5.847 879.0035338474726 1167
stats: 302 83 643
stats: 200 111 976
stats: match 26 283
stats: size_rcv 16943385 126814100
stats: newphase 0 3
stats: size_sent 132932 991785
stats: connected 62 184
# stats: dump at 1615228359
stats: users 228 237
stats: {freemem,"tsung_controller@ip-172-31-52-223"} 1 631.8046875 0.0 670.5234375 631.8046875 664.3235677083334 12
stats: {load,"tsung_controller@ip-172-31-52-223"} 1 0.01953125 0.0 0.1484375 0.0 0.06412760416666667 12
stats: {cpu,"tsung_controller@ip-172-31-52-223"} 1 1.105527638190955 0.0 1.899050474762619 0.35035035035035034 1.054292987314455 12
stats: session 89 14271.692404494377 9749.496531053574 28754.719 1029.368 5164.7218905660375 265
stats: users_count 134 582
stats: finish_users_count 89 354
stats: request 446 3336.6761995515694 3610.168757964889 9508.5 0.574 1328.4777584928966 1619
stats: connect 130 1.368469230769231 1.4016537166365113 29.58 0.866 1.367783482142857 448
stats: page 357 3957.0441764705856 4427.861421111338 16141.148 0.574 1520.869937125749 1336
stats: 302 91 734
stats: match_stop 51 51
stats: 200 118 1094
stats: match 38 321
stats: size_rcv 17483586 144297686
stats: newphase 1 4
stats: 502 237 237
stats: nomatch 51 51
stats: size_sent 182871 1174656
stats: connected 48 232
# stats: dump at 1615228369
stats: users 228 245
stats: {freemem,"tsung_controller@ip-172-31-52-223"} 1 625.8984375 0.0 670.5234375 625.8984375 661.8221153846154 13
stats: {load,"tsung_controller@ip-172-31-52-223"} 1 0.01953125 0.0 0.1484375 0.0 0.060697115384615384 13
stats: {cpu,"tsung_controller@ip-172-31-52-223"} 1 2.359437751004016 0.0 2.359437751004016 0.35035035035035034 1.058234114304955 13
stats: session 168 13172.813226190474 11589.78300525125 33614.781 1029.368 7454.327471751412 354
stats: users_count 168 750
stats: finish_users_count 168 522
stats: connect 165 1.210284848484848 0.37234496559883173 29.58 0.866 1.3679377162629758 578
stats: page 581 3496.2521049913917 4930.364337492839 16980.729 0.569 2034.5818115770817 1693
stats: 302 86 820
stats: request 749 2691.290695594126 3981.6214943737127 10135.273 0.569 1762.209722033898 2065
stats: match_stop 132 183
stats: 200 152 1246
stats: match 36 357
stats: size_rcv 18627518 162925204
stats: newphase 0 4
stats: 502 511 748
stats: nomatch 132 183
stats: size_sent 274399 1449055
stats: connected -8 224
# stats: dump at 1615228379
stats: users 220 245
stats: {freemem,"tsung_controller@ip-172-31-52-223"} 1 617.3359375 0.0 670.5234375 617.3359375 659.2561383928571 14
stats: {load,"tsung_controller@ip-172-31-52-223"} 1 0.01171875 0.0 0.1484375 0.0 0.05775669642857143 14
stats: {cpu,"tsung_controller@ip-172-31-52-223"} 1 3.0211480362537766 0.0 3.0211480362537766 0.35035035035035034 1.151177231212031 14
stats: session 150 14007.815820000003 12802.589865326743 41798.119 1029.368 9294.759668582374 522
stats: users_count 142 892
stats: finish_users_count 150 672
stats: request 632 2967.061305379748 4431.1259188494105 11765.95 0.569 2009.5024189765459 2814
stats: connect 145 1.2911999999999997 0.7371975134203204 29.58 0.866 1.33292732166891 743
stats: page 473 3849.383598308665 5496.5997682867355 19103.135 0.569 2408.034072119612 2274
stats: 302 90 910
stats: match_stop 116 299
stats: 200 111 1357
stats: match 43 400
stats: size_rcv 20239418 183164622
stats: newphase 0 4
stats: 502 432 1180
stats: nomatch 116 299
stats: size_sent 229698 1678753
stats: connected -6 218
# stats: dump at 1615228389
stats: users 254 259
stats: {freemem,"tsung_controller@ip-172-31-52-223"} 1 622.40234375 0.0 670.5234375 617.3359375 656.4614583333333 15
stats: {load,"tsung_controller@ip-172-31-52-223"} 1 0.01171875 0.0 0.1484375 0.0 0.0546875 15
stats: {cpu,"tsung_controller@ip-172-31-52-223"} 1 3.1 0.0 3.1 0.35035035035035034 1.2758419515481474 15
stats: session 239 11244.936539748958 12149.356212127026 46645.191 1014.749 10346.78113095238 672
stats: users_count 273 1165
stats: finish_users_count 239 911
stats: request 1006 1912.5981819085519 3651.3462659739353 11765.95 0.565 2185.1197190946027 3446
stats: connect 269 1.207550185873606 0.435209519137958 29.58 0.866 1.326113738738739 888
stats: page 780 2565.489108974363 4681.423559984009 20934.119 0.565 2656.216935566071 2747
stats: 302 82 992
stats: match_stop 186 485
stats: 200 141 1498
stats: match 40 440
stats: size_rcv 23329793 206494415
stats: newphase 1 5
stats: 502 782 1962
stats: nomatch 186 485
stats: size_sent 304501 1983254
stats: connected 35 253
# stats: dump at 1615228399
stats: users 246 261
stats: {freemem,"tsung_controller@ip-172-31-52-223"} 1 625.44921875 0.0 670.5234375 617.3359375 654.332763671875 16
stats: {load,"tsung_controller@ip-172-31-52-223"} 1 0.01171875 0.0 0.1484375 0.0 0.052001953125 16
stats: {cpu,"tsung_controller@ip-172-31-52-223"} 1 4.0703517587939695 0.0 4.0703517587939695 0.35035035035035034 1.3898518295763882 16
stats: session 308 8624.802097402608 10971.419051516645 48935.963 1007.719 10582.411364434687 911
stats: users_count 300 1465
stats: finish_users_count 308 1219
stats: request 1265 1535.129742292489 3302.308655700151 11765.95 0.556 2123.539156109615 4452
stats: connect 304 1.1868092105263153 0.8482594193681231 29.58 0.864 1.2985479688850476 1157
stats: page 953 2022.6504176285432 4043.4932093406164 20934.119 0.556 2636.1523751063223 3527
stats: 302 74 1066
stats: match_stop 274 759
stats: 200 157 1655
stats: match 38 478
stats: size_rcv 26080773 232575188
stats: newphase 0 5
stats: 502 1034 2996
stats: nomatch 274 759
stats: size_sent 369686 2352940
stats: connected -6 247
# stats: dump at 1615228409
stats: users 275 280
stats: {freemem,"tsung_controller@ip-172-31-52-223"} 1 625.3359375 0.0 670.5234375 617.3359375 652.6337316176471 17
stats: {load,"tsung_controller@ip-172-31-52-223"} 1 0.01171875 0.0 0.1484375 0.0 0.04963235294117647 17
stats: {cpu,"tsung_controller@ip-172-31-52-223"} 1 3.857868020304569 0.0 4.0703517587939695 0.35035035035035034 1.5475282960009518 17
stats: session 284 9541.377538732399 11555.133109065542 51191.141 1007.719 10087.789826907305 1219
stats: users_count 313 1778
stats: finish_users_count 284 1503
stats: request 1238 1620.1609563812594 3531.422389465658 11765.95 0.556 1993.341865838727 5717
stats: page 962 2161.065646569648 4367.397445734413 20934.119 0.556 2505.6462667410715 4480
stats: connect 314 1.1728694267515924 0.472862228109079 29.58 0.864 1.2752977412731006 1461
stats: 302 86 1152
stats: match_stop 242 1001
stats: 200 135 1790
stats: match 34 512
stats: size_rcv 17676974 250252162
stats: newphase 0 5
stats: 502 1017 4013
stats: nomatch 242 1001
stats: size_sent 357851 2710791
stats: connected 28 275
# stats: dump at 1615228419
stats: users 317 324
stats: {freemem,"tsung_controller@ip-172-31-52-223"} 1 624.30078125 0.0 670.5234375 617.3359375 651.1171875 18
stats: {load,"tsung_controller@ip-172-31-52-223"} 1 0.01171875 0.0 0.1484375 0.0 0.047526041666666664 18
stats: {cpu,"tsung_controller@ip-172-31-52-223"} 1 3.7150127226463106 0.0 4.0703517587939695 0.35035035035035034 1.6758805029067083 18
stats: session 513 5583.905840155948 7938.499133028827 51191.141 1007.593 9984.542262142386 1503
stats: users_count 555 2333
stats: finish_users_count 513 2016
stats: request 2163 805.6689713361078 2578.597145264321 11765.95 0.556 1926.9151273903667 6955
stats: connect 551 1.1765880217785831 0.5437146775659302 29.58 0.847 1.2571780281690141 1775
stats: page 1655 1071.6440344410905 3104.605361514744 20934.119 0.556 2444.7336323043 5442
stats: 302 74 1226
stats: match_stop 474 1475
stats: 200 124 1914
stats: match 34 546
stats: size_rcv 24689387 274941549
stats: newphase 1 6
stats: 502 1965 5978
stats: nomatch 474 1475
stats: size_sent 538141 3248932
stats: connected 40 315
# stats: dump at 1615228429
stats: users 337 348
stats: {freemem,"tsung_controller@ip-172-31-52-223"} 1 621.96484375 0.0 670.5234375 617.3359375 649.7057976973684 19
stats: {load,"tsung_controller@ip-172-31-52-223"} 1 0.0 0.0 0.1484375 0.0 0.04564144736842105 19
stats: {cpu,"tsung_controller@ip-172-31-52-223"} 1 6.172839506172839 0.0 6.172839506172839 0.35035035035035034 1.7832032513140557 19
stats: session 643 4867.4216065318815 6719.172733774732 51191.141 1007.593 8864.737458333337 2016
stats: users_count 663 2996
stats: finish_users_count 643 2659
stats: 302 83 1309
stats: match_stop 609 2084
stats: request 2645 723.3164752362914 2572.6887014507492 12398.448 0.555 1660.9296661548588 9118
stats: 200 117 2031
stats: match 37 583
stats: size_rcv 22369063 297310612
stats: connect 659 1.1072124430955999 0.3792973622510069 29.58 0.847 1.2380872742906273 2326
stats: newphase 0 6
stats: 502 2446 8424
stats: nomatch 609 2084
stats: page 1999 932.6922541270632 2977.4146455224127 20934.119 0.555 2124.5330849654792 7097
stats: size_sent 643089 3892021
stats: connected 17 332
# stats: dump at 1615228439
stats: users 317 348
stats: {freemem,"tsung_controller@ip-172-31-52-223"} 1 616.44140625 0.0 670.5234375 616.44140625 648.31875 20
stats: {load,"tsung_controller@ip-172-31-52-223"} 1 0.078125 0.0 0.1484375 0.0 0.043359375 20
stats: {cpu,"tsung_controller@ip-172-31-52-223"} 1 7.072282891315653 0.0 7.072282891315653 0.35035035035035034 2.002685064056995 20
stats: session 641 5411.773597503896 8070.308437463283 53145.924 1007.593 7898.105606995113 2659
stats: users_count 621 3617
stats: finish_users_count 641 3300
stats: page 1914 1035.4807251828624 3251.2617344242517 21632.542 0.555 1862.6058839050138 9096
stats: 302 70 1379
stats: match_stop 605 2689
stats: 200 136 2167
stats: match 39 622
stats: connect 628 1.1277165605095545 0.6162972770301632 29.58 0.84 1.209193969849246 2985
stats: size_rcv 28526951 325837563
stats: newphase 0 6
stats: 502 2351 10775
stats: nomatch 605 2689
stats: size_sent 626674 4518695
stats: connected -12 320
stats: request 2558 779.1631583268178 2676.831385411847 12746.333 0.555 1450.1002102354837 11763
# stats: dump at 1615228449
stats: users 414 454
stats: {freemem,"tsung_controller@ip-172-31-52-223"} 1 625.38671875 0.0 670.5234375 616.44140625 646.80078125 21
stats: {load,"tsung_controller@ip-172-31-52-223"} 1 0.0703125 0.0 0.1484375 0.0 0.04501488095238095 21
stats: {cpu,"tsung_controller@ip-172-31-52-223"} 1 6.973140495867769 0.0 7.072282891315653 0.35035035035035034 2.244094484402645 21
stats: session 1041 4041.0117195004786 6039.738095170591 53145.924 1007.593 7415.154450000001 3300
stats: users_count 1138 4755
stats: finish_users_count 1041 4341
stats: request 4376 448.61038619744164 2043.4004480208346 12746.333 0.552 1330.258231408421 14321
stats: connect 1137 1.0958979771328068 0.47612716807655947 29.58 0.823 1.1950318295045668 3613
stats: page 3344 604.1635610047853 2474.1622742160066 21632.542 0.552 1718.8168236148958 11010
stats: 302 66 1445
stats: match_stop 1002 3691
stats: 200 140 2307
stats: match 30 652
stats: size_rcv 26349912 352187475
stats: newphase 1 7
stats: 502 4170 14945
stats: nomatch 1002 3691
stats: size_sent 987277 5505972
stats: connected 96 416
# stats: dump at 1615228459
stats: users 443 454
stats: {freemem,"tsung_controller@ip-172-31-52-223"} 1 615.390625 0.0 670.5234375 615.390625 645.8274147727273 22
stats: {load,"tsung_controller@ip-172-31-52-223"} 1 0.05859375 0.0 0.1484375 0.0 0.04616477272727273 22
stats: {cpu,"tsung_controller@ip-172-31-52-223"} 1 12.90994273815721 0.0 12.90994273815721 0.35035035035035034 2.4590511212874233 22
stats: session 1140 3711.9683061403484 5281.538245600343 53145.924 1007.593 6606.0131041234745 4341
stats: users_count 1169 5924
stats: finish_users_count 1140 5481
stats: request 4672 383.04637585616445 1829.3862820792663 12746.333 0.548 1123.910102262395 18697
stats: connect 1171 1.0477728437233145 0.3480499335678126 29.58 0.768 1.171302315789474 4750
stats: page 3526 505.028493760637 2177.529751467429 21632.542 0.548 1459.1400429148673 14354
stats: 302 78 1523
stats: match_stop 1109 4800
stats: 200 125 2432
stats: match 37 689
stats: size_rcv 22574922 374762397
stats: newphase 0 7
stats: 502 4470 19415
stats: nomatch 1109 4800
stats: size_sent 1053456 6559428
stats: connected 28 444
# stats: dump at 1615228469
stats: users 447 462
stats: {freemem,"tsung_controller@ip-172-31-52-223"} 1 617.046875 0.0 670.5234375 615.390625 644.5040760869565 23
stats: {load,"tsung_controller@ip-172-31-52-223"} 1 0.05078125 0.0 0.1484375 0.0 0.046705163043478264 23
stats: {cpu,"tsung_controller@ip-172-31-52-223"} 1 13.555787278415016 0.0 13.555787278415016 0.35035035035035034 2.9134377133252403 23
stats: session 1225 3488.914854693874 4773.379407441755 53145.924 1007.593 6004.0771308155445 5481
stats: users_count 1229 7153
stats: finish_users_count 1225 6706
stats: request 4935 380.4325608915912 1951.36253341873 12774.278 0.548 975.7944220976508 23369
stats: connect 1228 1.0688916938110729 0.40054042949982754 29.58 0.765 1.1468718121938866 5921
stats: page 3713 510.44440910314916 2310.474184333977 21632.542 0.548 1270.9858302572713 17880
stats: 302 73 1596
stats: match_stop 1193 5993
stats: 200 111 2543
stats: match 29 718
stats: size_rcv 23957193 398719590
stats: newphase 0 7
stats: 502 4750 24165
stats: nomatch 1193 5993
stats: size_sent 1088429 7647857
stats: connected 1 445
# stats: dump at 1615228479
stats: users 191 462
stats: {freemem,"tsung_controller@ip-172-31-52-223"} 1 616.46875 0.0 670.5234375 615.390625 643.3600260416666 24
stats: {load,"tsung_controller@ip-172-31-52-223"} 1 0.0390625 0.0 0.1484375 0.0 0.046875 24
stats: {cpu,"tsung_controller@ip-172-31-52-223"} 1 12.427593470247498 0.0 13.555787278415016 0.35035035035035034 3.356868945203981 24
stats: session 405 4310.193925925927 5819.38407957013 53145.924 1006.42 5544.626819415448 6706
stats: users_count 149 7302
stats: finish_users_count 405 7111
stats: connect 153 1.127856209150326 0.3685318942804942 29.58 0.765 1.1334769897887815 7149
stats: 302 81 1677
stats: request 1269 1547.1931339637506 3840.7447371178278 13228.629 0.548 871.9889251695874 28304
stats: match_stop 390 6383
stats: 200 102 2645
stats: match 35 753
stats: page 844 2167.4107736966816 4615.528139226923 21632.542 0.548 1140.2077865975086 21593
stats: size_rcv 20189184 418908774
stats: newphase 0 7
stats: 502 1086 25251
stats: nomatch 390 6383
stats: size_sent 355963 8003820
stats: connected -253 192
# stats: dump at 1615228489
stats: users 132 462
stats: {freemem,"tsung_controller@ip-172-31-52-223"} 1 622.44921875 0.0 670.5234375 615.390625 642.284375 25
stats: {load,"tsung_controller@ip-172-31-52-223"} 1 0.03125 0.0 0.1484375 0.0 0.0465625 25
stats: {cpu,"tsung_controller@ip-172-31-52-223"} 1 2.481012658227848 0.0 13.555787278415016 0.35035035035035034 3.7196979262057215 25
stats: session 59 24457.76008474576 4542.129831746572 53145.924 1006.42 5474.320909998593 7111
stats: users_count 0 7302
stats: finish_users_count 59 7170
stats: connect 0 0 0 29.58 0.765 1.1333592166529716 7302
stats: page 159 11804.304465408808 973.6452518963787 21632.542 0.548 1178.8475031867008 22437
stats: 302 102 1779
stats: request 225 8498.446862222238 2939.2726855113156 13332.134 0.548 900.9624530822035 29573
stats: match_stop 0 6383
stats: 200 120 2765
stats: match 66 819
stats: size_rcv 24478313 443387087
stats: newphase 0 7
stats: 502 0 25251
stats: nomatch 0 6383
stats: size_sent 116056 8119876
stats: connected -52 140
stats: 500 4 4
# stats: dump at 1615228499
stats: users 0 462
stats: {freemem,"tsung_controller@ip-172-31-52-223"} 1 623.73046875 0.0 670.5234375 615.390625 641.521484375 26
stats: {load,"tsung_controller@ip-172-31-52-223"} 1 0.03125 0.0 0.1484375 0.0 0.045973557692307696 26
stats: {cpu,"tsung_controller@ip-172-31-52-223"} 1 1.9509754877438719 0.0 13.555787278415016 0.35035035035035034 3.67205618512965 26
stats: session 132 31668.797810606065 7940.143335536219 53145.924 1006.42 5630.530521059972 7170
stats: users_count 0 7302
stats: finish_users_count 132 7302
stats: connect 0 0 0 29.58 0.765 1.1333592166529716 7302
stats: page 229 7229.896711790392 3386.6568310419316 21632.542 0.548 1253.6150574880512 22596
stats: 302 115 1894
stats: request 329 4348.014513677814 3359.4231654432183 13333.139 0.548 958.3298600241629 29798
stats: match_stop 0 6383
stats: 200 210 2975
stats: match 100 919
stats: size_rcv 30199679 473586766
stats: newphase 0 7
stats: 502 0 25251
stats: nomatch 0 6383
stats: size_sent 150713 8270589
stats: connected -140 0
stats: 500 3 7
# stats: dump at 1615228501
stats: users 0 462
stats: {freemem,"tsung_controller@ip-172-31-52-223"} 1 649.03125 0.0 670.5234375 615.390625 640.8625578703703 27
stats: {load,"tsung_controller@ip-172-31-52-223"} 1 0.01953125 0.0 0.1484375 0.0 0.04542824074074074 27
stats: {cpu,"tsung_controller@ip-172-31-52-223"} 1 2.493765586034913 0.0 13.555787278415016 0.35035035035035034 3.608312455596843 27
stats: session 0 0 0 53145.924 1006.42 6101.230504930156 7302
stats: users_count 0 7302
stats: finish_users_count 0 7302
stats: request 0 0 0 13333.139 0.548 995.3466971155445 30127
stats: connect 0 0 0 29.58 0.765 1.1333592166529716 7302
stats: page 0 0 0 21632.542 0.548 1313.5742469222346 22825
stats: 302 0 1894
stats: match_stop 0 6383
stats: 200 0 2975
stats: match 0 919
stats: size_rcv 0 473586766
stats: newphase 0 7
stats: 502 0 25251
stats: nomatch 0 6383
stats: size_sent 0 8270589
stats: connected 0 0
stats: 500 0 7
EndMonitor:{1615,228501,21510}
