# stats: dump at 1615501447
stats: users 0 1
stats: {freemem,"tsung_controller@ip-172-31-58-109"} 1 670.1875 0 670.1875 670.1875 0 0
stats: {load,"tsung_controller@ip-172-31-58-109"} 1 0.0 0 0.0 0.0 0 0
stats: {cpu,"tsung_controller@ip-172-31-58-109"} 1 0.5356847331402564 0 0.5356847331402564 0.5356847331402564 0 0
stats: session 6 27.732166666666668 9.780023745994802 49.583 22.651 0 0
stats: users_count 6 6
stats: finish_users_count 6 6
stats: request 6 24.74866666666667 7.662589263572868 41.86 20.59 0 0
stats: connect 6 3.2853333333333334 4.326762287078976 12.951 1.17 0 0
stats: page 6 24.74866666666667 7.662589263572868 41.86 20.59 0 0
stats: 200 6 6
stats: size_rcv 55435 55435
stats: size_sent 737 737
stats: connected 0 0
# stats: dump at 1615501457
stats: users 0 1
stats: {freemem,"tsung_controller@ip-172-31-58-109"} 1 671.859375 0.0 671.859375 670.1875 670.1875 1
stats: {load,"tsung_controller@ip-172-31-58-109"} 1 0.0 0.0 0.0 0.0 0.0 1
stats: {cpu,"tsung_controller@ip-172-31-58-109"} 1 0.14992503748125938 0.0 0.5356847331402564 0.14992503748125938 0.5356847331402564 1
stats: session 13 27.126923076923074 5.7469060901903966 49.583 21.973 27.732166666666668 6
stats: users_count 13 19
stats: finish_users_count 13 19
stats: request 12 24.476416666666665 5.512893923314889 41.86 20.009 24.74866666666667 6
stats: connect 12 1.238 0.15723920206699937 12.951 1.12 3.2853333333333334 6
stats: page 12 24.476416666666665 5.512893923314889 41.86 20.009 24.74866666666667 6
stats: 200 12 18
stats: size_rcv 110828 166263
stats: size_sent 1486 2223
stats: connected 0 0
# stats: dump at 1615501467
stats: users 0 1
stats: {freemem,"tsung_controller@ip-172-31-58-109"} 1 672.1484375 0.0 672.1484375 670.1875 671.0234375 2
stats: {load,"tsung_controller@ip-172-31-58-109"} 1 0.0 0.0 0.0 0.0 0.0 2
stats: {cpu,"tsung_controller@ip-172-31-58-109"} 1 0.15 0.0 0.5356847331402564 0.14992503748125938 0.3428048853107579 2
stats: session 5 28.1442 8.39438742017546 49.583 21.235 27.318052631578947 19
stats: users_count 5 24
stats: finish_users_count 5 24
stats: request 6 27.21783333333333 8.045674685126716 41.86 19.172 24.567166666666665 18
stats: connect 6 1.309 0.23138352001240997 12.951 1.095 1.9204444444444444 18
stats: page 6 27.21783333333333 8.045674685126716 41.86 19.172 24.567166666666665 18
stats: 200 6 24
stats: size_rcv 55458 221721
stats: size_sent 746 2969
stats: connected 0 0
# stats: dump at 1615501477
stats: users 0 1
stats: {freemem,"tsung_controller@ip-172-31-58-109"} 1 670.14453125 0.0 672.1484375 670.14453125 671.3984375 3
stats: {load,"tsung_controller@ip-172-31-58-109"} 1 0.0 0.0 0.0 0.0 0.0 3
stats: {cpu,"tsung_controller@ip-172-31-58-109"} 1 1.2431626056688214 0.0 1.2431626056688214 0.14992503748125938 0.278536590207172 3
stats: session 16 26.077062500000004 6.346355976747109 49.583 21.235 27.490166666666667 24
stats: users_count 16 40
stats: finish_users_count 16 40
stats: request 16 24.0776875 6.334364468109152 41.86 19.172 25.229833333333332 24
stats: connect 16 1.3336249999999998 0.3937067238122814 12.951 1.086 1.7675833333333333 24
stats: page 16 24.0776875 6.334364468109152 41.86 19.172 25.229833333333332 24
stats: 200 16 40
stats: size_rcv 148013 369734
stats: newphase 1 1
stats: size_sent 1981 4950
stats: connected 0 0
# stats: dump at 1615501487
stats: users 0 1
stats: {freemem,"tsung_controller@ip-172-31-58-109"} 1 670.1328125 0.0 672.1484375 670.1328125 671.0849609375 4
stats: {load,"tsung_controller@ip-172-31-58-109"} 1 0.0 0.0 0.0 0.0 0.0 4
stats: {cpu,"tsung_controller@ip-172-31-58-109"} 1 0.2 0.0 1.2431626056688214 0.14992503748125938 0.5196930940725843 4
stats: session 10 25.602500000000003 6.067289431863293 49.583 21.235 26.924925 40
stats: users_count 10 50
stats: finish_users_count 10 50
stats: request 9 23.848444444444443 6.33112445886039 41.86 19.172 24.768975 40
stats: connect 9 1.2190000000000003 0.09978977903573086 12.951 1.086 1.5939999999999999 40
stats: page 9 23.848444444444443 6.33112445886039 41.86 19.172 24.768975 40
stats: 200 9 49
stats: size_rcv 83121 452855
stats: newphase 0 1
stats: size_sent 1104 6054
stats: connected 0 0
# stats: dump at 1615501497
stats: users 0 1
stats: {freemem,"tsung_controller@ip-172-31-58-109"} 1 669.765625 0.0 672.1484375 669.765625 670.89453125 5
stats: {load,"tsung_controller@ip-172-31-58-109"} 1 0.0 0.0 0.0 0.0 0.0 5
stats: {cpu,"tsung_controller@ip-172-31-58-109"} 1 0.05002501250625312 0.0 1.2431626056688214 0.05002501250625312 0.4557544752580675 5
stats: session 23 26.095478260869566 5.718346468734117 49.583 21.212 26.660440000000005 50
stats: users_count 23 73
stats: finish_users_count 23 73
stats: request 22 23.98286363636364 5.720812261903935 41.86 19.172 24.59989795918367 49
stats: connect 22 1.4258636363636363 1.064423843104144 12.951 1.051 1.5251224489795918 49
stats: page 22 23.98286363636364 5.720812261903935 41.86 19.172 24.59989795918367 49
stats: 200 22 71
stats: size_rcv 203416 656271
stats: newphase 0 1
stats: size_sent 2721 8775
stats: connected 0 0
# stats: dump at 1615501507
stats: users 0 2
stats: {freemem,"tsung_controller@ip-172-31-58-109"} 1 669.78515625 0.0 672.1484375 669.765625 670.7063802083334 6
stats: {load,"tsung_controller@ip-172-31-58-109"} 1 0.0 0.0 0.0 0.0 0.0 6
stats: {cpu,"tsung_controller@ip-172-31-58-109"} 1 0.29985007496251875 0.0 1.2431626056688214 0.05002501250625312 0.38813289813276514 6
stats: session 28 28.377607142857137 6.75602914513762 49.925 21.212 26.482438356164387 73
stats: users_count 28 101
stats: finish_users_count 28 101
stats: request 27 26.512185185185185 6.874680060095118 47.932 19.172 24.408704225352114 71
stats: connect 27 1.545333333333333 1.539795681491782 12.951 1.051 1.4943661971830986 71
stats: page 27 26.512185185185185 6.874680060095118 47.932 19.172 24.408704225352114 71
stats: 200 27 98
stats: size_rcv 249462 905733
stats: newphase 1 2
stats: size_sent 3322 12097
stats: connected 0 0
# stats: dump at 1615501517
stats: users 0 2
stats: {freemem,"tsung_controller@ip-172-31-58-109"} 1 670.26953125 0.0 672.1484375 669.765625 670.5747767857143 7
stats: {load,"tsung_controller@ip-172-31-58-109"} 1 0.0 0.0 0.0 0.0 0.0 7
stats: {cpu,"tsung_controller@ip-172-31-58-109"} 1 0.3 0.0 1.2431626056688214 0.05002501250625312 0.3755210662513013 7
stats: session 33 25.23048484848486 6.65764857989717 54.126 21.212 27.00783168316832 101
stats: users_count 33 134
stats: finish_users_count 33 134
stats: request 36 23.222749999999998 6.381351765430789 52.055 19.172 24.988234693877548 98
stats: connect 36 1.1810833333333335 0.20006976213866556 12.951 0.972 1.508408163265306 98
stats: page 36 23.222749999999998 6.381351765430789 52.055 19.172 24.988234693877548 98
stats: 200 36 134
stats: size_rcv 332932 1238665
stats: newphase 0 2
stats: size_sent 4439 16536
stats: connected 0 0
# stats: dump at 1615501527
stats: users 0 2
stats: {freemem,"tsung_controller@ip-172-31-58-109"} 1 670.82421875 0.0 672.1484375 669.765625 670.53662109375 8
stats: {load,"tsung_controller@ip-172-31-58-109"} 1 0.0 0.0 0.0 0.0 0.0 8
stats: {cpu,"tsung_controller@ip-172-31-58-109"} 1 0.44932601098352476 0.0 1.2431626056688214 0.05002501250625312 0.36608093296988864 8
stats: session 48 27.750729166666673 7.868675642326942 54.126 20.711 26.570126865671643 134
stats: users_count 48 182
stats: finish_users_count 48 182
stats: request 47 25.822617021276596 7.909655361546019 52.055 18.67 24.513925373134324 134
stats: connect 47 1.3545106382978729 0.6426214223320118 12.951 0.972 1.4204701492537313 134
stats: page 47 25.822617021276596 7.909655361546019 52.055 18.67 24.513925373134324 134
stats: 200 47 181
stats: size_rcv 434476 1673141
stats: newphase 0 2
stats: size_sent 5802 22338
stats: connected 0 0
# stats: dump at 1615501537
stats: users 0 3
stats: {freemem,"tsung_controller@ip-172-31-58-109"} 1 670.6953125 0.0 672.1484375 669.765625 670.5685763888889 9
stats: {load,"tsung_controller@ip-172-31-58-109"} 1 0.0 0.0 0.0 0.0 0.0 9
stats: {cpu,"tsung_controller@ip-172-31-58-109"} 1 0.24987506246876562 0.0 1.2431626056688214 0.05002501250625312 0.3753303860825149 9
stats: session 61 27.035836065573775 5.914105462007627 54.126 20.711 26.88149450549451 182
stats: users_count 61 243
stats: finish_users_count 61 243
stats: request 61 24.990901639344262 5.950471092260963 52.055 18.67 24.853751381215467 181
stats: connect 61 1.302540983606557 0.5397674536854262 12.951 0.963 1.4033425414364642 181
stats: page 61 24.990901639344262 5.950471092260963 52.055 18.67 24.853751381215467 181
stats: 200 61 242
stats: size_rcv 563657 2236798
stats: newphase 1 3
stats: size_sent 7520 29858
stats: connected 0 0
# stats: dump at 1615501547
stats: users 0 3
stats: {freemem,"tsung_controller@ip-172-31-58-109"} 1 670.5859375 0.0 672.1484375 669.765625 670.58125 10
stats: {load,"tsung_controller@ip-172-31-58-109"} 1 0.0 0.0 0.0 0.0 0.0 10
stats: {cpu,"tsung_controller@ip-172-31-58-109"} 1 0.5 0.0 1.2431626056688214 0.05002501250625312 0.36278485372113994 10
stats: session 91 27.056637362637364 7.044662684687012 69.269 20.656 26.92023868312758 243
stats: users_count 91 334
stats: finish_users_count 91 334
stats: request 89 24.988977528089894 7.007394089965204 67.237 18.61 24.888322314049585 242
stats: connect 90 1.3260000000000007 0.5691796240594391 12.951 0.963 1.3779338842975206 242
stats: page 89 24.988977528089894 7.007394089965204 67.237 18.61 24.888322314049585 242
stats: 200 89 331
stats: size_rcv 822378 3059176
stats: newphase 0 3
stats: size_sent 11088 40946
stats: connected 1 1
# stats: dump at 1615501557
stats: users 0 3
stats: {freemem,"tsung_controller@ip-172-31-58-109"} 1 670.5703125 0.0 672.1484375 669.765625 670.5816761363636 11
stats: {load,"tsung_controller@ip-172-31-58-109"} 1 0.0 0.0 0.0 0.0 0.0 11
stats: {cpu,"tsung_controller@ip-172-31-58-109"} 1 0.6993006993006993 0.0 1.2431626056688214 0.05002501250625312 0.375258957928309 11
stats: session 101 26.406663366336627 5.798802386217394 69.269 20.457 26.957401197604792 334
stats: users_count 101 435
stats: finish_users_count 101 435
stats: request 102 24.4480294117647 5.769456521888217 67.237 18.43 24.91538670694864 331
stats: connect 101 1.3177821782178216 0.45020155230983616 12.951 0.949 1.3638554216867471 332
stats: page 102 24.4480294117647 5.769456521888217 67.237 18.43 24.91538670694864 331
stats: 200 102 433
stats: size_rcv 942859 4002035
stats: newphase 0 3
stats: size_sent 12451 53397
stats: connected -1 0
# stats: dump at 1615501567
stats: users 0 3
stats: {freemem,"tsung_controller@ip-172-31-58-109"} 1 670.68359375 0.0 672.1484375 669.765625 670.5807291666666 12
stats: {load,"tsung_controller@ip-172-31-58-109"} 1 0.0 0.0 0.0 0.0 0.0 12
stats: {cpu,"tsung_controller@ip-172-31-58-109"} 1 0.5002501250625313 0.0 1.2431626056688214 0.05002501250625312 0.40226243637600817 12
stats: session 91 27.43615384615386 7.607337074229506 69.269 19.748 26.829528735632188 435
stats: users_count 91 526
stats: finish_users_count 91 526
stats: request 90 25.40997777777778 7.6496799133874855 67.237 17.478 24.805293302540413 433
stats: connect 90 1.382677777777779 0.84165627489001 12.951 0.949 1.3531085450346423 433
stats: page 90 25.40997777777778 7.6496799133874855 67.237 17.478 24.805293302540413 433
stats: 200 90 523
stats: size_rcv 831711 4833746
stats: newphase 1 4
stats: size_sent 11102 64499
stats: connected 0 0
# stats: dump at 1615501577
stats: users 0 3
stats: {freemem,"tsung_controller@ip-172-31-58-109"} 1 670.44921875 0.0 672.1484375 669.765625 670.5886418269231 13
stats: {load,"tsung_controller@ip-172-31-58-109"} 1 0.0 0.0 0.0 0.0 0.0 13
stats: {cpu,"tsung_controller@ip-172-31-58-109"} 1 0.5508262393590386 0.0 1.2431626056688214 0.05002501250625312 0.40979995089035615 13
stats: session 143 26.932923076923082 7.151029326932053 69.269 19.748 26.934477186311792 526
stats: users_count 143 669
stats: finish_users_count 143 669
stats: request 140 24.922342857142866 7.200847467755275 67.237 17.478 24.909349904397708 523
stats: connect 140 1.4634000000000003 1.3149524912656407 13.361 0.949 1.358196940726578 523
stats: page 140 24.922342857142866 7.200847467755275 67.237 17.478 24.909349904397708 523
stats: 200 140 663
stats: size_rcv 1293459 6127205
stats: newphase 0 4
stats: size_sent 17269 81768
stats: connected 0 0
# stats: dump at 1615501587
stats: users 0 4
stats: {freemem,"tsung_controller@ip-172-31-58-109"} 1 670.24609375 0.0 672.1484375 669.765625 670.5786830357143 14
stats: {load,"tsung_controller@ip-172-31-58-109"} 1 0.0 0.0 0.0 0.0 0.0 14
stats: {cpu,"tsung_controller@ip-172-31-58-109"} 1 1.1465603190428715 0.0 1.2431626056688214 0.05002501250625312 0.4198732572095477 14
stats: session 166 26.803885542168672 7.831356602395739 69.269 19.748 26.934144992526164 669
stats: users_count 166 835
stats: finish_users_count 166 835
stats: request 169 24.756236686390537 7.764736756048149 67.237 17.478 24.912093514328816 663
stats: connect 170 1.2031058823529401 0.543448358356792 13.361 0.936 1.3804117647058827 663
stats: page 169 24.756236686390537 7.764736756048149 67.237 17.478 24.912093514328816 663
stats: 200 169 832
stats: size_rcv 1562155 7689360
stats: newphase 0 4
stats: size_sent 20974 102742
stats: connected 1 1
# stats: dump at 1615501597
stats: users 1 6
stats: {freemem,"tsung_controller@ip-172-31-58-109"} 1 670.17578125 0.0 672.1484375 669.765625 670.5565104166667 15
stats: {load,"tsung_controller@ip-172-31-58-109"} 1 0.0 0.0 0.0 0.0 0.0 15
stats: {cpu,"tsung_controller@ip-172-31-58-109"} 1 0.8521303258145364 0.0 1.2431626056688214 0.05002501250625312 0.46831906133176926 15
stats: session 286 30.688779720279715 9.759819174483185 70.037 19.706 26.90824910179641 835
stats: users_count 287 1122
stats: finish_users_count 286 1121
stats: request 279 28.444035842293914 9.716967846757345 68.13 17.478 24.880435096153853 832
stats: connect 281 1.202387900355871 0.43891154078756767 13.361 0.87 1.3442268907563024 833
stats: page 279 28.444035842293914 9.716967846757345 68.13 17.478 24.880435096153853 832
stats: 200 279 1111
stats: size_rcv 2578050 10267410
stats: newphase 1 5
stats: size_sent 34643 137385
stats: connected 2 3
# stats: dump at 1615501607
stats: users 0 6
stats: {freemem,"tsung_controller@ip-172-31-58-109"} 1 669.015625 0.0 672.1484375 669.015625 670.53271484375 16
stats: {load,"tsung_controller@ip-172-31-58-109"} 1 0.0 0.0 0.0 0.0 0.0 16
stats: {cpu,"tsung_controller@ip-172-31-58-109"} 1 1.900950475237619 0.0 1.900950475237619 0.05002501250625312 0.4923072653619422 16
stats: session 308 31.305616883116876 10.515015685495126 78.032 19.292 27.872773416592327 1121
stats: users_count 307 1429
stats: finish_users_count 308 1429
stats: request 312 29.320743589743568 10.563258976143413 75.986 17.248 25.775344734473453 1111
stats: page 312 29.320743589743568 10.563258976143413 75.986 17.248 25.775344734473453 1111
stats: connect 311 1.1446366559485537 0.3204882726916365 13.361 0.87 1.308448833034111 1114
stats: 200 312 1423
stats: size_rcv 2882686 13150096
stats: newphase 0 5
stats: size_sent 38324 175709
stats: connected -1 2
# stats: dump at 1615501617
stats: users 0 7
stats: {freemem,"tsung_controller@ip-172-31-58-109"} 1 668.63671875 0.0 672.1484375 668.63671875 670.4434742647059 17
stats: {load,"tsung_controller@ip-172-31-58-109"} 1 0.0 0.0 0.0 0.0 0.0 17
stats: {cpu,"tsung_controller@ip-172-31-58-109"} 1 1.5022533800701052 0.0 1.900950475237619 0.05002501250625312 0.5751686306487467 17
stats: session 320 29.256181250000008 8.455255050390168 78.032 19.292 28.612672498250518 1429
stats: users_count 320 1749
stats: finish_users_count 320 1749
stats: request 322 27.265499999999996 8.409677510323434 75.986 17.248 26.552691496837664 1423
stats: connect 320 1.2464312499999992 0.6455718842804704 13.361 0.87 1.272697543859649 1425
stats: page 322 27.265499999999996 8.409677510323434 75.986 17.248 26.552691496837664 1423
stats: 200 322 1745
stats: size_rcv 2975726 16125822
stats: newphase 0 5
stats: size_sent 39479 215188
stats: connected -2 0
# stats: dump at 1615501627
stats: users 2 10
stats: {freemem,"tsung_controller@ip-172-31-58-109"} 1 670.31640625 0.0 672.1484375 668.63671875 670.3430989583334 18
stats: {load,"tsung_controller@ip-172-31-58-109"} 1 0.0 0.0 0.0 0.0 0.0 18
stats: {cpu,"tsung_controller@ip-172-31-58-109"} 1 1.998001998001998 0.0 1.998001998001998 0.05002501250625312 0.6266733389499333 18
stats: session 494 37.914720647773265 16.61384158981164 125.623 19.292 28.73040994854202 1749
stats: users_count 496 2245
stats: finish_users_count 494 2243
stats: 200 494 2239
stats: request 494 35.796275303643704 16.537343311387772 123.057 17.248 26.684224068767904 1745
stats: connect 494 1.3101781376518216 1.1821158724415781 21.826 0.858 1.2678808022922632 1745
stats: page 494 35.796275303643704 16.537343311387772 123.057 17.248 26.684224068767904 1745
stats: size_rcv 4564767 20690589
stats: newphase 1 6
stats: size_sent 60927 276115
stats: connected 0 0
# stats: dump at 1615501637
stats: users 5 10
stats: {freemem,"tsung_controller@ip-172-31-58-109"} 1 669.24609375 0.0 672.1484375 668.63671875 670.3416940789474 19
stats: {load,"tsung_controller@ip-172-31-58-109"} 1 0.0 0.0 0.0 0.0 0.0 19
stats: {cpu,"tsung_controller@ip-172-31-58-109"} 1 2.706766917293233 0.0 2.706766917293233 0.05002501250625312 0.6988485315316209 19
stats: session 664 42.87900000000004 18.160001540274475 149.056 19.253 30.75316941596076 2243
stats: users_count 667 2912
stats: finish_users_count 664 2907
stats: request 665 40.7763864661655 18.124855892346098 147.05 17.19 28.694654309959795 2239
stats: 200 665 2904
stats: size_rcv 6144668 26835257
stats: connect 666 1.1840090090090116 0.6454756329340643 21.826 0.825 1.2772130415363998 2239
stats: newphase 0 6
stats: size_sent 82133 358248
stats: page 665 40.7763864661655 18.124855892346098 147.05 17.19 28.694654309959795 2239
stats: connected 1 1
# stats: dump at 1615501647
stats: users 2 13
stats: {freemem,"tsung_controller@ip-172-31-58-109"} 1 668.3828125 0.0 672.1484375 668.3828125 670.2869140625 20
stats: {load,"tsung_controller@ip-172-31-58-109"} 1 0.0703125 0.0 0.0703125 0.0 0.0 20
stats: {cpu,"tsung_controller@ip-172-31-58-109"} 1 3.763171098845961 0.0 3.763171098845961 0.05002501250625312 0.7992444508197015 20
stats: session 641 42.5059516380655 23.559383326857485 242.997 19.17 33.52288097695219 2907
stats: users_count 638 3550
stats: finish_users_count 641 3548
stats: request 637 40.307877551020376 23.65145455483816 240.937 17.183 31.46130440771351 2904
stats: 200 637 3541
stats: size_rcv 5885820 32721077
stats: connect 639 1.2129640062597815 0.5074150609588391 21.826 0.825 1.2558450946643722 2905
stats: newphase 0 6
stats: size_sent 78765 437013
stats: page 637 40.307877551020376 23.65145455483816 240.937 17.183 31.46130440771351 2904
stats: connected 2 3
# stats: dump at 1615501657
stats: users 165 172
stats: {freemem,"tsung_controller@ip-172-31-58-109"} 1 668.3671875 0.0 672.1484375 668.3671875 670.1962425595239 21
stats: {load,"tsung_controller@ip-172-31-58-109"} 1 0.05859375 0.0 0.0703125 0.0 0.0033482142857142855 21
stats: {cpu,"tsung_controller@ip-172-31-58-109"} 1 3.720462543991956 0.0 3.763171098845961 0.05002501250625312 0.9403838150114281 21
stats: session 876 568.5329657534236 462.3610501243189 1439.686 19.17 35.145808906426154 3548
stats: users_count 1039 4589
stats: finish_users_count 876 4424
stats: connect 1040 1.1223884615384594 0.48526595113236826 21.826 0.79 1.248113431151242 3544
stats: request 875 555.0272262857146 458.64235835391406 1405.237 17.183 33.05273820954533 3541
stats: page 875 555.0272262857146 458.64235835391406 1405.237 17.183 33.05273820954533 3541
stats: 200 875 4416
stats: size_rcv 8085581 40806658
stats: newphase 1 7
stats: size_sent 128236 565249
stats: connected 165 168
# stats: dump at 1615501667
stats: users 174 198
stats: {freemem,"tsung_controller@ip-172-31-58-109"} 1 658.73828125 0.0 672.1484375 658.73828125 670.1131036931819 22
stats: {load,"tsung_controller@ip-172-31-58-109"} 1 0.05078125 0.0 0.0703125 0.0 0.005859375 22
stats: {cpu,"tsung_controller@ip-172-31-58-109"} 1 6.5283400809716605 0.0 6.5283400809716605 0.05002501250625312 1.0667510299650884 22
stats: session 1231 1489.2387977254264 726.7255971406963 2342.401 3.138 140.76225316455674 4424
stats: users_count 1240 5829
stats: finish_users_count 1231 5655
stats: connect 1241 1.1348605962933114 0.3893616057325907 21.826 0.782 1.2195894415357766 4584
stats: page 1235 1485.7080688259118 725.541949575863 2340.403 1.464 136.47838971920297 4416
stats: 200 1011 5427
stats: request 1235 1485.7080688259118 725.541949575863 2340.403 1.464 136.47838971920297 4416
stats: size_rcv 9412828 50219486
stats: newphase 0 7
stats: 502 224 224
stats: size_sent 153012 718261
stats: connected 6 174
# stats: dump at 1615501677
stats: users 177 198
stats: {freemem,"tsung_controller@ip-172-31-58-109"} 1 658.65234375 0.0 672.1484375 658.65234375 669.6185461956522 23
stats: {load,"tsung_controller@ip-172-31-58-109"} 1 0.0390625 0.0 0.0703125 0.0 0.0078125 23
stats: {cpu,"tsung_controller@ip-172-31-58-109"} 1 8.0 0.0 8.0 0.05002501250625312 1.3042114234871132 23
stats: session 1184 1590.4355287162157 587.8126634715419 2342.401 3.138 434.3033011494251 5655
stats: users_count 1187 7016
stats: finish_users_count 1184 6839
stats: request 1187 1588.5597059814625 587.0941720098328 2340.403 1.464 431.3463164041765 5651
stats: page 1187 1588.5597059814625 587.0941720098328 2340.403 1.464 431.3463164041765 5651
stats: 200 1049 6476
stats: connect 1189 1.1006804037005886 0.42554611679791937 21.826 0.782 1.2015381974248927 5825
stats: size_rcv 9735506 59954992
stats: newphase 0 7
stats: 502 138 362
stats: size_sent 146559 864820
stats: connected 2 176
# stats: dump at 1615501687
stats: users 193 199
stats: {freemem,"tsung_controller@ip-172-31-58-109"} 1 656.16796875 0.0 672.1484375 656.16796875 669.1616210937501 24
stats: {load,"tsung_controller@ip-172-31-58-109"} 1 0.0390625 0.0 0.0703125 0.0 0.009114583333333334 24
stats: {cpu,"tsung_controller@ip-172-31-58-109"} 1 8.190091001011123 0.0 8.190091001011123 0.05002501250625312 1.58320261417515 24
stats: session 1968 956.9410096544717 893.0588835183506 2342.401 3.054 634.4583760783738 6839
stats: users_count 1984 9000
stats: finish_users_count 1968 8807
stats: connect 1852 1.1029730021598265 0.6527204015482053 21.925 0.716 1.1844409751924723 7014
stats: request 1835 971.9839678474117 891.5053447024776 2340.403 1.407 632.2255637613333 6838
stats: page 1835 971.9839678474117 891.5053447024776 2340.403 1.407 632.2255637613333 6838
stats: 200 998 7474
stats: size_rcv 9483689 69438681
stats: newphase 1 8
stats: 502 837 1199
stats: size_sent 228387 1093207
stats: connected 17 193
# stats: dump at 1615501697
stats: users 193 201
stats: {freemem,"tsung_controller@ip-172-31-58-109"} 1 655.83203125 0.0 672.1484375 655.83203125 668.6418750000001 25
stats: {load,"tsung_controller@ip-172-31-58-109"} 1 0.1015625 0.0 0.1015625 0.0 0.0103125 25
stats: {cpu,"tsung_controller@ip-172-31-58-109"} 1 11.431513903192585 0.0 11.431513903192585 0.05002501250625312 1.8474781496485888 25
stats: session 2400 803.518545 923.296125786201 2342.401 3.054 706.5198979221074 8807
stats: users_count 2400 11400
stats: finish_users_count 2400 11207
stats: connect 2428 1.0796713344316327 0.46936124868247964 21.925 0.716 1.1674233025039475 8866
stats: request 2428 792.6442545304776 920.9173268354923 2340.403 1.376 704.1103408278562 8673
stats: page 2428 792.6442545304776 920.9173268354923 2340.403 1.376 704.1103408278562 8673
stats: 200 1032 8506
stats: size_rcv 9972236 79410917
stats: newphase 0 8
stats: 502 1396 2595
stats: size_sent 299280 1392487
stats: connected 0 193
# stats: dump at 1615501707
stats: users 194 201
stats: {freemem,"tsung_controller@ip-172-31-58-109"} 1 656.296875 0.0 672.1484375 655.83203125 668.1491887019232 26
stats: {load,"tsung_controller@ip-172-31-58-109"} 1 0.08984375 0.0 0.1015625 0.0 0.013822115384615384 26
stats: {cpu,"tsung_controller@ip-172-31-58-109"} 1 11.134343962362781 0.0 11.431513903192585 0.05002501250625312 2.216094909400281 26
stats: session 2448 790.7728664215686 926.9363434856825 2342.401 3.054 727.2923395199429 11207
stats: users_count 2449 13849
stats: finish_users_count 2448 13655
stats: request 2424 801.7482380363033 930.992175126334 2340.403 1.376 723.4743929375729 11101
stats: page 2424 801.7482380363033 930.992175126334 2340.403 1.376 723.4743929375729 11101
stats: connect 2422 1.0359872006606132 0.3459051462341306 21.925 0.709 1.1485582610235525 11294
stats: 200 1031 9537
stats: size_rcv 9963124 89374041
stats: newphase 0 8
stats: 502 1393 3988
stats: size_sent 298631 1691118
stats: connected -2 191
# stats: dump at 1615501717
stats: users 193 206
stats: {freemem,"tsung_controller@ip-172-31-58-109"} 1 655.2265625 0.0 672.1484375 655.2265625 667.7102141203706 27
stats: {load,"tsung_controller@ip-172-31-58-109"} 1 0.0703125 0.0 0.1015625 0.0 0.016637731481481483 27
stats: {cpu,"tsung_controller@ip-172-31-58-109"} 1 10.906217070600633 0.0 11.431513903192585 0.05002501250625312 2.5464004298803733 27
stats: session 4030 477.94742704714565 818.2303666641474 2342.401 2.887 738.6728103991212 13655
stats: users_count 4029 17878
stats: finish_users_count 4030 17685
stats: request 3949 482.8678126107867 819.2654058334427 2340.403 1.353 737.5029179297594 13525
stats: page 3949 482.8678126107867 819.2654058334427 2340.403 1.353 737.5029179297594 13525
stats: 200 1015 10552
stats: size_rcv 10298485 99672526
stats: newphase 1 9
stats: 502 2934 6922
stats: size_sent 487068 2178186
stats: connected 2 193
stats: connect 3951 1.0288319412806881 0.3988817799338572 21.925 0.683 1.1286802274715666 13716
# stats: dump at 1615501727
stats: users 194 207
stats: {freemem,"tsung_controller@ip-172-31-58-109"} 1 653.3125 0.0 672.1484375 653.3125 667.264369419643 28
stats: {load,"tsung_controller@ip-172-31-58-109"} 1 0.05859375 0.0 0.1015625 0.0 0.0185546875 28
stats: {cpu,"tsung_controller@ip-172-31-58-109"} 1 17.256162915326904 0.0 17.256162915326904 0.05002501250625312 2.844965309906097 28
stats: session 4994 391.49908570284356 746.0343152319757 2342.401 2.887 679.2595621713315 17685
stats: users_count 4995 22873
stats: finish_users_count 4994 22679
stats: request 4992 393.22340004006514 750.5864393985402 2340.403 1.348 679.9571910838956 17474
stats: page 4992 393.22340004006514 750.5864393985402 2340.403 1.348 679.9571910838956 17474
stats: 200 1068 11620
stats: size_rcv 11097991 110770517
stats: connect 4990 1.0697739478957915 0.5330596027488966 21.925 0.683 1.1063504273504277 17667
stats: newphase 0 9
stats: 502 3924 10846
stats: size_sent 615254 2793440
stats: connected -2 191
# stats: dump at 1615501737
stats: users 194 207
stats: {freemem,"tsung_controller@ip-172-31-58-109"} 1 652.55859375 0.0 672.1484375 652.55859375 666.783270474138 29
stats: {load,"tsung_controller@ip-172-31-58-109"} 1 0.05078125 0.0 0.1015625 0.0 0.01993534482758621 29
stats: {cpu,"tsung_controller@ip-172-31-58-109"} 1 19.415900486749592 0.0 19.415900486749592 0.05002501250625312 3.3419031583688836 29
stats: session 5145 379.1333586005826 743.2413168905081 2342.401 2.887 615.8936368887516 22679
stats: users_count 5145 28018
stats: finish_users_count 5145 27824
stats: 200 1043 12663
stats: request 5170 374.19583675048165 740.6697987180559 2340.403 1.348 616.244243300988 22466
stats: size_rcv 10932068 121702585
stats: newphase 0 9
stats: connect 5172 1.0527846094354192 0.5273280339463416 21.925 0.683 1.0982947874828972 22657
stats: 502 4127 14973
stats: size_sent 637966 3431406
stats: page 5170 374.19583675048165 740.6697987180559 2340.403 1.348 616.244243300988 22466
stats: connected 2 193
# stats: dump at 1615501747
stats: users 0 208
stats: {freemem,"tsung_controller@ip-172-31-58-109"} 1 651.58984375 0.0 672.1484375 651.58984375 666.3091145833334 30
stats: {load,"tsung_controller@ip-172-31-58-109"} 1 0.0390625 0.0 0.1015625 0.0 0.020963541666666665 30
stats: {cpu,"tsung_controller@ip-172-31-58-109"} 1 19.047619047619047 0.0 19.415900486749592 0.05002501250625312 3.877703069314907 30
stats: session 2014 518.8636315789471 833.2635899831915 2342.401 2.887 572.1137478795283 27824
stats: users_count 1820 29838
stats: finish_users_count 2014 29838
stats: request 2202 509.5178878292462 829.0977001232304 2340.403 1.315 570.9630788102471 27636
stats: page 2202 509.5178878292462 829.0977001232304 2340.403 1.315 570.9630788102471 27636
stats: 200 601 13264
stats: connect 2009 1.1047038327526135 0.6827178173365291 21.925 0.683 1.0898367530274171 27829
stats: size_rcv 6055391 127757976
stats: newphase 0 9
stats: 502 1601 16574
stats: size_sent 247769 3679175
stats: connected -193 0
EndMonitor:{1615,501747,57179}
