
=INFO REPORT==== 11-Mar-2021::22:23:57 ===
    ts_config_server:(5:<0.127.0>) Config server started, logdir is "/home/ec2-user/.tsung/log/20210311-2223"
 
=INFO REPORT==== 11-Mar-2021::22:23:57 ===
              ts_mon:(5:<0.110.0>) starting monitor, global 

=INFO REPORT==== 11-Mar-2021::22:23:57 ===
           ts_config:(5:<0.127.0>) Reading config file: tsung_search.xml

=INFO REPORT==== 11-Mar-2021::22:23:57 ===
           ts_config:(5:<0.127.0>) Session name for id 1 is "search"

=INFO REPORT==== 11-Mar-2021::22:23:57 ===
    ts_config_server:(4:<0.127.0>) SYSINFO:Tsung version: 1.7.0

=INFO REPORT==== 11-Mar-2021::22:23:57 ===
    ts_config_server:(4:<0.127.0>) SYSINFO:Erlang version: Erlang/OTP 22 [erts-10.6] [source] [64-bit] [smp:2:2] [ds:2:2:10] [async-threads:8] [hipe]


=INFO REPORT==== 11-Mar-2021::22:23:57 ===
    ts_config_server:(4:<0.127.0>) SYSINFO:System architecture x86_64-redhat-linux-gnu

=INFO REPORT==== 11-Mar-2021::22:23:57 ===
    ts_config_server:(4:<0.127.0>) SYSINFO:Current path: /usr/lib/tsung/tsung-1.7.0/ebin/tsung.beam

=INFO REPORT==== 11-Mar-2021::22:23:57 ===
    alarm_handler: {set,{system_memory_high_watermark,[]}}

=INFO REPORT==== 11-Mar-2021::22:23:57 ===
              ts_mon:(5:<0.128.0>) Activate clients with text backend

=INFO REPORT==== 11-Mar-2021::22:23:57 ===
              ts_mon:(5:<0.128.0>) Starting tsung clients on hosts: [localhost]

=INFO REPORT==== 11-Mar-2021::22:23:57 ===
    ts_config_server:(5:<0.127.0>) Start a launcher on the controller beam localhost

=INFO REPORT==== 11-Mar-2021::22:23:57 ===
  ts_launcher_static:(5:<0.182.0>) Launch msg receive ("localhost")

=INFO REPORT==== 11-Mar-2021::22:23:57 ===
         ts_launcher:(5:<0.183.0>) Launch msg receive ("localhost")

=INFO REPORT==== 11-Mar-2021::22:23:57 ===
    ts_config_server:(5:<0.127.0>) New arrival phase 1 for client "localhost" (last ? true): will start 30 users

=INFO REPORT==== 11-Mar-2021::22:23:57 ===
    ts_config_server:(5:<0.127.0>) New arrival phase 2 for client "localhost" (last ? true): will start 60 users

=INFO REPORT==== 11-Mar-2021::22:23:57 ===
    ts_config_server:(5:<0.127.0>) New arrival phase 3 for client "localhost" (last ? true): will start 120 users

=INFO REPORT==== 11-Mar-2021::22:23:57 ===
    ts_config_server:(5:<0.127.0>) New arrival phase 4 for client "localhost" (last ? true): will start 240 users

=INFO REPORT==== 11-Mar-2021::22:23:57 ===
    ts_config_server:(5:<0.127.0>) New arrival phase 5 for client "localhost" (last ? true): will start 480 users

=INFO REPORT==== 11-Mar-2021::22:23:57 ===
    ts_config_server:(5:<0.127.0>) New arrival phase 6 for client "localhost" (last ? true): will start 960 users

=INFO REPORT==== 11-Mar-2021::22:23:57 ===
    ts_config_server:(5:<0.127.0>) New arrival phase 7 for client "localhost" (last ? true): will start 1920 users

=INFO REPORT==== 11-Mar-2021::22:23:57 ===
    ts_config_server:(5:<0.127.0>) New arrival phase 8 for client "localhost" (last ? true): will start 3840 users

=INFO REPORT==== 11-Mar-2021::22:23:57 ===
    ts_config_server:(5:<0.127.0>) New arrival phase 9 for client "localhost" (last ? true): will start 7680 users

=INFO REPORT==== 11-Mar-2021::22:23:57 ===
    ts_config_server:(5:<0.127.0>) New arrival phase 10 for client "localhost" (last ? true): will start 15360 users

=INFO REPORT==== 11-Mar-2021::22:23:57 ===
         ts_launcher:(5:<0.183.0>) Expected duration of first phase: 30.0 sec (30 users) 

=INFO REPORT==== 11-Mar-2021::22:23:57 ===
         ts_launcher:(5:<0.183.0>) Activate launcher (30 users) in 3255 msec 

=INFO REPORT==== 11-Mar-2021::22:24:30 ===
         ts_launcher:(4:<0.183.0>) Need to wait 0.933 sec before changing phase, going to sleep

=INFO REPORT==== 11-Mar-2021::22:24:30 ===
         ts_launcher:(5:<0.183.0>) Waking up

=INFO REPORT==== 11-Mar-2021::22:24:30 ===
         ts_launcher:(5:<0.183.0>) Start a new arrival phase (60 users, 0.002); expected duration=30.0 sec

=INFO REPORT==== 11-Mar-2021::22:25:01 ===
         ts_launcher:(5:<0.183.0>) Phase duration exceeded, but not all users were launched (11 users, 18.3% of phase)

=INFO REPORT==== 11-Mar-2021::22:25:01 ===
         ts_launcher:(5:<0.183.0>) Start a new arrival phase (120 users, 0.004); expected duration=30.0 sec

=INFO REPORT==== 11-Mar-2021::22:25:31 ===
         ts_launcher:(5:<0.183.0>) Phase duration exceeded, but not all users were launched (3 users, 2.5% of phase)

=INFO REPORT==== 11-Mar-2021::22:25:31 ===
         ts_launcher:(5:<0.183.0>) Start a new arrival phase (240 users, 0.008); expected duration=30.0 sec

=INFO REPORT==== 11-Mar-2021::22:25:57 ===
         ts_launcher:(4:<0.183.0>) Need to wait 3.525 sec before changing phase, going to sleep

=INFO REPORT==== 11-Mar-2021::22:26:01 ===
         ts_launcher:(5:<0.183.0>) Waking up

=INFO REPORT==== 11-Mar-2021::22:26:01 ===
         ts_launcher:(5:<0.183.0>) Start a new arrival phase (480 users, 0.016); expected duration=30.0 sec

=INFO REPORT==== 11-Mar-2021::22:26:31 ===
         ts_launcher:(5:<0.183.0>) Phase duration exceeded, but not all users were launched (15 users, 3.1% of phase)

=INFO REPORT==== 11-Mar-2021::22:26:31 ===
         ts_launcher:(5:<0.183.0>) Start a new arrival phase (960 users, 0.032); expected duration=30.0 sec

=INFO REPORT==== 11-Mar-2021::22:27:01 ===
         ts_launcher:(4:<0.183.0>) Need to wait 0.334 sec before changing phase, going to sleep

=INFO REPORT==== 11-Mar-2021::22:27:01 ===
         ts_launcher:(5:<0.183.0>) Waking up

=INFO REPORT==== 11-Mar-2021::22:27:01 ===
         ts_launcher:(5:<0.183.0>) Start a new arrival phase (1920 users, 0.064); expected duration=30.0 sec

=INFO REPORT==== 11-Mar-2021::22:27:31 ===
         ts_launcher:(5:<0.183.0>) Phase duration exceeded, but not all users were launched (23 users, 1.2% of phase)

=INFO REPORT==== 11-Mar-2021::22:27:31 ===
         ts_launcher:(5:<0.183.0>) Start a new arrival phase (3840 users, 0.128); expected duration=30.0 sec

=INFO REPORT==== 11-Mar-2021::22:28:01 ===
         ts_launcher:(5:<0.183.0>) Phase duration exceeded, but not all users were launched (159 users, 4.1% of phase)

=INFO REPORT==== 11-Mar-2021::22:28:01 ===
         ts_launcher:(5:<0.183.0>) Start a new arrival phase (7680 users, 0.256); expected duration=30.0 sec

=INFO REPORT==== 11-Mar-2021::22:28:31 ===
         ts_launcher:(5:<0.183.0>) Phase duration exceeded, but not all users were launched (383 users, 5.0% of phase)

=INFO REPORT==== 11-Mar-2021::22:28:31 ===
         ts_launcher:(5:<0.183.0>) Start a new arrival phase (15360 users, 0.512); expected duration=30.0 sec

=INFO REPORT==== 11-Mar-2021::22:29:01 ===
         ts_launcher:(5:<0.183.0>) Phase duration exceeded, but not all users were launched (258 users, 1.7% of phase)

=INFO REPORT==== 11-Mar-2021::22:29:01 ===
         ts_launcher:(5:<0.183.0>) This was the last phase, wait for connected users to finish their session

=INFO REPORT==== 11-Mar-2021::22:29:06 ===
     ts_launcher_mgr:(5:<0.176.0>) No more active users 'tsung_controller@ip-172-31-58-109' "30257"
