# stats: dump at 1615439977
stats: users 2 4
stats: {freemem,"tsung_controller@ip-172-31-50-170"} 1 685.8984375 0 685.8984375 685.8984375 0 0
stats: {load,"tsung_controller@ip-172-31-50-170"} 1 0.0 0 0.0 0.0 0 0
stats: {cpu,"tsung_controller@ip-172-31-50-170"} 1 4.996991047701214 0 4.996991047701214 4.996991047701214 0 0
stats: session 7 2262.471571428571 730.1720512268436 3345.214 1454.285 0 0
stats: users_count 9 9
stats: finish_users_count 7 7
stats: 302 15 15
stats: request 70 44.11217142857145 69.36132319712715 251.324 6.662 0 0
stats: 200 55 55
stats: size_rcv 264824 264824
stats: connect 8 4.295750000000001 8.204738520361268 26.003 1.125 0 0
stats: size_sent 40189 40189
stats: page 23 134.47008695652173 149.6094066253023 410.279 7.092 0 0
stats: connected 1 1
# stats: dump at 1615439987
stats: users 3 4
stats: {freemem,"tsung_controller@ip-172-31-50-170"} 1 684.62109375 0.0 685.8984375 684.62109375 685.8984375 1
stats: {load,"tsung_controller@ip-172-31-50-170"} 1 0.0 0.0 0.0 0.0 0.0 1
stats: {cpu,"tsung_controller@ip-172-31-50-170"} 1 0.4502251125562781 0.0 4.996991047701214 0.4502251125562781 4.996991047701214 1
stats: session 6 2269.4833333333336 526.7888502874964 3345.214 1454.285 2262.471571428571 7
stats: users_count 7 16
stats: finish_users_count 6 13
stats: request 58 39.66779310344828 68.99708511378269 251.324 6.418 44.11217142857145 70
stats: connect 7 1.217285714285714 0.056809743343686256 26.003 1.125 4.295750000000001 8
stats: 302 13 28
stats: 200 45 100
stats: size_rcv 211043 475867
stats: size_sent 33695 73884
stats: connected 1 2
stats: page 19 108.18457894736845 129.77191947466332 410.279 7.092 134.47008695652173 23
# stats: dump at 1615439997
stats: users 1 4
stats: {freemem,"tsung_controller@ip-172-31-50-170"} 1 685.08203125 0.0 685.8984375 684.62109375 685.259765625 2
stats: {load,"tsung_controller@ip-172-31-50-170"} 1 0.0 0.0 0.0 0.0 0.0 2
stats: {cpu,"tsung_controller@ip-172-31-50-170"} 1 0.15030060120240482 0.0 4.996991047701214 0.15030060120240482 2.723608080128746 2
stats: session 8 2473.0195 611.7768222808054 3345.214 1336.408 2265.7077692307694 13
stats: users_count 6 22
stats: finish_users_count 8 21
stats: request 59 34.68491525423728 64.23911034018063 251.324 6.291 42.09831250000002 128
stats: connect 6 1.1666666666666667 0.038112406845482165 26.003 1.087 2.8591333333333337 15
stats: page 20 114.95700000000002 129.31978913221286 410.279 7.092 122.57902380952382 42
stats: 302 13 41
stats: 200 46 146
stats: size_rcv 221339 697206
stats: size_sent 33480 107364
stats: connected -1 1
# stats: dump at 1615440007
stats: users 4 7
stats: {freemem,"tsung_controller@ip-172-31-50-170"} 1 684.82421875 0.0 685.8984375 684.62109375 685.2005208333334 3
stats: {load,"tsung_controller@ip-172-31-50-170"} 1 0.0 0.0 0.0 0.0 0.0 3
stats: {cpu,"tsung_controller@ip-172-31-50-170"} 1 0.2 0.0 4.996991047701214 0.15030060120240482 1.8658389204866321 3
stats: session 13 2169.894307692308 513.5611254778336 3345.214 1336.408 2344.683666666667 21
stats: users_count 16 38
stats: finish_users_count 13 34
stats: request 138 38.73029710144924 68.12431335555137 251.324 5.961 39.759326203208566 187
stats: page 45 119.03344444444444 132.2582590411747 410.279 7.092 120.12030645161292 62
stats: connect 16 1.4517499999999999 0.32791490893218017 26.003 1.087 2.375571428571429 21
stats: 302 29 70
stats: 200 109 255
stats: size_rcv 526486 1223692
stats: newphase 1 1
stats: size_sent 78968 186332
stats: connected 3 4
# stats: dump at 1615440017
stats: users 4 9
stats: {freemem,"tsung_controller@ip-172-31-50-170"} 1 676.734375 0.0 685.8984375 676.734375 685.1064453125 4
stats: {load,"tsung_controller@ip-172-31-50-170"} 1 0.078125 0.0 0.078125 0.0 0.0 4
stats: {cpu,"tsung_controller@ip-172-31-50-170"} 1 19.62209302325581 0.0 19.62209302325581 0.15030060120240482 1.4493791903649742 4
stats: session 18 2077.1888333333336 555.7313869325968 3345.214 1336.408 2277.8524411764706 34
stats: users_count 18 56
stats: finish_users_count 18 52
stats: request 163 36.987122699386475 67.02265217822516 251.324 5.812 39.3223846153846 325
stats: connect 19 1.2077894736842103 0.05609914057636894 26.003 1.087 1.9760810810810814 37
stats: page 55 109.81147272727279 129.54795733246004 410.279 6.457 119.66321495327102 107
stats: 302 36 106
stats: 200 127 382
stats: size_rcv 600722 1824414
stats: newphase 0 1
stats: size_sent 94608 280940
stats: connected 1 5
# stats: dump at 1615440027
stats: users 1 11
stats: {freemem,"tsung_controller@ip-172-31-50-170"} 1 675.7265625 0.0 685.8984375 675.7265625 683.43203125 5
stats: {load,"tsung_controller@ip-172-31-50-170"} 1 0.0703125 0.0 0.078125 0.0 0.015625 5
stats: {cpu,"tsung_controller@ip-172-31-50-170"} 1 0.45090180360721444 0.0 19.62209302325581 0.15030060120240482 5.083921956943142 5
stats: session 22 2283.7435909090914 577.0191277646189 3345.214 1336.408 2208.3919615384616 52
stats: users_count 19 75
stats: finish_users_count 22 74
stats: request 179 37.97247486033521 68.56612685415514 273.25 5.655 38.54236885245899 488
stats: page 61 111.61637704918029 127.53916649164063 410.279 6.432 116.31848765432099 162
stats: 302 42 148
stats: connect 19 1.155578947368421 0.09541340289248439 26.003 1.02 1.7154107142857142 56
stats: 200 137 519
stats: size_rcv 639990 2464404
stats: newphase 0 1
stats: size_sent 102819 383759
stats: connected -4 1
# stats: dump at 1615440037
stats: users 9 11
stats: {freemem,"tsung_controller@ip-172-31-50-170"} 1 674.921875 0.0 685.8984375 674.921875 682.1477864583334 6
stats: {load,"tsung_controller@ip-172-31-50-170"} 1 0.05859375 0.0 0.078125 0.0 0.024739583333333332 6
stats: {cpu,"tsung_controller@ip-172-31-50-170"} 1 0.4506760140210316 0.0 19.62209302325581 0.15030060120240482 4.311751931387154 6
stats: session 21 2437.363761904762 601.8290182369791 3345.214 1336.408 2230.7937972972973 74
stats: users_count 29 104
stats: finish_users_count 21 95
stats: request 230 37.94109999999999 68.52759542957541 273.25 5.655 38.38942878560719 667
stats: connect 28 2.2536785714285714 4.313026548008547 26.003 1.0 1.5735866666666667 75
stats: page 75 116.55268000000001 130.37049276715547 410.279 6.381 115.03226008968609 223
stats: 302 47 195
stats: 200 183 702
stats: size_rcv 886061 3350465
stats: newphase 1 2
stats: size_sent 131469 515228
stats: connected 8 9
# stats: dump at 1615440047
stats: users 10 12
stats: {freemem,"tsung_controller@ip-172-31-50-170"} 1 674.25390625 0.0 685.8984375 674.25390625 681.1155133928571 7
stats: {load,"tsung_controller@ip-172-31-50-170"} 1 0.05078125 0.0 0.078125 0.0 0.029575892857142856 7
stats: {cpu,"tsung_controller@ip-172-31-50-170"} 1 0.6509764646970456 0.0 19.62209302325581 0.15030060120240482 3.760169657477708 7
stats: session 35 2194.749971428572 492.06620544368013 3345.214 1336.408 2276.4566315789475 95
stats: users_count 36 140
stats: finish_users_count 35 130
stats: request 325 36.90852 67.62428073714173 273.25 5.655 38.274472686733546 897
stats: connect 35 1.2998 0.5436044675523345 26.003 1.0 1.758466019417476 103
stats: 302 71 266
stats: page 106 113.36749056603773 128.38735057667856 410.279 6.161 115.41491610738257 298
stats: 200 254 956
stats: size_rcv 1221283 4571748
stats: newphase 0 2
stats: size_sent 186032 701260
stats: connected 1 10
# stats: dump at 1615440057
stats: users 9 12
stats: {freemem,"tsung_controller@ip-172-31-50-170"} 1 670.8984375 0.0 685.8984375 670.8984375 680.2578125 8
stats: {load,"tsung_controller@ip-172-31-50-170"} 1 0.0390625 0.0 0.078125 0.0 0.0322265625 8
stats: {cpu,"tsung_controller@ip-172-31-50-170"} 1 0.6021073758153538 0.0 19.62209302325581 0.15030060120240482 3.3715205083801254 8
stats: session 32 2276.9849999999988 566.7401879777565 3345.214 1336.408 2254.4586846153848 130
stats: users_count 31 171
stats: finish_users_count 32 162
stats: request 257 35.31985214007782 65.24150686178864 273.25 5.655 37.911187397708666 1222
stats: connect 28 1.237785714285714 0.21085224297442726 26.003 1.0 1.6421376811594204 138
stats: page 88 103.25852272727273 123.14422132014535 410.279 6.161 114.87772029702971 404
stats: 302 60 326
stats: 200 197 1153
stats: size_rcv 911934 5483682
stats: newphase 0 2
stats: size_sent 149445 850705
stats: connected -5 5
# stats: dump at 1615440067
stats: users 24 25
stats: {freemem,"tsung_controller@ip-172-31-50-170"} 1 668.75 0.0 685.8984375 668.75 679.2178819444445 9
stats: {load,"tsung_controller@ip-172-31-50-170"} 1 0.03125 0.0 0.078125 0.0 0.03298611111111111 9
stats: {cpu,"tsung_controller@ip-172-31-50-170"} 1 0.7996001999000499 0.0 19.62209302325581 0.15030060120240482 3.0638079380951506 9
stats: session 49 2237.6717755102036 544.850863312801 3345.214 1336.408 2258.9083271604936 162
stats: users_count 64 235
stats: finish_users_count 49 211
stats: request 558 39.42749103942651 69.74973560579193 273.25 5.426 37.46090128465178 1479
stats: 302 115 441
stats: 200 443 1596
stats: connect 67 1.3807164179104479 1.1005141784159946 26.003 0.951 1.573933734939759 166
stats: size_rcv 2151305 7634987
stats: newphase 1 3
stats: page 180 119.72488888888894 135.64820930930492 516.518 6.161 112.79948983739838 492
stats: size_sent 318331 1169036
stats: connected 19 24
# stats: dump at 1615440077
stats: users 23 27
stats: {freemem,"tsung_controller@ip-172-31-50-170"} 1 665.7421875 0.0 685.8984375 665.7421875 678.17109375 10
stats: {load,"tsung_controller@ip-172-31-50-170"} 1 0.03125 0.0 0.078125 0.0 0.0328125 10
stats: {cpu,"tsung_controller@ip-172-31-50-170"} 1 1.5037593984962405 0.0 19.62209302325581 0.15030060120240482 2.8373871642756407 10
stats: session 81 2415.950246913581 545.1414361525209 3413.959 1336.408 2253.9766161137436 211
stats: users_count 80 315
stats: finish_users_count 81 292
stats: connect 80 1.2853999999999999 0.4462242037361936 26.003 0.951 1.5183733905579402 233
stats: 302 158 599
stats: request 712 37.29168398876399 68.72777475049189 467.437 5.426 37.99961364752086 2037
stats: page 239 112.29677405857737 133.00506395732475 533.334 5.988 114.65450744047621 672
stats: 200 554 2150
stats: size_rcv 2621526 10256513
stats: newphase 0 3
stats: size_sent 410339 1579375
stats: connected 0 24
# stats: dump at 1615440087
stats: users 19 27
stats: {freemem,"tsung_controller@ip-172-31-50-170"} 1 668.18359375 0.0 685.8984375 665.7421875 677.0411931818181 11
stats: {load,"tsung_controller@ip-172-31-50-170"} 1 0.01953125 0.0 0.078125 0.0 0.032670454545454544 11
stats: {cpu,"tsung_controller@ip-172-31-50-170"} 1 1.746506986027944 0.0 19.62209302325581 0.15030060120240482 2.7161482764775133 11
stats: session 71 2321.0943661971837 636.1589884687509 3520.302 1336.408 2298.9076575342465 292
stats: users_count 67 382
stats: finish_users_count 71 363
stats: request 615 37.95378861788617 68.37298991542515 467.437 5.426 37.816257548199324 2749
stats: connect 67 1.240582089552239 0.37382904342635903 26.003 0.944 1.4588274760383388 313
stats: page 207 112.93736231884061 129.11913489045327 533.334 5.988 114.03595828759605 911
stats: 302 140 739
stats: 200 475 2625
stats: size_rcv 2248642 12505155
stats: newphase 0 3
stats: size_sent 353896 1933271
stats: connected -6 18
# stats: dump at 1615440097
stats: users 41 47
stats: {freemem,"tsung_controller@ip-172-31-50-170"} 1 656.66796875 0.0 685.8984375 656.66796875 676.3030598958333 12
stats: {load,"tsung_controller@ip-172-31-50-170"} 1 0.01953125 0.0 0.078125 0.0 0.031575520833333336 12
stats: {cpu,"tsung_controller@ip-172-31-50-170"} 1 1.7025538307461192 0.0 19.62209302325581 0.15030060120240482 2.635344835606716 12
stats: session 118 2306.153720338982 568.0152748996904 3520.302 1336.408 2303.24720661157 363
stats: users_count 140 522
stats: finish_users_count 118 481
stats: connect 139 1.379208633093525 1.0447293303714695 26.003 0.944 1.4203473684210528 380
stats: page 394 127.63622081218281 147.2579743978775 536.307 5.988 113.83255098389984 1118
stats: 302 255 994
stats: 200 955 3580
stats: size_rcv 4608037 17113192
stats: newphase 1 4
stats: size_sent 691931 2625202
stats: connected 24 42
stats: request 1210 41.51388347107432 72.59944149382514 467.437 5.426 37.84140071343637 3364
# stats: dump at 1615440107
stats: users 32 49
stats: {freemem,"tsung_controller@ip-172-31-50-170"} 1 655.6015625 0.0 685.8984375 655.6015625 674.7926682692307 13
stats: {load,"tsung_controller@ip-172-31-50-170"} 1 0.1015625 0.0 0.1015625 0.0 0.03064903846153846 13
stats: {cpu,"tsung_controller@ip-172-31-50-170"} 1 2.721774193548387 0.0 19.62209302325581 0.15030060120240482 2.5635916813866704 13
stats: session 168 2337.3843452380956 601.0606426959029 3520.302 1336.408 2303.9602390852388 481
stats: users_count 159 681
stats: finish_users_count 168 649
stats: connect 158 1.1952594936708862 0.2924825685681103 26.003 0.944 1.409329479768786 519
stats: page 482 120.78358713692951 143.3436567571951 736.307 5.988 117.42953902116405 1512
stats: 302 324 1318
stats: request 1428 40.68806162464989 72.56849125646681 467.437 5.426 38.812914516834255 4574
stats: 200 1104 4684
stats: size_rcv 5203281 22316473
stats: newphase 0 4
stats: size_sent 822626 3447828
stats: connected -10 32
# stats: dump at 1615440117
stats: users 35 49
stats: {freemem,"tsung_controller@ip-172-31-50-170"} 1 645.31640625 0.0 685.8984375 645.31640625 673.421875 14
stats: {load,"tsung_controller@ip-172-31-50-170"} 1 0.078125 0.0 0.1015625 0.0 0.03571428571428571 14
stats: {cpu,"tsung_controller@ip-172-31-50-170"} 1 3.6345280161534577 0.0 19.62209302325581 0.15030060120240482 2.5748904322553643 14
stats: session 156 2366.3058141025654 550.7824101403013 3520.302 1336.408 2312.6123959938363 649
stats: users_count 159 840
stats: finish_users_count 156 805
stats: connect 162 1.272969135802469 0.5552752562094878 26.003 0.919 1.3593692762186116 677
stats: page 479 124.73099164926928 148.29305944758713 736.307 5.988 118.24029689067204 1994
stats: 302 319 1637
stats: request 1444 41.843916204986115 73.4199197974616 467.437 5.426 39.25905081639452 6002
stats: 200 1125 5809
stats: size_rcv 5351183 27667656
stats: newphase 0 4
stats: size_sent 831026 4278854
stats: connected 5 37
# stats: dump at 1615440127
stats: users 83 88
stats: {freemem,"tsung_controller@ip-172-31-50-170"} 1 645.1796875 0.0 685.8984375 645.1796875 671.5481770833334 15
stats: {load,"tsung_controller@ip-172-31-50-170"} 1 0.0703125 0.0 0.1015625 0.0 0.03854166666666667 15
stats: {cpu,"tsung_controller@ip-172-31-50-170"} 1 3.566047212456052 0.0 19.62209302325581 0.15030060120240482 2.6455329378485706 15
stats: session 203 2524.511931034481 574.6838783544974 3845.243 1336.408 2323.0175801242235 805
stats: users_count 251 1091
stats: finish_users_count 203 1008
stats: connect 242 1.3011570247933886 0.7195519842150685 26.003 0.919 1.3426865315852203 839
stats: page 686 147.13846064139935 171.26426172310562 760.077 5.988 119.49749171047311 2473
stats: request 2106 48.14317236467231 79.94674116935249 470.443 5.426 39.76033279613213 7446
stats: 302 446 2083
stats: 200 1660 7469
stats: size_rcv 7986145 35653801
stats: newphase 1 5
stats: size_sent 1206982 5485836
stats: connected 40 77
# stats: dump at 1615440137
stats: users 73 102
stats: {freemem,"tsung_controller@ip-172-31-50-170"} 1 618.03125 0.0 685.8984375 618.03125 669.900146484375 16
stats: {load,"tsung_controller@ip-172-31-50-170"} 1 0.05859375 0.0 0.1015625 0.0 0.04052734375 16
stats: {cpu,"tsung_controller@ip-172-31-50-170"} 1 6.146926536731634 0.0 19.62209302325581 0.15030060120240482 2.7030650800115383 16
stats: session 342 2491.6992280701747 606.7686291732591 3861.431 1336.408 2363.596303571428 1008
stats: users_count 332 1423
stats: finish_users_count 342 1350
stats: request 3043 51.14092310220197 84.83914701443382 532.568 5.426 41.60855935929646 9552
stats: connect 338 1.2434792899408278 0.5602694046475419 26.003 0.919 1.3333894542090656 1081
stats: page 1017 153.9579734513277 180.9420383918304 1031.324 5.988 125.499930674264 3159
stats: 302 677 2760
stats: 200 2366 9835
stats: size_rcv 11261788 46915589
stats: newphase 0 5
stats: size_sent 1748853 7234689
stats: connected -3 74
# stats: dump at 1615440147
stats: users 61 102
stats: {freemem,"tsung_controller@ip-172-31-50-170"} 1 611.87109375 0.0 685.8984375 611.87109375 666.8490349264706 17
stats: {load,"tsung_controller@ip-172-31-50-170"} 1 0.05078125 0.0 0.1015625 0.0 0.04159007352941176 17
stats: {cpu,"tsung_controller@ip-172-31-50-170"} 1 7.6378351036924625 0.0 19.62209302325581 0.15030060120240482 2.905645165700956 17
stats: session 304 2441.4675592105255 602.2180952615676 3914.591 1336.227 2396.0490444444436 1350
stats: users_count 292 1715
stats: finish_users_count 304 1654
stats: request 2647 51.337861352474526 84.67156115093844 532.568 5.426 43.91161476776501 12595
stats: connect 292 1.1653424657534235 0.35231652056412716 26.003 0.862 1.3119732205778716 1419
stats: page 890 152.9183539325845 184.82033569137184 1038.775 5.988 132.43044540229891 4176
stats: 302 598 3358
stats: 200 2049 11884
stats: size_rcv 9679413 56595002
stats: newphase 0 5
stats: size_sent 1523739 8758428
stats: connected -15 59
# stats: dump at 1615440157
stats: users 335 336
stats: {freemem,"tsung_controller@ip-172-31-50-170"} 1 621.95703125 0.0 685.8984375 611.87109375 663.7947048611111 18
stats: {load,"tsung_controller@ip-172-31-50-170"} 1 0.12109375 0.0 0.12109375 0.0 0.04210069444444445 18
stats: {cpu,"tsung_controller@ip-172-31-50-170"} 1 6.551549009649568 0.0 19.62209302325581 0.15030060120240482 3.168544606700484 18
stats: session 243 3041.2720205761325 933.6031385721166 5356.628 1336.227 2404.3968246674717 1654
stats: users_count 517 2232
stats: finish_users_count 243 1897
stats: request 3104 243.65475483247405 320.0630215734224 1937.13 5.426 45.201292940559 15242
stats: page 1011 510.66978536102897 711.3930307724446 4588.788 5.988 136.02978187919473 5066
stats: 302 670 4028
stats: 200 2434 14318
stats: size_rcv 11084385 67679387
stats: newphase 1 6
stats: size_sent 1868012 10626440
stats: connected 275 334
stats: connect 518 1.2364034749034747 1.338756817339311 26.003 0.862 1.2869491525423724 1711
# stats: dump at 1615440167
stats: users 680 680
stats: {freemem,"tsung_controller@ip-172-31-50-170"} 1 542.35546875 0.0 685.8984375 542.35546875 661.5927220394736 19
stats: {load,"tsung_controller@ip-172-31-50-170"} 1 0.171875 0.0 0.171875 0.0 0.04625822368421053 19
stats: {cpu,"tsung_controller@ip-172-31-50-170"} 1 7.823834196891191 0.0 19.62209302325581 0.15030060120240482 3.3465974700135934 19
stats: session 327 7817.610272171258 2373.499397192889 13016.831 1336.227 2485.9786236162354 1897
stats: users_count 672 2904
stats: finish_users_count 327 2224
stats: connect 1708 1.0824396955503532 0.4876436801349434 26.003 0.673 1.2752027815163747 2229
stats: page 1414 2326.5036683168287 2293.5885166589 9989.667 1.351 198.35675958532184 6077
stats: request 4572 947.5183029308874 683.8094604418618 3067.836 0.064 78.7780696609615 18346
stats: 302 782 4810
stats: error_send_einval 2 2
stats: 200 2894 17212
stats: size_rcv 13519236 81198623
stats: newphase 0 6
stats: size_sent 2486394 13112834
stats: connected 224 558
stats: error_connection_closed 104 104
# stats: dump at 1615440177
stats: users 686 726
stats: {freemem,"tsung_controller@ip-172-31-50-170"} 1 434.41015625 0.0 685.8984375 434.41015625 655.630859375 20
stats: {load,"tsung_controller@ip-172-31-50-170"} 1 0.1484375 0.0 0.171875 0.0 0.0525390625 20
stats: {cpu,"tsung_controller@ip-172-31-50-170"} 1 14.293166405842461 0.0 19.62209302325581 0.15030060120240482 3.570459306357473 20
stats: session 621 10654.703191626402 3299.933705605682 16807.7 1336.227 3269.901082733813 2224
stats: users_count 627 3531
stats: finish_users_count 621 2845
stats: connect 2377 1.0498582246529236 0.3896407270560631 26.003 0.669 1.1915758191516388 3937
stats: page 1897 3030.771926199261 2862.7151684657283 11213.673 1.276 600.0654405286339 7491
stats: request 5783 987.6351717101826 656.6875908013141 3649.478 0.054 252.0864013875564 22918
stats: 302 971 5781
stats: error_send_einval 7 9
stats: 200 3607 20819
stats: size_rcv 17553284 98751907
stats: newphase 0 6
stats: size_sent 3017196 16130030
stats: connected 33 591
stats: error_connection_closed 175 279
# stats: dump at 1615440187
stats: users 908 920
stats: {freemem,"tsung_controller@ip-172-31-50-170"} 1 356.53125 0.0 685.8984375 356.53125 645.0965401785714 21
stats: {load,"tsung_controller@ip-172-31-50-170"} 1 0.19921875 0.0 0.19921875 0.0 0.05710565476190476 21
stats: {cpu,"tsung_controller@ip-172-31-50-170"} 1 16.280295047418335 0.0 19.62209302325581 0.15030060120240482 4.081064406332949 21
stats: session 753 10112.806620185926 3801.732931396216 18295.869 1070.563 4881.838555360279 2845
stats: users_count 975 4506
stats: finish_users_count 753 3598
stats: request 8098 718.4779461595416 762.1592317401602 3649.478 0.054 400.29303316957606 28701
stats: connect 3498 1.1165471698113136 0.5258781706869783 26.003 0.664 1.1382241051631297 6314
stats: page 2659 2316.4148766453523 2662.886934334211 11213.673 1.276 1091.2297144226666 9388
stats: 302 931 6712
stats: error_send_einval 11 20
stats: 200 3273 24092
stats: size_rcv 16498040 115249947
stats: newphase 1 7
stats: 502 2060 2060
stats: size_sent 3662616 19792646
stats: connected 99 690
stats: error_connection_closed 324 603
# stats: dump at 1615440197
stats: users 874 920
stats: {freemem,"tsung_controller@ip-172-31-50-170"} 1 391.37109375 0.0 685.8984375 356.53125 631.9799360795455 22
stats: {load,"tsung_controller@ip-172-31-50-170"} 1 0.171875 0.0 0.19921875 0.0 0.06356534090909091 22
stats: {cpu,"tsung_controller@ip-172-31-50-170"} 1 22.957821676454884 0.0 22.957821676454884 0.15030060120240482 4.635574890018649 22
stats: session 1274 7433.916554945059 3478.309614639763 18295.869 1047.066 5976.5909046692595 3598
stats: users_count 1240 5746
stats: finish_users_count 1274 4872
stats: request 11137 580.241755230314 769.2458598945099 3649.478 0.054 470.3129093997111 36799
stats: connect 3981 1.059647827179097 0.39315113018592107 26.003 0.664 1.1304962291072131 9812
stats: page 3723 1760.2073789954309 2110.336891624151 11652.764 1.276 1361.651175894412 12047
stats: 302 1037 7749
stats: error_send_einval 14 34
stats: 200 3550 27642
stats: size_rcv 17681346 132931293
stats: newphase 0 7
stats: 502 4900 6960
stats: size_sent 4852353 24644999
stats: connected -13 677
stats: error_connection_closed 338 941
stats: error_abort_max_send_retries 1 1
# stats: dump at 1615440207
stats: users 868 920
stats: {freemem,"tsung_controller@ip-172-31-50-170"} 1 398.98828125 0.0 685.8984375 356.53125 621.5186820652174 23
stats: {load,"tsung_controller@ip-172-31-50-170"} 1 0.2890625 0.0 0.2890625 0.0 0.06827445652173914 23
stats: {cpu,"tsung_controller@ip-172-31-50-170"} 1 25.0 0.0 25.0 0.15030060120240482 5.432194315515877 23
stats: session 1254 6853.818837320596 3184.3529588805222 18295.869 1036.061 6357.67318678161 4872
stats: users_count 1248 6994
stats: finish_users_count 1254 6126
stats: request 10879 556.641481661919 744.8783210657414 3649.478 0.046 495.85274493074047 47936
stats: connect 5314 1.0781576966503597 0.46602381086590383 26.003 0.656 1.1100476328572435 13793
stats: page 3630 1654.8366484848514 2112.1643976828354 11652.764 1.276 1455.7427893468594 15770
stats: 302 977 8726
stats: error_send_einval 21 55
stats: 200 3379 31021
stats: size_rcv 16837146 149768439
stats: newphase 0 7
stats: 502 3357 10317
stats: size_sent 4517989 29162988
stats: connected 14 691
stats: error_connection_closed 506 1447
stats: error_abort_max_send_retries 0 1
# stats: dump at 1615440217
stats: users 54 920
stats: {freemem,"tsung_controller@ip-172-31-50-170"} 1 385.08984375 0.0 685.8984375 356.53125 612.24658203125 24
stats: {load,"tsung_controller@ip-172-31-50-170"} 1 0.23828125 0.0 0.2890625 0.0 0.07747395833333333 24
stats: {cpu,"tsung_controller@ip-172-31-50-170"} 1 26.933625891387823 0.0 26.933625891387823 0.15030060120240482 6.247519552369383 24
stats: session 1277 7789.256181675803 3052.1023684052634 18345.707 1036.061 6459.2348331701 6126
stats: users_count 463 7457
stats: finish_users_count 1277 7403
stats: connect 2366 1.1078279797125927 0.5135109244833185 26.003 0.656 1.1011784686240629 19107
stats: page 2844 2126.669563291139 2362.1953591842453 11652.764 1.276 1492.9959186597928 19400
stats: request 8047 642.1681389337652 724.1326779722691 3649.478 0.046 507.09682665986554 58815
stats: 302 1283 10009
stats: error_send_einval 9 64
stats: 200 4057 35078
stats: size_rcv 20402801 170171240
stats: newphase 0 7
stats: 502 1505 11822
stats: size_sent 3606987 32769975
stats: connected -566 125
stats: error_connection_closed 220 1667
stats: error_abort_max_send_retries 0 1
# stats: dump at 1615440222
stats: users 0 920
stats: {freemem,"tsung_controller@ip-172-31-50-170"} 1 548.44140625 0.0 685.8984375 356.53125 603.1603125 25
stats: {load,"tsung_controller@ip-172-31-50-170"} 1 0.4296875 0.0 0.4296875 0.0 0.08390625 25
stats: {cpu,"tsung_controller@ip-172-31-50-170"} 1 16.014606155451226 0.0 26.933625891387823 0.15030060120240482 7.074963805930121 25
stats: session 54 8541.837425925929 1546.96878960301 18345.707 1036.061 6688.66037174119 7403
stats: users_count 0 7457
stats: finish_users_count 54 7457
stats: connect 0 0 0 26.003 0.656 1.101911144227633 21473
stats: page 125 30.337072 9.002954054021158 11652.764 1.276 1574.0140739075696 22244
stats: 302 125 10134
stats: request 247 15.156481781376527 7.342764996663504 3649.478 0.046 523.3529788818761 66862
stats: error_send_einval 0 64
stats: 200 122 35200
stats: size_rcv 245086 170416326
stats: newphase 0 7
stats: 502 0 11822
stats: size_sent 149706 32919681
stats: connected -125 0
stats: error_connection_closed 0 1667
stats: error_abort_max_send_retries 0 1
EndMonitor:{1615,440222,6235}
