# stats: dump at 1615356761
stats: users 3 4
stats: {cpu,"tsung_controller@ip-172-31-59-214"} 1 3.8901729687940074 0 3.8901729687940074 3.8901729687940074 0 0
stats: {freemem,"tsung_controller@ip-172-31-59-214"} 1 661.97265625 0 661.97265625 661.97265625 0 0
stats: {load,"tsung_controller@ip-172-31-59-214"} 1 0.19140625 0 0.19140625 0.19140625 0 0
stats: session 6 1627.0514999999998 349.66668166734166 2374.994 1305.003 0 0
stats: users_count 9 9
stats: finish_users_count 6 6
stats: request 5 1474.52 110.59984339410248 1589.99 1303.102 0 0
stats: connect 8 3.415999999999999 3.710920236275633 10.483 1.156 0 0
stats: page 5 1474.52 110.59984339410248 1589.99 1303.102 0 0
stats: 200 5 5
stats: size_rcv 16162379 16162379
stats: size_sent 864 864
stats: connected 3 3
# stats: dump at 1615356771
stats: users 9 11
stats: {cpu,"tsung_controller@ip-172-31-59-214"} 1 0.80040020010005 0.0 3.8901729687940074 0.80040020010005 3.8901729687940074 1
stats: {freemem,"tsung_controller@ip-172-31-59-214"} 1 662.546875 0.0 662.546875 661.97265625 661.97265625 1
stats: {load,"tsung_controller@ip-172-31-59-214"} 1 0.16015625 0.0 0.19140625 0.16015625 0.19140625 1
stats: session 9 5113.951111111111 1901.9193079693323 8556.333 1305.003 1627.0514999999998 6
stats: users_count 15 24
stats: finish_users_count 9 15
stats: connect 14 1.1707857142857137 0.04585096754147943 10.483 1.031 3.415999999999999 8
stats: request 7 4052.2311428571434 1438.9737568089904 5738.733 1303.102 1474.52 5
stats: page 7 4052.2311428571434 1438.9737568089904 5738.733 1303.102 1474.52 5
stats: 200 10 15
stats: size_rcv 28395928 44558307
stats: size_sent 1512 2376
stats: connected 7 10
# stats: dump at 1615356781
stats: users 0 11
stats: {cpu,"tsung_controller@ip-172-31-59-214"} 1 1.3039117352056169 0.0 3.8901729687940074 0.80040020010005 2.3452865844470288 2
stats: {freemem,"tsung_controller@ip-172-31-59-214"} 1 660.6171875 0.0 662.546875 660.6171875 662.259765625 2
stats: {load,"tsung_controller@ip-172-31-59-214"} 1 0.140625 0.0 0.19140625 0.140625 0.17578125 2
stats: session 15 6420.2682 1598.8884833245957 9024.795 1305.003 3719.1912666666667 15
stats: users_count 6 30
stats: finish_users_count 15 30
stats: request 18 6460.492999999998 1648.3912473570167 9022.839 1303.102 2978.1848333333332 12
stats: connect 8 1.307875 0.3515250480051173 10.483 1.031 1.9872272727272717 22
stats: page 18 6460.492999999998 1648.3912473570167 9022.839 1303.102 2978.1848333333332 12
stats: 200 15 30
stats: size_rcv 52426340 96984647
stats: size_sent 864 3240
stats: connected -10 0
# stats: dump at 1615356791
stats: users 5 11
stats: {cpu,"tsung_controller@ip-172-31-59-214"} 1 1.255650426921145 0.0 3.8901729687940074 0.80040020010005 1.9981616346998914 3
stats: {freemem,"tsung_controller@ip-172-31-59-214"} 1 658.52734375 0.0 662.546875 658.52734375 661.7122395833334 3
stats: {load,"tsung_controller@ip-172-31-59-214"} 1 0.12109375 0.0 0.19140625 0.12109375 0.1640625 3
stats: session 7 2191.976428571428 1266.2167265352614 9024.795 1098.366 5069.729733333333 30
stats: users_count 12 42
stats: finish_users_count 7 37
stats: 200 7 37
stats: request 5 1619.6718 340.56667311902385 9022.839 1096.288 5067.569733333332 30
stats: size_rcv 18783849 115768496
stats: newphase 1 1
stats: size_sent 1188 4428
stats: connect 11 1.435 0.9376992151973991 10.483 0.944 1.806066666666666 30
stats: connected 6 6
stats: page 5 1619.6718 340.56667311902385 9022.839 1096.288 5067.569733333332 30
# stats: dump at 1615356801
stats: users 13 16
stats: {cpu,"tsung_controller@ip-172-31-59-214"} 1 1.8527791687531296 0.0 3.8901729687940074 0.80040020010005 1.8125338327552047 4
stats: {freemem,"tsung_controller@ip-172-31-59-214"} 1 657.875 0.0 662.546875 657.875 660.916015625 4
stats: {load,"tsung_controller@ip-172-31-59-214"} 1 0.1015625 0.0 0.19140625 0.1015625 0.1533203125 4
stats: session 10 6868.313500000001 1440.0665022187861 9434.358 1098.366 4525.289918918918 37
stats: users_count 18 60
stats: finish_users_count 10 47
stats: request 11 6041.892454545456 1725.8553184993316 9022.839 1096.288 4575.0128857142845 35
stats: connect 18 1.219611111111111 0.07841849192979423 10.483 0.944 1.7065121951219508 41
stats: page 11 6041.892454545456 1725.8553184993316 9022.839 1096.288 4575.0128857142845 35
stats: 200 11 48
stats: size_rcv 35562463 151330959
stats: newphase 0 1
stats: size_sent 1944 6372
stats: connected 7 13
# stats: dump at 1615356811
stats: users 24 24
stats: {cpu,"tsung_controller@ip-172-31-59-214"} 1 1.5484515484515484 0.0 3.8901729687940074 0.80040020010005 1.8205828999547897 5
stats: {freemem,"tsung_controller@ip-172-31-59-214"} 1 658.12109375 0.0 662.546875 657.875 660.3078125 5
stats: {load,"tsung_controller@ip-172-31-59-214"} 1 0.078125 0.0 0.19140625 0.078125 0.14296875 5
stats: session 14 9336.450642857144 2455.66745590314 14594.969 1098.366 5023.805574468085 47
stats: users_count 25 85
stats: finish_users_count 14 61
stats: request 15 9340.969333333334 2372.5048440646765 14592.893 1096.288 4925.7884347826075 46
stats: connect 24 1.268833333333333 0.3428771240870732 10.483 0.944 1.5579661016949151 59
stats: page 15 9340.969333333334 2372.5048440646765 14592.893 1096.288 4925.7884347826075 46
stats: 200 11 59
stats: size_rcv 37752905 189083864
stats: newphase 0 1
stats: size_sent 2592 8964
stats: connected 9 22
stats: 500 3 3
# stats: dump at 1615356821
stats: users 33 41
stats: {cpu,"tsung_controller@ip-172-31-59-214"} 1 0.6513026052104208 0.0 3.8901729687940074 0.6513026052104208 1.7752276747042497 6
stats: {freemem,"tsung_controller@ip-172-31-59-214"} 1 656.5078125 0.0 662.546875 656.5078125 659.943359375 6
stats: {load,"tsung_controller@ip-172-31-59-214"} 1 0.0703125 0.0 0.19140625 0.0703125 0.13216145833333334 6
stats: session 29 8975.004758620687 2706.098516607687 14594.969 1098.366 6013.592967213114 61
stats: users_count 38 123
stats: finish_users_count 29 90
stats: connect 38 1.3879210526315788 0.9828608988045521 10.483 0.944 1.4743614457831324 83
stats: 200 12 71
stats: request 26 8510.92426923077 2469.5849613076775 14592.893 1096.288 6011.488655737704 61
stats: size_rcv 33936303 223020167
stats: newphase 1 2
stats: page 26 8510.92426923077 2469.5849613076775 14592.893 1096.288 6011.488655737704 61
stats: size_sent 4104 13068
stats: connected 12 34
stats: 500 16 19
# stats: dump at 1615356831
stats: users 23 41
stats: {cpu,"tsung_controller@ip-172-31-59-214"} 1 1.2512512512512513 0.0 3.8901729687940074 0.6513026052104208 1.6146669504908455 7
stats: {freemem,"tsung_controller@ip-172-31-59-214"} 1 655.39453125 0.0 662.546875 655.39453125 659.4525669642857 7
stats: {load,"tsung_controller@ip-172-31-59-214"} 1 0.05859375 0.0 0.19140625 0.05859375 0.12332589285714286 7
stats: session 43 8397.257767441864 3079.9095596229045 14594.969 1098.366 6967.8256555555545 90
stats: users_count 33 156
stats: finish_users_count 43 133
stats: request 45 8746.14635555556 3201.7851818064887 14592.893 1096.288 6758.446425287357 87
stats: 200 12 83
stats: connect 34 1.2987352941176467 0.33285885622300915 10.483 0.944 1.4472148760330577 121
stats: page 45 8746.14635555556 3201.7851818064887 14592.893 1096.288 6758.446425287357 87
stats: size_rcv 42691898 265712065
stats: newphase 0 2
stats: size_sent 3672 16740
stats: connected -11 23
stats: 500 31 50
# stats: dump at 1615356841
stats: users 33 41
stats: {cpu,"tsung_controller@ip-172-31-59-214"} 1 1.2550200803212852 0.0 3.8901729687940074 0.6513026052104208 1.5692399880858963 8
stats: {freemem,"tsung_controller@ip-172-31-59-214"} 1 653.8125 0.0 662.546875 653.8125 658.9453125 8
stats: {load,"tsung_controller@ip-172-31-59-214"} 1 0.05078125 0.0 0.19140625 0.05078125 0.115234375 8
stats: session 26 10200.985730769233 2585.0156328432163 14596.647 1098.366 7429.972879699249 133
stats: users_count 36 192
stats: finish_users_count 26 159
stats: request 27 10056.47474074074 2638.685091258152 14594.671 1096.288 7436.071401515153 132
stats: connect 36 1.2276388888888885 0.21091917261487453 10.483 0.944 1.4146451612903224 155
stats: page 27 10056.47474074074 2638.685091258152 14594.671 1096.288 7436.071401515153 132
stats: 200 14 97
stats: size_rcv 47989255 313701320
stats: newphase 0 2
stats: size_sent 3888 20628
stats: connected 9 32
stats: 500 12 62
# stats: dump at 1615356851
stats: users 70 70
stats: {cpu,"tsung_controller@ip-172-31-59-214"} 1 1.8490754622688657 0.0 3.8901729687940074 0.6513026052104208 1.5343266650009395 9
stats: {freemem,"tsung_controller@ip-172-31-59-214"} 1 654.78515625 0.0 662.546875 653.8125 658.375 9
stats: {load,"tsung_controller@ip-172-31-59-214"} 1 0.0390625 0.0 0.19140625 0.0390625 0.10807291666666667 9
stats: session 36 9545.132083333336 2904.721400254921 15251.591 1098.366 7883.094477987422 159
stats: users_count 73 265
stats: finish_users_count 36 195
stats: request 36 9543.118833333334 2904.70167315352 15249.439 1096.288 7881.045553459121 159
stats: connect 71 1.4920845070422533 1.0049990785011382 10.483 0.944 1.3793979057591619 191
stats: page 36 9543.118833333334 2904.70167315352 15249.439 1096.288 7881.045553459121 159
stats: 200 10 107
stats: size_rcv 32375650 346076970
stats: newphase 1 3
stats: size_sent 7668 28296
stats: connected 35 67
stats: 500 26 88
# stats: dump at 1615356861
stats: users 58 86
stats: {cpu,"tsung_controller@ip-172-31-59-214"} 1 1.7034068136272544 0.0 3.8901729687940074 0.6513026052104208 1.5658015447277323 10
stats: {freemem,"tsung_controller@ip-172-31-59-214"} 1 662.1171875 0.0 662.546875 653.8125 658.016015625 10
stats: {load,"tsung_controller@ip-172-31-59-214"} 1 0.03125 0.0 0.19140625 0.03125 0.101171875 10
stats: session 81 8743.82022222222 1843.6910487451823 15251.591 1098.366 8189.932189743591 195
stats: users_count 69 334
stats: finish_users_count 81 276
stats: request 81 8741.826580246914 1843.6691581388504 15249.439 1096.288 8187.889851282052 195
stats: page 81 8741.826580246914 1843.6691581388504 15249.439 1096.288 8187.889851282052 195
stats: connect 70 1.4151142857142862 0.7277647881965543 10.483 0.944 1.4099351145038164 262
stats: 200 14 121
stats: size_rcv 45385584 391462554
stats: newphase 0 3
stats: size_sent 7560 35856
stats: connected -11 56
stats: 500 67 155
# stats: dump at 1615356871
stats: users 74 88
stats: {cpu,"tsung_controller@ip-172-31-59-214"} 1 2.1510755377688846 0.0 3.8901729687940074 0.6513026052104208 1.5783111146276887 11
stats: {freemem,"tsung_controller@ip-172-31-59-214"} 1 664.71875 0.0 664.71875 653.8125 658.3888494318181 11
stats: {load,"tsung_controller@ip-172-31-59-214"} 1 0.03125 0.0 0.19140625 0.03125 0.09481534090909091 11
stats: session 76 8875.92051315789 2466.9158082167273 16037.396 1098.366 8352.486286231884 276
stats: users_count 92 426
stats: finish_users_count 76 352
stats: request 73 8879.67563013699 2516.7964256379933 16034.645 1096.288 8350.458239130436 276
stats: connect 92 1.3750760869565222 0.7927769607072133 10.483 0.944 1.411027108433735 332
stats: page 73 8879.67563013699 2516.7964256379933 16034.645 1096.288 8350.458239130436 276
stats: 200 13 134
stats: size_rcv 39870563 431333117
stats: newphase 0 3
stats: size_sent 9936 45792
stats: connected 19 75
stats: 500 62 217
# stats: dump at 1615356881
stats: users 136 136
stats: {cpu,"tsung_controller@ip-172-31-59-214"} 1 1.7059708981435024 0.0 3.8901729687940074 0.6513026052104208 1.6260414832227885 12
stats: {freemem,"tsung_controller@ip-172-31-59-214"} 1 662.7734375 0.0 664.71875 653.8125 658.9163411458333 12
stats: {load,"tsung_controller@ip-172-31-59-214"} 1 0.01953125 0.0 0.19140625 0.01953125 0.08951822916666667 12
stats: session 66 9065.149984848482 2331.407849790444 16037.396 1098.366 8465.500494318181 352
stats: users_count 128 554
stats: finish_users_count 66 418
stats: 200 10 144
stats: request 69 9048.87285507247 2281.2550129372908 16034.645 1096.288 8461.154140401148 349
stats: size_rcv 34709104 466042221
stats: newphase 1 4
stats: connect 124 1.3437419354838713 1.2407915974253758 14.669 0.944 1.4032264150943399 424
stats: size_sent 13392 59184
stats: connected 55 130
stats: page 69 9048.87285507247 2281.2550129372908 16034.645 1096.288 8461.154140401148 349
stats: 500 57 274
# stats: dump at 1615356891
stats: users 186 194
stats: {cpu,"tsung_controller@ip-172-31-59-214"} 1 2.1010505252626315 0.0 3.8901729687940074 0.6513026052104208 1.632189899755151 13
stats: {freemem,"tsung_controller@ip-172-31-59-214"} 1 661.36328125 0.0 664.71875 653.8125 659.2130408653846 13
stats: {load,"tsung_controller@ip-172-31-59-214"} 1 0.01953125 0.0 0.19140625 0.01953125 0.08413461538461539 13
stats: session 113 10642.765637168137 2398.121945899519 16506.643 3.821 8560.181992822965 418
stats: users_count 163 717
stats: finish_users_count 113 531
stats: page 113 10640.783398230098 2398.110888190495 16504.572 1.875 8558.169909090911 418
stats: 200 18 162
stats: request 113 10640.783398230098 2398.110888190495 16504.572 1.875 8558.169909090911 418
stats: size_rcv 58339469 524381690
stats: newphase 0 4
stats: connect 165 1.2591878787878783 0.42768440060369617 14.669 0.92 1.3897664233576643 548
stats: 502 2 2
stats: size_sent 17820 77004
stats: connected 52 182
stats: 500 93 367
# stats: dump at 1615356901
stats: users 193 195
stats: {cpu,"tsung_controller@ip-172-31-59-214"} 1 3.0045067601402105 0.0 3.8901729687940074 0.6513026052104208 1.6656799444342567 14
stats: {freemem,"tsung_controller@ip-172-31-59-214"} 1 659.51953125 0.0 664.71875 653.8125 659.3666294642857 14
stats: {load,"tsung_controller@ip-172-31-59-214"} 1 0.01953125 0.0 0.19140625 0.01953125 0.07952008928571429 14
stats: session 167 5726.214431137723 7426.08630830816 21534.67 3.347 9003.368342749527 531
stats: users_count 174 891
stats: finish_users_count 167 698
stats: request 165 5793.569242424242 7444.0123010755415 21532.638 1.571 9001.362610169495 531
stats: connect 176 1.2499375 0.4565401649692102 14.669 0.92 1.3595483870967742 713
stats: page 165 5793.569242424242 7444.0123010755415 21532.638 1.571 9001.362610169495 531
stats: 200 10 172
stats: size_rcv 31327200 555708890
stats: newphase 0 4
stats: 502 102 104
stats: size_sent 19008 96012
stats: connected 11 193
stats: 500 54 421
# stats: dump at 1615356911
stats: users 193 196
stats: {cpu,"tsung_controller@ip-172-31-59-214"} 1 2.4524524524524525 0.0 3.8901729687940074 0.6513026052104208 1.7549350654813203 15
stats: {freemem,"tsung_controller@ip-172-31-59-214"} 1 659.390625 0.0 664.71875 653.8125 659.3768229166667 15
stats: {load,"tsung_controller@ip-172-31-59-214"} 1 0.01171875 0.0 0.19140625 0.01171875 0.07552083333333333 15
stats: session 259 5422.996077220073 8861.917978496396 24021.039 3.244 8219.292836676215 698
stats: users_count 259 1150
stats: finish_users_count 259 957
stats: page 253 5549.494873517791 8926.563681701162 24018.951 1.481 8240.89435488506 696
stats: 200 12 184
stats: request 253 5549.494873517791 8926.563681701162 24018.951 1.481 8240.89435488506 696
stats: size_rcv 38439407 594148297
stats: newphase 1 5
stats: connect 252 1.3941349206349203 1.2374064008417123 14.669 0.843 1.3378481439820022 889
stats: 502 182 286
stats: size_sent 27216 123228
stats: connected -1 192
stats: 500 59 480
# stats: dump at 1615356921
stats: users 193 196
stats: {cpu,"tsung_controller@ip-172-31-59-214"} 1 2.9573934837092732 0.0 3.8901729687940074 0.6513026052104208 1.798529902167016 16
stats: {freemem,"tsung_controller@ip-172-31-59-214"} 1 659.94140625 0.0 664.71875 653.8125 659.377685546875 16
stats: {load,"tsung_controller@ip-172-31-59-214"} 1 0.01171875 0.0 0.19140625 0.01171875 0.071533203125 16
stats: session 334 6569.757119760472 10701.646064512128 30733.308 3.244 7462.51032810867 957
stats: users_count 334 1484
stats: finish_users_count 334 1291
stats: request 336 6528.653499999993 10681.689463703926 30731.289 1.481 7523.376895679666 949
stats: connect 337 1.2122195845697332 0.39670340276434807 14.669 0.843 1.350279579316389 1141
stats: page 336 6528.653499999993 10681.689463703926 30731.289 1.481 7523.376895679666 949
stats: 200 16 200
stats: size_rcv 52994982 647143279
stats: newphase 0 5
stats: 502 244 530
stats: size_sent 36396 159624
stats: connected 1 193
stats: 500 76 556
# stats: dump at 1615356931
stats: users 192 197
stats: {cpu,"tsung_controller@ip-172-31-59-214"} 1 4.236006051437216 0.0 4.236006051437216 0.6513026052104208 1.86669834814009 17
stats: {freemem,"tsung_controller@ip-172-31-59-214"} 1 657.32421875 0.0 664.71875 653.8125 659.4108455882352 17
stats: {load,"tsung_controller@ip-172-31-59-214"} 1 0.078125 0.0 0.19140625 0.01171875 0.06801470588235294 17
stats: session 311 5147.642379421222 9894.313574715763 31931.825 3.244 7231.542418280398 1291
stats: users_count 310 1794
stats: finish_users_count 311 1602
stats: request 315 5080.311165079366 9848.15616360655 31929.84 1.481 7263.278015564202 1285
stats: connect 313 1.2406070287539939 0.5741477325014347 14.669 0.843 1.3188004059539917 1478
stats: page 315 5080.311165079366 9848.15616360655 31929.84 1.481 7263.278015564202 1285
stats: 200 10 210
stats: size_rcv 31468021 678611300
stats: newphase 0 5
stats: 502 248 778
stats: size_sent 33804 193428
stats: connected -2 191
stats: 500 57 613
# stats: dump at 1615356941
stats: users 193 197
stats: {cpu,"tsung_controller@ip-172-31-59-214"} 1 2.7610441767068274 0.0 4.236006051437216 0.6513026052104208 1.9983265538788193 18
stats: {freemem,"tsung_controller@ip-172-31-59-214"} 1 657.3203125 0.0 664.71875 653.8125 659.294921875 18
stats: {load,"tsung_controller@ip-172-31-59-214"} 1 0.0703125 0.0 0.19140625 0.01171875 0.0685763888888889 18
stats: session 515 3315.7363281553435 8495.98933640799 31931.825 2.845 6826.9900387016205 1602
stats: users_count 516 2310
stats: finish_users_count 515 2117
stats: connect 513 1.2439376218323617 1.234322296716438 25.827 0.843 1.3051351200446677 1791
stats: page 511 3339.608913894325 8524.11838384949 31929.84 1.474 6833.5064168750005 1600
stats: 200 12 222
stats: size_rcv 40698500 719309800
stats: newphase 1 6
stats: 502 442 1220
stats: size_sent 55404 248832
stats: connected 2 193
stats: 500 56 669
stats: request 511 3339.608913894325 8524.11838384949 31929.84 1.474 6833.5064168750005 1600
# stats: dump at 1615356951
stats: users 192 197
stats: {cpu,"tsung_controller@ip-172-31-59-214"} 1 4.339051463168516 0.0 4.339051463168516 0.6513026052104208 2.038469586659241 19
stats: {freemem,"tsung_controller@ip-172-31-59-214"} 1 659.0 0.0 664.71875 653.8125 659.1909950657895 19
stats: {load,"tsung_controller@ip-172-31-59-214"} 1 0.05859375 0.0 0.19140625 0.01171875 0.06866776315789473 19
stats: session 655 3608.689175572518 8766.326373519627 36837.593 2.845 5972.8116443079825 2117
stats: users_count 654 2964
stats: finish_users_count 655 2772
stats: connect 657 1.2282891933028925 0.6384506229538714 25.827 0.835 1.291509114583334 2304
stats: request 658 3590.225676291797 8749.71071104665 36835.703 1.474 5987.754818569399 2111
stats: page 658 3590.225676291797 8749.71071104665 36835.703 1.474 5987.754818569399 2111
stats: 200 15 237
stats: size_rcv 48214980 767524780
stats: newphase 0 6
stats: 502 562 1782
stats: size_sent 70956 319788
stats: connected -1 192
stats: 500 82 751
# stats: dump at 1615356961
stats: users 189 197
stats: {cpu,"tsung_controller@ip-172-31-59-214"} 1 4.95199595755432 0.0 4.95199595755432 0.6513026052104208 2.153498680484705 20
stats: {freemem,"tsung_controller@ip-172-31-59-214"} 1 656.28515625 0.0 664.71875 653.8125 659.1814453125 20
stats: {load,"tsung_controller@ip-172-31-59-214"} 1 0.05078125 0.0 0.19140625 0.01171875 0.0681640625 20
stats: session 589 2687.3416010186784 7808.9815716694975 36837.593 2.845 5414.1896323953815 2772
stats: users_count 586 3550
stats: finish_users_count 589 3361
stats: connect 583 1.1977444253859337 0.4994908744436251 25.827 0.835 1.2774815940560629 2961
stats: page 588 2689.8766802721084 7814.842500591801 36835.703 1.474 5418.027777898159 2769
stats: request 588 2689.8766802721084 7814.842500591801 36835.703 1.474 5418.027777898159 2769
stats: 200 10 247
stats: size_rcv 30497420 798022200
stats: newphase 0 6
stats: 502 525 2307
stats: size_sent 62964 382752
stats: connected -5 187
stats: 500 53 804
# stats: dump at 1615356971
stats: users 193 201
stats: {cpu,"tsung_controller@ip-172-31-59-214"} 1 3.9818548387096775 0.0 4.95199595755432 0.6513026052104208 2.286760455583258 21
stats: {freemem,"tsung_controller@ip-172-31-59-214"} 1 655.375 0.0 664.71875 653.8125 659.0435267857143 21
stats: {load,"tsung_controller@ip-172-31-59-214"} 1 0.0390625 0.0 0.19140625 0.01171875 0.06733630952380952 21
stats: session 1077 1944.9343528319384 6773.943301391643 37418.706 2.845 4936.321887533472 3361
stats: users_count 1081 4631
stats: finish_users_count 1077 4438
stats: request 1079 1939.2925940685761 6768.179354035626 37416.645 1.459 4940.174681263034 3357
stats: 200 14 261
stats: connect 1085 1.2502396313364048 0.7667138614514539 25.827 0.812 1.2643645598194135 3544
stats: page 1079 1939.2925940685761 6768.179354035626 37416.645 1.459 4940.174681263034 3357
stats: size_rcv 42912377 840934577
stats: newphase 1 7
stats: 502 996 3303
stats: size_sent 117180 499932
stats: connected 6 193
stats: 500 71 875
# stats: dump at 1615356981
stats: users 193 201
stats: {cpu,"tsung_controller@ip-172-31-59-214"} 1 6.666666666666667 0.0 6.666666666666667 0.6513026052104208 2.3638102002708226 22
stats: {freemem,"tsung_controller@ip-172-31-59-214"} 1 654.18359375 0.0 664.71875 653.8125 658.8767755681819 22
stats: {load,"tsung_controller@ip-172-31-59-214"} 1 0.03125 0.0 0.19140625 0.01171875 0.06605113636363637 22
stats: session 1205 1725.9882556016605 6406.497885362443 37418.706 2.797 4210.381289319513 4438
stats: users_count 1205 5836
stats: finish_users_count 1205 5643
stats: request 1206 1722.5176948590372 6404.033826768602 37416.645 1.351 4210.248673128945 4436
stats: connect 1206 1.1061094527363182 0.5475930928316648 25.827 0.726 1.261053791315619 4629
stats: page 1206 1722.5176948590372 6404.033826768602 37416.645 1.351 4210.248673128945 4436
stats: 200 15 276
stats: size_rcv 50632159 891566736
stats: newphase 0 7
stats: 502 1124 4427
stats: size_sent 130248 630180
stats: connected 0 193
stats: 500 66 941
# stats: dump at 1615356991
stats: users 193 201
stats: {cpu,"tsung_controller@ip-172-31-59-214"} 1 6.5339458907605925 0.0 6.666666666666667 0.6513026052104208 2.5508909162010767 23
stats: {freemem,"tsung_controller@ip-172-31-59-214"} 1 653.390625 0.0 664.71875 653.390625 658.6727241847827 23
stats: {load,"tsung_controller@ip-172-31-59-214"} 1 0.03125 0.0 0.19140625 0.01171875 0.06453804347826086 23
stats: session 1254 1270.2068740031934 5362.653770985152 37418.706 2.797 3679.866739323055 5643
stats: users_count 1254 7090
stats: finish_users_count 1254 6897
stats: request 1195 1294.8691732217583 5424.223020160111 37416.645 1.351 3678.486255583126 5642
stats: connect 1196 1.1423076923076936 0.5645922602866702 25.827 0.726 1.2290293059125965 5835
stats: page 1195 1294.8691732217583 5424.223020160111 37416.645 1.351 3678.486255583126 5642
stats: 200 12 288
stats: size_rcv 33315169 924881905
stats: newphase 0 7
stats: 502 1131 5558
stats: size_sent 129168 759348
stats: connected 1 194
stats: 500 55 996
# stats: dump at 1615357001
stats: users 192 201
stats: {cpu,"tsung_controller@ip-172-31-59-214"} 1 6.3720452209660845 0.0 6.666666666666667 0.6513026052104208 2.716851540141057 24
stats: {freemem,"tsung_controller@ip-172-31-59-214"} 1 651.54296875 0.0 664.71875 651.54296875 658.4526367187501 24
stats: {load,"tsung_controller@ip-172-31-59-214"} 1 0.1015625 0.0 0.19140625 0.01171875 0.06315104166666667 24
stats: session 2058 1087.8406550048571 5066.260489867501 37418.706 2.797 3241.7467638103526 6897
stats: users_count 2057 9147
stats: finish_users_count 2058 8955
stats: connect 1996 1.077281062124251 0.45320938666182814 25.827 0.726 1.2142776276489833 7031
stats: request 1997 1129.4764356534815 5158.899874018898 37416.645 1.351 3261.867502705865 6837
stats: page 1997 1129.4764356534815 5158.899874018898 37416.645 1.351 3261.867502705865 6837
stats: 200 13 301
stats: size_rcv 47145875 972027780
stats: newphase 1 8
stats: 502 1904 7462
stats: size_sent 215568 974916
stats: connected -1 193
stats: 500 77 1073
# stats: dump at 1615357011
stats: users 194 202
stats: {cpu,"tsung_controller@ip-172-31-59-214"} 1 9.863588667366212 0.0 9.863588667366212 0.6513026052104208 2.863059287374058 25
stats: {freemem,"tsung_controller@ip-172-31-59-214"} 1 650.3515625 0.0 664.71875 650.3515625 658.1762500000001 25
stats: {load,"tsung_controller@ip-172-31-59-214"} 1 0.078125 0.0 0.19140625 0.01171875 0.0646875 25
stats: session 2456 526.8643196254075 3698.265455963428 37418.706 2.797 2746.7452259073143 8955
stats: users_count 2458 11605
stats: finish_users_count 2456 11411
stats: request 2481 505.58733091495264 3620.3524092250323 37416.645 1.327 2779.8225671270093 8834
stats: 200 10 311
stats: size_rcv 38573363 1010601143
stats: newphase 0 8
stats: 502 2433 9895
stats: size_sent 268164 1243080
stats: connected 2 195
stats: 500 36 1109
stats: connect 2483 1.0326802255336307 0.40538045459519934 25.827 0.694 1.1839857095380533 9027
stats: page 2481 505.58733091495264 3620.3524092250323 37416.645 1.327 2779.8225671270093 8834
# stats: dump at 1615357021
stats: users 195 202
stats: {cpu,"tsung_controller@ip-172-31-59-214"} 1 11.669283097854526 0.0 11.669283097854526 0.6513026052104208 3.1323104173737564 26
stats: {freemem,"tsung_controller@ip-172-31-59-214"} 1 650.00390625 0.0 664.71875 650.00390625 657.8753004807694 26
stats: {load,"tsung_controller@ip-172-31-59-214"} 1 0.0703125 0.0 0.19140625 0.01171875 0.06520432692307691 26
stats: session 2419 1031.9086469615518 5244.280850672828 37418.706 2.797 2268.9582216282533 11411
stats: users_count 2420 14025
stats: finish_users_count 2419 13830
stats: connect 2418 1.099454094292808 0.519100259254582 25.827 0.694 1.1513452649869689 11510
stats: request 2420 870.5707438016524 4839.648806039452 37416.645 1.327 2281.1590566504638 11315
stats: page 2420 870.5707438016524 4839.648806039452 37416.645 1.327 2281.1590566504638 11315
stats: 200 12 323
stats: size_rcv 35287324 1045888467
stats: newphase 0 8
stats: 502 2344 12239
stats: size_sent 261144 1504224
stats: connected -2 193
stats: 500 66 1175
# stats: dump at 1615357031
stats: users 194 206
stats: {cpu,"tsung_controller@ip-172-31-59-214"} 1 12.31732776617954 0.0 12.31732776617954 0.6513026052104208 3.4484945907248963 27
stats: {freemem,"tsung_controller@ip-172-31-59-214"} 1 649.15625 0.0 664.71875 649.15625 657.5837673611112 27
stats: {load,"tsung_controller@ip-172-31-59-214"} 1 0.05859375 0.0 0.19140625 0.01171875 0.0653935185185185 27
stats: session 4343 415.4603410085205 3325.6223668900857 37418.706 2.797 2052.586354591467 13830
stats: users_count 4342 18367
stats: finish_users_count 4343 18173
stats: request 4210 531.1127828978632 3767.2603191343287 37416.645 1.327 2032.6243848562065 13735
stats: 200 14 337
stats: connect 4210 1.0745268408551025 0.5674155978478145 25.827 0.67 1.1423365881677212 13928
stats: size_rcv 51052221 1096940688
stats: newphase 1 9
stats: 502 4128 16367
stats: size_sent 454680 1958904
stats: connected 0 193
stats: 500 66 1241
stats: page 4210 531.1127828978632 3767.2603191343287 37416.645 1.327 2032.6243848562065 13735
# stats: dump at 1615357041
stats: users 193 209
stats: {cpu,"tsung_controller@ip-172-31-59-214"} 1 19.768054823405375 0.0 19.768054823405375 0.6513026052104208 3.7652386327054193 28
stats: {freemem,"tsung_controller@ip-172-31-59-214"} 1 648.30078125 0.0 664.71875 648.30078125 657.2827845982144 28
stats: {load,"tsung_controller@ip-172-31-59-214"} 1 0.05078125 0.0 0.19140625 0.01171875 0.06515066964285712 28
stats: session 4903 366.4863644707322 3090.3484012894532 37418.706 2.797 1661.344497056072 18173
stats: users_count 4902 23269
stats: finish_users_count 4903 23076
stats: request 4950 360.9952268686854 3075.842073997419 37416.645 1.301 1680.3611447199776 17945
stats: page 4950 360.9952268686854 3075.842073997419 37416.645 1.301 1680.3611447199776 17945
stats: 200 10 347
stats: connect 4949 0.9960214184683746 0.3450480294110565 25.827 0.67 1.1265973095159334 18138
stats: size_rcv 33969493 1130910181
stats: newphase 0 9
stats: 502 4882 21249
stats: size_sent 534492 2493396
stats: connected -1 192
stats: 500 58 1299
# stats: dump at 1615357051
stats: users 194 209
stats: {cpu,"tsung_controller@ip-172-31-59-214"} 1 20.096463022508036 0.0 20.096463022508036 0.6513026052104208 4.31705988066059 29
stats: {freemem,"tsung_controller@ip-172-31-59-214"} 1 646.484375 0.0 664.71875 646.484375 656.9730603448277 29
stats: {load,"tsung_controller@ip-172-31-59-214"} 1 0.0390625 0.0 0.19140625 0.01171875 0.0646551724137931 29
stats: session 5040 497.0533015873019 3455.525129407149 37418.706 2.797 1386.2236171780203 23076
stats: users_count 5041 28310
stats: finish_users_count 5040 28116
stats: connect 5022 1.0186413779370784 0.4172855702476787 25.827 0.669 1.0986066617576986 23087
stats: page 5021 443.2547030472029 3273.5424789673903 37416.645 1.297 1395.1084129722642 22895
stats: request 5021 443.2547030472029 3273.5424789673903 37416.645 1.297 1395.1084129722642 22895
stats: 200 17 364
stats: size_rcv 51587801 1182497982
stats: newphase 0 9
stats: 502 4930 26179
stats: size_sent 542376 3035772
stats: connected 1 193
stats: 500 78 1377
# stats: dump at 1615357061
stats: users 132 209
stats: {cpu,"tsung_controller@ip-172-31-59-214"} 1 21.004810261892036 0.0 21.004810261892036 0.6513026052104208 4.843039985388839 30
stats: {freemem,"tsung_controller@ip-172-31-59-214"} 1 646.26171875 0.0 664.71875 646.26171875 656.6234375000001 30
stats: {load,"tsung_controller@ip-172-31-59-214"} 1 0.26171875 0.0 0.26171875 0.01171875 0.06380208333333333 30
stats: session 1267 1319.9045240726132 5496.023101899748 37418.706 2.797 1226.833291720017 28116
stats: users_count 1205 29515
stats: finish_users_count 1267 29383
stats: page 1466 1308.4474147339668 5486.911846821646 37416.645 1.297 1223.9070418039832 27916
stats: 200 11 375
stats: request 1466 1308.4474147339668 5486.911846821646 37416.645 1.297 1223.9070418039832 27916
stats: connect 1406 0.9845206258890487 0.3700869077336469 25.827 0.669 1.0843199331175069 28109
stats: size_rcv 37956348 1220454330
stats: newphase 0 9
stats: 502 1386 27565
stats: size_sent 151848 3187620
stats: connected -60 133
stats: 500 66 1443
# stats: dump at 1615357071
stats: users 47 209
stats: {cpu,"tsung_controller@ip-172-31-59-214"} 1 4.084720121028744 0.0 21.004810261892036 0.6513026052104208 5.3643874136631355 31
stats: {freemem,"tsung_controller@ip-172-31-59-214"} 1 646.65625 0.0 664.71875 646.26171875 656.2891885080646 31
stats: {load,"tsung_controller@ip-172-31-59-214"} 1 0.21875 0.0 0.26171875 0.01171875 0.07018649193548387 31
stats: session 85 24421.57137647058 3548.47660001869 37418.706 2.797 1230.8465392233604 29383
stats: users_count 0 29515
stats: finish_users_count 85 29468
stats: request 86 24382.121197674427 3544.55812270546 37416.645 1.297 1228.1251408685587 29382
stats: connect 0 0 0 25.827 0.669 1.079565813992885 29515
stats: page 86 24382.121197674427 3544.55812270546 37416.645 1.297 1228.1251408685587 29382
stats: 200 14 389
stats: size_rcv 46969974 1267424304
stats: newphase 0 9
stats: 502 0 27565
stats: size_sent 0 3187620
stats: connected -86 47
stats: 500 72 1515
# stats: dump at 1615357081
stats: users 0 209
stats: {cpu,"tsung_controller@ip-172-31-59-214"} 1 2.004008016032064 0.0 21.004810261892036 0.6513026052104208 5.3243978107683105 32
stats: {freemem,"tsung_controller@ip-172-31-59-214"} 1 646.81640625 0.0 664.71875 646.26171875 655.9881591796876 32
stats: {load,"tsung_controller@ip-172-31-59-214"} 1 0.19140625 0.0 0.26171875 0.01171875 0.0748291015625 32
stats: session 47 25627.012638297874 2386.433505733917 37418.706 2.797 1297.7398340233474 29468
stats: users_count 0 29515
stats: finish_users_count 47 29515
stats: request 47 25624.878851063837 2386.427973644182 37416.645 1.297 1295.6982256006513 29468
stats: connect 0 0 0 25.827 0.669 1.079565813992885 29515
stats: page 47 25624.878851063837 2386.427973644182 37416.645 1.297 1295.6982256006513 29468
stats: 200 12 401
stats: size_rcv 40515080 1307939384
stats: newphase 0 9
stats: 502 0 27565
stats: size_sent 0 3187620
stats: connected -47 0
stats: 500 34 1549
# stats: dump at 1615357084
stats: users 0 209
stats: {cpu,"tsung_controller@ip-172-31-59-214"} 1 1.3520280420630946 0.0 21.004810261892036 0.6513026052104208 5.223779938200545 33
stats: {freemem,"tsung_controller@ip-172-31-59-214"} 1 647.4375 0.0 664.71875 646.26171875 655.7102272727274 33
stats: {load,"tsung_controller@ip-172-31-59-214"} 1 0.16015625 0.0 0.26171875 0.01171875 0.07836174242424243 33
stats: session 0 0 0 37418.706 2.797 1336.4820268676942 29515
stats: users_count 0 29515
stats: finish_users_count 0 29515
stats: request 0 0 0 37416.645 1.297 1334.4402716584784 29515
stats: connect 0 0 0 25.827 0.669 1.079565813992885 29515
stats: page 0 0 0 37416.645 1.297 1334.4402716584784 29515
stats: 200 0 401
stats: size_rcv 0 1307939384
stats: newphase 0 9
stats: 502 0 27565
stats: size_sent 0 3187620
stats: connected 0 0
stats: 500 0 1549
EndMonitor:{1615,357084,659085}
