# stats: dump at 1615427675
stats: users 3 5
stats: {load,"tsung_controller@ip-172-31-45-17"} 1 0.0703125 0 0.0703125 0.0703125 0 0
stats: {freemem,"tsung_controller@ip-172-31-45-17"} 1 655.2734375 0 655.2734375 655.2734375 0 0
stats: {cpu,"tsung_controller@ip-172-31-45-17"} 1 3.3162187270633767 0 3.3162187270633767 3.3162187270633767 0 0
stats: session 3 4486.657666666666 555.7211087642994 4957.565 3706.297 0 0
stats: users_count 6 6
stats: finish_users_count 3 3
stats: request 36 46.22663888888893 79.99855934819243 225.09 4.69 0 0
stats: connect 6 4.014666666666667 4.642573196933882 14.057 1.308 0 0
stats: page 19 87.69831578947367 93.82070292685805 225.09 7.137 0 0
stats: 302 16 16
stats: 200 20 20
stats: size_rcv 60621 60621
stats: size_sent 21040 21040
stats: connected 3 3
# stats: dump at 1615427685
stats: users 3 6
stats: {load,"tsung_controller@ip-172-31-45-17"} 1 0.05859375 0.0 0.0703125 0.05859375 0.0703125 1
stats: {freemem,"tsung_controller@ip-172-31-45-17"} 1 654.6875 0.0 655.2734375 654.6875 655.2734375 1
stats: {cpu,"tsung_controller@ip-172-31-45-17"} 1 0.5997001499250375 0.0 3.3162187270633767 0.5997001499250375 3.3162187270633767 1
stats: session 8 5572.636125000001 867.4262493351291 6589.925 3706.297 4486.657666666666 3
stats: users_count 8 14
stats: finish_users_count 8 11
stats: request 78 30.97166666666669 65.55886823162803 225.09 4.69 46.22663888888893 36
stats: connect 8 1.376875 0.058033260937155745 14.057 1.271 4.014666666666667 6
stats: page 34 71.20341176470589 85.7462521599487 225.09 6.216 87.69831578947367 19
stats: 302 34 50
stats: 200 44 64
stats: size_rcv 142749 203370
stats: size_sent 48292 69332
stats: connected 0 3
# stats: dump at 1615427695
stats: users 7 7
stats: {load,"tsung_controller@ip-172-31-45-17"} 1 0.05078125 0.0 0.0703125 0.05078125 0.064453125 2
stats: {freemem,"tsung_controller@ip-172-31-45-17"} 1 654.578125 0.0 655.2734375 654.578125 654.98046875 2
stats: {cpu,"tsung_controller@ip-172-31-45-17"} 1 0.29985007496251875 0.0 3.3162187270633767 0.29985007496251875 1.9579594384942072 2
stats: session 4 5456.32075 1148.2113164950026 7410.373 3706.297 5276.460181818183 11
stats: users_count 8 22
stats: finish_users_count 4 15
stats: request 41 50.60209756097562 85.78100838303308 225.413 4.69 35.7890263157895 114
stats: connect 8 1.4265 0.13813218307114392 14.057 1.271 2.507357142857143 14
stats: page 23 90.28486956521739 98.67036720238022 225.413 6.216 77.11667924528301 53
stats: 302 19 69
stats: 200 22 86
stats: size_rcv 55868 259238
stats: size_sent 23363 92695
stats: connected 4 7
# stats: dump at 1615427705
stats: users 13 14
stats: {load,"tsung_controller@ip-172-31-45-17"} 1 0.0390625 0.0 0.0703125 0.0390625 0.059895833333333336 3
stats: {freemem,"tsung_controller@ip-172-31-45-17"} 1 654.44140625 0.0 655.2734375 654.44140625 654.8463541666666 3
stats: {cpu,"tsung_controller@ip-172-31-45-17"} 1 0.29985007496251875 0.0 3.3162187270633767 0.29985007496251875 1.4052563173169776 3
stats: session 12 6068.252249999999 1233.573969760368 7805.865 3706.297 5324.423000000001 15
stats: users_count 18 40
stats: finish_users_count 12 27
stats: request 109 43.02025688073393 86.42492707306954 498.248 4.69 39.70732258064518 155
stats: connect 17 1.4396470588235297 0.16753891248671704 14.057 1.265 2.1143181818181818 22
stats: page 54 86.95601851851852 109.25124709594017 520.661 6.216 81.10178947368419 76
stats: 302 48 117
stats: 200 61 147
stats: size_rcv 175704 434942
stats: newphase 1 1
stats: size_sent 65653 158348
stats: connected 6 13
# stats: dump at 1615427715
stats: users 13 14
stats: {load,"tsung_controller@ip-172-31-45-17"} 1 0.03125 0.0 0.0703125 0.03125 0.0546875 4
stats: {freemem,"tsung_controller@ip-172-31-45-17"} 1 652.92578125 0.0 655.2734375 652.92578125 654.7451171875 4
stats: {cpu,"tsung_controller@ip-172-31-45-17"} 1 0.5494505494505495 0.0 3.3162187270633767 0.29985007496251875 1.128904756728363 4
stats: session 18 5865.462166666667 700.4001978055317 7805.865 3706.297 5655.013777777778 27
stats: users_count 18 58
stats: finish_users_count 18 45
stats: request 170 34.07742941176471 69.77721862814761 498.248 4.494 41.07516287878788 264
stats: 302 76 193
stats: connect 19 1.3921052631578947 0.10299560273538612 14.057 1.25 1.8202307692307693 39
stats: page 76 76.11247368421051 89.51574188765167 520.661 6.216 83.53354615384615 130
stats: 200 94 241
stats: size_rcv 286628 721570
stats: newphase 0 1
stats: size_sent 104417 262765
stats: connected 1 14
# stats: dump at 1615427725
stats: users 10 16
stats: {load,"tsung_controller@ip-172-31-45-17"} 1 0.03125 0.0 0.0703125 0.03125 0.05 5
stats: {freemem,"tsung_controller@ip-172-31-45-17"} 1 650.87890625 0.0 655.2734375 650.87890625 654.38125 5
stats: {cpu,"tsung_controller@ip-172-31-45-17"} 1 0.5002501250625313 0.0 3.3162187270633767 0.29985007496251875 1.0130139152728002 5
stats: session 22 5891.04990909091 1202.7746721049516 7805.865 3562.705 5739.193133333333 45
stats: users_count 19 77
stats: finish_users_count 22 67
stats: request 204 30.06379411764703 64.45527602651072 498.248 4.359 38.33411520737327 434
stats: connect 19 1.4289473684210527 0.2295188270420512 14.057 1.161 1.6799827586206897 58
stats: page 87 70.86356321839082 84.99014531524094 520.661 6.183 80.79567475728155 206
stats: 302 90 283
stats: 200 114 355
stats: size_rcv 363009 1084579
stats: newphase 0 1
stats: size_sent 126149 388914
stats: connected -4 10
# stats: dump at 1615427735
stats: users 27 30
stats: {load,"tsung_controller@ip-172-31-45-17"} 1 0.01953125 0.0 0.0703125 0.01953125 0.046875 6
stats: {freemem,"tsung_controller@ip-172-31-45-17"} 1 651.1875 0.0 655.2734375 650.87890625 653.7975260416666 6
stats: {cpu,"tsung_controller@ip-172-31-45-17"} 1 0.798801797304044 0.0 3.3162187270633767 0.29985007496251875 0.9275532835710888 6
stats: session 20 5803.86095 803.1141394804025 7805.865 3562.705 5789.056552238806 67
stats: users_count 37 114
stats: finish_users_count 20 87
stats: request 201 46.429855721393025 82.30529036824473 498.248 4.131 35.68968652037617 638
stats: connect 37 1.850675675675675 2.443914959086376 16.117 1.135 1.6180389610389612 77
stats: page 109 85.71142201834861 96.69306250877821 520.661 6.183 77.8465494880546 293
stats: 302 90 373
stats: 200 111 466
stats: size_rcv 312269 1396848
stats: newphase 1 2
stats: size_sent 116925 505839
stats: connected 19 29
# stats: dump at 1615427745
stats: users 28 31
stats: {load,"tsung_controller@ip-172-31-45-17"} 1 0.01953125 0.0 0.0703125 0.01953125 0.04296875 7
stats: {freemem,"tsung_controller@ip-172-31-45-17"} 1 648.953125 0.0 655.2734375 648.953125 653.4246651785714 7
stats: {cpu,"tsung_controller@ip-172-31-45-17"} 1 0.7496251874062968 0.0 3.3162187270633767 0.29985007496251875 0.9091602141043681 7
stats: session 41 5767.741731707316 950.7949622241798 7805.865 3562.705 5792.459862068966 87
stats: users_count 42 156
stats: finish_users_count 41 128
stats: connect 40 1.5079500000000001 0.5618235020894017 16.117 1.126 1.6935438596491228 114
stats: page 172 72.21622674418606 86.85050667717668 520.661 6.183 79.97906467661691 402
stats: request 397 31.22573803526444 66.32113993622391 498.248 4.131 38.26271871275327 839
stats: 302 175 548
stats: 200 222 688
stats: size_rcv 702269 2099117
stats: newphase 0 2
stats: size_sent 245434 751273
stats: connected -3 26
# stats: dump at 1615427755
stats: users 23 31
stats: {load,"tsung_controller@ip-172-31-45-17"} 1 0.01953125 0.0 0.0703125 0.01953125 0.0400390625 8
stats: {freemem,"tsung_controller@ip-172-31-45-17"} 1 646.359375 0.0 655.2734375 646.359375 652.86572265625 8
stats: {cpu,"tsung_controller@ip-172-31-45-17"} 1 1.299350324837581 0.0 3.3162187270633767 0.29985007496251875 0.8892183357671092 8
stats: session 42 5879.674476190478 1138.0225385663134 8059.191 3533.981 5784.5423359375 128
stats: users_count 37 193
stats: finish_users_count 42 170
stats: request 346 31.40388728323703 66.24751469109923 498.248 4.069 36.00245873786406 1236
stats: connect 39 1.3723076923076922 0.12070182669069035 16.117 1.119 1.6453376623376623 154
stats: page 151 72.10107947019863 86.91422458766921 520.661 6.144 77.6529181184669 574
stats: 302 153 701
stats: 200 193 881
stats: size_rcv 565376 2664493
stats: newphase 0 2
stats: size_sent 215365 966638
stats: connected -2 24
# stats: dump at 1615427765
stats: users 43 45
stats: {load,"tsung_controller@ip-172-31-45-17"} 1 0.01171875 0.0 0.0703125 0.01171875 0.037760416666666664 9
stats: {freemem,"tsung_controller@ip-172-31-45-17"} 1 650.046875 0.0 655.2734375 646.359375 652.1427951388889 9
stats: {cpu,"tsung_controller@ip-172-31-45-17"} 1 1.0479041916167664 0.0 3.3162187270633767 0.29985007496251875 0.9347885567749393 9
stats: session 42 5595.999309523809 1117.1218278000642 8059.191 3533.981 5808.045570588236 170
stats: users_count 62 255
stats: finish_users_count 42 212
stats: request 448 42.14870535714282 80.71546087028479 498.248 4.069 34.99670290771175 1582
stats: connect 59 1.4740677966101696 0.6065410367831057 16.117 1.087 1.5901658031088082 193
stats: page 217 87.0346175115207 99.86732012249142 520.661 6.144 76.49660413793103 725
stats: 302 197 898
stats: 200 251 1132
stats: size_rcv 813478 3477971
stats: newphase 1 3
stats: size_sent 268745 1235383
stats: connected 20 44
# stats: dump at 1615427775
stats: users 51 52
stats: {load,"tsung_controller@ip-172-31-45-17"} 1 0.01171875 0.0 0.0703125 0.01171875 0.03515625 10
stats: {freemem,"tsung_controller@ip-172-31-45-17"} 1 639.79296875 0.0 655.2734375 639.79296875 651.933203125 10
stats: {cpu,"tsung_controller@ip-172-31-45-17"} 1 1.199400299850075 0.0 3.3162187270633767 0.29985007496251875 0.9461001202591219 10
stats: session 72 5739.23475 1123.4558080793208 8059.191 3533.981 5766.036405660378 212
stats: users_count 80 335
stats: finish_users_count 72 284
stats: request 670 35.404997014925335 70.88325113742971 498.248 4.069 36.57507586206896 2030
stats: connect 78 1.462153846153846 0.443819583260143 16.117 1.087 1.5629841269841271 252
stats: page 303 78.49151485148508 90.45516791709497 520.661 5.845 78.92415074309977 942
stats: 302 300 1198
stats: 200 370 1502
stats: size_rcv 1100206 4578177
stats: newphase 0 3
stats: size_sent 409089 1644472
stats: connected 3 47
# stats: dump at 1615427785
stats: users 46 52
stats: {load,"tsung_controller@ip-172-31-45-17"} 1 0.01171875 0.0 0.0703125 0.01171875 0.033025568181818184 11
stats: {freemem,"tsung_controller@ip-172-31-45-17"} 1 647.9609375 0.0 655.2734375 639.79296875 650.8295454545455 11
stats: {cpu,"tsung_controller@ip-172-31-45-17"} 1 1.3 0.0 3.3162187270633767 0.29985007496251875 0.9691274093128449 11
stats: session 74 5945.530499999999 1005.4739544791296 8059.191 3422.164 5759.24161971831 284
stats: users_count 69 404
stats: finish_users_count 74 358
stats: request 650 35.18322153846158 71.27694642179571 498.248 4.069 36.284722962962945 2700
stats: connect 70 1.3164142857142858 0.1081986919457694 16.117 1.087 1.5391515151515152 330
stats: page 284 80.65559154929575 92.86968088763517 520.661 5.704 78.81885863453812 1245
stats: 302 289 1487
stats: 200 361 1863
stats: size_rcv 1095098 5673275
stats: newphase 0 3
stats: size_sent 401651 2046123
stats: connected -4 43
# stats: dump at 1615427795
stats: users 103 104
stats: {load,"tsung_controller@ip-172-31-45-17"} 1 0.01171875 0.0 0.0703125 0.01171875 0.03125 12
stats: {freemem,"tsung_controller@ip-172-31-45-17"} 1 653.65234375 0.0 655.2734375 639.79296875 650.5904947916666 12
stats: {cpu,"tsung_controller@ip-172-31-45-17"} 1 1.8472291562656018 0.0 3.3162187270633767 0.29985007496251875 0.9967001252034412 12
stats: session 87 5656.156298850578 1038.317420520634 8059.191 3422.164 5797.7482597765365 358
stats: users_count 144 548
stats: finish_users_count 87 445
stats: request 937 48.5464076840982 85.9380457133333 498.248 4.069 36.07099880597014 3350
stats: connect 142 1.4254436619718307 0.6744180644817175 16.117 1.074 1.5001725 400
stats: page 472 96.44615042372877 104.162030552676 520.661 5.704 79.16001765860035 1529
stats: 302 415 1902
stats: 200 522 2385
stats: size_rcv 1580529 7253804
stats: newphase 1 4
stats: size_sent 556843 2602966
stats: connected 56 99
# stats: dump at 1615427805
stats: users 87 104
stats: {load,"tsung_controller@ip-172-31-45-17"} 1 0.0 0.0 0.0703125 0.0 0.029747596153846152 13
stats: {freemem,"tsung_controller@ip-172-31-45-17"} 1 634.84375 0.0 655.2734375 634.84375 650.8260216346154 13
stats: {cpu,"tsung_controller@ip-172-31-45-17"} 1 2.3092369477911645 0.0 3.3162187270633767 0.29985007496251875 1.062125435285146 13
stats: session 169 5832.236266272191 1124.2464827735585 8107.92 3422.164 5770.066235955057 445
stats: users_count 153 701
stats: finish_users_count 169 614
stats: request 1479 38.678968221771584 78.09542040206445 498.248 4.069 38.79772101702822 4287
stats: connect 156 1.4113589743589752 0.5249506930291343 16.117 1.074 1.4805940959409594 542
stats: page 644 88.91555279503102 105.13494809723696 715.75 5.704 83.23750624687652 2001
stats: 302 655 2557
stats: 200 824 3209
stats: size_rcv 2520742 9774546
stats: newphase 0 4
stats: size_sent 915499 3518465
stats: connected -10 89
# stats: dump at 1615427815
stats: users 87 104
stats: {load,"tsung_controller@ip-172-31-45-17"} 1 0.0 0.0 0.0703125 0.0 0.027622767857142856 14
stats: {freemem,"tsung_controller@ip-172-31-45-17"} 1 638.44921875 0.0 655.2734375 634.84375 649.6844308035714 14
stats: {cpu,"tsung_controller@ip-172-31-45-17"} 1 3.8095238095238098 0.0 3.8095238095238098 0.29985007496251875 1.1512048290355759 14
stats: session 160 5762.826324999997 993.7144771762762 8107.92 3422.164 5787.1781824104255 614
stats: users_count 160 861
stats: finish_users_count 160 774
stats: request 1431 42.39217470300487 82.07651471565325 591.218 4.022 38.76726049254252 5766
stats: connect 160 1.4201062500000001 0.569198148680174 16.117 1.074 1.4651203438395417 698
stats: page 639 95.11563380281682 107.95891809995085 715.75 5.611 84.61998714555762 2645
stats: 302 637 3194
stats: 200 794 4003
stats: size_rcv 2407867 12182413
stats: newphase 0 4
stats: size_sent 878063 4396528
stats: connected 1 90
# stats: dump at 1615427825
stats: users 255 255
stats: {load,"tsung_controller@ip-172-31-45-17"} 1 0.078125 0.0 0.078125 0.0 0.02578125 15
stats: {freemem,"tsung_controller@ip-172-31-45-17"} 1 638.72265625 0.0 655.2734375 634.84375 648.9354166666667 15
stats: {cpu,"tsung_controller@ip-172-31-45-17"} 1 3.8922155688622757 0.0 3.8922155688622757 0.29985007496251875 1.328426094401458 15
stats: session 115 6496.8049130434765 1469.383307543546 10195.667 3422.164 5782.144206718347 774
stats: users_count 283 1144
stats: finish_users_count 115 889
stats: request 1549 234.75745642349918 336.41954032118144 2134.916 4.022 39.48801250521053 7197
stats: connect 279 1.472698924731182 1.118944508266379 16.598 0.97 1.4567261072261073 858
stats: page 793 399.9260365699879 520.2279504068161 3825.474 5.611 86.6622277710109 3284
stats: 302 659 3853
stats: 200 890 4893
stats: size_rcv 2737538 14919951
stats: newphase 1 5
stats: size_sent 960052 5356580
stats: connected 161 251
# stats: dump at 1615427835
stats: users 384 387
stats: {load,"tsung_controller@ip-172-31-45-17"} 1 0.0703125 0.0 0.078125 0.0 0.029052734375 16
stats: {freemem,"tsung_controller@ip-172-31-45-17"} 1 596.3359375 0.0 655.2734375 596.3359375 648.297119140625 16
stats: {cpu,"tsung_controller@ip-172-31-45-17"} 1 5.087281795511222 0.0 5.087281795511222 0.29985007496251875 1.4886629365552593 16
stats: session 173 10770.35390751446 1683.612711036469 14757.63 3422.164 5874.591879640045 889
stats: users_count 302 1446
stats: finish_users_count 173 1062
stats: request 2137 817.321291998128 480.5349390898884 2397.851 4.022 74.07209307111826 8746
stats: 302 896 4749
stats: 200 1241 6134
stats: connect 305 1.4161573770491813 0.5319060882410299 16.598 0.97 1.460645558487247 1137
stats: size_rcv 3958820 18878771
stats: newphase 0 5
stats: size_sent 1367300 6723880
stats: page 984 1616.2301260162585 1192.3944597176098 5922.688 5.611 147.59384424822179 4077
stats: connected 135 386
# stats: dump at 1615427845
stats: users 490 491
stats: {load,"tsung_controller@ip-172-31-45-17"} 1 0.05859375 0.0 0.078125 0.0 0.031479779411764705 17
stats: {freemem,"tsung_controller@ip-172-31-45-17"} 1 551.3203125 0.0 655.2734375 551.3203125 645.2405790441177 17
stats: {cpu,"tsung_controller@ip-172-31-45-17"} 1 6.783042394014963 0.0 6.783042394014963 0.29985007496251875 1.7003463988467866 17
stats: session 205 14087.11492195121 1789.3701536307155 21098.462 3422.164 6672.11243596987 1062
stats: users_count 311 1757
stats: finish_users_count 205 1267
stats: request 2125 1275.549050352942 488.3172065551192 3427.544 4.022 220.01747009096755 10883
stats: connect 312 1.4866858974358965 1.492711606373153 17.488 0.97 1.451235783633842 1442
stats: page 997 2493.651903711138 1518.194816910308 6989.426 5.611 433.13782789962426 5061
stats: 302 927 5676
stats: 200 1198 7332
stats: size_rcv 3688089 22566860
stats: newphase 0 5
stats: size_sent 1327112 8050992
stats: connected 104 490
# stats: dump at 1615427855
stats: users 730 734
stats: {load,"tsung_controller@ip-172-31-45-17"} 1 0.05078125 0.0 0.078125 0.0 0.03298611111111111 18
stats: {freemem,"tsung_controller@ip-172-31-45-17"} 1 522.5703125 0.0 655.2734375 522.5703125 640.0227864583334 18
stats: {cpu,"tsung_controller@ip-172-31-45-17"} 1 6.5664160401002505 0.0 6.783042394014963 0.29985007496251875 1.9827183985783519 18
stats: session 302 15454.207692052982 3643.503726217138 22191.794 3422.164 7871.856326756117 1267
stats: users_count 542 2299
stats: finish_users_count 302 1569
stats: connect 670 1.3517343283582102 1.0136739552871687 22.38 0.97 1.4575416191562143 1754
stats: page 1731 2056.6343818601977 2226.246652841349 10025.661 0.715 772.2485135358208 6058
stats: request 3369 1065.4277533392737 1028.7952342009064 3607.013 0.712 392.4501736623617 13008
stats: 302 795 6471
stats: 200 1078 8410
stats: size_rcv 3698778 26265638
stats: newphase 1 6
stats: 502 1496 1496
stats: size_sent 1811684 9862676
stats: connected 148 638
# stats: dump at 1615427865
stats: users 721 776
stats: {load,"tsung_controller@ip-172-31-45-17"} 1 0.0390625 0.0 0.078125 0.0 0.03392269736842105 19
stats: {freemem,"tsung_controller@ip-172-31-45-17"} 1 492.6328125 0.0 655.2734375 492.6328125 633.8410773026316 19
stats: {cpu,"tsung_controller@ip-172-31-45-17"} 1 8.791773778920309 0.0 8.791773778920309 0.29985007496251875 2.2239656428689782 19
stats: session 638 12470.881485893426 4960.852496042794 24409.138 3268.469 9331.301905035054 1569
stats: users_count 629 2928
stats: finish_users_count 638 2207
stats: request 5916 676.126456896551 918.6066500716074 4020.779 0.35 530.8919802161577 16377
stats: connect 1371 1.275247994164843 0.5165324629933996 22.38 0.915 1.4282962046204624 2424
stats: page 2600 1578.224833461538 2064.4811024579653 10666.588 0.69 1057.685917319297 7789
stats: 302 1032 7503
stats: 200 1387 9797
stats: size_rcv 5488329 31753967
stats: newphase 0 6
stats: 502 3494 4990
stats: size_sent 2939617 12802293
stats: connected 26 664
# stats: dump at 1615427875
stats: users 731 776
stats: {load,"tsung_controller@ip-172-31-45-17"} 1 0.1796875 0.0 0.1796875 0.0 0.0341796875 20
stats: {freemem,"tsung_controller@ip-172-31-45-17"} 1 490.55859375 0.0 655.2734375 490.55859375 626.7806640625 20
stats: {cpu,"tsung_controller@ip-172-31-45-17"} 1 12.407991587802314 0.0 12.407991587802314 0.29985007496251875 2.5523560496715447 20
stats: session 621 11914.69858937198 4130.647205681591 25230.724 3268.469 10238.892196193932 2207
stats: users_count 631 3559
stats: finish_users_count 621 2828
stats: request 5565 669.7899771787953 831.9050571489993 4020.779 0.35 569.4335477055582 22293
stats: page 2508 1504.2764146730433 1734.1820237340035 10666.588 0.69 1187.9584345942826 10389
stats: 302 1050 8553
stats: 200 1493 11290
stats: size_rcv 5763710 37517677
stats: newphase 0 6
stats: 502 3022 8012
stats: size_sent 2834426 15636719
stats: connected 34 698
stats: error_connection_closed 1 1
stats: connect 1067 1.3153561387066552 0.572312197021601 22.38 0.915 1.3730052700922266 3795
# stats: dump at 1615427885
stats: users 1126 1126
stats: {load,"tsung_controller@ip-172-31-45-17"} 1 0.1484375 0.0 0.1796875 0.0 0.04110863095238095 21
stats: {freemem,"tsung_controller@ip-172-31-45-17"} 1 493.0546875 0.0 655.2734375 490.55859375 620.2938988095239 21
stats: {cpu,"tsung_controller@ip-172-31-45-17"} 1 12.718846549948507 0.0 12.718846549948507 0.29985007496251875 3.0216720276777718 21
stats: session 763 10560.81265661861 3748.7962140480167 25230.724 3239.314 10606.882213932111 2828
stats: users_count 1158 4717
stats: finish_users_count 763 3591
stats: request 7961 472.70321366662216 812.9532415065263 4020.779 0.35 589.4810575777158 27858
stats: 302 960 9513
stats: 200 1365 12655
stats: size_rcv 6070873 43588550
stats: page 3917 983.8915432729088 1522.0570520237734 10666.588 0.69 1249.4708401178566 12897
stats: newphase 1 7
stats: 502 5635 13647
stats: size_sent 3533171 19169890
stats: connected 28 726
stats: error_connection_closed 0 1
stats: connect 2363 1.3377977147693598 0.6840798532195618 22.38 0.863 1.3603537638831757 4862
# stats: dump at 1615427895
stats: users 1062 1142
stats: {load,"tsung_controller@ip-172-31-45-17"} 1 0.12890625 0.0 0.1796875 0.0 0.04598721590909091 22
stats: {freemem,"tsung_controller@ip-172-31-45-17"} 1 488.58984375 0.0 655.2734375 488.58984375 614.5102982954545 22
stats: {cpu,"tsung_controller@ip-172-31-45-17"} 1 18.416801292407108 0.0 18.416801292407108 0.29985007496251875 3.462452687780987 22
stats: session 1301 8612.253581860103 3032.715648767068 25230.724 3239.314 10597.093555555557 3591
stats: users_count 1237 5954
stats: finish_users_count 1301 4892
stats: request 11668 335.0433379328097 721.582580314758 4179.94 0.35 563.5264408833297 35819
stats: 302 1070 10583
stats: 200 1455 14110
stats: connect 3436 1.2598693247962747 0.49829227410498994 22.38 0.863 1.3529766089965394 7225
stats: size_rcv 7411537 51000087
stats: newphase 0 7
stats: page 5127 767.7117121123483 1296.612356698355 10666.588 0.69 1187.6013203282967 16814
stats: 502 9142 22789
stats: size_sent 4732159 23902049
stats: connected 88 814
stats: error_connection_closed 0 1
# stats: dump at 1615427905
stats: users 1078 1142
stats: {load,"tsung_controller@ip-172-31-45-17"} 1 0.19140625 0.0 0.19140625 0.0 0.049592391304347824 23
stats: {freemem,"tsung_controller@ip-172-31-45-17"} 1 478.26953125 0.0 655.2734375 478.26953125 609.035495923913 23
stats: {cpu,"tsung_controller@ip-172-31-45-17"} 1 22.539857064321055 0.0 22.539857064321055 0.29985007496251875 4.1126417575473395 23
stats: session 1269 8540.775754925118 2925.4003355779882 25230.724 3239.314 10069.236481602617 4892
stats: users_count 1285 7239
stats: finish_users_count 1269 6161
stats: request 11395 335.30312777534 689.998442921131 4179.94 0.35 507.38600570682513 47487
stats: connect 3242 1.3093106107341175 0.9803138744700114 22.38 0.847 1.3229684832567299 10661
stats: page 5097 749.8048681577376 1247.104260967058 10666.588 0.69 1089.4848251219173 21941
stats: 302 1136 11719
stats: 200 1473 15583
stats: size_rcv 7282918 58283005
stats: newphase 0 7
stats: 502 8785 31574
stats: size_sent 4696313 28598362
stats: connected -15 799
stats: error_connection_closed 0 1
# stats: dump at 1615427915
stats: users 34 1142
stats: {load,"tsung_controller@ip-172-31-45-17"} 1 0.16015625 0.0 0.19140625 0.0 0.055501302083333336 24
stats: {freemem,"tsung_controller@ip-172-31-45-17"} 1 474.32421875 0.0 655.2734375 474.32421875 603.5869140625 24
stats: {cpu,"tsung_controller@ip-172-31-45-17"} 1 21.27894156560088 0.0 22.539857064321055 0.29985007496251875 4.8804423953295775 24
stats: session 1340 8786.909038805965 2447.2480919123095 25230.724 3198.175 9754.414754260668 6161
stats: users_count 296 7535
stats: finish_users_count 1340 7501
stats: page 3035 1011.1696408566708 1227.3987693127253 10666.588 0.69 1025.4509194836887 27038
stats: request 8670 331.6999482122271 580.5382022586374 4179.94 0.35 474.08407312930956 58882
stats: connect 1152 1.3015963541666702 0.531186668859647 22.38 0.847 1.3197836438178814 13903
stats: 302 2412 14131
stats: 200 2885 18468
stats: size_rcv 9388389 67671394
stats: newphase 0 7
stats: 502 3373 34947
stats: size_sent 4319923 32918285
stats: connected -737 62
stats: error_connection_closed 0 1
# stats: dump at 1615427925
stats: users 0 1142
stats: {load,"tsung_controller@ip-172-31-45-17"} 1 0.21875 0.0 0.21875 0.0 0.0596875 25
stats: {freemem,"tsung_controller@ip-172-31-45-17"} 1 648.76953125 0.0 655.2734375 474.32421875 598.41640625 25
stats: {cpu,"tsung_controller@ip-172-31-45-17"} 1 14.620187304890738 0.0 22.539857064321055 0.29985007496251875 5.53638236214043 25
stats: session 34 9571.934029411765 881.1472563412624 25230.724 3198.175 9581.576778162907 7501
stats: users_count 0 7535
stats: finish_users_count 34 7535
stats: request 263 7.566209125475285 2.956193020896785 4179.94 0.35 455.8097013411892 67552
stats: connect 0 0 0 22.38 0.847 1.3183919628030563 15055
stats: page 67 29.994895522388056 6.101151636174265 10666.588 0.69 1024.009637249359 30073
stats: 302 129 14260
stats: 200 134 18602
stats: size_rcv 242949 67914343
stats: newphase 0 7
stats: 502 0 34947
stats: size_sent 175825 33094110
stats: connected -62 0
stats: error_connection_closed 0 1
# stats: dump at 1615427935
stats: users 0 1142
stats: {load,"tsung_controller@ip-172-31-45-17"} 1 0.1796875 0.0 0.21875 0.0 0.06580528846153846 26
stats: {freemem,"tsung_controller@ip-172-31-45-17"} 1 649.78515625 0.0 655.2734375 474.32421875 600.3530649038462 26
stats: {cpu,"tsung_controller@ip-172-31-45-17"} 1 0.10005002501250625 0.0 22.539857064321055 0.10005002501250625 5.885759475323135 26
stats: session 0 0 0 25230.724 3198.175 9581.533267418708 7535
stats: users_count 0 7535
stats: finish_users_count 0 7535
stats: request 0 0 0 4179.94 0.35 454.07132430878147 67815
stats: connect 0 0 0 22.38 0.847 1.3183919628030563 15055
stats: page 0 0 0 10666.588 0.69 1021.7999827140004 30140
stats: 302 0 14260
stats: 200 0 18602
stats: size_rcv 0 67914343
stats: newphase 0 7
stats: 502 0 34947
stats: size_sent 0 33094110
stats: connected 0 0
stats: error_connection_closed 0 1
# stats: dump at 1615427945
stats: users 0 1142
stats: {load,"tsung_controller@ip-172-31-45-17"} 1 0.1484375 0.0 0.21875 0.0 0.07002314814814815 27
stats: {freemem,"tsung_controller@ip-172-31-45-17"} 1 653.42578125 0.0 655.2734375 474.32421875 602.1838831018518 27
stats: {cpu,"tsung_controller@ip-172-31-45-17"} 1 0.050050050050050046 0.0 22.539857064321055 0.050050050050050046 5.671473940126445 27
stats: session 0 0 0 25230.724 3198.175 9581.533267418708 7535
stats: users_count 0 7535
stats: finish_users_count 0 7535
stats: request 0 0 0 4179.94 0.35 454.07132430878147 67815
stats: connect 0 0 0 22.38 0.847 1.3183919628030563 15055
stats: page 0 0 0 10666.588 0.69 1021.7999827140004 30140
stats: 302 0 14260
stats: 200 0 18602
stats: size_rcv 0 67914343
stats: newphase 0 7
stats: 502 0 34947
stats: size_sent 0 33094110
stats: connected 0 0
stats: error_connection_closed 0 1
# stats: dump at 1615427955
stats: users 0 1142
stats: {load,"tsung_controller@ip-172-31-45-17"} 1 0.12890625 0.0 0.21875 0.0 0.07282366071428571 28
stats: {freemem,"tsung_controller@ip-172-31-45-17"} 1 653.91796875 0.0 655.2734375 474.32421875 604.0139508928571 28
stats: {cpu,"tsung_controller@ip-172-31-45-17"} 1 0.05002501250625312 0.0 22.539857064321055 0.05002501250625312 5.470708801195145 28
stats: session 0 0 0 25230.724 3198.175 9581.533267418708 7535
stats: users_count 0 7535
stats: finish_users_count 0 7535
stats: request 0 0 0 4179.94 0.35 454.07132430878147 67815
stats: connect 0 0 0 22.38 0.847 1.3183919628030563 15055
stats: 302 0 14260
stats: page 0 0 0 10666.588 0.69 1021.7999827140004 30140
stats: 200 0 18602
stats: size_rcv 0 67914343
stats: newphase 0 7
stats: 502 0 34947
stats: size_sent 0 33094110
stats: connected 0 0
stats: error_connection_closed 0 1
# stats: dump at 1615427965
stats: users 0 1142
stats: {load,"tsung_controller@ip-172-31-45-17"} 1 0.109375 0.0 0.21875 0.0 0.07475754310344827 29
stats: {freemem,"tsung_controller@ip-172-31-45-17"} 1 654.2734375 0.0 655.2734375 474.32421875 605.7347790948276 29
stats: {cpu,"tsung_controller@ip-172-31-45-17"} 1 0.05002501250625312 0.0 22.539857064321055 0.05002501250625312 5.2837886705507 29
stats: session 0 0 0 25230.724 3198.175 9581.533267418708 7535
stats: users_count 0 7535
stats: finish_users_count 0 7535
stats: connect 0 0 0 22.38 0.847 1.3183919628030563 15055
stats: 302 0 14260
stats: request 0 0 0 4179.94 0.35 454.07132430878147 67815
stats: page 0 0 0 10666.588 0.69 1021.7999827140004 30140
stats: 200 0 18602
stats: size_rcv 0 67914343
stats: newphase 0 7
stats: 502 0 34947
stats: size_sent 0 33094110
stats: connected 0 0
stats: error_connection_closed 0 1
# stats: dump at 1615427967
stats: users 0 1142
stats: {load,"tsung_controller@ip-172-31-45-17"} 1 0.08984375 0.0 0.21875 0.0 0.07591145833333333 30
stats: {freemem,"tsung_controller@ip-172-31-45-17"} 1 654.27734375 0.0 655.2734375 474.32421875 607.352734375 30
stats: {cpu,"tsung_controller@ip-172-31-45-17"} 1 0.14992503748125938 0.0 22.539857064321055 0.05002501250625312 5.109329881949218 30
stats: session 0 0 0 25230.724 3198.175 9581.533267418708 7535
stats: users_count 0 7535
stats: finish_users_count 0 7535
stats: request 0 0 0 4179.94 0.35 454.07132430878147 67815
stats: connect 0 0 0 22.38 0.847 1.3183919628030563 15055
stats: page 0 0 0 10666.588 0.69 1021.7999827140004 30140
stats: 302 0 14260
stats: 200 0 18602
stats: size_rcv 0 67914343
stats: newphase 0 7
stats: 502 0 34947
stats: size_sent 0 33094110
stats: connected 0 0
stats: error_connection_closed 0 1
EndMonitor:{1615,427967,865410}
