# stats: dump at 1615331160
stats: users 8 9
stats: {load,"tsung_controller@ip-172-31-54-218"} 1 0.140625 0 0.140625 0.140625 0 0
stats: {cpu,"tsung_controller@ip-172-31-54-218"} 1 7.362921950348277 0 7.362921950348277 7.362921950348277 0 0
stats: {freemem,"tsung_controller@ip-172-31-54-218"} 1 691.296875 0 691.296875 691.296875 0 0
stats: session 3 5249.660333333333 1049.8021787458604 6381.167 3851.503 0 0
stats: users_count 11 11
stats: finish_users_count 3 3
stats: request 36 66.68408333333333 94.19515943312555 235.996 6.269 0 0
stats: connect 10 2.6944999999999992 4.31420674632081 15.635 1.142 0 0
stats: page 24 100.08825 101.47561879430694 235.996 7.578 0 0
stats: 302 16 16
stats: 200 20 20
stats: size_rcv 51982 51982
stats: size_sent 19954 19954
stats: connected 8 8
# stats: dump at 1615331170
stats: users 5 13
stats: {load,"tsung_controller@ip-172-31-54-218"} 1 0.12109375 0.0 0.140625 0.12109375 0.140625 1
stats: {cpu,"tsung_controller@ip-172-31-54-218"} 1 0.2502502502502503 0.0 7.362921950348277 0.2502502502502503 7.362921950348277 1
stats: {freemem,"tsung_controller@ip-172-31-54-218"} 1 690.21484375 0.0 691.296875 690.21484375 691.296875 1
stats: session 17 5649.8258235294115 968.7871152380196 7353.69 3851.503 5249.660333333333 3
stats: users_count 14 25
stats: finish_users_count 17 20
stats: request 153 36.70632679738562 71.68350296653574 248.848 4.881 66.68408333333333 36
stats: connect 15 1.2992666666666666 0.1366735608017228 15.635 1.142 2.6944999999999992 10
stats: page 66 85.24024242424242 93.11930005188692 273.815 7.576 100.08825 24
stats: 302 68 84
stats: 200 85 105
stats: size_rcv 260533 312515
stats: size_sent 96066 116020
stats: connected -2 6
# stats: dump at 1615331180
stats: users 3 13
stats: {load,"tsung_controller@ip-172-31-54-218"} 1 0.1015625 0.0 0.140625 0.1015625 0.130859375 2
stats: {cpu,"tsung_controller@ip-172-31-54-218"} 1 0.25037556334501754 0.0 7.362921950348277 0.2502502502502503 3.8065861002992634 2
stats: {freemem,"tsung_controller@ip-172-31-54-218"} 1 690.3046875 0.0 691.296875 690.21484375 690.755859375 2
stats: session 7 5871.7412857142845 819.5454403604679 7353.69 3851.503 5589.8009999999995 20
stats: users_count 5 30
stats: finish_users_count 7 27
stats: request 59 27.745932203389824 60.126321234960336 248.848 4.844 42.41637566137566 189
stats: connect 5 1.208 0.042057104037249125 15.635 1.142 1.8573599999999997 25
stats: page 24 68.37220833333332 81.11703526385973 273.815 7.512 89.19971111111111 90
stats: 302 26 110
stats: 200 33 138
stats: size_rcv 101375 413890
stats: size_sent 37892 153912
stats: connected -2 4
# stats: dump at 1615331190
stats: users 9 13
stats: {load,"tsung_controller@ip-172-31-54-218"} 1 0.08984375 0.0 0.140625 0.08984375 0.12109375 3
stats: {cpu,"tsung_controller@ip-172-31-54-218"} 1 0.9995002498750625 0.0 7.362921950348277 0.2502502502502503 2.6211825879811816 3
stats: {freemem,"tsung_controller@ip-172-31-54-218"} 1 689.19140625 0.0 691.296875 689.19140625 690.60546875 3
stats: session 7 6160.762857142857 1030.2385805276126 7418.86 3851.503 5662.8966296296285 27
stats: users_count 13 43
stats: finish_users_count 7 34
stats: request 76 38.17736842105264 73.35668069795798 248.848 4.844 38.92622983870968 248
stats: connect 10 1.6191 1.0898909532609213 15.635 1.142 1.749133333333333 30
stats: page 36 80.72877777777776 91.10290684931552 273.815 7.512 84.81497368421051 114
stats: 302 34 144
stats: 200 42 180
stats: size_rcv 122265 536155
stats: newphase 1 1
stats: size_sent 46706 200618
stats: connected 2 6
# stats: dump at 1615331200
stats: users 11 15
stats: {load,"tsung_controller@ip-172-31-54-218"} 1 0.0703125 0.0 0.140625 0.0703125 0.11328125 4
stats: {cpu,"tsung_controller@ip-172-31-54-218"} 1 0.2004008016032064 0.0 7.362921950348277 0.2004008016032064 2.215762003454652 4
stats: {freemem,"tsung_controller@ip-172-31-54-218"} 1 687.23828125 0.0 691.296875 687.23828125 690.251953125 4
stats: session 18 5734.5405 714.6822754975536 7418.86 3851.503 5765.398499999999 34
stats: users_count 20 63
stats: finish_users_count 18 52
stats: page 83 106.34120481927711 115.95044314734841 490.047 7.512 83.83428666666666 150
stats: 302 79 223
stats: request 179 49.24893296089384 88.87982529591503 460.741 4.733 38.75057098765433 324
stats: connect 22 1.3454999999999997 0.5998592069659497 15.635 1.043 1.7166249999999998 40
stats: 200 100 280
stats: size_rcv 305111 841266
stats: newphase 0 1
stats: size_sent 110928 311546
stats: connected 4 10
# stats: dump at 1615331210
stats: users 8 23
stats: {load,"tsung_controller@ip-172-31-54-218"} 1 0.05859375 0.0 0.140625 0.05859375 0.1046875 5
stats: {cpu,"tsung_controller@ip-172-31-54-218"} 1 0.3508771929824561 0.0 7.362921950348277 0.2004008016032064 1.812689763084363 5
stats: {freemem,"tsung_controller@ip-172-31-54-218"} 1 686.75390625 0.0 691.296875 686.75390625 689.64921875 5
stats: session 30 5743.615999999998 1118.001308194822 8311.883 3851.503 5754.7168846153845 52
stats: users_count 27 90
stats: finish_users_count 30 82
stats: request 251 47.949605577689226 88.92925157580308 479.507 4.733 42.48656858846918 503
stats: connect 28 1.278107142857143 0.4719238996828162 15.635 1.042 1.5849354838709675 62
stats: page 111 108.56851351351352 122.30839228893439 535.205 6.711 91.85177253218882 233
stats: 302 111 334
stats: 200 140 420
stats: size_rcv 416396 1257662
stats: newphase 0 1
stats: size_sent 157763 469309
stats: connected 0 10
# stats: dump at 1615331220
stats: users 27 28
stats: {load,"tsung_controller@ip-172-31-54-218"} 1 0.05078125 0.0 0.140625 0.05078125 0.09700520833333333 6
stats: {cpu,"tsung_controller@ip-172-31-54-218"} 1 0.5508262393590386 0.0 7.362921950348277 0.2004008016032064 1.569054334734045 6
stats: {freemem,"tsung_controller@ip-172-31-54-218"} 1 687.9921875 0.0 691.296875 686.75390625 689.1666666666666 6
stats: session 14 5995.160071428572 983.5202310823144 8311.883 3575.656 5750.655585365853 82
stats: users_count 33 123
stats: finish_users_count 14 96
stats: request 184 103.28332065217394 128.09111994528502 591.768 4.733 44.30516578249336 754
stats: connect 33 1.397606060606061 1.1819911792572977 15.635 1.015 1.4894777777777777 90
stats: page 100 190.14728000000005 201.1655217557462 1023.167 6.711 97.24583720930232 344
stats: 302 83 417
stats: 200 101 521
stats: size_rcv 283746 1541408
stats: newphase 1 2
stats: size_sent 108205 577514
stats: connected 17 27
# stats: dump at 1615331230
stats: users 19 32
stats: {load,"tsung_controller@ip-172-31-54-218"} 1 0.0390625 0.0 0.140625 0.0390625 0.09040178571428571 7
stats: {cpu,"tsung_controller@ip-172-31-54-218"} 1 0.35070140280561124 0.0 7.362921950348277 0.2004008016032064 1.4235931782519011 7
stats: {freemem,"tsung_controller@ip-172-31-54-218"} 1 683.1015625 0.0 691.296875 683.1015625 688.9988839285714 7
stats: session 37 6377.677162162162 978.1559098298743 8456.754 3575.656 5786.3124895833325 96
stats: users_count 29 152
stats: finish_users_count 37 133
stats: request 319 55.758109717868265 99.97065307092292 591.768 4.733 55.87444136460554 938
stats: page 132 134.81321212121213 163.9993061327723 1023.167 6.711 118.1695855855856 444
stats: connect 29 1.2678965517241378 0.15320649685233512 15.635 1.015 1.464829268292683 123
stats: 302 139 556
stats: 200 180 701
stats: size_rcv 564873 2106281
stats: newphase 0 2
stats: size_sent 204348 781862
stats: connected -7 20
# stats: dump at 1615331240
stats: users 28 32
stats: {load,"tsung_controller@ip-172-31-54-218"} 1 0.0390625 0.0 0.140625 0.0390625 0.083984375 8
stats: {cpu,"tsung_controller@ip-172-31-54-218"} 1 0.750375187593797 0.0 7.362921950348277 0.2004008016032064 1.289481706321115 8
stats: {freemem,"tsung_controller@ip-172-31-54-218"} 1 683.703125 0.0 691.296875 683.1015625 688.26171875 8
stats: session 35 6322.924171428571 901.9464818497976 8456.754 3575.656 5950.82747368421 133
stats: users_count 44 196
stats: finish_users_count 35 168
stats: request 335 72.5066507462686 118.07192473472094 591.768 4.733 55.84491885441525 1257
stats: connect 41 1.251 0.19513072541247828 15.635 1.015 1.4272565789473686 152
stats: page 156 155.93330128205127 175.51022021539563 1052.629 6.125 121.98375 576
stats: 302 151 707
stats: 200 184 885
stats: size_rcv 535280 2641561
stats: newphase 0 2
stats: size_sent 205741 987603
stats: connected 5 25
# stats: dump at 1615331250
stats: users 51 52
stats: {load,"tsung_controller@ip-172-31-54-218"} 1 0.03125 0.0 0.140625 0.03125 0.07899305555555555 9
stats: {cpu,"tsung_controller@ip-172-31-54-218"} 1 0.5508262393590386 0.0 7.362921950348277 0.2004008016032064 1.2295809820180796 9
stats: {freemem,"tsung_controller@ip-172-31-54-218"} 1 681.6171875 0.0 691.296875 681.6171875 687.7552083333334 9
stats: session 32 6492.9184375 1150.2402733406652 8516.078 3575.656 6028.347619047619 168
stats: users_count 55 251
stats: finish_users_count 32 200
stats: request 372 149.21865053763443 196.9735055171274 1003.308 4.733 59.35099937185926 1592
stats: connect 57 1.2247017543859657 0.15544739787366668 15.635 0.984 1.389813471502591 193
stats: page 177 286.7955028248586 321.57816629624193 1575.189 6.125 129.21890027322405 732
stats: 302 156 863
stats: 200 216 1101
stats: size_rcv 660194 3301755
stats: newphase 1 3
stats: size_sent 240680 1228283
stats: connected 26 51
# stats: dump at 1615331260
stats: users 82 83
stats: {load,"tsung_controller@ip-172-31-54-218"} 1 0.01953125 0.0 0.140625 0.01953125 0.07421875 10
stats: {cpu,"tsung_controller@ip-172-31-54-218"} 1 0.7028112449799196 0.0 7.362921950348277 0.2004008016032064 1.1617055077521754 10
stats: {freemem,"tsung_controller@ip-172-31-54-218"} 1 674.54296875 0.0 691.296875 674.54296875 687.14140625 10
stats: session 47 7472.77993617021 1497.8255207974762 10323.502 3575.656 6102.67895 200
stats: users_count 78 329
stats: finish_users_count 47 247
stats: request 483 389.8125051759834 358.97108444669755 1662.537 4.733 76.37277443991852 1964
stats: connect 78 1.379397435897436 0.6153100394181864 15.635 0.984 1.3521680000000003 250
stats: page 236 702.0555423728815 630.8011268219294 3146.304 6.125 159.90213311331132 909
stats: 302 214 1077
stats: 200 269 1370
stats: size_rcv 800125 4101880
stats: newphase 0 3
stats: size_sent 303714 1531997
stats: connected 31 82
# stats: dump at 1615331270
stats: users 147 148
stats: {load,"tsung_controller@ip-172-31-54-218"} 1 0.01953125 0.0 0.140625 0.01953125 0.06924715909090909 11
stats: {cpu,"tsung_controller@ip-172-31-54-218"} 1 1.0521042084168337 0.0 7.362921950348277 0.2004008016032064 1.1199878475001521 11
stats: {freemem,"tsung_controller@ip-172-31-54-218"} 1 664.2578125 0.0 691.296875 664.2578125 685.99609375 11
stats: session 28 13458.765821428573 2329.4151046352054 17393.299 3575.656 6363.386425101215 247
stats: users_count 93 422
stats: finish_users_count 28 275
stats: request 483 1482.3025113871627 670.2912773052444 2938.717 4.733 138.24093543114014 2447
stats: connect 93 1.301612903225806 0.3277606336212241 15.635 0.984 1.358643292682927 328
stats: page 234 2343.844247863248 1689.9102730077113 7424.979 6.125 271.64728995633186 1145
stats: 302 187 1264
stats: 200 296 1666
stats: size_rcv 940974 5042854
stats: newphase 0 3
stats: size_sent 326983 1858980
stats: connected 64 146
# stats: dump at 1615331280
stats: users 248 248
stats: {load,"tsung_controller@ip-172-31-54-218"} 1 0.01953125 0.0 0.140625 0.01953125 0.06510416666666667 12
stats: {cpu,"tsung_controller@ip-172-31-54-218"} 1 1.3052208835341366 0.0 7.362921950348277 0.2004008016032064 1.1143308775765421 12
stats: {freemem,"tsung_controller@ip-172-31-54-218"} 1 645.12109375 0.0 691.296875 645.12109375 684.1845703125 12
stats: session 36 17722.92202777778 2533.565689735544 22881.321 3575.656 7085.825054545454 275
stats: users_count 137 559
stats: finish_users_count 36 311
stats: request 551 1993.48531397459 1107.5420206948827 4272.647 0.632 359.80466962457325 2930
stats: connect 133 1.4170676691729314 1.5030886006106032 16.575 0.984 1.3460451306413301 421
stats: page 291 3417.579951890029 2644.556374292616 10997.863 0.639 623.2746200145033 1379
stats: 302 182 1446
stats: 200 262 1928
stats: size_rcv 825162 5868016
stats: newphase 1 4
stats: 502 107 107
stats: size_sent 349158 2208138
stats: connected 97 243
# stats: dump at 1615331290
stats: users 269 283
stats: {load,"tsung_controller@ip-172-31-54-218"} 1 0.01171875 0.0 0.140625 0.01171875 0.061598557692307696 13
stats: {cpu,"tsung_controller@ip-172-31-54-218"} 1 1.3567839195979898 0.0 7.362921950348277 0.2004008016032064 1.1290147241886648 13
stats: {freemem,"tsung_controller@ip-172-31-54-218"} 1 632.6328125 0.0 691.296875 632.6328125 681.1796875 13
stats: session 110 16177.451418181834 8227.564359345804 32957.617 3575.656 8317.128884244372 311
stats: users_count 131 690
stats: finish_users_count 110 421
stats: connect 136 1.2747132352941175 0.27876924644946666 16.575 0.984 1.3630956678700359 554
stats: page 560 2626.9432089285756 3795.304644003347 16218.214 0.631 1110.1865071856278 1670
stats: 302 164 1610
stats: request 1186 1498.7464080944349 2245.445326155045 6283.505 0.618 618.3964636598675 3481
stats: 200 213 2141
stats: size_rcv 829398 6697414
stats: newphase 0 4
stats: 502 809 916
stats: size_sent 581944 2790082
stats: connected 34 277
# stats: dump at 1615331300
stats: users 280 285
stats: {load,"tsung_controller@ip-172-31-54-218"} 1 0.01171875 0.0 0.140625 0.01171875 0.05803571428571429 14
stats: {cpu,"tsung_controller@ip-172-31-54-218"} 1 2.3138832997987926 0.0 7.362921950348277 0.2004008016032064 1.1452839524321878 14
stats: {freemem,"tsung_controller@ip-172-31-54-218"} 1 622.47265625 0.0 691.296875 622.47265625 677.7120535714286 14
stats: session 140 20276.11075714286 8589.676701570146 36626.118 3575.656 10370.894866983377 421
stats: users_count 151 841
stats: finish_users_count 140 561
stats: 302 247 1857
stats: request 1331 1734.0562419233631 2096.7275969100806 6618.61 0.608 842.1151339190055 4667
stats: 200 338 2479
stats: connect 146 1.302582191780821 0.5207544284510315 16.575 0.984 1.3456753623188404 690
stats: size_rcv 1288129 7985543
stats: page 594 3975.7334444444423 5231.458073172568 18806.644 0.619 1491.076082511211 2230
stats: newphase 0 4
stats: 502 746 1662
stats: size_sent 674751 3464833
stats: connected 3 280
# stats: dump at 1615331310
stats: users 346 347
stats: {load,"tsung_controller@ip-172-31-54-218"} 1 0.01171875 0.0 0.140625 0.01171875 0.054947916666666666 15
stats: {cpu,"tsung_controller@ip-172-31-54-218"} 1 3.0045067601402105 0.0 7.362921950348277 0.2004008016032064 1.2231905755899615 15
stats: {freemem,"tsung_controller@ip-172-31-54-218"} 1 616.71875 0.0 691.296875 616.71875 674.0294270833333 15
stats: session 202 17935.004440594053 9313.781822774416 43317.06 3575.656 12842.784750445637 561
stats: users_count 268 1109
stats: finish_users_count 202 763
stats: request 1872 942.610231303421 1452.3270047451088 6618.61 0.608 1040.0433791263747 5998
stats: connect 268 1.268929104477612 0.5292961168402646 16.575 0.938 1.3381495215311001 836
stats: page 909 2183.4667084708485 3717.3461866436287 18806.644 0.619 2013.698771246459 2824
stats: 302 246 2103
stats: 200 334 2813
stats: size_rcv 1364367 9349910
stats: newphase 1 5
stats: 502 1292 2954
stats: size_sent 854553 4319386
stats: connected 67 347
# stats: dump at 1615331320
stats: users 351 389
stats: {load,"tsung_controller@ip-172-31-54-218"} 1 0.01171875 0.0 0.140625 0.01171875 0.05224609375 16
stats: {cpu,"tsung_controller@ip-172-31-54-218"} 1 3.679435483870968 0.0 7.362921950348277 0.2004008016032064 1.334522837124352 16
stats: {freemem,"tsung_controller@ip-172-31-54-218"} 1 612.30078125 0.0 691.296875 612.30078125 670.447509765625 16
stats: session 298 12419.98302348993 8424.591526251827 43317.06 3250.945 14190.9215491481 763
stats: users_count 303 1412
stats: finish_users_count 298 1061
stats: request 2811 716.7780629669167 1515.0205157671373 6618.61 0.601 1016.8674130876747 7870
stats: 302 222 2325
stats: connect 302 1.3226854304635747 0.7555999482799801 16.575 0.851 1.3213460144927536 1104
stats: page 1257 1578.6945433571998 3189.2060210043724 18806.644 0.615 2055.037923386017 3733
stats: 200 315 3128
stats: size_rcv 1734581 11084491
stats: newphase 0 5
stats: 502 2274 5228
stats: size_sent 1073849 5393235
stats: connected 1 348
# stats: dump at 1615331330
stats: users 357 399
stats: {load,"tsung_controller@ip-172-31-54-218"} 1 0.01171875 0.0 0.140625 0.01171875 0.04986213235294118 17
stats: {cpu,"tsung_controller@ip-172-31-54-218"} 1 5.633802816901409 0.0 7.362921950348277 0.2004008016032064 1.4724588751682706 17
stats: {freemem,"tsung_controller@ip-172-31-54-218"} 1 607.81640625 0.0 691.296875 607.81640625 667.0271139705883 17
stats: session 340 11735.000485294118 6691.410872392342 43317.06 3167.85 13693.523169651273 1061
stats: users_count 346 1758
stats: finish_users_count 340 1401
stats: request 3059 632.5669382151016 1268.4672009331844 6618.61 0.6 937.890616608932 10681
stats: connect 351 1.2516894586894585 0.6877167001676272 16.575 0.851 1.321633712660028 1406
stats: page 1367 1433.1684608632056 2821.7374465010744 18806.644 0.615 1935.0452122244492 4990
stats: 302 260 2585
stats: 200 381 3509
stats: size_rcv 1931413 13015904
stats: newphase 0 5
stats: 502 2418 7646
stats: size_sent 1196335 6589570
stats: connected 10 358
# stats: dump at 1615331340
stats: users 523 534
stats: {load,"tsung_controller@ip-172-31-54-218"} 1 0.0 0.0 0.140625 0.0 0.04774305555555555 18
stats: {cpu,"tsung_controller@ip-172-31-54-218"} 1 6.8354430379746836 0.0 7.362921950348277 0.2004008016032064 1.7036446497090005 18
stats: {freemem,"tsung_controller@ip-172-31-54-218"} 1 601.2421875 0.0 691.296875 601.2421875 663.7376302083334 18
stats: session 400 10233.712970000006 5643.961238464265 43317.06 3074.977 13218.221447537473 1401
stats: users_count 566 2324
stats: finish_users_count 400 1801
stats: connect 560 1.2483035714285702 1.2950520538303087 22.541 0.851 1.307660785429709 1757
stats: page 1981 1011.9978470469476 2362.6205242252395 18806.644 0.607 1827.1223682554669 6357
stats: request 4097 470.7632587258963 1117.9142445956925 6618.61 0.6 869.9149883551672 13740
stats: 302 242 2827
stats: 200 399 3908
stats: size_rcv 2374847 15390751
stats: newphase 1 6
stats: 502 3456 11102
stats: size_sent 1440153 8029723
stats: connected 163 521
# stats: dump at 1615331350
stats: users 536 570
stats: {load,"tsung_controller@ip-172-31-54-218"} 1 0.0 0.0 0.140625 0.0 0.04523026315789474 19
stats: {cpu,"tsung_controller@ip-172-31-54-218"} 1 10.47040971168437 0.0 10.47040971168437 0.2004008016032064 1.9737393017229836 19
stats: {freemem,"tsung_controller@ip-172-31-54-218"} 1 591.60546875 0.0 691.296875 591.60546875 660.448396381579 19
stats: session 643 8844.111295489878 4766.6858929341815 43317.06 3074.977 12555.365594669629 1801
stats: users_count 656 2980
stats: finish_users_count 643 2444
stats: request 5844 330.8956045516782 924.6372596506785 6618.61 0.6 778.2333918820426 17837
stats: 302 280 3107
stats: page 2615 753.5507892925446 1841.0381394740455 18806.644 0.607 1633.4594183257384 8338
stats: 200 434 4342
stats: size_rcv 3039481 18430232
stats: newphase 0 6
stats: connect 658 1.1958556231003026 0.4414440955428643 22.541 0.851 1.2933146309883463 2317
stats: 502 5130 16232
stats: size_sent 1954746 9984469
stats: connected 15 536
# stats: dump at 1615331360
stats: users 522 570
stats: {load,"tsung_controller@ip-172-31-54-218"} 1 0.0 0.0 0.140625 0.0 0.04296875 20
stats: {cpu,"tsung_controller@ip-172-31-54-218"} 1 11.008230452674898 0.0 11.008230452674898 0.2004008016032064 2.3985728222210527 20
stats: {freemem,"tsung_controller@ip-172-31-54-218"} 1 596.87890625 0.0 691.296875 591.60546875 657.00625 20
stats: session 612 8676.811478758167 4056.1233187350936 43317.06 3074.977 11578.959492225855 2444
stats: users_count 598 3578
stats: finish_users_count 612 3056
stats: request 5425 357.2546385253457 991.9073052333957 6618.61 0.596 667.8393194544151 23681
stats: 302 254 3361
stats: 200 406 4748
stats: connect 596 1.167629194630873 0.4642717380280282 22.541 0.851 1.2717589915966379 2975
stats: size_rcv 2809522 21239754
stats: newphase 0 6
stats: page 2389 807.2262046881519 1968.680465105808 18806.644 0.607 1423.3835427736701 10953
stats: 502 4765 20997
stats: size_sent 1819545 11804014
stats: connected -16 520
# stats: dump at 1615331370
stats: users 879 882
stats: {load,"tsung_controller@ip-172-31-54-218"} 1 0.078125 0.0 0.140625 0.0 0.04092261904761905 21
stats: {cpu,"tsung_controller@ip-172-31-54-218"} 1 10.92479674796748 0.0 11.008230452674898 0.2004008016032064 2.808556518909331 21
stats: {freemem,"tsung_controller@ip-172-31-54-218"} 1 597.4765625 0.0 691.296875 591.60546875 654.1430431547619 21
stats: session 735 8044.610295238096 3943.6813101794346 43317.06 3074.977 10997.770164921463 3056
stats: users_count 1092 4670
stats: finish_users_count 735 3791
stats: connect 1138 1.1552293497363821 0.4319628648888544 22.541 0.812 1.2543797255670674 3571
stats: page 3799 519.7973877336119 1588.5317036391186 18806.644 0.602 1313.0552651026835 13342
stats: request 7730 248.56277296248103 847.9145412028187 6618.61 0.596 609.950159348588 29106
stats: 302 235 3596
stats: 200 403 5151
stats: size_rcv 3440781 24680535
stats: newphase 1 7
stats: 502 7091 28088
stats: size_sent 2297377 14101391
stats: connected 342 862
# stats: dump at 1615331380
stats: users 886 904
stats: {load,"tsung_controller@ip-172-31-54-218"} 1 0.0703125 0.0 0.140625 0.0 0.04261363636363636 22
stats: {cpu,"tsung_controller@ip-172-31-54-218"} 1 16.27786417833074 0.0 16.27786417833074 0.2004008016032064 3.1774765293210647 22
stats: {freemem,"tsung_controller@ip-172-31-54-218"} 1 586.39453125 0.0 691.296875 586.39453125 651.5672940340909 22
stats: session 1232 7218.899042207793 3173.623488470134 43317.06 3074.977 10425.210812714322 3791
stats: users_count 1239 5909
stats: finish_users_count 1232 5023
stats: request 11239 177.3866246997064 720.1595384754191 6618.61 0.595 534.1133557660978 36836
stats: 302 281 3877
stats: 200 417 5568
stats: connect 1696 1.1250778301886775 0.6473757510489832 22.541 0.809 1.230418560203865 4709
stats: size_rcv 4689485 29370020
stats: newphase 0 7
stats: 502 10541 38629
stats: page 4990 407.10615671342777 1356.548108868217 18806.644 0.602 1137.2436627384632 17141
stats: size_sent 3111225 17212616
stats: connected -16 846
stats: error_connection_closed 1 1
# stats: dump at 1615331390
stats: users 872 915
stats: {load,"tsung_controller@ip-172-31-54-218"} 1 0.05859375 0.0 0.140625 0.0 0.043817934782608696 23
stats: {cpu,"tsung_controller@ip-172-31-54-218"} 1 21.205821205821206 0.0 21.205821205821206 0.2004008016032064 3.747058601017138 23
stats: {freemem,"tsung_controller@ip-172-31-54-218"} 1 580.23046875 0.0 691.296875 580.23046875 648.7336956521739 23
stats: session 1270 7062.1509519685005 2764.729088680108 43317.06 3074.977 9638.793113876167 5023
stats: users_count 1256 7165
stats: finish_users_count 1270 6293
stats: connect 1464 1.8361598360655753 26.271562611726846 1006.499 0.809 1.202525058548009 6405
stats: page 5050 392.55761564356567 1185.9280686242607 18806.644 0.602 972.6154870995435 22131
stats: 302 315 4192
stats: 200 463 6031
stats: size_rcv 4751302 34121322
stats: request 11350 174.174458325993 664.306129780704 6618.61 0.595 450.7175839417573 48075
stats: newphase 0 7
stats: 502 10572 49201
stats: size_sent 3179699 20392315
stats: connected 29 875
stats: error_connection_closed 0 1
# stats: dump at 1615331400
stats: users 69 915
stats: {load,"tsung_controller@ip-172-31-54-218"} 1 0.05078125 0.0 0.140625 0.0 0.04443359375 24
stats: {cpu,"tsung_controller@ip-172-31-54-218"} 1 20.984455958549223 0.0 21.205821205821206 0.2004008016032064 4.474507042883974 24
stats: {freemem,"tsung_controller@ip-172-31-54-218"} 1 577.36328125 0.0 691.296875 577.36328125 645.87939453125 24
stats: session 1057 7848.848435193945 2665.364814781084 43317.06 3074.977 9118.79699984109 6293
stats: users_count 254 7419
stats: finish_users_count 1057 7350
stats: connect 382 1.3801125654450268 1.8578082003583019 1006.499 0.809 1.320410598551277 7869
stats: page 2346 842.5437540494444 1442.05785899045 18806.644 0.602 864.8456386446417 27181
stats: request 6888 274.2197437572571 619.2300517385597 6618.61 0.595 397.89866133782084 59425
stats: 302 789 4981
stats: 200 981 7012
stats: size_rcv 4296667 38417989
stats: newphase 0 7
stats: 502 5118 54319
stats: size_sent 2448030 22840345
stats: connected -740 135
stats: error_connection_closed 0 1
# stats: dump at 1615331407
stats: users 0 915
stats: {load,"tsung_controller@ip-172-31-54-218"} 1 0.19140625 0.0 0.19140625 0.0 0.0446875 25
stats: {cpu,"tsung_controller@ip-172-31-54-218"} 1 10.56088933804952 0.0 21.205821205821206 0.2004008016032064 5.134904999510584 25
stats: {freemem,"tsung_controller@ip-172-31-54-218"} 1 669.6328125 0.0 691.296875 577.36328125 643.13875 25
stats: session 69 10173.78565217392 1264.6315144304288 43317.06 3074.977 8936.166301496596 7350
stats: users_count 0 7419
stats: finish_users_count 69 7419
stats: request 458 116.12747816593891 152.33379373567942 6618.61 0.595 385.0520040565197 66313
stats: page 149 714.538610738255 566.5735825092493 18806.644 0.602 863.0736936024656 29527
stats: connect 0 0 0 1006.499 0.809 1.3231746454975153 8251
stats: 302 239 5220
stats: 200 219 7231
stats: size_rcv 379731 38797720
stats: newphase 0 7
stats: 502 0 54319
stats: size_sent 246380 23086725
stats: connected -135 0
stats: error_connection_closed 0 1
EndMonitor:{1615,331407,745594}
