# stats: dump at 1615435302
stats: users 1 6
stats: {load,"tsung_controller@ip-172-31-45-17"} 1 0.0390625 0 0.0390625 0.0390625 0 0
stats: {freemem,"tsung_controller@ip-172-31-45-17"} 1 660.66015625 0 660.66015625 660.66015625 0 0
stats: {cpu,"tsung_controller@ip-172-31-45-17"} 1 1.7387365814450366 0 1.7387365814450366 1.7387365814450366 0 0
stats: session 9 2415.7998888888887 498.0936908499677 3139.734 1567.333 0 0
stats: users_count 10 10
stats: finish_users_count 9 9
stats: request 42 57.94938095238095 87.09144716603302 225.015 6.155 0 0
stats: connect 9 2.13 3.2895311722695886 11.433 0.895 0 0
stats: page 34 71.622 92.1171114435634 225.015 6.155 0 0
stats: 302 17 17
stats: 200 25 25
stats: match 8 8
stats: size_rcv 99482 99482
stats: size_sent 24273 24273
stats: connected 1 1
# stats: dump at 1615435312
stats: users 4 6
stats: {load,"tsung_controller@ip-172-31-45-17"} 1 0.03125 0.0 0.0390625 0.03125 0.0390625 1
stats: {freemem,"tsung_controller@ip-172-31-45-17"} 1 662.48828125 0.0 662.48828125 660.66015625 660.66015625 1
stats: {cpu,"tsung_controller@ip-172-31-45-17"} 1 0.8487269096355468 0.0 1.7387365814450366 0.8487269096355468 1.7387365814450366 1
stats: session 5 2152.8227999999995 460.5345405575568 3139.734 1333.615 2415.7998888888887 9
stats: users_count 8 18
stats: finish_users_count 5 14
stats: request 34 75.16173529411765 123.23389346239337 451.655 5.088 57.94938095238095 42
stats: connect 8 0.9273749999999998 0.10687719295995744 11.433 0.717 2.13 9
stats: page 28 91.30203571428572 130.5701486247587 451.655 5.088 71.622 34
stats: 302 14 31
stats: 200 20 45
stats: match 6 14
stats: size_rcv 76887 176369
stats: size_sent 19128 43401
stats: connected 2 3
# stats: dump at 1615435322
stats: users 3 6
stats: {load,"tsung_controller@ip-172-31-45-17"} 1 0.03125 0.0 0.0390625 0.03125 0.03515625 2
stats: {freemem,"tsung_controller@ip-172-31-45-17"} 1 663.27734375 0.0 663.27734375 660.66015625 661.57421875 2
stats: {cpu,"tsung_controller@ip-172-31-45-17"} 1 0.5483549351944167 0.0 1.7387365814450366 0.5483549351944167 1.2937317455402917 2
stats: session 7 2164.9644285714285 431.8231964479568 3139.734 1333.615 2321.8795 14
stats: users_count 6 24
stats: finish_users_count 7 21
stats: request 33 50.89254545454546 81.93671675994499 451.655 5.088 65.6496447368421 76
stats: connect 6 1.0134999999999998 0.17591641007402734 11.433 0.717 1.5640588235294117 17
stats: page 26 64.63519230769232 87.94122554210644 451.655 5.088 80.50975806451613 62
stats: 302 13 44
stats: 200 20 65
stats: match 7 21
stats: size_rcv 85495 261864
stats: size_sent 19842 63243
stats: connected -1 2
# stats: dump at 1615435332
stats: users 4 7
stats: {load,"tsung_controller@ip-172-31-45-17"} 1 0.01953125 0.0 0.0390625 0.01953125 0.033854166666666664 3
stats: {freemem,"tsung_controller@ip-172-31-45-17"} 1 662.65234375 0.0 663.27734375 660.66015625 662.1419270833334 3
stats: {cpu,"tsung_controller@ip-172-31-45-17"} 1 0.499001996007984 0.0 1.7387365814450366 0.499001996007984 1.0452728087583334 3
stats: session 21 2317.4619047619044 575.230693422826 3181.718 1333.615 2269.574476190476 21
stats: users_count 22 46
stats: finish_users_count 21 42
stats: request 103 57.443359223300966 87.39728638861884 451.655 5.088 61.1818990825688 109
stats: connect 22 1.0391818181818182 0.4714682710199198 11.433 0.717 1.4204347826086958 23
stats: page 83 71.32281927710844 92.6316641324946 451.655 5.088 75.81954545454546 88
stats: 302 41 85
stats: 200 62 127
stats: match 20 41
stats: size_rcv 254916 516780
stats: newphase 1 1
stats: size_sent 60230 123473
stats: connected 2 4
# stats: dump at 1615435342
stats: users 2 12
stats: {load,"tsung_controller@ip-172-31-45-17"} 1 0.01953125 0.0 0.0390625 0.01953125 0.0302734375 4
stats: {freemem,"tsung_controller@ip-172-31-45-17"} 1 661.00390625 0.0 663.27734375 660.66015625 662.26953125 4
stats: {cpu,"tsung_controller@ip-172-31-45-17"} 1 0.7972097658196312 0.0 1.7387365814450366 0.499001996007984 0.908705105570746 4
stats: session 23 2311.1691739130433 533.7697948957145 3181.718 1333.615 2293.5181904761903 42
stats: users_count 21 67
stats: finish_users_count 23 65
stats: 302 47 132
stats: request 117 53.84397435897436 84.80687524363273 451.655 5.088 59.365533018867914 212
stats: 200 70 197
stats: match 24 65
stats: size_rcv 304593 821373
stats: connect 22 0.972818181818182 0.14835235585457784 11.433 0.717 1.2340444444444445 45
stats: newphase 0 1
stats: page 93 67.77939784946237 90.557090704501 451.655 5.088 73.63692397660819 171
stats: size_sent 68960 192433
stats: connected -2 2
# stats: dump at 1615435352
stats: users 3 12
stats: {load,"tsung_controller@ip-172-31-45-17"} 1 0.01953125 0.0 0.0390625 0.01953125 0.028125 5
stats: {freemem,"tsung_controller@ip-172-31-45-17"} 1 659.02734375 0.0 663.27734375 659.02734375 662.01640625 5
stats: {cpu,"tsung_controller@ip-172-31-45-17"} 1 0.8483033932135728 0.0 1.7387365814450366 0.499001996007984 0.8864060376205231 5
stats: session 13 2431.158769230769 665.3866764238156 3181.718 1311.014 2299.763923076923 65
stats: users_count 14 81
stats: finish_users_count 13 78
stats: request 62 56.43503225806454 87.14749514860642 451.655 5.088 57.401939209726436 329
stats: connect 13 1.0389230769230768 0.15290694079857428 11.433 0.717 1.148268656716418 67
stats: page 50 70.01506000000002 92.4554764840699 451.655 5.088 71.57347727272727 264
stats: 302 25 157
stats: 200 37 234
stats: match 12 77
stats: size_rcv 157236 978609
stats: newphase 0 1
stats: size_sent 35951 228384
stats: connected 1 3
# stats: dump at 1615435362
stats: users 10 12
stats: {load,"tsung_controller@ip-172-31-45-17"} 1 0.01171875 0.0 0.0390625 0.01171875 0.026692708333333332 6
stats: {freemem,"tsung_controller@ip-172-31-45-17"} 1 659.046875 0.0 663.27734375 659.02734375 661.5182291666666 6
stats: {cpu,"tsung_controller@ip-172-31-45-17"} 1 0.5991013479780329 0.0 1.7387365814450366 0.499001996007984 0.8800555968860314 6
stats: session 22 2278.49 562.9684459590479 3217.178 1311.014 2321.663064102564 78
stats: users_count 29 110
stats: finish_users_count 22 100
stats: request 112 59.35217857142858 88.93563381399315 451.655 5.088 57.2486189258312 391
stats: connect 27 1.3110740740740743 1.6802506190033617 11.433 0.717 1.1305 80
stats: page 92 72.28873913043483 93.67443822180671 451.655 5.088 71.32532165605096 314
stats: 302 45 202
stats: 200 67 301
stats: match 20 97
stats: size_rcv 273979 1252588
stats: newphase 1 2
stats: size_sent 63863 292247
stats: connected 7 10
# stats: dump at 1615435372
stats: users 10 18
stats: {load,"tsung_controller@ip-172-31-45-17"} 1 0.01171875 0.0 0.0390625 0.01171875 0.024553571428571428 7
stats: {freemem,"tsung_controller@ip-172-31-45-17"} 1 661.2890625 0.0 663.27734375 659.02734375 661.1651785714286 7
stats: {cpu,"tsung_controller@ip-172-31-45-17"} 1 1.143141153081511 0.0 1.7387365814450366 0.499001996007984 0.8399192756134602 7
stats: session 50 2218.57496 537.3754201822766 3264.107 1311.014 2312.1649899999998 100
stats: users_count 50 160
stats: finish_users_count 50 150
stats: request 258 55.160550387596885 85.93435959894954 451.655 5.088 57.717005964214714 503
stats: 302 103 305
stats: connect 51 1.0642352941176472 0.5599040740052341 11.433 0.717 1.1760654205607477 107
stats: 200 155 456
stats: page 206 69.1257330097087 91.66357208075341 451.655 5.088 71.54363300492612 406
stats: match 52 149
stats: size_rcv 704349 1956937
stats: newphase 0 2
stats: size_sent 152002 444249
stats: connected -1 9
# stats: dump at 1615435382
stats: users 9 18
stats: {load,"tsung_controller@ip-172-31-45-17"} 1 0.01171875 0.0 0.0390625 0.01171875 0.02294921875 8
stats: {freemem,"tsung_controller@ip-172-31-45-17"} 1 657.71484375 0.0 663.27734375 657.71484375 661.1806640625 8
stats: {cpu,"tsung_controller@ip-172-31-45-17"} 1 1.7361111111111112 0.0 1.7387365814450366 0.499001996007984 0.8778220102969666 8
stats: session 34 2242.545676470588 579.3856097449374 3264.107 1292.855 2280.9683133333333 150
stats: users_count 33 193
stats: finish_users_count 34 184
stats: request 164 59.1512256097561 88.50837023469329 451.655 5.088 56.850296977660975 761
stats: connect 33 1.0296060606060606 0.234865782354188 11.433 0.717 1.1399683544303798 158
stats: page 132 73.53302272727268 93.85235649577527 451.655 5.088 70.72976470588235 612
stats: 302 67 372
stats: 200 97 553
stats: match 32 181
stats: size_rcv 448755 2405692
stats: newphase 0 2
stats: size_sent 95431 539680
stats: connected 1 10
# stats: dump at 1615435392
stats: users 21 24
stats: {load,"tsung_controller@ip-172-31-45-17"} 1 0.01171875 0.0 0.0390625 0.01171875 0.021701388888888888 9
stats: {freemem,"tsung_controller@ip-172-31-45-17"} 1 656.16796875 0.0 663.27734375 656.16796875 660.7955729166666 9
stats: {cpu,"tsung_controller@ip-172-31-45-17"} 1 1.3412816691505216 0.0 1.7387365814450366 0.499001996007984 0.9731874659429827 9
stats: session 50 2202.927959999999 515.8645420177263 3264.107 1292.855 2273.8684782608693 184
stats: users_count 62 255
stats: finish_users_count 50 234
stats: page 218 76.23932110091742 95.34776861394484 451.655 5.088 71.22711693548386 744
stats: 302 108 480
stats: request 266 62.45336842105262 90.61408242991892 451.655 5.088 57.258245405405404 925
stats: connect 61 1.0889836065573766 0.3217271266050628 11.433 0.717 1.1209005235602094 191
stats: 200 158 711
stats: match 48 229
stats: size_rcv 719720 3125412
stats: newphase 1 3
stats: size_sent 151487 691167
stats: connected 13 23
# stats: dump at 1615435402
stats: users 18 29
stats: {load,"tsung_controller@ip-172-31-45-17"} 1 0.0 0.0 0.0390625 0.0 0.020703125 10
stats: {freemem,"tsung_controller@ip-172-31-45-17"} 1 657.8046875 0.0 663.27734375 656.16796875 660.3328125 10
stats: {cpu,"tsung_controller@ip-172-31-45-17"} 1 2.127659574468085 0.0 2.127659574468085 0.499001996007984 1.0099968862637367 10
stats: session 95 2195.089578947369 566.6440039735444 3273.655 1292.855 2258.7102478632473 234
stats: users_count 92 347
stats: finish_users_count 95 329
stats: connect 91 0.9682637362637357 0.2633088620172317 11.433 0.707 1.113174603174603 252
stats: 302 186 666
stats: request 470 55.054744680851115 85.58058436685926 451.655 5.088 58.41853316540722 1191
stats: page 373 69.41725737265426 91.45770015272626 451.655 5.088 72.36293866943866 962
stats: 200 284 995
stats: match 97 326
stats: size_rcv 1433738 4559150
stats: newphase 0 3
stats: size_sent 279120 970287
stats: connected -6 17
# stats: dump at 1615435412
stats: users 23 29
stats: {load,"tsung_controller@ip-172-31-45-17"} 1 0.0 0.0 0.0390625 0.0 0.018821022727272728 11
stats: {freemem,"tsung_controller@ip-172-31-45-17"} 1 656.453125 0.0 663.27734375 656.16796875 660.1029829545455 11
stats: {cpu,"tsung_controller@ip-172-31-45-17"} 1 2.1836228287841193 0.0 2.1836228287841193 0.499001996007984 1.1116025851914049 11
stats: session 66 2259.2124393939393 536.0439086743289 3273.655 1292.855 2240.3395379939207 329
stats: users_count 71 418
stats: finish_users_count 66 395
stats: request 347 59.38056195965416 88.34519203028901 451.655 5.088 57.466708609271535 1661
stats: connect 74 0.9865810810810813 0.15814481960026014 11.433 0.707 1.0747288629737608 343
stats: page 281 73.37094661921707 93.37685338512681 451.655 5.088 71.53991310861427 1335
stats: 302 141 807
stats: 200 206 1201
stats: match 66 392
stats: size_rcv 1046042 5605192
stats: newphase 0 3
stats: size_sent 200375 1170662
stats: connected 8 25
# stats: dump at 1615435422
stats: users 35 50
stats: {load,"tsung_controller@ip-172-31-45-17"} 1 0.0 0.0 0.0390625 0.0 0.017252604166666668 12
stats: {freemem,"tsung_controller@ip-172-31-45-17"} 1 655.69140625 0.0 663.27734375 655.69140625 659.798828125 12
stats: {cpu,"tsung_controller@ip-172-31-45-17"} 1 2.426944031698861 0.0 2.426944031698861 0.499001996007984 1.2009376054907976 12
stats: session 118 2425.3514237288136 584.0117647614528 3771.682 1292.855 2243.492984810126 395
stats: users_count 130 548
stats: finish_users_count 118 513
stats: connect 128 1.0864140624999996 0.6720996662435906 11.433 0.707 1.0590863309352516 417
stats: 302 243 1050
stats: request 607 69.90557495881369 114.42493568414262 747.475 5.088 57.797439243027895 2008
stats: 200 364 1565
stats: match 118 510
stats: page 489 86.81412269938636 123.55574244489685 771.745 5.088 71.85830445544558 1616
stats: size_rcv 1949388 7554580
stats: newphase 1 4
stats: size_sent 353314 1523976
stats: connected 10 35
# stats: dump at 1615435432
stats: users 33 54
stats: {load,"tsung_controller@ip-172-31-45-17"} 1 0.078125 0.0 0.078125 0.0 0.015925480769230768 13
stats: {freemem,"tsung_controller@ip-172-31-45-17"} 1 652.06640625 0.0 663.27734375 652.06640625 659.4828725961538 13
stats: {cpu,"tsung_controller@ip-172-31-45-17"} 1 4.328578455484506 0.0 4.328578455484506 0.499001996007984 1.2952457921221874 13
stats: session 153 2316.9572549019613 568.502182559529 3771.682 1292.855 2285.3239707602334 513
stats: users_count 151 699
stats: finish_users_count 153 666
stats: request 756 62.24072751322752 93.36767320645077 747.475 5.088 60.60800841300188 2615
stats: connect 151 1.1031059602649005 0.4582606787621807 11.433 0.707 1.0655045871559632 545
stats: page 604 77.91610596026477 99.53674931275566 771.745 5.088 75.33260142517814 2105
stats: 302 303 1353
stats: 200 453 2018
stats: match 152 662
stats: size_rcv 2640328 10194908
stats: newphase 0 4
stats: size_sent 446051 1970027
stats: connected 0 35
# stats: dump at 1615435442
stats: users 39 54
stats: {load,"tsung_controller@ip-172-31-45-17"} 1 0.0703125 0.0 0.078125 0.0 0.020368303571428572 14
stats: {freemem,"tsung_controller@ip-172-31-45-17"} 1 641.90625 0.0 663.27734375 641.90625 658.953125 14
stats: {cpu,"tsung_controller@ip-172-31-45-17"} 1 4.703576678098971 0.0 4.703576678098971 0.499001996007984 1.5119124109337816 14
stats: session 147 2390.5566326530616 536.3916868435655 3771.682 1292.855 2292.591076576576 666
stats: users_count 153 852
stats: finish_users_count 147 813
stats: request 755 65.45914569536416 95.21501946637105 747.475 5.088 60.97417146247402 3371
stats: connect 151 1.162331125827815 1.4465536468688585 17.446 0.695 1.0736623563218388 696
stats: page 605 81.75549421487602 101.94039280151739 771.745 5.088 75.90862089331854 2709
stats: 302 302 1655
stats: 200 453 2471
stats: match 150 812
stats: size_rcv 2792313 12987221
stats: newphase 0 4
stats: size_sent 441691 2411718
stats: connected 0 35
# stats: dump at 1615435452
stats: users 164 164
stats: {load,"tsung_controller@ip-172-31-45-17"} 1 0.05859375 0.0 0.078125 0.0 0.023697916666666666 15
stats: {freemem,"tsung_controller@ip-172-31-45-17"} 1 641.61328125 0.0 663.27734375 641.61328125 657.8166666666667 15
stats: {cpu,"tsung_controller@ip-172-31-45-17"} 1 4.7968673519334315 0.0 4.7968673519334315 0.499001996007984 1.7246900287447944 15
stats: session 161 3432.0819503105567 1116.413448802383 7186.069 1292.855 2310.304405904059 813
stats: users_count 286 1138
stats: finish_users_count 161 974
stats: page 886 439.9908577878102 530.9967079000437 3167.082 5.088 76.97601931200964 3314
stats: 302 427 2082
stats: request 1059 390.3678914069878 470.5362482931839 4091.213 5.088 61.794858700920955 4126
stats: 200 632 3103
stats: match 173 985
stats: connect 285 1.0207859649122806 0.4107404949466039 17.446 0.685 1.0894698937426208 847
stats: size_rcv 3997088 16984309
stats: newphase 1 5
stats: size_sent 640759 3052477
stats: connected 126 161
# stats: dump at 1615435462
stats: users 284 287
stats: {load,"tsung_controller@ip-172-31-45-17"} 1 0.05078125 0.0 0.078125 0.0 0.02587890625 16
stats: {freemem,"tsung_controller@ip-172-31-45-17"} 1 609.8984375 0.0 663.27734375 609.8984375 656.803955078125 16
stats: {cpu,"tsung_controller@ip-172-31-45-17"} 1 7.670043415340087 0.0 7.670043415340087 0.499001996007984 1.9167011114440842 16
stats: session 219 6364.98599086758 1724.8585369059394 11302.836 1292.855 2495.7317002053383 974
stats: users_count 339 1477
stats: finish_users_count 219 1193
stats: connect 342 1.0711228070175436 0.973086568758686 17.446 0.68 1.0721775618374558 1132
stats: page 1041 1225.0401815561952 1062.7456237437061 6883.755 5.088 153.55486380952377 4200
stats: 302 503 2585
stats: request 1280 1022.5901820312499 810.7230317359002 5841.49 5.088 128.90360347155254 5185
stats: 200 777 3880
stats: match 239 1224
stats: size_rcv 5443079 22427388
stats: newphase 0 5
stats: size_sent 781922 3834399
stats: connected 124 285
# stats: dump at 1615435472
stats: users 360 369
stats: {load,"tsung_controller@ip-172-31-45-17"} 1 0.0390625 0.0 0.078125 0.0 0.02734375 17
stats: {freemem,"tsung_controller@ip-172-31-45-17"} 1 586.85546875 0.0 663.27734375 586.85546875 654.0448069852941 17
stats: {cpu,"tsung_controller@ip-172-31-45-17"} 1 8.231855820750123 0.0 8.231855820750123 0.499001996007984 2.255133011673261 17
stats: session 222 10238.545518018023 1565.8712901161416 14033.17 1292.855 3206.0139212070408 1193
stats: users_count 298 1775
stats: finish_users_count 222 1415
stats: request 1301 2044.3082182936196 577.0718135509202 5841.49 5.088 305.84386960556844 6465
stats: connect 297 1.0018956228956233 0.5013931962577558 17.446 0.668 1.0719328358208953 1474
stats: page 1055 2428.9407763033196 1098.0004592291941 7695.921 5.088 366.3799383705398 5241
stats: 302 520 3105
stats: 200 782 4662
stats: match 246 1470
stats: size_rcv 6123739 28551127
stats: newphase 0 5
stats: size_sent 797236 4631635
stats: connected 75 360
# stats: dump at 1615435482
stats: users 513 524
stats: {load,"tsung_controller@ip-172-31-45-17"} 1 0.03125 0.0 0.078125 0.0 0.027994791666666668 18
stats: {freemem,"tsung_controller@ip-172-31-45-17"} 1 550.421875 0.0 663.27734375 550.421875 650.3120659722222 18
stats: {cpu,"tsung_controller@ip-172-31-45-17"} 1 8.503401360544217 0.0 8.503401360544217 0.499001996007984 2.5871731677330865 18
stats: session 374 9905.01986096256 4228.342868190286 17318.827 1050.032 4309.351033922262 1415
stats: users_count 527 2302
stats: finish_users_count 374 1789
stats: request 1899 1666.5291337546093 1334.8297852321125 5841.49 0.348 597.0802998969867 7766
stats: connect 528 1.086446969696969 1.4826135646338434 25.53 0.65 1.0601874647092036 1771
stats: page 1531 2060.9971254082297 1767.6269895025184 7915.977 0.348 711.9964701397715 6296
stats: 302 496 3601
stats: match_stop 157 157
stats: 200 729 5391
stats: match 211 1681
stats: size_rcv 5513873 34065000
stats: newphase 1 6
stats: 502 673 673
stats: nomatch 157 157
stats: size_sent 913377 5545012
stats: connected 155 515
# stats: dump at 1615435492
stats: users 506 526
stats: {load,"tsung_controller@ip-172-31-45-17"} 1 0.03125 0.0 0.078125 0.0 0.02816611842105263 19
stats: {freemem,"tsung_controller@ip-172-31-45-17"} 1 546.59375 0.0 663.27734375 546.59375 645.0546875 19
stats: {cpu,"tsung_controller@ip-172-31-45-17"} 1 12.511984659635667 0.0 12.511984659635667 0.499001996007984 2.8985535989336726 19
stats: session 622 8000.068181672027 4924.808737935963 19252.229 1030.288 5479.155472889882 1789
stats: users_count 615 2917
stats: finish_users_count 622 2411
stats: request 2731 1438.653140241671 1634.453624227444 6093.429 0.347 807.2079083290225 9665
stats: connect 613 0.9931190864600323 0.6129720823550099 25.53 0.65 1.066218355806872 2299
stats: page 2124 1871.313207156306 2015.4582413319858 9485.681 0.347 975.867685575572 7827
stats: 302 522 4123
stats: match_stop 365 522
stats: 200 808 6199
stats: match 242 1923
stats: size_rcv 8205408 42270408
stats: newphase 0 6
stats: 502 1401 2074
stats: nomatch 365 522
stats: size_sent 1150280 6695292
stats: connected -8 507
# stats: dump at 1615435502
stats: users 516 530
stats: {load,"tsung_controller@ip-172-31-45-17"} 1 0.01953125 0.0 0.078125 0.0 0.0283203125 20
stats: {freemem,"tsung_controller@ip-172-31-45-17"} 1 549.33984375 0.0 663.27734375 546.59375 640.131640625 20
stats: {cpu,"tsung_controller@ip-172-31-45-17"} 1 14.189837008628956 0.0 14.189837008628956 0.499001996007984 3.3792251519687726 20
stats: session 635 8501.732584251973 5002.203390333738 19719.492 1007.999 6129.511219411033 2411
stats: users_count 645 3562
stats: finish_users_count 635 3046
stats: connect 641 1.0775304212168477 1.1764237257960635 25.53 0.65 1.0508303571428568 2912
stats: page 2189 1773.7753686614878 1834.9720771580542 9485.681 0.347 1166.9968472515322 9951
stats: 302 565 4688
stats: match_stop 348 870
stats: 200 876 7075
stats: match 284 2207
stats: size_rcv 9156246 51426654
stats: newphase 0 6
stats: 502 1380 3454
stats: nomatch 348 870
stats: size_sent 1207138 7902430
stats: connected 5 512
stats: request 2821 1358.9482566465774 1492.7194324680431 6093.429 0.347 946.3235043562446 12396
# stats: dump at 1615435512
stats: users 635 646
stats: {load,"tsung_controller@ip-172-31-45-17"} 1 0.26171875 0.0 0.26171875 0.0 0.027901785714285716 21
stats: {freemem,"tsung_controller@ip-172-31-45-17"} 1 545.3203125 0.0 663.27734375 545.3203125 635.8082217261905 21
stats: {cpu,"tsung_controller@ip-172-31-45-17"} 1 14.658444022770398 0.0 14.658444022770398 0.499001996007984 3.8940161927621144 21
stats: session 954 6276.1765136268305 4366.005460691141 22300.216 1007.999 6624.048503282996 3046
stats: users_count 1073 4635
stats: finish_users_count 954 4000
stats: request 4303 888.2624815245152 1358.312545975899 6093.429 0.343 1022.8178479332327 15217
stats: connect 1077 0.963951717734449 0.482700046318805 25.53 0.649 1.0556473402758229 3553
stats: page 3361 1140.1232171972626 1592.584499601405 9485.681 0.343 1276.4069117792417 12140
stats: 302 546 5234
stats: match_stop 666 1536
stats: 200 938 8013
stats: match 276 2483
stats: size_rcv 11173174 62599828
stats: newphase 1 7
stats: 502 2819 6273
stats: nomatch 666 1536
stats: size_sent 1566641 9469071
stats: connected 123 635
# stats: dump at 1615435522
stats: users 615 660
stats: {load,"tsung_controller@ip-172-31-45-17"} 1 0.21875 0.0 0.26171875 0.0 0.038529829545454544 22
stats: {freemem,"tsung_controller@ip-172-31-45-17"} 1 559.28125 0.0 663.27734375 545.3203125 631.6951349431819 22
stats: {cpu,"tsung_controller@ip-172-31-45-17"} 1 21.428571428571427 0.0 21.428571428571427 0.499001996007984 4.3833083668534 22
stats: session 1242 5211.396697262475 3679.683516518248 22300.216 1007.121 6541.081033750001 4000
stats: users_count 1222 5857
stats: finish_users_count 1242 5242
stats: 302 573 5807
stats: request 5228 756.6686260520257 1319.0989014137022 6093.429 0.342 993.1563857581963 19520
stats: match_stop 942 2478
stats: 200 946 8959
stats: connect 1225 0.8735567346938766 0.441743845164093 25.53 0.532 1.0343177105831534 4630
stats: match 300 2783
stats: size_rcv 12441355 75041183
stats: page 3986 994.6221309583541 1517.2605599182057 9485.681 0.343 1246.857237726598 15501
stats: newphase 0 7
stats: 502 3710 9983
stats: nomatch 942 2478
stats: size_sent 1810253 11279324
stats: connected -17 618
# stats: dump at 1615435532
stats: users 626 660
stats: {load,"tsung_controller@ip-172-31-45-17"} 1 0.6484375 0.0 0.6484375 0.0 0.046365489130434784 23
stats: {freemem,"tsung_controller@ip-172-31-45-17"} 1 550.81640625 0.0 663.27734375 545.3203125 628.5467051630436 23
stats: {cpu,"tsung_controller@ip-172-31-45-17"} 1 23.554301833568406 0.0 23.554301833568406 0.499001996007984 5.12440676084114 23
stats: session 1155 5124.487129004321 3571.8276348862328 22300.216 1006.065 6226.035641549027 5242
stats: users_count 1166 7023
stats: finish_users_count 1155 6397
stats: connect 1163 0.8751066208082532 0.3778042398678154 25.53 0.532 1.0006828351836035 5855
stats: page 3734 989.9403224424207 1513.778533836858 9485.681 0.339 1195.2633989839378 19487
stats: 302 538 6345
stats: match_stop 897 3375
stats: 200 861 9820
stats: match 262 3045
stats: size_rcv 11099449 86140632
stats: newphase 0 7
stats: request 4893 756.8650504802756 1312.970109758763 6093.429 0.339 943.1984898577656 24748
stats: 502 3493 13476
stats: nomatch 897 3375
stats: size_sent 1685044 12964368
stats: connected 5 623
# stats: dump at 1615435542
stats: users 134 660
stats: {load,"tsung_controller@ip-172-31-45-17"} 1 0.55078125 0.0 0.6484375 0.0 0.07145182291666667 24
stats: {freemem,"tsung_controller@ip-172-31-45-17"} 1 545.35546875 0.0 663.27734375 545.3203125 625.3079427083335 24
stats: {cpu,"tsung_controller@ip-172-31-45-17"} 1 21.720532319391637 0.0 23.554301833568406 0.499001996007984 5.89231905553811 24
stats: session 817 7047.70882986536 4295.703716522569 22300.216 1006.065 6027.147329529465 6397
stats: users_count 325 7348
stats: finish_users_count 817 7214
stats: page 2095 1754.526157040572 1745.9202958350616 9485.681 0.339 1162.2468894535118 23221
stats: 302 624 6969
stats: request 2853 1297.9709554854546 1551.3424954102675 6093.429 0.339 912.4394223879076 29641
stats: match_stop 385 3760
stats: connect 330 0.9771212121212132 0.6653156397223325 25.53 0.532 0.9798727557708745 7018
stats: 200 964 10784
stats: match 373 3418
stats: size_rcv 13296412 99437044
stats: newphase 0 7
stats: 502 1265 14741
stats: nomatch 385 3760
stats: size_sent 1222791 14187159
stats: connected -401 222
# stats: dump at 1615435550
stats: users 0 660
stats: {load,"tsung_controller@ip-172-31-45-17"} 1 0.4609375 0.0 0.6484375 0.0 0.090625 25
stats: {freemem,"tsung_controller@ip-172-31-45-17"} 1 565.484375 0.0 663.27734375 545.3203125 622.1098437500001 25
stats: {cpu,"tsung_controller@ip-172-31-45-17"} 1 11.566617862371888 0.0 23.554301833568406 0.499001996007984 6.52544758609225 25
stats: session 134 10662.20116417911 2275.577335131161 22300.216 1006.065 6142.727970751316 7214
stats: users_count 0 7348
stats: finish_users_count 134 7348
stats: page 316 1143.4705537974683 1463.7824887284721 9485.681 0.339 1211.260361787012 25316
stats: request 486 574.1764320987656 1015.7010450363655 6093.429 0.339 946.2894089678086 32494
stats: connect 0 0 0 25.53 0.532 0.979749183451279 7348
stats: 302 175 7144
stats: match_stop 0 3760
stats: 200 311 11095
stats: match 170 3588
stats: size_rcv 2837934 102274978
stats: newphase 0 7
stats: 502 0 14741
stats: nomatch 0 3760
stats: size_sent 227805 14414964
stats: connected -222 0
EndMonitor:{1615,435550,888386}
