# stats: dump at 1615437793
stats: users 5 5
stats: {freemem,"tsung_controller@ip-172-31-50-170"} 1 664.0234375 0 664.0234375 664.0234375 0 0
stats: {load,"tsung_controller@ip-172-31-50-170"} 1 0.08984375 0 0.08984375 0.08984375 0 0
stats: {cpu,"tsung_controller@ip-172-31-50-170"} 1 10.765024308373585 0 10.765024308373585 10.765024308373585 0 0
stats: users_count 5 5
stats: finish_users_count 0 0
stats: request 5 56.7712 89.0785801467446 234.761 8.025 0 0
stats: connect 3 4.4656666666666665 4.590772943875815 10.958 1.219 0 0
stats: page 5 56.7712 89.0785801467446 234.761 8.025 0 0
stats: 302 1 1
stats: 200 4 4
stats: size_rcv 12815 12815
stats: size_sent 2361 2361
stats: connected 3 3
# stats: dump at 1615437803
stats: users 15 15
stats: {freemem,"tsung_controller@ip-172-31-50-170"} 1 664.58203125 0.0 664.58203125 664.0234375 664.0234375 1
stats: {load,"tsung_controller@ip-172-31-50-170"} 1 0.078125 0.0 0.08984375 0.078125 0.08984375 1
stats: {cpu,"tsung_controller@ip-172-31-50-170"} 1 0.45045045045045046 0.0 10.765024308373585 0.45045045045045046 10.765024308373585 1
stats: session 1 14930.403 0 14930.403 14930.403 0 0
stats: users_count 11 16
stats: finish_users_count 1 1
stats: connect 12 1.2970833333333331 0.21370714320198927 10.958 1.162 4.4656666666666665 3
stats: 302 10 11
stats: 200 38 42
stats: size_rcv 122573 135388
stats: request 48 52.527375 85.77137584994605 235.525 6.585 56.7712 5
stats: size_sent 23468 25829
stats: connected 11 14
stats: page 46 54.817065217391296 87.00007821520778 235.525 6.585 56.7712 5
# stats: dump at 1615437813
stats: users 14 20
stats: {freemem,"tsung_controller@ip-172-31-50-170"} 1 660.0390625 0.0 664.58203125 660.0390625 664.302734375 2
stats: {load,"tsung_controller@ip-172-31-50-170"} 1 0.0703125 0.0 0.08984375 0.0703125 0.083984375 2
stats: {cpu,"tsung_controller@ip-172-31-50-170"} 1 0.2004008016032064 0.0 10.765024308373585 0.2004008016032064 5.6077373794120176 2
stats: session 7 16887.520714285714 1244.1763515854525 19300.138 14839.927 14930.403 1
stats: users_count 6 22
stats: finish_users_count 7 8
stats: request 74 47.32287837837837 82.74268542620105 309.259 6.585 52.9277358490566 53
stats: connect 7 1.5095714285714286 0.6607235983899681 10.958 1.082 1.9307999999999998 15
stats: page 60 58.389149999999994 89.233551569617 320.106 6.585 55.00864705882353 51
stats: 302 17 28
stats: 200 57 99
stats: size_rcv 161400 296788
stats: size_sent 43412 69241
stats: connected 1 15
# stats: dump at 1615437823
stats: users 28 28
stats: {freemem,"tsung_controller@ip-172-31-50-170"} 1 658.05078125 0.0 664.58203125 658.05078125 662.8815104166666 3
stats: {load,"tsung_controller@ip-172-31-50-170"} 1 0.05859375 0.0 0.08984375 0.05859375 0.07942708333333333 3
stats: {cpu,"tsung_controller@ip-172-31-50-170"} 1 0.10030090270812438 0.0 10.765024308373585 0.10030090270812438 3.8052918534757474 3
stats: session 8 18110.037625 1242.9969280627708 19631.487 14839.927 16642.881 8
stats: users_count 22 44
stats: finish_users_count 8 16
stats: request 92 34.34575000000001 67.59034769181577 309.259 6.326 49.66191338582677 127
stats: connect 20 1.5748999999999997 1.3165764277093828 10.958 1.082 1.7967727272727272 22
stats: page 73 43.31076712328767 73.68912646121544 320.106 6.326 56.83594594594594 111
stats: 302 19 47
stats: 200 73 172
stats: size_rcv 175189 471977
stats: newphase 1 1
stats: size_sent 48042 117283
stats: connected 11 26
# stats: dump at 1615437833
stats: users 40 40
stats: {freemem,"tsung_controller@ip-172-31-50-170"} 1 661.91015625 0.0 664.58203125 658.05078125 661.673828125 4
stats: {load,"tsung_controller@ip-172-31-50-170"} 1 0.05078125 0.0 0.08984375 0.05078125 0.07421875 4
stats: {cpu,"tsung_controller@ip-172-31-50-170"} 1 0.30060120240480964 0.0 10.765024308373585 0.10030090270812438 2.8790441157838416 4
stats: session 8 18662.661 1538.355271052334 21266.312 14839.927 17376.459312500003 16
stats: users_count 20 64
stats: finish_users_count 8 24
stats: request 147 45.317047619047635 80.00116309752576 309.259 6.196 43.22772602739727 219
stats: connect 21 1.1987619047619047 0.07602562522998406 10.958 1.082 1.6911190476190474 42
stats: page 128 52.059804687500005 83.83223027897918 320.106 6.196 51.46997826086956 184
stats: 302 32 79
stats: 200 115 287
stats: size_rcv 343840 815817
stats: newphase 0 1
stats: size_sent 83070 200353
stats: connected 13 39
# stats: dump at 1615437843
stats: users 42 45
stats: {freemem,"tsung_controller@ip-172-31-50-170"} 1 659.38671875 0.0 664.58203125 658.05078125 661.72109375 5
stats: {load,"tsung_controller@ip-172-31-50-170"} 1 0.0390625 0.0 0.08984375 0.0390625 0.06953125 5
stats: {cpu,"tsung_controller@ip-172-31-50-170"} 1 0.4506760140210316 0.0 10.765024308373585 0.10030090270812438 2.3633555331080354 5
stats: session 21 17574.62495238096 1288.0266705419858 21266.312 14839.927 17805.193208333334 24
stats: users_count 23 87
stats: finish_users_count 21 45
stats: request 206 33.52942718446598 68.19282651574035 309.259 6.196 44.066879781420774 366
stats: connect 24 1.2485833333333332 0.39867717900019756 10.958 1.082 1.527 63
stats: page 161 42.929720496894426 74.79322672444046 320.106 6.196 51.71195833333333 312
stats: 302 44 123
stats: 200 162 449
stats: size_rcv 398710 1214527
stats: newphase 0 1
stats: size_sent 118162 318515
stats: connected 3 42
# stats: dump at 1615437853
stats: users 37 45
stats: {freemem,"tsung_controller@ip-172-31-50-170"} 1 657.19140625 0.0 664.58203125 657.19140625 661.33203125 6
stats: {load,"tsung_controller@ip-172-31-50-170"} 1 0.03125 0.0 0.08984375 0.03125 0.064453125 6
stats: {cpu,"tsung_controller@ip-172-31-50-170"} 1 0.45045045045045046 0.0 10.765024308373585 0.10030090270812438 2.0445756132602013 6
stats: session 27 17742.29296296296 2387.679869799512 22164.358 13931.92 17697.594688888894 45
stats: users_count 22 109
stats: finish_users_count 27 72
stats: request 195 29.404584615384596 62.451242497436425 309.259 6.08 40.271923076923066 572
stats: connect 22 1.6689999999999998 1.2995274665676122 10.958 1.061 1.4501954022988504 87
stats: page 148 38.779554054053996 69.50061267426663 320.106 6.08 48.722655391120504 473
stats: 302 43 166
stats: 200 152 601
stats: size_rcv 343418 1557945
stats: newphase 1 2
stats: size_sent 111931 430446
stats: connected -3 39
# stats: dump at 1615437863
stats: users 55 55
stats: {freemem,"tsung_controller@ip-172-31-50-170"} 1 657.0703125 0.0 664.58203125 657.0703125 660.7405133928571 7
stats: {load,"tsung_controller@ip-172-31-50-170"} 1 0.03125 0.0 0.08984375 0.03125 0.05970982142857143 7
stats: {cpu,"tsung_controller@ip-172-31-50-170"} 1 0.6006006006006006 0.0 10.765024308373585 0.10030090270812438 1.8168434471445225 7
stats: session 17 17377.483764705878 2371.373760491374 22164.358 11740.7 17714.356541666668 72
stats: users_count 35 144
stats: finish_users_count 17 89
stats: request 213 43.963051643192486 79.1231190844068 309.259 5.857 37.509040417209896 767
stats: connect 32 1.3820312499999998 0.6861761109754824 10.958 0.933 1.4943577981651375 109
stats: page 179 52.33272625698326 83.92298197578057 320.106 5.857 46.35296296296295 621
stats: 302 52 218
stats: 200 161 762
stats: size_rcv 482912 2040857
stats: newphase 0 2
stats: size_sent 120750 551196
stats: connected 14 53
# stats: dump at 1615437873
stats: users 68 73
stats: {freemem,"tsung_controller@ip-172-31-50-170"} 1 653.79296875 0.0 664.58203125 653.79296875 660.28173828125 8
stats: {load,"tsung_controller@ip-172-31-50-170"} 1 0.01953125 0.0 0.08984375 0.01953125 0.05615234375 8
stats: {cpu,"tsung_controller@ip-172-31-50-170"} 1 0.501002004008016 0.0 10.765024308373585 0.10030090270812438 1.6648130913265322 8
stats: session 30 17685.029933333335 1626.4148576103194 22164.358 11740.7 17650.010056179777 89
stats: users_count 43 187
stats: finish_users_count 30 119
stats: request 334 35.962326347305364 70.98421461005731 309.259 5.81 38.91179999999999 980
stats: connect 44 1.201613636363636 0.3063954082189973 10.958 0.933 1.4688652482269502 141
stats: page 270 44.51028518518517 76.78303982687653 320.106 5.81 47.69093499999999 800
stats: 302 71 289
stats: 200 263 1025
stats: size_rcv 673978 2714835
stats: newphase 0 2
stats: size_sent 187588 738784
stats: connected 14 67
# stats: dump at 1615437883
stats: users 79 79
stats: {freemem,"tsung_controller@ip-172-31-50-170"} 1 648.41015625 0.0 664.58203125 648.41015625 659.5607638888889 9
stats: {load,"tsung_controller@ip-172-31-50-170"} 1 0.01953125 0.0 0.08984375 0.01953125 0.052083333333333336 9
stats: {cpu,"tsung_controller@ip-172-31-50-170"} 1 0.6509764646970456 0.0 10.765024308373585 0.10030090270812438 1.5355007482911416 9
stats: session 33 17491.255000000005 1779.31601307157 22164.358 11740.7 17658.83859663866 119
stats: users_count 44 231
stats: finish_users_count 33 152
stats: request 348 31.023839080459755 65.17793830501618 309.259 5.638 38.162085996955845 1314
stats: connect 44 1.3018636363636362 0.510758820104019 10.958 0.933 1.4053027027027027 185
stats: page 272 39.72473161764705 71.67577399383613 320.106 5.638 46.888341121495316 1070
stats: 302 68 357
stats: 200 280 1305
stats: size_rcv 651131 3365966
stats: newphase 1 3
stats: size_sent 197912 936696
stats: connected 11 78
# stats: dump at 1615437893
stats: users 117 122
stats: {freemem,"tsung_controller@ip-172-31-50-170"} 1 641.06640625 0.0 664.58203125 641.06640625 658.445703125 10
stats: {load,"tsung_controller@ip-172-31-50-170"} 1 0.01953125 0.0 0.08984375 0.01953125 0.048828125 10
stats: {cpu,"tsung_controller@ip-172-31-50-170"} 1 0.9995002498750625 0.0 10.765024308373585 0.10030090270812438 1.4470483199317319 10
stats: session 43 17714.749930232556 2055.8679079928625 22164.358 11740.7 17622.455315789477 152
stats: users_count 81 312
stats: finish_users_count 43 195
stats: request 512 43.84067968750005 79.1552601783932 309.259 5.638 36.667435018050526 1662
stats: connect 83 1.2253373493975903 0.2915445894561706 10.958 0.933 1.3854279475982532 229
stats: page 431 52.09696983758705 83.9327295456339 320.106 5.638 45.43640238450074 1342
stats: 302 123 480
stats: 200 389 1694
stats: size_rcv 1148254 4514220
stats: newphase 0 3
stats: size_sent 283428 1220124
stats: connected 40 118
# stats: dump at 1615437903
stats: users 161 167
stats: {freemem,"tsung_controller@ip-172-31-50-170"} 1 627.83984375 0.0 664.58203125 627.83984375 656.8657670454545 11
stats: {load,"tsung_controller@ip-172-31-50-170"} 1 0.01171875 0.0 0.08984375 0.01171875 0.04616477272727273 11
stats: {cpu,"tsung_controller@ip-172-31-50-170"} 1 1.1523046092184368 0.0 10.765024308373585 0.10030090270812438 1.4063621317447619 11
stats: session 63 17154.428380952373 1703.820935100053 22164.358 11740.7 17642.807461538465 195
stats: users_count 107 419
stats: finish_users_count 63 258
stats: 302 159 639
stats: request 748 38.59320053475935 74.36903141432754 309.259 5.638 38.3568100275989 2174
stats: connect 105 1.3068952380952383 0.5836818103141557 10.958 0.933 1.3428397435897437 312
stats: page 609 47.425977011494226 80.10535381497377 320.106 5.638 47.05552509870276 1773
stats: 200 589 2283
stats: size_rcv 1553604 6067824
stats: newphase 0 3
stats: size_sent 422724 1642848
stats: connected 44 162
# stats: dump at 1615437913
stats: users 195 200
stats: {freemem,"tsung_controller@ip-172-31-50-170"} 1 608.69140625 0.0 664.58203125 608.69140625 654.4469401041666 12
stats: {load,"tsung_controller@ip-172-31-50-170"} 1 0.01171875 0.0 0.08984375 0.01171875 0.043294270833333336 12
stats: {cpu,"tsung_controller@ip-172-31-50-170"} 1 1.6524787180771157 0.0 10.765024308373585 0.10030090270812438 1.3851906715342348 12
stats: session 90 17323.258555555563 1956.6456167063413 22295.467 11740.7 17523.552104651164 258
stats: users_count 124 543
stats: finish_users_count 90 348
stats: request 843 32.53424911032031 68.36143098599368 445.845 5.638 38.41732340862423 2922
stats: connect 123 1.4737804878048781 2.0134109009040944 22.542 0.933 1.3337889688249402 417
stats: page 662 41.45698640483387 75.03627544020215 445.845 5.638 47.15023761544919 2382
stats: 302 178 817
stats: 200 665 2948
stats: size_rcv 1569103 7636927
stats: newphase 1 4
stats: size_sent 471980 2114828
stats: connected 31 193
# stats: dump at 1615437923
stats: users 289 289
stats: {freemem,"tsung_controller@ip-172-31-50-170"} 1 603.421875 0.0 664.58203125 603.421875 650.9272836538462 13
stats: {load,"tsung_controller@ip-172-31-50-170"} 1 0.01171875 0.0 0.08984375 0.01171875 0.040865384615384616 13
stats: {cpu,"tsung_controller@ip-172-31-50-170"} 1 2.453680520781172 0.0 10.765024308373585 0.10030090270812438 1.4057512904990719 13
stats: session 81 17776.488320987664 1873.8228870490227 22295.467 11740.7 17471.752048850576 348
stats: users_count 175 718
stats: finish_users_count 81 429
stats: request 1186 46.83347301854974 82.85300741574045 447.115 5.638 37.10007729083666 3765
stats: connect 173 1.307161849710982 1.151820899362959 22.542 0.916 1.365675925925926 540
stats: page 1012 54.90101383399213 87.38449428117377 447.115 5.638 45.912086399474376 3044
stats: 302 272 1089
stats: 200 914 3862
stats: size_rcv 2700918 10337845
stats: newphase 0 4
stats: size_sent 663558 2778386
stats: connected 91 284
# stats: dump at 1615437933
stats: users 302 314
stats: {freemem,"tsung_controller@ip-172-31-50-170"} 1 570.51171875 0.0 664.58203125 570.51171875 647.5340401785714 14
stats: {load,"tsung_controller@ip-172-31-50-170"} 1 0.01171875 0.0 0.08984375 0.01171875 0.038783482142857144 14
stats: {cpu,"tsung_controller@ip-172-31-50-170"} 1 2.80561122244489 0.0 10.765024308373585 0.10030090270812438 1.4806033783763648 14
stats: session 163 17381.38821472393 1755.4336178595397 22295.467 11740.7 17529.289666666667 429
stats: users_count 176 894
stats: finish_users_count 163 592
stats: request 1519 34.63040223831466 71.12079328926454 463.753 5.638 39.43168854776813 4951
stats: 302 319 1408
stats: connect 179 1.155932960893855 0.12265305557576249 22.542 0.916 1.351478260869565 713
stats: 200 1200 5062
stats: size_rcv 2877301 13215146
stats: page 1177 44.72340186915884 78.3550834634979 463.753 5.638 48.15488584812624 4056
stats: newphase 0 4
stats: size_sent 868729 3647115
stats: connected 20 304
# stats: dump at 1615437943
stats: users 331 331
stats: {freemem,"tsung_controller@ip-172-31-50-170"} 1 528.890625 0.0 664.58203125 528.890625 642.39921875 15
stats: {load,"tsung_controller@ip-172-31-50-170"} 1 0.0 0.0 0.08984375 0.0 0.03697916666666667 15
stats: {cpu,"tsung_controller@ip-172-31-50-170"} 1 4.139323573952549 0.0 10.765024308373585 0.10030090270812438 1.5689372346475996 15
stats: session 159 17636.03119496855 1657.0558171518962 22578.722 11740.7 17488.566800675675 592
stats: users_count 188 1082
stats: finish_users_count 159 751
stats: request 1455 31.818660481099656 67.2728900217556 463.753 5.638 38.30446228748068 6470
stats: connect 183 1.2336612021857933 0.5322309628200402 22.542 0.9 1.3122376681614347 892
stats: page 1131 40.724391688771036 73.92979741442436 463.753 5.638 47.383080642079115 5233
stats: 302 309 1717
stats: 200 1146 6208
stats: size_rcv 2706667 15921813
stats: newphase 1 5
stats: size_sent 834735 4481850
stats: connected 25 329
# stats: dump at 1615437953
stats: users 500 500
stats: {freemem,"tsung_controller@ip-172-31-50-170"} 1 526.10546875 0.0 664.58203125 526.10546875 635.304931640625 16
stats: {load,"tsung_controller@ip-172-31-50-170"} 1 0.0 0.0 0.08984375 0.0 0.03466796875 16
stats: {cpu,"tsung_controller@ip-172-31-50-170"} 1 4.527162977867203 0.0 10.765024308373585 0.10030090270812438 1.729586380854159 16
stats: session 165 17945.851593939395 1952.286224134256 22705.797 11740.7 17519.787624500666 751
stats: users_count 334 1416
stats: finish_users_count 165 916
stats: request 2006 50.37312811565304 86.97138940839197 463.753 5.518 37.11369362776025 7925
stats: connect 335 1.2525641791044768 0.9527744598036709 22.542 0.9 1.2988613953488373 1075
stats: page 1693 59.85826875369171 92.47576429367415 474.905 5.518 46.19970898805784 6364
stats: 302 479 2196
stats: 200 1527 7735
stats: size_rcv 4497608 20419421
stats: newphase 0 5
stats: size_sent 1105368 5587218
stats: connected 167 496
# stats: dump at 1615437963
stats: users 574 590
stats: {freemem,"tsung_controller@ip-172-31-50-170"} 1 487.19921875 0.0 664.58203125 487.19921875 628.8814338235294 17
stats: {load,"tsung_controller@ip-172-31-50-170"} 1 0.0 0.0 0.08984375 0.0 0.03262867647058824 17
stats: {cpu,"tsung_controller@ip-172-31-50-170"} 1 6.629554655870446 0.0 10.765024308373585 0.10030090270812438 1.8941497100902203 17
stats: session 241 17357.07856846474 1965.649425638731 22705.797 11510.484 17596.534955240175 916
stats: users_count 315 1731
stats: finish_users_count 241 1157
stats: request 2739 42.504410003650904 80.63231739204285 468.089 5.518 39.79201661464102 9931
stats: connect 317 1.262987381703469 0.7311548575427006 22.542 0.9 1.2878617021276595 1410
stats: page 2192 53.13705656934311 87.52594312358413 474.905 5.518 49.06975263745813 8057
stats: 302 564 2760
stats: 200 2175 9910
stats: size_rcv 5479103 25898524
stats: newphase 0 5
stats: size_sent 1569894 7157112
stats: connected 79 575
# stats: dump at 1615437973
stats: users 741 743
stats: {freemem,"tsung_controller@ip-172-31-50-170"} 1 439.97265625 0.0 664.58203125 439.97265625 621.0101996527778 18
stats: {load,"tsung_controller@ip-172-31-50-170"} 1 0.0 0.0 0.08984375 0.0 0.030815972222222224 18
stats: {cpu,"tsung_controller@ip-172-31-50-170"} 1 7.618080243778567 0.0 10.765024308373585 0.10030090270812438 2.157227762633566 18
stats: session 316 17822.948417721527 2006.0513361035737 23132.981 11510.484 17546.656831460677 1157
stats: users_count 483 2214
stats: finish_users_count 316 1473
stats: request 2985 51.088540703517715 100.23488809210733 761.912 5.518 40.37838168902918 12670
stats: 302 656 3416
stats: connect 483 1.1872339544513464 0.6253966899492487 22.542 0.9 1.283295888824551 1727
stats: 200 2329 12239
stats: size_rcv 5676643 31575167
stats: page 2355 63.967897239915146 110.04756429200333 775.939 5.518 49.93964533125186 10249
stats: newphase 1 6
stats: size_sent 1702080 8859192
stats: connected 166 741
# stats: dump at 1615437983
stats: users 1123 1123
stats: {freemem,"tsung_controller@ip-172-31-50-170"} 1 391.53515625 0.0 664.58203125 391.53515625 611.4819078947369 19
stats: {load,"tsung_controller@ip-172-31-50-170"} 1 0.078125 0.0 0.08984375 0.0 0.02919407894736842 19
stats: {cpu,"tsung_controller@ip-172-31-50-170"} 1 9.584178498985802 0.0 10.765024308373585 0.10030090270812438 2.444641051114882 19
stats: session 238 19615.652571428604 2324.6442292885044 24973.665 11510.484 17605.929160896136 1473
stats: users_count 620 2834
stats: finish_users_count 238 1711
stats: connect 1508 1.087701591511937 0.49107513438393435 22.542 0.703 1.2623013574660633 2210
stats: page 2936 688.0969649182571 604.3542350431059 3959.087 1.078 52.56076031418602 12604
stats: request 3457 589.7304275383281 531.8221100665684 3312.382 1.078 42.42052954327691 15655
stats: 302 823 4239
stats: 200 2633 14872
stats: size_rcv 7741764 39316931
stats: newphase 0 6
stats: size_sent 2020709 10879901
stats: connected 83 824
# stats: dump at 1615437993
stats: users 1510 1511
stats: {freemem,"tsung_controller@ip-172-31-50-170"} 1 323.28125 0.0 664.58203125 323.28125 600.4845703125 20
stats: {load,"tsung_controller@ip-172-31-50-170"} 1 0.0703125 0.0 0.08984375 0.0 0.031640625 20
stats: {cpu,"tsung_controller@ip-172-31-50-170"} 1 13.998970663921769 0.0 13.998970663921769 0.10030090270812438 2.8016179235084278 20
stats: session 246 21815.387097560968 2349.585780926638 28461.447 11510.484 17885.481569842206 1711
stats: users_count 633 3467
stats: finish_users_count 246 1957
stats: request 4136 1043.1564028046423 518.1254702934298 3312.382 0.189 141.41855786940144 19112
stats: 302 858 5097
stats: 200 3211 18083
stats: connect 2871 1.0848962034134455 0.5393003701659204 22.542 0.703 1.191484669176977 3718
stats: size_rcv 8582416 47899347
stats: newphase 0 6
stats: page 3418 1225.9699555295522 671.9097369778518 4193.528 0.189 172.6337523809526 15540
stats: size_sent 2448807 13328708
stats: connected -117 707
stats: error_connection_closed 2 2
# stats: dump at 1615438003
stats: users 1969 1971
stats: {freemem,"tsung_controller@ip-172-31-50-170"} 1 286.6640625 0.0 664.58203125 286.6640625 587.284412202381 21
stats: {load,"tsung_controller@ip-172-31-50-170"} 1 0.19921875 0.0 0.19921875 0.0 0.033482142857142856 21
stats: {cpu,"tsung_controller@ip-172-31-50-170"} 1 19.9288256227758 0.0 19.9288256227758 0.10030090270812438 3.334825196861444 21
stats: session 490 24951.433734693863 2229.911961738916 30966.564 11510.484 18379.48093612673 1957
stats: users_count 949 4416
stats: finish_users_count 490 2447
stats: connect 3769 1.0805094189440205 0.5858646359819392 22.542 0.69 1.1450412809227504 6589
stats: page 4396 1345.6534103730646 885.3635194474292 4533.19 0.189 362.5431912649021 18958
stats: request 5423 1090.100507099389 638.7563425919499 3312.382 0.095 301.8447333103923 23248
stats: 302 957 6054
stats: error_send_einval 2 2
stats: 200 3553 21636
stats: size_rcv 9131609 57030956
stats: newphase 1 7
stats: 502 132 132
stats: size_sent 2921807 16250515
stats: connected 102 809
stats: error_connection_closed 61 63
# stats: dump at 1615438013
stats: users 2601 2601
stats: {freemem,"tsung_controller@ip-172-31-50-170"} 1 224.859375 0.0 664.58203125 224.859375 573.6198508522727 22
stats: {load,"tsung_controller@ip-172-31-50-170"} 1 0.3203125 0.0 0.3203125 0.0 0.041015625 22
stats: {cpu,"tsung_controller@ip-172-31-50-170"} 1 24.066390041493776 0.0 24.066390041493776 0.10030090270812438 4.089097943493915 22
stats: session 634 26071.45600946373 2995.5269080070966 34738.804 11510.484 19695.482926849203 2447
stats: users_count 1266 5682
stats: finish_users_count 634 3081
stats: request 8305 751.225241420829 926.2762718684771 3920.396 0.085 450.9400233685601 28671
stats: connect 5555 1.0560891089108846 0.43123330907651597 22.542 0.683 1.1215598571152747 10358
stats: page 7021 895.786354507904 1114.4216845032336 5536.916 0.085 547.5972515200824 23354
stats: 302 899 6953
stats: error_send_einval 2 4
stats: 200 2754 24390
stats: size_rcv 8889674 65920630
stats: newphase 0 7
stats: 502 3564 3696
stats: size_sent 3997492 20248007
stats: connected 166 975
stats: error_connection_closed 82 145
# stats: dump at 1615438023
stats: users 2857 2871
stats: {freemem,"tsung_controller@ip-172-31-50-170"} 1 153.9375 0.0 664.58203125 153.9375 558.4563519021739 23
stats: {load,"tsung_controller@ip-172-31-50-170"} 1 0.26953125 0.0 0.3203125 0.0 0.053158967391304345 23
stats: {cpu,"tsung_controller@ip-172-31-50-170"} 1 31.036296685954763 0.0 31.036296685954763 0.10030090270812438 4.957675860798257 23
stats: session 918 24104.054844226597 3912.465771772732 34738.804 11510.484 21007.513739694907 3081
stats: users_count 1174 6856
stats: finish_users_count 918 3999
stats: connect 6105 1.0764435708435725 0.6130239856745501 22.542 0.674 1.0987049582102668 15913
stats: page 8349 770.7165995927642 936.9667583067173 5536.916 0.085 628.0790850041152 30375
stats: request 10428 615.462119677788 788.5811029698848 3920.396 0.085 518.3856295975761 36976
stats: 302 1190 8143
stats: error_send_einval 1 5
stats: 200 3375 27765
stats: size_rcv 10355758 76276388
stats: newphase 0 7
stats: 502 5670 9366
stats: size_sent 4967924 25215931
stats: connected 295 1270
stats: error_connection_closed 13 158
# stats: dump at 1615438033
stats: users 2196 2896
stats: {freemem,"tsung_controller@ip-172-31-50-170"} 1 48.20703125 0.0 664.58203125 48.20703125 541.6013997395834 24
stats: {load,"tsung_controller@ip-172-31-50-170"} 1 0.37890625 0.0 0.37890625 0.0 0.062174479166666664 24
stats: {cpu,"tsung_controller@ip-172-31-50-170"} 1 35.47544409613375 0.0 35.47544409613375 0.10030090270812438 6.044285061846445 24
stats: session 1307 23040.158296863086 3514.3314192413277 35339.442 11510.484 21718.347631657918 3999
stats: users_count 646 7502
stats: finish_users_count 1307 5306
stats: connect 5204 1.109110876249037 0.5762986099425829 22.542 0.674 1.0925324734308286 22018
stats: page 7704 764.4050041536846 909.7905450177716 5536.916 0.085 658.8321221206484 38724
stats: request 10191 584.7838800902766 768.7908816762954 3920.396 0.085 539.7406553033487 47404
stats: 302 1366 9509
stats: error_send_einval 0 5
stats: 200 3120 30885
stats: size_rcv 9345974 85622362
stats: newphase 0 7
stats: 502 5706 15072
stats: size_sent 5218665 30434596
stats: connected -92 1178
stats: error_connection_closed 0 158
# stats: dump at 1615438043
stats: users 674 2896
stats: {freemem,"tsung_controller@ip-172-31-50-170"} 1 36.88671875 0.0 664.58203125 36.88671875 521.865625 25
stats: {load,"tsung_controller@ip-172-31-50-170"} 1 0.3203125 0.0 0.37890625 0.0 0.07484375 25
stats: {cpu,"tsung_controller@ip-172-31-50-170"} 1 32.1410057024365 0.0 35.47544409613375 0.10030090270812438 7.221531423217937 25
stats: session 1522 21786.936252956646 3320.2617610194397 35339.442 11510.484 22043.942531662284 5306
stats: users_count 0 7502
stats: finish_users_count 1522 6828
stats: request 7898 220.67166763737646 512.3819362178652 3920.396 0.085 547.7107135341602 57595
stats: connect 1542 1.0578962386510995 0.37768751057037325 22.542 0.674 1.0957017485857017 27222
stats: page 5065 372.982223889439 733.4969639963896 5536.916 0.085 676.3502896743339 46428
stats: 302 2232 11741
stats: error_send_einval 0 5
stats: 200 5383 36268
stats: size_rcv 8946890 94569252
stats: newphase 0 7
stats: 502 282 15354
stats: size_sent 4425834 34860430
stats: connected -442 736
stats: error_connection_closed 0 158
# stats: dump at 1615438053
stats: users 2 2896
stats: {freemem,"tsung_controller@ip-172-31-50-170"} 1 402.53125 0.0 664.58203125 36.88671875 503.2125901442308 26
stats: {load,"tsung_controller@ip-172-31-50-170"} 1 0.421875 0.0 0.421875 0.0 0.08428485576923077 26
stats: {cpu,"tsung_controller@ip-172-31-50-170"} 1 18.303341902313626 0.0 35.47544409613375 0.10030090270812438 8.17997274164942 26
stats: session 672 21197.712687499996 2167.43464665238 35339.442 11510.484 21986.65437170476 6828
stats: users_count 0 7502
stats: finish_users_count 672 7500
stats: request 2021 6.533603661553693 1.939532392051845 3920.396 0.085 508.27208063457095 65493
stats: connect 0 0 0 22.542 0.674 1.0936750451953818 28764
stats: page 1019 13.048889106967604 3.206489462891167 5536.916 0.085 646.5101317266422 51493
stats: 302 802 12543
stats: error_send_einval 0 5
stats: 200 1219 37487
stats: size_rcv 1699408 96268660
stats: newphase 0 7
stats: 502 0 15354
stats: size_sent 1395745 36256175
stats: connected -734 2
stats: error_connection_closed 0 158
# stats: dump at 1615438063
stats: users 0 2896
stats: {freemem,"tsung_controller@ip-172-31-50-170"} 1 693.265625 0.0 693.265625 36.88671875 499.4836516203704 27
stats: {load,"tsung_controller@ip-172-31-50-170"} 1 0.3515625 0.0 0.421875 0.0 0.09678819444444445 27
stats: {cpu,"tsung_controller@ip-172-31-50-170"} 1 2.8282828282828283 0.0 35.47544409613375 0.10030090270812438 8.554912340192539 27
stats: session 2 27297.604 97.13700000000154 35339.442 11510.484 21915.965196800014 7500
stats: users_count 0 7502
stats: finish_users_count 2 7502
stats: request 4 7.659000000000001 0.08256209784156363 3920.396 0.085 493.25277409129893 67514
stats: connect 0 0 0 22.542 0.674 1.0936750451953818 28764
stats: page 2 15.421 0.09800000000000031 5536.916 0.085 634.2177603404933 52512
stats: 302 2 12545
stats: error_send_einval 0 5
stats: 200 2 37489
stats: size_rcv 2876 96271536
stats: newphase 0 7
stats: 502 0 15354
stats: size_sent 2708 36258883
stats: connected -2 0
stats: error_connection_closed 0 158
# stats: dump at 1615438073
stats: users 0 2896
stats: {freemem,"tsung_controller@ip-172-31-50-170"} 1 696.37109375 0.0 696.37109375 36.88671875 506.40443638392856 28
stats: {load,"tsung_controller@ip-172-31-50-170"} 1 0.30078125 0.0 0.421875 0.0 0.10588727678571429 28
stats: {cpu,"tsung_controller@ip-172-31-50-170"} 1 0.0 0.0 35.47544409613375 0.0 8.350389857624334 28
stats: session 0 0 0 35339.442 11510.484 21917.39991788858 7502
stats: users_count 0 7502
stats: finish_users_count 0 7502
stats: request 0 0 0 3920.396 0.085 493.2240058354802 67518
stats: connect 0 0 0 22.542 0.674 1.0936750451953818 28764
stats: page 0 0 0 5536.916 0.085 634.194193415089 52514
stats: 302 0 12545
stats: error_send_einval 0 5
stats: 200 0 37489
stats: size_rcv 0 96271536
stats: newphase 0 7
stats: 502 0 15354
stats: size_sent 0 36258883
stats: connected 0 0
stats: error_connection_closed 0 158
# stats: dump at 1615438083
stats: users 0 2896
stats: {freemem,"tsung_controller@ip-172-31-50-170"} 1 697.15625 0.0 697.15625 36.88671875 512.9550107758621 29
stats: {load,"tsung_controller@ip-172-31-50-170"} 1 0.25 0.0 0.421875 0.0 0.11260775862068965 29
stats: {cpu,"tsung_controller@ip-172-31-50-170"} 1 0.09995002498750624 0.0 35.47544409613375 0.0 8.06244537977522 29
stats: session 0 0 0 35339.442 11510.484 21917.39991788858 7502
stats: users_count 0 7502
stats: finish_users_count 0 7502
stats: request 0 0 0 3920.396 0.085 493.2240058354802 67518
stats: connect 0 0 0 22.542 0.674 1.0936750451953818 28764
stats: page 0 0 0 5536.916 0.085 634.194193415089 52514
stats: 302 0 12545
stats: error_send_einval 0 5
stats: 200 0 37489
stats: size_rcv 0 96271536
stats: newphase 0 7
stats: 502 0 15354
stats: size_sent 0 36258883
stats: connected 0 0
stats: error_connection_closed 0 158
# stats: dump at 1615438088
stats: users 0 2896
stats: {freemem,"tsung_controller@ip-172-31-50-170"} 1 696.4765625 0.0 697.15625 36.88671875 519.0950520833334 30
stats: {load,"tsung_controller@ip-172-31-50-170"} 1 0.2109375 0.0 0.421875 0.0 0.1171875 30
stats: {cpu,"tsung_controller@ip-172-31-50-170"} 1 0.1002004008016032 0.0 35.47544409613375 0.0 7.7970288679489625 30
stats: session 0 0 0 35339.442 11510.484 21917.39991788858 7502
stats: users_count 0 7502
stats: finish_users_count 0 7502
stats: connect 0 0 0 22.542 0.674 1.0936750451953818 28764
stats: page 0 0 0 5536.916 0.085 634.194193415089 52514
stats: request 0 0 0 3920.396 0.085 493.2240058354802 67518
stats: 302 0 12545
stats: error_send_einval 0 5
stats: 200 0 37489
stats: size_rcv 0 96271536
stats: newphase 0 7
stats: 502 0 15354
stats: size_sent 0 36258883
stats: connected 0 0
stats: error_connection_closed 0 158
EndMonitor:{1615,438088,564223}
