
=INFO REPORT==== 11-Mar-2021::04:43:03 ===
    ts_config_server:(5:<0.127.0>) Config server started, logdir is "/home/ec2-user/.tsung/log/20210311-0443"
 
=INFO REPORT==== 11-Mar-2021::04:43:03 ===
              ts_mon:(5:<0.110.0>) starting monitor, global 

=INFO REPORT==== 11-Mar-2021::04:43:03 ===
           ts_config:(5:<0.127.0>) Reading config file: tsung_profile.xml

=INFO REPORT==== 11-Mar-2021::04:43:03 ===
           ts_config:(5:<0.127.0>) Session name for id 1 is "profile_test"

=INFO REPORT==== 11-Mar-2021::04:43:03 ===
    ts_config_server:(4:<0.127.0>) SYSINFO:Tsung version: 1.7.0

=INFO REPORT==== 11-Mar-2021::04:43:03 ===
    ts_config_server:(4:<0.127.0>) SYSINFO:Erlang version: Erlang/OTP 22 [erts-10.6] [source] [64-bit] [smp:2:2] [ds:2:2:10] [async-threads:8] [hipe]


=INFO REPORT==== 11-Mar-2021::04:43:03 ===
    ts_config_server:(4:<0.127.0>) SYSINFO:System architecture x86_64-redhat-linux-gnu

=INFO REPORT==== 11-Mar-2021::04:43:03 ===
    ts_config_server:(4:<0.127.0>) SYSINFO:Current path: /usr/lib/tsung/tsung-1.7.0/ebin/tsung.beam

=INFO REPORT==== 11-Mar-2021::04:43:03 ===
              ts_mon:(5:<0.128.0>) Activate clients with text backend

=INFO REPORT==== 11-Mar-2021::04:43:03 ===
              ts_mon:(5:<0.128.0>) Starting tsung clients on hosts: [localhost]

=INFO REPORT==== 11-Mar-2021::04:43:03 ===
    ts_config_server:(5:<0.127.0>) Start a launcher on the controller beam localhost

=INFO REPORT==== 11-Mar-2021::04:43:03 ===
         ts_launcher:(5:<0.183.0>) Launch msg receive ("localhost")

=INFO REPORT==== 11-Mar-2021::04:43:03 ===
  ts_launcher_static:(5:<0.182.0>) Launch msg receive ("localhost")

=INFO REPORT==== 11-Mar-2021::04:43:03 ===
    ts_config_server:(5:<0.127.0>) New arrival phase 1 for client "localhost" (last ? true): will start 30 users

=INFO REPORT==== 11-Mar-2021::04:43:03 ===
    ts_config_server:(5:<0.127.0>) New arrival phase 2 for client "localhost" (last ? true): will start 60 users

=INFO REPORT==== 11-Mar-2021::04:43:03 ===
    ts_config_server:(5:<0.127.0>) New arrival phase 3 for client "localhost" (last ? true): will start 120 users

=INFO REPORT==== 11-Mar-2021::04:43:03 ===
    ts_config_server:(5:<0.127.0>) New arrival phase 4 for client "localhost" (last ? true): will start 240 users

=INFO REPORT==== 11-Mar-2021::04:43:03 ===
    ts_config_server:(5:<0.127.0>) New arrival phase 5 for client "localhost" (last ? true): will start 480 users

=INFO REPORT==== 11-Mar-2021::04:43:03 ===
    ts_config_server:(5:<0.127.0>) New arrival phase 6 for client "localhost" (last ? true): will start 960 users

=INFO REPORT==== 11-Mar-2021::04:43:03 ===
    ts_config_server:(5:<0.127.0>) New arrival phase 7 for client "localhost" (last ? true): will start 1920 users

=INFO REPORT==== 11-Mar-2021::04:43:03 ===
    ts_config_server:(5:<0.127.0>) New arrival phase 8 for client "localhost" (last ? true): will start 3840 users

=INFO REPORT==== 11-Mar-2021::04:43:03 ===
         ts_launcher:(5:<0.183.0>) Expected duration of first phase: 30.0 sec (30 users) 

=INFO REPORT==== 11-Mar-2021::04:43:03 ===
         ts_launcher:(5:<0.183.0>) Activate launcher (30 users) in 4281 msec 

=INFO REPORT==== 11-Mar-2021::04:43:37 ===
         ts_launcher:(5:<0.183.0>) Phase duration exceeded, but not all users were launched (3 users, 10.0% of phase)

=INFO REPORT==== 11-Mar-2021::04:43:37 ===
         ts_launcher:(5:<0.183.0>) Start a new arrival phase (60 users, 0.002); expected duration=30.0 sec

=INFO REPORT==== 11-Mar-2021::04:44:02 ===
         ts_launcher:(4:<0.183.0>) Need to wait 4.983 sec before changing phase, going to sleep

=INFO REPORT==== 11-Mar-2021::04:44:07 ===
         ts_launcher:(5:<0.183.0>) Waking up

=INFO REPORT==== 11-Mar-2021::04:44:07 ===
         ts_launcher:(5:<0.183.0>) Start a new arrival phase (120 users, 0.004); expected duration=30.0 sec

=INFO REPORT==== 11-Mar-2021::04:44:37 ===
         ts_launcher:(5:<0.183.0>) Phase duration exceeded, but not all users were launched (3 users, 2.5% of phase)

=INFO REPORT==== 11-Mar-2021::04:44:37 ===
         ts_launcher:(5:<0.183.0>) Start a new arrival phase (240 users, 0.008); expected duration=30.0 sec

=INFO REPORT==== 11-Mar-2021::04:45:06 ===
         ts_launcher:(4:<0.183.0>) Need to wait 0.979 sec before changing phase, going to sleep

=INFO REPORT==== 11-Mar-2021::04:45:07 ===
         ts_launcher:(5:<0.183.0>) Waking up

=INFO REPORT==== 11-Mar-2021::04:45:07 ===
         ts_launcher:(5:<0.183.0>) Start a new arrival phase (480 users, 0.016); expected duration=30.0 sec

=INFO REPORT==== 11-Mar-2021::04:45:35 ===
         ts_launcher:(4:<0.183.0>) Need to wait 2.75 sec before changing phase, going to sleep

=INFO REPORT==== 11-Mar-2021::04:45:37 ===
         ts_launcher:(5:<0.183.0>) Waking up

=INFO REPORT==== 11-Mar-2021::04:45:37 ===
         ts_launcher:(5:<0.183.0>) Start a new arrival phase (960 users, 0.032); expected duration=30.0 sec

=INFO REPORT==== 11-Mar-2021::04:46:08 ===
         ts_launcher:(5:<0.183.0>) Phase duration exceeded, but not all users were launched (20 users, 2.1% of phase)

=INFO REPORT==== 11-Mar-2021::04:46:08 ===
         ts_launcher:(5:<0.183.0>) Start a new arrival phase (1920 users, 0.064); expected duration=30.0 sec

=INFO REPORT==== 11-Mar-2021::04:46:32 ===
           ts_client:(5:<0.2184.0>) connection close while sending message!

=INFO REPORT==== 11-Mar-2021::04:46:32 ===
           ts_client:(5:<0.2184.0>) Server must have closed connection upon us, waiting 10 msec

=INFO REPORT==== 11-Mar-2021::04:46:32 ===
           ts_client:(5:<0.2115.0>) connection close while sending message!

=INFO REPORT==== 11-Mar-2021::04:46:32 ===
           ts_client:(5:<0.2115.0>) Server must have closed connection upon us, waiting 10 msec

=INFO REPORT==== 11-Mar-2021::04:46:35 ===
           ts_client:(5:<0.3468.0>) connection close while sending message!

=INFO REPORT==== 11-Mar-2021::04:46:35 ===
           ts_client:(5:<0.3468.0>) Server must have closed connection upon us, waiting 10 msec

=INFO REPORT==== 11-Mar-2021::04:46:35 ===
           ts_client:(5:<0.2307.0>) connection close while sending message!

=INFO REPORT==== 11-Mar-2021::04:46:35 ===
           ts_client:(5:<0.2307.0>) Server must have closed connection upon us, waiting 10 msec

=INFO REPORT==== 11-Mar-2021::04:46:35 ===
           ts_client:(5:<0.2399.0>) connection close while sending message!

=INFO REPORT==== 11-Mar-2021::04:46:35 ===
           ts_client:(5:<0.2531.0>) connection close while sending message!

=INFO REPORT==== 11-Mar-2021::04:46:35 ===
           ts_client:(5:<0.2399.0>) Server must have closed connection upon us, waiting 10 msec

=INFO REPORT==== 11-Mar-2021::04:46:35 ===
           ts_client:(5:<0.2531.0>) Server must have closed connection upon us, waiting 10 msec

=INFO REPORT==== 11-Mar-2021::04:46:35 ===
           ts_client:(5:<0.2377.0>) connection close while sending message!

=INFO REPORT==== 11-Mar-2021::04:46:35 ===
           ts_client:(5:<0.2377.0>) Server must have closed connection upon us, waiting 10 msec

=INFO REPORT==== 11-Mar-2021::04:46:35 ===
           ts_client:(5:<0.3418.0>) connection close while sending message!

=INFO REPORT==== 11-Mar-2021::04:46:35 ===
           ts_client:(5:<0.3418.0>) Server must have closed connection upon us, waiting 10 msec

=INFO REPORT==== 11-Mar-2021::04:46:37 ===
           ts_client:(5:<0.3540.0>) connection close while sending message!

=INFO REPORT==== 11-Mar-2021::04:46:37 ===
           ts_client:(5:<0.3540.0>) Server must have closed connection upon us, waiting 10 msec

=INFO REPORT==== 11-Mar-2021::04:46:37 ===
           ts_client:(5:<0.2613.0>) connection close while sending message!

=INFO REPORT==== 11-Mar-2021::04:46:37 ===
           ts_client:(5:<0.2613.0>) Server must have closed connection upon us, waiting 10 msec

=INFO REPORT==== 11-Mar-2021::04:46:37 ===
           ts_client:(5:<0.2646.0>) connection close while sending message!

=INFO REPORT==== 11-Mar-2021::04:46:37 ===
           ts_client:(5:<0.2646.0>) Server must have closed connection upon us, waiting 10 msec

=INFO REPORT==== 11-Mar-2021::04:46:37 ===
           ts_client:(5:<0.3596.0>) connection close while sending message!

=INFO REPORT==== 11-Mar-2021::04:46:37 ===
           ts_client:(5:<0.3596.0>) Server must have closed connection upon us, waiting 10 msec

=INFO REPORT==== 11-Mar-2021::04:46:37 ===
           ts_client:(5:<0.2381.0>) connection close while sending message!

=INFO REPORT==== 11-Mar-2021::04:46:37 ===
           ts_client:(5:<0.2381.0>) Server must have closed connection upon us, waiting 10 msec

=INFO REPORT==== 11-Mar-2021::04:46:37 ===
           ts_client:(5:<0.3491.0>) connection close while sending message!

=INFO REPORT==== 11-Mar-2021::04:46:37 ===
           ts_client:(5:<0.3491.0>) Server must have closed connection upon us, waiting 10 msec

=INFO REPORT==== 11-Mar-2021::04:46:37 ===
           ts_client:(5:<0.2749.0>) connection close while sending message!

=INFO REPORT==== 11-Mar-2021::04:46:37 ===
           ts_client:(5:<0.2749.0>) Server must have closed connection upon us, waiting 10 msec

=INFO REPORT==== 11-Mar-2021::04:46:37 ===
           ts_client:(5:<0.3478.0>) connection close while sending message!

=INFO REPORT==== 11-Mar-2021::04:46:37 ===
           ts_client:(5:<0.3478.0>) Server must have closed connection upon us, waiting 10 msec

=INFO REPORT==== 11-Mar-2021::04:46:37 ===
           ts_client:(5:<0.3593.0>) connection close while sending message!

=INFO REPORT==== 11-Mar-2021::04:46:37 ===
           ts_client:(5:<0.3593.0>) Server must have closed connection upon us, waiting 10 msec

=INFO REPORT==== 11-Mar-2021::04:46:37 ===
           ts_client:(5:<0.2700.0>) connection close while sending message!

=INFO REPORT==== 11-Mar-2021::04:46:37 ===
           ts_client:(5:<0.2700.0>) Server must have closed connection upon us, waiting 10 msec

=INFO REPORT==== 11-Mar-2021::04:46:37 ===
           ts_client:(5:<0.2739.0>) connection close while sending message!

=INFO REPORT==== 11-Mar-2021::04:46:37 ===
           ts_client:(5:<0.2739.0>) Server must have closed connection upon us, waiting 10 msec

=INFO REPORT==== 11-Mar-2021::04:46:38 ===
         ts_launcher:(5:<0.183.0>) Phase duration exceeded, but not all users were launched (18 users, 0.9% of phase)

=INFO REPORT==== 11-Mar-2021::04:46:38 ===
         ts_launcher:(5:<0.183.0>) Start a new arrival phase (3840 users, 0.128); expected duration=30.0 sec

=INFO REPORT==== 11-Mar-2021::04:46:38 ===
           ts_client:(5:<0.3520.0>) connection close while sending message!

=INFO REPORT==== 11-Mar-2021::04:46:38 ===
           ts_client:(5:<0.3520.0>) Server must have closed connection upon us, waiting 10 msec

=INFO REPORT==== 11-Mar-2021::04:46:38 ===
           ts_client:(5:<0.2393.0>) connection close while sending message!

=INFO REPORT==== 11-Mar-2021::04:46:38 ===
           ts_client:(5:<0.2393.0>) Server must have closed connection upon us, waiting 10 msec

=INFO REPORT==== 11-Mar-2021::04:46:38 ===
           ts_client:(5:<0.2394.0>) connection close while sending message!

=INFO REPORT==== 11-Mar-2021::04:46:38 ===
           ts_client:(5:<0.2394.0>) Server must have closed connection upon us, waiting 10 msec

=INFO REPORT==== 11-Mar-2021::04:46:38 ===
           ts_client:(5:<0.3547.0>) connection close while sending message!

=INFO REPORT==== 11-Mar-2021::04:46:38 ===
           ts_client:(5:<0.3547.0>) Server must have closed connection upon us, waiting 10 msec

=INFO REPORT==== 11-Mar-2021::04:46:38 ===
           ts_client:(5:<0.2585.0>) connection close while sending message!

=INFO REPORT==== 11-Mar-2021::04:46:38 ===
           ts_client:(5:<0.2585.0>) Server must have closed connection upon us, waiting 10 msec

=INFO REPORT==== 11-Mar-2021::04:46:38 ===
           ts_client:(5:<0.3634.0>) connection close while sending message!

=INFO REPORT==== 11-Mar-2021::04:46:38 ===
           ts_client:(5:<0.3634.0>) Server must have closed connection upon us, waiting 10 msec

=INFO REPORT==== 11-Mar-2021::04:46:38 ===
           ts_client:(5:<0.2744.0>) connection close while sending message!

=INFO REPORT==== 11-Mar-2021::04:46:38 ===
           ts_client:(5:<0.2744.0>) Server must have closed connection upon us, waiting 10 msec

=INFO REPORT==== 11-Mar-2021::04:46:38 ===
           ts_client:(5:<0.2767.0>) connection close while sending message!

=INFO REPORT==== 11-Mar-2021::04:46:38 ===
           ts_client:(5:<0.2767.0>) Server must have closed connection upon us, waiting 10 msec

=INFO REPORT==== 11-Mar-2021::04:46:38 ===
           ts_client:(5:<0.3713.0>) connection close while sending message!

=INFO REPORT==== 11-Mar-2021::04:46:38 ===
           ts_client:(5:<0.3713.0>) Server must have closed connection upon us, waiting 10 msec

=INFO REPORT==== 11-Mar-2021::04:46:38 ===
           ts_client:(5:<0.3514.0>) connection close while sending message!

=INFO REPORT==== 11-Mar-2021::04:46:38 ===
           ts_client:(5:<0.3514.0>) Server must have closed connection upon us, waiting 10 msec

=INFO REPORT==== 11-Mar-2021::04:46:39 ===
           ts_client:(5:<0.2978.0>) connection close while sending message!

=INFO REPORT==== 11-Mar-2021::04:46:39 ===
           ts_client:(5:<0.2978.0>) Server must have closed connection upon us, waiting 10 msec

=INFO REPORT==== 11-Mar-2021::04:46:39 ===
           ts_client:(5:<0.3616.0>) connection close while sending message!

=INFO REPORT==== 11-Mar-2021::04:46:39 ===
           ts_client:(5:<0.3616.0>) Server must have closed connection upon us, waiting 10 msec

=INFO REPORT==== 11-Mar-2021::04:46:39 ===
           ts_client:(5:<0.3505.0>) connection close while sending message!

=INFO REPORT==== 11-Mar-2021::04:46:39 ===
           ts_client:(5:<0.2215.0>) connection close while sending message!

=INFO REPORT==== 11-Mar-2021::04:46:39 ===
           ts_client:(5:<0.3505.0>) Server must have closed connection upon us, waiting 10 msec

=INFO REPORT==== 11-Mar-2021::04:46:39 ===
           ts_client:(5:<0.2215.0>) Server must have closed connection upon us, waiting 10 msec

=INFO REPORT==== 11-Mar-2021::04:46:39 ===
           ts_client:(5:<0.3573.0>) connection close while sending message!

=INFO REPORT==== 11-Mar-2021::04:46:39 ===
           ts_client:(5:<0.3573.0>) Server must have closed connection upon us, waiting 10 msec

=INFO REPORT==== 11-Mar-2021::04:46:39 ===
           ts_client:(5:<0.3567.0>) connection close while sending message!

=INFO REPORT==== 11-Mar-2021::04:46:39 ===
           ts_client:(5:<0.2510.0>) connection close while sending message!

=INFO REPORT==== 11-Mar-2021::04:46:39 ===
           ts_client:(5:<0.3567.0>) Server must have closed connection upon us, waiting 10 msec

=INFO REPORT==== 11-Mar-2021::04:46:39 ===
           ts_client:(5:<0.2510.0>) Server must have closed connection upon us, waiting 10 msec

=INFO REPORT==== 11-Mar-2021::04:46:39 ===
           ts_client:(5:<0.3773.0>) connection close while sending message!

=INFO REPORT==== 11-Mar-2021::04:46:39 ===
           ts_client:(5:<0.3773.0>) Server must have closed connection upon us, waiting 10 msec

=INFO REPORT==== 11-Mar-2021::04:46:39 ===
           ts_client:(5:<0.2733.0>) connection close while sending message!

=INFO REPORT==== 11-Mar-2021::04:46:39 ===
           ts_client:(5:<0.2733.0>) Server must have closed connection upon us, waiting 10 msec

=INFO REPORT==== 11-Mar-2021::04:46:39 ===
           ts_client:(5:<0.3553.0>) connection close while sending message!

=INFO REPORT==== 11-Mar-2021::04:46:39 ===
           ts_client:(5:<0.3553.0>) Server must have closed connection upon us, waiting 10 msec

=INFO REPORT==== 11-Mar-2021::04:46:39 ===
           ts_client:(5:<0.2704.0>) connection close while sending message!

=INFO REPORT==== 11-Mar-2021::04:46:39 ===
           ts_client:(5:<0.2704.0>) Server must have closed connection upon us, waiting 10 msec

=INFO REPORT==== 11-Mar-2021::04:46:39 ===
           ts_client:(5:<0.2621.0>) connection close while sending message!

=INFO REPORT==== 11-Mar-2021::04:46:39 ===
           ts_client:(5:<0.2621.0>) Server must have closed connection upon us, waiting 10 msec

=INFO REPORT==== 11-Mar-2021::04:46:39 ===
           ts_client:(5:<0.3053.0>) connection close while sending message!

=INFO REPORT==== 11-Mar-2021::04:46:39 ===
           ts_client:(5:<0.3053.0>) Server must have closed connection upon us, waiting 10 msec

=INFO REPORT==== 11-Mar-2021::04:46:39 ===
           ts_client:(5:<0.3677.0>) connection close while sending message!

=INFO REPORT==== 11-Mar-2021::04:46:39 ===
           ts_client:(5:<0.3677.0>) Server must have closed connection upon us, waiting 10 msec

=INFO REPORT==== 11-Mar-2021::04:46:39 ===
           ts_client:(5:<0.2629.0>) connection close while sending message!

=INFO REPORT==== 11-Mar-2021::04:46:39 ===
           ts_client:(5:<0.2629.0>) Server must have closed connection upon us, waiting 10 msec

=INFO REPORT==== 11-Mar-2021::04:46:39 ===
           ts_client:(5:<0.2791.0>) connection close while sending message!

=INFO REPORT==== 11-Mar-2021::04:46:39 ===
           ts_client:(5:<0.2791.0>) Server must have closed connection upon us, waiting 10 msec

=INFO REPORT==== 11-Mar-2021::04:46:39 ===
           ts_client:(5:<0.2819.0>) connection close while sending message!

=INFO REPORT==== 11-Mar-2021::04:46:39 ===
           ts_client:(5:<0.2819.0>) Server must have closed connection upon us, waiting 10 msec

=INFO REPORT==== 11-Mar-2021::04:46:39 ===
           ts_client:(5:<0.2986.0>) connection close while sending message!

=INFO REPORT==== 11-Mar-2021::04:46:39 ===
           ts_client:(5:<0.2986.0>) Server must have closed connection upon us, waiting 10 msec

=INFO REPORT==== 11-Mar-2021::04:46:39 ===
           ts_client:(5:<0.2847.0>) connection close while sending message!

=INFO REPORT==== 11-Mar-2021::04:46:39 ===
           ts_client:(5:<0.2847.0>) Server must have closed connection upon us, waiting 10 msec

=INFO REPORT==== 11-Mar-2021::04:46:39 ===
           ts_client:(5:<0.2896.0>) connection close while sending message!

=INFO REPORT==== 11-Mar-2021::04:46:39 ===
           ts_client:(5:<0.2896.0>) Server must have closed connection upon us, waiting 10 msec

=INFO REPORT==== 11-Mar-2021::04:46:41 ===
           ts_client:(5:<0.2723.0>) connection close while sending message!

=INFO REPORT==== 11-Mar-2021::04:46:41 ===
           ts_client:(5:<0.2723.0>) Server must have closed connection upon us, waiting 10 msec

=INFO REPORT==== 11-Mar-2021::04:46:41 ===
           ts_client:(5:<0.3816.0>) connection close while sending message!

=INFO REPORT==== 11-Mar-2021::04:46:41 ===
           ts_client:(5:<0.3816.0>) Server must have closed connection upon us, waiting 10 msec

=INFO REPORT==== 11-Mar-2021::04:46:41 ===
           ts_client:(5:<0.3776.0>) connection close while sending message!

=INFO REPORT==== 11-Mar-2021::04:46:41 ===
           ts_client:(5:<0.3776.0>) Server must have closed connection upon us, waiting 10 msec

=INFO REPORT==== 11-Mar-2021::04:46:41 ===
           ts_client:(5:<0.2351.0>) connection close while sending message!

=INFO REPORT==== 11-Mar-2021::04:46:41 ===
           ts_client:(5:<0.2351.0>) Server must have closed connection upon us, waiting 10 msec

=INFO REPORT==== 11-Mar-2021::04:46:41 ===
           ts_client:(5:<0.3814.0>) connection close while sending message!

=INFO REPORT==== 11-Mar-2021::04:46:41 ===
           ts_client:(5:<0.3814.0>) Server must have closed connection upon us, waiting 10 msec

=INFO REPORT==== 11-Mar-2021::04:46:42 ===
           ts_client:(5:<0.3872.0>) connection close while sending message!

=INFO REPORT==== 11-Mar-2021::04:46:42 ===
           ts_client:(5:<0.3872.0>) Server must have closed connection upon us, waiting 10 msec

=INFO REPORT==== 11-Mar-2021::04:46:42 ===
           ts_client:(5:<0.3763.0>) connection close while sending message!

=INFO REPORT==== 11-Mar-2021::04:46:42 ===
           ts_client:(5:<0.3763.0>) Server must have closed connection upon us, waiting 10 msec

=INFO REPORT==== 11-Mar-2021::04:46:42 ===
           ts_client:(5:<0.2778.0>) connection close while sending message!

=INFO REPORT==== 11-Mar-2021::04:46:42 ===
           ts_client:(5:<0.2778.0>) Server must have closed connection upon us, waiting 10 msec

=INFO REPORT==== 11-Mar-2021::04:46:42 ===
           ts_client:(5:<0.3889.0>) connection close while sending message!

=INFO REPORT==== 11-Mar-2021::04:46:42 ===
           ts_client:(5:<0.3889.0>) Server must have closed connection upon us, waiting 10 msec

=INFO REPORT==== 11-Mar-2021::04:46:42 ===
           ts_client:(5:<0.2569.0>) connection close while sending message!

=INFO REPORT==== 11-Mar-2021::04:46:42 ===
           ts_client:(5:<0.2569.0>) Server must have closed connection upon us, waiting 10 msec

=INFO REPORT==== 11-Mar-2021::04:46:42 ===
           ts_client:(5:<0.3017.0>) connection close while sending message!

=INFO REPORT==== 11-Mar-2021::04:46:42 ===
           ts_client:(5:<0.3017.0>) Server must have closed connection upon us, waiting 10 msec

=INFO REPORT==== 11-Mar-2021::04:46:42 ===
           ts_client:(5:<0.3123.0>) connection close while sending message!

=INFO REPORT==== 11-Mar-2021::04:46:42 ===
           ts_client:(5:<0.3123.0>) Server must have closed connection upon us, waiting 10 msec

=INFO REPORT==== 11-Mar-2021::04:46:42 ===
           ts_client:(5:<0.3803.0>) connection close while sending message!

=INFO REPORT==== 11-Mar-2021::04:46:42 ===
           ts_client:(5:<0.3803.0>) Server must have closed connection upon us, waiting 10 msec

=INFO REPORT==== 11-Mar-2021::04:46:42 ===
           ts_client:(5:<0.3819.0>) connection close while sending message!

=INFO REPORT==== 11-Mar-2021::04:46:42 ===
           ts_client:(5:<0.3819.0>) Server must have closed connection upon us, waiting 10 msec

=INFO REPORT==== 11-Mar-2021::04:46:44 ===
           ts_client:(5:<0.4170.0>) connection close while sending message!

=INFO REPORT==== 11-Mar-2021::04:46:44 ===
           ts_client:(5:<0.4170.0>) Server must have closed connection upon us, waiting 10 msec

=INFO REPORT==== 11-Mar-2021::04:46:44 ===
           ts_client:(5:<0.4293.0>) connection close while sending message!

=INFO REPORT==== 11-Mar-2021::04:46:44 ===
           ts_client:(5:<0.4293.0>) Server must have closed connection upon us, waiting 10 msec

=INFO REPORT==== 11-Mar-2021::04:46:44 ===
           ts_client:(5:<0.3973.0>) connection close while sending message!

=INFO REPORT==== 11-Mar-2021::04:46:44 ===
           ts_client:(5:<0.3973.0>) Server must have closed connection upon us, waiting 10 msec

=INFO REPORT==== 11-Mar-2021::04:46:44 ===
           ts_client:(5:<0.4016.0>) connection close while sending message!

=INFO REPORT==== 11-Mar-2021::04:46:44 ===
           ts_client:(5:<0.4016.0>) Server must have closed connection upon us, waiting 10 msec

=INFO REPORT==== 11-Mar-2021::04:46:44 ===
           ts_client:(5:<0.4025.0>) connection close while sending message!

=INFO REPORT==== 11-Mar-2021::04:46:44 ===
           ts_client:(5:<0.4025.0>) Server must have closed connection upon us, waiting 10 msec

=INFO REPORT==== 11-Mar-2021::04:46:44 ===
           ts_client:(5:<0.3228.0>) connection close while sending message!

=INFO REPORT==== 11-Mar-2021::04:46:44 ===
           ts_client:(5:<0.3228.0>) Server must have closed connection upon us, waiting 10 msec

=INFO REPORT==== 11-Mar-2021::04:46:44 ===
           ts_client:(5:<0.3122.0>) connection close while sending message!

=INFO REPORT==== 11-Mar-2021::04:46:44 ===
           ts_client:(5:<0.3122.0>) Server must have closed connection upon us, waiting 10 msec

=INFO REPORT==== 11-Mar-2021::04:46:44 ===
           ts_client:(5:<0.3269.0>) connection close while sending message!

=INFO REPORT==== 11-Mar-2021::04:46:44 ===
           ts_client:(5:<0.3269.0>) Server must have closed connection upon us, waiting 10 msec

=INFO REPORT==== 11-Mar-2021::04:46:44 ===
           ts_client:(5:<0.2944.0>) connection close while sending message!

=INFO REPORT==== 11-Mar-2021::04:46:44 ===
           ts_client:(5:<0.2944.0>) Server must have closed connection upon us, waiting 10 msec

=INFO REPORT==== 11-Mar-2021::04:46:45 ===
           ts_client:(5:<0.2882.0>) connection close while sending message!

=INFO REPORT==== 11-Mar-2021::04:46:45 ===
           ts_client:(5:<0.2882.0>) Server must have closed connection upon us, waiting 10 msec

=INFO REPORT==== 11-Mar-2021::04:46:45 ===
           ts_client:(5:<0.2891.0>) connection close while sending message!

=INFO REPORT==== 11-Mar-2021::04:46:45 ===
           ts_client:(5:<0.2891.0>) Server must have closed connection upon us, waiting 10 msec

=INFO REPORT==== 11-Mar-2021::04:46:45 ===
           ts_client:(5:<0.4099.0>) connection close while sending message!

=INFO REPORT==== 11-Mar-2021::04:46:45 ===
           ts_client:(5:<0.4099.0>) Server must have closed connection upon us, waiting 10 msec

=INFO REPORT==== 11-Mar-2021::04:46:45 ===
           ts_client:(5:<0.3085.0>) connection close while sending message!

=INFO REPORT==== 11-Mar-2021::04:46:45 ===
           ts_client:(5:<0.3085.0>) Server must have closed connection upon us, waiting 10 msec

=INFO REPORT==== 11-Mar-2021::04:46:45 ===
           ts_client:(5:<0.4051.0>) connection close while sending message!

=INFO REPORT==== 11-Mar-2021::04:46:45 ===
           ts_client:(5:<0.4051.0>) Server must have closed connection upon us, waiting 10 msec

=INFO REPORT==== 11-Mar-2021::04:46:45 ===
           ts_client:(5:<0.4120.0>) connection close while sending message!

=INFO REPORT==== 11-Mar-2021::04:46:45 ===
           ts_client:(5:<0.4120.0>) Server must have closed connection upon us, waiting 10 msec

=INFO REPORT==== 11-Mar-2021::04:46:45 ===
           ts_client:(5:<0.4050.0>) connection close while sending message!

=INFO REPORT==== 11-Mar-2021::04:46:45 ===
           ts_client:(5:<0.4050.0>) Server must have closed connection upon us, waiting 10 msec

=INFO REPORT==== 11-Mar-2021::04:46:45 ===
           ts_client:(5:<0.4380.0>) connection close while sending message!

=INFO REPORT==== 11-Mar-2021::04:46:45 ===
           ts_client:(5:<0.4380.0>) Server must have closed connection upon us, waiting 10 msec

=INFO REPORT==== 11-Mar-2021::04:46:45 ===
           ts_client:(5:<0.4111.0>) connection close while sending message!

=INFO REPORT==== 11-Mar-2021::04:46:45 ===
           ts_client:(5:<0.4111.0>) Server must have closed connection upon us, waiting 10 msec

=INFO REPORT==== 11-Mar-2021::04:46:45 ===
           ts_client:(5:<0.3242.0>) connection close while sending message!

=INFO REPORT==== 11-Mar-2021::04:46:45 ===
           ts_client:(5:<0.3242.0>) Server must have closed connection upon us, waiting 10 msec

=INFO REPORT==== 11-Mar-2021::04:46:45 ===
           ts_client:(5:<0.3218.0>) connection close while sending message!

=INFO REPORT==== 11-Mar-2021::04:46:45 ===
           ts_client:(5:<0.3218.0>) Server must have closed connection upon us, waiting 10 msec

=INFO REPORT==== 11-Mar-2021::04:46:45 ===
           ts_client:(5:<0.3959.0>) connection close while sending message!

=INFO REPORT==== 11-Mar-2021::04:46:45 ===
           ts_client:(5:<0.3959.0>) Server must have closed connection upon us, waiting 10 msec

=INFO REPORT==== 11-Mar-2021::04:46:45 ===
           ts_client:(5:<0.4250.0>) connection close while sending message!

=INFO REPORT==== 11-Mar-2021::04:46:45 ===
           ts_client:(5:<0.4250.0>) Server must have closed connection upon us, waiting 10 msec

=INFO REPORT==== 11-Mar-2021::04:46:45 ===
           ts_client:(5:<0.3078.0>) connection close while sending message!

=INFO REPORT==== 11-Mar-2021::04:46:45 ===
           ts_client:(5:<0.3078.0>) Server must have closed connection upon us, waiting 10 msec

=INFO REPORT==== 11-Mar-2021::04:46:45 ===
           ts_client:(5:<0.4408.0>) connection close while sending message!

=INFO REPORT==== 11-Mar-2021::04:46:45 ===
           ts_client:(5:<0.3358.0>) connection close while sending message!

=INFO REPORT==== 11-Mar-2021::04:46:45 ===
           ts_client:(5:<0.4408.0>) Server must have closed connection upon us, waiting 10 msec

=INFO REPORT==== 11-Mar-2021::04:46:45 ===
           ts_client:(5:<0.3358.0>) Server must have closed connection upon us, waiting 10 msec

=INFO REPORT==== 11-Mar-2021::04:46:45 ===
           ts_client:(5:<0.4436.0>) connection close while sending message!

=INFO REPORT==== 11-Mar-2021::04:46:45 ===
           ts_client:(5:<0.2922.0>) connection close while sending message!

=INFO REPORT==== 11-Mar-2021::04:46:45 ===
           ts_client:(5:<0.4436.0>) Server must have closed connection upon us, waiting 10 msec

=INFO REPORT==== 11-Mar-2021::04:46:45 ===
           ts_client:(5:<0.2922.0>) Server must have closed connection upon us, waiting 10 msec

=INFO REPORT==== 11-Mar-2021::04:46:46 ===
           ts_client:(5:<0.4115.0>) connection close while sending message!

=INFO REPORT==== 11-Mar-2021::04:46:46 ===
           ts_client:(5:<0.4115.0>) Server must have closed connection upon us, waiting 10 msec

=INFO REPORT==== 11-Mar-2021::04:46:46 ===
           ts_client:(5:<0.3067.0>) connection close while sending message!

=INFO REPORT==== 11-Mar-2021::04:46:46 ===
           ts_client:(5:<0.3067.0>) Server must have closed connection upon us, waiting 10 msec

=INFO REPORT==== 11-Mar-2021::04:46:46 ===
           ts_client:(5:<0.3460.0>) connection close while sending message!

=INFO REPORT==== 11-Mar-2021::04:46:46 ===
           ts_client:(5:<0.3460.0>) Server must have closed connection upon us, waiting 10 msec

=INFO REPORT==== 11-Mar-2021::04:46:46 ===
           ts_client:(5:<0.3002.0>) connection close while sending message!

=INFO REPORT==== 11-Mar-2021::04:46:46 ===
           ts_client:(5:<0.3002.0>) Server must have closed connection upon us, waiting 10 msec

=INFO REPORT==== 11-Mar-2021::04:46:46 ===
           ts_client:(5:<0.3908.0>) connection close while sending message!

=INFO REPORT==== 11-Mar-2021::04:46:46 ===
           ts_client:(5:<0.3908.0>) Server must have closed connection upon us, waiting 10 msec

=INFO REPORT==== 11-Mar-2021::04:46:46 ===
           ts_client:(5:<0.3050.0>) connection close while sending message!

=INFO REPORT==== 11-Mar-2021::04:46:46 ===
           ts_client:(5:<0.3050.0>) Server must have closed connection upon us, waiting 10 msec

=INFO REPORT==== 11-Mar-2021::04:46:46 ===
           ts_client:(5:<0.4185.0>) connection close while sending message!

=INFO REPORT==== 11-Mar-2021::04:46:46 ===
           ts_client:(5:<0.4185.0>) Server must have closed connection upon us, waiting 10 msec

=INFO REPORT==== 11-Mar-2021::04:46:46 ===
           ts_client:(5:<0.4471.0>) connection close while sending message!

=INFO REPORT==== 11-Mar-2021::04:46:46 ===
           ts_client:(5:<0.4471.0>) Server must have closed connection upon us, waiting 10 msec

=INFO REPORT==== 11-Mar-2021::04:46:46 ===
           ts_client:(5:<0.3953.0>) connection close while sending message!

=INFO REPORT==== 11-Mar-2021::04:46:46 ===
           ts_client:(5:<0.3953.0>) Server must have closed connection upon us, waiting 10 msec

=INFO REPORT==== 11-Mar-2021::04:46:46 ===
           ts_client:(5:<0.3346.0>) connection close while sending message!

=INFO REPORT==== 11-Mar-2021::04:46:46 ===
           ts_client:(5:<0.3346.0>) Server must have closed connection upon us, waiting 10 msec

=INFO REPORT==== 11-Mar-2021::04:46:46 ===
           ts_client:(5:<0.4084.0>) connection close while sending message!

=INFO REPORT==== 11-Mar-2021::04:46:46 ===
           ts_client:(5:<0.4084.0>) Server must have closed connection upon us, waiting 10 msec

=INFO REPORT==== 11-Mar-2021::04:46:47 ===
           ts_client:(5:<0.3288.0>) connection close while sending message!

=INFO REPORT==== 11-Mar-2021::04:46:47 ===
           ts_client:(5:<0.3288.0>) Server must have closed connection upon us, waiting 10 msec

=INFO REPORT==== 11-Mar-2021::04:46:47 ===
           ts_client:(5:<0.4682.0>) connection close while sending message!

=INFO REPORT==== 11-Mar-2021::04:46:47 ===
           ts_client:(5:<0.4376.0>) connection close while sending message!

=INFO REPORT==== 11-Mar-2021::04:46:47 ===
           ts_client:(5:<0.4376.0>) Server must have closed connection upon us, waiting 10 msec

=INFO REPORT==== 11-Mar-2021::04:46:47 ===
           ts_client:(5:<0.4682.0>) Server must have closed connection upon us, waiting 10 msec

=INFO REPORT==== 11-Mar-2021::04:46:47 ===
           ts_client:(5:<0.4703.0>) connection close while sending message!

=INFO REPORT==== 11-Mar-2021::04:46:47 ===
           ts_client:(5:<0.4703.0>) Server must have closed connection upon us, waiting 10 msec

=INFO REPORT==== 11-Mar-2021::04:46:47 ===
           ts_client:(5:<0.4497.0>) connection close while sending message!

=INFO REPORT==== 11-Mar-2021::04:46:47 ===
           ts_client:(5:<0.4497.0>) Server must have closed connection upon us, waiting 10 msec

=INFO REPORT==== 11-Mar-2021::04:46:47 ===
           ts_client:(5:<0.4499.0>) connection close while sending message!

=INFO REPORT==== 11-Mar-2021::04:46:47 ===
           ts_client:(5:<0.4499.0>) Server must have closed connection upon us, waiting 10 msec

=INFO REPORT==== 11-Mar-2021::04:46:47 ===
           ts_client:(5:<0.4420.0>) connection close while sending message!

=INFO REPORT==== 11-Mar-2021::04:46:47 ===
           ts_client:(5:<0.4420.0>) Server must have closed connection upon us, waiting 10 msec

=INFO REPORT==== 11-Mar-2021::04:46:47 ===
           ts_client:(5:<0.3273.0>) connection close while sending message!

=INFO REPORT==== 11-Mar-2021::04:46:47 ===
           ts_client:(5:<0.3273.0>) Server must have closed connection upon us, waiting 10 msec

=INFO REPORT==== 11-Mar-2021::04:46:47 ===
           ts_client:(5:<0.2651.0>) connection close while sending message!

=INFO REPORT==== 11-Mar-2021::04:46:47 ===
           ts_client:(5:<0.2651.0>) Server must have closed connection upon us, waiting 10 msec

=INFO REPORT==== 11-Mar-2021::04:46:47 ===
           ts_client:(5:<0.4395.0>) connection close while sending message!

=INFO REPORT==== 11-Mar-2021::04:46:47 ===
           ts_client:(5:<0.4395.0>) Server must have closed connection upon us, waiting 10 msec

=INFO REPORT==== 11-Mar-2021::04:46:47 ===
           ts_client:(5:<0.4444.0>) connection close while sending message!

=INFO REPORT==== 11-Mar-2021::04:46:47 ===
           ts_client:(5:<0.4444.0>) Server must have closed connection upon us, waiting 10 msec

=INFO REPORT==== 11-Mar-2021::04:46:48 ===
           ts_client:(5:<0.4493.0>) connection close while sending message!

=INFO REPORT==== 11-Mar-2021::04:46:48 ===
           ts_client:(5:<0.4493.0>) Server must have closed connection upon us, waiting 10 msec

=INFO REPORT==== 11-Mar-2021::04:46:48 ===
           ts_client:(5:<0.3164.0>) connection close while sending message!

=INFO REPORT==== 11-Mar-2021::04:46:48 ===
           ts_client:(5:<0.3164.0>) Server must have closed connection upon us, waiting 10 msec

=INFO REPORT==== 11-Mar-2021::04:46:49 ===
           ts_client:(5:<0.4739.0>) connection close while sending message!

=INFO REPORT==== 11-Mar-2021::04:46:49 ===
           ts_client:(5:<0.4739.0>) Server must have closed connection upon us, waiting 10 msec

=INFO REPORT==== 11-Mar-2021::04:46:49 ===
           ts_client:(5:<0.4300.0>) connection close while sending message!

=INFO REPORT==== 11-Mar-2021::04:46:49 ===
           ts_client:(5:<0.4300.0>) Server must have closed connection upon us, waiting 10 msec

=INFO REPORT==== 11-Mar-2021::04:46:49 ===
           ts_client:(5:<0.2982.0>) connection close while sending message!

=INFO REPORT==== 11-Mar-2021::04:46:49 ===
           ts_client:(5:<0.2982.0>) Server must have closed connection upon us, waiting 10 msec

=INFO REPORT==== 11-Mar-2021::04:46:49 ===
           ts_client:(5:<0.3177.0>) connection close while sending message!

=INFO REPORT==== 11-Mar-2021::04:46:49 ===
           ts_client:(5:<0.3177.0>) Server must have closed connection upon us, waiting 10 msec

=INFO REPORT==== 11-Mar-2021::04:46:50 ===
           ts_client:(5:<0.4976.0>) connection close while sending message!

=INFO REPORT==== 11-Mar-2021::04:46:50 ===
           ts_client:(5:<0.4976.0>) Server must have closed connection upon us, waiting 10 msec

=INFO REPORT==== 11-Mar-2021::04:46:50 ===
           ts_client:(5:<0.4566.0>) connection close while sending message!

=INFO REPORT==== 11-Mar-2021::04:46:50 ===
           ts_client:(5:<0.4566.0>) Server must have closed connection upon us, waiting 10 msec

=INFO REPORT==== 11-Mar-2021::04:46:50 ===
           ts_client:(5:<0.3170.0>) connection close while sending message!

=INFO REPORT==== 11-Mar-2021::04:46:50 ===
           ts_client:(5:<0.3170.0>) Server must have closed connection upon us, waiting 10 msec

=INFO REPORT==== 11-Mar-2021::04:46:50 ===
           ts_client:(5:<0.3317.0>) connection close while sending message!

=INFO REPORT==== 11-Mar-2021::04:46:50 ===
           ts_client:(5:<0.3317.0>) Server must have closed connection upon us, waiting 10 msec

=INFO REPORT==== 11-Mar-2021::04:46:50 ===
           ts_client:(5:<0.4911.0>) connection close while sending message!

=INFO REPORT==== 11-Mar-2021::04:46:50 ===
           ts_client:(5:<0.4911.0>) Server must have closed connection upon us, waiting 10 msec

=INFO REPORT==== 11-Mar-2021::04:46:50 ===
           ts_client:(5:<0.3270.0>) connection close while sending message!

=INFO REPORT==== 11-Mar-2021::04:46:50 ===
           ts_client:(5:<0.3270.0>) Server must have closed connection upon us, waiting 10 msec

=INFO REPORT==== 11-Mar-2021::04:46:50 ===
           ts_client:(5:<0.3598.0>) connection close while sending message!

=INFO REPORT==== 11-Mar-2021::04:46:50 ===
           ts_client:(5:<0.3598.0>) Server must have closed connection upon us, waiting 10 msec

=INFO REPORT==== 11-Mar-2021::04:46:51 ===
           ts_client:(5:<0.3584.0>) connection close while sending message!

=INFO REPORT==== 11-Mar-2021::04:46:51 ===
           ts_client:(5:<0.3584.0>) Server must have closed connection upon us, waiting 10 msec

=INFO REPORT==== 11-Mar-2021::04:46:51 ===
           ts_client:(5:<0.4796.0>) connection close while sending message!

=INFO REPORT==== 11-Mar-2021::04:46:51 ===
           ts_client:(5:<0.4796.0>) Server must have closed connection upon us, waiting 10 msec

=INFO REPORT==== 11-Mar-2021::04:46:51 ===
           ts_client:(5:<0.3467.0>) connection close while sending message!

=INFO REPORT==== 11-Mar-2021::04:46:51 ===
           ts_client:(5:<0.3467.0>) Server must have closed connection upon us, waiting 10 msec

=INFO REPORT==== 11-Mar-2021::04:46:51 ===
           ts_client:(5:<0.3264.0>) connection close while sending message!

=INFO REPORT==== 11-Mar-2021::04:46:51 ===
           ts_client:(5:<0.3264.0>) Server must have closed connection upon us, waiting 10 msec

=INFO REPORT==== 11-Mar-2021::04:46:51 ===
           ts_client:(5:<0.3699.0>) connection close while sending message!

=INFO REPORT==== 11-Mar-2021::04:46:51 ===
           ts_client:(5:<0.3699.0>) Server must have closed connection upon us, waiting 10 msec

=INFO REPORT==== 11-Mar-2021::04:46:51 ===
           ts_client:(5:<0.3345.0>) connection close while sending message!

=INFO REPORT==== 11-Mar-2021::04:46:51 ===
           ts_client:(5:<0.3345.0>) Server must have closed connection upon us, waiting 10 msec

=INFO REPORT==== 11-Mar-2021::04:46:51 ===
           ts_client:(5:<0.3663.0>) connection close while sending message!

=INFO REPORT==== 11-Mar-2021::04:46:51 ===
           ts_client:(5:<0.3663.0>) Server must have closed connection upon us, waiting 10 msec

=INFO REPORT==== 11-Mar-2021::04:46:51 ===
           ts_client:(5:<0.5186.0>) connection close while sending message!

=INFO REPORT==== 11-Mar-2021::04:46:51 ===
           ts_client:(5:<0.5186.0>) Server must have closed connection upon us, waiting 10 msec

=INFO REPORT==== 11-Mar-2021::04:46:51 ===
           ts_client:(5:<0.4779.0>) connection close while sending message!

=INFO REPORT==== 11-Mar-2021::04:46:51 ===
           ts_client:(5:<0.4779.0>) Server must have closed connection upon us, waiting 10 msec

=INFO REPORT==== 11-Mar-2021::04:46:52 ===
           ts_client:(5:<0.3678.0>) connection close while sending message!

=INFO REPORT==== 11-Mar-2021::04:46:52 ===
           ts_client:(5:<0.3678.0>) Server must have closed connection upon us, waiting 10 msec

=INFO REPORT==== 11-Mar-2021::04:46:52 ===
           ts_client:(5:<0.4951.0>) connection close while sending message!

=INFO REPORT==== 11-Mar-2021::04:46:52 ===
           ts_client:(5:<0.4951.0>) Server must have closed connection upon us, waiting 10 msec

=INFO REPORT==== 11-Mar-2021::04:46:52 ===
           ts_client:(5:<0.3396.0>) connection close while sending message!

=INFO REPORT==== 11-Mar-2021::04:46:52 ===
           ts_client:(5:<0.3396.0>) Server must have closed connection upon us, waiting 10 msec

=INFO REPORT==== 11-Mar-2021::04:46:52 ===
           ts_client:(5:<0.4123.0>) connection close while sending message!

=INFO REPORT==== 11-Mar-2021::04:46:52 ===
           ts_client:(5:<0.4123.0>) Server must have closed connection upon us, waiting 10 msec

=INFO REPORT==== 11-Mar-2021::04:46:52 ===
           ts_client:(5:<0.3507.0>) connection close while sending message!

=INFO REPORT==== 11-Mar-2021::04:46:52 ===
           ts_client:(5:<0.3507.0>) Server must have closed connection upon us, waiting 10 msec

=INFO REPORT==== 11-Mar-2021::04:46:52 ===
           ts_client:(5:<0.3934.0>) connection close while sending message!

=INFO REPORT==== 11-Mar-2021::04:46:52 ===
           ts_client:(5:<0.3934.0>) Server must have closed connection upon us, waiting 10 msec

=INFO REPORT==== 11-Mar-2021::04:46:52 ===
           ts_client:(5:<0.4986.0>) connection close while sending message!

=INFO REPORT==== 11-Mar-2021::04:46:52 ===
           ts_client:(5:<0.4986.0>) Server must have closed connection upon us, waiting 10 msec

=INFO REPORT==== 11-Mar-2021::04:46:52 ===
           ts_client:(5:<0.3152.0>) connection close while sending message!

=INFO REPORT==== 11-Mar-2021::04:46:52 ===
           ts_client:(5:<0.3152.0>) Server must have closed connection upon us, waiting 10 msec

=INFO REPORT==== 11-Mar-2021::04:46:52 ===
           ts_client:(5:<0.5268.0>) connection close while sending message!

=INFO REPORT==== 11-Mar-2021::04:46:52 ===
           ts_client:(5:<0.5268.0>) Server must have closed connection upon us, waiting 10 msec

=INFO REPORT==== 11-Mar-2021::04:46:52 ===
           ts_client:(5:<0.3563.0>) connection close while sending message!

=INFO REPORT==== 11-Mar-2021::04:46:52 ===
           ts_client:(5:<0.3563.0>) Server must have closed connection upon us, waiting 10 msec

=INFO REPORT==== 11-Mar-2021::04:46:52 ===
           ts_client:(5:<0.3687.0>) connection close while sending message!

=INFO REPORT==== 11-Mar-2021::04:46:52 ===
           ts_client:(5:<0.3687.0>) Server must have closed connection upon us, waiting 10 msec

=INFO REPORT==== 11-Mar-2021::04:46:54 ===
           ts_client:(5:<0.5602.0>) connection close while sending message!

=INFO REPORT==== 11-Mar-2021::04:46:54 ===
           ts_client:(5:<0.5602.0>) Server must have closed connection upon us, waiting 10 msec

=INFO REPORT==== 11-Mar-2021::04:46:54 ===
           ts_client:(5:<0.3636.0>) connection close while sending message!

=INFO REPORT==== 11-Mar-2021::04:46:54 ===
           ts_client:(5:<0.3636.0>) Server must have closed connection upon us, waiting 10 msec

=INFO REPORT==== 11-Mar-2021::04:46:54 ===
           ts_client:(5:<0.5147.0>) connection close while sending message!

=INFO REPORT==== 11-Mar-2021::04:46:54 ===
           ts_client:(5:<0.5147.0>) Server must have closed connection upon us, waiting 10 msec

=INFO REPORT==== 11-Mar-2021::04:46:54 ===
           ts_client:(5:<0.4995.0>) connection close while sending message!

=INFO REPORT==== 11-Mar-2021::04:46:54 ===
           ts_client:(5:<0.4995.0>) Server must have closed connection upon us, waiting 10 msec

=INFO REPORT==== 11-Mar-2021::04:46:54 ===
           ts_client:(5:<0.3277.0>) connection close while sending message!

=INFO REPORT==== 11-Mar-2021::04:46:54 ===
           ts_client:(5:<0.3277.0>) Server must have closed connection upon us, waiting 10 msec

=INFO REPORT==== 11-Mar-2021::04:46:54 ===
           ts_client:(5:<0.4125.0>) connection close while sending message!

=INFO REPORT==== 11-Mar-2021::04:46:54 ===
           ts_client:(5:<0.4125.0>) Server must have closed connection upon us, waiting 10 msec

=INFO REPORT==== 11-Mar-2021::04:46:54 ===
           ts_client:(5:<0.4179.0>) connection close while sending message!

=INFO REPORT==== 11-Mar-2021::04:46:54 ===
           ts_client:(5:<0.4179.0>) Server must have closed connection upon us, waiting 10 msec

=INFO REPORT==== 11-Mar-2021::04:46:54 ===
           ts_client:(5:<0.5364.0>) connection close while sending message!

=INFO REPORT==== 11-Mar-2021::04:46:54 ===
           ts_client:(5:<0.5364.0>) Server must have closed connection upon us, waiting 10 msec

=INFO REPORT==== 11-Mar-2021::04:46:54 ===
           ts_client:(5:<0.5369.0>) connection close while sending message!

=INFO REPORT==== 11-Mar-2021::04:46:54 ===
           ts_client:(5:<0.5369.0>) Server must have closed connection upon us, waiting 10 msec

=INFO REPORT==== 11-Mar-2021::04:46:54 ===
           ts_client:(5:<0.3817.0>) connection close while sending message!

=INFO REPORT==== 11-Mar-2021::04:46:54 ===
           ts_client:(5:<0.3817.0>) Server must have closed connection upon us, waiting 10 msec

=INFO REPORT==== 11-Mar-2021::04:46:54 ===
           ts_client:(5:<0.3510.0>) connection close while sending message!

=INFO REPORT==== 11-Mar-2021::04:46:54 ===
           ts_client:(5:<0.3510.0>) Server must have closed connection upon us, waiting 10 msec

=INFO REPORT==== 11-Mar-2021::04:46:54 ===
           ts_client:(5:<0.3819.0>) connection close while sending message!

=INFO REPORT==== 11-Mar-2021::04:46:54 ===
           ts_client:(5:<0.3819.0>) Server must have closed connection upon us, waiting 10 msec

=INFO REPORT==== 11-Mar-2021::04:46:54 ===
           ts_client:(5:<0.5375.0>) connection close while sending message!

=INFO REPORT==== 11-Mar-2021::04:46:54 ===
           ts_client:(5:<0.5375.0>) Server must have closed connection upon us, waiting 10 msec

=INFO REPORT==== 11-Mar-2021::04:47:03 ===
    alarm_handler: {set,{system_memory_high_watermark,[]}}

=INFO REPORT==== 11-Mar-2021::04:47:08 ===
         ts_launcher:(5:<0.183.0>) Phase duration exceeded, but not all users were launched (104 users, 2.7% of phase)

=INFO REPORT==== 11-Mar-2021::04:47:08 ===
         ts_launcher:(5:<0.183.0>) This was the last phase, wait for connected users to finish their session

=INFO REPORT==== 11-Mar-2021::04:47:08 ===
     ts_launcher_mgr:(5:<0.176.0>) Still 2860 active client(s)

=INFO REPORT==== 11-Mar-2021::04:48:03 ===
    alarm_handler: {clear,system_memory_high_watermark}

=INFO REPORT==== 11-Mar-2021::04:48:08 ===
     ts_launcher_mgr:(5:<0.176.0>) No more active users 'tsung_controller@ip-172-31-50-170' "2771"
