# stats: dump at 1615096581
stats: users 15 15
stats: {freemem,"tsung_controller@ip-172-31-46-149"} 1 690.85546875 0 690.85546875 690.85546875 0 0
stats: {load,"tsung_controller@ip-172-31-46-149"} 1 0.05859375 0 0.05859375 0.05859375 0 0
stats: {cpu,"tsung_controller@ip-172-31-46-149"} 1 10.59649328908338 0 10.59649328908338 10.59649328908338 0 0
stats: users_count 15 15
stats: finish_users_count 0 0
stats: request 28 87.36260714285713 109.8351232241631 386.962 5.333 0 0
stats: connect 15 2.762866666666667 6.520772233068378 27.152 0.837 0 0
stats: page 28 87.36260714285713 109.8351232241631 386.962 5.333 0 0
stats: 302 5 5
stats: 200 23 23
stats: size_rcv 1610271 1610271
stats: newphase 1 1
stats: size_sent 10010 10010
stats: connected 15 15
# stats: dump at 1615096591
stats: users 61 62
stats: {freemem,"tsung_controller@ip-172-31-46-149"} 1 684.265625 0.0 690.85546875 684.265625 690.85546875 1
stats: {load,"tsung_controller@ip-172-31-46-149"} 1 0.05078125 0.0 0.05859375 0.05078125 0.05859375 1
stats: {cpu,"tsung_controller@ip-172-31-46-149"} 1 1.25250501002004 0.0 10.59649328908338 1.25250501002004 10.59649328908338 1
stats: session 3 17351.23 1228.4628328573892 18876.294 15868.062 0 0
stats: users_count 49 64
stats: finish_users_count 3 3
stats: request 139 263.5900431654676 296.5590616112156 1351.47 4.936 87.36260714285713 28
stats: page 134 273.4309402985074 307.1569721268926 1351.47 4.936 87.36260714285713 28
stats: connect 47 1.0736808510638294 0.5442319243720076 27.152 0.749 2.762866666666667 15
stats: 302 32 37
stats: 200 108 131
stats: size_rcv 8349731 9960002
stats: newphase 2 3
stats: size_sent 69357 79367
stats: connected 45 60
# stats: dump at 1615096601
stats: users 263 263
stats: {freemem,"tsung_controller@ip-172-31-46-149"} 1 658.984375 0.0 690.85546875 658.984375 687.560546875 2
stats: {load,"tsung_controller@ip-172-31-46-149"} 1 0.0390625 0.0 0.05859375 0.0390625 0.0546875 2
stats: {cpu,"tsung_controller@ip-172-31-46-149"} 1 0.8529854490717512 0.0 10.59649328908338 0.8529854490717512 5.9244991495517105 2
stats: session 6 21382.432 1828.0121081224643 22916.594 15868.062 17351.23 3
stats: users_count 208 272
stats: finish_users_count 6 9
stats: page 255 1571.932803921568 1038.6323019031993 4509.571 4.936 241.2709814814814 162
stats: 302 64 101
stats: 200 201 332
stats: request 266 1553.5815488721798 1024.243162342546 3641.768 4.936 234.04292814371254 167
stats: size_rcv 11965194 21925196
stats: newphase 2 5
stats: size_sent 177076 256443
stats: connect 198 1.134227272727272 1.192641340696786 27.152 0.675 1.482354838709677 62
stats: connected 191 251
# stats: dump at 1615096611
stats: users 585 595
stats: {freemem,"tsung_controller@ip-172-31-46-149"} 1 627.5390625 0.0 690.85546875 627.5390625 678.03515625 3
stats: {load,"tsung_controller@ip-172-31-46-149"} 1 0.328125 0.0 0.328125 0.0390625 0.049479166666666664 3
stats: {cpu,"tsung_controller@ip-172-31-46-149"} 1 2.7652086475615887 0.0 10.59649328908338 0.8529854490717512 4.233994582725058 3
stats: session 15 24603.286266666666 3127.418140202244 31407.635 15868.062 20038.698 9
stats: users_count 337 609
stats: finish_users_count 15 24
stats: page 1320 1206.2452651515143 2151.365036109602 10455.795 0.345 1054.9850455635487 417
stats: request 1347 1194.0809732739413 2090.3266881633067 7192.911 0.345 1044.6601870669742 433
stats: connect 349 0.9715444126074505 1.0902097174260619 27.152 0.636 1.2172423076923071 260
stats: 302 57 158
stats: 200 291 623
stats: size_rcv 12411192 34336388
stats: newphase 1 6
stats: 502 999 999
stats: size_sent 499519 755962
stats: connected 336 587
# stats: dump at 1615096621
stats: users 478 595
stats: {freemem,"tsung_controller@ip-172-31-46-149"} 1 586.90234375 0.0 690.85546875 586.90234375 665.4111328125 4
stats: {load,"tsung_controller@ip-172-31-46-149"} 1 0.28125 0.0 0.328125 0.0390625 0.119140625 4
stats: {cpu,"tsung_controller@ip-172-31-46-149"} 1 4.8362720403022665 0.0 10.59649328908338 0.8529854490717512 3.866798098934191 4
stats: session 107 21734.71724299065 5149.866747600108 36040.57 12523.418 22891.565666666665 24
stats: users_count 0 609
stats: finish_users_count 107 131
stats: request 1427 892.9781058163969 2568.10843246805 11154.696 0.345 1157.7331078651678 1780
stats: 302 71 229
stats: connect 0 0 0 27.152 0.636 1.0764400656814452 609
stats: page 1209 1059.4007344913166 2794.4931976209677 15273.107 0.345 1169.9323626942996 1737
stats: 200 88 711
stats: size_rcv 7788378 42124766
stats: newphase 0 6
stats: 502 1268 2267
stats: size_sent 596472 1352434
stats: connected -100 487
# stats: dump at 1615096631
stats: users 247 595
stats: {freemem,"tsung_controller@ip-172-31-46-149"} 1 577.34375 0.0 690.85546875 577.34375 649.709375 5
stats: {load,"tsung_controller@ip-172-31-46-149"} 1 0.23046875 0.0 0.328125 0.0390625 0.1515625 5
stats: {cpu,"tsung_controller@ip-172-31-46-149"} 1 4.251112209589718 0.0 10.59649328908338 0.8529854490717512 4.060692887207805 5
stats: session 231 24625.40875324676 6131.148793413688 43774.902 12523.418 21946.658938931294 131
stats: users_count 0 609
stats: finish_users_count 231 362
stats: request 1045 2732.7472325358845 3867.5675375344217 12416.639 0.345 1039.926625818521 3207
stats: connect 0 0 0 27.152 0.636 1.0764400656814452 609
stats: page 836 3442.367994019136 4308.4293623256 17983.093 0.345 1124.5716232179227 2946
stats: 302 227 456
stats: 200 392 1103
stats: size_rcv 22171836 64296602
stats: newphase 0 6
stats: 502 426 2693
stats: size_sent 421166 1773600
stats: connected -239 248
# stats: dump at 1615096641
stats: users 29 595
stats: {freemem,"tsung_controller@ip-172-31-46-149"} 1 555.3359375 0.0 690.85546875 555.3359375 637.6484375 6
stats: {load,"tsung_controller@ip-172-31-46-149"} 1 0.19921875 0.0 0.328125 0.0390625 0.16471354166666666 6
stats: {cpu,"tsung_controller@ip-172-31-46-149"} 1 3.9761431411530817 0.0 10.59649328908338 0.8529854490717512 4.092429440938124 6
stats: session 218 32980.993018348614 4614.85753086878 44832.492 12523.418 23656.026914364644 362
stats: users_count 0 609
stats: finish_users_count 218 580
stats: page 442 8.27434615384615 4.601239319094392 17983.093 0.345 1636.913708355367 3782
stats: 302 255 711
stats: request 578 6.299091695501729 2.924064765795676 12416.639 0.345 1455.9655566792087 4252
stats: 200 323 1426
stats: connect 0 0 0 27.152 0.636 1.0764400656814452 609
stats: size_rcv 457342 64753944
stats: newphase 0 6
stats: 502 0 2693
stats: size_sent 391770 2165370
stats: connected -212 36
# stats: dump at 1615096648
stats: users 0 595
stats: {freemem,"tsung_controller@ip-172-31-46-149"} 1 671.33984375 0.0 690.85546875 555.3359375 625.8895089285714 7
stats: {load,"tsung_controller@ip-172-31-46-149"} 1 0.171875 0.0 0.328125 0.0390625 0.16964285714285715 7
stats: {cpu,"tsung_controller@ip-172-31-46-149"} 1 1.4063284781516825 0.0 10.59649328908338 0.8529854490717512 4.075817112397404 7
stats: session 29 38892.635068965516 2190.3946082711636 45042.785 12523.418 27160.927967241376 580
stats: users_count 0 609
stats: finish_users_count 29 609
stats: connect 0 0 0 27.152 0.636 1.0764400656814452 609
stats: 302 36 747
stats: request 42 7.478642857142854 1.1073677244758784 12416.639 0.345 1282.4858016563137 4830
stats: 200 6 1432
stats: size_rcv 12987 64766931
stats: newphase 0 6
stats: 502 0 2693
stats: page 39 8.068179487179487 1.4951176760443476 17983.093 0.345 1466.49263873106 4224
stats: size_sent 29354 2194724
stats: connected -36 0
EndMonitor:{1615,96648,340764}
