# stats: dump at 1615101576
stats: users 9 9
stats: {cpu,"tsung_controller@ip-172-31-36-20"} 1 1.5905251501410478 0 1.5905251501410478 1.5905251501410478 0 0
stats: {load,"tsung_controller@ip-172-31-36-20"} 1 0.0 0 0.0 0.0 0 0
stats: {freemem,"tsung_controller@ip-172-31-36-20"} 1 668.82421875 0 668.82421875 668.82421875 0 0
stats: users_count 9 9
stats: finish_users_count 0 0
stats: request 21 134.05980952380955 133.7532198176282 480.791 6.551 0 0
stats: connect 8 4.149625 8.249272376056872 25.974 0.895 0 0
stats: page 21 134.05980952380955 133.7532198176282 480.791 6.551 0 0
stats: 302 6 6
stats: 200 15 15
stats: size_rcv 1918279 1918279
stats: size_sent 9551 9551
stats: connected 8 8
# stats: dump at 1615101586
stats: users 28 28
stats: {cpu,"tsung_controller@ip-172-31-36-20"} 1 2.0408163265306123 0.0 2.0408163265306123 1.5905251501410478 1.5905251501410478 1
stats: {load,"tsung_controller@ip-172-31-36-20"} 1 0.0 0.0 0.0 0.0 0.0 1
stats: {freemem,"tsung_controller@ip-172-31-36-20"} 1 663.19921875 0.0 668.82421875 663.19921875 668.82421875 1
stats: users_count 19 28
stats: finish_users_count 0 0
stats: request 72 71.19530555555555 86.08762386494467 480.791 5.287 134.05980952380955 21
stats: connect 19 1.0427894736842103 0.11021537716163236 25.974 0.885 4.149625 8
stats: page 66 77.6775303030303 90.60940306599727 480.791 5.814 134.05980952380955 21
stats: 302 12 18
stats: 200 60 75
stats: size_rcv 3856067 5774346
stats: size_sent 36101 45652
stats: connected 19 27
# stats: dump at 1615101596
stats: users 19 28
stats: {cpu,"tsung_controller@ip-172-31-36-20"} 1 0.9471585244267198 0.0 2.0408163265306123 0.9471585244267198 1.8156707383358301 2
stats: {load,"tsung_controller@ip-172-31-36-20"} 1 0.0 0.0 0.0 0.0 0.0 2
stats: {freemem,"tsung_controller@ip-172-31-36-20"} 1 655.21484375 0.0 668.82421875 655.21484375 666.01171875 2
stats: session 11 18041.05209090909 2177.31115422321 21051.891 13829.372 0 0
stats: users_count 2 30
stats: finish_users_count 11 11
stats: request 88 74.41087499999999 122.78231569842809 608.374 5.054 85.39051612903226 93
stats: connect 3 1.0466666666666666 0.1865017128309788 25.974 0.859 1.9633333333333332 27
stats: page 79 82.89897468354431 126.88958526743293 608.374 5.416 91.28704597701149 87
stats: 302 22 40
stats: 200 66 141
stats: size_rcv 3887625 9661971
stats: size_sent 55480 101132
stats: connected -7 20
# stats: dump at 1615101606
stats: users 16 28
stats: {cpu,"tsung_controller@ip-172-31-36-20"} 1 0.8986520219670495 0.0 2.0408163265306123 0.8986520219670495 1.5261666670327934 3
stats: {load,"tsung_controller@ip-172-31-36-20"} 1 0.0 0.0 0.0 0.0 0.0 3
stats: {freemem,"tsung_controller@ip-172-31-36-20"} 1 651.0546875 0.0 668.82421875 651.0546875 662.4127604166666 3
stats: session 16 18982.517875000005 1742.2720967242694 21841.126 13829.372 18041.05209090909 11
stats: users_count 13 43
stats: finish_users_count 16 27
stats: 302 23 63
stats: request 82 33.41720731707317 62.8704065853969 608.374 4.836 80.05234806629834 181
stats: page 67 40.92319402985074 67.47965668861318 608.374 4.836 87.29513253012047 166
stats: connect 13 2.0618461538461537 3.572477934391754 25.974 0.859 1.8716666666666666 30
stats: 200 59 200
stats: size_rcv 1972113 11634084
stats: newphase 1 1
stats: size_sent 48382 149514
stats: connected -4 16
# stats: dump at 1615101616
stats: users 31 31
stats: {cpu,"tsung_controller@ip-172-31-36-20"} 1 1.0406342913776017 0.0 2.0408163265306123 0.8986520219670495 1.3692880057663575 4
stats: {load,"tsung_controller@ip-172-31-36-20"} 1 0.0 0.0 0.0 0.0 0.0 4
stats: {freemem,"tsung_controller@ip-172-31-36-20"} 1 651.0 0.0 668.82421875 651.0 659.5732421875 4
stats: session 4 17804.329 3025.721308961303 22536.108 13829.372 18598.95774074074 27
stats: users_count 19 62
stats: finish_users_count 4 31
stats: 302 25 88
stats: request 93 114.70588172043007 116.4637054580912 608.374 4.836 65.51211406844105 263
stats: connect 16 1.1844375 0.804918627001357 25.974 0.751 1.9291627906976743 43
stats: page 90 118.53292222222218 121.05173897224715 608.374 4.836 73.96071244635192 233
stats: 200 68 268
stats: size_rcv 6715323 18349407
stats: newphase 0 1
stats: size_sent 50593 200107
stats: connected 12 28
# stats: dump at 1615101626
stats: users 34 34
stats: {cpu,"tsung_controller@ip-172-31-36-20"} 1 0.9466865969108121 0.0 2.0408163265306123 0.8986520219670495 1.3035572628886063 5
stats: {load,"tsung_controller@ip-172-31-36-20"} 1 0.0 0.0 0.0 0.0 0.0 5
stats: {freemem,"tsung_controller@ip-172-31-36-20"} 1 644.9453125 0.0 668.82421875 644.9453125 657.85859375 5
stats: session 13 18683.898076923077 1626.6136957012857 22536.108 13829.372 18496.425000000003 31
stats: users_count 16 78
stats: finish_users_count 13 44
stats: request 139 59.14138848920861 107.85683054948356 739.881 4.836 78.36329494382021 356
stats: connect 19 0.9549473684210525 0.10177243639052895 25.974 0.751 1.7272033898305086 59
stats: page 118 69.68548305084745 114.16932214691913 739.881 4.836 86.38021362229101 323
stats: 302 27 115
stats: 200 112 380
stats: size_rcv 4253276 22602683
stats: newphase 0 1
stats: size_sent 80038 280145
stats: connected 6 34
# stats: dump at 1615101636
stats: users 51 51
stats: {cpu,"tsung_controller@ip-172-31-36-20"} 1 1.5376984126984126 0.0 2.0408163265306123 0.8986520219670495 1.244078818558974 6
stats: {load,"tsung_controller@ip-172-31-36-20"} 1 0.0 0.0 0.0 0.0 0.0 6
stats: {freemem,"tsung_controller@ip-172-31-36-20"} 1 644.34765625 0.0 668.82421875 644.34765625 655.7063802083334 6
stats: session 18 18117.940166666667 2258.399532532159 23299.606 13829.372 18551.814772727274 44
stats: users_count 35 113
stats: finish_users_count 18 62
stats: request 163 116.81582822085892 133.1778303484257 739.881 4.836 72.96562828282826 495
stats: connect 30 1.3186999999999998 1.738804362198347 25.974 0.751 1.5390897435897437 78
stats: page 146 128.02099315068492 139.37800126562774 739.881 4.836 81.91314285714284 441
stats: 302 44 159
stats: 200 119 499
stats: size_rcv 7745557 30348240
stats: newphase 1 2
stats: size_sent 93418 373563
stats: connected 12 46
# stats: dump at 1615101646
stats: users 61 63
stats: {cpu,"tsung_controller@ip-172-31-36-20"} 1 1.488095238095238 0.0 2.0408163265306123 0.8986520219670495 1.286024474864608 7
stats: {load,"tsung_controller@ip-172-31-36-20"} 1 0.0 0.0 0.0 0.0 0.0 7
stats: {freemem,"tsung_controller@ip-172-31-36-20"} 1 637.32421875 0.0 668.82421875 637.32421875 654.0837053571429 7
stats: session 21 18270.70638095238 1727.9399612362922 23299.606 13829.372 18425.851177419354 62
stats: users_count 31 144
stats: finish_users_count 21 83
stats: request 236 147.17011016949152 160.3718618933521 739.881 4.836 83.82821580547112 658
stats: connect 33 1.0155454545454545 0.15079809718860007 25.974 0.751 1.4778703703703704 108
stats: page 213 164.72697183098575 170.6770203146638 894.057 4.836 93.38119420783646 587
stats: 302 54 213
stats: 200 182 681
stats: size_rcv 11625605 41973845
stats: newphase 0 2
stats: size_sent 135295 508858
stats: connected 12 58
# stats: dump at 1615101656
stats: users 73 75
stats: {cpu,"tsung_controller@ip-172-31-36-20"} 1 2.180376610505451 0.0 2.180376610505451 0.8986520219670495 1.3112833202684366 8
stats: {load,"tsung_controller@ip-172-31-36-20"} 1 0.0 0.0 0.0 0.0 0.0 8
stats: {freemem,"tsung_controller@ip-172-31-36-20"} 1 629.453125 0.0 668.82421875 629.453125 651.98876953125 8
stats: session 30 18393.528599999998 1814.2337205884232 23299.606 13829.372 18386.597674698794 83
stats: users_count 42 186
stats: finish_users_count 30 113
stats: request 272 223.23419485294124 254.23319011866693 1116.252 4.836 100.54934228187919 894
stats: 302 65 278
stats: connect 44 1.0577045454545455 0.5113893544037856 25.974 0.751 1.3696666666666668 141
stats: page 240 249.7218833333333 279.17725600990445 1395.091 4.836 112.37700749999996 800
stats: 200 207 888
stats: size_rcv 11341023 53314868
stats: newphase 0 2
stats: size_sent 157789 666647
stats: connected 16 74
# stats: dump at 1615101666
stats: users 115 115
stats: {cpu,"tsung_controller@ip-172-31-36-20"} 1 1.8858560794044668 0.0 2.180376610505451 0.8986520219670495 1.4078492414058827 9
stats: {load,"tsung_controller@ip-172-31-36-20"} 1 0.0 0.0 0.0 0.0 0.0 9
stats: {freemem,"tsung_controller@ip-172-31-36-20"} 1 624.87890625 0.0 668.82421875 624.87890625 649.4848090277778 9
stats: session 30 19655.838799999994 2159.7588134977545 23635.618 13829.372 18388.43774336283 113
stats: users_count 72 258
stats: finish_users_count 30 143
stats: request 302 512.1377218543046 442.6156947043092 1852.65 4.836 129.16879331046314 1166
stats: connect 66 1.0662121212121212 0.4024260713266217 25.974 0.751 1.2954702702702705 185
stats: page 274 556.7122518248174 478.21131743660254 2285.624 4.836 144.0719788461538 1040
stats: 302 75 353
stats: 200 227 1115
stats: size_rcv 12950675 66265543
stats: newphase 1 3
stats: size_sent 186233 852880
stats: connected 34 108
# stats: dump at 1615101676
stats: users 179 179
stats: {cpu,"tsung_controller@ip-172-31-36-20"} 1 2.766798418972332 0.0 2.766798418972332 0.8986520219670495 1.455649925205741 10
stats: {load,"tsung_controller@ip-172-31-36-20"} 1 0.0 0.0 0.0 0.0 0.0 10
stats: {freemem,"tsung_controller@ip-172-31-36-20"} 1 616.7890625 0.0 668.82421875 616.7890625 647.02421875 10
stats: session 18 22839.27988888889 1758.3484748389744 26298.731 13829.372 18654.326076923076 143
stats: users_count 82 340
stats: finish_users_count 18 161
stats: request 284 2117.040274647889 613.2186652958238 3953.642 4.836 207.95395435967305 1468
stats: 302 73 426
stats: connect 85 1.1202117647058822 0.6879456218954527 25.974 0.693 1.235187250996016 251
stats: page 257 2293.3352918287947 750.6398569922843 4772.187 4.836 230.11721080669702 1314
stats: 200 211 1326
stats: size_rcv 13870417 80135960
stats: newphase 0 3
stats: size_sent 183538 1036418
stats: connected 67 175
# stats: dump at 1615101686
stats: users 246 246
stats: {cpu,"tsung_controller@ip-172-31-36-20"} 1 2.6224641266699655 0.0 2.766798418972332 0.8986520219670495 1.5748452428208857 11
stats: {load,"tsung_controller@ip-172-31-36-20"} 1 0.0 0.0 0.0 0.0 0.0 11
stats: {freemem,"tsung_controller@ip-172-31-36-20"} 1 599.5859375 0.0 668.82421875 599.5859375 644.2755681818181 11
stats: session 19 28394.626789473685 2754.16369838806 34605.039 13829.372 19122.209111801243 161
stats: users_count 86 426
stats: finish_users_count 19 180
stats: request 304 3994.048279605266 463.5609662396914 5862.882 4.836 517.4177186073061 1752
stats: connect 88 1.3245909090909094 1.6555521437956722 25.974 0.682 1.2061011904761905 336
stats: page 283 4215.283388692584 945.4517353371597 8882.757 4.836 567.6392011457672 1571
stats: 302 71 497
stats: 200 233 1559
stats: size_rcv 14533482 94669442
stats: newphase 0 3
stats: size_sent 185176 1221594
stats: connected 69 244
# stats: dump at 1615101696
stats: users 331 331
stats: {cpu,"tsung_controller@ip-172-31-36-20"} 1 3.443187407771766 0.0 3.443187407771766 0.8986520219670495 1.6621468164749755 12
stats: {load,"tsung_controller@ip-172-31-36-20"} 1 0.0703125 0.0 0.0703125 0.0 0.0 12
stats: {freemem,"tsung_controller@ip-172-31-36-20"} 1 580.89453125 0.0 668.82421875 580.89453125 640.5514322916666 12
stats: session 19 34538.06763157894 3665.5501866726954 41537.801 13829.372 20100.964311111115 180
stats: users_count 104 530
stats: finish_users_count 19 199
stats: request 421 3615.963213776719 3171.906649509589 8412.935 0.368 1031.472042801557 2056
stats: connect 103 1.1580194174757281 0.9567481836939136 25.974 0.682 1.2306933962264153 424
stats: page 392 3722.658380102039 3326.2237419159883 13288.622 0.382 1124.4263128371097 1854
stats: 302 72 569
stats: 200 172 1731
stats: size_rcv 11026049 105695491
stats: newphase 1 4
stats: 502 177 177
stats: size_sent 219931 1441525
stats: connected 85 329
# stats: dump at 1615101706
stats: users 430 435
stats: {cpu,"tsung_controller@ip-172-31-36-20"} 1 4.256360078277886 0.0 4.256360078277886 0.8986520219670495 1.799149938882421 13
stats: {load,"tsung_controller@ip-172-31-36-20"} 1 0.05859375 0.0 0.0703125 0.0 0.005408653846153846 13
stats: {freemem,"tsung_controller@ip-172-31-36-20"} 1 567.5078125 0.0 668.82421875 567.5078125 635.9624399038462 13
stats: session 56 36470.89764285715 5004.778719793376 45866.506 13829.372 21479.38121105528 199
stats: users_count 155 685
stats: finish_users_count 56 255
stats: request 861 2288.56220557491 3454.2187045769447 9511.285 0.351 1470.7416362535325 2477
stats: 302 60 629
stats: connect 157 1.084057324840764 0.6125887871905342 25.974 0.677 1.2164895635673625 527
stats: page 791 2532.085048040454 3888.6489604167527 15607.778 0.351 1577.902256901158 2246
stats: 200 206 1937
stats: size_rcv 16251113 121946604
stats: newphase 0 4
stats: 502 595 772
stats: size_sent 371076 1812601
stats: connected 105 434
# stats: dump at 1615101716
stats: users 483 483
stats: {cpu,"tsung_controller@ip-172-31-36-20"} 1 4.852941176470589 0.0 4.852941176470589 0.8986520219670495 1.97466494883924 14
stats: {load,"tsung_controller@ip-172-31-36-20"} 1 0.2109375 0.0 0.2109375 0.0 0.009207589285714286 14
stats: {freemem,"tsung_controller@ip-172-31-36-20"} 1 551.31640625 0.0 668.82421875 551.31640625 631.0728236607143 14
stats: session 88 36605.63612499999 10062.63244474058 53709.397 13829.372 24771.635800000004 255
stats: users_count 141 826
stats: finish_users_count 88 343
stats: connect 136 1.2146102941176473 1.4331177406003472 25.974 0.677 1.1860921052631577 684
stats: page 1020 2023.309658823534 3360.1239315827506 15607.778 0.344 1826.4233592360881 3037
stats: request 1141 1836.4658448729217 3018.2848849911215 9511.285 0.344 1681.6893624925099 3338
stats: 302 75 704
stats: 200 236 2173
stats: size_rcv 13536152 135482756
stats: newphase 0 4
stats: 502 830 1602
stats: size_sent 477199 2289800
stats: connected 44 478
# stats: dump at 1615101726
stats: users 580 580
stats: {cpu,"tsung_controller@ip-172-31-36-20"} 1 6.498545101842872 0.0 6.498545101842872 0.8986520219670495 2.16655003068133 15
stats: {load,"tsung_controller@ip-172-31-36-20"} 1 0.1796875 0.0 0.2109375 0.0 0.02265625 15
stats: {freemem,"tsung_controller@ip-172-31-36-20"} 1 546.0 0.0 668.82421875 546.0 625.7557291666667 15
stats: session 173 32389.11828901735 10695.892281379425 53709.397 13829.372 27807.764163265303 343
stats: users_count 270 1096
stats: finish_users_count 173 516
stats: connect 270 1.0291592592592615 0.4154593181129276 25.974 0.677 1.190821951219512 820
stats: page 1402 1409.3392353780316 2584.5494337849755 15607.778 0.344 1875.923981759922 4057
stats: request 1600 1224.2737387500026 2204.379955133394 9511.285 0.342 1721.117798839027 4479
stats: 302 115 819
stats: 200 269 2442
stats: size_rcv 13706992 149189748
stats: newphase 1 5
stats: 502 1216 2818
stats: size_sent 615066 2904866
stats: connected 99 577
# stats: dump at 1615101736
stats: users 718 718
stats: {cpu,"tsung_controller@ip-172-31-36-20"} 1 9.256594724220623 0.0 9.256594724220623 0.8986520219670495 2.4372997226289264 16
stats: {load,"tsung_controller@ip-172-31-36-20"} 1 0.1484375 0.0 0.2109375 0.0 0.032470703125 16
stats: {freemem,"tsung_controller@ip-172-31-36-20"} 1 543.90234375 0.0 668.82421875 543.90234375 620.77099609375 16
stats: session 192 30662.96932812502 10398.504280501906 57662.475 12048.476 29343.760798449614 516
stats: users_count 330 1426
stats: finish_users_count 192 708
stats: request 2107 884.6605543426663 1980.7216195232218 9511.285 0.342 1590.3478537588428 6079
stats: 302 125 944
stats: connect 331 1.007921450151058 0.5596023133591661 25.974 0.677 1.1507770642201838 1090
stats: page 1915 982.1548595300268 2232.775483120571 15607.778 0.344 1756.09401025829 5459
stats: 200 234 2676
stats: size_rcv 12246602 161436350
stats: newphase 0 5
stats: 502 1748 4566
stats: size_sent 716649 3621515
stats: connected 139 716
# stats: dump at 1615101746
stats: users 755 792
stats: {cpu,"tsung_controller@ip-172-31-36-20"} 1 11.661113755354593 0.0 11.661113755354593 0.8986520219670495 2.838434722722556 17
stats: {load,"tsung_controller@ip-172-31-36-20"} 1 0.12890625 0.0 0.2109375 0.0 0.039292279411764705 17
stats: {freemem,"tsung_controller@ip-172-31-36-20"} 1 523.37109375 0.0 668.82421875 523.37109375 616.2493106617648 17
stats: session 279 24844.390996415754 8976.022130029396 61095.519 12048.476 29701.512264124303 708
stats: users_count 316 1742
stats: finish_users_count 279 987
stats: request 2585 710.5883721470038 1916.0982832439083 9511.285 0.339 1408.7105290740292 8186
stats: connect 319 1.033871473354233 0.555643324316127 25.974 0.664 1.117501055594652 1421
stats: page 2262 813.289477011496 2162.2441178040335 15607.778 0.344 1555.1049305668575 7374
stats: 302 111 1055
stats: 200 208 2884
stats: size_rcv 13646253 175082603
stats: newphase 0 5
stats: 502 2266 6832
stats: size_sent 817327 4438842
stats: connected 42 758
# stats: dump at 1615101756
stats: users 934 934
stats: {cpu,"tsung_controller@ip-172-31-36-20"} 1 12.446555819477435 0.0 12.446555819477435 0.8986520219670495 3.32858355786878 18
stats: {load,"tsung_controller@ip-172-31-36-20"} 1 0.109375 0.0 0.2109375 0.0 0.044270833333333336 18
stats: {freemem,"tsung_controller@ip-172-31-36-20"} 1 510.6796875 0.0 668.82421875 510.6796875 611.0894097222222 18
stats: session 326 23458.279414110428 6732.117981883499 61095.519 11252.421 28328.526617021278 987
stats: users_count 505 2247
stats: finish_users_count 326 1313
stats: request 2899 740.4081397033467 1939.485034835855 9511.285 0.33 1241.1638040107705 10771
stats: 302 126 1181
stats: connect 817 0.9993512851897144 0.9660962407369974 25.974 0.512 1.1021689655172417 1740
stats: page 2585 837.156157833655 2189.151913859308 15607.778 0.34 1380.9676790161905 9636
stats: 200 256 3140
stats: size_rcv 15355979 190438582
stats: newphase 1 6
stats: 502 2517 9349
stats: size_sent 835871 5274713
stats: connected 75 833
# stats: dump at 1615101766
stats: users 1208 1208
stats: {cpu,"tsung_controller@ip-172-31-36-20"} 1 15.983026874115982 0.0 15.983026874115982 0.8986520219670495 3.8084768347955515 19
stats: {load,"tsung_controller@ip-172-31-36-20"} 1 0.08984375 0.0 0.2109375 0.0 0.047697368421052634 19
stats: {freemem,"tsung_controller@ip-172-31-36-20"} 1 516.15234375 0.0 668.82421875 510.6796875 605.8046875 19
stats: session 346 23399.85248843928 6873.612022690579 61095.519 11252.421 27119.310632140136 1313
stats: users_count 620 2867
stats: finish_users_count 346 1659
stats: connect 2466 0.8422210056772098 0.45286752606988306 25.974 0.484 1.0693171685569014 2557
stats: request 3994 424.4812648973472 1430.3261397790088 9511.285 0.33 1134.9684367227514 13670
stats: page 3607 467.9069426115901 1580.267036770198 15607.778 0.34 1265.9400395221348 12221
stats: 302 120 1301
stats: 200 217 3357
stats: size_rcv 11882301 202320883
stats: newphase 0 6
stats: 502 3656 13005
stats: size_sent 1072722 6347435
stats: connected 7 840
# stats: dump at 1615101776
stats: users 1278 1299
stats: {cpu,"tsung_controller@ip-172-31-36-20"} 1 22.748375116063137 0.0 22.748375116063137 0.8986520219670495 4.417204336761573 20
stats: {load,"tsung_controller@ip-172-31-36-20"} 1 0.078125 0.0 0.2109375 0.0 0.0498046875 20
stats: {freemem,"tsung_controller@ip-172-31-36-20"} 1 501.7578125 0.0 668.82421875 501.7578125 601.3220703125 20
stats: session 527 21275.33689753322 6147.890867219826 61095.519 11252.421 26343.582773357437 1659
stats: users_count 597 3464
stats: finish_users_count 527 2186
stats: connect 3305 0.8311509833585463 0.5294040532869979 25.974 0.433 0.9578261994823803 5023
stats: page 4202 486.0436751546876 1668.7626949294452 15607.778 0.34 1084.0784410538297 15828
stats: request 4798 430.7080800333476 1518.5746637841712 9511.285 0.33 974.3204654664866 17664
stats: 302 123 1424
stats: error_send_einval 1 1
stats: 200 247 3604
stats: size_rcv 16270994 218591877
stats: newphase 0 6
stats: 502 4428 17433
stats: size_sent 1197376 7544811
stats: connected 54 894
# stats: dump at 1615101786
stats: users 1498 1617
stats: {cpu,"tsung_controller@ip-172-31-36-20"} 1 26.60805182785747 0.0 26.60805182785747 0.8986520219670495 5.290117231014028 21
stats: {load,"tsung_controller@ip-172-31-36-20"} 1 0.2890625 0.0 0.2890625 0.0 0.05115327380952381 21
stats: {freemem,"tsung_controller@ip-172-31-36-20"} 1 486.0234375 0.0 668.82421875 486.0234375 596.5809151785714 21
stats: session 630 20804.603982539684 5038.793267559544 61095.519 11252.421 25121.7320978957 2186
stats: users_count 850 4314
stats: finish_users_count 630 2816
stats: request 5689 360.1690021093348 1341.2567919613173 9511.285 0.325 858.2020332116472 22462
stats: 302 141 1565
stats: connect 3942 0.8178536276002016 0.3971076122968061 25.974 0.425 0.9075546349663776 8328
stats: page 5052 410.1818493665891 1509.3799550173699 15607.778 0.337 958.6195251123322 20030
stats: error_send_einval 0 1
stats: 200 251 3855
stats: size_rcv 14327755 232919632
stats: newphase 1 7
stats: 502 5296 22729
stats: size_sent 1407743 8952554
stats: connected 49 943
stats: error_connection_closed 1 1
# stats: dump at 1615101796
stats: users 873 1617
stats: {cpu,"tsung_controller@ip-172-31-36-20"} 1 29.743354720439964 0.0 29.743354720439964 0.8986520219670495 6.259114258143276 22
stats: {load,"tsung_controller@ip-172-31-36-20"} 1 0.3203125 0.0 0.3203125 0.0 0.061967329545454544 22
stats: {freemem,"tsung_controller@ip-172-31-36-20"} 1 474.75 0.0 668.82421875 474.75 591.5555752840909 22
stats: session 625 20491.827606400013 5076.4417079608065 61095.519 11252.421 24155.897327769886 2816
stats: users_count 0 4314
stats: finish_users_count 625 3441
stats: connect 2156 0.8355227272727265 0.46420274677587686 25.974 0.425 0.8787362673186623 12270
stats: page 3385 485.8241456425396 1730.1056354846828 15607.778 0.337 848.153567937167 25082
stats: 302 109 1674
stats: error_send_einval 0 1
stats: request 4108 400.23544985394295 1537.9693238205361 9511.285 0.325 757.5551675961786 28151
stats: 200 169 4024
stats: size_rcv 9663564 242583196
stats: newphase 0 7
stats: 502 3828 26557
stats: size_sent 1074119 10026673
stats: connected -69 874
stats: error_connection_closed 0 1
# stats: dump at 1615101806
stats: users 113 1617
stats: {cpu,"tsung_controller@ip-172-31-36-20"} 1 18.337292161520192 0.0 29.743354720439964 0.8986520219670495 7.280168191286609 23
stats: {load,"tsung_controller@ip-172-31-36-20"} 1 0.26953125 0.0 0.3203125 0.0 0.07319972826086957 23
stats: {freemem,"tsung_controller@ip-172-31-36-20"} 1 467.25 0.0 668.82421875 467.25 586.4770720108696 23
stats: session 760 21094.323260526253 4102.6074685448375 61095.519 11252.421 23490.38045015984 3441
stats: users_count 0 4314
stats: finish_users_count 760 4201
stats: connect 0 0 0 25.974 0.425 0.8722779010120605 14426
stats: 302 816 2490
stats: request 2020 728.9883118811886 1627.7498798151319 9664.411 0.325 712.0525357574637 32259
stats: error_send_einval 0 1
stats: 200 583 4607
stats: size_rcv 11503341 254086537
stats: page 1543 988.4159669475066 1999.868670861406 15607.778 0.337 805.0691159588301 28467
stats: newphase 0 7
stats: 502 621 27178
stats: size_sent 822304 10848977
stats: connected -745 129
stats: error_connection_closed 0 1
# stats: dump at 1615101816
stats: users 2 1617
stats: {cpu,"tsung_controller@ip-172-31-36-20"} 1 8.486017357762778 0.0 29.743354720439964 0.8986520219670495 7.740881690046343 24
stats: {load,"tsung_controller@ip-172-31-36-20"} 1 0.21875 0.0 0.3203125 0.0 0.08138020833333333 24
stats: {freemem,"tsung_controller@ip-172-31-36-20"} 1 616.59375 0.0 668.82421875 467.25 581.5092773437501 24
stats: session 111 27636.031981981967 3440.2721743942884 61095.519 11252.421 23056.911403713395 4201
stats: users_count 0 4314
stats: finish_users_count 111 4312
stats: request 230 5.969913043478259 2.4056529604977537 9664.411 0.325 713.0505306747577 34279
stats: connect 0 0 0 25.974 0.425 0.8722779010120605 14426
stats: 302 138 2628
stats: error_send_einval 0 1
stats: 200 92 4699
stats: page 185 7.454270270270269 4.1464759029132745 15607.778 0.337 814.496113328891 30010
stats: size_rcv 137875 254224412
stats: newphase 0 7
stats: 502 0 27178
stats: size_sent 165900 11014877
stats: connected -126 3
stats: error_connection_closed 0 1
# stats: dump at 1615101826
stats: users 0 1617
stats: {cpu,"tsung_controller@ip-172-31-36-20"} 1 1.0956175298804782 0.0 29.743354720439964 0.8986520219670495 7.770687116755 25
stats: {load,"tsung_controller@ip-172-31-36-20"} 1 0.19140625 0.0 0.3203125 0.0 0.086875 25
stats: {freemem,"tsung_controller@ip-172-31-36-20"} 1 648.08984375 0.0 668.82421875 467.25 582.9126562500002 25
stats: session 2 34773.4115 1793.3845000000001 61095.519 11252.421 23174.787652365485 4312
stats: users_count 0 4314
stats: finish_users_count 2 4314
stats: connect 0 0 0 25.974 0.425 0.8722779010120605 14426
stats: 302 3 2631
stats: request 3 8.761666666666667 0.0897416043736434 9664.411 0.325 708.3378892752621 34509
stats: error_send_einval 0 1
stats: 200 0 4699
stats: size_rcv 462 254224874
stats: page 3 8.761666666666667 0.0897416043736434 15607.778 0.337 809.5514953137944 30195
stats: newphase 0 7
stats: 502 0 27178
stats: size_sent 2286 11017163
stats: connected -3 0
stats: error_connection_closed 0 1
# stats: dump at 1615101836
stats: users 0 1617
stats: {cpu,"tsung_controller@ip-172-31-36-20"} 1 0.19990004997501248 0.0 29.743354720439964 0.19990004997501248 7.5139536711059804 26
stats: {load,"tsung_controller@ip-172-31-36-20"} 1 0.16015625 0.0 0.3203125 0.0 0.0908954326923077 26
stats: {freemem,"tsung_controller@ip-172-31-36-20"} 1 649.44140625 0.0 668.82421875 467.25 585.4194711538463 26
stats: session 0 0 0 61095.519 11252.421 23180.164853963834 4314
stats: users_count 0 4314
stats: finish_users_count 0 4314
stats: request 0 0 0 9664.411 0.325 708.2770777121007 34512
stats: connect 0 0 0 25.974 0.425 0.8722779010120605 14426
stats: page 0 0 0 15607.778 0.337 809.4719413868474 30198
stats: 302 0 2631
stats: error_send_einval 0 1
stats: 200 0 4699
stats: size_rcv 0 254224874
stats: newphase 0 7
stats: 502 0 27178
stats: size_sent 0 11017163
stats: connected 0 0
stats: error_connection_closed 0 1
# stats: dump at 1615101845
stats: users 0 1617
stats: {cpu,"tsung_controller@ip-172-31-36-20"} 1 0.1998001998001998 0.0 29.743354720439964 0.1998001998001998 7.243062796249278 27
stats: {load,"tsung_controller@ip-172-31-36-20"} 1 0.140625 0.0 0.3203125 0.0 0.09346064814814815 27
stats: {freemem,"tsung_controller@ip-172-31-36-20"} 1 649.98046875 0.0 668.82421875 467.25 587.7906539351853 27
stats: session 0 0 0 61095.519 11252.421 23180.164853963834 4314
stats: users_count 0 4314
stats: finish_users_count 0 4314
stats: request 0 0 0 9664.411 0.325 708.2770777121007 34512
stats: connect 0 0 0 25.974 0.425 0.8722779010120605 14426
stats: page 0 0 0 15607.778 0.337 809.4719413868474 30198
stats: 302 0 2631
stats: error_send_einval 0 1
stats: 200 0 4699
stats: size_rcv 0 254224874
stats: newphase 0 7
stats: 502 0 27178
stats: size_sent 0 11017163
stats: connected 0 0
stats: error_connection_closed 0 1
EndMonitor:{1615,101845,400417}
