# stats: dump at 1615509474
stats: users 2 5
stats: {load,"tsung_controller@ip-172-31-63-98"} 1 0.4609375 0 0.4609375 0.4609375 0 0
stats: {freemem,"tsung_controller@ip-172-31-63-98"} 1 692.04296875 0 692.04296875 692.04296875 0 0
stats: {cpu,"tsung_controller@ip-172-31-63-98"} 1 28.444726005701614 0 28.444726005701614 28.444726005701614 0 0
stats: session 13 1947.8321538461535 521.9423561506866 2754.504 1165.146 0 0
stats: users_count 15 15
stats: finish_users_count 13 13
stats: request 69 10.553521739130431 6.656717815531492 58.329 5.781 0 0
stats: connect 15 1.8489333333333335 2.547481801483357 11.378 1.036 0 0
stats: page 27 27.107407407407408 12.540881049618717 71.063 18.496 0 0
stats: 200 69 69
stats: size_rcv 294540 294540
stats: size_sent 28463 28463
stats: connected 3 3
# stats: dump at 1615509484
stats: users 6 6
stats: {load,"tsung_controller@ip-172-31-63-98"} 1 0.390625 0.0 0.4609375 0.390625 0.4609375 1
stats: {freemem,"tsung_controller@ip-172-31-63-98"} 1 691.3671875 0.0 692.04296875 691.3671875 692.04296875 1
stats: {cpu,"tsung_controller@ip-172-31-63-98"} 1 0.5007511266900351 0.0 28.444726005701614 0.5007511266900351 28.444726005701614 1
stats: session 5 2321.0358 562.3041101277493 2984.921 1165.146 1947.8321538461535 13
stats: users_count 9 24
stats: finish_users_count 5 18
stats: request 36 8.969027777777779 1.6194275134906835 58.329 5.781 10.553521739130431 69
stats: connect 8 1.2333749999999999 0.11347680104320879 11.378 1.036 1.8489333333333335 15
stats: page 14 23.198928571428574 2.887301000298815 71.063 18.403 27.107407407407408 27
stats: 200 36 105
stats: size_rcv 153431 447971
stats: size_sent 14803 43266
stats: connected 2 5
# stats: dump at 1615509494
stats: users 0 6
stats: {load,"tsung_controller@ip-172-31-63-98"} 1 0.328125 0.0 0.4609375 0.328125 0.42578125 2
stats: {freemem,"tsung_controller@ip-172-31-63-98"} 1 690.98828125 0.0 692.04296875 690.98828125 691.705078125 2
stats: {cpu,"tsung_controller@ip-172-31-63-98"} 1 0.25037556334501754 0.0 28.444726005701614 0.25037556334501754 14.472738566195824 2
stats: session 12 2229.763166666666 580.9557389775681 3026.251 1165.146 2051.4998333333333 18
stats: users_count 6 30
stats: finish_users_count 12 30
stats: request 45 9.181977777777776 1.4072258997188432 58.329 5.781 10.010266666666665 105
stats: connect 7 1.7812857142857141 1.538245541823143 11.378 1.036 1.6348260869565217 23
stats: page 19 21.865631578947376 2.9904008393617407 71.063 18.403 25.772804878048778 41
stats: 200 45 150
stats: size_rcv 203231 651202
stats: size_sent 19631 62897
stats: connected -5 0
# stats: dump at 1615509504
stats: users 6 12
stats: {load,"tsung_controller@ip-172-31-63-98"} 1 0.28125 0.0 0.4609375 0.28125 0.3932291666666667 3
stats: {freemem,"tsung_controller@ip-172-31-63-98"} 1 689.83984375 0.0 692.04296875 689.83984375 691.4661458333334 3
stats: {cpu,"tsung_controller@ip-172-31-63-98"} 1 0.15 0.0 28.444726005701614 0.15 9.731950898578889 3
stats: session 10 2018.5322000000003 584.225835402167 3026.251 1104.785 2122.8051666666665 30
stats: users_count 16 46
stats: finish_users_count 10 40
stats: request 60 9.176066666666665 1.9207252698452797 58.329 5.781 9.761779999999998 150
stats: connect 16 1.4177499999999996 0.5988664813629161 11.378 1.036 1.669 30
stats: page 22 25.166954545454544 3.9732992413824366 71.063 18.403 24.535533333333333 60
stats: 200 60 210
stats: size_rcv 245195 896397
stats: newphase 1 1
stats: size_sent 23532 86429
stats: connected 10 10
# stats: dump at 1615509514
stats: users 1 12
stats: {load,"tsung_controller@ip-172-31-63-98"} 1 0.23046875 0.0 0.4609375 0.23046875 0.365234375 4
stats: {freemem,"tsung_controller@ip-172-31-63-98"} 1 687.21875 0.0 692.04296875 687.21875 691.0595703125 4
stats: {cpu,"tsung_controller@ip-172-31-63-98"} 1 0.3 0.0 28.444726005701614 0.15 7.336463173934167 4
stats: session 18 2275.7543888888886 559.773141413966 3026.251 1104.785 2096.736925 40
stats: users_count 13 59
stats: finish_users_count 18 58
stats: request 83 10.523518072289152 5.105597448870638 58.329 5.596 9.594433333333331 210
stats: connect 13 1.2030000000000003 0.11487987036632923 11.378 1.028 1.5816086956521738 46
stats: page 35 25.06714285714285 7.705018372622415 71.063 17.109 24.704939024390246 82
stats: 200 83 293
stats: size_rcv 373140 1269537
stats: newphase 0 1
stats: size_sent 36279 122708
stats: connected -9 1
# stats: dump at 1615509524
stats: users 3 12
stats: {load,"tsung_controller@ip-172-31-63-98"} 1 0.19921875 0.0 0.4609375 0.19921875 0.33828125 5
stats: {freemem,"tsung_controller@ip-172-31-63-98"} 1 687.32421875 0.0 692.04296875 687.21875 690.29140625 5
stats: {cpu,"tsung_controller@ip-172-31-63-98"} 1 0.4491017964071856 0.0 28.444726005701614 0.15 5.929170539147334 5
stats: session 17 2021.3203529411762 497.93469690204785 3026.251 1104.785 2152.2940689655175 58
stats: users_count 19 78
stats: finish_users_count 17 75
stats: request 91 9.232890109890102 2.031328793977688 58.329 5.596 9.857621160409552 293
stats: connect 19 1.2405789473684212 0.4199046653442175 11.378 1.028 1.4981864406779661 59
stats: page 36 23.462027777777774 3.7654680577151147 71.063 17.109 24.813290598290596 117
stats: 200 91 384
stats: size_rcv 392487 1662024
stats: newphase 0 1
stats: size_sent 37698 160406
stats: connected 2 3
# stats: dump at 1615509534
stats: users 9 12
stats: {load,"tsung_controller@ip-172-31-63-98"} 1 0.171875 0.0 0.4609375 0.171875 0.3151041666666667 6
stats: {freemem,"tsung_controller@ip-172-31-63-98"} 1 687.4609375 0.0 692.04296875 687.21875 689.796875 6
stats: {cpu,"tsung_controller@ip-172-31-63-98"} 1 0.4491017964071856 0.0 28.444726005701614 0.15 5.015825748690642 6
stats: session 33 1843.1713333333332 493.4878810637274 3026.251 1055.323 2122.6066933333336 75
stats: users_count 39 117
stats: finish_users_count 33 108
stats: request 180 9.340777777777774 2.11985032111954 58.329 5.437 9.709572916666662 384
stats: connect 38 1.3496578947368416 0.9520990736902769 11.378 0.955 1.4354358974358974 78
stats: page 71 23.802014084507043 4.76705349539636 71.063 16.538 24.495346405228755 153
stats: 200 180 564
stats: size_rcv 772660 2434684
stats: newphase 1 2
stats: size_sent 74636 235042
stats: connected 5 8
# stats: dump at 1615509544
stats: users 11 13
stats: {load,"tsung_controller@ip-172-31-63-98"} 1 0.140625 0.0 0.4609375 0.140625 0.29464285714285715 7
stats: {freemem,"tsung_controller@ip-172-31-63-98"} 1 687.4609375 0.0 692.04296875 687.21875 689.4631696428571 7
stats: {cpu,"tsung_controller@ip-172-31-63-98"} 1 0.3009027081243731 0.0 28.444726005701614 0.15 4.3634366126501485 7
stats: session 47 1977.2137021276599 536.7112932352078 3026.251 1055.323 2037.2236666666668 108
stats: users_count 49 166
stats: finish_users_count 47 155
stats: request 235 9.7255744680851 3.984695914315279 58.329 5.437 9.591872340425526 564
stats: connect 49 1.2483061224489795 0.6632761669440452 11.378 0.955 1.4073362068965516 116
stats: page 93 24.705956989247316 7.417342595629905 74.963 16.538 24.27558482142857 224
stats: 200 235 799
stats: size_rcv 1012160 3446844
stats: newphase 0 2
stats: size_sent 97607 332649
stats: connected 5 13
# stats: dump at 1615509554
stats: users 3 15
stats: {load,"tsung_controller@ip-172-31-63-98"} 1 0.12109375 0.0 0.4609375 0.12109375 0.275390625 8
stats: {freemem,"tsung_controller@ip-172-31-63-98"} 1 687.1953125 0.0 692.04296875 687.1953125 689.212890625 8
stats: {cpu,"tsung_controller@ip-172-31-63-98"} 1 0.6006006006006006 0.0 28.444726005701614 0.15 3.8556198745844266 8
stats: session 43 2134.2962325581393 596.264125312742 3026.251 1055.323 2019.0270967741935 155
stats: users_count 35 201
stats: finish_users_count 43 198
stats: request 200 9.971379999999996 3.714385746741983 58.329 5.437 9.631196495619518 799
stats: connect 36 1.2660277777777778 0.6487141335027108 11.378 0.955 1.3601090909090907 165
stats: page 82 24.44153658536586 6.691611004386564 74.963 16.538 24.40184542586751 317
stats: 200 200 999
stats: size_rcv 883505 4330349
stats: newphase 0 2
stats: size_sent 85346 417995
stats: connected -10 3
# stats: dump at 1615509564
stats: users 17 24
stats: {load,"tsung_controller@ip-172-31-63-98"} 1 0.1015625 0.0 0.4609375 0.1015625 0.2582465277777778 9
stats: {freemem,"tsung_controller@ip-172-31-63-98"} 1 687.015625 0.0 692.04296875 687.015625 688.9887152777778 9
stats: {cpu,"tsung_controller@ip-172-31-63-98"} 1 0.6 0.0 28.444726005701614 0.15 3.4939510663640014 9
stats: session 48 2067.256354166666 629.1429402438253 3026.251 1055.323 2044.0602929292927 198
stats: users_count 62 263
stats: finish_users_count 48 246
stats: connect 58 1.3349137931034485 0.5642571339894836 11.378 0.931 1.3432587064676618 201
stats: 200 266 1265
stats: request 266 10.345007518797 3.0446087443148597 58.329 5.192 9.699301301301295 999
stats: page 104 26.588586538461545 6.465088745911467 74.963 16.538 24.410002506265666 399
stats: size_rcv 1134638 5464987
stats: newphase 1 3
stats: size_sent 109488 527483
stats: connected 12 15
# stats: dump at 1615509574
stats: users 13 24
stats: {load,"tsung_controller@ip-172-31-63-98"} 1 0.078125 0.0 0.4609375 0.078125 0.242578125 10
stats: {freemem,"tsung_controller@ip-172-31-63-98"} 1 686.796875 0.0 692.04296875 686.796875 688.79140625 10
stats: {cpu,"tsung_controller@ip-172-31-63-98"} 1 2.15 0.0 28.444726005701614 0.15 3.204555959727601 10
stats: session 84 1993.3847500000006 571.8269025677988 3044.34 1055.323 2048.586353658536 246
stats: users_count 80 343
stats: finish_users_count 84 330
stats: request 417 10.579436450839312 4.888337119626898 58.329 5.019 9.835078260869562 1265
stats: connect 83 1.1699759036144572 0.2573250242282375 11.378 0.906 1.3413899613899614 259
stats: page 167 26.53540718562874 10.3262215969313 105.333 16.276 24.86044532803181 503
stats: 200 417 1682
stats: size_rcv 1812277 7277264
stats: newphase 0 3
stats: size_sent 174981 702464
stats: connected -1 14
# stats: dump at 1615509584
stats: users 11 24
stats: {load,"tsung_controller@ip-172-31-63-98"} 1 0.0703125 0.0 0.4609375 0.0703125 0.2276278409090909 11
stats: {freemem,"tsung_controller@ip-172-31-63-98"} 1 686.6171875 0.0 692.04296875 686.6171875 688.6100852272727 11
stats: {cpu,"tsung_controller@ip-172-31-63-98"} 1 0.8028098344204716 0.0 28.444726005701614 0.15 3.1086872361160007 11
stats: session 83 2016.475987951808 561.9582327556626 3044.34 1055.323 2034.5350363636362 330
stats: users_count 81 424
stats: finish_users_count 83 413
stats: request 407 10.414235872235873 3.2498824448050807 58.329 5.019 10.019618906064203 1682
stats: connect 80 1.3209624999999992 1.103858465154727 11.378 0.906 1.2997894736842104 342
stats: page 163 26.022374233128833 7.248212115564743 105.333 16.276 25.27793582089552 670
stats: 200 407 2089
stats: size_rcv 1773881 9051145
stats: newphase 0 3
stats: size_sent 171496 873960
stats: connected -4 10
# stats: dump at 1615509594
stats: users 34 40
stats: {load,"tsung_controller@ip-172-31-63-98"} 1 0.05859375 0.0 0.4609375 0.05859375 0.21451822916666666 12
stats: {freemem,"tsung_controller@ip-172-31-63-98"} 1 686.66796875 0.0 692.04296875 686.6171875 688.4440104166666 12
stats: {cpu,"tsung_controller@ip-172-31-63-98"} 1 1.05 0.0 28.444726005701614 0.15 2.916530785974707 12
stats: session 117 2027.1314786324785 576.8544964405396 3073.476 1055.323 2030.9057360774818 413
stats: users_count 140 564
stats: finish_users_count 117 530
stats: request 631 11.548825673534058 5.113520319540963 58.329 5.019 10.096502154140733 2089
stats: connect 136 1.3114705882352946 0.86300300712768 11.378 0.906 1.3038033175355448 422
stats: page 248 29.58794758064517 9.59955747432648 105.333 16.276 25.423606242497 833
stats: 200 631 2720
stats: size_rcv 2698678 11749823
stats: newphase 1 4
stats: size_sent 259646 1133606
stats: connected 25 35
# stats: dump at 1615509604
stats: users 27 40
stats: {load,"tsung_controller@ip-172-31-63-98"} 1 0.05078125 0.0 0.4609375 0.05078125 0.20252403846153846 13
stats: {freemem,"tsung_controller@ip-172-31-63-98"} 1 681.1953125 0.0 692.04296875 681.1953125 688.3073918269231 13
stats: {cpu,"tsung_controller@ip-172-31-63-98"} 1 1.5060240963855422 0.0 28.444726005701614 0.15 2.772951494745883 13
stats: session 144 1990.6147083333335 597.0830638822478 3073.476 1055.323 2030.0725509433962 530
stats: users_count 137 701
stats: finish_users_count 144 674
stats: 200 725 3445
stats: request 725 10.8310427586207 4.146735227268344 58.329 4.965 10.433419852941169 2720
stats: connect 142 1.3144225352112673 0.6794995603014846 11.378 0.822 1.3056720430107527 558
stats: page 291 27.057639175257744 8.113158909773372 105.333 15.83 26.378977798334876 1081
stats: size_rcv 3160893 14910716
stats: newphase 0 4
stats: size_sent 305258 1438864
stats: connected -8 27
# stats: dump at 1615509614
stats: users 30 43
stats: {load,"tsung_controller@ip-172-31-63-98"} 1 0.0390625 0.0 0.4609375 0.0390625 0.19168526785714285 14
stats: {freemem,"tsung_controller@ip-172-31-63-98"} 1 682.05859375 0.0 692.04296875 681.1953125 687.7993861607143 14
stats: {cpu,"tsung_controller@ip-172-31-63-98"} 1 1.7991004497751124 0.0 28.444726005701614 0.15 2.6824566805772876 14
stats: session 149 2079.620261744968 588.6676418214292 3073.476 1055.323 2021.642388724036 674
stats: users_count 152 853
stats: finish_users_count 149 823
stats: request 755 11.32059602649007 5.109057811531752 58.329 4.965 10.517099564586355 3445
stats: connect 152 1.417598684210526 1.1471993830507206 11.378 0.822 1.3074471428571428 700
stats: page 302 28.481152317880802 10.211582657007936 105.333 15.83 26.522921282798837 1372
stats: 200 755 4200
stats: size_rcv 3267934 18178650
stats: newphase 0 4
stats: size_sent 315518 1754382
stats: connected 3 30
# stats: dump at 1615509624
stats: users 58 77
stats: {load,"tsung_controller@ip-172-31-63-98"} 1 0.109375 0.0 0.4609375 0.0390625 0.18151041666666667 15
stats: {freemem,"tsung_controller@ip-172-31-63-98"} 1 681.6953125 0.0 692.04296875 681.1953125 687.4166666666666 15
stats: {cpu,"tsung_controller@ip-172-31-63-98"} 1 1.663306451612903 0.0 28.444726005701614 0.15 2.6235662651904756 15
stats: session 235 2113.9915276595725 559.8104797572674 3114.268 1055.323 2032.1389902794658 823
stats: users_count 263 1116
stats: finish_users_count 235 1058
stats: request 1244 16.45514710610937 10.31517538275102 97.312 4.965 10.661537619047618 4200
stats: connect 261 1.3062873563218378 0.7767230936245163 11.378 0.822 1.3270985915492957 852
stats: page 491 41.74861914460287 21.18594848731317 130.966 15.83 26.876198327359624 1674
stats: 200 1244 5444
stats: size_rcv 5354729 23533379
stats: newphase 1 5
stats: size_sent 517076 2271458
stats: connected 30 60
# stats: dump at 1615509634
stats: users 82 83
stats: {load,"tsung_controller@ip-172-31-63-98"} 1 0.08984375 0.0 0.4609375 0.0390625 0.177001953125 16
stats: {freemem,"tsung_controller@ip-172-31-63-98"} 1 668.05859375 0.0 692.04296875 668.05859375 687.05908203125 16
stats: {cpu,"tsung_controller@ip-172-31-63-98"} 1 4.175050301810866 0.0 28.444726005701614 0.15 2.5635500268418774 16
stats: session 309 2087.743000000002 584.9063915465393 3190.935 1055.323 2050.3198468809073 1058
stats: users_count 333 1449
stats: finish_users_count 309 1367
stats: connect 329 1.2011094224923995 0.4538137482689386 11.378 0.822 1.32221832884097 1113
stats: 200 1602 7046
stats: request 1602 20.546109238451884 13.188340388849623 98.38 4.965 11.9854263409258 5444
stats: page 637 51.82554474097331 27.38011072613033 160.611 15.83 30.249112240184765 2165
stats: size_rcv 6911670 30445049
stats: newphase 0 5
stats: size_sent 668860 2940318
stats: connected 20 80
# stats: dump at 1615509644
stats: users 69 83
stats: {load,"tsung_controller@ip-172-31-63-98"} 1 0.078125 0.0 0.4609375 0.0390625 0.171875 17
stats: {freemem,"tsung_controller@ip-172-31-63-98"} 1 664.33203125 0.0 692.04296875 664.33203125 685.94140625 17
stats: {cpu,"tsung_controller@ip-172-31-63-98"} 1 4.492680464411913 0.0 28.444726005701614 0.15 2.6583441606635825 17
stats: session 299 2128.790167224082 577.5731450212731 3190.935 1055.323 2058.779067300659 1367
stats: users_count 286 1735
stats: finish_users_count 299 1666
stats: request 1473 18.308592668024442 11.54019555803625 98.38 4.816 13.931809253477146 7046
stats: connect 289 1.3908339100346023 1.4134924893315923 15.534 0.822 1.2945866851595 1442
stats: page 592 45.710618243243275 23.86775441646465 160.611 15.666 35.15424696645254 2802
stats: 200 1473 8519
stats: size_rcv 6408293 36853342
stats: newphase 0 5
stats: size_sent 616642 3556960
stats: connected -12 68
# stats: dump at 1615509654
stats: users 303 303
stats: {load,"tsung_controller@ip-172-31-63-98"} 1 0.0703125 0.0 0.4609375 0.0390625 0.16666666666666666 18
stats: {freemem,"tsung_controller@ip-172-31-63-98"} 1 666.0703125 0.0 692.04296875 664.33203125 684.7408854166666 18
stats: {cpu,"tsung_controller@ip-172-31-63-98"} 1 3.881048387096774 0.0 28.444726005701614 0.15 2.7602517330940453 18
stats: session 334 3078.5386167664687 1091.0321644352875 5401.423 1055.323 2071.344084633854 1666
stats: users_count 568 2303
stats: finish_users_count 334 2000
stats: connect 564 1.22675354609929 0.7268715910171828 15.534 0.779 1.310655690352397 1731
stats: page 782 871.3193286445015 800.9831205252367 2710.736 1.326 36.99554684737773 3394
stats: request 2157 371.24557487250866 337.13589616548165 1001.364 0.582 14.688588449348513 8519
stats: 200 2056 10575
stats: size_rcv 8861056 45714398
stats: newphase 1 6
stats: 502 101 101
stats: size_sent 926151 4483111
stats: connected 231 299
# stats: dump at 1615509664
stats: users 310 338
stats: {load,"tsung_controller@ip-172-31-63-98"} 1 0.05859375 0.0 0.4609375 0.0390625 0.16159539473684212 19
stats: {freemem,"tsung_controller@ip-172-31-63-98"} 1 608.05078125 0.0 692.04296875 608.05078125 683.7582236842105 19
stats: {cpu,"tsung_controller@ip-172-31-63-98"} 1 6.857727737973388 0.0 28.444726005701614 0.15 2.8192410306731364 19
stats: session 633 4988.132742496047 1268.7963820691143 7380.104 1055.323 2239.5455715000007 2000
stats: users_count 640 2943
stats: finish_users_count 633 2633
stats: request 3168 598.6802926136353 402.8639248545951 1096.417 0.578 86.72806200824289 10676
stats: connect 640 1.1482828124999975 0.3846296754081643 15.534 0.779 1.290036601307189 2295
stats: page 1268 1503.5995520504719 894.0087868476046 2901.944 1.222 193.23146575670503 4176
stats: 200 2189 12764
stats: size_rcv 10113336 55827734
stats: newphase 0 6
stats: 502 979 1080
stats: size_sent 1179046 5662157
stats: connected 9 308
# stats: dump at 1615509674
stats: users 327 343
stats: {load,"tsung_controller@ip-172-31-63-98"} 1 0.05078125 0.0 0.4609375 0.0390625 0.15644531250000002 20
stats: {freemem,"tsung_controller@ip-172-31-63-98"} 1 603.54296875 0.0 692.04296875 603.54296875 679.9728515625 20
stats: {cpu,"tsung_controller@ip-172-31-63-98"} 1 7.859358841778697 0.0 28.444726005701614 0.15 3.0211653660381486 20
stats: session 645 5024.020725581396 1358.5312054135925 7689.81 1055.323 2900.3339039118873 2633
stats: users_count 662 3605
stats: finish_users_count 645 3278
stats: request 3300 579.2218200000005 419.26358201903054 1096.417 0.569 203.8809561542905 13844
stats: connect 668 1.152130239520958 0.4720180361499345 15.534 0.779 1.2591260647359446 2935
stats: page 1316 1451.4756329787226 907.702460165928 2901.944 1.222 498.4384336884641 5444
stats: 200 2172 14936
stats: size_rcv 10081133 65908867
stats: newphase 0 6
stats: 502 1128 2208
stats: size_sent 1187934 6850091
stats: connected 21 329
# stats: dump at 1615509684
stats: users 439 466
stats: {load,"tsung_controller@ip-172-31-63-98"} 1 0.0390625 0.0 0.4609375 0.0390625 0.1514136904761905 21
stats: {freemem,"tsung_controller@ip-172-31-63-98"} 1 594.8359375 0.0 692.04296875 594.8359375 676.3333333333334 21
stats: {cpu,"tsung_controller@ip-172-31-63-98"} 1 8.204334365325078 0.0 28.444726005701614 0.15 3.2515555315496036 21
stats: session 983 3966.9377690742544 1503.995134213128 7689.81 1014.879 3318.203946613789 3278
stats: users_count 1095 4700
stats: finish_users_count 983 4261
stats: request 5264 362.9105400835872 440.82233111049476 1098.265 0.564 276.1292558912739 17144
stats: 200 2128 17064
stats: connect 1088 1.0657794117647081 0.40287866169196995 15.534 0.732 1.2392889258950865 3603
stats: size_rcv 10439944 76348811
stats: newphase 1 7
stats: page 2082 936.1944985590785 923.7460667543771 2933.379 1.22 683.9705275147926 6760
stats: 502 3136 5344
stats: size_sent 1548433 8398524
stats: connected 105 434
# stats: dump at 1615509694
stats: users 451 476
stats: {load,"tsung_controller@ip-172-31-63-98"} 1 0.03125 0.0 0.4609375 0.03125 0.1463068181818182 22
stats: {freemem,"tsung_controller@ip-172-31-63-98"} 1 592.83984375 0.0 692.04296875 592.83984375 672.62890625 22
stats: {cpu,"tsung_controller@ip-172-31-63-98"} 1 11.199154780771263 0.0 28.444726005701614 0.15 3.4766818421757617 22
stats: session 1270 3579.16610629921 1335.6242851386776 7689.81 1014.879 3467.8649058906344 4261
stats: users_count 1282 5982
stats: finish_users_count 1270 5531
stats: request 6352 303.9915754093192 433.03312250486425 1108.376 0.564 296.51557684755454 22408
stats: connect 1285 1.1286217898832673 1.1232946927163574 28.147 0.711 1.199046258793434 4691
stats: page 2541 764.1095446674532 836.8836737995523 3045.386 1.22 743.3609717258538 8842
stats: 200 2090 19154
stats: size_rcv 10821439 87170250
stats: newphase 0 7
stats: 502 4262 9606
stats: size_sent 1751696 10150220
stats: connected 18 452
# stats: dump at 1615509704
stats: users 433 483
stats: {load,"tsung_controller@ip-172-31-63-98"} 1 0.03125 0.0 0.4609375 0.03125 0.14130434782608697 23
stats: {freemem,"tsung_controller@ip-172-31-63-98"} 1 592.80859375 0.0 692.04296875 592.80859375 669.159816576087 23
stats: {cpu,"tsung_controller@ip-172-31-63-98"} 1 13.404255319148936 0.0 28.444726005701614 0.15 3.812441535158175 23
stats: session 1288 3463.448411490679 1298.6421969463659 7689.81 1011.892 3493.421319652864 5531
stats: users_count 1270 7252
stats: finish_users_count 1288 6819
stats: connect 1274 1.1032817896389315 0.5638047998250327 28.147 0.711 1.183903112449799 5976
stats: page 2579 748.138590538967 817.5711396032007 3072.993 1.207 747.9926262848105 11383
stats: 200 2118 21272
stats: request 6439 301.0147004193194 429.237968618645 1117.215 0.562 298.16674315020856 28760
stats: size_rcv 11013108 98183358
stats: newphase 0 7
stats: 502 4321 13927
stats: size_sent 1798710 11948930
stats: connected -19 433
