# stats: dump at 1615368994
stats: users 4 5
stats: {load,"tsung_controller@ip-172-31-50-238"} 1 0.0 0 0.0 0.0 0 0
stats: {cpu,"tsung_controller@ip-172-31-50-238"} 1 2.285558201381825 0 2.285558201381825 2.285558201381825 0 0
stats: {freemem,"tsung_controller@ip-172-31-50-238"} 1 660.78125 0 660.78125 660.78125 0 0
stats: session 8 2340.35675 435.8643327888135 3135.487 1573.404 0 0
stats: users_count 12 12
stats: finish_users_count 8 8
stats: request 100 49.59678000000001 77.0040891940915 267.689 6.996 0 0
stats: connect 12 2.232 3.5850201766052403 14.121 1.06 0 0
stats: page 32 155.257375 170.2858214039982 583.06 8.539 0 0
stats: 302 20 20
stats: 200 80 80
stats: size_rcv 390000 390000
stats: size_sent 56898 56898
stats: connected 4 4
# stats: dump at 1615369004
stats: users 3 6
stats: {load,"tsung_controller@ip-172-31-50-238"} 1 0.0 0.0 0.0 0.0 0.0 1
stats: {cpu,"tsung_controller@ip-172-31-50-238"} 1 0.5519317611640743 0.0 2.285558201381825 0.5519317611640743 2.285558201381825 1
stats: {freemem,"tsung_controller@ip-172-31-50-238"} 1 659.76171875 0.0 660.78125 659.76171875 660.78125 1
stats: session 11 2289.092272727273 590.8324452360862 3306.712 1360.469 2340.35675 8
stats: users_count 10 22
stats: finish_users_count 11 19
stats: request 81 49.11951851851851 91.76490985700619 447.775 6.825 49.59678000000001 100
stats: 302 20 40
stats: connect 9 1.219111111111111 0.14146962331535223 14.121 1.011 2.232 12
stats: page 28 133.9203214285714 182.83377233472675 745.491 8.329 155.257375 32
stats: 200 61 141
stats: size_rcv 273636 663636
stats: size_sent 47391 104289
stats: connected -2 2
# stats: dump at 1615369014
stats: users 1 6
stats: {load,"tsung_controller@ip-172-31-50-238"} 1 0.0 0.0 0.0 0.0 0.0 2
stats: {cpu,"tsung_controller@ip-172-31-50-238"} 1 0.49975012493753124 0.0 2.285558201381825 0.49975012493753124 1.4187449812729496 2
stats: {freemem,"tsung_controller@ip-172-31-50-238"} 1 657.01953125 0.0 660.78125 657.01953125 660.271484375 2
stats: session 10 2515.1253 586.8143267555847 3398.668 1360.469 2310.677315789474 19
stats: users_count 8 30
stats: finish_users_count 10 29
stats: page 29 125.14555172413792 146.0425048391584 745.491 7.814 145.30008333333333 60
stats: 302 19 59
stats: request 87 38.945425287356315 68.12256689024339 447.775 6.692 49.383198895027625 181
stats: connect 9 1.1592222222222222 0.07168104937503482 14.121 1.011 1.797904761904762 21
stats: 200 68 209
stats: size_rcv 327695 991331
stats: size_sent 49710 153999
stats: connected -1 1
# stats: dump at 1615369024
stats: users 7 7
stats: {load,"tsung_controller@ip-172-31-50-238"} 1 0.0 0.0 0.0 0.0 0.0 3
stats: {cpu,"tsung_controller@ip-172-31-50-238"} 1 0.3001500750375188 0.0 2.285558201381825 0.3001500750375188 1.1124133624944768 3
stats: {freemem,"tsung_controller@ip-172-31-50-238"} 1 657.8046875 0.0 660.78125 657.01953125 659.1875 3
stats: session 14 2357.946571428572 457.05636841371177 3398.668 1360.469 2381.1766206896555 29
stats: users_count 20 50
stats: finish_users_count 14 43
stats: request 154 46.54533116883116 74.31823039689112 447.775 6.692 45.99481716417911 268
stats: connect 18 1.3401666666666667 0.314985934430236 14.121 1.011 1.6063 30
stats: page 50 143.58308000000005 154.85158029453106 745.491 7.814 138.73287640449436 89
stats: 302 32 91
stats: 200 122 331
stats: size_rcv 589372 1580703
stats: newphase 1 1
stats: size_sent 87876 241875
stats: connected 4 5
# stats: dump at 1615369034
stats: users 3 9
stats: {load,"tsung_controller@ip-172-31-50-238"} 1 0.0 0.0 0.0 0.0 0.0 4
stats: {cpu,"tsung_controller@ip-172-31-50-238"} 1 0.65 0.0 2.285558201381825 0.3001500750375188 0.9093475406302373 4
stats: {freemem,"tsung_controller@ip-172-31-50-238"} 1 655.28515625 0.0 660.78125 655.28515625 658.841796875 4
stats: session 24 2285.6200416666657 615.0458795212272 3476.055 1360.469 2373.6133488372097 43
stats: users_count 20 70
stats: finish_users_count 24 67
stats: request 202 46.751633663366356 76.75505138235125 447.775 6.692 46.19571563981043 422
stats: connect 22 1.2340454545454547 0.10885289375730367 14.121 1.011 1.5065 48
stats: page 68 139.08467647058822 170.00755555705032 745.491 7.719 140.47755395683453 139
stats: 302 46 137
stats: 200 156 487
stats: size_rcv 733973 2314676
stats: newphase 0 1
stats: size_sent 116481 358356
stats: connected -2 3
# stats: dump at 1615369044
stats: users 7 9
stats: {load,"tsung_controller@ip-172-31-50-238"} 1 0.0 0.0 0.0 0.0 0.0 5
stats: {cpu,"tsung_controller@ip-172-31-50-238"} 1 0.798801797304044 0.0 2.285558201381825 0.3001500750375188 0.8574780325041897 5
stats: {freemem,"tsung_controller@ip-172-31-50-238"} 1 654.3125 0.0 660.78125 654.3125 658.13046875 5
stats: session 13 2620.4608461538464 523.9500539999893 3476.055 1360.469 2342.093358208955 67
stats: users_count 17 87
stats: finish_users_count 13 80
stats: request 122 39.77536885245901 69.57588487461199 447.775 6.692 46.375676282051295 624
stats: connect 14 1.3109285714285714 0.2757559646513858 14.121 1.011 1.4208714285714286 70
stats: page 40 121.573925 132.98874726765183 745.491 7.719 140.01999033816423 207
stats: 302 26 163
stats: 200 96 583
stats: size_rcv 460419 2775095
stats: newphase 0 1
stats: size_sent 69909 428265
stats: connected 2 5
# stats: dump at 1615369054
stats: users 17 19
stats: {load,"tsung_controller@ip-172-31-50-238"} 1 0.0 0.0 0.0 0.0 0.0 6
stats: {cpu,"tsung_controller@ip-172-31-50-238"} 1 0.6503251625812907 0.0 2.285558201381825 0.3001500750375188 0.8476986599708322 6
stats: {freemem,"tsung_controller@ip-172-31-50-238"} 1 653.5703125 0.0 660.78125 653.5703125 657.494140625 6
stats: session 24 2515.412083333334 542.9925800021671 3631.434 1360.469 2387.3280750000004 80
stats: users_count 34 121
stats: finish_users_count 24 104
stats: request 262 96.82634351145035 151.7325374574582 980.327 6.692 45.29626943699733 746
stats: page 85 235.75174117647063 306.2936785795102 1499.729 7.447 137.0327732793522 247
stats: 302 56 219
stats: 200 206 789
stats: size_rcv 962701 3737796
stats: newphase 1 2
stats: size_sent 153104 581369
stats: connected 14 19
stats: connect 35 1.7135428571428577 1.7563495965513591 14.121 1.011 1.402547619047619 84
# stats: dump at 1615369064
stats: users 14 20
stats: {load,"tsung_controller@ip-172-31-50-238"} 1 0.0 0.0 0.0 0.0 0.0 7
stats: {cpu,"tsung_controller@ip-172-31-50-238"} 1 1.2018027040560841 0.0 2.285558201381825 0.3001500750375188 0.8195024460580405 7
stats: {freemem,"tsung_controller@ip-172-31-50-238"} 1 646.39453125 0.0 660.78125 646.39453125 656.93359375 7
stats: session 45 2548.9629333333332 797.4792097643508 4065.546 1360.469 2416.8859230769235 104
stats: users_count 42 163
stats: finish_users_count 45 149
stats: request 385 58.462779220779225 90.13863348294133 980.327 6.558 58.68999900793651 1008
stats: connect 41 1.2050731707317077 0.13029841738437695 14.121 0.969 1.494016806722689 119
stats: page 131 210.97325190839712 273.30452160054534 1499.729 7.159 162.30720783132531 332
stats: 302 86 305
stats: 200 299 1088
stats: size_rcv 1421255 5159051
stats: newphase 0 2
stats: size_sent 219835 801204
stats: connected -7 12
# stats: dump at 1615369074
stats: users 5 21
stats: {load,"tsung_controller@ip-172-31-50-238"} 1 0.0 0.0 0.0 0.0 0.0 8
stats: {cpu,"tsung_controller@ip-172-31-50-238"} 1 1.2518778167250877 0.0 2.285558201381825 0.3001500750375188 0.867289978307796 8
stats: {freemem,"tsung_controller@ip-172-31-50-238"} 1 646.10546875 0.0 660.78125 646.10546875 655.6162109375 8
stats: session 40 2984.660275 903.3937845980287 5200.669 1360.469 2456.7749530201345 149
stats: users_count 31 194
stats: finish_users_count 40 189
stats: connect 34 1.3360588235294115 0.47202541937886394 14.121 0.969 1.4199750000000002 160
stats: request 343 113.19522448979605 172.90773066251893 1014.431 6.558 58.62719956927494 1393
stats: page 114 343.00696491228047 479.45883660737064 2156.193 7.159 176.07665010799144 463
stats: 302 78 383
stats: 200 265 1353
stats: size_rcv 1258968 6418019
stats: newphase 0 2
stats: size_sent 196279 997483
stats: connected -7 5
# stats: dump at 1615369084
stats: users 71 72
stats: {load,"tsung_controller@ip-172-31-50-238"} 1 0.0 0.0 0.0 0.0 0.0 9
stats: {cpu,"tsung_controller@ip-172-31-50-238"} 1 0.8504252126063032 0.0 2.285558201381825 0.3001500750375188 0.9100219603541616 9
stats: {freemem,"tsung_controller@ip-172-31-50-238"} 1 646.79296875 0.0 660.78125 646.10546875 654.5594618055555 9
stats: session 22 3672.310363636364 1279.6227974378564 6494.206 1360.469 2568.4967142857145 189
stats: users_count 88 282
stats: finish_users_count 22 211
stats: request 332 405.0144578313256 459.98633028779653 2601.027 6.558 69.40878513824887 1736
stats: page 114 649.6493771929821 762.9155545951678 5049.07 7.159 209.05768284228768 577
stats: 302 75 458
stats: 200 257 1610
stats: size_rcv 1078645 7496664
stats: newphase 1 3
stats: size_sent 208443 1205926
stats: connected 64 69
stats: connect 85 1.2213647058823527 0.1838430178845896 14.121 0.969 1.4052680412371135 194
# stats: dump at 1615369094
stats: users 117 117
stats: {load,"tsung_controller@ip-172-31-50-238"} 1 0.0 0.0 0.0 0.0 0.0 10
stats: {cpu,"tsung_controller@ip-172-31-50-238"} 1 1.3533834586466165 0.0 2.285558201381825 0.3001500750375188 0.9040622855793758 10
stats: {freemem,"tsung_controller@ip-172-31-50-238"} 1 634.08203125 0.0 660.78125 634.08203125 653.7828125 10
stats: session 18 10438.813944444444 2994.027281308766 14976.093 1360.469 2683.5862890995263 211
stats: users_count 64 346
stats: finish_users_count 18 229
stats: page 130 4087.6438384615385 3490.5389963471057 12456.278 7.159 281.7457481910275 691
stats: 302 91 549
stats: request 469 1889.9669765458402 673.0692724427489 4095.616 6.558 123.28745212765965 2068
stats: connect 65 1.2253538461538458 0.3616113694081079 14.121 0.969 1.3492401433691756 279
stats: 200 378 1988
stats: size_rcv 1738924 9235588
stats: newphase 0 3
stats: size_sent 283756 1489682
stats: connected 47 116
# stats: dump at 1615369104
stats: users 142 145
stats: {load,"tsung_controller@ip-172-31-50-238"} 1 0.0 0.0 0.0 0.0 0.0 11
stats: {cpu,"tsung_controller@ip-172-31-50-238"} 1 1.7008504252126064 0.0 2.285558201381825 0.3001500750375188 0.944909664949125 11
stats: {freemem,"tsung_controller@ip-172-31-50-238"} 1 604.35546875 0.0 660.78125 604.35546875 651.9918323863636 11
stats: session 53 17771.566622641505 1717.5067022559792 21325.444 1360.469 3293.167502183406 229
stats: users_count 78 424
stats: finish_users_count 53 282
stats: request 568 1946.0759771126761 447.7722734771185 4095.616 6.558 449.88291801340137 2537
stats: connect 80 1.271075 0.41602228831518145 14.121 0.969 1.325831395348837 344
stats: page 191 5793.429115183253 4317.574652738526 14506.734 7.159 884.384909866017 821
stats: 302 118 667
stats: 200 450 2438
stats: size_rcv 2099769 11335357
stats: newphase 0 3
stats: size_sent 339515 1829197
stats: connected 26 142
# stats: dump at 1615369114
stats: users 226 227
stats: {load,"tsung_controller@ip-172-31-50-238"} 1 0.0 0.0 0.0 0.0 0.0 12
stats: {cpu,"tsung_controller@ip-172-31-50-238"} 1 1.7017017017017018 0.0 2.285558201381825 0.3001500750375188 1.0079047283044151 12
stats: {freemem,"tsung_controller@ip-172-31-50-238"} 1 599.95703125 0.0 660.78125 599.95703125 648.0221354166666 12
stats: session 59 18264.038322033903 6126.674349913121 23638.65 1268.567 6014.285067375886 282
stats: users_count 143 567
stats: finish_users_count 59 341
stats: request 722 1850.655707756235 1515.601551867595 4532.421 0.566 723.5826466988726 3105
stats: connect 139 1.3605827338129488 1.3200168513164643 14.121 0.932 1.3155 424
stats: page 241 4261.148170124476 4479.819315011295 16732.982 1.309 1810.8942411067205 1012
stats: 302 112 779
stats: 200 342 2780
stats: size_rcv 1585389 12920746
stats: newphase 1 4
stats: 502 268 268
stats: size_sent 336243 2165440
stats: connected 82 224
# stats: dump at 1615369124
stats: users 227 236
stats: {load,"tsung_controller@ip-172-31-50-238"} 1 0.0 0.0 0.0 0.0 0.0 13
stats: {cpu,"tsung_controller@ip-172-31-50-238"} 1 1.6541353383458646 0.0 2.285558201381825 0.3001500750375188 1.0612737262580525 13
stats: {freemem,"tsung_controller@ip-172-31-50-238"} 1 590.7265625 0.0 660.78125 590.7265625 644.3248197115385 13
stats: session 163 10748.951196319022 9536.568942616734 29526.001 1023.594 8133.743841642228 341
stats: users_count 164 731
stats: finish_users_count 163 504
stats: request 1682 1265.55286682521 2123.2999793067943 6637.904 0.561 936.2157143977007 3827
stats: connect 164 1.2502134146341457 0.7678350128075812 14.121 0.896 1.3266305506216693 563
stats: page 521 3066.5822399232243 5226.867030159104 22720.147 1.251 2282.1721316839585 1253
stats: 302 100 879
stats: 200 358 3138
stats: size_rcv 1907085 14827831
stats: newphase 0 4
stats: 502 1224 1492
stats: size_sent 579525 2744965
stats: connected 5 229
# stats: dump at 1615369134
stats: users 224 242
stats: {load,"tsung_controller@ip-172-31-50-238"} 1 0.0 0.0 0.0 0.0 0.0 14
stats: {cpu,"tsung_controller@ip-172-31-50-238"} 1 3.0545818728092136 0.0 3.0545818728092136 0.3001500750375188 1.1036209842643248 14
stats: {freemem,"tsung_controller@ip-172-31-50-238"} 1 589.5078125 0.0 660.78125 589.5078125 640.4963727678571 14
stats: session 180 13716.875566666662 9939.832528133076 32615.128 1023.594 8979.535109126984 504
stats: users_count 177 908
stats: finish_users_count 180 684
stats: request 1593 1130.4283709981137 1496.0207755665074 6637.904 0.561 1036.7684626974049 5509
stats: connect 177 1.220937853107344 0.35396804985556907 14.121 0.896 1.3093920220082527 727
stats: page 543 4141.295788213634 6273.353664579931 23281.044 1.251 2512.542856820744 1774
stats: 302 122 1001
stats: 200 472 3610
stats: size_rcv 2433482 17261313
stats: newphase 0 4
stats: 502 999 2491
stats: size_sent 588432 3333397
stats: connected -8 221
# stats: dump at 1615369144
stats: users 246 258
stats: {load,"tsung_controller@ip-172-31-50-238"} 1 0.0 0.0 0.0 0.0 0.0 15
stats: {cpu,"tsung_controller@ip-172-31-50-238"} 1 2.679474216380182 0.0 3.0545818728092136 0.3001500750375188 1.2336850435006506 15
stats: {freemem,"tsung_controller@ip-172-31-50-238"} 1 587.34765625 0.0 660.78125 587.34765625 637.0971354166667 15
stats: session 210 12108.263966666667 10747.95894806888 35655.799 1023.594 10226.203650584794 684
stats: users_count 232 1140
stats: finish_users_count 210 894
stats: request 2002 993.3282602397584 1653.1981352840826 6637.904 0.556 1057.7766623486339 7102
stats: connect 226 1.3039955752212398 0.5287151105482178 14.121 0.872 1.2920730088495571 904
stats: 302 137 1138
stats: page 670 3018.201585074624 5171.220039873389 23831.907 1.232 2894.2488739749692 2317
stats: 200 414 4024
stats: size_rcv 2222419 19483732
stats: newphase 1 5
stats: 502 1451 3942
stats: size_sent 620623 3954020
stats: connected 18 239
# stats: dump at 1615369154
stats: users 257 263
stats: {load,"tsung_controller@ip-172-31-50-238"} 1 0.0 0.0 0.0 0.0 0.0 16
stats: {cpu,"tsung_controller@ip-172-31-50-238"} 1 4.597701149425287 0.0 4.597701149425287 0.3001500750375188 1.3240468668056213 16
stats: {freemem,"tsung_controller@ip-172-31-50-238"} 1 579.6953125 0.0 660.78125 579.6953125 633.98779296875 16
stats: session 302 8653.963410596023 8362.960973069597 37968.624 1023.594 10668.298355704695 894
stats: users_count 313 1453
stats: finish_users_count 302 1196
stats: connect 313 1.2512683706070291 0.6700743591774406 14.121 0.872 1.2944575221238936 1130
stats: page 913 2106.543168674701 4308.26088390986 23831.907 1.21 2922.052126883161 2987
stats: 302 141 1279
stats: request 2770 669.8042129963884 1382.0903162287746 6637.904 0.554 1043.6042435193315 9104
stats: 200 404 4428
stats: size_rcv 2408863 21892595
stats: newphase 0 5
stats: 502 2225 6167
stats: size_sent 779281 4733301
stats: connected 12 251
# stats: dump at 1615369164
stats: users 259 274
stats: {load,"tsung_controller@ip-172-31-50-238"} 1 0.0 0.0 0.0 0.0 0.0 17
stats: {cpu,"tsung_controller@ip-172-31-50-238"} 1 5.390428211586902 0.0 5.390428211586902 0.3001500750375188 1.5166147657832487 17
stats: {freemem,"tsung_controller@ip-172-31-50-238"} 1 578.11328125 0.0 660.78125 578.11328125 630.7941176470588 17
stats: session 312 8670.8561826923 8383.777879739228 37968.624 1016.51 10159.661939799329 1196
stats: users_count 314 1767
stats: finish_users_count 312 1508
stats: request 2964 661.1278582995933 1397.4313763062812 6637.904 0.554 956.4031247262919 11874
stats: connect 323 1.1550278637770888 0.3504346560202324 14.121 0.871 1.285089397089397 1443
stats: page 984 2155.115142276424 4311.136015230841 23831.907 1.21 2731.1393887179497 3900
stats: 302 135 1414
stats: 200 418 4846
stats: size_rcv 2437584 24330179
stats: newphase 0 5
stats: 502 2411 8578
stats: size_sent 841681 5574982
stats: connected 9 260
# stats: dump at 1615369174
stats: users 318 329
stats: {load,"tsung_controller@ip-172-31-50-238"} 1 0.1484375 0.0 0.1484375 0.0 0.0 18
stats: {cpu,"tsung_controller@ip-172-31-50-238"} 1 4.742684157416751 0.0 5.390428211586902 0.3001500750375188 1.7318266238834517 18
stats: {freemem,"tsung_controller@ip-172-31-50-238"} 1 581.0546875 0.0 660.78125 578.11328125 627.8674045138889 18
stats: session 483 6605.446706004146 7202.481893007237 37968.624 1016.51 9851.63316246684 1508
stats: users_count 542 2309
stats: finish_users_count 483 1991
stats: request 4640 422.5784696120698 1131.4267231719462 6637.904 0.549 897.4197112144484 14838
stats: 302 143 1557
stats: connect 534 1.1814588014981278 0.6342277804670552 14.121 0.855 1.261301245753114 1766
stats: 200 441 5287
stats: size_rcv 3132813 27462992
stats: page 1528 1312.4131459424098 3162.525427438242 23831.907 1.179 2615.0853636363645 4884
stats: newphase 1 6
stats: 502 4056 12634
stats: size_sent 1112484 6687466
stats: connected 52 312
# stats: dump at 1615369184
stats: users 301 332
stats: {load,"tsung_controller@ip-172-31-50-238"} 1 0.12109375 0.0 0.1484375 0.0 0.0078125 19
stats: {cpu,"tsung_controller@ip-172-31-50-238"} 1 7.892057026476579 0.0 7.892057026476579 0.3001500750375188 1.8902928098588887 19
stats: {freemem,"tsung_controller@ip-172-31-50-238"} 1 580.59375 0.0 660.78125 578.11328125 625.4035773026316 19
stats: session 611 5207.051908346972 5306.454223875397 37968.624 1010.169 9064.135393269711 1991
stats: users_count 594 2903
stats: finish_users_count 611 2602
stats: connect 600 1.148319999999999 0.44870966589395705 14.121 0.855 1.2427639130434782 2300
stats: page 1821 1062.7907594728188 2852.442094827703 23831.907 1.179 2304.6544296631328 6412
stats: request 5451 339.5201827187664 1003.1477476126387 6637.904 0.549 784.3042290789604 19478
stats: 302 143 1700
stats: 200 438 5725
stats: size_rcv 3348239 30811231
stats: newphase 0 6
stats: 502 4871 17505
stats: size_sent 1256590 7944056
stats: connected -12 300
# stats: dump at 1615369194
stats: users 315 332
stats: {load,"tsung_controller@ip-172-31-50-238"} 1 0.1015625 0.0 0.1484375 0.0 0.0134765625 20
stats: {cpu,"tsung_controller@ip-172-31-50-238"} 1 9.620253164556962 0.0 9.620253164556962 0.3001500750375188 2.190381020689773 20
stats: {freemem,"tsung_controller@ip-172-31-50-238"} 1 576.2890625 0.0 660.78125 576.2890625 623.1630859375 20
stats: session 625 5283.311512000003 5389.872285409378 37968.624 1010.169 8158.41748039969 2602
stats: users_count 639 3542
stats: finish_users_count 625 3227
stats: request 5691 343.0799903356155 971.3593586741142 6637.904 0.546 687.0473059488942 24929
stats: connect 637 1.1670376766091048 0.5489068387037674 14.121 0.855 1.223223793103448 2900
stats: page 1899 1041.7994776197997 2525.1730934104958 23831.907 1.179 2029.9752430462784 8233
stats: 302 132 1832
stats: 200 514 6239
stats: size_rcv 3746294 34557525
stats: newphase 0 6
stats: 502 5044 22549
stats: size_sent 1366463 9310519
stats: connected 14 314
# stats: dump at 1615369204
stats: users 418 450
stats: {load,"tsung_controller@ip-172-31-50-238"} 1 0.08984375 0.0 0.1484375 0.0 0.017671130952380952 21
stats: {cpu,"tsung_controller@ip-172-31-50-238"} 1 10.355329949238579 0.0 10.355329949238579 0.3001500750375188 2.54418445611202 21
stats: {freemem,"tsung_controller@ip-172-31-50-238"} 1 572.984375 0.0 660.78125 572.984375 620.9309895833334 21
stats: session 928 4174.5194482758625 4237.864462451793 37968.624 1010.169 7601.571731949177 3227
stats: users_count 1031 4573
stats: finish_users_count 928 4155
stats: connect 1030 1.206715533980583 0.6153652934004333 14.121 0.855 1.2131048911506923 3537
stats: page 2977 684.0074161907966 2101.21555162703 23831.907 1.179 1844.7654346624568 10132
stats: request 9084 209.91509489211697 817.3835488241722 6637.904 0.546 623.117913618549 30620
stats: 302 116 1948
stats: 200 462 6701
stats: size_rcv 4670787 39228312
stats: newphase 1 7
stats: 502 8506 31055
stats: size_sent 1944357 11254876
stats: connected 105 419
# stats: dump at 1615369214
stats: users 434 484
stats: {load,"tsung_controller@ip-172-31-50-238"} 1 0.0703125 0.0 0.1484375 0.0 0.020951704545454544 22
stats: {cpu,"tsung_controller@ip-172-31-50-238"} 1 16.40506329113924 0.0 16.40506329113924 0.3001500750375188 2.8992365239814095 22
stats: {freemem,"tsung_controller@ip-172-31-50-238"} 1 564.13671875 0.0 660.78125 564.13671875 618.7515980113636 22
stats: session 1281 3718.828138953944 3398.5960076353454 37968.624 1009.239 6836.155481829121 4155
stats: users_count 1297 5870
stats: finish_users_count 1281 5436
stats: connect 1299 1.1313394919168591 0.6307331116323012 14.121 0.855 1.2116638931464854 4567
stats: page 3887 533.1157527656331 1718.0255420163937 23831.907 1.179 1581.1620613319103 13109
stats: 302 132 2080
stats: request 11645 171.9537523400592 733.544416507097 6637.904 0.546 528.5799727231504 39704
stats: 200 509 7210
stats: size_rcv 5702749 44931061
stats: newphase 0 7
stats: 502 11004 42059
stats: size_sent 2370226 13625102
stats: connected 15 434
# stats: dump at 1615369224
stats: users 432 484
stats: {load,"tsung_controller@ip-172-31-50-238"} 1 0.2109375 0.0 0.2109375 0.0 0.02309782608695652 23
stats: {cpu,"tsung_controller@ip-172-31-50-238"} 1 19.460010188487008 0.0 19.460010188487008 0.3001500750375188 3.4864463834230546 23
stats: {freemem,"tsung_controller@ip-172-31-50-238"} 1 553.6875 0.0 660.78125 553.6875 616.3770380434783 23
stats: session 1262 3417.7697614896997 2938.0458590332696 37968.624 1009.239 6101.553508646062 5436
stats: users_count 1260 7130
stats: finish_users_count 1262 6698
stats: request 11354 162.10399991192486 716.2571721463626 6637.904 0.546 447.7037660519183 51349
stats: 302 119 2199
stats: 200 443 7653
stats: connect 1262 1.1039080824088738 0.5937131707403721 14.121 0.808 1.193876406409819 5866
stats: size_rcv 5366249 50297310
stats: newphase 0 7
stats: 502 10792 52851
stats: page 3789 475.9177112694632 1572.887578394625 23831.907 1.179 1341.4729579312796 16996
stats: size_sent 2236167 15861269
stats: connected -2 432
# stats: dump at 1615369234
stats: users 90 484
stats: {load,"tsung_controller@ip-172-31-50-238"} 1 0.1796875 0.0 0.2109375 0.0 0.030924479166666668 24
stats: {cpu,"tsung_controller@ip-172-31-50-238"} 1 18.93551688843398 0.0 19.460010188487008 0.3001500750375188 4.1520115419673855 24
stats: {freemem,"tsung_controller@ip-172-31-50-238"} 1 560.453125 0.0 660.78125 553.6875 613.7649739583334 24
stats: session 614 4830.8716140065135 3940.0652806356484 37968.624 1009.239 5595.889864437146 6698
stats: users_count 272 7402
stats: finish_users_count 614 7312
stats: request 3583 543.67287831426 1151.6758113373076 6637.904 0.546 395.9885411862263 62703
stats: 302 197 2396
stats: connect 274 1.1361788321167872 0.5835595411713074 14.121 0.808 1.177947671156004 7128
stats: 200 593 8246
stats: page 1262 1435.560981774961 2766.7809314285446 23831.907 1.179 1183.686629829205 20785
stats: size_rcv 3724235 54021545
stats: newphase 0 7
stats: 502 2793 55644
stats: size_sent 920766 16782035
stats: connected -325 107
# stats: dump at 1615369242
stats: users 0 484
stats: {load,"tsung_controller@ip-172-31-50-238"} 1 0.21875 0.0 0.21875 0.0 0.036875 25
stats: {cpu,"tsung_controller@ip-172-31-50-238"} 1 5.315947843530592 0.0 19.460010188487008 0.3001500750375188 4.743351755826049 25
stats: {freemem,"tsung_controller@ip-172-31-50-238"} 1 558.34765625 0.0 660.78125 553.6875 611.6325 25
stats: session 90 12684.756911111113 2574.6473797793296 37968.624 1009.239 5531.650093408096 7312
stats: users_count 0 7402
stats: finish_users_count 90 7402
stats: page 159 2755.704264150943 3832.6838688500006 23831.907 1.179 1198.1042572685637 22047
stats: 302 107 2503
stats: request 332 216.5145421686747 373.586168355499 6637.904 0.546 403.971418112421 66286
stats: connect 0 0 0 14.121 0.808 1.1764015131045658 7402
stats: 200 225 8471
stats: size_rcv 963094 54984639
stats: newphase 0 7
stats: 502 0 55644
stats: size_sent 157689 16939724
stats: connected -107 0
EndMonitor:{1615,369242,726222}
