# stats: dump at 1615426754
stats: users 3 3
stats: {load,"tsung_controller@ip-172-31-45-17"} 1 0.23828125 0 0.23828125 0.23828125 0 0
stats: {freemem,"tsung_controller@ip-172-31-45-17"} 1 659.72265625 0 659.72265625 659.72265625 0 0
stats: {cpu,"tsung_controller@ip-172-31-45-17"} 1 2.8377067473505355 0 2.8377067473505355 2.8377067473505355 0 0
stats: session 3 2036.7600000000002 723.0910886313012 2996.289 1250.778 0 0
stats: users_count 6 6
stats: finish_users_count 3 3
stats: request 18 18.113166666666668 12.856441832145213 54.738 4.867 0 0
stats: page 7 46.72971428571428 23.805570828900443 96.213 18.727 0 0
stats: connect 4 8.306 11.971453190820236 29.041 1.325 0 0
stats: 200 18 18
stats: size_rcv 79070 79070
stats: size_sent 7183 7183
stats: connected 1 1
# stats: dump at 1615426764
stats: users 2 6
stats: {load,"tsung_controller@ip-172-31-45-17"} 1 0.19921875 0.0 0.23828125 0.19921875 0.23828125 1
stats: {freemem,"tsung_controller@ip-172-31-45-17"} 1 659.2734375 0.0 659.72265625 659.2734375 659.72265625 1
stats: {cpu,"tsung_controller@ip-172-31-45-17"} 1 0.45045045045045046 0.0 2.8377067473505355 0.45045045045045046 2.8377067473505355 1
stats: session 14 1898.6202142857142 591.3084608593747 2996.289 1177.214 2036.7600000000002 3
stats: users_count 13 19
stats: finish_users_count 14 17
stats: connect 15 1.3784000000000003 0.07736734884088155 29.041 1.257 8.306 4
stats: 200 69 87
stats: request 69 8.60117391304348 2.755245631789185 54.738 4.692 18.113166666666668 18
stats: page 27 22.137407407407412 3.828614586091686 96.213 16.372 46.72971428571428 7
stats: size_rcv 304097 383167
stats: size_sent 27664 34847
stats: connected 3 4
# stats: dump at 1615426774
stats: users 0 6
stats: {load,"tsung_controller@ip-172-31-45-17"} 1 0.171875 0.0 0.23828125 0.171875 0.21875 2
stats: {freemem,"tsung_controller@ip-172-31-45-17"} 1 658.89453125 0.0 659.72265625 658.89453125 659.498046875 2
stats: {cpu,"tsung_controller@ip-172-31-45-17"} 1 0.3003003003003003 0.0 2.8377067473505355 0.3003003003003003 1.644078598900493 2
stats: session 13 1828.343615384615 567.6573936403404 2996.289 1120.829 1922.9978235294116 17
stats: users_count 11 30
stats: finish_users_count 13 30
stats: request 59 8.36589830508475 2.6997435012809996 54.738 4.692 10.569172413793105 87
stats: connect 11 1.4013636363636364 0.10873008509588634 29.041 1.257 2.836842105263158 19
stats: page 24 20.703999999999997 3.4633680259731756 96.213 16.372 27.20052941176471 34
stats: 200 59 146
stats: size_rcv 266799 649966
stats: size_sent 24383 59230
stats: connected -2 2
# stats: dump at 1615426784
stats: users 3 8
stats: {load,"tsung_controller@ip-172-31-45-17"} 1 0.140625 0.0 0.23828125 0.140625 0.203125 3
stats: {freemem,"tsung_controller@ip-172-31-45-17"} 1 657.68359375 0.0 659.72265625 657.68359375 659.296875 3
stats: {cpu,"tsung_controller@ip-172-31-45-17"} 1 0.050075112669003496 0.0 2.8377067473505355 0.050075112669003496 1.1961524993670953 3
stats: session 15 1901.1011999999998 542.7589663348056 2996.289 1054.936 1881.9809999999998 30
stats: users_count 18 48
stats: finish_users_count 15 45
stats: request 85 8.536352941176473 3.476411180939611 54.738 4.603 9.678808219178086 146
stats: connect 17 1.3595294117647059 0.1413976943181094 29.041 1.206 2.3104999999999998 30
stats: page 34 21.483647058823532 5.189959202391802 96.213 16.372 24.512310344827586 58
stats: 200 85 231
stats: size_rcv 379232 1029198
stats: newphase 1 1
stats: size_sent 34645 93875
stats: connected 0 2
# stats: dump at 1615426794
stats: users 5 10
stats: {load,"tsung_controller@ip-172-31-45-17"} 1 0.12109375 0.0 0.23828125 0.12109375 0.1875 4
stats: {freemem,"tsung_controller@ip-172-31-45-17"} 1 656.24609375 0.0 659.72265625 656.24609375 658.8935546875 4
stats: {cpu,"tsung_controller@ip-172-31-45-17"} 1 0.2502502502502503 0.0 2.8377067473505355 0.050075112669003496 0.9096331526925724 4
stats: session 19 2211.647421052632 482.2658914872928 3039.51 1054.936 1888.3543999999997 45
stats: users_count 21 69
stats: finish_users_count 19 64
stats: request 96 8.830697916666669 4.442622916419495 54.738 4.504 9.258424242424246 231
stats: connect 22 1.4128636363636364 0.13964965757030742 29.041 1.195 1.966531914893617 47
stats: page 37 23.062621621621616 6.460787364582069 96.213 16.031 23.393021739130432 92
stats: 200 96 327
stats: size_rcv 418329 1447527
stats: newphase 0 1
stats: size_sent 38012 131887
stats: connected 7 9
# stats: dump at 1615426804
stats: users 4 10
stats: {load,"tsung_controller@ip-172-31-45-17"} 1 0.1015625 0.0 0.23828125 0.1015625 0.17421875 5
stats: {freemem,"tsung_controller@ip-172-31-45-17"} 1 656.1015625 0.0 659.72265625 656.1015625 658.3640625 5
stats: {cpu,"tsung_controller@ip-172-31-45-17"} 1 0.15030060120240482 0.0 2.8377067473505355 0.050075112669003496 0.777756572204108 5
stats: session 18 1978.1484999999998 539.8934441239564 3039.51 1054.936 1984.332015625 64
stats: users_count 17 86
stats: finish_users_count 18 82
stats: request 93 8.464376344086025 3.2123382998975663 54.738 4.424 9.132853211009177 327
stats: connect 17 1.3688823529411764 0.15586943342688012 29.041 1.128 1.7899999999999998 69
stats: page 38 20.841710526315786 3.868489722358645 96.213 15.513 23.298255813953485 129
stats: 200 93 420
stats: size_rcv 421938 1869465
stats: newphase 0 1
stats: size_sent 39055 170942
stats: connected -4 5
# stats: dump at 1615426814
stats: users 9 12
stats: {load,"tsung_controller@ip-172-31-45-17"} 1 0.08984375 0.0 0.23828125 0.08984375 0.162109375 6
stats: {freemem,"tsung_controller@ip-172-31-45-17"} 1 656.10546875 0.0 659.72265625 656.1015625 657.9869791666666 6
stats: {cpu,"tsung_controller@ip-172-31-45-17"} 1 0.44932601098352476 0.0 2.8377067473505355 0.050075112669003496 0.6731805770371575 6
stats: session 33 2098.371121212121 564.2924928497556 3039.51 1054.936 1982.9746585365854 82
stats: users_count 38 124
stats: finish_users_count 33 115
stats: request 175 9.197822857142855 7.989751421668198 104.482 4.424 8.984833333333336 420
stats: connect 37 1.7005135135135139 1.4338708830563667 29.041 1.128 1.7067558139534884 86
stats: page 69 23.471057971014492 11.411577620721019 109.325 15.1 22.739281437125744 167
stats: 200 175 595
stats: size_rcv 773371 2642836
stats: newphase 1 2
stats: size_sent 70101 241043
stats: connected 5 10
# stats: dump at 1615426824
stats: users 7 12
stats: {load,"tsung_controller@ip-172-31-45-17"} 1 0.0703125 0.0 0.23828125 0.0703125 0.15178571428571427 7
stats: {freemem,"tsung_controller@ip-172-31-45-17"} 1 655.93359375 0.0 659.72265625 655.93359375 657.7181919642857 7
stats: {cpu,"tsung_controller@ip-172-31-45-17"} 1 0.6986027944111777 0.0 2.8377067473505355 0.050075112669003496 0.6412013533152099 7
stats: session 28 2098.4362857142855 560.3383786715626 3039.51 1054.936 2016.0884260869564 115
stats: users_count 26 150
stats: finish_users_count 28 143
stats: request 135 8.505155555555554 2.7697950849908572 104.482 4.395 9.047477310924371 595
stats: 200 135 730
stats: connect 25 1.41072 0.31283650937830126 29.041 1.128 1.704878048780488 123
stats: page 55 21.015472727272726 3.8826172234462746 109.325 15.1 22.95323305084745 236
stats: size_rcv 611182 3254018
stats: newphase 0 2
stats: size_sent 55958 297001
stats: connected -5 5
# stats: dump at 1615426834
stats: users 12 13
stats: {load,"tsung_controller@ip-172-31-45-17"} 1 0.21875 0.0 0.23828125 0.0703125 0.1416015625 8
stats: {freemem,"tsung_controller@ip-172-31-45-17"} 1 656.17578125 0.0 659.72265625 655.93359375 657.4951171875 8
stats: {cpu,"tsung_controller@ip-172-31-45-17"} 1 0.5991013479780329 0.0 2.8377067473505355 0.050075112669003496 0.6483765334522059 8
stats: session 35 1960.2928285714286 599.3612859967557 3044.114 1054.936 2032.2124825174826 143
stats: users_count 40 190
stats: finish_users_count 35 178
stats: request 186 8.529064516129033 3.017407041468251 104.482 4.395 8.94718493150685 730
stats: connect 40 1.3324500000000006 0.10139476071277065 29.041 1.128 1.6551891891891892 148
stats: page 73 21.778671232876718 3.925635347076132 109.325 15.1 22.586989690721644 291
stats: 200 186 916
stats: size_rcv 821655 4075673
stats: newphase 0 2
stats: size_sent 75213 372214
stats: connected 6 11
# stats: dump at 1615426844
stats: users 22 25
stats: {load,"tsung_controller@ip-172-31-45-17"} 1 0.19140625 0.0 0.23828125 0.0703125 0.1501736111111111 9
stats: {freemem,"tsung_controller@ip-172-31-45-17"} 1 656.328125 0.0 659.72265625 655.93359375 657.3485243055555 9
stats: {cpu,"tsung_controller@ip-172-31-45-17"} 1 0.35070140280561124 0.0 2.8377067473505355 0.050075112669003496 0.6429015128439645 9
stats: session 66 1977.7523484848484 566.7239441029386 3044.114 1054.936 2018.07097752809 178
stats: users_count 76 266
stats: finish_users_count 66 244
stats: request 361 8.3990886426593 3.2311445272737953 104.482 4.303 8.862282751091703 916
stats: connect 77 1.4680000000000004 0.676313018284654 29.041 1.106 1.5865212765957448 188
stats: page 142 21.53847887323944 4.873225871063101 109.325 14.219 22.424881868131866 364
stats: 200 361 1277
stats: size_rcv 1593349 5669022
stats: newphase 1 3
stats: size_sent 144847 517061
stats: connected 13 24
# stats: dump at 1615426854
stats: users 13 25
stats: {load,"tsung_controller@ip-172-31-45-17"} 1 0.16015625 0.0 0.23828125 0.0703125 0.154296875 10
stats: {freemem,"tsung_controller@ip-172-31-45-17"} 1 650.84765625 0.0 659.72265625 650.84765625 657.246484375 10
stats: {cpu,"tsung_controller@ip-172-31-45-17"} 1 0.751503006012024 0.0 2.8377067473505355 0.050075112669003496 0.6136815018401292 10
stats: session 78 2056.3611282051274 548.3848373904057 3044.114 1054.936 2007.165118852459 244
stats: users_count 69 335
stats: finish_users_count 78 322
stats: 200 359 1636
stats: request 359 8.440635097493049 3.3554520824221457 104.482 4.303 8.731340642129998 1277
stats: size_rcv 1613450 7282472
stats: newphase 0 3
stats: connect 69 1.3872318840579707 0.4051893507952789 29.041 1.106 1.5520830188679247 265
stats: size_sent 147810 664871
stats: page 145 21.03932413793105 4.92925071438646 109.325 14.219 22.176128458498024 506
stats: connected -7 17
# stats: dump at 1615426864
stats: users 11 25
stats: {load,"tsung_controller@ip-172-31-45-17"} 1 0.12890625 0.0 0.23828125 0.0703125 0.15482954545454544 11
stats: {freemem,"tsung_controller@ip-172-31-45-17"} 1 650.9609375 0.0 659.72265625 650.84765625 656.6647727272727 11
stats: {cpu,"tsung_controller@ip-172-31-45-17"} 1 0.8016032064128256 0.0 2.8377067473505355 0.050075112669003496 0.6262107294921196 11
stats: session 66 1962.3153636363638 582.2448639823606 3044.114 1043.249 2019.082164596273 322
stats: users_count 64 399
stats: finish_users_count 66 388
stats: connect 62 1.3962096774193549 0.2146998007043243 29.041 1.106 1.5180269461077844 334
stats: request 328 8.452698170731713 3.568442711822291 104.482 4.264 8.667548899755507 1636
stats: page 133 21.009458646616526 5.073004330770792 109.325 14.056 21.92292319508449 651
stats: 200 328 1964
stats: size_rcv 1480772 8763244
stats: newphase 0 3
stats: size_sent 134652 799523
stats: connected -9 8
# stats: dump at 1615426874
stats: users 30 33
stats: {load,"tsung_controller@ip-172-31-45-17"} 1 0.109375 0.0 0.23828125 0.0703125 0.15266927083333331 12
stats: {freemem,"tsung_controller@ip-172-31-45-17"} 1 652.171875 0.0 659.72265625 650.84765625 656.189453125 12
stats: {cpu,"tsung_controller@ip-172-31-45-17"} 1 0.7021063189568706 0.0 2.8377067473505355 0.050075112669003496 0.6408267692355117 12
stats: session 102 1985.1296372549014 598.0476811586603 3044.316 1043.249 2009.425956185567 388
stats: users_count 121 520
stats: finish_users_count 102 490
stats: request 554 8.409509025270765 3.136543649593135 104.482 4.247 8.631667515274955 1964
stats: connect 120 1.41425 0.6481339785620459 29.041 1.079 1.4989545454545454 396
stats: page 217 21.605755760368645 4.409574766615783 109.325 14.056 21.767960459183673 784
stats: 200 554 2518
stats: size_rcv 2438724 11201968
stats: newphase 1 4
stats: size_sent 222111 1021634
stats: connected 23 31
# stats: dump at 1615426884
stats: users 30 41
stats: {load,"tsung_controller@ip-172-31-45-17"} 1 0.1015625 0.0 0.23828125 0.0703125 0.1493389423076923 13
stats: {freemem,"tsung_controller@ip-172-31-45-17"} 1 648.41796875 0.0 659.72265625 648.41796875 655.8804086538462 13
stats: {cpu,"tsung_controller@ip-172-31-45-17"} 1 1.5523284927391086 0.0 2.8377067473505355 0.050075112669003496 0.6455405807525393 13
stats: session 159 2022.3964088050325 584.028238101821 3044.316 1043.249 2004.3683551020408 490
stats: users_count 159 679
stats: finish_users_count 159 649
stats: request 804 8.375298507462704 3.172769654269359 104.482 4.236 8.582789118347902 2518
stats: connect 160 1.4409062499999996 0.557089678562561 29.041 1.079 1.4792558139534884 516
stats: page 322 21.047751552795056 4.288740549075008 109.325 14.056 21.732797202797197 1001
stats: 200 804 3322
stats: size_rcv 3595407 14797375
stats: newphase 0 4
stats: size_sent 328037 1349671
stats: connected -2 29
# stats: dump at 1615426894
stats: users 26 44
stats: {load,"tsung_controller@ip-172-31-45-17"} 1 0.23046875 0.0 0.23828125 0.0703125 0.14592633928571427 14
stats: {freemem,"tsung_controller@ip-172-31-45-17"} 1 647.703125 0.0 659.72265625 647.703125 655.3473772321429 14
stats: {cpu,"tsung_controller@ip-172-31-45-17"} 1 2.007024586051179 0.0 2.8377067473505355 0.050075112669003496 0.7103111458944371 14
stats: session 171 2024.3167953216368 564.189903236375 3044.316 1043.249 2008.785089368259 649
stats: users_count 167 846
stats: finish_users_count 171 820
stats: request 839 8.309520858164499 3.1798635523280394 104.482 4.006 8.53257164358821 3322
stats: connect 167 1.4212514970059877 0.5487880028559273 29.041 1.006 1.4701789940828403 676
stats: page 336 20.875946428571428 4.355041585497871 109.325 14.056 21.566066515495088 1323
stats: 200 839 4161
stats: size_rcv 3750175 18547550
stats: newphase 0 4
stats: size_sent 342672 1692343
stats: connected -2 27
# stats: dump at 1615426904
stats: users 75 86
stats: {load,"tsung_controller@ip-172-31-45-17"} 1 0.19140625 0.0 0.23828125 0.0703125 0.1515625 15
stats: {freemem,"tsung_controller@ip-172-31-45-17"} 1 647.30859375 0.0 659.72265625 647.30859375 654.8377604166667 15
stats: {cpu,"tsung_controller@ip-172-31-45-17"} 1 1.806322127446061 0.0 2.8377067473505355 0.050075112669003496 0.7967587085715533 15
stats: session 261 2008.9262490421468 599.1826896733027 3044.316 1043.249 2012.0240182926827 820
stats: users_count 310 1156
stats: finish_users_count 261 1081
stats: connect 306 1.3682777777777773 0.401886016865385 29.041 1.006 1.4604863582443655 843
stats: page 559 21.996860465116292 4.990067885778736 109.325 14.004 21.42629535864979 1659
stats: request 1424 8.59113483146071 3.6236737411225874 104.482 4.006 8.48759697188177 4161
stats: 200 1424 5585
stats: size_rcv 6277922 24825472
stats: newphase 1 5
stats: size_sent 573564 2265907
stats: connected 51 78
# stats: dump at 1615426914
stats: users 53 86
stats: {load,"tsung_controller@ip-172-31-45-17"} 1 0.3984375 0.0 0.3984375 0.0703125 0.154052734375 16
stats: {freemem,"tsung_controller@ip-172-31-45-17"} 1 636.66015625 0.0 659.72265625 636.66015625 654.3671875 16
stats: {cpu,"tsung_controller@ip-172-31-45-17"} 1 4.378459989934575 0.0 4.378459989934575 0.050075112669003496 0.85985642225121 16
stats: session 302 2005.6498907284772 585.0172179679373 3044.316 1043.249 2011.2760832562442 1081
stats: users_count 280 1436
stats: finish_users_count 302 1383
stats: request 1458 8.660830589849114 3.6584048289418494 104.482 4.006 8.513995881826338 5585
stats: 200 1458 7043
stats: connect 279 1.4050609318996405 0.4726352491346572 29.041 1.006 1.435929503916449 1149
stats: size_rcv 6566602 31392074
stats: newphase 0 5
stats: page 589 21.560436332767406 4.972082128320914 109.325 13.871 21.57009422903517 2218
stats: size_sent 598426 2864333
stats: connected -30 48
# stats: dump at 1615426924
stats: users 64 90
stats: {load,"tsung_controller@ip-172-31-45-17"} 1 0.421875 0.0 0.421875 0.0703125 0.1684283088235294 17
stats: {freemem,"tsung_controller@ip-172-31-45-17"} 1 641.69921875 0.0 659.72265625 636.66015625 653.3255974264706 17
stats: {cpu,"tsung_controller@ip-172-31-45-17"} 1 3.937405350832913 0.0 4.378459989934575 0.050075112669003496 1.0668331027031726 17
stats: session 302 2107.567082781459 562.3282974650338 3057.109 1043.249 2010.0475148228488 1383
stats: users_count 313 1749
stats: finish_users_count 302 1685
stats: request 1560 8.438717948717951 3.5121516498398404 104.482 4.006 8.544392730370596 7043
stats: connect 317 1.4622586750788626 0.6644473588695005 29.041 1.006 1.4298984593837534 1428
stats: page 622 21.34246784565916 4.674904105290356 109.325 13.871 21.56806768792305 2807
stats: 200 1560 8603
stats: size_rcv 6944838 38336912
stats: newphase 0 5
stats: size_sent 633381 3497714
stats: connected 13 61
# stats: dump at 1615426934
stats: users 130 139
stats: {load,"tsung_controller@ip-172-31-45-17"} 1 0.359375 0.0 0.421875 0.0703125 0.18250868055555555 18
stats: {freemem,"tsung_controller@ip-172-31-45-17"} 1 640.0078125 0.0 659.72265625 636.66015625 652.6796875 18
stats: {cpu,"tsung_controller@ip-172-31-45-17"} 1 4.4110275689223055 0.0 4.4110275689223055 0.050075112669003496 1.2263093387103803 18
stats: session 470 2052.7478574468078 574.371343429984 3057.109 1042.251 2027.5257994065284 1685
stats: users_count 536 2285
stats: finish_users_count 470 2155
stats: connect 535 1.3923532710280389 0.6259043554054154 29.041 0.887 1.4357770773638963 1745
stats: page 998 23.80537474949901 6.443775620110336 109.325 13.871 21.52714523184602 3429
stats: 200 2532 11135
stats: request 2532 9.337834123222793 4.724802763602873 104.482 4.006 8.525230500988041 8603
stats: size_rcv 11198666 49535578
stats: newphase 1 6
stats: size_sent 1021413 4519127
stats: connected 70 131
# stats: dump at 1615426944
stats: users 132 149
stats: {load,"tsung_controller@ip-172-31-45-17"} 1 0.30078125 0.0 0.421875 0.0703125 0.19181743421052633 19
stats: {freemem,"tsung_controller@ip-172-31-45-17"} 1 617.625 0.0 659.72265625 617.625 652.0127467105264 19
stats: {cpu,"tsung_controller@ip-172-31-45-17"} 1 7.493670886075949 0.0 7.493670886075949 0.050075112669003496 1.3939260876689026 19
stats: session 617 2065.8237050243097 573.8912973611352 3057.109 1042.251 2033.0266658932715 2155
stats: users_count 619 2904
stats: finish_users_count 617 2772
stats: request 3092 9.437500646830529 4.688651801638849 104.482 4.006 8.710009339919194 11135
stats: 200 3092 14227
stats: connect 622 1.3137652733119 0.5478431924856779 29.041 0.887 1.4255877192982456 2280
stats: page 1234 23.658029983792538 6.048001304253203 109.325 13.871 22.04073751976508 4427
stats: size_rcv 13811990 63347568
stats: newphase 0 6
stats: size_sent 1261397 5780524
stats: connected 8 139
# stats: dump at 1615426954
stats: users 140 153
stats: {load,"tsung_controller@ip-172-31-45-17"} 1 0.25 0.0 0.421875 0.0703125 0.197265625 20
stats: {freemem,"tsung_controller@ip-172-31-45-17"} 1 612.43359375 0.0 659.72265625 612.43359375 650.293359375 20
stats: {cpu,"tsung_controller@ip-172-31-45-17"} 1 8.44925296239052 0.0 8.44925296239052 0.050075112669003496 1.698913327589255 20
stats: session 665 2032.4073488721804 606.3113959907295 3059.202 1042.251 2040.3267283549778 2772
stats: users_count 673 3577
stats: finish_users_count 665 3437
stats: connect 671 1.339688524590163 0.6826118070602516 29.041 0.887 1.4016202618883533 2902
stats: page 1343 24.29574385703647 6.817883071524619 109.325 13.871 22.39327927927928 5661
stats: 200 3356 17583
stats: request 3356 9.642955601907023 4.899285465354347 104.482 4.006 8.868117382441852 14227
stats: size_rcv 14982864 78330432
stats: newphase 0 6
stats: size_sent 1367180 7147704
stats: connected 1 140
# stats: dump at 1615426964
stats: users 252 298
stats: {load,"tsung_controller@ip-172-31-45-17"} 1 0.2109375 0.0 0.421875 0.0703125 0.19977678571428573 21
stats: {freemem,"tsung_controller@ip-172-31-45-17"} 1 611.94921875 0.0 659.72265625 611.94921875 648.4905133928571 21
stats: {cpu,"tsung_controller@ip-172-31-45-17"} 1 8.578811369509044 0.0 8.578811369509044 0.050075112669003496 2.0203580721036007 21
stats: session 993 2047.5342406847901 574.1587844444168 3075.412 1042.251 2038.7944655222575 3437
stats: users_count 1105 4682
stats: finish_users_count 993 4430
stats: request 5304 12.991669683257863 8.717012379834163 104.482 4.006 9.016007791616914 17583
stats: 200 5304 22887
stats: connect 1107 1.2837109304426393 0.6445709562984284 29.041 0.887 1.3899896445563955 3573
stats: size_rcv 23511056 101841488
stats: page 2099 32.97648308718441 12.67011625285883 113.834 13.512 22.75807224443175 7004
stats: newphase 1 7
stats: size_sent 2144214 9291918
stats: connected 116 256
# stats: dump at 1615426974
stats: users 254 315
stats: {load,"tsung_controller@ip-172-31-45-17"} 1 0.33984375 0.0 0.421875 0.0703125 0.2002840909090909 22
stats: {freemem,"tsung_controller@ip-172-31-45-17"} 1 590.77734375 0.0 659.72265625 590.77734375 646.8295454545455 22
stats: {cpu,"tsung_controller@ip-172-31-45-17"} 1 14.783526927138332 0.0 14.783526927138332 0.050075112669003496 2.31846958562203 22
stats: session 1288 2095.830738354043 588.7856153422041 3101.661 1042.251 2040.7535167042881 4430
stats: users_count 1290 5972
stats: finish_users_count 1288 5718
stats: connect 1285 1.3299533073929974 0.6004566868969449 29.041 0.887 1.3648506410256416 4680
stats: page 2572 39.2447733281492 16.937690134331913 134.94 13.512 25.11426738437879 9103
stats: request 6431 15.666063909189875 11.18102797681722 117.245 4.006 9.937356621662948 22887
stats: 200 6431 29318
stats: size_rcv 28746706 130588194
stats: newphase 0 7
stats: size_sent 2624021 11915939
stats: connected -7 249
# stats: dump at 1615426984
stats: users 265 315
stats: {load,"tsung_controller@ip-172-31-45-17"} 1 0.2890625 0.0 0.421875 0.0703125 0.20635190217391305 23
stats: {freemem,"tsung_controller@ip-172-31-45-17"} 1 583.76171875 0.0 659.72265625 583.76171875 644.3924932065217 23
stats: {cpu,"tsung_controller@ip-172-31-45-17"} 1 16.380236305048335 0.0 16.380236305048335 0.050075112669003496 2.860428600470564 23
stats: session 1212 2058.0636608910963 578.6479932025735 3152.456 1042.251 2053.159858342078 5718
stats: users_count 1223 7195
stats: finish_users_count 1212 6930
stats: request 5845 15.401707784431094 11.794531754138577 119.671 4.006 11.19396746026332 29318
stats: connect 1179 1.394371501272264 0.6745585263698438 29.041 0.887 1.357332942162616 5965
stats: page 2334 38.770754070265674 19.772160756255843 176.794 13.512 28.227214817987143 11675
stats: 200 5846 35164
stats: size_rcv 26054134 156642328
stats: newphase 0 7
stats: size_sent 2378176 14294115
stats: connected 26 275
# stats: dump at 1615426994
stats: users 892 898
stats: {load,"tsung_controller@ip-172-31-45-17"} 1 0.23828125 0.0 0.421875 0.0703125 0.20979817708333334 24
stats: {freemem,"tsung_controller@ip-172-31-45-17"} 1 582.03125 0.0 659.72265625 582.03125 641.8662109375 24
stats: {cpu,"tsung_controller@ip-172-31-45-17"} 1 16.199047114875594 0.0 16.380236305048335 0.050075112669003496 3.423753921494638 24
stats: session 1512 3024.560988095238 883.6499785230498 5157.561 1042.251 2054.017493073595 6930
stats: users_count 2139 9334
stats: finish_users_count 1512 8442
stats: request 8721 249.01178270840487 213.3090914481419 723.154 0.719 11.893402724454676 35163
stats: connect 2363 1.3234380025391468 0.8120733118143046 29.041 0.86 1.3634455487122066 7144
stats: 200 7542 42706
stats: page 3296 622.6510388349507 492.9608123295347 1717.6 1.62 29.983844171603966 14009
stats: size_rcv 33738649 190380977
stats: newphase 1 8
stats: 502 1178 1178
stats: size_sent 3468588 17762703
stats: connected 520 795
# stats: dump at 1615427004
stats: users 884 908
stats: {load,"tsung_controller@ip-172-31-45-17"} 1 0.3515625 0.0 0.421875 0.0703125 0.2109375 25
stats: {freemem,"tsung_controller@ip-172-31-45-17"} 1 451.98828125 0.0 659.72265625 451.98828125 639.4728125 25
stats: {cpu,"tsung_controller@ip-172-31-45-17"} 1 24.208772903942254 0.0 24.208772903942254 0.050075112669003496 3.934765649229876 25
stats: session 2444 3588.8164558101507 841.4340477406796 5617.278 1031.072 2227.846178749113 8442
stats: users_count 2436 11770
stats: finish_users_count 2444 10886
stats: connect 3704 1.25009152267819 0.6987334426367617 29.041 0.815 1.3535015251919644 9507
stats: page 4923 780.98528823888 448.13969525716897 1722.158 1.586 142.86631014157743 17305
stats: 200 8057 50763
stats: size_rcv 37907984 228288961
stats: newphase 0 8
stats: 502 4256 5434
stats: size_sent 4408866 22171569
stats: connected 5 800
stats: error_connection_closed 2 2
stats: request 12315 311.1464567600491 229.85700299470253 754.436 0.719 59.015574628566185 43884
# stats: dump at 1615427014
stats: users 876 911
stats: {load,"tsung_controller@ip-172-31-45-17"} 1 0.37890625 0.0 0.421875 0.0703125 0.21634615384615385 26
stats: {freemem,"tsung_controller@ip-172-31-45-17"} 1 452.34375 0.0 659.72265625 451.98828125 632.2618689903846 26
stats: {cpu,"tsung_controller@ip-172-31-45-17"} 1 27.465596330275226 0.0 27.465596330275226 0.050075112669003496 4.714535159026506 26
stats: session 2478 3558.4256057304297 851.2129776117182 5617.278 1031.072 2533.395632831161 10886
stats: users_count 2470 14240
stats: finish_users_count 2478 13364
stats: request 12331 310.86460846646486 230.23514279717963 754.436 0.717 114.26552237584303 56199
stats: connect 3820 1.3179109947643972 0.8139477873027434 29.041 0.815 1.324508212852927 13211
stats: page 4933 776.221932495438 456.9160017433516 1782.042 1.586 284.19525242936857 22228
stats: error_send_einval 1 1
stats: 200 8052 58815
stats: size_rcv 37693033 265981994
stats: newphase 0 8
stats: 502 4277 9711
stats: size_sent 4387261 26558830
stats: connected -3 797
stats: error_connection_closed 1 3
# stats: dump at 1615427024
stats: users 1376 1484
stats: {load,"tsung_controller@ip-172-31-45-17"} 1 0.3984375 0.0 0.421875 0.0703125 0.22236689814814814 27
stats: {freemem,"tsung_controller@ip-172-31-45-17"} 1 442.63671875 0.0 659.72265625 442.63671875 625.5982349537037 27
stats: {cpu,"tsung_controller@ip-172-31-45-17"} 1 27.904328018223236 0.0 27.904328018223236 0.050075112669003496 5.55716705425794 27
stats: session 4009 2981.0981798453386 891.5736534206255 5617.278 1013.035 2723.460304549538 13364
stats: users_count 4509 18749
stats: finish_users_count 4009 17373
stats: request 21072 182.98492535117654 233.2789218396999 754.436 0.717 149.64073513789555 68530
stats: connect 7553 1.3147712167350727 0.5771598938342619 29.041 0.815 1.3230284774822394 17031
stats: page 8315 470.8545900180416 438.00217570454464 1782.042 1.586 373.55748551231545 27161
stats: error_send_einval 1 2
stats: 200 8035 66850
stats: size_rcv 39469992 305451986
stats: newphase 1 9
stats: 502 13037 22748
stats: size_sent 6057652 32616482
stats: connected 105 902
stats: error_connection_closed 0 3
# stats: dump at 1615427034
stats: users 1399 1484
stats: {load,"tsung_controller@ip-172-31-45-17"} 1 0.5703125 0.0 0.5703125 0.0703125 0.22865513392857142 28
stats: {freemem,"tsung_controller@ip-172-31-45-17"} 1 401.51171875 0.0 659.72265625 401.51171875 619.0638950892857 28
stats: {cpu,"tsung_controller@ip-172-31-45-17"} 1 46.682464454976305 0.0 46.682464454976305 0.050075112669003496 6.355279945828129 28
stats: session 5167 2744.413655119018 803.1551709947958 5617.278 1013.035 2782.9129173430024 17373
stats: users_count 5190 23939
stats: finish_users_count 5167 22540
stats: connect 9537 1.3370320855615063 0.7202393071442363 29.041 0.807 1.3204915798893597 24584
stats: page 10343 374.35615314705524 392.8044335183138 1782.042 1.586 396.3623514488673 35476
stats: error_send_einval 0 2
stats: request 25842 150.12647674328818 226.08554012290818 754.436 0.713 157.48239912055504 89602
stats: 200 7868 74718
stats: size_rcv 41005242 346457228
stats: newphase 0 9
stats: 502 17974 40722
stats: size_sent 6777019 39393501
stats: connected 5 907
stats: error_connection_closed 0 3
# stats: dump at 1615427044
stats: users 1474 1484
stats: {load,"tsung_controller@ip-172-31-45-17"} 1 0.48046875 0.0 0.5703125 0.0703125 0.2404364224137931 29
stats: {freemem,"tsung_controller@ip-172-31-45-17"} 1 401.6328125 0.0 659.72265625 401.51171875 611.5620959051724 29
stats: {cpu,"tsung_controller@ip-172-31-45-17"} 1 51.61290322580645 0.0 51.61290322580645 0.050075112669003496 7.745872515109101 29
stats: session 5017 2780.199489336269 796.5507248949506 5617.278 1012.368 2774.0874653504857 22540
stats: users_count 5092 29031
stats: finish_users_count 5017 27557
stats: connect 9403 1.3926453259598 1.3740454294897195 34.227 0.807 1.3251147387239561 34121
stats: page 10123 384.8557308110255 398.6051527364879 1782.042 1.561 391.394759204697 45819
stats: error_send_einval 0 2
stats: 200 7923 82641
stats: request 25356 153.19868181101143 226.85421482681383 754.436 0.712 155.83578477876742 115444
stats: size_rcv 40829610 387286838
stats: newphase 0 9
stats: 502 17432 58154
stats: size_sent 6788091 46181592
stats: connected 28 935
stats: error_connection_closed 1 4
# stats: dump at 1615427054
stats: users 0 1488
stats: {load,"tsung_controller@ip-172-31-45-17"} 1 0.41015625 0.0 0.5703125 0.0703125 0.2484375 30
stats: {freemem,"tsung_controller@ip-172-31-45-17"} 1 406.75390625 0.0 659.72265625 401.51171875 604.564453125 30
stats: {cpu,"tsung_controller@ip-172-31-45-17"} 1 51.50442477876106 0.0 51.61290322580645 0.050075112669003496 9.208106872132344 30
stats: session 2535 3079.920291913214 822.1528172412033 5617.278 1012.368 2775.2002143556997 27557
stats: users_count 1061 30092
stats: finish_users_count 2535 30092
stats: connect 2952 1.3356897018970126 0.8451345396828559 34.227 0.807 1.3397041632202946 43524
stats: page 4242 514.0208623290903 430.8865049532683 1782.042 1.561 390.21148752279186 55942
stats: error_send_einval 0 2
stats: 200 4581 87222
stats: request 9660 219.6587859213241 243.52433045679376 754.436 0.712 155.36088149147747 140800
stats: size_rcv 23297603 410584441
stats: newphase 0 9
stats: 502 5078 63232
stats: size_sent 2856182 49037774
stats: connected -935 0
stats: error_connection_closed 0 4
# stats: dump at 1615427064
stats: users 0 1488
stats: {load,"tsung_controller@ip-172-31-45-17"} 1 0.48828125 0.0 0.5703125 0.0703125 0.25365423387096775 31
stats: {freemem,"tsung_controller@ip-172-31-45-17"} 1 548.1171875 0.0 659.72265625 401.51171875 598.1834677419355 31
stats: {cpu,"tsung_controller@ip-172-31-45-17"} 1 11.923276308968378 0.0 51.61290322580645 0.050075112669003496 10.572504223959077 31
stats: session 0 0 0 5617.278 1012.368 2800.8703391931413 30092
stats: users_count 0 30092
stats: finish_users_count 0 30092
stats: request 0 0 0 754.436 0.712 159.48900695201394 150460
stats: connect 0 0 0 34.227 0.807 1.3394491780704039 46476
stats: page 0 0 0 1782.042 1.561 398.9380488668088 60184
stats: error_send_einval 0 2
stats: 200 0 87222
stats: size_rcv 0 410584441
stats: newphase 0 9
stats: 502 0 63232
stats: size_sent 0 49037774
stats: connected 0 0
stats: error_connection_closed 0 4
# stats: dump at 1615427074
stats: users 0 1488
stats: {load,"tsung_controller@ip-172-31-45-17"} 1 0.421875 0.0 0.5703125 0.0703125 0.260986328125 32
stats: {freemem,"tsung_controller@ip-172-31-45-17"} 1 551.0234375 0.0 659.72265625 401.51171875 596.618896484375 32
stats: {cpu,"tsung_controller@ip-172-31-45-17"} 1 0.09995002498750624 0.0 51.61290322580645 0.050075112669003496 10.614715851615617 32
stats: session 0 0 0 5617.278 1012.368 2800.8703391931413 30092
stats: users_count 0 30092
stats: finish_users_count 0 30092
stats: request 0 0 0 754.436 0.712 159.48900695201394 150460
stats: connect 0 0 0 34.227 0.807 1.3394491780704039 46476
stats: page 0 0 0 1782.042 1.561 398.9380488668088 60184
stats: error_send_einval 0 2
stats: 200 0 87222
stats: size_rcv 0 410584441
stats: newphase 0 9
stats: 502 0 63232
stats: size_sent 0 49037774
stats: connected 0 0
stats: error_connection_closed 0 4
# stats: dump at 1615427084
stats: users 0 1488
stats: {load,"tsung_controller@ip-172-31-45-17"} 1 0.3515625 0.0 0.5703125 0.0703125 0.26586174242424243 33
stats: {freemem,"tsung_controller@ip-172-31-45-17"} 1 551.32421875 0.0 659.72265625 401.51171875 595.2372159090909 33
stats: {cpu,"tsung_controller@ip-172-31-45-17"} 1 0.05002501250625312 0.0 51.61290322580645 0.05002501250625312 10.296086584142039 33
stats: session 0 0 0 5617.278 1012.368 2800.8703391931413 30092
stats: users_count 0 30092
stats: finish_users_count 0 30092
stats: request 0 0 0 754.436 0.712 159.48900695201394 150460
stats: connect 0 0 0 34.227 0.807 1.3394491780704039 46476
stats: page 0 0 0 1782.042 1.561 398.9380488668088 60184
stats: error_send_einval 0 2
stats: 200 0 87222
stats: size_rcv 0 410584441
stats: newphase 0 9
stats: 502 0 63232
stats: size_sent 0 49037774
stats: connected 0 0
stats: error_connection_closed 0 4
# stats: dump at 1615427094
stats: users 0 1488
stats: {load,"tsung_controller@ip-172-31-45-17"} 1 0.30078125 0.0 0.5703125 0.0703125 0.26838235294117646 34
stats: {freemem,"tsung_controller@ip-172-31-45-17"} 1 551.625 0.0 659.72265625 401.51171875 593.9456571691177 34
stats: {cpu,"tsung_controller@ip-172-31-45-17"} 1 0.0 0.0 51.61290322580645 0.0 9.994731832035102 34
stats: session 0 0 0 5617.278 1012.368 2800.8703391931413 30092
stats: users_count 0 30092
stats: finish_users_count 0 30092
stats: request 0 0 0 754.436 0.712 159.48900695201394 150460
stats: connect 0 0 0 34.227 0.807 1.3394491780704039 46476
stats: page 0 0 0 1782.042 1.561 398.9380488668088 60184
stats: error_send_einval 0 2
stats: 200 0 87222
stats: size_rcv 0 410584441
stats: newphase 0 9
stats: 502 0 63232
stats: size_sent 0 49037774
stats: connected 0 0
stats: error_connection_closed 0 4
# stats: dump at 1615427104
stats: users 0 1488
stats: {load,"tsung_controller@ip-172-31-45-17"} 1 0.25 0.0 0.5703125 0.0703125 0.2693080357142857 35
stats: {freemem,"tsung_controller@ip-172-31-45-17"} 1 559.6328125 0.0 659.72265625 401.51171875 592.7364955357143 35
stats: {cpu,"tsung_controller@ip-172-31-45-17"} 1 0.0 0.0 51.61290322580645 0.0 9.709168065405528 35
stats: session 0 0 0 5617.278 1012.368 2800.8703391931413 30092
stats: users_count 0 30092
stats: finish_users_count 0 30092
stats: request 0 0 0 754.436 0.712 159.48900695201394 150460
stats: connect 0 0 0 34.227 0.807 1.3394491780704039 46476
stats: page 0 0 0 1782.042 1.561 398.9380488668088 60184
stats: error_send_einval 0 2
stats: 200 0 87222
stats: size_rcv 0 410584441
stats: newphase 0 9
stats: 502 0 63232
stats: size_sent 0 49037774
stats: connected 0 0
stats: error_connection_closed 0 4
# stats: dump at 1615427107
stats: users 0 1488
stats: {load,"tsung_controller@ip-172-31-45-17"} 1 0.2109375 0.0 0.5703125 0.0703125 0.26877170138888884 36
stats: {freemem,"tsung_controller@ip-172-31-45-17"} 1 591.34375 0.0 659.72265625 401.51171875 591.8169487847222 36
stats: {cpu,"tsung_controller@ip-172-31-45-17"} 1 0.14992503748125938 0.0 51.61290322580645 0.0 9.439468952477597 36
stats: session 0 0 0 5617.278 1012.368 2800.8703391931413 30092
stats: users_count 0 30092
stats: finish_users_count 0 30092
stats: request 0 0 0 754.436 0.712 159.48900695201394 150460
stats: connect 0 0 0 34.227 0.807 1.3394491780704039 46476
stats: page 0 0 0 1782.042 1.561 398.9380488668088 60184
stats: error_send_einval 0 2
stats: 200 0 87222
stats: size_rcv 0 410584441
stats: newphase 0 9
stats: 502 0 63232
stats: size_sent 0 49037774
stats: connected 0 0
stats: error_connection_closed 0 4
EndMonitor:{1615,427107,203717}
