# stats: dump at 1615434958
stats: users 3 4
stats: {load,"tsung_controller@ip-172-31-45-17"} 1 0.0703125 0 0.0703125 0.0703125 0 0
stats: {freemem,"tsung_controller@ip-172-31-45-17"} 1 665.23828125 0 665.23828125 665.23828125 0 0
stats: {cpu,"tsung_controller@ip-172-31-45-17"} 1 1.6618216869673221 0 1.6618216869673221 1.6618216869673221 0 0
stats: session 6 2607.5255 470.23154702931544 3235.13 1883.88 0 0
stats: users_count 9 9
stats: finish_users_count 6 6
stats: request 68 45.72379411764706 71.59691685063287 265.47 6.507 0 0
stats: connect 8 2.26675 3.2339583620541563 10.819 0.958 0 0
stats: page 22 141.5717727272727 156.86086962277108 452.306 6.548 0 0
stats: 302 14 14
stats: 200 54 54
stats: size_rcv 261421 261421
stats: size_sent 38891 38891
stats: connected 2 2
# stats: dump at 1615434968
stats: users 6 7
stats: {load,"tsung_controller@ip-172-31-45-17"} 1 0.05859375 0.0 0.0703125 0.05859375 0.0703125 1
stats: {freemem,"tsung_controller@ip-172-31-45-17"} 1 664.33203125 0.0 665.23828125 664.33203125 665.23828125 1
stats: {cpu,"tsung_controller@ip-172-31-45-17"} 1 0.7492507492507493 0.0 1.6618216869673221 0.7492507492507493 1.6618216869673221 1
stats: session 16 2645.123 426.18600861360983 3264.937 1731.123 2607.5255 6
stats: users_count 19 28
stats: finish_users_count 16 22
stats: request 144 36.61132638888889 66.94220268280253 265.47 5.877 45.72379411764706 68
stats: connect 16 1.1198125 0.4407096860108137 10.819 0.917 2.26675 8
stats: page 48 110.04185416666662 129.42725644836008 452.306 6.264 141.5717727272727 22
stats: 302 32 46
stats: 200 112 166
stats: size_rcv 529746 791167
stats: size_sent 82693 121584
stats: connected 0 2
# stats: dump at 1615434978
stats: users 0 7
stats: {load,"tsung_controller@ip-172-31-45-17"} 1 0.05078125 0.0 0.0703125 0.05078125 0.064453125 2
stats: {freemem,"tsung_controller@ip-172-31-45-17"} 1 662.07421875 0.0 665.23828125 662.07421875 664.78515625 2
stats: {cpu,"tsung_controller@ip-172-31-45-17"} 1 0.6493506493506493 0.0 1.6618216869673221 0.6493506493506493 1.2055362181090357 2
stats: session 8 2722.7867499999993 455.3812653765385 3322.008 1731.123 2634.8691363636362 22
stats: users_count 2 30
stats: finish_users_count 8 30
stats: request 58 37.551741379310336 70.46031337729217 265.47 5.877 39.534193396226414 212
stats: connect 6 1.4921666666666666 1.1284965539257183 10.819 0.88 1.5021250000000002 24
stats: page 20 109.12114999999999 146.78628215956522 508.359 6.151 119.95125714285712 70
stats: 302 14 60
stats: 200 44 210
stats: size_rcv 202322 993489
stats: size_sent 33599 155183
stats: connected -2 0
# stats: dump at 1615434988
stats: users 10 12
stats: {load,"tsung_controller@ip-172-31-45-17"} 1 0.0390625 0.0 0.0703125 0.0390625 0.059895833333333336 3
stats: {freemem,"tsung_controller@ip-172-31-45-17"} 1 661.40234375 0.0 665.23828125 661.40234375 663.8815104166666 3
stats: {cpu,"tsung_controller@ip-172-31-45-17"} 1 0.3494757863205192 0.0 1.6618216869673221 0.3494757863205192 1.020141028522907 3
stats: session 5 2315.5128 476.60018998418377 3322.008 1731.123 2658.313833333333 30
stats: users_count 15 45
stats: finish_users_count 5 35
stats: connect 13 0.9993076923076922 0.22635043783933606 10.819 0.84 1.5001333333333335 30
stats: page 28 128.63803571428573 137.2811840541891 508.359 6.061 117.54456666666665 90
stats: 302 15 75
stats: request 91 39.51816483516483 74.41815400418376 275.691 5.695 39.108333333333334 270
stats: 200 76 286
stats: size_rcv 381605 1375094
stats: newphase 1 1
stats: size_sent 51342 206525
stats: connected 10 10
# stats: dump at 1615434998
stats: users 7 12
stats: {load,"tsung_controller@ip-172-31-45-17"} 1 0.03125 0.0 0.0703125 0.03125 0.0546875 4
stats: {freemem,"tsung_controller@ip-172-31-45-17"} 1 660.06640625 0.0 665.23828125 660.06640625 663.26171875 4
stats: {cpu,"tsung_controller@ip-172-31-45-17"} 1 0.5002501250625313 0.0 1.6618216869673221 0.3494757863205192 0.85247471797231 4
stats: session 18 2577.823111111111 425.55500104110956 3322.008 1731.123 2609.342257142857 35
stats: users_count 15 60
stats: finish_users_count 18 53
stats: request 152 33.25450657894735 65.68025311118978 275.691 5.695 39.21164265927978 361
stats: connect 16 1.427 0.8414081203553956 10.819 0.84 1.3487209302325582 43
stats: page 52 97.40221153846151 120.00775125660337 508.359 6.012 120.17691525423729 118
stats: 302 36 111
stats: 200 116 402
stats: size_rcv 536654 1911748
stats: newphase 0 1
stats: size_sent 88004 294529
stats: connected -4 6
# stats: dump at 1615435008
stats: users 10 12
stats: {load,"tsung_controller@ip-172-31-45-17"} 1 0.03125 0.0 0.0703125 0.03125 0.05 5
stats: {freemem,"tsung_controller@ip-172-31-45-17"} 1 659.64453125 0.0 665.23828125 659.64453125 662.62265625 5
stats: {cpu,"tsung_controller@ip-172-31-45-17"} 1 0.5002501250625313 0.0 1.6618216869673221 0.3494757863205192 0.7820297993903542 5
stats: session 27 2462.535 556.8383581098238 3322.008 1423.866 2598.6376415094337 53
stats: users_count 30 90
stats: finish_users_count 27 80
stats: request 258 35.04924806201548 67.96597087559698 275.691 5.639 37.44656530214425 513
stats: connect 30 0.976333333333333 0.1538205303448001 10.819 0.833 1.3699491525423728 59
stats: page 86 105.33284883720928 125.44821537410135 508.359 5.972 113.21053529411763 170
stats: 302 56 167
stats: 200 202 604
stats: size_rcv 957762 2869510
stats: newphase 0 1
stats: size_sent 148300 442829
stats: connected 3 9
# stats: dump at 1615435018
stats: users 5 15
stats: {load,"tsung_controller@ip-172-31-45-17"} 1 0.01953125 0.0 0.0703125 0.01953125 0.046875 6
stats: {freemem,"tsung_controller@ip-172-31-45-17"} 1 654.2890625 0.0 665.23828125 654.2890625 662.1263020833334 6
stats: {cpu,"tsung_controller@ip-172-31-45-17"} 1 0.949050949050949 0.0 1.6618216869673221 0.3494757863205192 0.7350665203357171 6
stats: session 33 2378.7798484848477 588.075970838551 3360.876 1340.346 2552.703 80
stats: users_count 28 118
stats: finish_users_count 33 113
stats: connect 29 1.5481724137931032 1.8178761588442083 10.819 0.693 1.2372696629213482 89
stats: 302 60 227
stats: request 273 36.018589743589736 69.3512023142528 275.691 5.343 36.64435019455252 771
stats: 200 213 817
stats: size_rcv 1021010 3890520
stats: newphase 1 2
stats: size_sent 156139 598968
stats: connected 0 9
stats: page 89 110.69261797752813 131.09532193330878 511.578 5.343 110.56412499999999 256
# stats: dump at 1615435028
stats: users 10 18
stats: {load,"tsung_controller@ip-172-31-45-17"} 1 0.01953125 0.0 0.0703125 0.01953125 0.04296875 7
stats: {freemem,"tsung_controller@ip-172-31-45-17"} 1 653.12109375 0.0 665.23828125 653.12109375 661.0066964285714 7
stats: {cpu,"tsung_controller@ip-172-31-45-17"} 1 0.9018036072144289 0.0 1.6618216869673221 0.3494757863205192 0.7656357244378931 7
stats: session 39 2229.516487179489 589.3369002945283 3360.876 1325.437 2501.9112831858406 113
stats: users_count 44 162
stats: finish_users_count 39 152
stats: request 384 37.04710937499999 70.32718948062154 275.691 5.343 36.480717432950186 1044
stats: connect 44 1.0773409090909094 0.254093839428541 10.819 0.693 1.3136779661016948 118
stats: page 127 110.38748031496061 128.66720236966154 511.578 5.343 110.59727246376812 345
stats: 302 84 311
stats: 200 300 1117
stats: size_rcv 1422608 5313128
stats: newphase 0 2
stats: size_sent 220741 819709
stats: connected 4 13
# stats: dump at 1615435038
stats: users 13 18
stats: {load,"tsung_controller@ip-172-31-45-17"} 1 0.08984375 0.0 0.08984375 0.01953125 0.0400390625 8
stats: {freemem,"tsung_controller@ip-172-31-45-17"} 1 653.42578125 0.0 665.23828125 653.12109375 660.02099609375 8
stats: {cpu,"tsung_controller@ip-172-31-45-17"} 1 1.097804391217565 0.0 1.6618216869673221 0.3494757863205192 0.78265670978496 8
stats: session 43 2188.9360930232565 526.3329305752189 3360.876 1307.812 2432.020513157895 152
stats: users_count 46 208
stats: finish_users_count 43 195
stats: request 401 34.67179052369078 67.6134184745268 275.691 5.343 36.63302450980391 1428
stats: connect 45 1.0347555555555557 0.3608013399553558 10.819 0.693 1.2494876543209876 162
stats: 302 88 399
stats: page 134 105.71556716417912 125.44509152253121 511.578 5.343 110.54082415254237 472
stats: 200 313 1430
stats: size_rcv 1485197 6798325
stats: newphase 0 2
stats: size_sent 230487 1050196
stats: connected 1 14
# stats: dump at 1615435048
stats: users 21 26
stats: {load,"tsung_controller@ip-172-31-45-17"} 1 0.078125 0.0 0.08984375 0.01953125 0.045572916666666664 9
stats: {freemem,"tsung_controller@ip-172-31-45-17"} 1 652.46875 0.0 665.23828125 652.46875 659.2881944444445 9
stats: {cpu,"tsung_controller@ip-172-31-45-17"} 1 1.3479780329505742 0.0 1.6618216869673221 0.3494757863205192 0.8176731188330273 9
stats: session 66 2219.0677575757577 585.4846995289862 3360.876 1307.812 2378.417282051282 195
stats: users_count 74 282
stats: finish_users_count 66 261
stats: request 623 37.5603354735152 71.13524564567444 275.691 5.141 36.203032804811365 1829
stats: connect 74 1.1476081081081082 1.0147587493555887 10.819 0.69 1.2028067632850241 207
stats: page 208 112.70689903846157 130.7949670984808 511.578 5.343 109.47385313531353 606
stats: 302 135 534
stats: 200 488 1918
stats: size_rcv 2313642 9111967
stats: newphase 1 3
stats: size_sent 358205 1408401
stats: connected 9 23
# stats: dump at 1615435058
stats: users 9 26
stats: {load,"tsung_controller@ip-172-31-45-17"} 1 0.05859375 0.0 0.08984375 0.01953125 0.048828125 10
stats: {freemem,"tsung_controller@ip-172-31-45-17"} 1 649.09765625 0.0 665.23828125 649.09765625 658.60625 10
stats: {cpu,"tsung_controller@ip-172-31-45-17"} 1 1.996007984031936 0.0 1.996007984031936 0.3494757863205192 0.8707036102447819 10
stats: session 93 2344.46752688172 576.2359807825449 3431.533 1307.812 2338.1220000000003 261
stats: users_count 81 363
stats: finish_users_count 93 354
stats: connect 82 1.0461951219512193 0.3995134980174711 10.819 0.69 1.188270462633452 281
stats: request 790 38.23282531645565 71.5499371718527 275.691 4.768 36.54789396411091 2452
stats: page 262 115.42954198473275 136.95480753299944 573.619 5.343 110.29998771498772 814
stats: 302 179 713
stats: 200 611 2529
stats: size_rcv 2891227 12003194
stats: newphase 0 3
stats: size_sent 454243 1862644
stats: connected -10 13
# stats: dump at 1615435068
stats: users 19 26
stats: {load,"tsung_controller@ip-172-31-45-17"} 1 0.05078125 0.0 0.08984375 0.01953125 0.04971590909090909 11
stats: {freemem,"tsung_controller@ip-172-31-45-17"} 1 646.6171875 0.0 665.23828125 646.6171875 657.7418323863636 11
stats: {cpu,"tsung_controller@ip-172-31-45-17"} 1 2.3952095808383236 0.0 2.3952095808383236 0.3494757863205192 0.973004007861796 11
stats: session 77 2323.9824935064926 625.8111747219135 3431.533 1307.812 2339.78904519774 354
stats: users_count 87 450
stats: finish_users_count 77 431
stats: request 748 38.874774064171014 74.68998866021201 483.302 4.768 36.958472547809976 3242
stats: connect 85 1.0396352941176472 0.5402751770992439 10.819 0.686 1.156176308539945 363
stats: page 249 115.96709638554208 143.20725415786904 757.718 5.24 111.54900557620816 1076
stats: 302 165 878
stats: 200 583 3112
stats: size_rcv 2764590 14767784
stats: newphase 0 3
stats: size_sent 429382 2292026
stats: connected 4 17
# stats: dump at 1615435078
stats: users 33 63
stats: {load,"tsung_controller@ip-172-31-45-17"} 1 0.0390625 0.0 0.08984375 0.01953125 0.0498046875 12
stats: {freemem,"tsung_controller@ip-172-31-45-17"} 1 645.83984375 0.0 665.23828125 645.83984375 656.8147786458334 12
stats: {cpu,"tsung_controller@ip-172-31-45-17"} 1 1.848151848151848 0.0 2.3952095808383236 0.3494757863205192 1.0915211389431734 12
stats: session 122 2534.632040983605 661.391332909578 4316.568 1307.812 2336.965136890951 431
stats: users_count 136 586
stats: finish_users_count 122 553
stats: connect 134 1.0665597014925368 0.5438551512491256 10.819 0.686 1.1340647321428574 448
stats: page 381 171.55460629921268 246.00563527198332 1383.498 5.24 112.37927320754713 1325
stats: 302 248 1126
stats: request 1151 56.9413761946134 103.77216899412215 773.529 4.768 37.31771904761901 3990
stats: 200 903 4015
stats: size_rcv 4292315 19060099
stats: newphase 1 4
stats: size_sent 660679 2952705
stats: connected 17 34
# stats: dump at 1615435088
stats: users 44 63
stats: {load,"tsung_controller@ip-172-31-45-17"} 1 0.0390625 0.0 0.08984375 0.01953125 0.048978365384615384 13
stats: {freemem,"tsung_controller@ip-172-31-45-17"} 1 627.25 0.0 665.23828125 627.25 655.9705528846154 13
stats: {cpu,"tsung_controller@ip-172-31-45-17"} 1 4.0439340988517225 0.0 4.0439340988517225 0.3494757863205192 1.1497235011899944 13
stats: session 156 2449.117064102563 581.8558857788881 4316.568 1307.812 2380.573386980108 553
stats: users_count 167 753
stats: finish_users_count 156 709
stats: request 1460 46.51322602739728 80.78360439028395 773.529 4.768 41.711189068274635 5141
stats: connect 168 1.0139107142857142 0.3404169507550918 10.819 0.686 1.1185223367697594 582
stats: page 487 140.0880533880904 170.78156506622557 1383.498 5.24 125.59486635404454 1706
stats: 302 319 1445
stats: 200 1141 5156
stats: size_rcv 5406704 24466803
stats: newphase 0 4
stats: size_sent 840110 3792815
stats: connected 12 46
# stats: dump at 1615435098
stats: users 38 63
stats: {load,"tsung_controller@ip-172-31-45-17"} 1 0.03125 0.0 0.08984375 0.01953125 0.04827008928571429 14
stats: {freemem,"tsung_controller@ip-172-31-45-17"} 1 621.80859375 0.0 665.23828125 621.80859375 653.9190848214286 14
stats: {cpu,"tsung_controller@ip-172-31-45-17"} 1 4.922923918448533 0.0 4.922923918448533 0.3494757863205192 1.3564528295944036 14
stats: session 170 2413.5635294117656 582.7458494819784 4316.568 1307.812 2395.6549294781375 709
stats: users_count 164 917
stats: finish_users_count 170 879
stats: connect 165 1.104806060606062 0.6290379561412008 10.819 0.686 1.0950893333333334 750
stats: page 500 139.4626840000001 169.7431124275037 1383.498 4.942 128.8133716370269 2193
stats: 302 338 1783
stats: request 1506 46.968677290836624 84.29984417072154 773.529 4.658 42.77329692470837 6601
stats: 200 1168 6324
stats: size_rcv 5506203 29973006
stats: newphase 0 4
stats: size_sent 869662 4662477
stats: connected -5 41
# stats: dump at 1615435108
stats: users 151 155
stats: {load,"tsung_controller@ip-172-31-45-17"} 1 0.03125 0.0 0.08984375 0.01953125 0.047135416666666666 15
stats: {freemem,"tsung_controller@ip-172-31-45-17"} 1 624.00390625 0.0 665.23828125 621.80859375 651.7783854166667 15
stats: {cpu,"tsung_controller@ip-172-31-45-17"} 1 4.482071713147411 0.0 4.922923918448533 0.3494757863205192 1.5942175688513456 15
stats: session 136 3556.7308235294113 1223.8919395190571 6588.202 1307.812 2399.1184812286683 879
stats: users_count 249 1166
stats: finish_users_count 136 1015
stats: connect 246 1.0348699186991863 0.9779197222056909 15.765 0.676 1.096841530054645 915
stats: page 531 643.1231977401138 752.5367502474587 4580.224 4.942 130.7905926476049 2693
stats: 302 344 2127
stats: request 1610 260.93325341614894 323.9771701410062 2335.422 4.658 43.552653385962735 8107
stats: 200 1266 7590
stats: size_rcv 5855723 35828729
stats: newphase 1 5
stats: size_sent 956757 5619234
stats: connected 112 153
# stats: dump at 1615435118
stats: users 376 377
stats: {load,"tsung_controller@ip-172-31-45-17"} 1 0.01953125 0.0 0.08984375 0.01953125 0.046142578125 16
stats: {freemem,"tsung_controller@ip-172-31-45-17"} 1 589.46484375 0.0 665.23828125 589.46484375 650.04248046875 16
stats: {cpu,"tsung_controller@ip-172-31-45-17"} 1 5.271084337349398 0.0 5.271084337349398 0.3494757863205192 1.7747084528698496 16
stats: session 107 7724.450420560749 2099.4980508574963 12524.968 1307.812 2554.2271300492607 1015
stats: users_count 332 1498
stats: finish_users_count 107 1122
stats: request 1819 1144.7929307311683 530.5451580323211 3109.046 4.658 79.57022733353914 9717
stats: connect 335 1.1701402985074607 1.6919260228755553 29.814 0.676 1.0837105943152456 1161
stats: page 556 2618.87951438849 2324.8034192127484 8766.563 4.942 215.17291687344925 3224
stats: 302 384 2511
stats: 200 1436 9026
stats: size_rcv 6567210 42395939
stats: newphase 0 5
stats: size_sent 1110088 6729322
stats: connected 224 377
# stats: dump at 1615435128
stats: users 431 460
stats: {load,"tsung_controller@ip-172-31-45-17"} 1 0.01953125 0.0 0.08984375 0.01953125 0.04457720588235294 17
stats: {freemem,"tsung_controller@ip-172-31-45-17"} 1 517.0234375 0.0 665.23828125 517.0234375 646.4790900735294 17
stats: {cpu,"tsung_controller@ip-172-31-45-17"} 1 6.836327345309382 0.0 6.836327345309382 0.3494757863205192 1.9803776225451173 17
stats: session 266 12129.995530075184 3725.285889521457 18297.961 1307.812 3047.287639928699 1122
stats: users_count 321 1819
stats: finish_users_count 266 1388
stats: connect 321 1.0203676012461065 0.4368842622924223 29.814 0.676 1.1030648395721923 1496
stats: page 916 3698.619155021838 3379.2830826313407 12335.882 0.815 568.7339931216934 3780
stats: request 2870 1312.6956581881527 940.0366040518016 3716.967 0.339 247.5348682385571 11536
stats: 302 448 2959
stats: 200 1610 10636
stats: size_rcv 7525903 49921842
stats: newphase 0 5
stats: 502 811 811
stats: size_sent 1510374 8239696
stats: connected 55 432
# stats: dump at 1615435138
stats: users 525 543
stats: {load,"tsung_controller@ip-172-31-45-17"} 1 0.01171875 0.0 0.08984375 0.01171875 0.04318576388888889 18
stats: {freemem,"tsung_controller@ip-172-31-45-17"} 1 487.421875 0.0 665.23828125 487.421875 639.287109375 18
stats: {cpu,"tsung_controller@ip-172-31-45-17"} 1 8.266533066132265 0.0 8.266533066132265 0.3494757863205192 2.2501526071431317 18
stats: session 492 10857.34669918699 5575.87131182817 21600.486 1035.774 4787.921860951008 1388
stats: users_count 586 2405
stats: finish_users_count 492 1880
stats: request 4895 758.0968486210429 930.0544160593716 3716.967 0.329 459.7389128835203 14406
stats: connect 583 1.0600428816466558 1.2665175603124064 29.814 0.629 1.088455145844799 1817
stats: page 1618 2560.453690976507 3238.8800597042286 13982.516 0.776 1179.2482197615 4696
stats: 302 475 3434
stats: 200 1634 12270
stats: size_rcv 8089735 58011577
stats: newphase 1 6
stats: 502 2786 3597
stats: size_sent 2074557 10314253
stats: connected 96 528
# stats: dump at 1615435148
stats: users 500 543
stats: {load,"tsung_controller@ip-172-31-45-17"} 1 0.01171875 0.0 0.08984375 0.01171875 0.041529605263157895 19
stats: {freemem,"tsung_controller@ip-172-31-45-17"} 1 493.22265625 0.0 665.23828125 487.421875 631.2942023026316 19
stats: {cpu,"tsung_controller@ip-172-31-45-17"} 1 11.907164480322905 0.0 11.907164480322905 0.3494757863205192 2.566804210247823 19
stats: session 648 8147.6103348765655 4454.961175889237 21787.546 1035.774 6376.3032547872335 1880
stats: users_count 623 3028
stats: finish_users_count 648 2528
stats: request 5649 679.0655087626136 895.0863710251405 3716.967 0.327 535.4066034402362 19301
stats: page 1896 1994.5763670886047 2494.001052422923 13982.516 0.776 1533.1903249920797 6314
stats: 302 562 3996
stats: connect 621 0.9848856682769723 0.5981787076755082 29.814 0.629 1.0815533333333334 2400
stats: 200 1718 13988
stats: size_rcv 8347154 66358731
stats: newphase 0 6
stats: 502 3369 6966
stats: size_sent 2323550 12637803
stats: connected -29 499
# stats: dump at 1615435158
stats: users 503 543
stats: {load,"tsung_controller@ip-172-31-45-17"} 1 0.01171875 0.0 0.08984375 0.01171875 0.0400390625 20
stats: {freemem,"tsung_controller@ip-172-31-45-17"} 1 492.09765625 0.0 665.23828125 487.421875 624.390625 20
stats: {cpu,"tsung_controller@ip-172-31-45-17"} 1 13.609172482552342 0.0 13.609172482552342 0.3494757863205192 3.033822223751577 20
stats: session 614 8090.739206840398 4350.760166057521 21787.546 1035.774 6830.3408291139285 2528
stats: users_count 617 3645
stats: finish_users_count 614 3142
stats: request 5639 662.0308175208332 902.3399002877901 3720.513 0.327 567.9328221242486 24950
stats: 302 511 4507
stats: connect 620 0.9580112903225806 0.42933215001187475 29.814 0.629 1.061682224428997 3021
stats: page 1878 2002.2425990415318 2562.7605330895767 13982.516 0.776 1639.741839707672 8210
stats: 200 1658 15646
stats: size_rcv 8120037 74478768
stats: newphase 0 6
stats: 502 3470 10436
stats: size_sent 2332139 14969942
stats: connected 2 501
# stats: dump at 1615435168
stats: users 637 638
stats: {load,"tsung_controller@ip-172-31-45-17"} 1 0.16015625 0.0 0.16015625 0.01171875 0.03869047619047619 21
stats: {freemem,"tsung_controller@ip-172-31-45-17"} 1 490.72265625 0.0 665.23828125 487.421875 618.0909598214286 21
stats: {cpu,"tsung_controller@ip-172-31-45-17"} 1 12.133468149646106 0.0 13.609172482552342 0.3494757863205192 3.5374103313135183 21
stats: session 971 6447.15086096807 4306.017159806744 22320.12 1022.519 7076.644013049018 3142
stats: users_count 1105 4750
stats: finish_users_count 971 4113
stats: request 9615 399.111357878315 818.4905070272408 3720.513 0.327 585.2795348654738 30589
stats: connect 1097 0.9104247948951694 0.4812878954719138 29.814 0.544 1.044028838231255 3641
stats: page 3166 1273.7242365761258 2146.159679162733 13982.516 0.776 1707.2256249999982 10088
stats: 302 493 5000
stats: 200 1562 17208
stats: size_rcv 8799647 83278415
stats: newphase 1 7
stats: 502 7560 17996
stats: size_sent 3235399 18205341
stats: connected 129 630
# stats: dump at 1615435178
stats: users 601 657
stats: {load,"tsung_controller@ip-172-31-45-17"} 1 0.12890625 0.0 0.16015625 0.01171875 0.04421164772727273 22
stats: {freemem,"tsung_controller@ip-172-31-45-17"} 1 507.734375 0.0 665.23828125 487.421875 612.3014914772727 22
stats: {cpu,"tsung_controller@ip-172-31-45-17"} 1 20.66365007541478 0.0 20.66365007541478 0.3494757863205192 3.9281402321468177 22
stats: session 1252 5171.890447284347 3250.8057735821267 22320.12 1009.685 6928.032816678827 4113
stats: users_count 1216 5966
stats: finish_users_count 1252 5365
stats: request 11155 348.6805332138069 703.294134925794 3720.513 0.327 540.7564271714252 40204
stats: connect 1228 0.8633363192182404 0.3553638064504964 29.814 0.544 1.0130951878429717 4738
stats: page 3716 1084.3093708288486 1786.1332196106398 13982.516 0.776 1603.6745916704388 13254
stats: 302 530 5530
stats: 200 1934 19142
stats: size_rcv 11098578 94376993
stats: newphase 0 7
stats: 502 8691 26687
stats: size_sent 3716309 21921650
stats: connected -25 605
# stats: dump at 1615435188
stats: users 621 675
stats: {load,"tsung_controller@ip-172-31-45-17"} 1 0.1796875 0.0 0.1796875 0.01171875 0.04789402173913043 23
stats: {freemem,"tsung_controller@ip-172-31-45-17"} 1 485.75390625 0.0 665.23828125 485.75390625 607.7550951086956 23
stats: {cpu,"tsung_controller@ip-172-31-45-17"} 1 21.32725430597771 0.0 21.32725430597771 0.3494757863205192 4.655771094897599 23
stats: session 1234 5128.747731766614 2957.6918496321755 22320.12 1009.685 6518.211708294503 5365
stats: users_count 1254 7220
stats: finish_users_count 1234 6599
stats: connect 1253 0.8878188347964896 0.4418141714243982 29.814 0.544 0.9822698625544753 5966
stats: page 3728 1021.4620303111565 1623.6926050001073 13982.516 0.738 1489.9467684148494 16970
stats: 302 536 6066
stats: request 11174 341.9702401109705 694.7359729678552 3720.513 0.327 499.03819673280236 51359
stats: 200 1873 21015
stats: size_rcv 10532898 104909891
stats: newphase 0 7
stats: 502 8765 35452
stats: size_sent 3709652 25631302
stats: connected 16 621
# stats: dump at 1615435198
stats: users 0 675
stats: {load,"tsung_controller@ip-172-31-45-17"} 1 0.23828125 0.0 0.23828125 0.01171875 0.053385416666666664 24
stats: {freemem,"tsung_controller@ip-172-31-45-17"} 1 484.51953125 0.0 665.23828125 484.51953125 602.6717122395834 24
stats: {cpu,"tsung_controller@ip-172-31-45-17"} 1 21.70818505338078 0.0 21.70818505338078 0.3494757863205192 5.350416228692603 24
stats: session 884 6435.858194570131 3045.1615562230086 22320.12 1009.685 6258.384681921506 6599
stats: users_count 263 7483
stats: finish_users_count 884 7483
stats: connect 264 0.991795454545455 0.8396637425692496 29.814 0.544 0.9658760216096415 7219
stats: page 1749 1683.0691686678103 2112.940558568396 13982.516 0.738 1405.5660986085607 20698
stats: request 4810 536.5005970893976 768.0946665461344 3720.513 0.327 470.9717782450863 62533
stats: 302 739 6805
stats: 200 1890 22905
stats: size_rcv 9099343 114009234
stats: newphase 0 7
stats: 502 2181 37633
stats: size_sent 1901434 27532736
stats: connected -619 2
# stats: dump at 1615435200
stats: users 0 675
stats: {load,"tsung_controller@ip-172-31-45-17"} 1 0.19921875 0.0 0.23828125 0.01171875 0.06078125 25
stats: {freemem,"tsung_controller@ip-172-31-45-17"} 1 584.890625 0.0 665.23828125 484.51953125 597.945625 25
stats: {cpu,"tsung_controller@ip-172-31-45-17"} 1 8.532934131736528 0.0 21.70818505338078 0.3494757863205192 6.004726981680131 25
stats: session 0 0 0 22320.12 1009.685 6279.350415608715 7483
stats: users_count 0 7483
stats: finish_users_count 0 7483
stats: request 4 11.86825 3.6019164603721725 3720.513 0.327 475.652199649555 67343
stats: connect 0 0 0 29.814 0.544 0.9667904583723107 7483
stats: page 2 23.8935 2.7805 13982.516 0.738 1427.1882694792173 22447
stats: 302 2 6807
stats: 200 2 22907
stats: size_rcv 3917 114013151
stats: newphase 0 7
stats: 502 0 37633
stats: size_sent 2592 27535328
stats: connected -2 0
EndMonitor:{1615,435200,717058}
