# stats: dump at 1615279759
stats: users 6 8
stats: {load,"tsung_controller@ip-172-31-43-243"} 1 0.171875 0 0.171875 0.171875 0 0
stats: {cpu,"tsung_controller@ip-172-31-43-243"} 1 15.046377318865945 0 15.046377318865945 15.046377318865945 0 0
stats: {freemem,"tsung_controller@ip-172-31-43-243"} 1 691.9140625 0 691.9140625 691.9140625 0 0
stats: session 3 5061.188000000001 557.6642781835678 5661.845 4318.262 0 0
stats: users_count 9 9
stats: finish_users_count 3 3
stats: request 39 75.53746153846154 94.1045420912149 260.961 4.418 0 0
stats: connect 8 2.8899999999999997 3.8933783851560073 13.184 1.267 0 0
stats: page 23 128.19630434782604 108.65987186887139 372.671 7.025 0 0
stats: 302 17 17
stats: 200 22 22
stats: size_rcv 1609487 1609487
stats: size_sent 22743 22743
stats: connected 6 6
# stats: dump at 1615279769
stats: users 9 12
stats: {load,"tsung_controller@ip-172-31-43-243"} 1 0.140625 0.0 0.171875 0.140625 0.171875 1
stats: {cpu,"tsung_controller@ip-172-31-43-243"} 1 1.4471057884231537 0.0 15.046377318865945 1.4471057884231537 15.046377318865945 1
stats: {freemem,"tsung_controller@ip-172-31-43-243"} 1 687.45703125 0.0 691.9140625 687.45703125 691.9140625 1
stats: session 11 6357.222454545456 924.5614663809159 7607.518 4318.262 5061.188000000001 3
stats: users_count 14 23
stats: finish_users_count 11 14
stats: request 112 57.33301785714286 84.68459342286594 333.075 4.221 75.53746153846154 39
stats: connect 15 1.3908 0.14808655126873155 13.184 1.23 2.8899999999999997 8
stats: page 54 119.04272222222224 96.89088423227301 372.671 6.737 128.19630434782604 23
stats: 302 49 66
stats: 200 63 85
stats: size_rcv 4520331 6129818
stats: size_sent 67443 90186
stats: connected 5 11
# stats: dump at 1615279779
stats: users 2 12
stats: {load,"tsung_controller@ip-172-31-43-243"} 1 0.12109375 0.0 0.171875 0.12109375 0.15625 2
stats: {cpu,"tsung_controller@ip-172-31-43-243"} 1 0.4502251125562781 0.0 15.046377318865945 0.4502251125562781 8.246741553644549 2
stats: {freemem,"tsung_controller@ip-172-31-43-243"} 1 684.3828125 0.0 691.9140625 684.3828125 689.685546875 2
stats: session 14 5886.6575 1167.3802506449306 7765.234 4275.243 6079.500785714286 14
stats: users_count 7 30
stats: finish_users_count 14 28
stats: connect 7 1.3734285714285712 0.09226492468175865 13.184 1.23 1.9122608695652175 23
stats: request 108 34.14721296296299 60.535489554727924 333.075 4.103 62.034827814569546 151
stats: page 40 92.38177499999999 81.22516627452589 372.671 5.756 121.77690909090909 77
stats: 302 49 115
stats: 200 59 144
stats: size_rcv 3255812 9385630
stats: size_sent 70017 160203
stats: connected -9 2
# stats: dump at 1615279789
stats: users 17 17
stats: {load,"tsung_controller@ip-172-31-43-243"} 1 0.1015625 0.0 0.171875 0.1015625 0.14453125 3
stats: {cpu,"tsung_controller@ip-172-31-43-243"} 1 0.4497751124437781 0.0 15.046377318865945 0.4497751124437781 5.647902739948459 3
stats: {freemem,"tsung_controller@ip-172-31-43-243"} 1 684.078125 0.0 691.9140625 684.078125 687.91796875 3
stats: session 2 7389.6935 794.1655000000001 8183.859 4275.243 5983.079142857144 28
stats: users_count 17 47
stats: finish_users_count 2 30
stats: request 47 89.12472340425532 100.93200983234128 333.075 4.103 50.406015444015466 259
stats: connect 15 1.375733333333333 0.04720235399026428 13.184 1.23 1.7865333333333333 30
stats: page 34 119.38985294117647 104.01285758900828 372.671 5.756 111.72729059829061 117
stats: 302 21 136
stats: 200 26 170
stats: size_rcv 1295135 10680765
stats: newphase 1 1
stats: size_sent 25659 185862
stats: connected 13 15
# stats: dump at 1615279799
stats: users 21 22
stats: {load,"tsung_controller@ip-172-31-43-243"} 1 0.078125 0.0 0.171875 0.078125 0.1337890625 4
stats: {cpu,"tsung_controller@ip-172-31-43-243"} 1 0.5 0.0 15.046377318865945 0.4497751124437781 4.3483708330722886 4
stats: {freemem,"tsung_controller@ip-172-31-43-243"} 1 683.6953125 0.0 691.9140625 683.6953125 686.9580078125 4
stats: session 23 5833.43852173913 1145.5504269694559 8304.697 4170.24 6076.853433333334 30
stats: users_count 27 74
stats: finish_users_count 23 53
stats: request 218 79.92147706422023 126.15732874340473 604.608 4.103 56.35300653594773 306
stats: connect 29 1.4277241379310348 0.40369191876904015 13.184 1.23 1.6496 45
stats: 302 96 232
stats: 200 123 293
stats: size_rcv 7471104 18151869
stats: newphase 0 1
stats: size_sent 134255 320117
stats: connected 7 22
stats: page 102 150.51913725490192 136.77789417290106 591.978 5.756 113.45263576158942 151
# stats: dump at 1615279809
stats: users 9 23
stats: {load,"tsung_controller@ip-172-31-43-243"} 1 0.0703125 0.0 0.171875 0.0703125 0.12265625 5
stats: {cpu,"tsung_controller@ip-172-31-43-243"} 1 1.3979031452820767 0.0 15.046377318865945 0.4497751124437781 3.578696666457831 5
stats: {freemem,"tsung_controller@ip-172-31-43-243"} 1 682.43359375 0.0 691.9140625 682.43359375 686.30546875 5
stats: session 28 6045.507642857143 999.6928397046771 8562.626 4037.149 5971.220547169812 53
stats: users_count 16 90
stats: finish_users_count 28 81
stats: request 247 63.12746153846154 114.62496299618178 1048.242 4.103 66.15820992366416 524
stats: connect 16 1.3753750000000002 0.09849674804276537 13.184 1.23 1.5626486486486488 74
stats: page 97 183.77755670103087 212.77876347627878 1127.187 5.756 128.39644268774703 253
stats: 302 109 341
stats: 200 137 430
stats: size_rcv 10633242 28785111
stats: newphase 0 1
stats: size_sent 156239 476356
stats: connected -13 9
# stats: dump at 1615279819
stats: users 23 24
stats: {load,"tsung_controller@ip-172-31-43-243"} 1 0.05859375 0.0 0.171875 0.05859375 0.11393229166666667 6
stats: {cpu,"tsung_controller@ip-172-31-43-243"} 1 1.3986013986013985 0.0 15.046377318865945 0.4497751124437781 3.215231079595205 6
stats: {freemem,"tsung_controller@ip-172-31-43-243"} 1 678.08984375 0.0 691.9140625 678.08984375 685.66015625 6
stats: session 13 5670.556846153845 1273.363361367587 8562.626 4037.149 5996.900037037038 81
stats: users_count 27 117
stats: finish_users_count 13 94
stats: request 129 81.66347286821701 102.96642802578324 1048.242 4.103 65.18726977950716 771
stats: connect 27 1.5880000000000005 1.1651662097298803 13.184 1.15 1.5293555555555558 90
stats: page 72 138.6003888888889 150.6692000367357 1127.187 5.756 143.74492285714285 350
stats: 302 58 399
stats: 200 71 501
stats: size_rcv 2961421 31746532
stats: newphase 1 2
stats: size_sent 77287 553643
stats: connected 15 24
# stats: dump at 1615279829
stats: users 35 40
stats: {load,"tsung_controller@ip-172-31-43-243"} 1 0.05078125 0.0 0.171875 0.05078125 0.10602678571428571 7
stats: {cpu,"tsung_controller@ip-172-31-43-243"} 1 0.6996501749125438 0.0 15.046377318865945 0.4497751124437781 2.9557125537389473 7
stats: {freemem,"tsung_controller@ip-172-31-43-243"} 1 678.2421875 0.0 691.9140625 678.08984375 684.5786830357143 7
stats: session 35 7305.404942857145 1318.6941887232435 9574.026 4037.149 5951.767468085106 94
stats: users_count 47 164
stats: finish_users_count 35 129
stats: request 357 245.12906722689112 243.3176974000739 1048.242 4.103 67.54885888888892 900
stats: connect 45 1.5658666666666672 0.716722652076799 13.184 1.15 1.5428888888888892 117
stats: page 168 524.38925 476.7795666838076 1971.309 5.756 142.86718246445497 422
stats: 302 159 558
stats: 200 198 699
stats: size_rcv 13582824 45329356
stats: newphase 0 2
stats: size_sent 220686 774329
stats: connected 9 33
# stats: dump at 1615279839
stats: users 37 44
stats: {load,"tsung_controller@ip-172-31-43-243"} 1 0.0390625 0.0 0.171875 0.0390625 0.09912109375 8
stats: {cpu,"tsung_controller@ip-172-31-43-243"} 1 1.500750375187594 0.0 15.046377318865945 0.4497751124437781 2.673704756385647 8
stats: {freemem,"tsung_controller@ip-172-31-43-243"} 1 674.04296875 0.0 691.9140625 674.04296875 683.78662109375 8
stats: session 43 7962.910953488376 1237.3498870115648 11256.378 4037.149 6319.033449612403 129
stats: users_count 45 209
stats: finish_users_count 43 172
stats: request 377 287.6206631299737 262.9211456098508 1055.612 4.103 117.98333333333346 1257
stats: connect 47 1.555553191489362 0.5030953891409866 13.184 1.15 1.549271604938272 162
stats: page 170 592.1399176470594 562.2607146122479 2552.026 5.756 251.50397457627113 590
stats: 302 164 722
stats: 200 213 912
stats: size_rcv 13919739 59249095
stats: newphase 0 2
stats: size_sent 235952 1010281
stats: connected 8 41
# stats: dump at 1615279849
stats: users 55 55
stats: {load,"tsung_controller@ip-172-31-43-243"} 1 0.0390625 0.0 0.171875 0.0390625 0.09244791666666667 9
stats: {cpu,"tsung_controller@ip-172-31-43-243"} 1 2.29197807673144 0.0 15.046377318865945 0.4497751124437781 2.5433764918080852 9
stats: {freemem,"tsung_controller@ip-172-31-43-243"} 1 670.98046875 0.0 691.9140625 670.98046875 682.7039930555555 9
stats: session 36 7224.212027777778 1409.5120315103632 11256.378 4037.149 6730.002825581397 172
stats: users_count 54 263
stats: finish_users_count 36 208
stats: request 349 241.15127507163336 318.1326918091584 1407.575 4.009 157.12242350061217 1634
stats: connect 52 1.5923076923076924 0.8290339266153647 13.184 1.102 1.550684210526316 209
stats: page 165 513.071284848485 551.7451171059444 2910.353 5.756 327.6988565789474 760
stats: 302 157 879
stats: 200 192 1104
stats: size_rcv 11358469 70607564
stats: newphase 1 3
stats: size_sent 216385 1226666
stats: connected 12 53
# stats: dump at 1615279859
stats: users 131 131
stats: {load,"tsung_controller@ip-172-31-43-243"} 1 0.03125 0.0 0.171875 0.03125 0.087109375 10
stats: {cpu,"tsung_controller@ip-172-31-43-243"} 1 1.744765702891326 0.0 15.046377318865945 0.4497751124437781 2.5182366503004205 10
stats: {freemem,"tsung_controller@ip-172-31-43-243"} 1 664.69140625 0.0 691.9140625 664.69140625 681.531640625 10
stats: session 5 13994.4728 1518.3439964947866 15496.754 4037.149 6815.539033653847 208
stats: users_count 81 344
stats: finish_users_count 5 213
stats: connect 81 1.444444444444445 0.4956467529437712 13.184 1.102 1.5589770114942532 261
stats: request 293 1943.9691092150179 688.1077298262908 3508.13 4.009 171.91116238023213 1983
stats: page 163 2691.773374233131 1655.110666080748 7750.876 5.756 360.7652897297298 925
stats: 302 104 983
stats: 200 189 1293
stats: size_rcv 15766001 86373565
stats: newphase 0 3
stats: size_sent 204285 1430951
stats: connected 76 129
# stats: dump at 1615279869
stats: users 188 188
stats: {load,"tsung_controller@ip-172-31-43-243"} 1 0.01953125 0.0 0.171875 0.01953125 0.08203125 11
stats: {cpu,"tsung_controller@ip-172-31-43-243"} 1 2.7944111776447107 0.0 15.046377318865945 0.4497751124437781 2.4479211096268663 11
stats: {freemem,"tsung_controller@ip-172-31-43-243"} 1 648.1796875 0.0 691.9140625 648.1796875 680.0007102272727 11
stats: session 12 21478.96833333333 2628.017339554206 24564.014 4037.149 6984.058605633804 213
stats: users_count 69 413
stats: finish_users_count 12 225
stats: request 294 3812.912568027209 621.0830546222566 5044.131 4.009 400.03637258348004 2276
stats: connect 69 1.4775507246376816 0.4296426737850374 13.184 1.102 1.5318508771929829 342
stats: page 145 5520.6141862068935 3158.159511425498 13975.471 5.756 709.9880082720592 1088
stats: 302 116 1099
stats: 200 178 1471
stats: size_rcv 14466675 100840240
stats: newphase 0 3
stats: size_sent 198458 1629409
stats: connected 57 186
# stats: dump at 1615279879
stats: users 268 270
stats: {load,"tsung_controller@ip-172-31-43-243"} 1 0.01953125 0.0 0.171875 0.01953125 0.07682291666666667 12
stats: {cpu,"tsung_controller@ip-172-31-43-243"} 1 2.6959560659011483 0.0 15.046377318865945 0.4497751124437781 2.4767952819616865 12
stats: {freemem,"tsung_controller@ip-172-31-43-243"} 1 622.20703125 0.0 691.9140625 622.20703125 677.3489583333334 12
stats: session 45 24687.807711111112 5968.245902928637 33971.517 3880.414 7757.120457777778 225
stats: users_count 125 538
stats: finish_users_count 45 270
stats: request 598 2637.805896321071 2627.3081395459817 6248.927 0.73 790.4587856031128 2570
stats: connect 125 1.6475039999999994 2.0921026346678118 24.315 1.102 1.5227347931873483 411
stats: page 330 4399.850400000003 5270.3554277152525 19319.956 0.75 1275.7145255474452 1233
stats: 302 118 1217
stats: 200 184 1655
stats: size_rcv 15847092 116687332
stats: newphase 1 4
stats: 502 296 296
stats: size_sent 315844 1945253
stats: connected 84 270
# stats: dump at 1615279889
stats: users 285 288
stats: {load,"tsung_controller@ip-172-31-43-243"} 1 0.01953125 0.0 0.171875 0.01953125 0.07241586538461539 13
stats: {cpu,"tsung_controller@ip-172-31-43-243"} 1 4.360753221010902 0.0 15.046377318865945 0.4497751124437781 2.4936538038031837 13
stats: {freemem,"tsung_controller@ip-172-31-43-243"} 1 609.6328125 0.0 691.9140625 609.6328125 673.1072716346154 13
stats: session 119 17932.08232773109 11006.184395435208 40406.22 3207.549 10578.901666666667 270
stats: users_count 136 674
stats: finish_users_count 119 389
stats: 302 111 1328
stats: request 1207 1461.7065542667751 2718.3609033726884 8756.167 0.718 1139.168877840909 3168
stats: connect 133 1.4221729323308268 0.5538830325108646 24.315 1.046 1.551832089552239 536
stats: page 566 2913.9863886925814 5135.264184490742 23116.316 0.737 1935.3209481765841 1563
stats: 200 163 1818
stats: size_rcv 9392115 126079447
stats: newphase 0 4
stats: 502 933 1229
stats: size_sent 530536 2475789
stats: connected 15 285
# stats: dump at 1615279899
stats: users 277 294
stats: {load,"tsung_controller@ip-172-31-43-243"} 1 0.01171875 0.0 0.171875 0.01171875 0.06863839285714286 14
stats: {cpu,"tsung_controller@ip-172-31-43-243"} 1 2.9850746268656714 0.0 15.046377318865945 0.4497751124437781 2.6270180478894494 14
stats: {freemem,"tsung_controller@ip-172-31-43-243"} 1 609.56640625 0.0 691.9140625 609.56640625 668.5733816964286 14
stats: session 160 19961.010106249996 13077.90701790792 46980.458 3207.549 12828.332254498713 389
stats: users_count 152 826
stats: finish_users_count 160 549
stats: request 1535 1434.8132436482083 2759.04821998418 9354.475 0.718 1228.1524150857138 4375
stats: connect 156 1.4175256410256412 0.6555227943846977 24.315 1.046 1.526055306427504 669
stats: page 661 3072.4912057488664 5938.356455168596 27074.363 0.737 2195.5016148426503 2129
stats: 302 139 1467
stats: 200 205 2023
stats: size_rcv 18694400 144773847
stats: newphase 0 4
stats: 502 1191 2420
stats: size_sent 641639 3117428
stats: connected -7 278
# stats: dump at 1615279909
stats: users 360 364
stats: {load,"tsung_controller@ip-172-31-43-243"} 1 0.01171875 0.0 0.171875 0.01171875 0.06484375 15
stats: {cpu,"tsung_controller@ip-172-31-43-243"} 1 4.222553402881272 0.0 15.046377318865945 0.4497751124437781 2.650888486487864 15
stats: {freemem,"tsung_controller@ip-172-31-43-243"} 1 603.12890625 0.0 691.9140625 603.12890625 664.6395833333333 15
stats: session 175 19314.101822857152 12567.995292481608 52860.487 3167.879 14907.072612021857 549
stats: users_count 258 1084
stats: finish_users_count 175 724
stats: request 1747 1134.9803755008595 2033.2283698825634 9354.475 0.718 1281.828281725888 5910
stats: 302 177 1644
stats: connect 257 1.3609494163424138 0.3298711713066063 24.315 1.046 1.5055333333333334 825
stats: page 856 2595.998084112145 5327.0693218205915 27074.363 0.719 2403.2758512544815 2790
stats: 200 252 2275
stats: size_rcv 18493093 163266940
stats: newphase 1 5
stats: 502 1318 3738
stats: size_sent 689859 3807287
stats: connected 84 362
# stats: dump at 1615279919
stats: users 349 377
stats: {load,"tsung_controller@ip-172-31-43-243"} 1 0.01171875 0.0 0.171875 0.01171875 0.06152343750000001 16
stats: {cpu,"tsung_controller@ip-172-31-43-243"} 1 6.593951412989589 0.0 15.046377318865945 0.4497751124437781 2.749117543762452 16
stats: {freemem,"tsung_controller@ip-172-31-43-243"} 1 604.421875 0.0 691.9140625 603.12890625 660.795166015625 16
stats: session 320 13153.559553125 10121.242338998005 52860.487 3128.628 15972.30757320442 724
stats: users_count 309 1393
stats: finish_users_count 320 1044
stats: connect 304 1.4145065789473683 0.5482328848302964 24.315 1.046 1.4711913123844735 1082
stats: page 1245 1668.1511831325279 3886.386748255313 27074.363 0.705 2448.5227605595173 3646
stats: 302 157 1801
stats: request 2790 683.9060200716826 1677.3437251440591 9354.475 0.702 1248.3238684863522 7657
stats: 200 254 2529
stats: size_rcv 17563113 180830053
stats: newphase 0 5
stats: 502 2379 6117
stats: size_sent 953200 4760487
stats: connected -15 347
# stats: dump at 1615279929
stats: users 361 381
stats: {load,"tsung_controller@ip-172-31-43-243"} 1 0.078125 0.0 0.171875 0.01171875 0.05859375000000001 17
stats: {cpu,"tsung_controller@ip-172-31-43-243"} 1 6.817042606516291 0.0 15.046377318865945 0.4497751124437781 2.975284241952284 17
stats: {freemem,"tsung_controller@ip-172-31-43-243"} 1 596.17578125 0.0 691.9140625 596.17578125 657.4790900735294 17
stats: session 303 11620.23112871286 8253.536154655552 52860.487 3128.628 15108.323505747127 1044
stats: users_count 315 1708
stats: finish_users_count 303 1347
stats: request 2862 688.4992260656868 1786.3340659838143 9354.475 0.702 1097.5891315210104 10447
stats: connect 317 1.5076813880126183 0.9443966257957919 24.315 1.046 1.4587582972582975 1386
stats: page 1257 1471.138301511536 3637.9302239660055 27074.363 0.705 2249.8798217133503 4891
stats: 302 143 1944
stats: 200 242 2771
stats: size_rcv 20406195 201236248
stats: newphase 0 5
stats: 502 2477 8594
stats: size_sent 965375 5725862
stats: connected 15 362
# stats: dump at 1615279939
stats: users 544 546
stats: {load,"tsung_controller@ip-172-31-43-243"} 1 0.0703125 0.0 0.171875 0.01171875 0.05967881944444445 18
stats: {cpu,"tsung_controller@ip-172-31-43-243"} 1 6.416040100250626 0.0 15.046377318865945 0.4497751124437781 3.1887152622058395 18
stats: {freemem,"tsung_controller@ip-172-31-43-243"} 1 604.4609375 0.0 691.9140625 596.17578125 654.0733506944445 18
stats: session 355 10920.482346478875 7631.1362873174485 52860.487 3128.628 14323.696935412025 1347
stats: users_count 538 2246
stats: finish_users_count 355 1702
stats: connect 531 1.415821092278718 0.973777822047424 24.315 1.046 1.4678649442160894 1703
stats: page 1795 1125.445304735376 3250.0948846130623 27074.363 0.705 2090.660873942745 6148
stats: request 3577 497.1653690243213 1474.7312554061764 9354.475 0.701 1009.6174349688175 13309
stats: 302 151 2095
stats: 200 227 2998
stats: size_rcv 15881695 217117943
stats: newphase 1 6
stats: 502 3199 11793
stats: size_sent 1107681 6833543
stats: connected 179 541
# stats: dump at 1615279949
stats: users 546 566
stats: {load,"tsung_controller@ip-172-31-43-243"} 1 0.05859375 0.0 0.171875 0.01171875 0.06023848684210526 19
stats: {cpu,"tsung_controller@ip-172-31-43-243"} 1 9.163745618427642 0.0 15.046377318865945 0.4497751124437781 3.3585744642081967 19
stats: {freemem,"tsung_controller@ip-172-31-43-243"} 1 608.9453125 0.0 691.9140625 596.17578125 651.4621710526316 19
stats: session 621 8996.476703703716 6555.751381737802 52860.487 3128.628 13613.860754994123 1702
stats: users_count 623 2869
stats: finish_users_count 621 2323
stats: connect 629 1.3635373608903016 0.9982482402093744 24.315 1.026 1.4554946284691137 2234
stats: page 2562 753.4973836846232 2539.3728706767192 27074.363 0.705 1872.5364943975826 7943
stats: request 5783 338.08589088708385 1332.6247655363438 9354.475 0.701 901.0635418097826 16886
stats: 302 128 2223
stats: 200 232 3230
stats: size_rcv 20698721 237816664
stats: newphase 0 6
stats: 502 5423 17216
stats: size_sent 1591942 8425485
stats: connected 3 544
# stats: dump at 1615279959
stats: users 542 566
stats: {load,"tsung_controller@ip-172-31-43-243"} 1 0.12109375 0.0 0.171875 0.01171875 0.06015625 20
stats: {cpu,"tsung_controller@ip-172-31-43-243"} 1 11.677715451300356 0.0 15.046377318865945 0.4497751124437781 3.648833021919169 20
stats: {freemem,"tsung_controller@ip-172-31-43-243"} 1 600.96875 0.0 691.9140625 596.17578125 649.336328125 20
stats: session 625 8746.692379199987 5494.475193693756 52860.487 3097.355 12379.510563065003 2323
stats: users_count 621 3490
stats: finish_users_count 625 2948
stats: connect 626 1.3299361022364218 0.48962124542159513 24.315 0.972 1.435291652113168 2863
stats: page 2495 825.0546056112237 2543.8391592669573 27074.363 0.705 1599.6209111851501 10505
stats: request 5600 356.49174249999936 1243.3319228424598 9354.475 0.687 757.4445133883274 22669
stats: 302 160 2383
stats: 200 283 3513
stats: size_rcv 20063830 257880494
stats: newphase 0 6
stats: 502 5157 22373
stats: size_sent 1550758 9976243
stats: connected 3 547
# stats: dump at 1615279969
stats: users 911 921
stats: {load,"tsung_controller@ip-172-31-43-243"} 1 0.1015625 0.0 0.171875 0.01171875 0.06305803571428571 21
stats: {cpu,"tsung_controller@ip-172-31-43-243"} 1 12.317011610297829 0.0 15.046377318865945 0.4497751124437781 4.031160756651606 21
stats: {freemem,"tsung_controller@ip-172-31-43-243"} 1 598.90625 0.0 691.9140625 596.17578125 647.0331101190476 21
stats: session 726 8279.889292011023 5061.780160218792 52860.487 3097.355 11609.32353290366 2948
stats: users_count 1095 4585
stats: finish_users_count 726 3674
stats: connect 1232 2.1081875000000023 29.245157523751377 1028.077 0.847 1.416388650042992 3489
stats: page 3721 515.8908890083321 2000.712906384694 27074.363 0.7 1450.963762538462 13000
stats: 302 145 2528
stats: request 7551 246.06575579393387 1104.332579243354 9354.475 0.687 678.0170303866423 28269
stats: 200 223 3736
stats: size_rcv 18086470 275966964
stats: newphase 1 7
stats: 502 7183 29556
stats: size_sent 1957222 11933465
stats: connected 285 832
# stats: dump at 1615279979
stats: users 903 951
stats: {load,"tsung_controller@ip-172-31-43-243"} 1 0.25 0.0 0.25 0.01171875 0.06480823863636363 22
stats: {cpu,"tsung_controller@ip-172-31-43-243"} 1 18.94206549118388 0.0 18.94206549118388 0.4497751124437781 4.407790340908253 22
stats: {freemem,"tsung_controller@ip-172-31-43-243"} 1 585.33203125 0.0 691.9140625 585.33203125 644.8455255681819 22
stats: session 1301 7106.575668716374 4014.9750106993106 52860.487 3078.226 10951.41137751769 3674
stats: users_count 1293 5878
stats: finish_users_count 1301 4975
stats: connect 1986 1.833405840886207 23.138989100033005 1032.039 0.847 1.5969216267739892 4721
stats: page 5251 384.92863664063947 1728.7311724882961 27074.363 0.7 1242.8777531846188 16721
stats: 302 136 2664
stats: 200 219 3955
stats: size_rcv 21320059 297287023
stats: newphase 0 7
stats: 502 11490 41046
stats: size_sent 2825127 14758592
stats: connected 37 869
stats: request 11845 167.7736101308576 964.6811521401147 9354.475 0.687 586.9599652149634 35820
# stats: dump at 1615279989
stats: users 855 951
stats: {load,"tsung_controller@ip-172-31-43-243"} 1 0.2109375 0.0 0.25 0.01171875 0.07286005434782608 23
stats: {cpu,"tsung_controller@ip-172-31-43-243"} 1 24.18200408997955 0.0 24.18200408997955 0.4497751124437781 5.039715347441977 23
stats: {freemem,"tsung_controller@ip-172-31-43-243"} 1 569.23828125 0.0 691.9140625 569.23828125 642.2579823369566 23
stats: session 1256 7081.1427428343895 3443.475608794978 52860.487 3078.226 9945.95785849246 4975
stats: users_count 1208 7086
stats: finish_users_count 1256 6231
stats: request 11138 171.75875094271782 896.6867180779608 9354.475 0.687 482.78997935592145 47665
stats: connect 1339 1.3907654966392864 0.8044448674144445 1032.039 0.847 1.6669466229312673 6707
stats: page 4903 396.05203406077726 1586.5521340913795 27074.363 0.7 1037.8399409248138 21972
stats: 302 144 2808
stats: 200 269 4224
stats: size_rcv 26836024 324123047
stats: newphase 0 7
stats: 502 10725 51771
stats: size_sent 2714198 17472790
stats: connected -12 857
# stats: dump at 1615279999
stats: users 236 951
stats: {load,"tsung_controller@ip-172-31-43-243"} 1 0.25 0.0 0.25 0.01171875 0.07861328124999999 24
stats: {cpu,"tsung_controller@ip-172-31-43-243"} 1 20.955315870570107 0.0 24.18200408997955 0.4497751124437781 5.837310711714376 24
stats: {freemem,"tsung_controller@ip-172-31-43-243"} 1 566.09765625 0.0 691.9140625 566.09765625 639.2154947916667 24
stats: session 1043 7509.296740172578 3796.4282679160215 52860.487 3078.226 9368.489107847854 6231
stats: users_count 424 7510
stats: finish_users_count 1043 7274
stats: request 7715 256.12701892417266 1054.5597868304817 9354.475 0.687 423.87689971600065 58803
stats: connect 552 1.3243931159420288 0.6386616465083258 1032.039 0.847 1.6209850857568997 8046
stats: page 2835 641.802454320987 1991.2688209592911 27074.363 0.7 920.7539462325583 26875
stats: 302 181 2989
stats: 200 276 4500
stats: size_rcv 22302359 346425406
stats: newphase 0 7
stats: 502 7259 59030
stats: size_sent 1988895 19461685
stats: connected -603 254
# stats: dump at 1615280008
stats: users 0 951
stats: {load,"tsung_controller@ip-172-31-43-243"} 1 0.2109375 0.0 0.25 0.01171875 0.08546874999999998 25
stats: {cpu,"tsung_controller@ip-172-31-43-243"} 1 11.019989748846745 0.0 24.18200408997955 0.4497751124437781 6.442030918068605 25
stats: {freemem,"tsung_controller@ip-172-31-43-243"} 1 593.34375 0.0 691.9140625 566.09765625 636.2907812500001 25
stats: session 236 13659.559122881366 3164.433000169365 52860.487 3078.226 9101.904334753915 7274
stats: users_count 0 7510
stats: finish_users_count 236 7510
stats: request 1072 1069.2617108208956 1352.3146725641082 9354.475 0.687 404.42065734086987 66518
stats: connect 0 0 0 1032.039 0.847 1.6019435915329163 8598
stats: 302 473 3462
stats: page 330 4503.597996969701 3411.965566538628 27074.363 0.7 894.1357207337597 29710
stats: 200 462 4962
stats: size_rcv 13805282 360230688
stats: newphase 0 7
stats: 502 136 59166
stats: size_sent 544921 20006606
stats: connected -254 0
EndMonitor:{1615,280008,336465}
